# Server version 0.08 running on localhost:8123
# Game ID: 625
# Board class: Saboteur.SaboteurBoard
# Timeout: 2000000000
# First Move Timeout: 30000
# Date: Thu Apr 09 00:01:29 EDT 2020
# Player 1: Player-0, '260729805', running on localhost
# Player 2: Player-1, 'RandomPlayer', running on localhost
START Player-0 260729805
START Player-1 RandomPlayer
BoardInit:Malus,Tile:11,Tile:7,Tile:4,Tile:9,Tile:5,Tile:1,Tile:7,Tile:15,Map,Tile:7,Tile:7,Tile:8,Bonus,Tile:3,Bonus,Tile:5,Map,Tile:6,Tile:2,Tile:10,Tile:0,Tile:6,Tile:6,Tile:9,Tile:10,Map,Map,Tile:8,Destroy,Malus,Tile:0,Tile:9,Tile:9,Bonus,Tile:0,Map,Tile:6,Tile:0,Tile:8,Tile:13-Map,Tile:14,Tile:8,Tile:7,Tile:6,Tile:12,Destroy-Bonus,Tile:8,Tile:5,Tile:5,Tile:9,Tile:10,Destroy-Tile:hidden2,Tile:nugget,Tile:hidden1
Tile:8 4 5 1
Tile:5_flip 6 5 0
Tile:7 4 4 1
Tile:5 6 4 0
Tile:6 5 6 1
Tile:8 7 4 0
Destroy 6 5 1
Tile:5_flip 6 5 0
Tile:1 6 6 1
Tile:7 8 4 0
Tile:15 8 5 1
Map 12 3 0
Drop 0 0 1
Tile:7 7 3 0
Drop 5 0 1
Tile:10 7 5 0
Tile:3_flip 3 5 1
Tile:9_flip 7 6 0
Tile:8 3 4 1
Map 12 5 0
Tile:12_flip 2 4 1
Destroy 8 5 0
Tile:7_flip 6 3 1
Tile:4_flip 8 5 0
Tile:6_flip 3 3 1
Tile:6 7 7 0
Tile:5_flip 4 3 1
Tile:0 8 7 0
Tile:6 9 7 1
Tile:2_flip 2 3 0
Tile:10 4 2 1
Destroy 6 5 0
Malus 0 0 1
Drop 1 0 0
Tile:9_flip 4 1 1
Drop 1 0 0
Tile:14_flip 2 2 1
Drop 6 0 0
Map 12 5 1
Bonus 0 0 0
Drop 6 0 1
Tile:9 4 6 0
Malus 0 0 1
Map 12 5 0
Tile:8 3 1 1
Drop 1 0 0
Tile:9 6 2 1
Drop 0 0 0
Map 12 7 1
Drop 0 0 0
Tile:13 1 3 1
Drop 1 0 0
Tile:9_flip 10 7 1
Drop 0 0 0
Drop 0 0 1
GAMEOVER DRAW
# Game ended: Thu Apr 09 00:02:01 EDT 2020
