# Server version 0.08 running on macbook-pro-5.local:8123
# Game ID: 653
# Board class: Saboteur.SaboteurBoard
# Timeout: 2000000000
# First Move Timeout: 30000
# Date: Thu Apr 09 00:50:46 EDT 2020
# Player 1: Player-0, '260729805', running on macbook-pro-5.local
# Player 2: Player-1, 'RandomPlayer', running on macbook-pro-5.local
START Player-0 260729805
START Player-1 RandomPlayer
BoardInit:Tile:11,Destroy,Map,Tile:7,Destroy,Tile:9,Malus,Tile:8,Tile:0,Map,Tile:4,Tile:7,Tile:0,Tile:5,Tile:7,Tile:7,Tile:10,Tile:8,Tile:0,Bonus,Tile:6,Malus,Tile:6,Tile:8,Tile:6,Tile:7,Map,Tile:15,Tile:9,Tile:2,Tile:10,Map,Bonus,Tile:10,Tile:9,Map,Tile:8,Map,Tile:1,Tile:13,Bonus-Tile:0,Destroy,Tile:5,Tile:14,Tile:12,Tile:9,Tile:9-Tile:8,Tile:6,Tile:5,Tile:3,Tile:5,Tile:6,Bonus-Tile:nugget,Tile:hidden2,Tile:hidden1
Tile:9 4 5 1
Tile:6 6 5 0
Tile:0 7 5 1
Tile:6_flip 6 4 0
Destroy 6 5 1
Tile:3_flip 5 6 0
Tile:11_flip 4 4 1
Tile:8 6 5 0
Destroy 4 5 1
Tile:8 6 6 0
Drop 3 0 1
Map 12 3 0
Tile:12 7 4 1
Drop 1 0 0
Tile:14 6 7 1
Tile:5 5 4 0
Malus 0 0 1
Bonus 0 0 0
Tile:7 7 6 1
Destroy 4 4 0
Tile:4_flip 7 7 1
Tile:7_flip 4 5 0
Tile:0 5 7 1
Drop 5 0 0
Tile:6 4 7 1
Tile:7 4 6 0
Tile:0 8 5 1
Malus 0 0 0
Drop 5 0 1
Tile:7 4 4 0
Map 12 7 1
Tile:2 3 6 0
Map 12 3 1
Tile:8 3 4 0
Drop 0 0 1
Tile:5_flip 3 5 0
Drop 4 0 1
Tile:15 3 3 0
Drop 0 0 1
Drop 4 0 0
Drop 4 0 1
Tile:9 3 7 0
Bonus 0 0 1
Tile:13 2 6 0
Tile:9 3 8 1
Drop 0 0 0
Tile:0 4 8 1
Drop 1 0 0
Tile:8 2 5 1
Map 12 5 0
Tile:6 3 9 1
Tile:7_flip 1 5 0
Tile:1 5 8 1
Map 12 3 0
Drop 0 0 1
GAMEOVER DRAW
# Game ended: Thu Apr 09 00:51:11 EDT 2020
