# Server version 0.08 running on macbook-pro-5.local:8123
# Game ID: 877
# Board class: Saboteur.SaboteurBoard
# Timeout: 2000000000
# First Move Timeout: 30000
# Date: Sat Apr 11 00:23:03 EDT 2020
# Player 1: Player-0, '260729805', running on macbook-pro-5.local
# Player 2: Player-1, 'Human', running on macbook-pro-5.local
START Player-0 260729805
START Player-1 Human
BoardInit:Tile:8,Tile:8,Tile:0,Tile:8,Tile:8,Malus,Tile:12,Tile:8,Tile:11,Tile:10,Tile:8,Tile:8,Map,Map,Bonus,Tile:6,Tile:0,Map,Tile:15,Tile:10,Destroy,Map,Tile:7,Tile:13,Tile:1,Tile:8,Destroy,Tile:6,Map,Malus,Destroy,Malus,Map,Tile:4,Tile:6,Tile:6,Tile:8,Tile:8,Tile:8,Map,Malus,Tile:7,Malus,Bonus,Bonus,Tile:10,Tile:0,Tile:5,Tile:9,Map,Tile:9,Map,Tile:5,Map,Bonus,Tile:8,Map,Tile:8,Tile:0,Tile:3,Map,Tile:7,Tile:8,Tile:9,Map,Tile:7,Tile:9,Map,Tile:8,Tile:6,Tile:8-Tile:8,Tile:8,Tile:5,Tile:14,Tile:8,Bonus,Tile:8-Tile:9,Tile:2,Tile:8,Bonus,Bonus,Tile:5,Tile:7-Tile:hidden1,Tile:hidden2,Tile:nugget
Tile:8 6 5 1
Tile:5_flip 7 5 0
Tile:8 7 4 1
Tile:7 8 4 0
Drop 0 0 1
Tile:9 8 5 0
Tile:8 9 5 1
Malus 0 0 0
Bonus 0 0 1
Tile:8 9 6 0
Tile:8 10 6 1
Tile:10 9 4 0
Drop 5 0 1
Tile:8 9 3 0
Map 12 7 1
Tile:8 9 7 0
