# Server version 0.08 running on macbook-pro-5.local:8123
# Game ID: 654
# Board class: Saboteur.SaboteurBoard
# Timeout: 2000000000
# First Move Timeout: 30000
# Date: Thu Apr 09 00:51:23 EDT 2020
# Player 1: Player-0, '260729805', running on macbook-pro-5.local
# Player 2: Player-1, 'RandomPlayer', running on macbook-pro-5.local
START Player-0 260729805
START Player-1 RandomPlayer
BoardInit:Tile:5,Tile:0,Tile:3,Tile:12,Tile:10,Tile:7,Tile:5,Tile:9,Bonus,Tile:7,Map,Map,Tile:8,Bonus,Tile:9,Tile:7,Tile:8,Map,Tile:1,Tile:6,Tile:5,Tile:13,Malus,Tile:9,Destroy,Map,Tile:7,Tile:7,Tile:10,Tile:9,Tile:5,Tile:11,Tile:15,Tile:9,Tile:0,Tile:6,Tile:8,Tile:6,Map,Destroy,Malus-Bonus,Tile:14,Tile:10,Tile:4,Tile:0,Map,Destroy-Tile:8,Tile:0,Bonus,Tile:6,Tile:6,Tile:8,Tile:2-Tile:hidden1,Tile:nugget,Tile:hidden2
Tile:14 5 6 1
Tile:2 4 6 0
Drop 1 0 1
Tile:6_flip 3 6 0
Tile:3_flip 2 6 1
Tile:8 5 4 0
Tile:10 4 7 1
Tile:7 5 3 0
Destroy 5 6 1
Tile:6 6 4 0
Tile:5_flip 3 7 1
Drop 5 0 0
Tile:0 6 5 1
Map 12 3 0
Tile:8 2 5 1
Tile:8 4 3 0
Drop 5 0 1
Tile:12 7 5 0
Tile:4 6 3 1
Map 12 5 0
Tile:9_flip 4 2 1
Tile:0 1 5 0
Tile:5_flip 4 8 1
Tile:6_flip 2 7 0
Drop 2 0 1
Tile:9_flip 2 4 0
Destroy 2 5 1
Drop 5 0 0
Tile:5_flip 7 4 1
Tile:7 4 1 0
Drop 2 0 1
Tile:0 3 2 0
Tile:5_flip 2 8 1
Tile:9_flip 5 6 0
Tile:7_flip 3 1 1
Tile:7_flip 2 2 0
Drop 3 0 1
Tile:7 2 3 0
Tile:15 5 7 1
Tile:6_flip 0 5 0
Tile:0 4 5 1
Map 12 3 0
Tile:1 1 7 1
Tile:11_flip 2 5 0
Malus 0 0 1
Bonus 0 0 0
Drop 1 0 1
Tile:9 7 3 0
Tile:8 0 7 1
Destroy 6 5 0
Drop 0 0 1
Tile:6 1 4 0
Drop 1 0 1
Drop 0 0 0
Tile:10 0 8 1
GAMEOVER DRAW
# Game ended: Thu Apr 09 00:51:24 EDT 2020
