# Server version 0.08 running on localhost:8123
# Game ID: 939
# Board class: Saboteur.SaboteurBoard
# Timeout: 2000000000
# First Move Timeout: 30000
# Date: Sat Apr 11 02:07:58 EDT 2020
# Player 1: Player-0, '260729805', running on localhost
# Player 2: Player-1, 'RandomPlayer', running on localhost
START Player-0 260729805
START Player-1 RandomPlayer
BoardInit:Tile:10,Tile:8,Map,Tile:10,Tile:7,Map,Tile:0,Tile:4,Tile:7,Tile:5,Tile:8,Tile:5,Malus,Map,Tile:1,Tile:2,Malus,Bonus,Tile:15,Bonus,Tile:7,Tile:7,Bonus,Tile:8,Tile:9,Tile:14,Tile:7,Tile:5,Tile:9,Tile:6,Tile:12,Map,Map,Tile:5,Tile:6,Tile:10,Tile:11,Bonus,Tile:3,Tile:6,Destroy-Tile:6,Tile:13,Tile:8,Tile:8,Tile:9,Destroy,Tile:0-Tile:9,Tile:9,Tile:6,Map,Destroy,Tile:0,Tile:0-Tile:nugget,Tile:hidden2,Tile:hidden1
Tile:9 5 6 1
Map 12 3 0
Tile:8 5 4 1
Destroy 5 4 0
Tile:0 6 5 1
Tile:6 7 5 0
Destroy 5 6 1
Tile:0 8 5 0
Drop 2 0 1
Tile:0 9 5 0
Tile:10 7 4 1
Tile:5 7 3 0
Drop 2 0 1
Tile:5_flip 8 3 0
Tile:7_flip 5 6 1
Tile:9 8 2 0
Tile:0 6 6 1
Tile:9_flip 9 2 0
Drop 1 0 1
Tile:10 9 3 0
Tile:7 10 5 1
Tile:8 9 1 0
Tile:6_flip 7 6 1
Tile:7 10 1 0
Drop 0 0 1
Tile:8 10 6 0
Tile:1 9 6 1
Tile:4_flip 10 2 0
Tile:7 5 4 1
Tile:5_flip 9 4 0
Malus 0 0 1
Bonus 0 0 0
Tile:9 8 1 1
Tile:2 9 0 0
Tile:12_flip 8 4 1
Tile:6_flip 8 6 0
Tile:6 4 5 1
Tile:10 8 7 0
Tile:9 3 5 1
Tile:5 8 0 0
Tile:11 8 8 1
Tile:6 10 0 0
Tile:7_flip 3 6 1
Tile:14 11 0 0
Destroy 7 5 1
Drop 4 0 0
Tile:3 11 6 1
Drop 3 0 0
Map 12 3 1
Drop 2 0 0
Tile:15 3 4 1
Drop 1 0 0
Malus 0 0 1
Drop 0 0 0
Drop 0 0 1
GAMEOVER DRAW
# Game ended: Sat Apr 11 02:07:58 EDT 2020
