# Server version 0.08 running on 192.168.1.5:8123
# Game ID: 331
# Board class: Saboteur.SaboteurBoard
# Timeout: 2000000000
# First Move Timeout: 30000
# Date: Fri Apr 03 23:27:13 EDT 2020
# Player 1: Player-0, '260729805', running on 192.168.1.5
# Player 2: Player-1, 'Human', running on 192.168.1.5
START Player-0 260729805
START Player-1 Human
BoardInit:Tile:6,Tile:9,Tile:7,Tile:8,Tile:7,Map,Tile:8,Map,Tile:9,Tile:6,Tile:5,Bonus,Tile:5,Malus,Tile:8,Map,Tile:3,Tile:10,Bonus,Bonus,Tile:10,Tile:6,Tile:6,Tile:2,Tile:0,Tile:12,Tile:9,Tile:7,Tile:8,Tile:1,Map,Tile:8,Destroy,Tile:9,Tile:0,Map,Tile:0,Tile:7,Tile:5,Destroy,Tile:14-Tile:15,Tile:5,Tile:4,Tile:9,Tile:0,Tile:11,Malus-Tile:10,Destroy,Map,Bonus,Tile:13,Tile:6,Tile:7-Tile:hidden1,Tile:hidden2,Tile:nugget
Tile:0 6 5 1
Map 12 3 0
Tile:6 7 5 1
Tile:6 8 5 0
Tile:9 8 4 1
Tile:7 9 5 0
Tile:7_flip 9 6 1
Map 12 5 0
Tile:8 10 6 1
Map 12 7 0
Tile:7 8 3 1
Tile:6 9 4 0
Tile:5 10 5 1
Tile:8 11 5 0
Tile:9 12 6 1
GAMEOVER WINNER 1
# Game ended: Fri Apr 03 23:27:49 EDT 2020
