# Server version 0.08 running on localhost:8123
# Game ID: 358
# Board class: Saboteur.SaboteurBoard
# Timeout: 2000000000
# First Move Timeout: 30000
# Date: Sat Apr 04 00:17:56 EDT 2020
# Player 1: Player-0, '260729805', running on localhost
# Player 2: Player-1, 'RandomPlayer', running on localhost
START Player-0 260729805
START Player-1 RandomPlayer
BoardInit:Tile:10,Map,Tile:8,Map,Tile:9,Tile:6,Map,Tile:7,Tile:0,Tile:15,Tile:7,Tile:14,Tile:5,Tile:6,Tile:4,Map,Tile:11,Tile:5,Tile:8,Tile:0,Tile:13,Tile:9,Tile:0,Bonus,Destroy,Tile:6,Bonus,Tile:9,Tile:7,Malus,Tile:0,Tile:10,Tile:6,Tile:7,Tile:9,Tile:2,Bonus,Tile:8,Tile:6,Destroy,Tile:8-Tile:12,Tile:3,Tile:8,Tile:5,Tile:7,Tile:5,Destroy-Tile:1,Tile:9,Map,Tile:10,Map,Bonus,Malus-Tile:hidden1,Tile:nugget,Tile:hidden2
Tile:12_flip 4 5 1
Map 12 3 0
Tile:8 6 5 1
Map 12 5 0
Tile:5 5 4 1
Tile:1 7 5 0
Drop 4 0 1
Tile:6 6 6 0
Tile:7 8 5 1
Tile:7 7 6 0
Tile:3 6 4 1
Tile:15 8 6 0
Destroy 7 5 1
Tile:14 8 7 0
Tile:0 7 5 1
Tile:6 7 7 0
Tile:5 6 7 1
Drop 6 0 0
Drop 1 0 1
Tile:5_flip 6 8 0
Tile:7_flip 5 8 1
Tile:9 5 6 0
Drop 1 0 1
Tile:10 5 7 0
Drop 2 0 1
Drop 6 0 0
Destroy 4 5 1
Tile:9 4 5 0
Drop 5 0 1
Tile:9_flip 4 4 0
Tile:8 4 3 1
Tile:0 5 3 0
Tile:8 3 3 1
Tile:10 4 6 0
Tile:11 3 4 1
Tile:6 6 3 0
Drop 6 0 1
Tile:7 7 3 0
Tile:5_flip 3 5 1
Tile:8 6 2 0
Tile:0 5 2 1
Destroy 8 5 0
Drop 0 0 1
Tile:2 8 5 0
Tile:6_flip 3 2 1
Drop 4 0 0
Tile:8 4 2 1
Drop 3 0 0
Tile:6 7 2 1
Drop 2 0 0
Drop 1 0 1
Drop 1 0 0
Drop 1 0 1
Drop 0 0 0
Drop 0 0 1
GAMEOVER DRAW
# Game ended: Sat Apr 04 00:17:57 EDT 2020
