# Server version 0.08 running on macbook-pro-5.local:8123
# Game ID: 681
# Board class: Saboteur.SaboteurBoard
# Timeout: 2000000000
# First Move Timeout: 30000
# Date: Thu Apr 09 01:10:04 EDT 2020
# Player 1: Player-0, '260729805', running on macbook-pro-5.local
# Player 2: Player-1, 'RandomPlayer', running on macbook-pro-5.local
START Player-0 260729805
START Player-1 RandomPlayer
BoardInit:Malus,Bonus,Destroy,Tile:11,Tile:5,Map,Map,Tile:7,Destroy,Tile:5,Tile:1,Tile:14,Tile:8,Bonus,Tile:10,Tile:6,Tile:7,Tile:8,Tile:6,Tile:8,Map,Malus,Tile:4,Tile:0,Tile:2,Tile:9,Tile:0,Tile:6,Tile:10,Tile:7,Tile:0,Tile:8,Bonus,Tile:12,Map,Tile:10,Tile:6,Bonus,Tile:5,Destroy,Tile:6-Tile:9,Tile:7,Tile:9,Tile:8,Tile:3,Tile:5,Map-Tile:9,Tile:7,Tile:0,Tile:15,Tile:13,Tile:9,Map-Tile:hidden2,Tile:hidden1,Tile:nugget
Tile:5_flip 5 6 1
Map 12 3 0
Tile:9 5 4 1
Tile:7 6 5 0
Tile:7_flip 6 6 1
Tile:0 6 4 0
Tile:5_flip 7 6 1
Map 12 5 0
Tile:9 4 5 1
Tile:9 7 5 0
Map 12 7 1
Tile:7 7 4 0
Drop 4 0 1
Tile:9 4 6 0
Tile:8 8 5 1
Tile:5 8 4 0
Destroy 8 5 1
Tile:6 8 5 0
Destroy 5 6 1
Tile:8 9 5 0
Tile:3 9 4 1
Tile:11_flip 5 6 0
Drop 5 0 1
Tile:15 4 4 0
Drop 4 0 1
Tile:13 9 6 0
Tile:4 5 3 1
Tile:14_flip 8 6 0
Tile:10 5 7 1
Drop 6 0 0
Tile:10 4 7 1
Drop 6 0 0
Tile:0 10 6 1
Drop 6 0 0
Tile:8 8 7 1
Tile:12_flip 7 7 0
Map 12 3 1
Tile:8 9 7 0
Map 12 7 1
Drop 6 0 0
Tile:6 10 5 1
Destroy 6 5 0
Tile:2 11 5 1
Drop 5 0 0
Tile:0 10 7 1
Drop 4 0 0
Tile:5_flip 5 8 1
Drop 3 0 0
Drop 1 0 1
Drop 2 0 0
Drop 1 0 1
Drop 1 0 0
Tile:6 8 8 1
Drop 0 0 0
Malus 0 0 1
GAMEOVER DRAW
# Game ended: Thu Apr 09 01:10:06 EDT 2020
