# Server version 0.08 running on localhost:8123
# Game ID: 263
# Board class: Saboteur.SaboteurBoard
# Timeout: 2000000000
# First Move Timeout: 30000
# Date: Fri Apr 03 01:45:30 EDT 2020
# Player 1: Player-0, '260729805', running on localhost
# Player 2: Player-1, 'Human', running on localhost
START Player-0 260729805
START Player-1 Human
BoardInit:Tile:9,Tile:2,Map,Tile:6,Tile:5,Map,Tile:9,Tile:8,Tile:7,Tile:5,Tile:0,Tile:6,Malus,Tile:9,Tile:0,Tile:6,Tile:0,Bonus,Tile:13,Tile:7,Destroy,Tile:7,Tile:10,Bonus,Bonus,Map,Tile:3,Map,Map,Tile:12,Tile:8,Tile:9,Destroy,Tile:10,Tile:11,Tile:10,Malus,Tile:5,Tile:15,Tile:8,Map-Tile:0,Tile:8,Bonus,Tile:14,Tile:6,Tile:8,Tile:7-Tile:4,Tile:5,Destroy,Tile:9,Tile:7,Tile:6,Tile:1-Tile:hidden1,Tile:nugget,Tile:hidden2
Tile:8 6 5 1
Tile:9_flip 7 5 0
Tile:8 7 6 1
Tile:7 8 6 0
Map 12 7 1
Tile:4 7 4 0
Tile:9 8 7 1
Map 12 3 0
Tile:6 9 7 1
Tile:5 9 6 0
Tile:0 10 7 1
Tile:6_flip 11 7 0
Drop 1 0 1
Tile:8 8 8 0
