# Server version 0.08 running on localhost:8123
# Game ID: 435
# Board class: Saboteur.SaboteurBoard
# Timeout: 2000000000
# First Move Timeout: 30000
# Date: Sat Apr 04 22:51:41 EDT 2020
# Player 1: Player-0, '260729805', running on localhost
# Player 2: Player-1, 'RandomPlayer', running on localhost
START Player-0 260729805
START Player-1 RandomPlayer
BoardInit:Tile:7,Bonus,Tile:13,Tile:11,Tile:8,Destroy,Map,Tile:6,Tile:9,Tile:8,Destroy,Tile:6,Tile:0,Bonus,Tile:8,Bonus,Tile:7,Tile:15,Tile:5,Map,Tile:0,Tile:2,Tile:10,Tile:1,Malus,Tile:7,Tile:12,Tile:6,Map,Bonus,Map,Tile:6,Tile:0,Tile:4,Tile:7,Tile:14,Tile:8,Tile:8,Map,Tile:10,Malus-Tile:5,Tile:7,Tile:5,Tile:9,Tile:0,Tile:9,Tile:3-Tile:10,Tile:6,Tile:5,Destroy,Map,Tile:9,Tile:9-Tile:hidden1,Tile:nugget,Tile:hidden2
Tile:5 4 5 1
Map 12 3 0
Tile:9 5 6 1
Tile:6 6 6 0
Tile:9 5 4 1
Tile:5_flip 7 6 0
Tile:3 7 5 1
Destroy 7 6 0
Tile:7 5 3 1
Tile:6 7 6 0
Tile:13 5 7 1
Tile:11_flip 8 6 0
Tile:0 6 7 1
Tile:6_flip 6 5 0
Destroy 5 3 1
Destroy 8 6 0
Tile:0 8 6 1
Drop 6 0 0
Tile:5 5 3 1
Tile:9_flip 9 6 0
Tile:9_flip 4 6 1
Map 12 5 0
Tile:8 5 8 1
Tile:10 9 7 0
Tile:7_flip 5 9 1
Tile:9 9 8 0
Tile:10 9 9 1
Tile:8 10 8 0
Tile:0 6 3 1
Tile:7 9 5 0
Tile:7_flip 10 9 1
Tile:6 11 9 0
Tile:12 7 7 1
Tile:6 9 10 0
Map 12 7 1
Tile:2 10 10 0
Tile:7_flip 3 6 1
Tile:4 3 5 0
Tile:0 4 8 1
Tile:8 8 10 0
Drop 2 0 1
Tile:10 8 9 0
Tile:8 6 9 1
Tile:1 11 10 0
Tile:8 7 10 1
Tile:14 12 10 0
Map 12 5 1
Tile:15 8 8 0
Map 12 5 1
Drop 2 0 0
Drop 1 0 1
Drop 1 0 0
Tile:5_flip 8 11 1
Drop 0 0 0
Malus 0 0 1
GAMEOVER DRAW
# Game ended: Sat Apr 04 22:51:41 EDT 2020
