# Server version 0.08 running on localhost:8123
# Game ID: 285
# Board class: Saboteur.SaboteurBoard
# Timeout: 2000000000
# First Move Timeout: 30000
# Date: Fri Apr 03 03:00:39 EDT 2020
# Player 1: Player-0, '260729805', running on localhost
# Player 2: Player-1, 'Human', running on localhost
START Player-0 260729805
START Player-1 Human
BoardInit:Tile:7,Tile:6,Tile:0,Map,Tile:5,Malus,Bonus,Tile:3,Malus,Tile:6,Tile:6,Tile:8,Tile:14,Tile:0,Tile:0,Map,Tile:10,Tile:2,Tile:7,Map,Tile:6,Tile:9,Destroy,Map,Bonus,Tile:15,Tile:5,Tile:4,Tile:8,Destroy,Tile:8,Tile:5,Tile:7,Tile:10,Tile:10,Tile:1,Tile:9,Tile:12,Tile:8,Tile:9,Tile:11-Tile:7,Tile:6,Map,Tile:13,Bonus,Tile:8,Map-Tile:9,Destroy,Tile:5,Tile:0,Tile:7,Tile:9,Bonus-Tile:hidden2,Tile:nugget,Tile:hidden1
Tile:8 6 5 1
Tile:9_flip 7 5 0
Map 12 5 1
Tile:5 7 4 0
Tile:0 8 4 1
Map 12 3 0
Tile:6 9 4 1
Tile:0 10 4 0
Map 12 3 1
Tile:7 9 3 0
Drop 1 0 1
Tile:6 8 3 0
Tile:6 11 4 1
Tile:9_flip 12 4 0
GAMEOVER WINNER 0
# Game ended: Fri Apr 03 03:01:14 EDT 2020
