# Server version 0.08 running on localhost:8123
# Game ID: 488
# Board class: Saboteur.SaboteurBoard
# Timeout: 2000000000
# First Move Timeout: 30000
# Date: Sun Apr 05 17:55:46 EDT 2020
# Player 1: Player-0, '260729805', running on localhost
# Player 2: Player-1, 'RandomPlayer', running on localhost
START Player-0 260729805
START Player-1 RandomPlayer
BoardInit:Tile:10,Tile:6,Tile:7,Map,Map,Destroy,Tile:5,Bonus,Tile:1,Destroy,Bonus,Malus,Tile:13,Tile:5,Tile:6,Tile:0,Tile:7,Tile:9,Tile:6,Tile:8,Tile:10,Tile:0,Map,Tile:9,Map,Tile:6,Tile:7,Tile:8,Malus,Tile:5,Tile:9,Bonus,Map,Tile:10,Tile:9,Tile:4,Tile:3,Tile:7,Tile:6,Tile:12,Tile:8-Tile:14,Bonus,Tile:0,Destroy,Tile:15,Tile:0,Tile:11-Tile:5,Tile:2,Tile:8,Map,Tile:8,Tile:7,Tile:9-Tile:nugget,Tile:hidden1,Tile:hidden2
Tile:11 5 6 1
Map 12 3 0
Tile:14_flip 4 5 1
Tile:9 5 7 0
Tile:15 4 6 1
Tile:8 5 8 0
Tile:7_flip 4 8 1
Tile:6 6 6 0
Tile:0 6 7 1
Drop 6 0 0
Destroy 5 7 1
Destroy 4 8 0
Tile:5_flip 7 6 1
Tile:7 7 7 0
Drop 1 0 1
Tile:8 4 7 0
Tile:6 4 8 1
Tile:5 7 5 0
Tile:1 3 8 1
Tile:9 5 9 0
Tile:7 6 5 1
Tile:8 5 10 0
Tile:13 5 7 1
Tile:2 6 8 0
Tile:6_flip 8 5 1
Destroy 4 8 0
Map 12 7 1
Tile:6 9 5 0
Tile:10 5 4 1
Tile:5_flip 5 11 0
Drop 0 0 1
Tile:8 4 8 0
Tile:9_flip 5 3 1
Tile:0 6 10 0
Drop 3 0 1
