# Server version 0.08 running on localhost:8123
# Game ID: 399
# Board class: Saboteur.SaboteurBoard
# Timeout: 2000000000
# First Move Timeout: 30000
# Date: Sat Apr 04 20:25:36 EDT 2020
# Player 1: Player-0, '260729805', running on localhost
# Player 2: Player-1, 'Human', running on localhost
START Player-0 260729805
START Player-1 Human
BoardInit:Tile:15,Tile:0,Tile:7,Destroy,Tile:9,Tile:8,Malus,Tile:5,Bonus,Tile:6,Tile:9,Tile:10,Tile:3,Tile:14,Malus,Tile:8,Tile:5,Tile:1,Bonus,Tile:5,Map,Tile:6,Tile:6,Tile:9,Tile:5,Tile:0,Tile:7,Tile:9,Bonus,Tile:0,Tile:6,Bonus,Map,Tile:7,Tile:2,Tile:8,Map,Tile:7,Tile:0,Destroy,Tile:11-Tile:7,Tile:10,Map,Map,Tile:6,Map,Tile:9-Tile:4,Destroy,Tile:13,Tile:8,Tile:12,Tile:8,Tile:10-Tile:hidden1,Tile:nugget,Tile:hidden2
Tile:6 6 5 1
Tile:12 7 5 0
Tile:9 6 4 1
Tile:0 7 4 0
Map 12 3 1
Tile:4 6 3 0
Map 12 5 1
Tile:13 8 4 0
Tile:9 5 6 1
Tile:5_flip 5 7 0
Malus 0 0 1
Destroy 8 4 0
Tile:7 8 4 1
Destroy 8 4 0
Tile:9 4 7 1
Drop 6 0 0
Tile:7 6 6 1
Drop 6 0 0
Tile:10 6 7 1
Drop 6 0 0
Malus 0 0 1
Drop 6 0 0
Drop 3 0 1
Drop 6 0 0
Tile:6 8 4 1
Drop 6 0 0
Tile:5 8 3 1
Drop 6 0 0
Tile:7 9 4 1
Drop 6 0 0
GAMEOVER USER CANCEL UNDECIDED
# Game ended: Sat Apr 04 20:26:35 EDT 2020
