# Server version 0.08 running on macbook-pro-5.local:8123
# Game ID: 696
# Board class: Saboteur.SaboteurBoard
# Timeout: 2000000000
# First Move Timeout: 30000
# Date: Thu Apr 09 01:19:49 EDT 2020
# Player 1: Player-0, '260729805', running on macbook-pro-5.local
# Player 2: Player-1, 'RandomPlayer', running on macbook-pro-5.local
START Player-0 260729805
START Player-1 RandomPlayer
BoardInit:Bonus,Tile:10,Tile:6,Tile:9,Tile:4,Map,Tile:10,Malus,Tile:3,Tile:8,Tile:6,Bonus,Tile:9,Destroy,Tile:9,Tile:14,Tile:7,Tile:7,Tile:13,Tile:5,Tile:7,Tile:2,Map,Tile:11,Bonus,Tile:12,Tile:6,Map,Tile:8,Map,Tile:8,Tile:5,Tile:7,Tile:0,Tile:9,Tile:10,Destroy,Tile:9,Tile:6,Tile:5,Tile:0-Tile:1,Map,Tile:7,Tile:8,Destroy,Tile:6,Map-Tile:0,Tile:15,Bonus,Tile:0,Malus,Tile:8,Tile:5-Tile:hidden1,Tile:hidden2,Tile:nugget
Tile:1 4 5 1
Tile:0 6 5 0
Map 12 5 1
Tile:0 7 5 0
Tile:7_flip 3 5 1
Tile:5_flip 8 5 0
Tile:8 5 4 1
Map 12 3 0
Tile:6_flip 3 4 1
Tile:8 8 4 0
Tile:6_flip 9 4 1
Tile:10 9 5 0
Tile:10 5 3 1
Tile:15 5 6 0
Tile:3_flip 5 7 1
Destroy 5 6 0
Tile:9_flip 6 7 1
Tile:14 6 4 0
Tile:4 8 3 1
Tile:7_flip 7 4 0
Destroy 4 5 1
Drop 6 0 0
Drop 5 0 1
Tile:2 4 5 0
Tile:7_flip 2 4 1
Tile:11 5 6 0
Tile:9 5 2 1
Tile:12 10 4 0
Drop 6 0 1
Map 12 5 0
Map 12 3 1
Tile:9_flip 7 3 0
Tile:8 9 6 1
Tile:5 6 3 0
Tile:7_flip 6 8 1
Tile:0 4 4 0
Tile:9_flip 2 3 1
Tile:8 10 6 0
Tile:6_flip 5 1 1
Drop 5 0 0
Tile:6 10 7 1
Tile:9_flip 11 7 0
Destroy 9 6 1
Drop 5 0 0
Map 12 7 1
Drop 4 0 0
Tile:8 7 8 1
Drop 3 0 0
Tile:0 6 1 1
Drop 2 0 0
Tile:7 11 6 1
Drop 1 0 0
Drop 1 0 1
Drop 0 0 0
Drop 0 0 1
GAMEOVER DRAW
# Game ended: Thu Apr 09 01:19:50 EDT 2020
