# Server version 0.08 running on macbook-pro-5.local:8123
# Game ID: 962
# Board class: Saboteur.SaboteurBoard
# Timeout: 2000000000
# First Move Timeout: 30000
# Date: Sat Apr 11 02:29:34 EDT 2020
# Player 1: Player-0, '260729805', running on macbook-pro-5.local
# Player 2: Player-1, 'RandomPlayer', running on macbook-pro-5.local
START Player-0 260729805
START Player-1 RandomPlayer
BoardInit:Map,Map,Tile:0,Tile:10,Tile:6,Tile:10,Tile:1,Tile:9,Tile:13,Bonus,Bonus,Map,Tile:7,Tile:5,Tile:15,Tile:6,Tile:4,Malus,Tile:9,Bonus,Destroy,Tile:7,Tile:8,Tile:5,Map,Tile:14,Tile:3,Map,Tile:7,Tile:5,Tile:9,Tile:8,Map,Tile:11,Tile:0,Destroy,Tile:10,Tile:7,Tile:8,Tile:6,Tile:5-Tile:12,Tile:9,Tile:6,Malus,Tile:6,Tile:8,Tile:9-Bonus,Tile:7,Tile:0,Tile:8,Tile:2,Destroy,Tile:0-Tile:hidden2,Tile:nugget,Tile:hidden1
Tile:9 5 6 1
Destroy 5 6 0
Tile:8 5 4 1
Map 12 3 0
Tile:6 5 6 1
Tile:7 6 5 0
Tile:9_flip 5 3 1
Tile:0 6 4 0
Tile:6 4 4 1
Tile:0 7 4 0
Tile:1 4 5 1
Tile:8 8 4 0
Tile:13 4 3 1
Map 12 5 0
Map 12 5 1
Tile:5_flip 9 4 0
Tile:15 4 2 1
Tile:6_flip 9 3 0
Tile:12 10 3 1
Malus 0 0 0
Drop 4 0 1
Tile:10 8 5 0
Drop 5 0 1
Tile:10 8 6 0
Destroy 10 3 1
Tile:9_flip 10 3 0
Map 12 7 1
Tile:7_flip 10 4 0
Drop 2 0 1
Tile:5_flip 11 4 0
Drop 4 0 1
Tile:5 10 2 0
Drop 6 0 1
Tile:8 11 2 0
Malus 0 0 1
Bonus 0 0 0
Map 12 7 1
Destroy 11 2 0
Drop 0 0 1
Tile:7 11 2 0
Drop 4 0 1
Tile:6 8 7 0
Drop 5 0 1
Tile:11 11 3 0
Drop 4 0 1
Tile:2 9 7 0
Drop 3 0 1
Tile:14 10 7 0
Drop 2 0 1
Drop 2 0 0
Drop 0 0 1
Drop 1 0 0
Drop 1 0 1
Drop 0 0 0
Drop 0 0 1
GAMEOVER DRAW
# Game ended: Sat Apr 11 02:29:35 EDT 2020
