# Server version 0.08 running on localhost:8123
# Game ID: 941
# Board class: Saboteur.SaboteurBoard
# Timeout: 2000000000
# First Move Timeout: 30000
# Date: Sat Apr 11 02:08:21 EDT 2020
# Player 1: Player-0, '260729805', running on localhost
# Player 2: Player-1, 'RandomPlayer', running on localhost
START Player-0 260729805
START Player-1 RandomPlayer
BoardInit:Tile:5,Tile:1,Tile:0,Tile:4,Malus,Tile:10,Tile:9,Tile:9,Tile:11,Map,Tile:6,Tile:7,Bonus,Tile:8,Tile:8,Tile:14,Tile:6,Tile:5,Tile:9,Tile:10,Bonus,Map,Tile:5,Map,Tile:9,Tile:8,Tile:3,Tile:0,Bonus,Tile:7,Map,Map,Tile:10,Destroy,Tile:5,Tile:2,Destroy,Tile:6,Tile:6,Tile:12,Destroy-Tile:0,Tile:7,Tile:6,Tile:9,Tile:7,Tile:13,Map-Tile:8,Tile:15,Bonus,Tile:0,Tile:7,Malus,Tile:8-Tile:hidden1,Tile:nugget,Tile:hidden2
Tile:9_flip 5 6 1
Malus 0 0 0
Map 12 3 1
Tile:0 6 5 0
Drop 4 0 1
Tile:7 7 5 0
Drop 3 0 1
Tile:8 7 6 0
Drop 5 0 1
Tile:8 8 6 0
Drop 4 0 1
Tile:9_flip 9 6 0
Drop 0 0 1
Tile:7 9 5 0
Drop 5 0 1
Tile:10 9 7 0
Drop 1 0 1
Tile:4_flip 9 8 0
Drop 3 0 1
Tile:5 8 5 0
Drop 2 0 1
Tile:10 8 7 0
Drop 5 0 1
Tile:15 8 8 0
Drop 0 0 1
Tile:14 7 7 0
Drop 5 0 1
Tile:8 5 4 0
Drop 2 0 1
Tile:8 5 3 0
Bonus 0 0 1
Map 12 3 0
Map 12 3 1
Map 12 5 0
Tile:6_flip 4 3 1
Destroy 9 8 0
Tile:5 6 6 1
Tile:7_flip 9 8 0
Tile:9 6 7 1
Tile:0 10 8 0
Tile:3_flip 8 9 1
Tile:12 6 4 0
Tile:5_flip 5 7 1
Tile:1 9 9 0
Destroy 8 8 1
Tile:6 6 3 0
Tile:10 8 8 1
Tile:2 10 9 0
Destroy 8 9 1
Drop 2 0 0
Tile:6 11 9 1
Drop 1 0 0
Drop 1 0 1
Drop 0 0 0
Drop 0 0 1
GAMEOVER DRAW
# Game ended: Sat Apr 11 02:08:21 EDT 2020
