# Server version 0.08 running on localhost:8123
# Game ID: 664
# Board class: Saboteur.SaboteurBoard
# Timeout: 2000000000
# First Move Timeout: 30000
# Date: Thu Apr 09 00:56:08 EDT 2020
# Player 1: Player-0, '260729805', running on localhost
# Player 2: Player-1, 'RandomPlayer', running on localhost
START Player-0 260729805
START Player-1 RandomPlayer
BoardInit:Tile:8,Tile:6,Map,Tile:0,Malus,Tile:2,Malus,Tile:8,Bonus,Tile:7,Tile:9,Destroy,Tile:6,Tile:5,Tile:5,Tile:12,Tile:7,Map,Tile:8,Bonus,Tile:15,Bonus,Tile:10,Tile:7,Tile:8,Destroy,Bonus,Tile:11,Tile:3,Map,Tile:0,Destroy,Tile:0,Tile:5,Tile:5,Map,Map,Tile:7,Tile:7,Map,Tile:6-Tile:14,Tile:9,Tile:10,Tile:13,Tile:9,Tile:0,Tile:9-Tile:6,Tile:10,Tile:1,Tile:9,Tile:8,Tile:6,Tile:4-Tile:hidden2,Tile:hidden1,Tile:nugget
Tile:9_flip 6 5 1
Tile:6 6 6 0
Tile:14_flip 5 4 1
Tile:6_flip 6 4 0
Tile:13 7 4 1
Tile:6 5 6 0
Tile:9 7 5 1
Tile:9_flip 7 6 0
Drop 0 0 1
Tile:0 8 5 0
Malus 0 0 1
Drop 4 0 0
Tile:9 7 3 1
Destroy 7 4 0
Tile:9_flip 7 2 1
Drop 3 0 0
Map 12 7 1
Drop 6 0 0
Tile:8 7 4 1
Drop 1 0 0
Tile:8 8 3 1
Bonus 0 0 0
Tile:6 7 7 1
Tile:5_flip 8 4 0
Drop 4 0 1
Tile:10 8 2 0
Tile:5 4 6 1
Tile:7_flip 4 5 0
Tile:10 7 1 1
Tile:7 4 4 0
Tile:8 9 5 1
Destroy 5 4 0
Tile:3_flip 9 6 1
Destroy 6 5 0
Tile:0 6 7 1
Tile:11_flip 6 5 0
Drop 6 0 1
Tile:5 5 4 0
Map 12 5 1
Drop 6 0 0
Drop 2 0 1
Drop 6 0 0
Tile:0 3 4 1
Drop 5 0 0
Tile:7 10 6 1
Drop 4 0 0
Tile:6_flip 5 7 1
Drop 3 0 0
Malus 0 0 1
Drop 2 0 0
Tile:0 2 4 1
Drop 1 0 0
Drop 1 0 1
Drop 0 0 0
Drop 0 0 1
GAMEOVER DRAW
# Game ended: Thu Apr 09 00:56:09 EDT 2020
