# Server version 0.08 running on localhost:8123
# Game ID: 544
# Board class: Saboteur.SaboteurBoard
# Timeout: 2000000000
# First Move Timeout: 30000
# Date: Sun Apr 05 19:36:38 EDT 2020
# Player 1: Player-0, '260729805', running on localhost
# Player 2: Player-1, 'RandomPlayer', running on localhost
START Player-0 260729805
START Player-1 RandomPlayer
BoardInit:Map,Tile:9,Tile:6,Tile:10,Tile:15,Malus,Tile:6,Tile:0,Tile:1,Tile:7,Tile:8,Tile:10,Tile:7,Map,Map,Tile:9,Tile:9,Tile:3,Destroy,Tile:6,Tile:0,Tile:5,Malus,Tile:6,Tile:0,Tile:14,Tile:6,Tile:8,Tile:13,Bonus,Tile:12,Tile:5,Tile:9,Destroy,Tile:5,Destroy,Tile:4,Bonus,Tile:7,Map,Tile:9-Bonus,Tile:8,Tile:2,Tile:7,Tile:10,Tile:5,Tile:0-Map,Tile:11,Tile:8,Map,Tile:8,Bonus,Tile:7-Tile:hidden1,Tile:nugget,Tile:hidden2
Tile:8 5 6 1
Map 12 3 0
Tile:5 5 4 1
Map 12 5 0
Tile:6_flip 6 6 1
Drop 5 0 0
Drop 4 0 1
Tile:8 6 7 0
Tile:6 5 7 1
Tile:7_flip 4 7 0
Tile:1 6 5 1
Tile:7_flip 4 5 0
Tile:7 4 4 1
Drop 0 0 0
Tile:2 7 5 1
Tile:8 3 4 0
Drop 0 0 1
Tile:0 6 4 0
Tile:8 6 8 1
Tile:9_flip 7 6 0
Map 12 7 1
Tile:6 2 4 0
Destroy 5 6 1
Tile:5_flip 7 4 0
Tile:0 1 4 1
Tile:6 7 7 0
Tile:15 6 9 1
Tile:14_flip 3 3 0
Tile:10 2 3 1
Drop 4 0 0
Tile:7 2 2 1
