# Server version 0.08 running on macbook-pro-5.local:8123
# Game ID: 896
# Board class: Saboteur.SaboteurBoard
# Timeout: 2000000000
# First Move Timeout: 30000
# Date: Sat Apr 11 00:59:42 EDT 2020
# Player 1: Player-0, '260729805', running on localhost
# Player 2: Player-1, 'Human', running on localhost
START Player-0 260729805
START Player-1 Human
BoardInit:Tile:8,Tile:15,Map,Map,Tile:8,Tile:6,Tile:6,Bonus,Destroy,Tile:0,Map,Tile:8,Tile:8,Tile:8,Tile:0,Tile:3,Tile:8,Bonus,Tile:8,Tile:5,Tile:8,Tile:10,Tile:13,Tile:8,Tile:9,Destroy,Map,Map,Tile:8,Tile:12,Tile:8,Bonus,Tile:7,Tile:7,Tile:8,Map,Tile:11,Bonus,Bonus,Malus,Destroy,Map,Bonus,Tile:10,Tile:8,Tile:8,Tile:14,Map,Tile:4,Tile:9,Tile:8,Tile:0,Map,Tile:5,Tile:1,Malus,Map,Tile:10,Tile:0,Tile:6,Malus,Map,Tile:8,Map,Map,Map,Map,Malus,Tile:8,Tile:6,Tile:7,Tile:5,Tile:9,Tile:8,Malus,Bonus,Tile:8,Tile:7,Tile:5,Tile:2-Map,Map,Map,Map,Map,Map,Tile:7-Map,Tile:9,Tile:8,Tile:6,Tile:8,Tile:9,Map-Tile:hidden2,Tile:nugget,Tile:hidden1
Tile:7 6 5 1
Map 12 3 0
Tile:8 6 6 1
Map 12 5 0
Map 12 7 1
Tile:6 7 6 0
Map 12 5 1
Tile:6 8 6 0
Map 12 3 1
Tile:9_flip 9 6 0
Tile:8 9 7 1
Tile:8 9 5 0
Tile:6 10 7 1
Tile:9 10 6 0
Tile:8 11 6 1
Tile:8 11 5 0
GAMEOVER WINNER 0
# Game ended: Sat Apr 11 01:00:13 EDT 2020
