# Server version 0.08 running on localhost:8123
# Game ID: 803
# Board class: Saboteur.SaboteurBoard
# Timeout: 2000000000
# First Move Timeout: 30000
# Date: Thu Apr 09 02:14:38 EDT 2020
# Player 1: Player-0, '260729805', running on localhost
# Player 2: Player-1, 'RandomPlayer', running on localhost
START Player-0 260729805
START Player-1 RandomPlayer
BoardInit:Tile:8,Tile:12,Bonus,Tile:9,Tile:10,Bonus,Tile:8,Tile:15,Tile:5,Tile:1,Map,Tile:9,Destroy,Tile:0,Tile:6,Tile:0,Tile:2,Tile:6,Tile:10,Tile:11,Tile:7,Tile:14,Map,Tile:5,Tile:8,Tile:7,Tile:9,Bonus,Destroy,Tile:8,Map,Tile:13,Tile:7,Tile:9,Tile:5,Tile:6,Tile:3,Tile:6,Tile:4,Map,Map-Map,Tile:7,Tile:7,Tile:0,Tile:9,Tile:0,Tile:10-Malus,Bonus,Tile:5,Tile:6,Tile:8,Malus,Destroy-Tile:nugget,Tile:hidden2,Tile:hidden1
Tile:7_flip 4 5 1
Tile:5_flip 6 5 0
Map 12 3 1
Tile:6_flip 6 4 0
Tile:9 5 4 1
Tile:8 7 4 0
Tile:10 7 3 1
Tile:9_flip 8 4 0
Tile:7 4 4 1
Tile:12_flip 3 4 0
Tile:5_flip 8 5 1
Destroy 3 4 0
Tile:8 3 4 1
Tile:9 8 3 0
Drop 2 0 1
Tile:0 9 3 0
Drop 5 0 1
Tile:0 2 4 0
Tile:0 1 4 1
Tile:6_flip 8 2 0
Tile:6 0 4 1
Tile:1 10 3 0
Tile:8 5 3 1
Tile:11_flip 11 3 0
Tile:7 5 2 1
Tile:5_flip 11 4 0
Tile:2_flip 5 6 1
Tile:7_flip 7 5 0
Tile:10 3 5 1
Tile:14_flip 10 4 0
Drop 6 0 1
Tile:8 7 2 0
Tile:8 4 2 1
Tile:15 10 5 0
Tile:9 7 1 1
Tile:9 6 2 0
Tile:10 6 1 1
Tile:6 9 2 0
Tile:7 6 6 1
Tile:6 10 2 0
Tile:3 10 1 1
Tile:13 10 6 0
Map 12 7 1
Drop 5 0 0
Map 12 5 1
Drop 4 0 0
Tile:4 7 0 1
Drop 3 0 0
Map 12 5 1
Drop 2 0 0
Tile:5 9 6 1
Drop 1 0 0
Tile:0 4 6 1
Malus 0 0 0
Map 12 5 1
GAMEOVER DRAW
# Game ended: Thu Apr 09 02:14:39 EDT 2020
