# Server version 0.08 running on localhost:8123
# Game ID: 589
# Board class: Saboteur.SaboteurBoard
# Timeout: 2000000000
# First Move Timeout: 30000
# Date: Sun Apr 05 20:59:09 EDT 2020
# Player 1: Player-0, '260729805', running on localhost
# Player 2: Player-1, 'RandomPlayer', running on localhost
START Player-0 260729805
START Player-1 RandomPlayer
BoardInit:Malus,Tile:5,Tile:0,Tile:3,Map,Tile:5,Tile:0,Bonus,Tile:11,Tile:6,Tile:12,Tile:10,Destroy,Map,Tile:6,Tile:9,Tile:6,Bonus,Tile:8,Tile:7,Map,Tile:9,Map,Tile:15,Tile:7,Tile:8,Tile:5,Tile:6,Tile:6,Destroy,Malus,Tile:0,Tile:10,Tile:7,Tile:7,Tile:1,Tile:0,Map,Tile:8,Map,Tile:9-Bonus,Tile:7,Tile:9,Destroy,Tile:4,Tile:9,Tile:2-Tile:13,Tile:8,Tile:8,Tile:10,Bonus,Tile:5,Tile:14-Tile:nugget,Tile:hidden2,Tile:hidden1
Tile:2 4 5 1
Tile:5_flip 6 5 0
Tile:9_flip 4 6 1
Tile:5 6 4 0
Tile:0 7 4 1
Tile:8 8 4 0
Tile:9_flip 8 3 1
Tile:5_flip 9 4 0
Tile:4 5 4 1
Tile:10 9 3 0
Tile:11 4 7 1
Tile:6 8 5 0
Tile:12 9 5 1
Tile:8 9 2 0
Tile:7 10 2 1
Tile:10 9 1 0
Destroy 8 3 1
Tile:9_flip 8 3 0
Tile:6 3 6 1
Tile:13 8 2 0
Destroy 8 4 1
Tile:7_flip 5 6 0
Tile:8 9 0 1
Tile:9_flip 10 0 0
Tile:0 6 6 1
Tile:3_flip 10 1 0
Tile:6_flip 5 7 1
Tile:8 8 4 0
Drop 6 0 1
Tile:6 7 6 0
Tile:7_flip 10 3 1
Destroy 9 5 0
Tile:6_flip 3 5 1
Tile:0 11 3 0
GAMEOVER WINNER 0
# Game ended: Sun Apr 05 20:59:09 EDT 2020
