# Server version 0.08 running on localhost:8123
# Game ID: 221
# Board class: Saboteur.SaboteurBoard
# Timeout: 2000000000
# First Move Timeout: 30000
# Date: Wed Apr 01 16:30:50 EDT 2020
# Player 1: Player-0, '260729805', running on localhost
# Player 2: Player-1, 'RandomPlayer', running on localhost
START Player-0 260729805
START Player-1 RandomPlayer
BoardInit:Tile:7,Tile:10,Bonus,Tile:13,Tile:2,Map,Tile:15,Tile:9,Tile:6,Map,Map,Malus,Malus,Tile:4,Tile:6,Tile:14,Tile:5,Tile:8,Tile:7,Map,Tile:6,Tile:10,Tile:5,Tile:8,Tile:8,Tile:5,Tile:9,Tile:10,Tile:8,Tile:3,Tile:0,Destroy,Tile:7,Destroy,Bonus,Bonus,Tile:7,Tile:9,Destroy,Bonus,Tile:0-Tile:7,Tile:6,Tile:8,Map,Tile:6,Tile:0,Tile:12-Tile:0,Tile:1,Map,Tile:5,Tile:9,Tile:11,Tile:9-Tile:hidden1,Tile:nugget,Tile:hidden2
Tile:6_flip 4 5 1
Map 12 5 0
Tile:6_flip 5 4 1
Tile:0 6 5 0
Tile:0 6 4 1
Tile:5_flip 7 4 0
Tile:12_flip 4 4 1
Tile:9 7 3 0
Tile:2_flip 3 5 1
Tile:9_flip 8 3 0
Tile:6_flip 8 2 1
Tile:9 8 4 0
Tile:7_flip 5 6 1
Tile:10 8 5 0
Tile:8 9 4 1
Tile:4_flip 9 5 0
Map 12 3 1
Tile:1 10 4 0
Tile:6_flip 2 5 1
Tile:8 8 6 0
Tile:7 7 5 1
Tile:11_flip 11 4 0
Tile:7_flip 7 6 1
Tile:10 9 3 0
Tile:6 11 5 1
Tile:8 9 2 0
Map 12 5 1
Tile:5_flip 10 2 0
Tile:8 2 6 1
Tile:10 10 1 0
Tile:5 1 5 1
Tile:13 11 3 0
Tile:5_flip 2 7 1
Tile:14_flip 11 2 0
Tile:9_flip 8 7 1
Tile:3 12 2 0
Tile:7 9 1 1
Drop 6 0 0
Tile:7_flip 1 6 1
Tile:9 10 0 0
Destroy 9 1 1
Drop 6 0 0
Tile:15 9 1 1
Drop 5 0 0
Tile:0 3 6 1
Drop 4 0 0
Tile:8 7 2 1
Drop 3 0 0
Tile:0 1 7 1
Drop 2 0 0
Drop 0 0 1
Drop 1 0 0
Malus 0 0 1
Drop 0 0 0
Drop 0 0 1
GAMEOVER DRAW
# Game ended: Wed Apr 01 16:32:16 EDT 2020
