# Server version 0.08 running on localhost:8123
# Game ID: 113
# Board class: Saboteur.SaboteurBoard
# Timeout: 20000
# First Move Timeout: 30000
# Date: Tue Mar 31 00:14:22 EDT 2020
# Player 1: Player-0, '260729805', running on localhost
# Player 2: Player-1, 'RandomPlayer', running on localhost
START Player-0 260729805
START Player-1 RandomPlayer
BoardInit:Tile:12,Tile:11,Tile:6,Malus,Tile:0,Tile:6,Tile:1,Tile:7,Tile:5,Tile:7,Tile:13,Tile:8,Tile:9,Tile:5,Bonus,Tile:5,Tile:9,Tile:10,Map,Tile:10,Tile:0,Tile:0,Tile:8,Bonus,Map,Map,Bonus,Tile:3,Tile:10,Tile:7,Destroy,Destroy,Tile:9,Tile:8,Tile:5,Tile:9,Tile:6,Map,Tile:8,Tile:6,Malus-Tile:6,Tile:2,Bonus,Tile:8,Tile:7,Tile:0,Destroy-Map,Tile:15,Tile:7,Tile:9,Tile:14,Tile:4,Map-Tile:hidden1,Tile:nugget,Tile:hidden2
Tile:6 6 5 1
Tile:7_flip 5 6 0
Tile:7 6 6 1
Tile:9_flip 5 4 0
Tile:0 7 5 1
Tile:4 6 4 0
Tile:12_flip 4 5 1
Map 12 5 0
Tile:2 8 5 1
Tile:6 4 4 0
Tile:0 9 5 1
Tile:11 3 4 0
Tile:5_flip 3 5 1
Tile:7_flip 6 7 0
Tile:9 4 3 1
Tile:7 3 3 0
Tile:6 8 6 1
Tile:15 4 2 0
Drop 1 0 1
Tile:8 10 5 0
Tile:9_flip 5 3 1
Tile:5_flip 11 5 0
Map 12 7 1
Drop 1 0 0
Destroy 7 5 1
Drop 2 0 0
Tile:8 7 5 1
Tile:10 4 1 0
Drop 2 0 1
Drop 6 0 0
Tile:1 2 3 1
Tile:10 10 4 0
Destroy 3 3 1
Destroy 5 4 0
Tile:9 7 4 1
Drop 5 0 0
Drop 6 0 1
Drop 3 0 0
Tile:6 1 3 1
Tile:9 7 6 0
Drop 4 0 1
Tile:14_flip 2 5 0
Map 12 7 1
Tile:8 0 3 0
Drop 4 0 1
Drop 3 0 0
Tile:10 10 6 1
Tile:6_flip 1 2 0
Drop 3 0 1
Malus 0 0 0
Drop 0 0 1
Tile:0 2 2 0
Bonus 0 0 1
Map 12 7 0
Drop 0 0 1
GAMEOVER DRAW
# Game ended: Tue Mar 31 00:14:23 EDT 2020
