# Server version 0.08 running on localhost:8123
# Game ID: 220
# Board class: Saboteur.SaboteurBoard
# Timeout: 2000000000
# First Move Timeout: 30000
# Date: Wed Apr 01 16:29:37 EDT 2020
# Player 1: Player-0, '260729805', running on localhost
# Player 2: Player-1, 'RandomPlayer', running on localhost
START Player-0 260729805
START Player-1 RandomPlayer
BoardInit:Map,Tile:0,Tile:8,Tile:9,Tile:14,Tile:1,Destroy,Tile:9,Map,Tile:12,Tile:7,Tile:0,Tile:9,Tile:8,Tile:11,Tile:9,Tile:10,Tile:6,Tile:15,Tile:9,Tile:13,Map,Malus,Tile:8,Tile:8,Tile:7,Bonus,Tile:7,Tile:10,Tile:0,Tile:6,Bonus,Tile:8,Tile:10,Bonus,Tile:6,Bonus,Tile:0,Tile:3,Tile:6,Malus-Destroy,Tile:5,Tile:5,Tile:7,Tile:7,Destroy,Map-Map,Map,Tile:6,Tile:2,Tile:5,Tile:5,Tile:4-Tile:hidden1,Tile:nugget,Tile:hidden2
Tile:5_flip 5 6 1
Map 12 5 0
Map 12 5 1
Tile:6 6 5 0
Map 12 3 1
Tile:0 7 5 0
Drop 4 0 1
Tile:5_flip 8 5 0
Tile:7 8 4 1
Tile:5 6 4 0
Destroy 7 5 1
Tile:4 5 4 0
Destroy 8 5 1
Tile:0 7 5 0
Tile:9_flip 8 5 1
Tile:9 8 6 0
Tile:14 8 7 1
Tile:8 9 6 0
Tile:8 7 7 1
Tile:6 10 6 0
Tile:7_flip 4 6 1
Tile:9_flip 11 6 0
Tile:5 11 5 1
GAMEOVER WINNER 1
# Game ended: Wed Apr 01 16:29:56 EDT 2020
