# Server version 0.08 running on localhost:8123
# Game ID: 352
# Board class: Saboteur.SaboteurBoard
# Timeout: 2000000000
# First Move Timeout: 30000
# Date: Sat Apr 04 00:11:14 EDT 2020
# Player 1: Player-0, '260729805', running on localhost
# Player 2: Player-1, 'RandomPlayer', running on localhost
START Player-0 260729805
START Player-1 RandomPlayer
BoardInit:Tile:11,Destroy,Bonus,Tile:7,Malus,Map,Tile:7,Tile:7,Map,Tile:0,Map,Destroy,Tile:6,Tile:8,Tile:8,Tile:4,Tile:2,Tile:10,Tile:10,Map,Tile:8,Tile:0,Malus,Tile:5,Bonus,Tile:8,Tile:6,Tile:9,Tile:7,Tile:13,Tile:5,Tile:14,Map,Tile:9,Tile:8,Tile:9,Tile:10,Tile:0,Tile:6,Tile:3,Tile:6-Tile:9,Destroy,Tile:5,Bonus,Tile:15,Tile:0,Tile:6-Tile:12,Tile:1,Tile:9,Map,Tile:5,Tile:7,Bonus-Tile:hidden2,Tile:nugget,Tile:hidden1
Tile:5 4 5 1
Tile:12 6 5 0
Tile:11_flip 5 4 1
Tile:5_flip 5 6 0
Destroy 6 5 1
Tile:7 6 5 0
Tile:6 4 4 1
Tile:7_flip 6 6 0
Tile:9_flip 7 6 1
Tile:7_flip 7 7 0
Map 12 7 1
Tile:0 8 7 0
Malus 0 0 1
Bonus 0 0 0
Tile:6_flip 9 7 1
Destroy 9 7 0
Map 12 3 1
Tile:4 7 5 0
Tile:7_flip 4 6 1
Tile:1 9 7 0
Tile:2 4 3 1
Destroy 9 7 0
Tile:0 9 7 1
Tile:9_flip 5 3 0
Drop 0 0 1
Tile:8 5 2 0
Drop 3 0 1
Tile:8 6 2 0
Drop 2 0 1
Tile:9_flip 7 2 0
Drop 3 0 1
Tile:10 7 3 0
Tile:7_flip 3 3 1
Tile:14 7 4 0
Drop 4 0 1
Tile:9 7 1 0
Tile:8 7 0 1
Tile:9_flip 8 1 0
Tile:5 3 4 1
Tile:13 8 0 0
Tile:15 8 2 1
Tile:3_flip 8 3 0
Drop 0 0 1
Tile:5 6 0 0
Drop 4 0 1
Drop 4 0 0
Tile:6_flip 9 0 1
Drop 3 0 0
Tile:10 3 2 1
Drop 2 0 0
Map 12 5 1
Drop 1 0 0
Drop 1 0 1
Drop 0 0 0
Drop 0 0 1
GAMEOVER DRAW
# Game ended: Sat Apr 04 00:11:15 EDT 2020
