# Server version 0.08 running on localhost:8123
# Game ID: 994
# Board class: Saboteur.SaboteurBoard
# Timeout: 2000000000
# First Move Timeout: 30000
# Date: Sat Apr 11 13:06:09 EDT 2020
# Player 1: Player-0, '260729805', running on localhost
# Player 2: Player-1, 'RandomPlayer', running on localhost
START Player-0 260729805
START Player-1 RandomPlayer
BoardInit:Map,Tile:0,Malus,Tile:10,Tile:7,Tile:6,Tile:6,Tile:0,Tile:0,Tile:15,Tile:6,Tile:14,Tile:10,Tile:9,Tile:5,Tile:0,Tile:3,Bonus,Bonus,Tile:8,Tile:6,Tile:7,Tile:8,Destroy,Destroy,Tile:9,Tile:7,Tile:9,Bonus,Tile:2,Map,Destroy,Map,Tile:10,Tile:5,Map,Malus,Tile:8,Tile:7,Bonus,Map-Tile:9,Map,Tile:6,Tile:12,Tile:8,Tile:8,Tile:5-Tile:11,Tile:9,Tile:7,Tile:5,Tile:1,Tile:13,Tile:4-Tile:nugget,Tile:hidden2,Tile:hidden1
Tile:12_flip 4 5 1
Tile:7 6 5 0
Tile:8 6 6 1
Tile:5_flip 7 6 0
Tile:5 5 4 1
Tile:0 6 4 0
Drop 2 0 1
Tile:6 7 4 0
Drop 2 0 1
Tile:0 8 4 0
Drop 1 0 1
Tile:9_flip 9 4 0
Map 12 5 1
Tile:4_flip 9 5 0
Drop 3 0 1
Tile:10 9 3 0
Tile:7_flip 6 7 1
Tile:9 9 2 0
Drop 1 0 1
Tile:0 10 2 0
Tile:5 7 5 1
Tile:8 9 1 0
Tile:3 8 5 1
Tile:7 7 7 0
Tile:10 7 8 1
Destroy 10 2 0
Tile:8 10 2 1
Tile:9_flip 10 1 0
Destroy 9 4 1
Tile:9_flip 9 4 0
Tile:9_flip 7 9 1
Tile:11 10 3 0
Map 12 3 1
Destroy 10 1 0
Tile:6_flip 11 2 1
Tile:10 7 3 0
Drop 6 0 1
Map 12 3 0
Tile:7 12 2 1
GAMEOVER WINNER 1
# Game ended: Sat Apr 11 13:06:10 EDT 2020
