# Server version 0.08 running on localhost:8123
# Game ID: 320
# Board class: Saboteur.SaboteurBoard
# Timeout: 2000000000
# First Move Timeout: 30000
# Date: Fri Apr 03 03:40:45 EDT 2020
# Player 1: Player-0, '260729805', running on localhost
# Player 2: Player-1, 'RandomPlayer', running on localhost
START Player-0 260729805
START Player-1 RandomPlayer
BoardInit:Tile:7,Bonus,Tile:7,Destroy,Tile:0,Tile:0,Bonus,Tile:5,Tile:9,Map,Tile:14,Tile:5,Tile:13,Bonus,Destroy,Destroy,Malus,Tile:6,Map,Tile:8,Tile:6,Tile:0,Tile:10,Tile:8,Tile:10,Malus,Tile:3,Tile:6,Map,Tile:9,Bonus,Tile:0,Tile:7,Tile:7,Tile:4,Tile:8,Map,Tile:6,Tile:8,Tile:2,Tile:1-Map,Tile:10,Tile:8,Tile:9,Tile:7,Tile:12,Tile:11-Tile:5,Tile:6,Tile:15,Tile:5,Tile:9,Map,Tile:9-Tile:nugget,Tile:hidden2,Tile:hidden1
Tile:11 5 6 1
Map 12 3 0
Tile:9 5 4 1
Tile:5_flip 6 5 0
Drop 1 0 1
Tile:6_flip 6 4 0
Tile:7_flip 4 5 1
Tile:5_flip 7 4 0
Tile:7_flip 5 7 1
Tile:9 7 3 0
Map 12 3 1
Map 12 3 0
Tile:7 6 6 1
Tile:9_flip 8 3 0
Drop 3 0 1
Tile:5 8 2 0
Tile:8 5 3 1
Tile:0 9 2 0
Tile:12 6 3 1
Tile:5_flip 10 2 0
Tile:9 4 3 1
Tile:6_flip 10 1 0
Destroy 10 1 1
Tile:8 10 1 0
Tile:0 9 1 1
Tile:0 11 1 0
Tile:10 7 2 1
Tile:8 10 0 0
Tile:3_flip 8 1 1
Tile:6 11 0 0
Tile:6_flip 12 1 1
Tile:9 12 2 0
GAMEOVER WINNER 0
# Game ended: Fri Apr 03 03:40:45 EDT 2020
