# Server version 0.08 running on localhost:8123
# Game ID: 190
# Board class: Saboteur.SaboteurBoard
# Timeout: 2000000000
# First Move Timeout: 30000
# Date: Wed Apr 01 00:23:54 EDT 2020
# Player 1: Player-0, '260729805', running on localhost
# Player 2: Player-1, 'Human', running on localhost
START Player-0 260729805
START Player-1 Human
BoardInit:Tile:5,Tile:10,Tile:10,Tile:15,Tile:6,Bonus,Tile:8,Tile:7,Tile:6,Map,Tile:6,Tile:5,Tile:2,Tile:3,Tile:1,Destroy,Tile:6,Tile:8,Bonus,Tile:7,Tile:6,Malus,Map,Bonus,Tile:8,Map,Tile:9,Tile:0,Tile:14,Map,Tile:5,Tile:4,Tile:9,Tile:9,Map,Tile:0,Tile:5,Tile:13,Map,Tile:7,Tile:10-Tile:9,Malus,Tile:7,Tile:7,Tile:11,Tile:8,Tile:12-Tile:9,Tile:0,Tile:8,Destroy,Tile:0,Bonus,Destroy-Tile:hidden2,Tile:hidden1,Tile:nugget
Tile:8 6 5 1
Tile:0 7 5 0
Tile:7 8 5 1
Tile:9 8 6 0
Tile:9 8 7 1
Tile:8 9 6 0
Tile:12 10 6 1
Tile:10 9 5 0
Tile:8 9 4 1
Tile:0 10 4 0
Tile:6 11 4 1
Map 12 5 0
Tile:6 8 4 1
GAMEOVER USER CANCEL UNDECIDED
# Game ended: Wed Apr 01 00:45:31 EDT 2020
