# Server version 0.08 running on macbook-pro-5.local:8123
# Game ID: 748
# Board class: Saboteur.SaboteurBoard
# Timeout: 2000000000
# First Move Timeout: 30000
# Date: Thu Apr 09 01:39:47 EDT 2020
# Player 1: Player-0, '260729805', running on macbook-pro-5.local
# Player 2: Player-1, 'RandomPlayer', running on macbook-pro-5.local
START Player-0 260729805
START Player-1 RandomPlayer
BoardInit:Tile:11,Map,Tile:6,Tile:15,Tile:0,Tile:14,Tile:13,Tile:9,Map,Tile:0,Bonus,Tile:3,Tile:7,Tile:7,Map,Tile:8,Tile:5,Destroy,Tile:10,Tile:0,Tile:5,Tile:7,Tile:8,Malus,Tile:5,Bonus,Bonus,Tile:10,Tile:6,Tile:4,Map,Tile:8,Tile:0,Tile:9,Tile:8,Tile:9,Destroy,Map,Malus,Map,Tile:8-Tile:6,Destroy,Tile:10,Tile:6,Tile:12,Tile:9,Tile:5-Tile:2,Tile:6,Tile:1,Tile:7,Tile:7,Tile:9,Bonus-Tile:hidden1,Tile:nugget,Tile:hidden2
Tile:9_flip 5 4 1
Tile:6 6 5 0
Tile:6_flip 5 3 1
Map 12 3 0
Drop 3 0 1
Tile:7 7 5 0
Tile:6_flip 4 4 1
Tile:7_flip 7 6 0
Tile:13 4 5 1
Tile:9_flip 8 6 0
Destroy 7 6 1
Tile:9 7 6 0
Tile:11 6 4 1
Tile:0 4 3 0
Tile:10 8 5 1
Tile:7 8 4 0
Tile:6 7 4 1
Tile:8 8 7 0
Tile:5 3 4 1
Destroy 6 4 0
Tile:5_flip 9 7 1
Tile:0 6 3 0
Tile:10 8 8 1
Tile:7 7 3 0
Drop 4 0 1
Tile:15 9 6 0
Tile:0 3 3 1
Tile:14_flip 9 5 0
Tile:7 10 5 1
Tile:10 8 9 0
Tile:6 3 5 1
Tile:4_flip 8 10 0
Tile:5 6 4 1
Tile:8 7 7 0
Drop 3 0 1
Tile:9_flip 7 8 0
Tile:8 5 6 1
Tile:9 6 7 0
Tile:8 2 5 1
Map 12 5 0
Destroy 2 5 1
Tile:3_flip 10 6 0
Map 12 5 1
Tile:2_flip 6 8 0
Drop 4 0 1
Tile:1 5 8 0
Tile:0 2 5 1
Drop 3 0 0
Map 12 5 1
Drop 2 0 0
Tile:8 1 5 1
Drop 1 0 0
Drop 1 0 1
Drop 0 0 0
Drop 0 0 1
GAMEOVER DRAW
# Game ended: Thu Apr 09 01:39:47 EDT 2020
