# Server version 0.08 running on localhost:8123
# Game ID: 51
# Board class: Saboteur.SaboteurBoard
# Timeout: 20000
# First Move Timeout: 30000
# Date: Sun Mar 29 23:02:47 EDT 2020
# Player 1: Player-0, '260729805', running on localhost
# Player 2: Player-1, 'RandomPlayer', running on localhost
START Player-0 260729805
START Player-1 RandomPlayer
BoardInit:Tile:8,Map,Tile:10,Tile:2,Map,Destroy,Tile:8,Map,Tile:0,Map,Map,Malus,Malus,Tile:7,Destroy,Tile:13,Tile:3,Tile:14,Tile:6,Tile:11,Tile:6,Tile:6,Tile:9,Tile:0,Tile:8,Tile:5,Tile:8,Bonus,Tile:4,Bonus,Bonus,Tile:7,Tile:5,Tile:6,Tile:5,Bonus,Tile:9,Tile:9,Tile:12,Destroy,Tile:1-Tile:10,Tile:9,Tile:9,Tile:8,Tile:15,Tile:7,Tile:5-Tile:7,Map,Tile:10,Tile:0,Tile:6,Tile:7,Tile:0-Tile:hidden2,Tile:hidden1,Tile:nugget
Tile:9 4 5 1
Tile:7 4 4 0
Tile:5_flip 6 5 1
Map 12 5 0
Tile:15 5 4 1
Drop 4 0 0
Tile:8 3 4 1
Tile:6_flip 5 3 0
Map 12 7 1
Map 12 5 0
Tile:7_flip 4 3 1
Tile:2_flip 5 6 0
Tile:10 3 3 1
Drop 2 0 0
Tile:10 6 4 1
Tile:7_flip 4 6 0
Tile:9_flip 3 5 1
Tile:13 6 3 0
Tile:8 6 2 1
Destroy 6 5 0
Map 12 5 1
Tile:14 3 6 0
Tile:6 5 2 1
Tile:6 2 6 0
Tile:6 6 5 1
Drop 2 0 0
Tile:0 7 3 1
Tile:0 8 3 0
Tile:8 9 3 1
Tile:10 5 1 0
Tile:8 1 6 1
Tile:11 9 2 0
Tile:4 9 1 1
Tile:5_flip 10 3 0
Destroy 9 3 1
Tile:6_flip 2 5 0
Tile:5_flip 7 2 1
Tile:7_flip 0 6 0
Tile:9_flip 3 2 1
Drop 2 0 0
Drop 2 0 1
Destroy 5 2 0
Tile:5 6 1 1
Tile:9_flip 10 2 0
Tile:9 10 1 1
Drop 0 0 0
Malus 0 0 1
Bonus 0 0 0
Tile:12_flip 2 4 1
Malus 0 0 0
Drop 0 0 1
Drop 0 0 0
Bonus 0 0 1
Drop 0 0 0
Tile:1 6 6 1
GAMEOVER DRAW
# Game ended: Sun Mar 29 23:02:48 EDT 2020
