# Server version 0.08 running on localhost:8123
# Game ID: 136
# Board class: Saboteur.SaboteurBoard
# Timeout: 20000
# First Move Timeout: 30000
# Date: Tue Mar 31 01:00:29 EDT 2020
# Player 1: Player-0, '260729805', running on localhost
# Player 2: Player-1, 'RandomPlayer', running on localhost
START Player-0 260729805
START Player-1 RandomPlayer
BoardInit:Tile:4,Tile:14,Tile:0,Tile:3,Tile:9,Tile:5,Tile:6,Malus,Tile:9,Tile:6,Bonus,Tile:6,Bonus,Tile:0,Map,Tile:7,Tile:7,Tile:2,Map,Map,Tile:8,Tile:8,Tile:10,Bonus,Tile:7,Tile:6,Tile:7,Tile:0,Tile:5,Map,Tile:9,Tile:8,Tile:8,Tile:6,Bonus,Tile:1,Tile:12,Tile:5,Tile:15,Map,Tile:8-Tile:10,Tile:0,Tile:13,Tile:10,Tile:7,Tile:9,Map-Tile:11,Malus,Tile:9,Destroy,Destroy,Destroy,Tile:5-Tile:hidden1,Tile:nugget,Tile:hidden2
Tile:7 5 4 1
Tile:11_flip 6 5 0
Tile:9 6 4 1
Tile:9_flip 7 4 0
Tile:10 6 3 1
Tile:3_flip 7 5 0
Tile:9 4 4 1
Tile:5_flip 8 5 0
Tile:4 7 3 1
Destroy 8 5 0
Tile:6 4 5 1
Tile:14 8 5 0
Tile:9 3 5 1
Destroy 8 5 0
Tile:10 6 2 1
Tile:5_flip 8 5 0
Map 12 3 1
Destroy 8 5 0
Drop 1 0 1
Tile:6 8 5 0
Tile:7 6 1 1
Map 12 5 0
Tile:8 4 3 1
Tile:6 9 5 0
Map 12 3 1
Tile:0 10 5 0
Map 12 7 1
Tile:7 11 5 0
Tile:7 3 4 1
Tile:2_flip 11 6 0
Tile:5_flip 12 6 1
Map 12 5 0
Tile:7 9 4 1
Tile:6_flip 10 6 0
Tile:9 8 4 1
Tile:8 10 7 0
Tile:0 9 7 1
Tile:0 11 7 0
Tile:12 5 3 1
Tile:1 9 6 0
Tile:8 3 6 1
Map 12 5 0
Tile:15 3 7 1
Tile:8 10 8 0
Tile:8 2 6 1
Tile:6_flip 11 8 0
Tile:10 2 5 1
Tile:5_flip 12 8 0
Tile:0 9 8 1
Drop 2 0 0
Drop 0 0 1
Drop 1 0 0
Drop 1 0 1
Malus 0 0 0
Bonus 0 0 1
GAMEOVER DRAW
# Game ended: Tue Mar 31 01:00:37 EDT 2020
