# Server version 0.08 running on localhost:8123
# Game ID: 11
# Board class: Saboteur.SaboteurBoard
# Timeout: 20000
# First Move Timeout: 30000
# Date: Tue Mar 24 19:20:32 EDT 2020
# Player 1: Player-0, '260729805', running on localhost
# Player 2: Player-1, 'RandomPlayer', running on localhost
START Player-0 260729805
START Player-1 RandomPlayer
BoardInit:Tile:8,Tile:7,Tile:7,Tile:9,Tile:6,Tile:1,Tile:0,Tile:8,Tile:6,Tile:6,Bonus,Map,Bonus,Map,Tile:9,Tile:5,Tile:13,Tile:12,Malus,Tile:5,Destroy,Tile:9,Tile:5,Tile:7,Tile:9,Tile:6,Tile:9,Bonus,Tile:5,Tile:8,Destroy,Tile:0,Tile:8,Map,Tile:10,Tile:3,Bonus,Tile:7,Tile:0,Map,Tile:7-Tile:10,Tile:10,Tile:15,Tile:11,Tile:4,Tile:2,Map-Map,Malus,Tile:14,Tile:6,Tile:0,Tile:8,Destroy-Tile:hidden2,Tile:nugget,Tile:hidden1
Tile:11_flip 5 6 1
Tile:0 4 6 0
Tile:10 5 4 1
Tile:8 6 5 0
Tile:7_flip 4 5 1
Tile:9 6 6 0
Tile:10 6 7 1
Tile:6 6 8 0
Tile:6 5 8 1
Tile:7 4 4 0
Tile:6_flip 7 8 1
Destroy 7 8 0
Tile:0 3 4 1
Tile:6_flip 4 8 0
Tile:8 3 8 1
Tile:8 2 4 0
Tile:4 3 7 1
Tile:14 7 6 0
Tile:9_flip 7 8 1
Tile:5 7 7 0
Tile:2_flip 3 6 1
Tile:12 8 7 0
Destroy 4 6 1
Map 12 5 0
Tile:15 5 7 1
Tile:7_flip 2 5 0
Tile:13 2 8 1
Tile:6_flip 4 6 0
Tile:9 3 9 1
Tile:5 2 3 0
Tile:5_flip 2 9 1
Malus 0 0 0
Map 12 7 1
Tile:0 1 9 0
Destroy 6 8 1
Tile:8 6 8 0
Drop 2 0 1
Tile:9 6 4 0
Bonus 0 0 1
Tile:3_flip 1 4 0
Tile:5_flip 6 9 1
Tile:7 5 3 0
Tile:9_flip 1 3 1
Tile:1 7 4 0
Tile:8 4 9 1
Map 12 3 0
Tile:0 2 6 1
Map 12 5 0
Tile:7 3 5 1
Drop 2 0 0
Tile:10 4 10 1
Map 12 7 0
Drop 1 0 1
Drop 0 0 0
Drop 0 0 1
GAMEOVER DRAW
# Game ended: Tue Mar 24 19:20:32 EDT 2020
