# Server version 0.08 running on macbook-pro-5.local:8123
# Game ID: 652
# Board class: Saboteur.SaboteurBoard
# Timeout: 2000000000
# First Move Timeout: 30000
# Date: Thu Apr 09 00:49:40 EDT 2020
# Player 1: Player-0, '260729805', running on macbook-pro-5.local
# Player 2: Player-1, 'RandomPlayer', running on macbook-pro-5.local
START Player-0 260729805
START Player-1 RandomPlayer
BoardInit:Bonus,Tile:9,Malus,Tile:10,Tile:4,Tile:0,Destroy,Map,Tile:6,Destroy,Tile:7,Map,Bonus,Bonus,Map,Tile:8,Tile:8,Destroy,Tile:2,Bonus,Tile:5,Tile:7,Tile:5,Tile:3,Tile:7,Tile:6,Tile:14,Map,Tile:0,Tile:7,Tile:5,Tile:7,Tile:8,Tile:10,Tile:12,Tile:9,Tile:6,Tile:8,Tile:9,Tile:5,Tile:8-Map,Tile:6,Tile:9,Tile:6,Tile:11,Tile:0,Tile:0-Tile:15,Malus,Tile:1,Tile:13,Tile:9,Map,Tile:10-Tile:hidden1,Tile:nugget,Tile:hidden2
Tile:11_flip 6 5 1
Map 12 7 0
Tile:9 5 4 1
Tile:10 5 6 0
Tile:0 4 5 1
Drop 2 0 0
Tile:6_flip 3 5 1
Tile:9_flip 6 4 0
Tile:4 5 3 1
Tile:9 2 5 0
Drop 4 0 1
