# Server version 0.08 running on localhost:8123
# Game ID: 481
# Board class: Saboteur.SaboteurBoard
# Timeout: 2000000000
# First Move Timeout: 30000
# Date: Sun Apr 05 17:10:30 EDT 2020
# Player 1: Player-0, '260729805', running on localhost
# Player 2: Player-1, 'RandomPlayer', running on localhost
START Player-0 260729805
START Player-1 RandomPlayer
BoardInit:Tile:7,Malus,Tile:0,Tile:8,Bonus,Map,Map,Tile:8,Tile:9,Tile:7,Tile:7,Tile:8,Destroy,Map,Tile:6,Tile:6,Tile:10,Tile:8,Tile:5,Tile:5,Tile:2,Tile:5,Malus,Tile:9,Tile:6,Destroy,Map,Tile:6,Tile:0,Tile:10,Destroy,Tile:13,Tile:4,Tile:0,Tile:1,Tile:7,Tile:9,Tile:14,Map,Tile:0,Bonus-Tile:15,Map,Tile:3,Tile:9,Bonus,Tile:12,Tile:11-Tile:8,Tile:6,Tile:10,Tile:5,Tile:7,Tile:9,Bonus-Tile:hidden2,Tile:hidden1,Tile:nugget
Tile:9 5 6 1
Tile:6 6 6 0
Tile:11_flip 5 7 1
Tile:5_flip 7 6 0
Drop 4 0 1
Tile:7_flip 5 8 0
Tile:7 7 5 1
Map 12 3 0
Tile:0 4 5 1
Drop 6 0 0
Tile:9_flip 6 8 1
Tile:7_flip 6 9 0
Drop 6 0 1
Drop 6 0 0
Drop 2 0 1
Map 12 5 0
Drop 0 0 1
Tile:6 7 9 0
Tile:6_flip 4 7 1
Tile:8 8 9 0
Drop 4 0 1
Tile:9_flip 9 9 0
Tile:5 7 8 1
Tile:10 9 8 0
Tile:10 8 10 1
Tile:8 9 7 0
Tile:6_flip 5 4 1
Tile:8 9 6 0
Drop 2 0 1
Tile:9_flip 10 6 0
Drop 3 0 1
Tile:10 10 5 0
Destroy 10 6 1
Tile:5_flip 10 6 0
Tile:4_flip 4 8 1
Tile:6 4 4 0
Tile:0 3 7 1
Tile:7_flip 8 6 0
Tile:9_flip 10 4 1
Tile:0 9 4 0
Map 12 3 1
Tile:0 8 4 0
Map 12 7 1
Tile:5_flip 6 4 0
Drop 4 0 1
Destroy 10 6 0
Tile:1 8 7 1
Tile:13 10 6 0
Malus 0 0 1
Bonus 0 0 0
Map 12 3 1
Tile:14 11 6 0
Drop 1 0 1
Malus 0 0 0
Bonus 0 0 1
GAMEOVER DRAW
# Game ended: Sun Apr 05 17:11:03 EDT 2020
