# Server version 0.08 running on localhost:8123
# Game ID: 316
# Board class: Saboteur.SaboteurBoard
# Timeout: 2000000000
# First Move Timeout: 30000
# Date: Fri Apr 03 03:39:44 EDT 2020
# Player 1: Player-0, '260729805', running on localhost
# Player 2: Player-1, '260729805', running on localhost
START Player-0 260729805
START Player-1 260729805
BoardInit:Tile:7,Destroy,Tile:0,Bonus,Tile:7,Tile:6,Tile:8,Tile:8,Tile:0,Bonus,Tile:8,Tile:10,Tile:6,Bonus,Tile:7,Tile:0,Tile:4,Map,Tile:15,Tile:5,Destroy,Tile:12,Tile:9,Tile:10,Tile:9,Malus,Tile:11,Map,Map,Tile:6,Tile:5,Bonus,Malus,Tile:8,Tile:7,Tile:9,Tile:10,Map,Tile:1,Tile:3,Destroy-Tile:5,Tile:6,Tile:9,Tile:6,Map,Tile:13,Tile:0-Map,Tile:2,Tile:14,Tile:8,Tile:9,Tile:7,Tile:5-Tile:hidden2,Tile:hidden1,Tile:nugget
Map 12 3 1
Map 12 3 0
Tile:5_flip 6 5 1
Tile:8 6 4 0
Tile:6 7 4 1
Tile:9_flip 8 4 0
Tile:9 8 5 1
Tile:7 9 5 0
Tile:6 9 6 1
Tile:5_flip 10 6 0
Tile:7_flip 8 6 1
Tile:6_flip 8 3 0
Tile:0 9 3 1
Tile:8 7 3 0
Tile:7 7 2 1
Tile:10 5 6 0
Tile:8 6 3 1
Tile:0 5 3 0
Tile:8 6 2 1
Map 12 3 0
Tile:6_flip 5 4 1
Tile:5 6 1 0
Tile:0 7 1 1
Tile:12 8 1 0
Tile:7_flip 5 7 1
Destroy 10 6 0
Tile:0 10 6 1
Tile:2 6 7 0
Tile:9 4 5 1
Map 12 3 0
Map 12 3 1
Tile:6 5 2 0
Tile:4 5 1 1
Tile:10 4 6 0
Tile:9 4 4 1
Tile:8 4 3 0
Destroy 10 6 1
Tile:9_flip 10 6 0
Tile:5_flip 4 7 1
Map 12 3 0
Tile:7_flip 3 3 1
Tile:14 7 7 0
Destroy 10 6 1
Tile:3 10 6 0
Tile:10 3 2 1
Drop 4 0 0
Malus 0 0 1
Bonus 0 0 0
Tile:15 7 6 1
Drop 2 0 0
Tile:13 6 8 1
Drop 1 0 0
Tile:1 7 8 1
Drop 0 0 0
Tile:11_flip 8 8 1
GAMEOVER DRAW
# Game ended: Fri Apr 03 03:39:45 EDT 2020
