# Server version 0.08 running on localhost:8123
# Game ID: 389
# Board class: Saboteur.SaboteurBoard
# Timeout: 2000000000
# First Move Timeout: 30000
# Date: Sat Apr 04 00:46:44 EDT 2020
# Player 1: Player-0, '260729805', running on localhost
# Player 2: Player-1, 'RandomPlayer', running on localhost
START Player-0 260729805
START Player-1 RandomPlayer
BoardInit:Tile:0,Bonus,Tile:8,Bonus,Tile:6,Tile:4,Destroy,Tile:9,Tile:5,Tile:9,Tile:1,Destroy,Tile:7,Tile:5,Tile:10,Malus,Tile:11,Tile:0,Map,Map,Tile:0,Tile:6,Tile:5,Tile:9,Tile:14,Tile:6,Tile:8,Tile:8,Map,Tile:8,Tile:12,Tile:9,Map,Bonus,Map,Tile:7,Map,Tile:7,Tile:15,Tile:6,Tile:3-Destroy,Tile:13,Tile:7,Tile:6,Tile:5,Tile:10,Bonus-Tile:9,Tile:10,Tile:2,Tile:7,Tile:0,Malus,Tile:8-Tile:hidden1,Tile:nugget,Tile:hidden2
Tile:7_flip 4 5 1
Tile:2 5 4 0
Destroy 5 4 1
Drop 6 0 0
Tile:5_flip 5 6 1
Drop 6 0 0
Tile:13 5 4 1
Tile:7 6 4 0
Tile:6_flip 4 4 1
Tile:4 5 3 0
Drop 1 0 1
Drop 6 0 0
Drop 6 0 1
Destroy 6 4 0
Tile:0 4 6 1
Tile:0 6 4 0
Drop 0 0 1
Tile:5_flip 7 4 0
Tile:5 7 3 1
Tile:0 8 3 0
Tile:6 3 4 1
Map 12 3 0
Map 12 5 1
Tile:6 2 4 0
Tile:7 2 3 1
Drop 6 0 0
Destroy 8 3 1
Tile:6 3 6 0
Tile:14_flip 1 3 1
Drop 6 0 0
Map 12 3 1
Drop 6 0 0
Tile:8 1 4 1
Drop 6 0 0
Tile:5 3 3 1
Drop 6 0 0
Tile:11_flip 8 3 1
Tile:7 6 5 0
Map 12 5 1
Tile:7_flip 6 6 0
Tile:8 2 6 1
Tile:6 7 6 0
Tile:3_flip 8 4 1
Drop 5 0 0
Map 12 5 1
Drop 4 0 0
Tile:12 4 3 1
Drop 3 0 0
Drop 1 0 1
Drop 2 0 0
Tile:15 1 5 1
Drop 1 0 0
Drop 1 0 1
Drop 0 0 0
Drop 0 0 1
GAMEOVER DRAW
# Game ended: Sat Apr 04 00:46:58 EDT 2020
