# Server version 0.08 running on macbook-pro-5.local:8123
# Game ID: 773
# Board class: Saboteur.SaboteurBoard
# Timeout: 2000000000
# First Move Timeout: 30000
# Date: Thu Apr 09 02:00:03 EDT 2020
# Player 1: Player-0, '260729805', running on macbook-pro-5.local
# Player 2: Player-1, 'RandomPlayer', running on macbook-pro-5.local
START Player-0 260729805
START Player-1 RandomPlayer
BoardInit:Tile:14,Map,Destroy,Tile:7,Tile:5,Tile:8,Tile:9,Malus,Tile:13,Tile:11,Tile:9,Destroy,Tile:2,Tile:0,Bonus,Tile:7,Tile:7,Bonus,Tile:5,Tile:4,Tile:8,Tile:8,Tile:3,Tile:6,Bonus,Tile:9,Tile:10,Map,Tile:5,Tile:0,Tile:8,Tile:6,Tile:1,Tile:10,Map,Destroy,Map,Tile:5,Tile:8,Bonus,Map-Malus,Map,Tile:6,Tile:10,Tile:0,Tile:15,Tile:9-Tile:6,Tile:12,Tile:7,Tile:7,Tile:0,Tile:9,Tile:6-Tile:nugget,Tile:hidden2,Tile:hidden1
Map 12 3 1
Tile:6 6 5 0
Tile:9 4 5 1
Map 12 3 0
Tile:14 4 6 1
Tile:7 7 5 0
Tile:5 3 6 1
Tile:7_flip 7 6 0
Tile:9_flip 6 4 1
Tile:0 8 6 0
Destroy 7 5 1
Tile:6_flip 7 5 0
Tile:9_flip 3 7 1
Tile:7 9 6 0
Tile:10 4 4 1
Tile:0 8 5 0
Drop 1 0 1
Tile:7_flip 9 7 0
Tile:2_flip 2 7 1
Tile:9_flip 10 7 0
Tile:7_flip 10 8 1
Tile:8 11 8 0
Tile:15 5 6 1
Tile:8 12 8 0
Tile:8 5 7 1
Tile:6_flip 12 6 0
Tile:3_flip 11 9 1
Tile:9 11 6 0
Tile:0 13 8 1
Tile:4 11 5 0
Tile:5_flip 6 7 1
Tile:0 13 6 0
Tile:5_flip 3 8 1
Tile:6 9 5 0
Tile:1 1 7 1
Tile:10 9 4 0
Tile:10 10 6 1
Destroy 11 5 0
Tile:13 12 9 1
Tile:5 9 3 0
Tile:8 10 5 1
Tile:12 10 3 0
Map 12 3 1
Destroy 10 3 0
Drop 4 0 1
Tile:11_flip 10 3 0
Map 12 5 1
Drop 3 0 0
Map 12 5 1
Drop 2 0 0
Drop 0 0 1
Drop 1 0 0
Drop 1 0 1
Malus 0 0 0
Bonus 0 0 1
GAMEOVER DRAW
# Game ended: Thu Apr 09 02:00:12 EDT 2020
