# Server version 0.08 running on macbook-pro-5.local:8123
# Game ID: 804
# Board class: Saboteur.SaboteurBoard
# Timeout: 2000000000
# First Move Timeout: 30000
# Date: Thu Apr 09 02:17:04 EDT 2020
# Player 1: Player-0, '260729805', running on macbook-pro-5.local
# Player 2: Player-1, 'RandomPlayer', running on macbook-pro-5.local
START Player-0 260729805
START Player-1 RandomPlayer
BoardInit:Tile:9,Destroy,Map,Tile:7,Bonus,Tile:9,Tile:8,Tile:8,Tile:10,Map,Tile:10,Tile:8,Map,Destroy,Tile:11,Malus,Bonus,Bonus,Tile:4,Tile:0,Bonus,Tile:0,Tile:12,Tile:8,Malus,Tile:2,Tile:5,Tile:5,Tile:1,Tile:9,Tile:7,Tile:9,Tile:10,Tile:13,Map,Tile:6,Tile:0,Tile:5,Tile:7,Tile:9,Tile:7-Tile:5,Destroy,Tile:8,Tile:7,Tile:0,Tile:14,Tile:6-Tile:6,Tile:6,Map,Tile:6,Tile:15,Tile:3,Map-Tile:hidden2,Tile:hidden1,Tile:nugget
Tile:6 4 5 1
Map 12 3 0
Tile:14 5 6 1
Map 12 5 0
Tile:8 6 5 1
Tile:6 7 5 0
Drop 6 0 1
Tile:6 8 5 0
Tile:7_flip 6 6 1
Tile:6 9 5 0
Drop 5 0 1
Tile:7 10 5 0
Tile:10 5 4 1
Tile:9 10 6 0
Tile:10 5 3 1
Tile:8 9 4 0
Destroy 6 6 1
Tile:8 8 4 0
Tile:11 6 4 1
Tile:3 11 6 0
Tile:4 4 4 1
Tile:0 10 4 0
Map 12 3 1
Tile:0 11 4 0
Tile:9_flip 12 4 1
Destroy 12 4 0
Tile:5 4 6 1
Tile:8 11 7 0
Map 12 7 1
Tile:5 9 3 0
Drop 3 0 1
Tile:9 10 7 0
GAMEOVER WINNER 0
# Game ended: Thu Apr 09 02:17:06 EDT 2020
