# Server version 0.08 running on localhost:8123
# Game ID: 321
# Board class: Saboteur.SaboteurBoard
# Timeout: 2000000000
# First Move Timeout: 30000
# Date: Fri Apr 03 03:40:52 EDT 2020
# Player 1: Player-0, '260729805', running on localhost
# Player 2: Player-1, 'RandomPlayer', running on localhost
START Player-0 260729805
START Player-1 RandomPlayer
BoardInit:Tile:5,Tile:7,Destroy,Tile:7,Tile:0,Map,Tile:5,Bonus,Tile:6,Tile:6,Map,Tile:3,Map,Destroy,Tile:15,Tile:6,Tile:13,Map,Map,Tile:10,Tile:9,Tile:7,Tile:12,Bonus,Tile:8,Tile:10,Map,Tile:8,Tile:8,Tile:9,Tile:10,Tile:4,Tile:7,Malus,Tile:11,Tile:1,Tile:0,Tile:5,Tile:9,Tile:9,Tile:6-Tile:6,Destroy,Bonus,Tile:7,Tile:8,Tile:5,Bonus-Tile:0,Tile:2,Tile:9,Malus,Tile:0,Tile:8,Tile:14-Tile:hidden2,Tile:hidden1,Tile:nugget
Drop 2 0 1
Tile:0 6 5 0
Tile:6 5 6 1
Tile:9_flip 7 5 0
Destroy 5 6 1
Tile:8 7 4 0
Tile:5 4 5 1
Map 12 3 0
Tile:8 7 3 1
Tile:0 8 4 0
Tile:5 5 4 1
Tile:7 9 4 0
Tile:5_flip 9 5 1
Tile:6 8 3 0
Destroy 6 5 1
Tile:7_flip 5 6 0
Tile:0 6 3 1
Tile:6 6 5 0
Drop 1 0 1
Map 12 3 0
Tile:6 9 3 1
Tile:10 9 2 0
Tile:15 8 2 1
Tile:7 9 1 0
Tile:7 7 2 1
Destroy 9 5 0
Tile:12_flip 5 3 1
Tile:10 9 5 0
Map 12 5 1
Tile:8 9 6 0
Map 12 3 1
Tile:9_flip 10 6 0
Tile:8 8 1 1
Tile:4_flip 9 7 0
Drop 5 0 1
Tile:2 8 6 0
Map 12 5 1
Tile:14 8 7 0
Tile:7_flip 6 2 1
Tile:5 8 0 0
Tile:0 9 0 1
Tile:9 7 6 0
Tile:11 6 1 1
Tile:3 10 0 0
Drop 4 0 1
Tile:1 7 1 0
Tile:9 10 7 1
Drop 3 0 0
Tile:6_flip 6 4 1
Drop 2 0 0
Tile:13 7 7 1
Drop 1 0 0
Tile:8 6 0 1
Malus 0 0 0
Map 12 5 1
GAMEOVER DRAW
# Game ended: Fri Apr 03 03:40:52 EDT 2020
