# Server version 0.08 running on localhost:8123
# Game ID: 182
# Board class: Saboteur.SaboteurBoard
# Timeout: 2000000000
# First Move Timeout: 30000
# Date: Tue Mar 31 22:05:09 EDT 2020
# Player 1: Player-0, '260729805', running on localhost
# Player 2: Player-1, 'Human', running on localhost
START Player-0 260729805
START Player-1 Human
BoardInit:Tile:6,Map,Tile:15,Tile:10,Tile:1,Tile:9,Bonus,Tile:5,Tile:11,Tile:6,Tile:0,Tile:7,Tile:9,Tile:8,Destroy,Tile:14,Tile:3,Tile:4,Destroy,Tile:0,Tile:10,Tile:8,Tile:8,Tile:6,Map,Tile:7,Bonus,Map,Malus,Map,Tile:8,Tile:6,Tile:8,Tile:2,Tile:5,Malus,Tile:10,Bonus,Tile:9,Tile:7,Tile:12-Tile:0,Map,Tile:6,Map,Tile:5,Tile:7,Tile:5-Tile:9,Bonus,Tile:7,Tile:0,Tile:9,Destroy,Tile:13-Tile:hidden2,Tile:nugget,Tile:hidden1
Map 12 5 1
Tile:9_flip 6 5 0
Tile:6 6 6 1
Map 12 5 0
Tile:7 7 6 1
Tile:7_flip 7 7 0
Tile:0 8 7 1
Tile:0 9 7 0
Tile:1 10 7 1
Tile:9_flip 11 7 0
Tile:15 11 6 1
Tile:13 11 5 0
Tile:6 5 6 1
Destroy 11 5 0
Tile:9 4 6 1
Tile:10 11 5 0
Destroy 11 5 1
Tile:9 11 5 0
Tile:5 11 4 1
Tile:5_flip 12 4 0
Destroy 11 7 1
Tile:6 11 7 0
