# Server version 0.08 running on localhost:8123
# Game ID: 252
# Board class: Saboteur.SaboteurBoard
# Timeout: 2000000000
# First Move Timeout: 30000
# Date: Fri Apr 03 00:50:29 EDT 2020
# Player 1: Player-0, '260729805', running on localhost
# Player 2: Player-1, 'Human', running on localhost
START Player-0 260729805
START Player-1 Human
BoardInit:Tile:4,Tile:7,Tile:9,Tile:15,Map,Bonus,Tile:5,Tile:7,Map,Tile:7,Tile:3,Tile:8,Bonus,Tile:8,Destroy,Tile:5,Bonus,Tile:14,Tile:8,Tile:0,Destroy,Map,Map,Tile:11,Tile:7,Malus,Tile:9,Malus,Tile:1,Tile:9,Tile:9,Tile:0,Tile:10,Map,Tile:9,Tile:10,Tile:10,Tile:7,Tile:13,Tile:8,Tile:6-Tile:0,Tile:5,Tile:5,Tile:8,Map,Tile:6,Tile:0-Bonus,Tile:6,Destroy,Tile:6,Tile:2,Tile:6,Tile:12-Tile:nugget,Tile:hidden2,Tile:hidden1
Tile:6 6 5 1
Tile:6_flip 7 5 0
Tile:8 8 5 1
Tile:6_flip 9 5 0
Tile:4 8 4 1
Tile:6_flip 6 4 0
Map 12 5 1
Tile:7_flip 9 6 0
Map 12 7 1
Tile:7 10 6 0
Tile:0 10 5 1
Tile:7 11 5 0
Tile:9 10 7 1
Tile:8 11 7 0
Drop 5 0 1
Tile:8 10 8 0
Destroy 11 5 1
Tile:12 11 5 0
Tile:5 11 6 1
Tile:14 13 7 0
Tile:8 12 6 1
Tile:5 9 8 0
Tile:5 12 4 1
Tile:0 4 5 0
Destroy 11 5 1
Tile:15 8 6 0
Map 12 3 1
Tile:2_flip 11 5 0
Tile:7 11 4 1
Tile:11 8 7 0
Tile:1 10 4 1
Tile:9_flip 7 6 0
GAMEOVER USER CANCEL UNDECIDED
# Game ended: Fri Apr 03 00:54:45 EDT 2020
