# Server version 0.08 running on macbook-pro-5.local:8123
# Game ID: 832
# Board class: Saboteur.SaboteurBoard
# Timeout: 2000000000
# First Move Timeout: 30000
# Date: Thu Apr 09 16:27:00 EDT 2020
# Player 1: Player-0, '260729805', running on macbook-pro-5.local
# Player 2: Player-1, 'RandomPlayer', running on macbook-pro-5.local
START Player-0 260729805
START Player-1 RandomPlayer
BoardInit:Tile:6,Tile:15,Destroy,Tile:14,Tile:6,Tile:8,Malus,Tile:0,Tile:2,Map,Tile:7,Tile:5,Tile:5,Tile:0,Tile:8,Bonus,Destroy,Tile:9,Tile:11,Tile:7,Tile:5,Tile:13,Tile:0,Tile:9,Malus,Destroy,Tile:10,Tile:7,Tile:10,Bonus,Tile:9,Map,Map,Tile:7,Tile:10,Tile:0,Tile:6,Tile:4,Bonus,Tile:5,Tile:8-Bonus,Map,Tile:8,Tile:3,Tile:9,Tile:6,Tile:1-Tile:7,Map,Map,Tile:9,Tile:12,Tile:8,Tile:6-Tile:nugget,Tile:hidden2,Tile:hidden1
Tile:6 4 5 1
Tile:12_flip 3 5 0
Tile:9_flip 6 5 1
Tile:7 5 4 0
Tile:6_flip 4 4 1
Map 12 7 0
Tile:6 3 4 1
Tile:15 6 6 0
Tile:3 3 3 1
Tile:14 5 6 0
Drop 1 0 1
Tile:0 4 6 0
Destroy 3 3 1
Tile:8 2 4 0
Tile:1 1 4 1
Tile:6_flip 0 4 0
Tile:2 3 6 1
Tile:9_flip 6 7 0
Drop 1 0 1
Map 12 5 0
Tile:5 2 3 1
Tile:9_flip 2 5 0
Tile:8 2 6 1
Tile:13 3 3 0
Tile:0 1 5 1
Tile:9_flip 2 7 0
Destroy 5 4 1
Destroy 6 5 0
Tile:11_flip 3 2 1
Tile:8 0 5 0
Tile:5 1 6 1
Tile:7_flip 2 2 0
Tile:10 2 8 1
Map 12 7 0
Tile:10 2 1 1
Map 12 5 0
Tile:9 3 1 1
Tile:7_flip 1 7 0
Tile:6_flip 6 5 1
Tile:4_flip 6 8 0
Drop 2 0 1
Tile:7 4 1 0
Tile:8 7 5 1
Tile:0 4 3 0
Drop 4 0 1
Tile:5 3 0 0
Map 12 3 1
Tile:0 5 3 0
Drop 0 0 1
Tile:5 5 7 0
Drop 0 0 1
Drop 0 0 0
Malus 0 0 1
Bonus 0 0 0
Drop 0 0 1
GAMEOVER DRAW
# Game ended: Thu Apr 09 16:27:00 EDT 2020
