# Server version 0.08 running on localhost:8123
# Game ID: 753
# Board class: Saboteur.SaboteurBoard
# Timeout: 2000000000
# First Move Timeout: 30000
# Date: Thu Apr 09 01:43:14 EDT 2020
# Player 1: Player-0, '260729805', running on localhost
# Player 2: Player-1, 'RandomPlayer', running on localhost
START Player-0 260729805
START Player-1 RandomPlayer
BoardInit:Tile:0,Tile:11,Map,Destroy,Tile:7,Tile:8,Map,Tile:10,Tile:13,Destroy,Tile:5,Tile:12,Destroy,Tile:7,Tile:9,Tile:7,Tile:4,Bonus,Map,Tile:6,Bonus,Tile:6,Malus,Map,Tile:14,Tile:7,Tile:2,Malus,Tile:10,Tile:15,Tile:9,Tile:6,Tile:0,Tile:9,Tile:6,Tile:8,Tile:7,Tile:5,Tile:5,Bonus,Tile:5-Bonus,Tile:8,Tile:8,Tile:9,Tile:0,Tile:0,Map-Map,Tile:6,Tile:3,Tile:1,Tile:8,Tile:9,Tile:10-Tile:nugget,Tile:hidden1,Tile:hidden2
Drop 3 0 1
Map 12 3 0
Drop 1 0 1
Tile:6 6 5 0
Map 12 7 1
Tile:8 7 5 0
Tile:8 5 6 1
Tile:9_flip 8 5 0
Tile:0 6 6 1
Tile:10 8 4 0
Map 12 3 1
Tile:8 8 3 0
Tile:7_flip 7 3 1
Tile:10 8 2 0
Tile:5 6 4 1
Tile:7 9 3 0
Tile:13 5 7 1
Tile:7_flip 9 4 0
Tile:4 5 4 1
Tile:12 10 4 0
Destroy 6 6 1
Tile:6_flip 8 1 0
Tile:0 6 6 1
Tile:6 9 1 0
Drop 0 0 1
Destroy 10 4 0
Tile:9 4 7 1
Tile:7 10 4 0
Map 12 7 1
Destroy 5 4 0
Tile:10 7 2 1
Tile:3 10 1 0
Tile:9 9 0 1
Tile:6 10 0 0
Tile:2 6 7 1
Tile:9_flip 11 0 0
Malus 0 0 1
Bonus 0 0 0
Tile:7_flip 10 5 1
Tile:5_flip 11 5 0
Tile:14 7 6 1
Tile:8 10 2 0
Tile:6 4 8 1
Tile:11 11 1 0
Tile:5 7 1 1
Tile:15 8 6 0
Tile:5 3 8 1
Tile:1 7 7 0
Tile:0 4 5 1
Drop 2 0 0
Tile:0 3 5 1
Drop 1 0 0
Map 12 3 1
Drop 0 0 0
Drop 0 0 1
GAMEOVER DRAW
# Game ended: Thu Apr 09 01:43:15 EDT 2020
