# Server version 0.08 running on localhost:8123
# Game ID: 737
# Board class: Saboteur.SaboteurBoard
# Timeout: 2000000000
# First Move Timeout: 30000
# Date: Thu Apr 09 01:35:46 EDT 2020
# Player 1: Player-0, '260729805', running on localhost
# Player 2: Player-1, 'RandomPlayer', running on localhost
START Player-0 260729805
START Player-1 RandomPlayer
BoardInit:Tile:1,Tile:2,Tile:5,Tile:3,Tile:7,Tile:4,Tile:0,Tile:10,Tile:0,Map,Tile:5,Tile:8,Tile:6,Tile:8,Tile:13,Tile:5,Destroy,Tile:6,Tile:9,Tile:8,Bonus,Bonus,Bonus,Tile:8,Tile:7,Malus,Tile:12,Malus,Destroy,Tile:14,Destroy,Bonus,Tile:9,Tile:10,Tile:8,Tile:9,Tile:7,Tile:6,Tile:11,Map,Map-Tile:0,Tile:6,Tile:15,Map,Tile:5,Tile:6,Map-Tile:9,Tile:0,Tile:10,Tile:9,Tile:7,Tile:7,Map-Tile:hidden2,Tile:hidden1,Tile:nugget
Tile:6 4 5 1
Tile:0 6 5 0
Tile:5 5 4 1
Tile:7 7 5 0
Tile:1 3 5 1
Tile:7_flip 7 6 0
Tile:7_flip 5 6 1
Tile:9_flip 8 6 0
Tile:0 6 4 1
Tile:10 8 5 0
Drop 1 0 1
Tile:9 8 4 0
Tile:5 2 5 1
Tile:8 9 4 0
Tile:6_flip 10 4 1
Tile:4 4 4 0
Tile:5_flip 7 4 1
Tile:3 6 6 0
Destroy 5 6 1
Tile:2_flip 5 6 0
Tile:15 9 5 1
Drop 6 0 0
Tile:9 9 3 1
Drop 6 0 0
Tile:6 10 3 1
Tile:8 11 3 0
Tile:13 11 4 1
Tile:8 12 4 0
Drop 6 0 1
Tile:10 12 6 0
GAMEOVER WINNER 0
# Game ended: Thu Apr 09 01:35:46 EDT 2020
