# Server version 0.08 running on localhost:8123
# Game ID: 516
# Board class: Saboteur.SaboteurBoard
# Timeout: 2000000000
# First Move Timeout: 30000
# Date: Sun Apr 05 18:33:05 EDT 2020
# Player 1: Player-0, '260729805', running on localhost
# Player 2: Player-1, 'Human', running on localhost
START Player-0 260729805
START Player-1 Human
BoardInit:Tile:5,Map,Tile:10,Bonus,Destroy,Tile:12,Tile:9,Tile:13,Tile:6,Tile:0,Map,Map,Tile:2,Tile:6,Tile:7,Bonus,Bonus,Destroy,Malus,Tile:9,Map,Map,Tile:6,Tile:15,Tile:5,Tile:14,Tile:9,Tile:8,Tile:7,Tile:8,Tile:10,Tile:5,Tile:8,Tile:0,Tile:6,Tile:9,Tile:7,Tile:0,Malus,Tile:5,Tile:10-Tile:1,Tile:7,Tile:8,Tile:7,Tile:9,Tile:11,Tile:3-Destroy,Tile:8,Tile:0,Tile:6,Tile:4,Bonus,Map-Tile:hidden2,Tile:hidden1,Tile:nugget
Tile:8 6 5 1
Map 12 3 0
Tile:7 7 5 1
Tile:6 6 6 0
Drop 0 0 1
Tile:0 4 5 0
Destroy 6 6 1
Destroy 7 5 0
Tile:7 7 5 1
Tile:13 7 6 0
Drop 2 0 1
Tile:0 8 6 0
Tile:6 9 6 1
Tile:12 10 6 0
Tile:9 9 5 1
Tile:6 10 5 0
