# Server version 0.08 running on macbook-pro-5.local:8123
# Game ID: 1038
# Board class: Saboteur.SaboteurBoard
# Timeout: 2000000000
# First Move Timeout: 30000
# Date: Sat Apr 11 14:02:36 EDT 2020
# Player 1: Player-0, '260729805', running on localhost
# Player 2: Player-1, 'RandomPlayer', running on localhost
START Player-0 260729805
START Player-1 RandomPlayer
BoardInit:Tile:15,Tile:9,Tile:0,Malus,Map,Tile:9,Tile:2,Tile:6,Tile:14,Map,Tile:4,Tile:11,Tile:0,Tile:7,Tile:1,Tile:12,Tile:7,Destroy,Tile:8,Tile:5,Tile:9,Map,Tile:5,Destroy,Tile:8,Bonus,Tile:8,Bonus,Tile:9,Tile:6,Tile:7,Tile:10,Tile:9,Tile:10,Tile:6,Tile:8,Tile:3,Map,Map,Tile:5,Tile:0-Tile:0,Tile:7,Malus,Tile:6,Tile:6,Tile:7,Destroy-Tile:8,Bonus,Map,Tile:10,Bonus,Tile:13,Tile:5-Tile:hidden1,Tile:nugget,Tile:hidden2
Tile:6_flip 5 4 1
Map 12 3 0
Malus 0 0 1
Bonus 0 0 0
Tile:6 5 6 1
Tile:8 6 5 0
Drop 2 0 1
Tile:9_flip 7 5 0
Tile:2_flip 4 4 1
Tile:10 7 4 0
Destroy 7 4 1
Map 12 5 0
Drop 4 0 1
Tile:9 7 4 0
Tile:7 7 3 1
Tile:6 8 4 0
Tile:14_flip 6 3 1
Tile:7 9 4 0
Tile:0 4 5 1
Destroy 6 3 0
Tile:1 4 6 1
Tile:5 8 3 0
Tile:0 3 5 1
Tile:5 6 3 0
Tile:5_flip 6 6 1
Destroy 4 4 0
Tile:8 2 5 1
Tile:12 9 3 0
Tile:7_flip 9 5 1
Tile:13 10 5 0
Tile:8 1 5 1
Tile:6 11 5 0
Tile:9_flip 10 6 1
Tile:10 11 4 0
Tile:4 11 3 1
Tile:10 7 6 0
Tile:6_flip 3 6 1
Tile:8 7 7 0
Tile:9_flip 6 4 1
Tile:11 10 7 0
Tile:15 1 4 1
Tile:5 6 7 0
Tile:8 2 6 1
Drop 5 0 0
Tile:7 11 7 1
Drop 4 0 0
Tile:0 9 6 1
Drop 3 0 0
Tile:3_flip 8 6 1
Drop 2 0 0
Tile:9_flip 1 3 1
Drop 1 0 0
Map 12 7 1
Drop 0 0 0
Drop 0 0 1
GAMEOVER DRAW
# Game ended: Sat Apr 11 14:02:38 EDT 2020
