# Server version 0.08 running on localhost:8123
# Game ID: 44
# Board class: Saboteur.SaboteurBoard
# Timeout: 20000
# First Move Timeout: 30000
# Date: Sun Mar 29 22:44:57 EDT 2020
# Player 1: Player-0, '260729805', running on localhost
# Player 2: Player-1, 'RandomPlayer', running on localhost
START Player-0 260729805
START Player-1 RandomPlayer
BoardInit:Tile:7,Tile:2,Tile:0,Tile:1,Malus,Tile:3,Map,Malus,Tile:13,Tile:8,Tile:8,Tile:0,Tile:6,Map,Tile:6,Tile:5,Map,Tile:6,Tile:9,Tile:14,Tile:8,Tile:9,Bonus,Tile:0,Destroy,Tile:15,Tile:9,Map,Tile:10,Bonus,Tile:10,Tile:5,Tile:8,Map,Tile:10,Destroy,Tile:12,Tile:7,Map,Tile:7,Bonus-Tile:7,Tile:6,Tile:6,Tile:7,Tile:8,Tile:0,Tile:5-Tile:9,Tile:11,Bonus,Tile:9,Tile:5,Tile:4,Destroy-Tile:hidden1,Tile:hidden2,Tile:nugget
Tile:6_flip 4 5 1
Tile:9_flip 4 6 0
Tile:7 5 4 1
Tile:9 3 6 0
Tile:0 4 4 1
Tile:5 3 4 0
Tile:7 6 5 1
Drop 4 0 0
Tile:7_flip 5 6 1
Malus 0 0 0
Drop 1 0 1
Tile:11 4 7 0
Drop 6 0 1
Tile:4_flip 4 8 0
Map 12 5 1
Destroy 4 7 0
Drop 1 0 1
Tile:8 3 5 0
Map 12 7 1
Tile:1 2 5 0
Drop 2 0 1
Tile:14 6 6 0
Drop 0 0 1
Tile:5_flip 3 7 0
Drop 5 0 1
Tile:0 2 7 0
Destroy 2 7 1
Tile:6 2 7 0
Drop 6 0 1
Map 12 5 0
Drop 1 0 1
Tile:3 2 6 0
Drop 4 0 1
Tile:9 4 7 0
Drop 3 0 1
Tile:0 5 7 0
Drop 3 0 1
Destroy 3 6 0
Drop 6 0 1
Map 12 3 0
Drop 6 0 1
Drop 6 0 0
Drop 5 0 1
Tile:7_flip 1 7 0
Drop 4 0 1
Drop 3 0 0
Drop 3 0 1
Drop 3 0 0
Drop 2 0 1
Drop 2 0 0
Drop 0 0 1
Drop 0 0 0
Bonus 0 0 1
Drop 0 0 0
Drop 0 0 1
GAMEOVER DRAW
# Game ended: Sun Mar 29 22:44:57 EDT 2020
