# Server version 0.08 running on localhost:8123
# Game ID: 47
# Board class: Saboteur.SaboteurBoard
# Timeout: 20000
# First Move Timeout: 30000
# Date: Sun Mar 29 22:54:54 EDT 2020
# Player 1: Player-0, '260729805', running on localhost
# Player 2: Player-1, 'RandomPlayer', running on localhost
START Player-0 260729805
START Player-1 RandomPlayer
BoardInit:Tile:10,Tile:2,Tile:13,Tile:6,Malus,Tile:5,Tile:5,Tile:8,Tile:8,Tile:0,Tile:6,Bonus,Tile:1,Tile:7,Tile:8,Destroy,Tile:7,Map,Malus,Tile:6,Tile:12,Bonus,Tile:9,Tile:11,Tile:15,Destroy,Tile:5,Destroy,Tile:9,Bonus,Map,Map,Tile:0,Tile:9,Tile:9,Tile:7,Tile:9,Map,Tile:8,Tile:0,Tile:7-Tile:3,Tile:14,Tile:8,Map,Tile:10,Tile:7,Tile:4-Tile:6,Tile:10,Tile:5,Tile:6,Map,Tile:0,Bonus-Tile:nugget,Tile:hidden2,Tile:hidden1
Tile:8 6 5 1
Map 12 3 0
Tile:14_flip 4 5 1
Tile:10 6 4 0
Tile:3_flip 6 6 1
Tile:2 6 3 0
Drop 4 0 1
Tile:6 7 6 0
Tile:5 5 3 1
Tile:6_flip 7 5 0
Tile:10 4 6 1
Tile:5_flip 8 6 0
Map 12 5 1
Drop 4 0 0
Tile:1 7 3 1
Tile:7_flip 4 7 0
Drop 0 0 1
Tile:0 5 7 0
Tile:6_flip 8 5 1
Destroy 7 5 0
Tile:8 7 5 1
Map 12 3 0
Tile:7 8 3 1
Tile:0 9 5 0
Tile:8 10 5 1
Tile:6 10 6 0
Tile:13 11 6 1
Destroy 4 5 0
Tile:15 5 4 1
Tile:11_flip 10 4 0
Tile:4 7 4 1
Tile:6 9 4 0
Tile:9 11 7 1
Map 12 3 0
Tile:9 9 3 1
Tile:9_flip 11 5 0
Tile:5 11 4 1
Tile:7 10 3 0
Tile:9_flip 12 6 1
Destroy 9 4 0
Malus 0 0 1
Drop 2 0 0
Map 12 7 1
Bonus 0 0 0
Tile:7 12 4 1
Drop 3 0 0
Tile:12 6 7 1
Tile:5 9 2 0
Tile:8 4 5 1
Tile:0 3 5 0
Malus 0 0 1
Bonus 0 0 0
Tile:9_flip 11 8 1
Drop 0 0 0
Drop 0 0 1
GAMEOVER DRAW
# Game ended: Sun Mar 29 22:54:54 EDT 2020
