# Server version 0.08 running on 192.168.1.5:8123
# Game ID: 239
# Board class: Saboteur.SaboteurBoard
# Timeout: 2000000000
# First Move Timeout: 30000
# Date: Wed Apr 01 22:59:06 EDT 2020
# Player 1: Player-0, '260729805', running on 192.168.1.5
# Player 2: Player-1, 'Human', running on 192.168.1.5
START Player-0 260729805
START Player-1 Human
BoardInit:Tile:10,Bonus,Map,Tile:0,Tile:9,Map,Tile:7,Malus,Tile:9,Tile:6,Destroy,Tile:8,Bonus,Tile:8,Map,Tile:7,Map,Tile:7,Tile:5,Tile:11,Tile:0,Tile:9,Tile:1,Tile:8,Tile:10,Tile:6,Tile:7,Tile:12,Malus,Map,Tile:0,Tile:3,Tile:0,Tile:13,Tile:6,Tile:2,Tile:10,Tile:8,Tile:7,Tile:9,Destroy-Bonus,Destroy,Tile:6,Tile:4,Tile:15,Bonus,Tile:9-Tile:14,Tile:6,Tile:5,Tile:5,Tile:8,Map,Tile:5-Tile:nugget,Tile:hidden1,Tile:hidden2
Tile:6 6 5 1
Map 12 5 0
Tile:9 6 4 1
Tile:6 7 5 0
Map 12 3 1
Tile:8 8 5 0
Tile:9 8 4 1
Tile:0 9 5 0
Tile:15 6 3 1
Tile:5_flip 10 5 0
Tile:10 6 2 1
Tile:5 10 4 0
Tile:4 6 1 1
Tile:6_flip 11 4 0
