# Server version 0.08 running on localhost:8123
# Game ID: 1047
# Board class: Saboteur.SaboteurBoard
# Timeout: 2000000000
# First Move Timeout: 30000
# Date: Sat Apr 11 14:16:49 EDT 2020
# Player 1: Player-0, '260729805', running on localhost
# Player 2: Player-1, 'RandomPlayer', running on localhost
START Player-0 260729805
START Player-1 RandomPlayer
BoardInit:Tile:7,Tile:6,Tile:2,Tile:5,Bonus,Tile:8,Tile:9,Tile:7,Tile:9,Bonus,Tile:6,Tile:0,Tile:0,Tile:8,Tile:1,Map,Tile:0,Tile:8,Tile:15,Tile:12,Destroy,Tile:14,Malus,Tile:9,Tile:3,Tile:10,Bonus,Tile:10,Tile:5,Tile:4,Map,Tile:6,Tile:7,Tile:7,Map,Destroy,Tile:7,Map,Tile:6,Map,Tile:9-Tile:11,Tile:0,Tile:5,Destroy,Tile:10,Tile:5,Malus-Bonus,Tile:8,Tile:8,Map,Tile:6,Tile:13,Tile:9-Tile:hidden2,Tile:nugget,Tile:hidden1
Tile:11 4 5 1
Map 12 3 0
Tile:5 4 4 1
Tile:6 6 5 0
Tile:2 7 5 1
Tile:6_flip 6 4 0
Tile:5_flip 8 5 1
Tile:8 5 4 0
Drop 2 0 1
Tile:8 5 6 0
Tile:9 4 6 1
Tile:9 5 3 0
Tile:6 6 3 1
Tile:8 7 3 0
Destroy 7 5 1
Tile:8 8 3 0
Tile:9_flip 6 2 1
Map 12 5 0
Drop 3 0 1
Tile:8 9 3 0
Tile:0 7 5 1
Tile:7_flip 9 4 0
Tile:0 10 3 1
Tile:0 11 3 0
Tile:7 6 1 1
Tile:9 12 4 0
GAMEOVER WINNER 0
# Game ended: Sat Apr 11 14:16:50 EDT 2020
