# Server version 0.08 running on localhost:8123
# Game ID: 1033
# Board class: Saboteur.SaboteurBoard
# Timeout: 2000000000
# First Move Timeout: 30000
# Date: Sat Apr 11 13:57:57 EDT 2020
# Player 1: Player-0, '260729805', running on localhost
# Player 2: Player-1, 'RandomPlayer', running on localhost
START Player-0 260729805
START Player-1 RandomPlayer
BoardInit:Tile:12,Tile:6,Tile:4,Tile:10,Malus,Tile:8,Tile:6,Destroy,Malus,Tile:6,Tile:5,Tile:8,Tile:3,Tile:5,Bonus,Tile:7,Destroy,Bonus,Tile:6,Tile:9,Tile:0,Bonus,Tile:8,Tile:6,Tile:2,Tile:9,Tile:10,Tile:7,Tile:7,Tile:15,Tile:13,Tile:9,Tile:8,Map,Tile:0,Tile:10,Tile:8,Bonus,Tile:7,Tile:9,Tile:11-Tile:5,Map,Destroy,Tile:1,Map,Tile:0,Map-Tile:5,Map,Map,Tile:7,Tile:0,Tile:14,Tile:9-Tile:hidden2,Tile:nugget,Tile:hidden1
Map 12 3 1
Map 12 3 0
Tile:1 6 5 1
Map 12 5 0
Map 12 5 1
Tile:5 5 4 0
Tile:12 7 5 1
Tile:0 6 4 0
Malus 0 0 1
Drop 1 0 0
Destroy 5 4 1
Drop 6 0 0
Tile:6_flip 5 4 1
Drop 6 0 0
Malus 0 0 1
Drop 6 0 0
Tile:4_flip 5 6 1
Drop 6 0 0
Tile:3_flip 4 4 1
Bonus 0 0 0
Tile:5 4 5 1
Drop 6 0 0
Tile:5 4 3 1
Bonus 0 0 0
Tile:6 7 4 1
Destroy 4 4 0
Tile:2_flip 5 3 1
Tile:9_flip 8 4 0
Destroy 4 3 1
Tile:10 8 5 0
Tile:0 6 3 1
Tile:8 8 6 0
Tile:13 9 6 1
Tile:9 8 3 0
Tile:10 9 7 1
Tile:9_flip 9 3 0
Drop 6 0 1
Tile:10 9 4 0
Tile:8 10 6 1
Tile:7 9 2 0
Tile:7_flip 4 4 1
Tile:9 9 5 0
Tile:8 10 5 1
Tile:6 11 5 0
GAMEOVER WINNER 0
# Game ended: Sat Apr 11 13:57:57 EDT 2020
