# Server version 0.08 running on localhost:8123
# Game ID: 782
# Board class: Saboteur.SaboteurBoard
# Timeout: 2000000000
# First Move Timeout: 30000
# Date: Thu Apr 09 02:09:34 EDT 2020
# Player 1: Player-0, '260729805', running on localhost
# Player 2: Player-1, 'RandomPlayer', running on localhost
START Player-0 260729805
START Player-1 RandomPlayer
BoardInit:Tile:7,Bonus,Tile:10,Tile:2,Tile:9,Map,Tile:8,Bonus,Tile:0,Tile:6,Tile:6,Tile:0,Tile:15,Tile:0,Map,Destroy,Tile:12,Tile:9,Destroy,Tile:8,Tile:9,Tile:7,Tile:13,Tile:3,Tile:10,Bonus,Tile:5,Malus,Tile:4,Map,Map,Tile:7,Bonus,Tile:6,Map,Tile:8,Tile:1,Tile:6,Tile:5,Destroy,Tile:5-Tile:7,Tile:5,Tile:9,Tile:10,Tile:9,Tile:0,Tile:14-Tile:8,Tile:6,Map,Malus,Tile:8,Tile:7,Tile:11-Tile:nugget,Tile:hidden1,Tile:hidden2
Tile:9 4 5 1
Map 12 5 0
Tile:7 4 4 1
Tile:6 6 5 0
Tile:7_flip 5 6 1
Tile:7 7 5 0
Tile:9_flip 4 6 1
Tile:8 7 6 0
Tile:8 3 4 1
Tile:8 8 6 0
Tile:10 5 4 1
Tile:6 9 6 0
Tile:14 3 5 1
Tile:0 10 6 0
Tile:5 8 5 1
Tile:0 11 6 0
Map 12 7 1
Tile:11_flip 12 6 0
Tile:0 6 6 1
Tile:9_flip 9 5 0
Destroy 9 5 1
Tile:8 9 5 0
Tile:10 9 4 1
Destroy 12 6 0
Tile:9 3 3 1
Tile:7 12 6 0
Tile:10 9 3 1
Tile:2_flip 10 5 0
Drop 4 0 1
Tile:3 9 2 0
Drop 4 0 1
Drop 6 0 0
Tile:15 4 7 1
Tile:7 13 7 0
Tile:5 11 7 1
Tile:6 11 5 0
Drop 6 0 1
Tile:8 11 4 0
Tile:6 4 3 1
Tile:6 12 4 0
Tile:5 6 4 1
Destroy 9 2 0
Tile:12_flip 3 6 1
Drop 5 0 0
Tile:4_flip 4 8 1
Drop 4 0 0
Tile:5_flip 13 4 1
Drop 3 0 0
Tile:0 7 4 1
Drop 2 0 0
Drop 1 0 1
Drop 1 0 0
Tile:1 2 5 1
Malus 0 0 0
Drop 0 0 1
GAMEOVER DRAW
# Game ended: Thu Apr 09 02:09:36 EDT 2020
