# Server version 0.08 running on localhost:8123
# Game ID: 450
# Board class: Saboteur.SaboteurBoard
# Timeout: 2000000000
# First Move Timeout: 30000
# Date: Sun Apr 05 15:03:11 EDT 2020
# Player 1: Player-0, '260729805', running on localhost
# Player 2: Player-1, 'RandomPlayer', running on localhost
START Player-0 260729805
START Player-1 RandomPlayer
BoardInit:Tile:12,Malus,Tile:7,Tile:6,Bonus,Tile:0,Tile:9,Tile:8,Map,Tile:7,Tile:13,Tile:5,Tile:6,Tile:5,Map,Tile:9,Tile:0,Tile:8,Tile:10,Bonus,Tile:7,Tile:14,Map,Tile:9,Tile:4,Tile:6,Destroy,Tile:1,Malus,Map,Tile:7,Tile:7,Tile:0,Bonus,Tile:5,Tile:10,Tile:2,Tile:8,Destroy,Tile:0,Tile:3-Tile:9,Destroy,Tile:10,Bonus,Tile:8,Tile:5,Tile:11-Tile:6,Tile:6,Map,Map,Tile:15,Tile:9,Tile:8-Tile:hidden1,Tile:nugget,Tile:hidden2
Tile:9 5 6 1
Map 12 3 0
Destroy 5 6 1
Map 12 5 0
Tile:5_flip 5 6 1
Tile:6 6 5 0
Tile:12_flip 4 6 1
Tile:6 7 5 0
Tile:11_flip 6 4 1
Tile:6 8 5 0
Drop 1 0 1
Tile:0 9 5 0
Tile:7_flip 4 5 1
Tile:5_flip 10 5 0
Drop 5 0 1
Tile:7 4 4 0
Drop 0 0 1
Tile:15 10 4 0
Drop 3 0 1
Tile:9 8 4 0
Tile:9 5 4 1
Tile:8 3 4 0
Tile:10 7 4 1
Tile:8 3 3 0
Tile:8 2 4 1
Tile:9 10 3 0
Tile:6_flip 11 3 1
Tile:9 11 4 0
Tile:4_flip 11 5 1
Tile:8 12 4 0
Destroy 6 5 1
Tile:5_flip 13 4 0
Tile:7 6 3 1
Tile:6_flip 13 3 0
Tile:0 4 3 1
Tile:7_flip 1 4 0
Tile:5 3 2 1
Tile:10 8 3 0
Tile:7 10 2 1
Tile:8 5 3 0
Destroy 8 3 1
Tile:0 9 2 0
Tile:0 4 2 1
Tile:14 9 4 0
Tile:3_flip 2 5 1
Tile:1 8 2 0
Drop 3 0 1
Drop 3 0 0
Map 12 3 1
Drop 2 0 0
Map 12 3 1
Drop 1 0 0
Drop 1 0 1
Malus 0 0 0
Bonus 0 0 1
GAMEOVER DRAW
# Game ended: Sun Apr 05 15:03:12 EDT 2020
