# Server version 0.08 running on macbook-pro-5.local:8123
# Game ID: 671
# Board class: Saboteur.SaboteurBoard
# Timeout: 2000000000
# First Move Timeout: 30000
# Date: Thu Apr 09 01:04:14 EDT 2020
# Player 1: Player-0, '260729805', running on macbook-pro-5.local
# Player 2: Player-1, 'RandomPlayer', running on macbook-pro-5.local
START Player-0 260729805
START Player-1 RandomPlayer
BoardInit:Tile:5,Map,Tile:5,Destroy,Destroy,Bonus,Tile:13,Tile:10,Tile:8,Bonus,Tile:6,Tile:6,Map,Tile:15,Malus,Tile:9,Tile:6,Tile:0,Tile:7,Tile:2,Tile:0,Tile:6,Tile:8,Tile:10,Tile:12,Tile:11,Tile:7,Tile:5,Tile:14,Tile:9,Bonus,Tile:6,Map,Map,Tile:0,Bonus,Tile:1,Tile:4,Tile:3,Tile:7,Destroy-Tile:8,Tile:7,Tile:7,Tile:9,Tile:0,Tile:5,Malus-Map,Map,Tile:9,Tile:9,Tile:8,Tile:8,Tile:10-Tile:nugget,Tile:hidden2,Tile:hidden1
Tile:0 4 5 1
Map 12 3 0
Tile:5 3 5 1
Tile:9_flip 6 5 0
Tile:9_flip 3 6 1
Tile:9 6 4 0
Tile:5_flip 7 4 1
Tile:10 5 4 0
Destroy 4 5 1
Tile:8 4 5 0
Tile:8 7 3 1
Tile:8 6 3 0
Tile:7_flip 4 6 1
Tile:6_flip 5 3 0
Tile:13 5 6 1
Tile:10 4 4 0
Tile:5_flip 3 7 1
Tile:9_flip 6 6 0
Drop 1 0 1
Tile:0 8 3 0
Tile:6_flip 7 2 1
Destroy 5 6 0
Tile:8 6 2 1
Tile:6 5 6 0
Tile:8 6 7 1
Tile:10 6 1 0
Tile:7_flip 5 2 1
Tile:2_flip 8 2 0
Tile:6_flip 6 0 1
Tile:5 4 3 0
Tile:12 9 2 1
Tile:9_flip 5 1 0
Tile:0 9 3 1
Tile:6_flip 5 0 0
Tile:7 7 7 1
Drop 5 0 0
Tile:14_flip 2 6 1
Drop 6 0 0
Tile:7 10 3 1
Drop 6 0 0
Map 12 7 1
Tile:15 10 4 0
Tile:1 5 7 1
Drop 5 0 0
Drop 4 0 1
Drop 4 0 0
Destroy 6 0 1
Drop 3 0 0
Drop 2 0 1
Drop 2 0 0
Malus 0 0 1
Drop 1 0 0
Drop 0 0 1
Drop 0 0 0
Drop 0 0 1
GAMEOVER DRAW
# Game ended: Thu Apr 09 01:04:15 EDT 2020
