# Server version 0.08 running on localhost:8123
# Game ID: 585
# Board class: Saboteur.SaboteurBoard
# Timeout: 2000000000
# First Move Timeout: 30000
# Date: Sun Apr 05 20:58:26 EDT 2020
# Player 1: Player-0, '260729805', running on localhost
# Player 2: Player-1, 'RandomPlayer', running on localhost
START Player-0 260729805
START Player-1 RandomPlayer
BoardInit:Tile:6,Tile:10,Map,Tile:9,Destroy,Tile:1,Map,Tile:5,Tile:15,Tile:2,Map,Bonus,Tile:5,Map,Tile:8,Malus,Map,Malus,Tile:5,Tile:7,Tile:6,Tile:0,Bonus,Tile:13,Bonus,Bonus,Tile:7,Tile:9,Tile:4,Tile:0,Tile:8,Tile:9,Tile:8,Tile:3,Tile:6,Destroy,Tile:6,Tile:8,Tile:12,Tile:6,Tile:7-Tile:10,Tile:8,Tile:9,Tile:7,Tile:0,Tile:0,Destroy-Tile:9,Tile:11,Tile:10,Tile:14,Map,Tile:5,Tile:7-Tile:hidden2,Tile:nugget,Tile:hidden1
Tile:9 5 6 1
Map 12 3 0
Destroy 5 6 1
Tile:5_flip 6 5 0
Tile:0 4 5 1
Tile:7 6 4 0
Tile:0 3 5 1
Tile:9 5 4 0
Tile:6_flip 5 3 1
Tile:5_flip 6 3 0
Tile:8 4 3 1
Tile:10 6 2 0
Tile:7_flip 2 5 1
Tile:10 5 6 0
Tile:5 6 1 1
Map 12 5 0
Drop 0 0 1
Tile:9_flip 7 1 0
Map 12 7 1
Tile:11 7 2 0
Tile:15 4 2 1
Tile:7 7 0 0
Tile:5_flip 4 4 1
Tile:0 6 0 0
Destroy 6 5 1
Drop 6 0 0
Map 12 7 1
Drop 6 0 0
Drop 6 0 1
Tile:9_flip 6 5 0
Tile:8 2 4 1
Tile:0 5 0 0
Map 12 5 1
Tile:9 6 6 0
Tile:4_flip 6 7 1
Drop 6 0 0
Tile:8 7 6 1
Destroy 7 2 0
Tile:6_flip 4 0 1
Tile:8 8 6 0
Drop 4 0 1
Tile:6 9 6 0
Tile:8 8 7 1
Tile:14 10 6 0
Tile:6_flip 3 3 1
Drop 4 0 0
Tile:7 8 5 1
Tile:1 9 7 0
Map 12 3 1
Tile:2_flip 8 8 0
Tile:12 10 7 1
Drop 1 0 0
Drop 1 0 1
Drop 0 0 0
Drop 0 0 1
GAMEOVER DRAW
# Game ended: Sun Apr 05 20:58:26 EDT 2020
