# Server version 0.08 running on localhost:8123
# Game ID: 15
# Board class: Saboteur.SaboteurBoard
# Timeout: 20000
# First Move Timeout: 30000
# Date: Tue Mar 24 19:44:15 EDT 2020
# Player 1: Player-0, '260729805', running on localhost
# Player 2: Player-1, 'RandomPlayer', running on localhost
START Player-0 260729805
START Player-1 RandomPlayer
BoardInit:Tile:5,Tile:6,Tile:15,Map,Tile:8,Tile:6,Tile:14,Tile:4,Tile:6,Tile:5,Tile:9,Tile:10,Tile:0,Tile:0,Tile:5,Tile:7,Destroy,Map,Tile:1,Tile:8,Bonus,Tile:6,Destroy,Tile:10,Tile:8,Tile:7,Tile:7,Malus,Bonus,Map,Map,Tile:5,Tile:6,Tile:12,Tile:0,Malus,Tile:9,Tile:8,Destroy,Tile:7,Tile:11-Bonus,Map,Bonus,Tile:3,Tile:9,Tile:9,Tile:13-Tile:0,Map,Tile:8,Tile:7,Tile:9,Tile:2,Tile:10-Tile:nugget,Tile:hidden2,Tile:hidden1
Tile:9_flip 5 4 1
Tile:9_flip 5 3 0
Tile:13 4 3 1
Tile:7_flip 3 3 0
Drop 2 0 1
Tile:8 4 2 0
Tile:9 3 2 1
Drop 2 0 0
Tile:8 4 5 1
Map 12 3 0
Tile:5_flip 6 5 1
Tile:5_flip 5 6 0
Tile:3 5 2 1
Tile:6 4 6 0
Drop 2 0 1
Drop 1 0 0
Tile:9 4 4 1
Tile:6_flip 4 1 0
Tile:0 5 1 1
Drop 1 0 0
Tile:5 6 4 1
Tile:0 6 1 0
Destroy 6 5 1
Map 12 7 0
Drop 2 0 1
Tile:0 7 1 0
Tile:1 3 6 1
Tile:6 6 5 0
Tile:6_flip 3 1 1
Drop 2 0 0
Drop 3 0 1
Tile:7 8 1 0
Tile:8 7 4 1
Tile:5_flip 7 5 0
Tile:7_flip 3 5 1
Drop 3 0 0
Map 12 7 1
Drop 3 0 0
Drop 6 0 1
Tile:4 3 4 0
Destroy 4 5 1
Tile:8 4 5 0
Drop 0 0 1
Tile:12_flip 2 6 0
Drop 1 0 1
Map 12 5 0
Tile:11_flip 7 3 1
Tile:8 2 1 0
Drop 1 0 1
Drop 0 0 0
Tile:6 1 1 1
Malus 0 0 0
Bonus 0 0 1
Tile:7 7 2 0
Drop 0 0 1
GAMEOVER DRAW
# Game ended: Tue Mar 24 19:44:15 EDT 2020
