# Server version 0.08 running on macbook-pro-5.local:8123
# Game ID: 675
# Board class: Saboteur.SaboteurBoard
# Timeout: 2000000000
# First Move Timeout: 30000
# Date: Thu Apr 09 01:05:40 EDT 2020
# Player 1: Player-0, '260729805', running on macbook-pro-5.local
# Player 2: Player-1, 'RandomPlayer', running on macbook-pro-5.local
START Player-0 260729805
START Player-1 RandomPlayer
BoardInit:Tile:7,Tile:0,Tile:8,Tile:9,Tile:2,Tile:7,Map,Tile:7,Tile:10,Tile:1,Tile:10,Map,Tile:13,Tile:0,Tile:5,Tile:9,Tile:15,Tile:6,Map,Tile:7,Tile:14,Bonus,Tile:0,Bonus,Destroy,Tile:10,Tile:9,Tile:6,Malus,Bonus,Tile:6,Destroy,Tile:5,Tile:6,Tile:9,Tile:4,Tile:6,Tile:0,Bonus,Tile:8,Map-Tile:8,Malus,Map,Map,Tile:3,Tile:7,Tile:12-Destroy,Tile:8,Tile:11,Tile:9,Tile:5,Tile:5,Tile:8-Tile:hidden2,Tile:hidden1,Tile:nugget
Drop 3 0 1
Tile:5_flip 6 5 0
Drop 1 0 1
Tile:5 6 4 0
Tile:8 7 4 1
Tile:9 7 5 0
Tile:8 8 4 1
Tile:8 8 5 0
Tile:2 8 3 1
Tile:8 7 3 0
Drop 5 0 1
Tile:0 6 3 0
Tile:7 9 3 1
Map 12 3 0
Tile:3_flip 4 5 1
Tile:9_flip 9 4 0
Drop 5 0 1
Tile:9_flip 9 5 0
Tile:10 8 6 1
Destroy 8 3 0
Map 12 7 1
Tile:11_flip 5 4 0
Tile:14 7 6 1
Tile:1 6 6 0
Tile:15 8 7 1
Tile:6_flip 8 3 0
Destroy 6 6 1
Tile:10 9 6 0
Map 12 5 1
Tile:7_flip 9 7 0
Tile:12 10 7 1
Tile:6_flip 5 3 0
Tile:6_flip 6 6 1
Destroy 5 4 0
Tile:9_flip 4 4 1
Tile:7_flip 5 6 0
Tile:10 7 2 1
Tile:4_flip 6 7 0
Tile:5 7 1 1
Drop 6 0 0
Tile:5_flip 8 1 1
Drop 6 0 0
Drop 0 0 1
Drop 5 0 0
Tile:6 8 8 1
Drop 4 0 0
Map 12 5 1
Drop 3 0 0
Tile:9 8 0 1
Drop 2 0 0
Tile:0 3 4 1
Drop 1 0 0
Malus 0 0 1
Drop 0 0 0
Drop 0 0 1
GAMEOVER DRAW
# Game ended: Thu Apr 09 01:05:41 EDT 2020
