# Server version 0.08 running on macbook-pro-5.local:8123
# Game ID: 901
# Board class: Saboteur.SaboteurBoard
# Timeout: 2000000000
# First Move Timeout: 30000
# Date: Sat Apr 11 01:08:04 EDT 2020
# Player 1: Player-0, '260729805', running on macbook-pro-5.local
# Player 2: Player-1, 'Human', running on macbook-pro-5.local
START Player-0 260729805
START Player-1 Human
BoardInit:Tile:9,Map,Tile:6,Tile:8,Destroy,Map,Bonus,Tile:9,Map,Destroy,Bonus,Bonus,Tile:0,Map,Destroy,Destroy,Map,Map,Tile:14,Tile:8,Map,Bonus,Map,Tile:12,Destroy,Tile:7,Destroy,Map,Malus,Map,Map,Tile:7,Destroy,Tile:8,Tile:0,Malus,Tile:2,Tile:11,Map,Map,Destroy,Tile:9,Tile:8,Map,Map,Tile:10,Bonus,Tile:8,Map,Tile:0,Tile:6,Tile:15,Tile:9,Bonus,Tile:1,Tile:9,Malus,Tile:0,Tile:8,Destroy,Tile:6,Tile:8,Tile:8,Tile:10,Map,Tile:3,Map,Destroy,Tile:8,Tile:5,Map,Tile:8,Map,Tile:8,Tile:8,Tile:8,Tile:8,Tile:8,Tile:7,Tile:5,Malus,Tile:8,Tile:8,Tile:7,Destroy,Destroy,Map,Map,Destroy,Tile:5,Malus,Map-Tile:13,Destroy,Tile:8,Tile:8,Tile:6,Tile:6,Destroy-Tile:5,Bonus,Tile:8,Tile:8,Tile:4,Tile:7,Tile:10-Tile:hidden1,Tile:hidden2,Tile:nugget
Tile:6 6 5 1
Tile:5_flip 7 5 0
Tile:9 7 4 1
Map 12 3 0
Tile:6 8 4 1
Tile:7 9 4 0
Tile:6 9 5 1
Map 12 5 0
Tile:8 10 5 1
Tile:8 10 6 0
Tile:8 11 5 1
Tile:8 12 6 0
GAMEOVER WINNER 0
# Game ended: Sat Apr 11 01:08:30 EDT 2020
