# Server version 0.08 running on localhost:8123
# Game ID: 455
# Board class: Saboteur.SaboteurBoard
# Timeout: 2000000000
# First Move Timeout: 30000
# Date: Sun Apr 05 15:07:47 EDT 2020
# Player 1: Player-0, 'RandomPlayer', running on localhost
# Player 2: Player-1, '260729805', running on localhost
START Player-0 RandomPlayer
START Player-1 260729805
BoardInit:Tile:8,Tile:8,Tile:6,Bonus,Tile:15,Tile:12,Tile:2,Tile:7,Map,Tile:6,Tile:10,Tile:6,Tile:8,Malus,Tile:9,Tile:7,Tile:9,Tile:3,Tile:4,Malus,Tile:0,Tile:0,Tile:5,Tile:5,Tile:5,Tile:1,Tile:6,Tile:9,Tile:8,Tile:10,Tile:0,Map,Tile:14,Map,Destroy,Tile:8,Map,Tile:6,Tile:9,Tile:7,Tile:10-Destroy,Tile:11,Tile:7,Tile:13,Bonus,Tile:7,Bonus-Tile:5,Tile:0,Map,Map,Bonus,Tile:9,Destroy-Tile:nugget,Tile:hidden2,Tile:hidden1
Tile:7_flip 5 6 1
Tile:5_flip 6 5 0
Tile:7_flip 4 5 1
Tile:8 5 4 0
Tile:6_flip 6 6 1
Tile:9_flip 5 3 0
Tile:11_flip 7 6 1
Drop 2 0 0
Destroy 7 6 1
Destroy 5 4 0
