# Server version 0.08 running on localhost:8123
# Game ID: 769
# Board class: Saboteur.SaboteurBoard
# Timeout: 2000000000
# First Move Timeout: 30000
# Date: Thu Apr 09 01:53:29 EDT 2020
# Player 1: Player-0, '260729805', running on localhost
# Player 2: Player-1, 'RandomPlayer', running on localhost
START Player-0 260729805
START Player-1 RandomPlayer
BoardInit:Tile:9,Map,Tile:3,Tile:7,Tile:10,Destroy,Tile:6,Tile:12,Tile:2,Tile:0,Bonus,Tile:10,Malus,Tile:11,Tile:5,Tile:10,Tile:6,Tile:9,Tile:0,Tile:9,Tile:7,Map,Bonus,Tile:7,Tile:8,Tile:4,Bonus,Map,Malus,Tile:8,Map,Tile:5,Tile:0,Map,Tile:6,Bonus,Tile:13,Destroy,Tile:0,Tile:9,Tile:8-Tile:6,Tile:7,Tile:7,Tile:9,Tile:5,Tile:6,Tile:1-Tile:14,Map,Tile:8,Tile:8,Destroy,Tile:5,Tile:15-Tile:hidden2,Tile:hidden1,Tile:nugget
Tile:6_flip 6 5 1
Tile:5_flip 7 5 0
Tile:9 5 6 1
Tile:8 7 4 0
Tile:1 6 4 1
Tile:7 8 4 0
Tile:9_flip 6 6 1
Tile:8 6 7 0
Tile:7 7 7 1
Destroy 6 4 0
Tile:7_flip 6 4 1
Tile:0 4 5 0
Tile:6 3 5 1
Tile:10 8 5 0
Tile:10 6 8 1
Tile:12_flip 2 5 0
Tile:5 3 4 1
Tile:10 8 6 0
Tile:6 4 4 1
Tile:9 8 7 0
Tile:3_flip 5 7 1
Tile:9_flip 9 7 0
Tile:5 4 3 1
Destroy 5 7 0
Drop 4 0 1
Tile:7_flip 9 8 0
Tile:6_flip 6 3 1
Tile:4 9 6 0
Tile:2 7 3 1
Tile:14 10 8 0
Drop 3 0 1
Tile:8 6 9 0
Malus 0 0 1
Drop 3 0 0
Tile:0 5 9 1
Drop 1 0 0
Tile:7_flip 7 8 1
Bonus 0 0 0
Tile:13 5 7 1
Tile:5 10 7 0
Tile:6_flip 7 9 1
Tile:9_flip 11 7 0
Drop 0 0 1
Destroy 10 8 0
Map 12 5 1
Drop 4 0 0
Tile:8 10 8 1
Drop 3 0 0
Tile:8 7 10 1
Drop 2 0 0
Tile:0 8 9 1
Drop 1 0 0
Malus 0 0 1
Drop 0 0 0
Drop 0 0 1
GAMEOVER DRAW
# Game ended: Thu Apr 09 01:53:32 EDT 2020
