# Server version 0.08 running on localhost:8123
# Game ID: 229
# Board class: Saboteur.SaboteurBoard
# Timeout: 2000000000
# First Move Timeout: 30000
# Date: Wed Apr 01 22:14:48 EDT 2020
# Player 1: Player-0, '260729805', running on localhost
# Player 2: Player-1, 'RandomPlayer', running on localhost
START Player-0 260729805
START Player-1 RandomPlayer
BoardInit:Map,Tile:14,Tile:9,Tile:7,Tile:13,Tile:9,Destroy,Tile:15,Tile:6,Tile:8,Tile:4,Tile:11,Tile:9,Tile:7,Tile:6,Map,Tile:12,Tile:7,Map,Destroy,Tile:1,Tile:9,Tile:2,Tile:0,Tile:10,Tile:0,Tile:5,Tile:0,Tile:3,Map,Tile:7,Tile:8,Bonus,Tile:10,Map,Tile:6,Tile:7,Tile:8,Tile:0,Tile:9,Malus-Bonus,Tile:5,Tile:6,Bonus,Tile:8,Tile:6,Bonus-Destroy,Map,Tile:5,Tile:8,Malus,Tile:10,Tile:5-Tile:nugget,Tile:hidden1,Tile:hidden2
Tile:6_flip 5 4 1
Tile:8 6 5 0
Tile:8 6 6 1
Tile:5_flip 7 5 0
Tile:6_flip 4 5 1
Tile:7 7 6 0
Tile:13 7 7 1
Tile:5 7 4 0
Drop 2 0 1
Tile:9_flip 8 4 0
Tile:9_flip 8 3 1
Tile:10 8 5 0
Tile:6 6 7 1
Tile:8 8 2 0
Destroy 8 4 1
Tile:7 6 4 0
Tile:9_flip 8 4 1
Tile:14 8 7 0
Tile:12_flip 4 4 1
Tile:7 9 2 0
Tile:6 4 6 1
Tile:15 8 6 0
Tile:5_flip 7 8 1
Tile:9 9 3 0
Map 12 5 1
Tile:0 10 3 0
Tile:4 8 1 1
Tile:0 11 3 0
GAMEOVER WINNER 0
# Game ended: Wed Apr 01 22:15:41 EDT 2020
