# Server version 0.08 running on 192.168.1.5:8123
# Game ID: 401
# Board class: Saboteur.SaboteurBoard
# Timeout: 2000000000
# First Move Timeout: 30000
# Date: Sat Apr 04 20:28:35 EDT 2020
# Player 1: Player-0, '260729805', running on 192.168.1.5
# Player 2: Player-1, 'RandomPlayer', running on 192.168.1.5
START Player-0 260729805
START Player-1 RandomPlayer
BoardInit:Tile:6,Tile:15,Tile:6,Tile:8,Tile:2,Bonus,Tile:10,Tile:11,Tile:12,Malus,Bonus,Bonus,Tile:7,Map,Tile:0,Tile:7,Bonus,Tile:6,Tile:0,Tile:5,Tile:10,Tile:4,Tile:0,Tile:5,Tile:8,Tile:9,Map,Tile:9,Tile:1,Tile:6,Tile:7,Tile:3,Tile:9,Tile:8,Map,Tile:13,Tile:6,Tile:8,Tile:8,Map,Tile:9-Tile:5,Destroy,Tile:0,Destroy,Tile:14,Tile:10,Destroy-Tile:9,Tile:7,Tile:7,Map,Tile:5,Malus,Map-Tile:hidden2,Tile:nugget,Tile:hidden1
Tile:14 6 5 1
Map 12 3 0
Destroy 6 5 1
Map 12 5 0
Tile:5_flip 5 6 1
Tile:7 6 5 0
Tile:0 4 6 1
Tile:7_flip 6 6 0
Tile:6 7 6 1
Tile:5_flip 8 6 0
Tile:6 4 5 1
Tile:15 8 5 0
Destroy 8 6 1
Tile:11 8 4 0
Destroy 5 6 1
Drop 6 0 0
Tile:7 4 4 1
Tile:7_flip 3 5 0
Tile:10 7 5 1
Tile:6 8 6 0
Tile:0 9 6 1
Tile:9_flip 10 6 0
Drop 5 0 1
Tile:8 3 4 0
Tile:2_flip 2 4 1
Tile:4 7 4 0
Tile:10 10 5 1
Tile:9 10 4 0
Tile:12_flip 3 6 1
Tile:9 5 4 0
Tile:10 2 3 1
Tile:5_flip 6 4 0
Tile:7 9 4 1
Tile:5 6 3 0
Drop 0 0 1
Tile:8 8 3 0
Map 12 7 1
Tile:6 7 3 0
Tile:6_flip 10 3 1
Tile:8 11 3 0
Tile:8 11 4 1
Tile:3_flip 1 4 0
Tile:8 13 3 1
Tile:13 12 4 0
Drop 4 0 1
Drop 4 0 0
Tile:9_flip 12 2 1
Drop 3 0 0
Tile:9 11 5 1
GAMEOVER WINNER 1
# Game ended: Sat Apr 04 20:40:36 EDT 2020
