# Server version 0.08 running on localhost:8123
# Game ID: 311
# Board class: Saboteur.SaboteurBoard
# Timeout: 2000000000
# First Move Timeout: 30000
# Date: Fri Apr 03 03:37:58 EDT 2020
# Player 1: Player-0, '260729805', running on localhost
# Player 2: Player-1, 'RandomPlayer', running on localhost
START Player-0 260729805
START Player-1 RandomPlayer
BoardInit:Tile:4,Tile:5,Tile:8,Tile:0,Bonus,Bonus,Tile:5,Tile:9,Malus,Malus,Map,Tile:9,Tile:12,Tile:8,Tile:9,Tile:7,Map,Map,Tile:13,Tile:10,Bonus,Tile:6,Destroy,Destroy,Tile:1,Tile:0,Tile:6,Tile:8,Tile:8,Tile:0,Tile:9,Tile:7,Tile:10,Tile:14,Tile:7,Tile:11,Tile:15,Tile:8,Tile:0,Tile:3,Tile:6-Tile:9,Tile:7,Tile:7,Map,Tile:5,Tile:6,Tile:10-Destroy,Map,Tile:5,Map,Tile:6,Tile:2,Bonus-Tile:hidden2,Tile:hidden1,Tile:nugget
Map 12 7 1
Map 12 3 0
Tile:5 4 5 1
Map 12 3 0
Tile:8 6 5 1
Tile:5_flip 7 5 0
Tile:9 7 4 1
Tile:6 8 4 0
Tile:5 7 3 1
Tile:5_flip 9 4 0
Tile:10 6 6 1
Tile:9 9 3 0
Tile:4_flip 6 7 1
Tile:9 9 2 0
Tile:12 10 3 1
Tile:0 10 2 0
Tile:7_flip 4 6 1
Tile:7 8 3 0
Map 12 7 1
Map 12 3 0
Map 12 5 1
Tile:8 9 1 0
Tile:6_flip 5 4 1
Tile:6 10 1 0
Tile:9 9 0 1
Destroy 9 4 0
Tile:13 11 1 1
Tile:0 4 4 0
Tile:6_flip 3 4 1
Tile:8 9 4 0
Tile:7 6 4 1
Tile:0 10 4 0
Drop 6 0 1
Tile:10 9 5 0
Destroy 10 4 1
Tile:7 10 4 0
Tile:8 11 0 1
Destroy 10 4 0
Malus 0 0 1
Bonus 0 0 0
Tile:0 10 4 1
Tile:8 9 6 0
Tile:1 8 1 1
Tile:2 10 6 0
Drop 4 0 1
Malus 0 0 0
Drop 4 0 1
Tile:14 9 7 0
Drop 0 0 1
Tile:11 8 6 0
Drop 0 0 1
Tile:3_flip 8 7 0
Drop 1 0 1
Drop 0 0 0
Drop 0 0 1
GAMEOVER DRAW
# Game ended: Fri Apr 03 03:37:58 EDT 2020
