# Server version 0.08 running on macbook-pro-5.local:8123
# Game ID: 887
# Board class: Saboteur.SaboteurBoard
# Timeout: 2000000000
# First Move Timeout: 30000
# Date: Sat Apr 11 00:36:58 EDT 2020
# Player 1: Player-0, '260729805', running on macbook-pro-5.local
# Player 2: Player-1, 'Human', running on macbook-pro-5.local
START Player-0 260729805
START Player-1 Human
BoardInit:Malus,Tile:8,Tile:0,Tile:11,Tile:9,Tile:0,Tile:1,Tile:8,Tile:15,Tile:10,Tile:8,Tile:9,Bonus,Tile:8,Map,Tile:9,Tile:8,Tile:4,Tile:12,Tile:5,Tile:8,Tile:8,Destroy,Tile:0,Map,Bonus,Tile:6,Tile:6,Tile:5,Map,Map,Tile:14,Tile:8,Tile:7,Tile:8,Tile:8,Tile:8,Bonus,Map,Bonus,Map,Map,Tile:8,Map,Destroy,Map,Tile:7,Malus,Map,Map,Tile:7,Tile:3,Tile:10,Bonus,Tile:6,Tile:0,Tile:8,Map,Tile:9,Tile:6,Tile:8,Malus,Map,Tile:2,Map,Tile:13,Tile:8,Tile:6,Tile:8,Tile:8,Tile:7-Malus,Bonus,Tile:8,Tile:5,Tile:9,Tile:8,Malus-Tile:5,Tile:8,Tile:8,Destroy,Tile:10,Bonus,Tile:7-Tile:hidden1,Tile:nugget,Tile:hidden2
Tile:8 6 5 1
Tile:5_flip 7 5 0
Tile:8 7 4 1
Tile:7 8 4 0
Tile:9 8 5 1
Tile:8 9 5 0
Tile:0 10 5 1
Tile:0 11 5 0
GAMEOVER WINNER 0
# Game ended: Sat Apr 11 00:37:11 EDT 2020
