# Server version 0.08 running on macbook-pro-5.local:8123
# Game ID: 965
# Board class: Saboteur.SaboteurBoard
# Timeout: 2000000000
# First Move Timeout: 30000
# Date: Sat Apr 11 02:32:05 EDT 2020
# Player 1: Player-0, '260729805', running on macbook-pro-5.local
# Player 2: Player-1, 'RandomPlayer', running on macbook-pro-5.local
START Player-0 260729805
START Player-1 RandomPlayer
BoardInit:Tile:5,Tile:6,Tile:5,Tile:15,Tile:12,Tile:6,Tile:8,Tile:7,Tile:9,Tile:8,Tile:4,Tile:7,Tile:3,Tile:9,Tile:10,Tile:8,Tile:5,Tile:0,Tile:2,Tile:10,Tile:10,Bonus,Tile:5,Tile:6,Tile:0,Map,Bonus,Tile:13,Tile:8,Malus,Tile:8,Tile:6,Tile:9,Map,Tile:0,Tile:7,Tile:0,Bonus,Map,Destroy,Map-Destroy,Tile:14,Map,Map,Tile:9,Tile:7,Tile:1-Bonus,Malus,Tile:6,Destroy,Tile:11,Tile:9,Tile:7-Tile:hidden2,Tile:nugget,Tile:hidden1
Tile:14 6 5 1
Malus 0 0 0
Drop 1 0 1
Tile:6 5 6 0
Drop 6 0 1
Destroy 5 6 0
Drop 2 0 1
Tile:7 5 4 0
Drop 6 0 1
Tile:6 5 6 0
Drop 3 0 1
Tile:6_flip 6 6 0
Drop 0 0 1
Tile:7 7 6 0
Map 12 7 1
Tile:7_flip 7 7 0
Drop 5 0 1
Tile:9_flip 8 7 0
Drop 3 0 1
Tile:9 8 6 0
Drop 2 0 1
Tile:8 9 6 0
Drop 0 0 1
Tile:8 10 6 0
Drop 2 0 1
Tile:0 11 6 0
Drop 0 0 1
Tile:6 12 6 0
GAMEOVER WINNER 0
# Game ended: Sat Apr 11 02:32:05 EDT 2020
