# Server version 0.08 running on localhost:8123
# Game ID: 792
# Board class: Saboteur.SaboteurBoard
# Timeout: 2000000000
# First Move Timeout: 30000
# Date: Thu Apr 09 02:11:42 EDT 2020
# Player 1: Player-0, '260729805', running on localhost
# Player 2: Player-1, 'RandomPlayer', running on localhost
START Player-0 260729805
START Player-1 RandomPlayer
BoardInit:Tile:6,Malus,Destroy,Tile:8,Bonus,Tile:5,Tile:8,Tile:5,Tile:10,Tile:12,Tile:14,Destroy,Tile:0,Bonus,Bonus,Tile:5,Tile:10,Tile:8,Tile:13,Tile:7,Tile:11,Tile:6,Map,Bonus,Tile:5,Map,Tile:7,Tile:9,Tile:6,Map,Tile:7,Tile:3,Tile:1,Tile:15,Tile:6,Tile:9,Tile:6,Tile:7,Malus,Tile:0,Map-Tile:7,Tile:9,Tile:2,Tile:4,Tile:0,Tile:0,Map-Map,Tile:8,Tile:10,Destroy,Tile:8,Tile:9,Tile:9-Tile:hidden2,Tile:hidden1,Tile:nugget
Tile:0 4 5 1
Tile:8 6 5 0
Tile:2 6 4 1
Tile:8 7 5 0
Map 12 5 1
Tile:9_flip 8 5 0
Tile:6 8 6 1
Tile:5_flip 9 6 0
Tile:8 5 4 1
Tile:5 9 5 0
Tile:9_flip 8 4 1
Tile:9_flip 10 5 0
Tile:4_flip 10 6 1
Tile:10 10 4 0
Tile:7_flip 7 6 1
Tile:8 10 3 0
Destroy 8 4 1
Tile:5_flip 11 3 0
Tile:0 4 4 1
Tile:8 11 2 0
Tile:10 6 6 1
Tile:7_flip 9 3 0
Tile:13 10 2 1
Tile:6 12 2 0
Tile:11_flip 11 1 1
Destroy 10 6 0
Tile:10 12 1 1
Destroy 10 2 0
Tile:7_flip 10 6 1
Tile:9_flip 13 2 0
Tile:14 5 6 1
Tile:12 11 6 0
Tile:5 10 2 1
Tile:3_flip 13 3 0
Tile:6_flip 3 5 1
Tile:15 8 4 0
Tile:7_flip 3 4 1
Tile:9 13 1 0
Tile:6_flip 4 6 1
Tile:7 9 2 0
Drop 4 0 1
Tile:0 8 2 0
Map 12 7 1
Drop 5 0 0
Tile:6_flip 7 2 1
Drop 4 0 0
Malus 0 0 1
Bonus 0 0 0
Tile:0 2 5 1
Drop 2 0 0
Map 12 3 1
Drop 1 0 0
Drop 1 0 1
Drop 0 0 0
Drop 0 0 1
GAMEOVER DRAW
# Game ended: Thu Apr 09 02:11:43 EDT 2020
