# Server version 0.08 running on macbook-pro-5.local:8123
# Game ID: 739
# Board class: Saboteur.SaboteurBoard
# Timeout: 2000000000
# First Move Timeout: 30000
# Date: Thu Apr 09 01:37:07 EDT 2020
# Player 1: Player-0, '260729805', running on macbook-pro-5.local
# Player 2: Player-1, 'RandomPlayer', running on macbook-pro-5.local
START Player-0 260729805
START Player-1 RandomPlayer
BoardInit:Tile:13,Bonus,Tile:5,Tile:0,Malus,Tile:10,Tile:7,Tile:1,Tile:9,Tile:8,Tile:9,Tile:9,Tile:8,Map,Tile:4,Tile:5,Bonus,Tile:9,Tile:15,Map,Tile:6,Tile:0,Tile:0,Tile:5,Map,Tile:7,Tile:6,Tile:3,Bonus,Destroy,Tile:5,Tile:10,Tile:10,Malus,Tile:6,Tile:8,Map,Tile:7,Destroy,Tile:12,Tile:14-Tile:2,Tile:6,Tile:7,Tile:11,Tile:9,Map,Tile:8-Bonus,Tile:7,Tile:0,Tile:6,Tile:8,Destroy,Map-Tile:hidden1,Tile:nugget,Tile:hidden2
Tile:6_flip 6 5 1
Map 12 3 0
Tile:11_flip 6 6 1
Tile:7 7 5 0
Tile:9_flip 5 4 1
Tile:6 5 6 0
Tile:7_flip 7 6 1
Tile:0 8 6 0
Map 12 5 1
Tile:0 9 6 0
Tile:7_flip 6 7 1
Tile:8 10 6 0
Tile:9 10 5 1
Tile:8 11 5 0
GAMEOVER WINNER 0
# Game ended: Thu Apr 09 01:37:07 EDT 2020
