# Server version 0.08 running on localhost:8123
# Game ID: 969
# Board class: Saboteur.SaboteurBoard
# Timeout: 2000000000
# First Move Timeout: 30000
# Date: Sat Apr 11 02:35:45 EDT 2020
# Player 1: Player-0, '260729805', running on localhost
# Player 2: Player-1, 'RandomPlayer', running on localhost
START Player-0 260729805
START Player-1 RandomPlayer
BoardInit:Tile:6,Malus,Destroy,Map,Tile:6,Tile:10,Tile:7,Tile:15,Tile:10,Tile:7,Tile:3,Bonus,Tile:0,Tile:12,Tile:11,Tile:8,Map,Tile:6,Tile:0,Tile:7,Map,Tile:8,Tile:5,Tile:13,Tile:7,Bonus,Tile:5,Tile:8,Destroy,Tile:9,Tile:5,Tile:9,Tile:0,Tile:1,Tile:8,Tile:9,Tile:5,Tile:7,Tile:14,Tile:4,Tile:8-Malus,Tile:9,Tile:2,Tile:0,Map,Bonus,Destroy-Map,Tile:6,Tile:9,Tile:6,Tile:10,Bonus,Map-Tile:nugget,Tile:hidden2,Tile:hidden1
Drop 2 0 1
Map 12 3 0
Tile:9_flip 5 6 1
Malus 0 0 0
Drop 4 0 1
Tile:6 6 5 0
Destroy 5 6 1
Tile:6 7 5 0
Drop 6 0 1
Tile:9_flip 8 5 0
Malus 0 0 1
Bonus 0 0 0
Drop 6 0 1
Tile:7 8 4 0
Map 12 7 1
Tile:10 8 6 0
Drop 1 0 1
Tile:8 7 4 0
Drop 3 0 1
Tile:6_flip 7 3 0
Map 12 7 1
Tile:10 8 7 0
Map 12 7 1
Tile:8 6 3 0
Drop 2 0 1
Tile:12 8 3 0
Drop 0 0 1
Tile:7 6 2 0
Drop 5 0 1
Tile:8 6 4 0
Drop 0 0 1
Tile:9 8 8 0
Destroy 6 2 1
Tile:9_flip 9 8 0
Drop 3 0 1
Tile:15 9 7 0
Drop 3 0 1
Tile:9 6 2 0
Drop 6 0 1
Tile:7 6 1 0
Drop 2 0 1
Tile:4_flip 9 9 0
Drop 0 0 1
Tile:1 7 2 0
Drop 4 0 1
Drop 3 0 0
Drop 2 0 1
Drop 3 0 0
Drop 0 0 1
Drop 2 0 0
Drop 0 0 1
Drop 1 0 0
Drop 1 0 1
Drop 0 0 0
Drop 0 0 1
GAMEOVER DRAW
# Game ended: Sat Apr 11 02:35:45 EDT 2020
