# Server version 0.08 running on localhost:8123
# Game ID: 830
# Board class: Saboteur.SaboteurBoard
# Timeout: 2000000000
# First Move Timeout: 30000
# Date: Thu Apr 09 16:25:16 EDT 2020
# Player 1: Player-0, '260729805', running on localhost
# Player 2: Player-1, '260729805', running on localhost
START Player-0 260729805
START Player-1 260729805
BoardInit:Tile:6,Tile:9,Tile:12,Tile:5,Tile:6,Tile:5,Tile:9,Destroy,Malus,Bonus,Map,Map,Tile:5,Tile:0,Tile:5,Tile:0,Tile:0,Tile:10,Tile:0,Map,Tile:9,Tile:6,Tile:7,Destroy,Tile:8,Bonus,Tile:7,Tile:9,Tile:7,Malus,Destroy,Tile:8,Tile:15,Tile:10,Tile:8,Tile:3,Tile:8,Map,Tile:10,Tile:6,Bonus-Tile:14,Tile:1,Tile:8,Map,Tile:13,Tile:11,Tile:9-Bonus,Tile:4,Tile:2,Tile:7,Tile:7,Tile:6,Map-Tile:nugget,Tile:hidden2,Tile:hidden1
Tile:13 4 5 1
Tile:2_flip 5 6 0
Tile:6 4 6 1
Drop 1 0 0
Tile:1 3 6 1
Tile:7 4 4 0
Tile:11 2 6 1
Tile:9 2 7 0
Tile:8 6 5 1
Tile:6_flip 7 5 0
Tile:9 5 4 1
Tile:5 3 4 0
Tile:9_flip 6 4 1
Tile:5_flip 8 5 0
Tile:6_flip 3 7 1
Map 12 5 0
Tile:14 2 8 1
Tile:7 6 3 0
Tile:5 8 4 1
Destroy 4 5 0
Tile:12_flip 1 8 1
Tile:0 9 4 0
Tile:5 5 3 1
Tile:6_flip 10 4 0
Tile:0 11 4 1
Tile:10 3 8 0
Drop 3 0 1
Destroy 3 6 0
Tile:8 3 9 1
Tile:0 4 7 0
Tile:9_flip 4 9 1
Tile:9_flip 12 4 0
GAMEOVER WINNER 0
# Game ended: Thu Apr 09 16:25:17 EDT 2020
