# Server version 0.08 running on macbook-pro-5.local:8123
# Game ID: 767
# Board class: Saboteur.SaboteurBoard
# Timeout: 2000000000
# First Move Timeout: 30000
# Date: Thu Apr 09 01:51:26 EDT 2020
# Player 1: Player-0, '260729805', running on macbook-pro-5.local
# Player 2: Player-1, 'Human', running on macbook-pro-5.local
START Player-0 260729805
START Player-1 Human
BoardInit:Tile:7,Tile:8,Tile:9,Tile:10,Tile:11,Tile:8,Bonus,Tile:5,Tile:8,Malus,Tile:8,Map,Tile:10,Malus,Tile:8,Tile:7,Tile:6,Tile:4,Tile:5,Tile:0,Bonus,Destroy,Tile:10,Tile:0,Tile:9,Tile:5,Tile:13,Tile:6,Tile:7,Bonus,Tile:9,Tile:7,Tile:6,Tile:12,Tile:9,Tile:6,Tile:3,Tile:2,Tile:9,Bonus,Map-Map,Tile:5,Tile:0,Map,Tile:15,Map,Tile:14-Destroy,Tile:0,Map,Tile:6,Destroy,Tile:1,Tile:7-Tile:hidden1,Tile:hidden2,Tile:nugget
Tile:0 6 5 1
Map 12 3 0
Map 12 5 1
Tile:0 7 5 0
Map 12 3 1
Tile:6 8 5 0
Tile:7 9 5 1
Tile:7_flip 9 6 0
Drop 5 0 1
Tile:5_flip 10 6 0
Drop 1 0 1
Tile:10 10 5 0
Tile:9 10 4 1
Map 12 5 0
Tile:8 11 4 1
Tile:8 11 3 0
Tile:8 12 4 1
Tile:8 12 6 0
GAMEOVER WINNER 0
# Game ended: Thu Apr 09 01:53:01 EDT 2020
