# Server version 0.08 running on localhost:8123
# Game ID: 967
# Board class: Saboteur.SaboteurBoard
# Timeout: 2000000000
# First Move Timeout: 30000
# Date: Sat Apr 11 02:33:20 EDT 2020
# Player 1: Player-0, '260729805', running on localhost
# Player 2: Player-1, 'RandomPlayer', running on localhost
START Player-0 260729805
START Player-1 RandomPlayer
BoardInit:Tile:5,Tile:5,Bonus,Map,Tile:0,Tile:5,Tile:8,Tile:7,Tile:0,Tile:6,Bonus,Tile:13,Tile:6,Tile:9,Tile:7,Tile:6,Tile:10,Destroy,Tile:4,Tile:9,Tile:14,Map,Tile:15,Bonus,Map,Tile:10,Tile:12,Tile:7,Tile:7,Tile:0,Tile:5,Tile:3,Map,Tile:1,Tile:9,Malus,Tile:9,Tile:8,Map,Tile:11,Tile:0-Destroy,Tile:6,Malus,Tile:8,Map,Tile:7,Bonus-Tile:8,Tile:2,Tile:6,Destroy,Tile:10,Tile:8,Tile:9-Tile:hidden2,Tile:hidden1,Tile:nugget
Drop 2 0 1
Tile:6 6 5 0
Tile:8 5 6 1
Destroy 5 6 0
Tile:7 5 4 1
Map 12 3 0
Tile:6 7 5 1
Tile:5_flip 8 5 0
Tile:0 4 5 1
Tile:5 8 4 0
Destroy 8 4 1
Tile:7 8 4 0
Tile:5 7 4 1
Tile:6 5 6 0
Tile:0 6 6 1
Tile:10 6 4 0
Drop 6 0 1
Tile:6_flip 7 6 0
Map 12 5 1
Destroy 8 4 0
Tile:8 8 4 1
Tile:8 9 4 0
Tile:6_flip 3 5 1
Map 12 5 0
Tile:14 10 4 1
Tile:9 9 5 0
Drop 0 0 1
Tile:8 9 6 0
Drop 5 0 1
Tile:9_flip 10 6 0
Tile:10 3 6 1
Tile:9 9 7 0
Tile:7 10 3 1
Tile:10 9 8 0
Drop 4 0 1
Tile:7_flip 9 9 0
Tile:15 6 3 1
Malus 0 0 0
Map 12 5 1
Tile:8 10 7 0
Map 12 5 1
Tile:0 11 7 0
GAMEOVER WINNER 0
# Game ended: Sat Apr 11 02:34:20 EDT 2020
