# Server version 0.08 running on 192.168.1.5:8123
# Game ID: 217
# Board class: Saboteur.SaboteurBoard
# Timeout: 2000000000
# First Move Timeout: 30000
# Date: Wed Apr 01 16:14:47 EDT 2020
# Player 1: Player-0, '260729805', running on 192.168.1.5
# Player 2: Player-1, 'RandomPlayer', running on 192.168.1.5
START Player-0 260729805
START Player-1 RandomPlayer
BoardInit:Malus,Tile:8,Destroy,Tile:8,Tile:5,Bonus,Tile:7,Map,Tile:6,Bonus,Tile:8,Tile:10,Tile:9,Tile:7,Tile:10,Tile:3,Map,Tile:2,Tile:4,Tile:7,Tile:6,Tile:11,Tile:6,Bonus,Destroy,Malus,Tile:10,Tile:9,Tile:7,Tile:5,Bonus,Tile:0,Tile:12,Tile:1,Tile:5,Tile:9,Map,Map,Tile:0,Tile:15,Destroy-Tile:6,Tile:9,Tile:14,Tile:6,Tile:8,Tile:7,Tile:5-Tile:8,Tile:0,Tile:13,Tile:9,Tile:0,Map,Map-Tile:nugget,Tile:hidden2,Tile:hidden1
Tile:6_flip 6 5 1
Tile:8 7 5 0
Tile:14_flip 7 4 1
Tile:0 8 5 0
Tile:9_flip 6 6 1
Tile:9_flip 9 5 0
Tile:5_flip 6 7 1
Tile:8 9 4 0
Tile:7_flip 4 5 1
Tile:0 10 4 0
Destroy 8 5 1
Tile:13 11 4 0
Tile:5 11 3 1
Tile:8 12 4 0
Malus 0 0 1
Drop 6 0 0
Tile:6 5 7 1
Drop 6 0 0
Tile:8 5 4 1
Drop 6 0 0
Tile:8 13 4 1
Drop 6 0 0
Map 12 3 1
Drop 6 0 0
Tile:10 11 5 1
Drop 6 0 0
Tile:6 13 5 1
Drop 6 0 0
Destroy 9 5 1
Drop 6 0 0
Tile:7 5 3 1
Drop 6 0 0
Tile:6_flip 13 3 1
Drop 6 0 0
Tile:6 8 4 1
Drop 6 0 0
Tile:5 4 3 1
Drop 6 0 0
Tile:10 9 5 1
Drop 6 0 0
Drop 4 0 1
Drop 6 0 0
Tile:9 11 6 1
Drop 5 0 0
Tile:0 12 6 1
Drop 4 0 0
Tile:7_flip 11 7 1
Drop 3 0 0
Destroy 4 3 1
Drop 2 0 0
Tile:4 9 3 1
Drop 1 0 0
Map 12 3 1
Map 12 3 0
Drop 0 0 1
GAMEOVER DRAW
# Game ended: Wed Apr 01 16:14:47 EDT 2020
