# Server version 0.08 running on 192.168.1.5:8123
# Game ID: 22
# Board class: Saboteur.SaboteurBoard
# Timeout: 20000
# First Move Timeout: 30000
# Date: Sat Mar 28 19:22:39 EDT 2020
# Player 1: Player-0, '260729805', running on 192.168.1.5
# Player 2: Player-1, 'RandomPlayer', running on 192.168.1.5
START Player-0 260729805
START Player-1 RandomPlayer
BoardInit:Map,Map,Bonus,Bonus,Tile:9,Map,Map,Tile:4,Tile:7,Tile:6,Tile:6,Destroy,Destroy,Tile:8,Tile:0,Tile:0,Tile:5,Tile:1,Tile:7,Tile:8,Tile:10,Tile:6,Tile:2,Tile:9,Tile:10,Tile:0,Tile:12,Malus,Tile:13,Tile:6,Tile:8,Tile:7,Tile:3,Tile:9,Tile:15,Tile:9,Map,Bonus,Tile:5,Bonus,Tile:14-Malus,Tile:9,Tile:8,Tile:8,Map,Tile:7,Tile:11-Tile:7,Tile:6,Tile:5,Tile:5,Tile:0,Tile:10,Destroy-Tile:hidden2,Tile:nugget,Tile:hidden1
Tile:8 4 5 1
Tile:5 4 4 0
Drop 1 0 1
Tile:0 3 5 0
Tile:11_flip 5 4 1
Tile:10 5 6 0
Tile:8 2 5 1
Tile:5 2 4 0
Drop 0 0 1
Drop 2 0 0
Tile:7 5 3 1
Tile:6 4 3 0
Drop 0 0 1
Drop 0 0 0
Map 12 7 1
Destroy 5 6 0
Drop 5 0 1
Tile:8 3 3 0
Tile:9 1 5 1
Tile:6 2 6 0
Tile:7 3 6 1
Tile:1 2 3 0
Drop 1 0 1
Tile:4 1 4 0
Tile:10 4 6 1
Drop 2 0 0
Tile:6 1 3 1
Tile:6 1 6 0
Tile:10 4 7 1
Drop 5 0 0
Tile:2 3 2 1
Map 12 3 0
Tile:7_flip 5 6 1
Tile:0 0 3 0
Tile:13 4 2 1
Tile:6 6 5 0
Tile:0 6 6 1
Drop 3 0 0
Tile:8 7 5 1
Tile:9_flip 7 6 0
Tile:3_flip 7 7 1
Tile:8 4 8 0
Tile:5_flip 3 7 1
Tile:9 0 6 0
Drop 1 0 1
Tile:9_flip 7 4 0
Tile:14 0 7 1
Tile:7 8 7 0
Tile:5 4 1 1
Drop 2 0 0
Map 12 3 1
Drop 0 0 0
Tile:15 8 8 1
Drop 0 0 0
Drop 0 0 1
GAMEOVER DRAW
# Game ended: Sat Mar 28 19:22:39 EDT 2020
