# Server version 0.08 running on localhost:8123
# Game ID: 341
# Board class: Saboteur.SaboteurBoard
# Timeout: 2000000000
# First Move Timeout: 30000
# Date: Fri Apr 03 23:51:45 EDT 2020
# Player 1: Player-0, '260729805', running on localhost
# Player 2: Player-1, 'Human', running on localhost
START Player-0 260729805
START Player-1 Human
BoardInit:Bonus,Tile:9,Tile:14,Tile:7,Tile:15,Tile:9,Tile:9,Tile:0,Tile:0,Tile:7,Map,Tile:1,Tile:10,Tile:6,Tile:0,Tile:2,Map,Tile:7,Map,Destroy,Tile:7,Tile:6,Map,Tile:0,Tile:8,Map,Bonus,Tile:11,Tile:8,Tile:9,Tile:9,Tile:3,Tile:5,Bonus,Map,Bonus,Tile:13,Tile:5,Tile:6,Malus,Destroy-Malus,Tile:8,Tile:7,Tile:12,Tile:8,Tile:6,Tile:10-Tile:8,Tile:6,Tile:5,Tile:4,Tile:5,Tile:10,Destroy-Tile:nugget,Tile:hidden1,Tile:hidden2
Tile:8 6 5 1
Tile:5 6 4 0
Tile:8 7 4 1
Tile:6 8 4 0
Tile:6 9 4 1
Tile:7 10 4 0
Tile:10 10 5 1
Tile:4_flip 10 6 0
Tile:7 9 3 1
Tile:5 8 3 0
Tile:9 6 6 1
Tile:0 7 6 0
Tile:0 8 6 1
Tile:7 9 6 0
Tile:10 9 7 1
Tile:6 9 8 0
Tile:0 10 8 1
Destroy 10 4 0
Tile:12 11 8 1
Tile:7 10 4 0
Map 12 7 1
Tile:8 8 8 0
Map 12 5 1
Tile:10 7 3 0
Map 12 3 1
Tile:9 8 9 0
Tile:8 8 10 1
Map 12 3 0
Tile:7 9 10 1
Tile:9 7 2 0
Tile:8 9 11 1
Tile:9 7 8 0
Tile:9 9 12 1
Tile:0 9 9 0
Tile:5 7 1 1
Tile:6_flip 10 9 0
Map 12 5 1
Destroy 10 4 0
Map 12 7 1
Tile:5 7 7 0
Drop 3 0 1
Tile:2 10 4 0
Malus 0 0 1
Bonus 0 0 0
Destroy 10 9 1
Tile:1 10 9 0
Tile:6 8 2 1
Tile:3 11 9 0
GAMEOVER USER CANCEL UNDECIDED
# Game ended: Fri Apr 03 23:53:36 EDT 2020
