# Server version 0.08 running on macbook-pro-5.local:8123
# Game ID: 780
# Board class: Saboteur.SaboteurBoard
# Timeout: 2000000000
# First Move Timeout: 30000
# Date: Thu Apr 09 02:09:18 EDT 2020
# Player 1: Player-0, '260729805', running on macbook-pro-5.local
# Player 2: Player-1, 'RandomPlayer', running on macbook-pro-5.local
START Player-0 260729805
START Player-1 RandomPlayer
BoardInit:Map,Tile:12,Tile:0,Tile:7,Tile:10,Destroy,Tile:9,Tile:11,Bonus,Tile:8,Bonus,Tile:8,Tile:6,Tile:6,Map,Tile:8,Tile:5,Tile:0,Tile:6,Bonus,Map,Tile:7,Tile:9,Tile:8,Tile:5,Map,Destroy,Tile:10,Tile:9,Tile:7,Tile:10,Tile:5,Tile:6,Tile:9,Tile:6,Tile:0,Destroy,Tile:15,Tile:0,Tile:7,Tile:5-Malus,Tile:3,Map,Bonus,Tile:9,Tile:13,Map-Malus,Tile:7,Tile:8,Tile:1,Tile:4,Tile:14,Tile:2-Tile:hidden2,Tile:hidden1,Tile:nugget
Drop 3 0 1
Tile:7 6 5 0
Tile:9 4 5 1
Tile:8 6 6 0
Map 12 3 1
Tile:7 7 6 0
Drop 2 0 1
Tile:4_flip 7 7 0
Map 12 7 1
Destroy 7 7 0
Tile:3_flip 5 6 1
Tile:8 7 7 0
Drop 0 0 1
Tile:8 8 7 0
Tile:6 7 8 1
Tile:6 9 7 0
Drop 1 0 1
Tile:8 9 6 0
Tile:9 6 7 1
Tile:0 10 6 0
Tile:6 6 8 1
Tile:12 11 6 0
Tile:5 9 5 1
Tile:7 10 7 0
Map 12 7 1
Tile:8 10 8 0
Tile:9 8 6 1
Map 12 5 0
Tile:5_flip 10 5 1
Tile:10 10 9 0
Map 12 5 1
Tile:7 11 8 0
Tile:10 11 9 1
Tile:5 9 8 0
Destroy 9 8 1
Tile:9 11 10 0
Tile:6 5 8 1
Tile:0 12 10 0
Tile:10 4 4 1
Tile:1 9 8 0
Tile:6 4 8 1
Tile:7 13 10 0
Destroy 11 10 1
Tile:2_flip 11 10 0
Tile:5 5 4 1
Tile:14_flip 10 4 0
Tile:9 4 7 1
Tile:11_flip 11 4 0
Drop 2 0 1
Tile:15 11 3 0
Tile:0 3 8 1
Drop 1 0 0
Drop 1 0 1
Malus 0 0 0
Bonus 0 0 1
GAMEOVER DRAW
# Game ended: Thu Apr 09 02:09:19 EDT 2020
