# Server version 0.08 running on macbook-pro-5.local:8123
# Game ID: 712
# Board class: Saboteur.SaboteurBoard
# Timeout: 2000000000
# First Move Timeout: 30000
# Date: Thu Apr 09 01:26:56 EDT 2020
# Player 1: Player-0, '260729805', running on macbook-pro-5.local
# Player 2: Player-1, 'RandomPlayer', running on macbook-pro-5.local
START Player-0 260729805
START Player-1 RandomPlayer
BoardInit:Tile:6,Map,Map,Destroy,Tile:12,Tile:11,Destroy,Tile:9,Tile:4,Tile:8,Tile:14,Tile:0,Tile:2,Tile:6,Tile:9,Tile:9,Tile:3,Tile:8,Tile:8,Tile:13,Map,Malus,Tile:10,Tile:0,Malus,Tile:8,Destroy,Tile:0,Tile:6,Tile:5,Tile:1,Bonus,Tile:5,Tile:7,Tile:5,Tile:9,Tile:9,Map,Tile:10,Bonus,Tile:6-Tile:7,Tile:7,Bonus,Map,Tile:8,Tile:7,Map-Tile:10,Tile:7,Tile:0,Tile:5,Bonus,Tile:15,Tile:6-Tile:hidden2,Tile:nugget,Tile:hidden1
Tile:7 6 5 1
Tile:7_flip 6 6 0
Tile:6_flip 4 5 1
Map 12 3 0
Tile:7 5 4 1
Tile:0 7 6 0
Tile:8 8 6 1
Tile:5_flip 9 6 0
Map 12 7 1
Tile:6_flip 9 5 0
Tile:7_flip 4 4 1
Tile:9 8 5 0
Destroy 6 5 1
Tile:8 6 5 0
Tile:12 7 5 1
Tile:6_flip 8 4 0
Tile:2 10 5 1
Tile:0 11 5 0
Map 12 7 1
Tile:10 8 7 0
Tile:9 3 5 1
Tile:9 8 8 0
Drop 1 0 1
Tile:8 9 8 0
Tile:14_flip 9 7 1
Destroy 7 5 0
Tile:4_flip 10 6 1
Tile:15 5 6 0
Tile:3_flip 5 7 1
Tile:11 6 4 0
Drop 3 0 1
Tile:13 7 4 0
Tile:1 10 7 1
Drop 6 0 0
Tile:5_flip 11 7 1
Drop 6 0 0
Destroy 5 7 1
Drop 6 0 0
Tile:5_flip 4 6 1
Map 12 5 0
Tile:9_flip 9 9 1
Drop 6 0 0
Map 12 7 1
Drop 5 0 0
Tile:6 9 4 1
Drop 4 0 0
Tile:10 4 3 1
Drop 3 0 0
Tile:8 3 6 1
Drop 2 0 0
Tile:6 8 9 1
Drop 1 0 0
Malus 0 0 1
Bonus 0 0 0
Drop 0 0 1
GAMEOVER DRAW
# Game ended: Thu Apr 09 01:26:57 EDT 2020
