# Server version 0.08 running on localhost:8123
# Game ID: 427
# Board class: Saboteur.SaboteurBoard
# Timeout: 2000000000
# First Move Timeout: 30000
# Date: Sat Apr 04 22:17:44 EDT 2020
# Player 1: Player-0, '260729805', running on localhost
# Player 2: Player-1, 'Human', running on localhost
START Player-0 260729805
START Player-1 Human
BoardInit:Tile:0,Tile:12,Destroy,Tile:10,Tile:5,Bonus,Tile:4,Tile:9,Tile:9,Tile:8,Tile:7,Tile:5,Tile:6,Tile:6,Tile:2,Tile:7,Malus,Tile:9,Tile:1,Malus,Map,Tile:6,Tile:8,Map,Tile:7,Tile:0,Destroy,Tile:5,Bonus,Tile:10,Map,Tile:7,Map,Tile:9,Tile:7,Bonus,Tile:8,Tile:6,Tile:15,Tile:8,Tile:0-Tile:5,Tile:10,Tile:9,Tile:3,Tile:11,Tile:0,Tile:14-Destroy,Tile:6,Bonus,Map,Tile:8,Tile:13,Map-Tile:hidden2,Tile:hidden1,Tile:nugget
Tile:0 6 5 1
Map 12 3 0
Tile:0 7 5 1
Map 12 3 0
Drop 5 0 1
Tile:6 8 5 0
Tile:5 8 4 1
Tile:12 9 4 0
Destroy 9 4 1
Tile:13 9 4 0
Drop 3 0 1
Destroy 9 4 0
Tile:7 9 5 1
Tile:5_flip 9 4 0
Tile:6 9 6 1
Tile:6_flip 9 3 0
Drop 6 0 1
Tile:7 10 6 0
Tile:9 10 7 1
Tile:8 11 7 0
GAMEOVER WINNER 0
# Game ended: Sat Apr 04 22:18:30 EDT 2020
