# Server version 0.08 running on localhost:8123
# Game ID: 302
# Board class: Saboteur.SaboteurBoard
# Timeout: 2000000000
# First Move Timeout: 30000
# Date: Fri Apr 03 03:27:16 EDT 2020
# Player 1: Player-0, '260729805', running on localhost
# Player 2: Player-1, 'Human', running on localhost
START Player-0 260729805
START Player-1 Human
BoardInit:Destroy,Tile:6,Tile:9,Tile:8,Tile:11,Tile:4,Tile:1,Tile:2,Map,Tile:8,Tile:6,Bonus,Tile:6,Tile:7,Tile:0,Tile:10,Tile:8,Map,Map,Tile:7,Destroy,Tile:0,Tile:9,Tile:0,Bonus,Map,Tile:8,Map,Bonus,Tile:12,Bonus,Tile:0,Tile:10,Tile:6,Malus,Tile:15,Tile:10,Map,Malus,Tile:7,Tile:9-Tile:5,Destroy,Tile:9,Tile:7,Tile:8,Tile:14,Tile:5-Tile:5,Tile:7,Tile:5,Tile:13,Tile:9,Tile:6,Tile:3-Tile:hidden2,Tile:nugget,Tile:hidden1
Tile:8 6 5 1
Tile:5_flip 7 5 0
Tile:9 7 4 1
Tile:7 8 4 0
Tile:9 8 5 1
Tile:5_flip 9 5 0
Tile:5 9 4 1
Tile:9_flip 10 4 0
Tile:5 10 3 1
Tile:6 11 3 0
Map 12 5 1
Tile:8 12 4 0
GAMEOVER WINNER 0
# Game ended: Fri Apr 03 03:27:30 EDT 2020
