# Server version 0.08 running on localhost:8123
# Game ID: 938
# Board class: Saboteur.SaboteurBoard
# Timeout: 2000000000
# First Move Timeout: 30000
# Date: Sat Apr 11 02:07:23 EDT 2020
# Player 1: Player-0, '260729805', running on localhost
# Player 2: Player-1, 'RandomPlayer', running on localhost
START Player-0 260729805
START Player-1 RandomPlayer
BoardInit:Map,Tile:9,Tile:13,Tile:6,Tile:10,Bonus,Tile:6,Tile:7,Bonus,Map,Tile:10,Tile:14,Tile:5,Tile:8,Tile:12,Tile:7,Tile:6,Tile:8,Tile:9,Tile:1,Tile:9,Tile:5,Tile:3,Map,Tile:0,Tile:15,Malus,Tile:5,Tile:6,Bonus,Tile:7,Map,Bonus,Destroy,Map,Malus,Tile:0,Destroy,Tile:8,Tile:9,Tile:0-Tile:5,Tile:7,Tile:8,Tile:11,Tile:0,Destroy,Tile:7-Tile:8,Tile:6,Tile:9,Tile:2,Tile:4,Map,Tile:10-Tile:hidden1,Tile:hidden2,Tile:nugget
Tile:7 5 4 1
Map 12 3 0
Tile:7 6 5 1
Tile:6 6 6 0
Map 12 3 1
Tile:6 7 6 0
Drop 4 0 1
Tile:8 8 6 0
Tile:6 8 7 1
Tile:7 9 6 0
Tile:0 7 7 1
Map 12 5 0
Tile:13 5 6 1
Tile:9_flip 9 7 0
Tile:11 8 5 1
Tile:10 9 8 0
Tile:5 6 7 1
Tile:7_flip 9 9 0
Tile:6 4 4 1
Tile:9_flip 10 9 0
Tile:9 10 8 1
Tile:8 10 10 0
Tile:8 11 10 1
Tile:5 11 9 0
Tile:10 7 5 1
Tile:4_flip 11 11 0
Tile:0 9 5 1
Tile:2 10 5 0
Drop 6 0 1
Tile:8 12 10 0
Tile:5_flip 10 11 1
Tile:5_flip 13 10 0
Tile:3_flip 6 8 1
Tile:14 11 5 0
Tile:10 12 11 1
Destroy 13 10 0
Tile:12_flip 9 10 1
Malus 0 0 0
Map 12 5 1
Destroy 12 11 0
Drop 4 0 1
Tile:9 10 7 0
Drop 5 0 1
Tile:1 11 7 0
Drop 4 0 1
Tile:15 10 6 0
Drop 3 0 1
Drop 3 0 0
Drop 2 0 1
Drop 2 0 0
Drop 0 0 1
Drop 1 0 0
Drop 1 0 1
Drop 0 0 0
Drop 0 0 1
GAMEOVER DRAW
# Game ended: Sat Apr 11 02:07:24 EDT 2020
