# Server version 0.08 running on localhost:8123
# Game ID: 914
# Board class: Saboteur.SaboteurBoard
# Timeout: 2000000000
# First Move Timeout: 30000
# Date: Sat Apr 11 01:51:24 EDT 2020
# Player 1: Player-0, '260729805', running on localhost
# Player 2: Player-1, 'Human', running on localhost
START Player-0 260729805
START Player-1 Human
BoardInit:Bonus,Tile:15,Map,Tile:8,Bonus,Tile:6,Tile:6,Tile:8,Destroy,Tile:1,Tile:8,Map,Bonus,Map,Destroy,Tile:9,Tile:12,Tile:8,Tile:10,Tile:8,Tile:9,Tile:11,Tile:7,Tile:7,Tile:7,Map,Tile:0,Map,Malus,Map,Destroy,Tile:3,Tile:8,Tile:9,Tile:5,Malus,Tile:5,Map,Tile:6,Destroy,Tile:6,Destroy,Map,Map,Map,Tile:0,Tile:14,Map,Tile:8,Map,Tile:6,Tile:0,Map,Tile:13,Tile:5,Destroy,Tile:7,Tile:0,Map,Malus,Map,Tile:10,Map,Tile:5,Map,Bonus,Destroy,Tile:9,Tile:10,Tile:9-Map,Tile:8,Tile:7,Map,Map,Tile:8,Destroy-Tile:2,Map,Map,Destroy,Map,Tile:4,Tile:8-Tile:nugget,Tile:hidden2,Tile:hidden1
Tile:8 6 5 1
Map 12 3 0
Tile:8 7 5 1
Destroy 7 5 0
Tile:7 7 5 1
Tile:4_flip 7 6 0
Destroy 7 6 1
Tile:2_flip 7 6 0
Map 12 7 1
Tile:6_flip 6 4 0
Tile:6 7 4 1
Tile:1 8 4 0
Tile:8 7 3 1
Tile:15 7 2 0
Destroy 8 4 1
Drop 6 0 0
Destroy 7 6 1
Tile:8 8 3 0
Tile:12 9 3 1
Tile:8 8 4 0
