# Server version 0.08 running on macbook-pro-5.local:8123
# Game ID: 694
# Board class: Saboteur.SaboteurBoard
# Timeout: 2000000000
# First Move Timeout: 30000
# Date: Thu Apr 09 01:17:41 EDT 2020
# Player 1: Player-0, '260729805', running on macbook-pro-5.local
# Player 2: Player-1, 'RandomPlayer', running on macbook-pro-5.local
START Player-0 260729805
START Player-1 RandomPlayer
BoardInit:Tile:7,Tile:6,Tile:5,Tile:10,Tile:7,Tile:0,Tile:4,Map,Tile:7,Tile:9,Bonus,Tile:0,Malus,Tile:9,Map,Tile:6,Map,Tile:9,Tile:6,Tile:5,Tile:1,Tile:14,Tile:13,Destroy,Map,Tile:0,Tile:8,Tile:8,Tile:8,Tile:15,Tile:3,Tile:8,Tile:9,Tile:5,Tile:11,Bonus,Tile:7,Bonus,Tile:5,Bonus,Destroy-Tile:10,Tile:7,Tile:10,Map,Malus,Map,Destroy-Tile:6,Tile:0,Tile:12,Tile:8,Tile:9,Tile:6,Tile:2-Tile:hidden2,Tile:hidden1,Tile:nugget
Map 12 3 1
Tile:6 6 5 0
Drop 1 0 1
Tile:0 7 5 0
Map 12 5 1
Tile:6 8 5 0
Tile:7_flip 4 5 1
Tile:6 9 5 0
Tile:10 9 4 1
Map 12 3 0
Tile:4_flip 5 6 1
Tile:2 5 4 0
Destroy 6 5 1
Tile:12 6 4 0
Malus 0 0 1
Drop 6 0 0
Tile:5_flip 10 5 1
Drop 6 0 0
Tile:10 9 3 1
Drop 6 0 0
Tile:6_flip 6 5 1
Drop 6 0 0
Drop 5 0 1
Drop 6 0 0
Tile:7 8 4 1
Destroy 5 4 0
Map 12 5 1
Drop 6 0 0
Tile:13 9 2 1
Drop 6 0 0
Tile:8 9 1 1
Drop 6 0 0
Tile:3_flip 7 4 1
Drop 6 0 0
Tile:8 10 2 1
Drop 6 0 0
Tile:11 10 3 1
Bonus 0 0 0
Tile:7_flip 8 1 1
Drop 6 0 0
Tile:7 4 4 1
Drop 6 0 0
Tile:9 10 4 1
Drop 5 0 0
Destroy 8 5 1
Drop 4 0 0
Tile:5 8 2 1
Drop 3 0 0
Tile:1 3 4 1
Drop 2 0 0
Drop 1 0 1
Drop 1 0 0
Map 12 3 1
Tile:8 8 5 0
Drop 0 0 1
GAMEOVER DRAW
# Game ended: Thu Apr 09 01:18:04 EDT 2020
