# Server version 0.08 running on localhost:8123
# Game ID: 1051
# Board class: Saboteur.SaboteurBoard
# Timeout: 2000000000
# First Move Timeout: 30000
# Date: Sat Apr 11 14:21:20 EDT 2020
# Player 1: Player-0, '260729805', running on localhost
# Player 2: Player-1, 'RandomPlayer', running on localhost
START Player-0 260729805
START Player-1 RandomPlayer
BoardInit:Tile:8,Malus,Destroy,Tile:10,Tile:12,Tile:0,Tile:7,Tile:0,Tile:9,Destroy,Tile:2,Map,Tile:8,Tile:7,Map,Tile:5,Bonus,Tile:3,Tile:5,Tile:6,Tile:14,Tile:7,Tile:7,Map,Tile:0,Tile:13,Destroy,Map,Tile:6,Tile:6,Tile:9,Tile:9,Tile:1,Tile:8,Bonus,Tile:10,Tile:10,Tile:0,Tile:6,Map,Tile:8-Tile:7,Tile:9,Malus,Bonus,Tile:11,Bonus,Tile:5-Tile:8,Tile:9,Tile:5,Tile:15,Tile:6,Tile:4,Map-Tile:hidden1,Tile:hidden2,Tile:nugget
Drop 3 0 1
Map 12 3 0
Malus 0 0 1
Malus 0 0 0
Drop 4 0 1
Drop 5 0 0
Drop 3 0 1
Drop 3 0 0
Drop 1 0 1
Drop 6 0 0
Drop 4 0 1
Drop 6 0 0
Drop 0 0 1
Drop 6 0 0
Drop 0 0 1
Drop 6 0 0
Map 12 7 1
Drop 6 0 0
Drop 3 0 1
Drop 6 0 0
Drop 2 0 1
Drop 6 0 0
Drop 3 0 1
Drop 6 0 0
Drop 5 0 1
Drop 6 0 0
Drop 0 0 1
Drop 6 0 0
Drop 6 0 1
Drop 6 0 0
Drop 1 0 1
Drop 6 0 0
Drop 4 0 1
Drop 6 0 0
Drop 0 0 1
Drop 6 0 0
Drop 3 0 1
Drop 6 0 0
Bonus 0 0 1
Drop 6 0 0
Tile:9 5 6 1
Drop 6 0 0
Tile:7 6 6 1
Drop 5 0 0
Tile:6 6 5 1
Drop 4 0 0
Drop 1 0 1
Drop 3 0 0
Tile:10 6 4 1
Drop 2 0 0
Tile:5 4 5 1
Drop 1 0 0
Tile:8 6 7 1
Drop 0 0 0
Drop 0 0 1
GAMEOVER DRAW
# Game ended: Sat Apr 11 14:21:21 EDT 2020
