# Server version 0.08 running on localhost:8123
# Game ID: 1070
# Board class: Saboteur.SaboteurBoard
# Timeout: 2000000000
# First Move Timeout: 30000
# Date: Sun Apr 12 20:31:56 EDT 2020
# Player 1: Player-0, '260729805', running on localhost
# Player 2: Player-1, 'RandomPlayer', running on localhost
START Player-0 260729805
START Player-1 RandomPlayer
BoardInit:Tile:3,Tile:14,Tile:5,Tile:7,Tile:8,Tile:6,Bonus,Tile:12,Destroy,Tile:0,Tile:8,Bonus,Tile:13,Tile:9,Tile:9,Tile:10,Tile:7,Tile:0,Tile:5,Map,Destroy,Tile:8,Map,Tile:7,Bonus,Malus,Tile:10,Map,Map,Tile:1,Map,Tile:6,Tile:9,Tile:7,Tile:4,Tile:6,Tile:5,Tile:8,Tile:8,Tile:7,Tile:11-Tile:15,Map,Destroy,Tile:5,Tile:9,Malus,Tile:9-Tile:6,Tile:6,Tile:0,Tile:0,Tile:10,Tile:2,Bonus-Tile:hidden1,Tile:hidden2,Tile:nugget
Tile:15 5 6 1
Tile:6 6 5 0
Tile:9 5 7 1
Tile:6 7 5 0
Destroy 7 5 1
Tile:0 7 5 0
Tile:9_flip 6 4 1
Tile:0 8 5 0
Drop 2 0 1
Tile:7 9 5 0
Tile:3_flip 9 6 1
Tile:10 6 3 0
Tile:8 6 7 1
Tile:6_flip 6 2 0
Tile:13 5 8 1
Tile:9_flip 7 2 0
Tile:5_flip 5 9 1
Tile:10 7 3 0
Destroy 6 3 1
Tile:0 4 5 0
Tile:5_flip 6 8 1
Map 12 3 0
Tile:5 6 6 1
Tile:8 5 4 0
Destroy 5 7 1
Tile:7 5 3 0
Tile:9 5 7 1
Malus 0 0 0
Bonus 0 0 1
Map 12 5 0
Drop 3 0 1
Tile:0 4 4 0
Map 12 7 1
Tile:6 4 3 0
Tile:9 4 8 1
Tile:7_flip 3 5 0
Map 12 3 1
Tile:6_flip 4 2 0
Tile:5 3 2 1
Tile:8 3 4 0
Tile:7 10 6 1
Tile:7_flip 2 4 0
Tile:8 10 7 1
Tile:2 11 7 0
Tile:10 6 3 1
Tile:14 11 8 0
Tile:4 4 7 1
Tile:12_flip 9 7 0
Map 12 3 1
Tile:1 7 7 0
Tile:11 3 3 1
Drop 1 0 0
Drop 1 0 1
Drop 0 0 0
Drop 0 0 1
GAMEOVER DRAW
# Game ended: Sun Apr 12 20:31:56 EDT 2020
