# Server version 0.08 running on localhost:8123
# Game ID: 307
# Board class: Saboteur.SaboteurBoard
# Timeout: 2000000000
# First Move Timeout: 30000
# Date: Fri Apr 03 03:34:15 EDT 2020
# Player 1: Player-0, '260729805', running on localhost
# Player 2: Player-1, 'RandomPlayer', running on localhost
START Player-0 260729805
START Player-1 RandomPlayer
BoardInit:Tile:0,Tile:9,Map,Tile:1,Tile:9,Tile:6,Tile:7,Bonus,Tile:7,Tile:7,Tile:3,Tile:4,Map,Tile:7,Bonus,Malus,Map,Tile:12,Tile:6,Tile:6,Bonus,Tile:9,Tile:9,Tile:8,Tile:10,Tile:13,Malus,Tile:11,Tile:5,Tile:8,Destroy,Bonus,Tile:8,Map,Tile:6,Tile:5,Tile:9,Tile:6,Tile:0,Tile:0,Map-Tile:5,Tile:14,Tile:0,Destroy,Tile:10,Destroy,Tile:7-Tile:8,Tile:8,Tile:10,Tile:15,Tile:5,Tile:2,Map-Tile:nugget,Tile:hidden1,Tile:hidden2
Tile:10 5 6 1
Map 12 3 0
Tile:14 5 7 1
Tile:8 6 5 0
Tile:7_flip 4 7 1
Tile:8 7 5 0
Destroy 7 5 1
Tile:5_flip 7 5 0
Map 12 3 1
Tile:10 7 4 0
Tile:7_flip 6 6 1
Tile:6_flip 7 6 0
Tile:0 4 5 1
Tile:9_flip 8 6 0
Tile:9_flip 6 4 1
Tile:4 8 5 0
Tile:3_flip 7 7 1
Tile:7 7 3 0
Destroy 4 5 1
Tile:7_flip 4 5 0
Map 12 5 1
Tile:6 8 7 0
Tile:5_flip 9 7 1
Tile:9 9 6 0
Drop 0 0 1
Tile:12 10 6 0
Tile:9 6 3 1
Tile:8 6 2 0
Tile:6_flip 5 4 1
Malus 0 0 0
Map 12 5 1
Tile:8 6 1 0
Destroy 9 6 1
Tile:11 9 6 0
Drop 3 0 1
Map 12 3 0
Drop 2 0 1
Tile:5_flip 7 2 0
Bonus 0 0 1
Tile:6_flip 7 1 0
Tile:8 5 1 1
Tile:0 8 1 0
Tile:6_flip 4 4 1
Tile:15 9 5 0
Tile:5_flip 9 1 1
Tile:2 9 4 0
Tile:7 4 6 1
Tile:1 10 4 0
Tile:9 9 0 1
Tile:13 10 0 0
Map 12 3 1
Drop 1 0 0
Tile:0 11 4 1
Drop 0 0 0
Malus 0 0 1
GAMEOVER DRAW
# Game ended: Fri Apr 03 03:34:16 EDT 2020
