# Server version 0.08 running on macbook-pro-5.local:8123
# Game ID: 864
# Board class: Saboteur.SaboteurBoard
# Timeout: 2000000000
# First Move Timeout: 30000
# Date: Fri Apr 10 23:40:40 EDT 2020
# Player 1: Player-0, '260729805', running on macbook-pro-5.local
# Player 2: Player-1, 'RandomPlayer', running on macbook-pro-5.local
START Player-0 260729805
START Player-1 RandomPlayer
BoardInit:Tile:6,Malus,Tile:7,Tile:8,Tile:8,Tile:8,Map,Destroy,Tile:3,Tile:0,Tile:8,Destroy,Tile:9,Map,Tile:9,Tile:8,Tile:7,Bonus,Tile:8,Tile:12,Destroy,Malus,Tile:0,Tile:9,Tile:6,Tile:10,Tile:8,Bonus,Tile:8,Malus,Tile:6,Tile:9,Tile:13,Tile:8,Bonus,Tile:8,Tile:10,Tile:10,Malus,Tile:8,Tile:5,Tile:0,Bonus,Tile:8,Tile:4,Tile:1,Tile:6,Bonus,Tile:8,Tile:7,Tile:5,Tile:5,Tile:8,Malus,Tile:7,Tile:8,Tile:14,Tile:0,Tile:2,Map,Tile:9,Bonus,Tile:8-Tile:8,Bonus,Map,Tile:8,Tile:5,Map,Tile:8-Map,Tile:8,Tile:11,Tile:8,Tile:6,Tile:7,Tile:15-Tile:hidden2,Tile:hidden1,Tile:nugget
Tile:8 5 6 1
Map 12 3 0
Tile:6_flip 5 4 1
Tile:6 6 5 0
Drop 1 0 1
Tile:7 7 5 0
Tile:8 4 4 1
Tile:8 7 6 0
Tile:7 8 6 1
Tile:8 8 7 0
Drop 1 0 1
Tile:0 9 7 0
Tile:8 6 4 1
Malus 0 0 0
Bonus 0 0 1
Map 12 5 0
Tile:8 5 7 1
Tile:8 8 8 0
Map 12 5 1
Tile:8 8 9 0
Map 12 7 1
Tile:8 9 9 0
Tile:7 6 3 1
Malus 0 0 0
Destroy 8 6 1
Tile:9_flip 8 6 0
Drop 0 0 1
Tile:10 9 10 0
Drop 5 0 1
Destroy 9 7 0
Drop 0 0 1
Malus 0 0 0
Drop 6 0 1
Tile:9_flip 10 9 0
Drop 3 0 1
Tile:8 10 8 0
Drop 4 0 1
Tile:8 11 8 0
Drop 0 0 1
Tile:10 11 7 0
Drop 4 0 1
Tile:8 12 8 0
GAMEOVER WINNER 0
# Game ended: Fri Apr 10 23:41:26 EDT 2020
