# Server version 0.08 running on localhost:8123
# Game ID: 772
# Board class: Saboteur.SaboteurBoard
# Timeout: 2000000000
# First Move Timeout: 30000
# Date: Thu Apr 09 01:58:53 EDT 2020
# Player 1: Player-0, '260729805', running on localhost
# Player 2: Player-1, 'Human', running on localhost
START Player-0 260729805
START Player-1 Human
BoardInit:Tile:0,Tile:10,Tile:10,Tile:9,Tile:8,Tile:0,Tile:7,Map,Tile:9,Tile:11,Bonus,Tile:5,Malus,Tile:9,Tile:5,Tile:14,Destroy,Tile:6,Map,Tile:8,Tile:6,Tile:9,Destroy,Tile:6,Malus,Bonus,Tile:8,Destroy,Tile:5,Tile:8,Tile:0,Bonus,Tile:0,Tile:2,Tile:7,Tile:7,Tile:8,Tile:5,Tile:4,Map,Tile:7-Tile:15,Map,Tile:3,Tile:12,Tile:1,Tile:10,Tile:6-Tile:9,Map,Tile:13,Map,Tile:7,Tile:6,Bonus-Tile:hidden2,Tile:nugget,Tile:hidden1
Tile:6 6 5 1
Map 12 3 0
Tile:0 7 5 1
Map 12 5 0
Drop 4 0 1
Tile:7 8 5 0
Tile:8 8 6 1
Tile:6 9 6 0
Tile:7 10 6 1
Tile:9 10 7 0
Drop 3 0 1
Tile:9_flip 11 7 0
Drop 2 0 1
Tile:5 9 5 0
Map 12 5 1
Tile:10 11 8 0
Drop 6 0 1
Tile:9_flip 10 8 0
Tile:10 11 6 1
Tile:6_flip 11 5 0
GAMEOVER WINNER 0
# Game ended: Thu Apr 09 01:59:56 EDT 2020
