# Server version 0.08 running on localhost:8123
# Game ID: 226
# Board class: Saboteur.SaboteurBoard
# Timeout: 2000000000
# First Move Timeout: 30000
# Date: Wed Apr 01 22:11:59 EDT 2020
# Player 1: Player-0, '260729805', running on localhost
# Player 2: Player-1, 'RandomPlayer', running on localhost
START Player-0 260729805
START Player-1 RandomPlayer
BoardInit:Tile:0,Tile:6,Tile:7,Tile:6,Tile:2,Tile:0,Bonus,Tile:1,Bonus,Map,Tile:10,Tile:3,Tile:8,Map,Tile:5,Tile:7,Bonus,Tile:11,Tile:0,Tile:6,Tile:9,Tile:5,Tile:7,Tile:0,Tile:9,Map,Tile:10,Tile:8,Tile:9,Malus,Tile:14,Tile:13,Destroy,Destroy,Tile:15,Bonus,Tile:9,Tile:7,Map,Tile:8,Tile:5-Map,Tile:7,Tile:12,Tile:8,Tile:4,Tile:8,Destroy-Malus,Tile:9,Tile:5,Tile:6,Map,Tile:10,Tile:6-Tile:hidden1,Tile:hidden2,Tile:nugget
Map 12 7 1
Tile:6 6 5 0
Tile:7 5 4 1
Tile:6 7 5 0
Tile:7_flip 4 4 1
Tile:9 4 3 0
Tile:8 8 5 1
Tile:6_flip 4 2 0
Tile:2_flip 8 6 1
Malus 0 0 0
Drop 1 0 1
Tile:5 3 2 0
Destroy 6 5 1
Map 12 3 0
Drop 2 0 1
Tile:10 3 3 0
Drop 6 0 1
Tile:6 5 2 0
Drop 3 0 1
Tile:0 5 3 0
Drop 4 0 1
Tile:1 4 5 0
Drop 5 0 1
Map 12 3 0
Drop 0 0 1
Tile:3 5 1 0
Drop 5 0 1
Map 12 3 0
Drop 2 0 1
Tile:7 6 2 0
Drop 4 0 1
Tile:11 3 5 0
Drop 6 0 1
Tile:6 3 6 0
Destroy 8 5 1
Tile:5 2 6 0
Drop 3 0 1
Tile:0 4 6 0
Bonus 0 0 1
Map 12 3 0
Tile:8 8 5 1
Tile:8 2 7 0
Tile:15 3 4 1
Malus 0 0 0
Drop 4 0 1
Tile:13 2 8 0
Drop 3 0 1
Destroy 2 6 0
Drop 2 0 1
Tile:7 3 7 0
Drop 0 0 1
Tile:8 2 6 0
Drop 1 0 1
Drop 0 0 0
Drop 0 0 1
GAMEOVER DRAW
# Game ended: Wed Apr 01 22:12:56 EDT 2020
