# Server version 0.08 running on 192.168.1.5:8123
# Game ID: 131
# Board class: Saboteur.SaboteurBoard
# Timeout: 20000
# First Move Timeout: 30000
# Date: Tue Mar 31 00:51:12 EDT 2020
# Player 1: Player-0, '260729805', running on 192.168.1.5
# Player 2: Player-1, 'RandomPlayer', running on 192.168.1.5
START Player-0 260729805
START Player-1 RandomPlayer
BoardInit:Tile:4,Tile:10,Tile:0,Tile:6,Tile:0,Map,Tile:2,Tile:5,Tile:3,Malus,Destroy,Destroy,Bonus,Tile:7,Tile:6,Tile:8,Tile:6,Tile:8,Tile:5,Tile:15,Tile:10,Tile:11,Tile:14,Tile:7,Tile:1,Map,Map,Tile:7,Tile:13,Tile:10,Tile:0,Tile:8,Tile:9,Bonus,Tile:7,Tile:12,Tile:8,Tile:5,Tile:5,Tile:0,Bonus-Tile:7,Map,Tile:6,Tile:9,Tile:6,Map,Tile:9-Bonus,Malus,Tile:8,Tile:9,Tile:9,Map,Destroy-Tile:hidden2,Tile:nugget,Tile:hidden1
Map 12 3 1
Drop 4 0 0
Tile:9 5 4 1
Drop 4 0 0
Tile:6_flip 4 5 1
Drop 4 0 0
Tile:9_flip 5 6 1
Drop 4 0 0
Tile:6 5 7 1
Drop 4 0 0
Tile:2_flip 4 7 1
Drop 4 0 0
Tile:0 6 5 1
Drop 4 0 0
Tile:0 6 4 1
Drop 4 0 0
Destroy 4 7 1
Drop 4 0 0
Tile:7 7 4 1
Drop 4 0 0
Drop 4 0 1
Drop 4 0 0
Tile:3_flip 3 5 1
Drop 4 0 0
Drop 0 0 1
Drop 4 0 0
Tile:14 7 5 1
Drop 4 0 0
Map 12 5 1
Drop 4 0 0
Drop 2 0 1
Drop 4 0 0
Tile:5_flip 6 7 1
Drop 4 0 0
Drop 3 0 1
Drop 4 0 0
Tile:7_flip 4 6 1
Drop 4 0 0
Tile:4 6 6 1
Drop 4 0 0
Drop 6 0 1
Drop 4 0 0
Drop 5 0 1
Drop 4 0 0
Drop 1 0 1
Drop 4 0 0
Tile:9 3 4 1
Drop 3 0 0
Tile:13 3 3 1
Tile:8 3 2 0
Tile:0 4 2 1
Drop 1 0 0
Drop 1 0 1
Drop 0 0 0
Drop 0 0 1
GAMEOVER DRAW
# Game ended: Tue Mar 31 00:51:13 EDT 2020
