# Server version 0.08 running on localhost:8123
# Game ID: 871
# Board class: Saboteur.SaboteurBoard
# Timeout: 2000000000
# First Move Timeout: 30000
# Date: Sat Apr 11 00:06:59 EDT 2020
# Player 1: Player-0, '260729805', running on localhost
# Player 2: Player-1, 'Human', running on localhost
START Player-0 260729805
START Player-1 Human
BoardInit:Tile:6,Tile:12,Bonus,Destroy,Tile:8,Tile:8,Tile:8,Bonus,Tile:10,Map,Tile:8,Malus,Tile:5,Tile:9,Tile:8,Tile:7,Tile:5,Map,Tile:8,Tile:8,Tile:8,Tile:8,Tile:7,Tile:8,Tile:9,Tile:8,Tile:8,Malus,Map,Tile:6,Tile:0,Tile:6,Tile:7,Tile:8,Tile:7,Tile:0,Tile:10,Tile:0,Tile:3,Tile:0,Tile:7,Tile:9,Tile:9,Tile:8,Tile:8,Tile:8,Destroy,Tile:6,Tile:8,Map,Tile:13,Tile:14,Tile:11,Malus,Bonus,Tile:8,Malus,Bonus,Malus,Tile:8,Tile:5,Tile:1,Destroy-Map,Tile:8,Tile:4,Bonus,Tile:15,Tile:6,Tile:8-Tile:5,Bonus,Tile:9,Map,Bonus,Tile:2,Tile:10-Tile:nugget,Tile:hidden1,Tile:hidden2
Tile:8 6 5 1
Map 12 5 0
Tile:6 7 5 1
Tile:5_flip 8 5 0
Tile:8 8 4 1
Tile:9_flip 9 4 0
Map 12 3 1
Tile:10 9 5 0
Tile:8 9 6 1
Tile:8 10 6 0
Tile:8 11 6 1
Map 12 5 0
Tile:8 11 7 1
Malus 0 0 0
Bonus 0 0 1
Tile:9_flip 11 5 0
