# Server version 0.08 running on 192.168.1.5:8123
# Game ID: 133
# Board class: Saboteur.SaboteurBoard
# Timeout: 20000
# First Move Timeout: 30000
# Date: Tue Mar 31 00:52:28 EDT 2020
# Player 1: Player-0, '260729805', running on 192.168.1.5
# Player 2: Player-1, 'RandomPlayer', running on 192.168.1.5
START Player-0 260729805
START Player-1 RandomPlayer
BoardInit:Tile:5,Tile:13,Tile:8,Tile:14,Tile:6,Tile:1,Tile:7,Malus,Bonus,Map,Malus,Tile:7,Tile:9,Tile:12,Tile:6,Tile:7,Map,Tile:0,Tile:7,Tile:0,Tile:3,Tile:15,Tile:7,Tile:11,Map,Tile:10,Bonus,Tile:4,Destroy,Tile:5,Tile:6,Tile:0,Tile:10,Tile:9,Tile:9,Tile:8,Tile:9,Tile:0,Tile:5,Tile:9,Map-Destroy,Tile:8,Tile:2,Tile:6,Tile:6,Bonus,Map-Destroy,Tile:8,Tile:5,Bonus,Tile:8,Tile:10,Map-Tile:nugget,Tile:hidden2,Tile:hidden1
Tile:6_flip 5 4 1
Map 12 5 0
Tile:6_flip 4 4 1
Tile:8 6 5 0
Tile:2_flip 7 5 1
Tile:5_flip 8 5 0
Tile:8 8 4 1
Tile:8 9 4 0
Tile:8 10 4 1
Tile:13 11 4 0
Tile:7 12 4 1
Map 12 5 0
Tile:6_flip 7 4 1
Destroy 12 4 0
Tile:9_flip 11 3 1
Tile:10 11 5 0
Tile:6 11 6 1
Tile:14 12 4 0
Destroy 11 4 1
Tile:1 12 6 0
Map 12 3 1
Tile:7 13 6 0
Tile:3 11 2 1
Tile:15 10 5 0
Tile:5 9 3 1
Tile:7_flip 10 6 0
Tile:7_flip 13 7 1
Tile:10 9 5 0
Drop 6 0 1
Tile:11_flip 9 6 0
Map 12 7 1
Tile:12_flip 10 2 0
Malus 0 0 1
Drop 6 0 0
Destroy 11 2 1
Drop 6 0 0
Tile:9_flip 8 3 1
Drop 6 0 0
Drop 6 0 1
Drop 6 0 0
Tile:7_flip 4 5 1
Drop 6 0 0
Tile:6_flip 8 2 1
Drop 5 0 0
Map 12 7 1
Drop 4 0 0
Map 12 3 1
Drop 3 0 0
Drop 1 0 1
Drop 2 0 0
Tile:5_flip 5 6 1
Drop 1 0 0
Tile:10 6 6 1
Bonus 0 0 0
Drop 0 0 1
GAMEOVER DRAW
# Game ended: Tue Mar 31 00:52:30 EDT 2020
