# Server version 0.08 running on 192.168.1.5:8123
# Game ID: 218
# Board class: Saboteur.SaboteurBoard
# Timeout: 2000000000
# First Move Timeout: 30000
# Date: Wed Apr 01 16:15:18 EDT 2020
# Player 1: Player-0, '260729805', running on 192.168.1.5
# Player 2: Player-1, 'RandomPlayer', running on 192.168.1.5
START Player-0 260729805
START Player-1 RandomPlayer
BoardInit:Tile:12,Tile:14,Tile:6,Tile:11,Tile:6,Tile:3,Bonus,Tile:4,Tile:5,Map,Tile:8,Map,Tile:0,Malus,Tile:9,Bonus,Tile:1,Tile:10,Tile:5,Destroy,Tile:7,Map,Tile:0,Bonus,Tile:9,Tile:0,Tile:7,Tile:9,Tile:8,Tile:8,Tile:5,Tile:15,Bonus,Tile:2,Malus,Destroy,Tile:6,Tile:0,Tile:8,Map,Tile:7-Tile:5,Tile:6,Tile:8,Tile:9,Tile:13,Tile:10,Destroy-Tile:7,Tile:10,Map,Tile:7,Tile:6,Map,Tile:9-Tile:nugget,Tile:hidden2,Tile:hidden1
Tile:9_flip 6 5 1
Tile:7 6 4 0
Tile:6_flip 4 5 1
Tile:10 6 6 0
Tile:10 5 6 1
Tile:6_flip 5 4 0
Tile:8 6 7 1
Tile:7 7 7 0
Tile:6 7 8 1
Tile:9_flip 8 8 0
Tile:6 6 8 1
Tile:4 8 7 0
Destroy 7 7 1
Tile:11_flip 7 7 0
Drop 2 0 1
Tile:14_flip 7 6 0
Tile:5_flip 8 6 1
Tile:3 8 5 0
Tile:9 5 7 1
Tile:10 8 9 0
Tile:0 3 5 1
Drop 6 0 0
Tile:5_flip 8 10 1
Drop 6 0 0
Drop 0 0 1
Drop 6 0 0
Tile:5_flip 4 6 1
Tile:0 4 4 0
Tile:0 3 4 1
Tile:9 5 8 0
Tile:7_flip 7 10 1
Tile:8 5 9 0
Tile:5 3 6 1
Drop 6 0 0
Tile:7_flip 3 7 1
Drop 6 0 0
Tile:9 5 10 1
Drop 6 0 0
Tile:6_flip 4 9 1
Tile:0 6 9 0
Drop 6 0 1
Drop 6 0 0
Tile:8 2 5 1
Drop 5 0 0
Drop 4 0 1
Drop 4 0 0
Tile:8 5 11 1
Drop 3 0 0
Tile:7 7 9 1
Drop 2 0 0
Drop 1 0 1
Drop 1 0 0
Drop 1 0 1
Map 12 3 0
Drop 0 0 1
GAMEOVER DRAW
# Game ended: Wed Apr 01 16:15:18 EDT 2020
