# Server version 0.08 running on macbook-pro-5.local:8123
# Game ID: 695
# Board class: Saboteur.SaboteurBoard
# Timeout: 2000000000
# First Move Timeout: 30000
# Date: Thu Apr 09 01:19:22 EDT 2020
# Player 1: Player-0, '260729805', running on macbook-pro-5.local
# Player 2: Player-1, 'RandomPlayer', running on macbook-pro-5.local
START Player-0 260729805
START Player-1 RandomPlayer
BoardInit:Malus,Tile:8,Tile:7,Tile:5,Tile:7,Tile:1,Bonus,Tile:0,Tile:6,Bonus,Tile:9,Tile:0,Tile:10,Tile:8,Map,Tile:4,Tile:10,Tile:5,Bonus,Tile:9,Tile:14,Map,Bonus,Tile:6,Tile:7,Map,Map,Tile:8,Tile:6,Tile:5,Tile:3,Tile:6,Tile:9,Map,Tile:13,Tile:2,Tile:12,Destroy,Tile:8,Tile:10,Tile:11-Tile:9,Malus,Tile:7,Tile:5,Tile:0,Tile:7,Tile:8-Map,Destroy,Tile:9,Tile:15,Tile:0,Destroy,Tile:6-Tile:hidden2,Tile:nugget,Tile:hidden1
Tile:7_flip 5 6 1
Map 12 3 0
Tile:9 4 5 1
Tile:0 6 5 0
Tile:5_flip 7 5 1
Tile:6_flip 7 4 0
Drop 4 0 1
Tile:5_flip 8 4 0
Tile:7_flip 6 4 1
Tile:0 6 6 0
Tile:8 4 4 1
Tile:9_flip 5 4 0
Tile:6_flip 5 3 1
Tile:0 7 6 0
Tile:9 4 3 1
Tile:8 6 3 0
Tile:0 7 3 1
Tile:8 8 3 0
Tile:10 8 2 1
Tile:5_flip 4 6 0
Tile:7 6 2 1
Tile:9_flip 9 3 0
Tile:7 4 2 1
Map 12 5 0
Drop 2 0 1
Destroy 6 5 0
Tile:7_flip 3 2 1
Tile:1 6 5 0
Tile:14 8 6 1
Destroy 6 5 0
Map 12 3 1
Tile:4_flip 9 4 0
Tile:6 3 4 1
Tile:15 9 2 0
Tile:3 3 3 1
Tile:5 8 5 0
Tile:9_flip 8 1 1
Tile:2 9 5 0
Tile:10 8 0 1
Destroy 5 4 0
Drop 2 0 1
Drop 6 0 0
Tile:12_flip 5 2 1
Drop 5 0 0
Tile:11_flip 5 4 1
Drop 4 0 0
Tile:13 3 6 1
Drop 3 0 0
Drop 0 0 1
Drop 2 0 0
Tile:8 2 4 1
Drop 1 0 0
Drop 1 0 1
Drop 0 0 0
Drop 0 0 1
GAMEOVER DRAW
# Game ended: Thu Apr 09 01:19:28 EDT 2020
