# Server version 0.08 running on localhost:8123
# Game ID: 253
# Board class: Saboteur.SaboteurBoard
# Timeout: 2000000000
# First Move Timeout: 30000
# Date: Fri Apr 03 00:54:49 EDT 2020
# Player 1: Player-0, '260729805', running on localhost
# Player 2: Player-1, 'Human', running on localhost
START Player-0 260729805
START Player-1 Human
BoardInit:Malus,Map,Tile:5,Map,Tile:9,Tile:0,Tile:4,Tile:8,Tile:7,Tile:8,Tile:14,Tile:6,Tile:6,Tile:10,Tile:6,Tile:1,Destroy,Tile:8,Tile:15,Map,Tile:7,Tile:9,Destroy,Tile:11,Tile:9,Tile:0,Bonus,Tile:8,Bonus,Tile:10,Map,Tile:6,Tile:3,Tile:13,Bonus,Tile:5,Map,Tile:8,Tile:12,Tile:6,Destroy-Tile:7,Tile:5,Tile:9,Bonus,Tile:9,Tile:2,Tile:10-Map,Tile:7,Tile:7,Malus,Tile:0,Tile:0,Tile:5-Tile:hidden1,Tile:nugget,Tile:hidden2
Tile:7 6 5 1
Tile:7 5 4 0
Tile:9 6 6 1
Tile:7 7 6 0
Tile:9 7 7 1
Tile:0 8 7 0
Tile:2 4 5 1
Tile:0 9 7 0
Drop 6 0 1
Tile:8 7 8 0
Tile:7 10 7 1
Tile:8 10 8 0
Tile:10 7 9 1
Tile:5 9 8 0
Tile:6 10 9 1
Tile:6_flip 11 9 0
Tile:6 12 9 1
Tile:10 12 8 0
Tile:9 12 6 1
GAMEOVER WINNER 1
# Game ended: Fri Apr 03 00:55:35 EDT 2020
