# Server version 0.08 running on localhost:8123
# Game ID: 825
# Board class: Saboteur.SaboteurBoard
# Timeout: 2000000000
# First Move Timeout: 30000
# Date: Thu Apr 09 02:36:11 EDT 2020
# Player 1: Player-0, '260729805', running on localhost
# Player 2: Player-1, 'RandomPlayer', running on localhost
START Player-0 260729805
START Player-1 RandomPlayer
BoardInit:Tile:13,Tile:0,Tile:8,Tile:6,Tile:0,Tile:7,Tile:9,Destroy,Tile:2,Map,Malus,Destroy,Tile:10,Tile:8,Bonus,Tile:8,Map,Tile:10,Tile:9,Map,Tile:7,Map,Tile:1,Tile:6,Tile:5,Tile:8,Bonus,Tile:12,Destroy,Map,Tile:7,Tile:9,Tile:5,Tile:0,Tile:0,Tile:5,Tile:8,Bonus,Tile:9,Tile:9,Tile:6-Tile:15,Tile:7,Tile:10,Bonus,Tile:5,Tile:6,Tile:4-Tile:14,Malus,Tile:11,Tile:7,Tile:3,Tile:6,Map-Tile:hidden1,Tile:nugget,Tile:hidden2
Tile:10 5 6 1
Map 12 3 0
Tile:15 5 7 1
Tile:7 6 5 0
Tile:6 4 5 1
Tile:6_flip 5 4 0
Tile:7_flip 6 6 1
Tile:0 7 6 0
Tile:5 3 5 1
Tile:11 3 6 0
Tile:0 8 6 1
Tile:6 9 6 0
Drop 2 0 1
Map 12 5 0
Drop 3 0 1
Tile:8 3 7 0
Tile:8 9 5 1
Destroy 9 6 0
Tile:2_flip 10 5 1
Tile:8 2 7 0
Tile:10 2 6 1
Tile:7 2 5 0
Drop 1 0 1
Drop 3 0 0
Tile:1 6 4 1
Tile:6 11 5 0
Tile:9 3 8 1
Tile:10 11 4 0
Map 12 7 1
Tile:8 9 6 0
Tile:7_flip 5 8 1
Tile:12 10 6 0
Tile:7_flip 9 7 1
Tile:9 9 4 0
Destroy 9 6 1
Tile:0 10 7 0
Tile:0 1 5 1
Tile:5 11 3 0
Tile:5_flip 4 7 1
Tile:14 11 7 0
Tile:9 1 7 1
Tile:9_flip 10 4 0
Tile:8 9 6 1
Tile:3 10 3 0
Drop 4 0 1
Drop 4 0 0
Tile:6 1 8 1
Drop 3 0 0
Drop 2 0 1
Drop 2 0 0
Drop 0 0 1
Drop 1 0 0
Malus 0 0 1
Malus 0 0 0
Bonus 0 0 1
GAMEOVER DRAW
# Game ended: Thu Apr 09 02:36:11 EDT 2020
