# Server version 0.08 running on localhost:8123
# Game ID: 214
# Board class: Saboteur.SaboteurBoard
# Timeout: 2000000000
# First Move Timeout: 30000
# Date: Wed Apr 01 15:09:47 EDT 2020
# Player 1: Player-0, '260729805', running on localhost
# Player 2: Player-1, 'RandomPlayer', running on localhost
START Player-0 260729805
START Player-1 RandomPlayer
BoardInit:Tile:0,Tile:5,Tile:6,Tile:0,Tile:7,Map,Tile:14,Bonus,Tile:4,Tile:9,Map,Map,Tile:3,Tile:1,Map,Tile:10,Tile:11,Tile:12,Tile:13,Tile:9,Tile:5,Tile:6,Bonus,Map,Tile:8,Bonus,Tile:10,Tile:5,Tile:0,Tile:8,Destroy,Tile:6,Destroy,Tile:9,Tile:0,Tile:10,Bonus,Tile:7,Tile:6,Tile:9,Tile:7-Tile:6,Malus,Tile:5,Tile:8,Map,Tile:9,Tile:8-Tile:7,Tile:2,Destroy,Tile:15,Malus,Tile:7,Tile:8-Tile:hidden2,Tile:nugget,Tile:hidden1
Tile:5_flip 6 5 1
Tile:7 6 4 0
Tile:6 5 6 1
Tile:7 6 6 0
Tile:9 4 6 1
Tile:8 6 7 0
Tile:8 4 5 1
Map 12 5 0
Tile:6_flip 5 4 1
Tile:0 7 7 0
Tile:8 4 4 1
Tile:9 4 3 0
Drop 4 0 1
Tile:5_flip 8 7 0
Tile:0 5 3 1
Tile:2 8 6 0
Drop 1 0 1
Tile:10 6 8 0
Map 12 5 1
Tile:12 6 3 0
Tile:11 3 5 1
Tile:9_flip 4 2 0
Tile:5 3 4 1
Destroy 3 4 0
Tile:7 9 6 1
Map 12 5 0
Map 12 7 1
Map 12 5 0
Tile:4_flip 9 7 1
Tile:6_flip 5 7 0
Tile:3_flip 4 7 1
Tile:5_flip 6 9 0
Destroy 6 6 1
Tile:6_flip 6 6 0
Destroy 4 4 1
Tile:8 4 4 0
Tile:10 5 8 1
Tile:9 5 9 0
Tile:13 5 10 1
Tile:10 4 1 0
Tile:8 3 4 1
Tile:7 3 3 0
Tile:6 5 11 1
Tile:9 4 0 0
Tile:0 2 3 1
Drop 4 0 0
Tile:7_flip 1 3 1
Tile:1 7 6 0
Tile:0 6 11 1
Tile:15 3 6 0
Drop 0 0 1
Drop 1 0 0
Drop 1 0 1
Drop 0 0 0
Drop 0 0 1
GAMEOVER DRAW
# Game ended: Wed Apr 01 15:10:45 EDT 2020
