# Server version 0.08 running on localhost:8123
# Game ID: 379
# Board class: Saboteur.SaboteurBoard
# Timeout: 2000000000
# First Move Timeout: 30000
# Date: Sat Apr 04 00:30:57 EDT 2020
# Player 1: Player-0, '260729805', running on localhost
# Player 2: Player-1, 'RandomPlayer', running on localhost
START Player-0 260729805
START Player-1 RandomPlayer
BoardInit:Tile:7,Bonus,Tile:8,Tile:7,Map,Tile:2,Tile:0,Tile:10,Tile:13,Bonus,Tile:10,Bonus,Tile:12,Tile:6,Destroy,Tile:5,Map,Tile:9,Malus,Tile:6,Tile:5,Tile:9,Tile:8,Tile:9,Tile:1,Tile:9,Destroy,Tile:0,Malus,Tile:6,Tile:8,Tile:4,Tile:14,Tile:6,Tile:11,Tile:8,Bonus,Destroy,Tile:3,Tile:8,Tile:7-Map,Tile:7,Map,Map,Map,Tile:5,Tile:10-Tile:0,Tile:5,Tile:9,Tile:0,Tile:15,Tile:6,Tile:7-Tile:hidden1,Tile:hidden2,Tile:nugget
Map 12 5 1
Tile:0 6 5 0
Tile:7 5 4 1
Tile:5_flip 7 5 0
Map 12 7 1
Tile:6_flip 7 4 0
Tile:8 4 4 1
Tile:7 8 4 0
Tile:10 8 5 1
Tile:7_flip 8 6 0
Tile:7_flip 6 4 1
Tile:0 9 6 0
Drop 6 0 1
Tile:2 10 6 0
Drop 3 0 1
Tile:6_flip 6 3 0
Tile:12 7 3 1
Tile:5_flip 5 6 0
Destroy 10 6 1
Tile:9_flip 10 6 0
Tile:13 10 7 1
Tile:9 4 5 0
Map 12 5 1
Tile:9 4 6 0
Drop 2 0 1
Tile:10 4 3 0
Tile:5_flip 11 7 1
Tile:9 4 7 0
Destroy 8 5 1
Tile:9 8 5 0
Tile:5 9 7 1
Tile:6 9 5 0
Tile:8 9 8 1
Tile:4 9 4 0
Tile:14_flip 4 2 1
Tile:0 5 7 0
Drop 3 0 1
Tile:8 6 7 0
Tile:11_flip 4 8 1
Tile:6 7 7 0
Drop 2 0 1
Tile:8 6 8 0
Tile:8 10 5 1
Tile:6 11 5 0
Tile:7_flip 12 6 1
Destroy 9 8 0
Tile:3_flip 6 9 1
Tile:15 12 4 0
Drop 3 0 1
Drop 2 0 0
Map 12 7 1
Drop 1 0 0
Map 12 3 1
Drop 0 0 0
Malus 0 0 1
GAMEOVER DRAW
# Game ended: Sat Apr 04 00:30:57 EDT 2020
