# Server version 0.08 running on localhost:8123
# Game ID: 719
# Board class: Saboteur.SaboteurBoard
# Timeout: 2000000000
# First Move Timeout: 30000
# Date: Thu Apr 09 01:30:24 EDT 2020
# Player 1: Player-0, '260729805', running on localhost
# Player 2: Player-1, 'RandomPlayer', running on localhost
START Player-0 260729805
START Player-1 RandomPlayer
BoardInit:Tile:9,Tile:8,Tile:9,Tile:15,Tile:7,Tile:14,Map,Map,Bonus,Tile:0,Bonus,Tile:9,Map,Tile:9,Tile:6,Tile:3,Tile:9,Tile:6,Tile:7,Tile:4,Tile:0,Tile:0,Destroy,Tile:10,Tile:5,Destroy,Tile:12,Tile:6,Tile:7,Tile:1,Tile:8,Tile:5,Tile:5,Bonus,Tile:10,Map,Malus,Tile:2,Map,Malus,Map-Tile:5,Tile:7,Tile:6,Tile:8,Tile:0,Destroy,Tile:11-Tile:8,Tile:13,Tile:10,Tile:7,Bonus,Tile:8,Tile:6-Tile:hidden2,Tile:hidden1,Tile:nugget
Tile:0 4 5 1
Tile:7 6 5 0
Tile:6 6 6 1
Tile:6 7 6 0
Destroy 4 5 1
Tile:8 8 6 0
Tile:11_flip 8 5 1
Tile:8 9 6 0
Tile:5 8 4 1
Map 12 3 0
Drop 1 0 1
Tile:13 5 6 0
Tile:9 9 5 1
Tile:15 5 4 0
Tile:9 5 7 1
Tile:14_flip 4 5 0
Map 12 7 1
Tile:3 10 6 0
Tile:9 4 6 1
Drop 6 0 0
Tile:6_flip 9 4 1
Tile:4_flip 9 7 0
Drop 5 0 1
Drop 6 0 0
Tile:7 6 7 1
Drop 6 0 0
Destroy 5 4 1
Destroy 5 6 0
Tile:5 5 4 1
Drop 6 0 0
Tile:7 10 4 1
Tile:1 6 4 0
Tile:7_flip 6 8 1
Drop 6 0 0
Tile:5_flip 8 7 1
Drop 6 0 0
Tile:10 4 7 1
Drop 6 0 0
Tile:0 7 8 1
Tile:2_flip 10 5 0
Tile:12_flip 7 7 1
Drop 6 0 0
Map 12 5 1
Drop 5 0 0
Drop 4 0 1
Drop 4 0 0
Tile:8 5 6 1
Drop 3 0 0
Malus 0 0 1
Bonus 0 0 0
Map 12 3 1
Drop 1 0 0
Drop 1 0 1
Drop 0 0 0
Drop 0 0 1
GAMEOVER DRAW
# Game ended: Thu Apr 09 01:30:26 EDT 2020
