# Server version 0.08 running on localhost:8123
# Game ID: 626
# Board class: Saboteur.SaboteurBoard
# Timeout: 2000000000
# First Move Timeout: 30000
# Date: Thu Apr 09 00:02:15 EDT 2020
# Player 1: Player-0, '260729805', running on localhost
# Player 2: Player-1, 'Human', running on localhost
START Player-0 260729805
START Player-1 Human
BoardInit:Map,Tile:6,Tile:1,Tile:0,Tile:10,Destroy,Tile:5,Map,Map,Tile:8,Tile:10,Tile:0,Tile:14,Map,Tile:7,Tile:9,Tile:9,Malus,Tile:0,Tile:5,Tile:15,Bonus,Tile:2,Bonus,Tile:6,Tile:13,Tile:7,Tile:7,Tile:9,Tile:4,Tile:5,Tile:6,Tile:12,Tile:9,Tile:10,Tile:9,Tile:0,Tile:8,Tile:5,Map,Malus-Tile:3,Tile:11,Bonus,Tile:8,Bonus,Tile:6,Destroy-Tile:8,Tile:7,Tile:7,Destroy,Tile:6,Tile:8,Map-Tile:hidden2,Tile:hidden1,Tile:nugget
Tile:6 6 5 1
Map 12 3 0
Tile:8 7 5 1
Tile:7 8 5 0
Map 12 7 1
Tile:7_flip 8 6 0
Drop 5 0 1
Tile:6 9 6 0
Drop 1 0 1
Destroy 9 6 0
Drop 4 0 1
Map 12 5 0
Drop 0 0 1
Tile:6 9 6 0
Tile:5 9 5 1
Tile:8 5 6 0
