# Server version 0.08 running on localhost:8123
# Game ID: 705
# Board class: Saboteur.SaboteurBoard
# Timeout: 2000000000
# First Move Timeout: 30000
# Date: Thu Apr 09 01:24:06 EDT 2020
# Player 1: Player-0, '260729805', running on localhost
# Player 2: Player-1, 'RandomPlayer', running on localhost
START Player-0 260729805
START Player-1 RandomPlayer
BoardInit:Tile:6,Map,Malus,Bonus,Tile:8,Tile:5,Map,Tile:4,Tile:9,Tile:9,Tile:9,Map,Tile:12,Tile:15,Tile:0,Destroy,Tile:0,Tile:6,Destroy,Tile:0,Destroy,Bonus,Tile:7,Tile:3,Tile:11,Malus,Tile:10,Tile:10,Tile:13,Tile:5,Tile:2,Tile:0,Bonus,Bonus,Tile:9,Tile:8,Tile:7,Tile:6,Tile:8,Map,Tile:5-Tile:8,Tile:1,Tile:10,Tile:6,Tile:7,Tile:7,Tile:5-Map,Tile:14,Tile:9,Tile:7,Tile:8,Map,Tile:6-Tile:hidden2,Tile:nugget,Tile:hidden1
Tile:7 6 5 1
Map 12 3 0
Tile:6 4 5 1
Map 12 5 0
Tile:5_flip 6 6 1
Tile:7 5 4 0
Tile:1 3 5 1
Tile:6 5 6 0
Tile:8 2 5 1
Tile:5 4 4 0
Drop 1 0 1
Tile:9 2 4 0
Tile:10 2 6 1
Tile:8 2 3 0
Map 12 3 1
Tile:9_flip 3 3 0
Tile:12_flip 4 6 1
Destroy 4 6 0
Tile:6 1 3 1
Tile:6_flip 4 6 0
Malus 0 0 1
Bonus 0 0 0
Destroy 4 4 1
Tile:0 1 5 0
Destroy 1 3 1
Tile:14 3 4 0
Tile:9 4 4 1
Tile:4 4 3 0
Drop 6 0 1
Tile:10 4 7 0
Tile:11 1 3 1
Tile:5 3 6 0
Tile:9_flip 3 7 1
Tile:0 0 5 0
Drop 3 0 1
Tile:3_flip 2 7 0
Tile:9_flip 3 8 1
Tile:8 3 9 0
Tile:7_flip 2 9 1
Tile:6_flip 2 8 0
Tile:13 2 2 1
Tile:15 4 8 0
Tile:2_flip 3 10 1
Drop 5 0 0
Drop 4 0 1
Drop 4 0 0
Tile:8 3 2 1
Drop 3 0 0
Tile:0 2 10 1
Drop 2 0 0
Tile:5_flip 1 4 1
Drop 1 0 0
Tile:0 4 2 1
Drop 0 0 0
Drop 0 0 1
GAMEOVER DRAW
# Game ended: Thu Apr 09 01:24:06 EDT 2020
