# Server version 0.08 running on macbook-pro-5.local:8123
# Game ID: 900
# Board class: Saboteur.SaboteurBoard
# Timeout: 2000000000
# First Move Timeout: 30000
# Date: Sat Apr 11 01:06:58 EDT 2020
# Player 1: Player-0, '260729805', running on macbook-pro-5.local
# Player 2: Player-1, 'Human', running on macbook-pro-5.local
START Player-0 260729805
START Player-1 Human
BoardInit:Destroy,Tile:10,Tile:6,Tile:8,Map,Tile:11,Destroy,Map,Destroy,Tile:8,Tile:0,Tile:8,Tile:8,Bonus,Tile:7,Map,Tile:4,Tile:8,Tile:5,Tile:15,Tile:5,Tile:8,Bonus,Destroy,Map,Tile:9,Destroy,Map,Tile:9,Map,Tile:8,Destroy,Tile:0,Map,Bonus,Tile:1,Tile:12,Map,Tile:3,Map,Malus,Tile:7,Tile:10,Tile:8,Destroy,Tile:6,Tile:8,Tile:8,Bonus,Destroy,Destroy,Tile:8,Map,Malus,Map,Tile:8,Map,Map,Tile:14,Tile:5,Map,Tile:9,Tile:0,Tile:5,Destroy,Tile:8,Map,Tile:7,Tile:7,Destroy,Tile:13,Bonus,Tile:8,Tile:6,Tile:6,Tile:8,Tile:2,Map,Map,Tile:8,Map,Tile:8,Map,Destroy,Tile:0,Map,Tile:10,Tile:8,Map,Malus,Bonus,Malus-Destroy,Tile:6,Tile:8,Tile:8,Tile:8,Destroy,Tile:9-Tile:9,Tile:7,Destroy,Map,Bonus,Map,Malus-Tile:nugget,Tile:hidden2,Tile:hidden1
Tile:8 6 5 1
Map 12 3 0
Tile:9 6 6 1
Tile:7 7 5 0
Tile:6 7 6 1
Tile:9_flip 8 6 0
Tile:6 8 7 1
Tile:10 8 5 0
Tile:8 9 7 1
Malus 0 0 0
