# Server version 0.08 running on macbook-pro-5.local:8123
# Game ID: 890
# Board class: Saboteur.SaboteurBoard
# Timeout: 2000000000
# First Move Timeout: 30000
# Date: Sat Apr 11 00:42:54 EDT 2020
# Player 1: Player-0, '260729805', running on macbook-pro-5.local
# Player 2: Player-1, 'Human', running on macbook-pro-5.local
START Player-0 260729805
START Player-1 Human
BoardInit:Destroy,Tile:12,Map,Malus,Tile:10,Tile:8,Map,Tile:9,Map,Malus,Tile:9,Tile:15,Tile:11,Tile:7,Map,Map,Tile:6,Destroy,Tile:8,Tile:8,Tile:8,Tile:8,Tile:6,Tile:9,Bonus,Tile:8,Bonus,Tile:13,Tile:6,Tile:5,Tile:8,Tile:0,Tile:14,Map,Malus,Map,Tile:3,Tile:2,Tile:10,Tile:0,Tile:8,Tile:1,Tile:8,Tile:0,Tile:7,Tile:6,Tile:0,Map,Tile:8,Tile:8,Tile:9,Map,Tile:8,Bonus,Tile:8,Tile:5,Tile:8,Malus,Tile:8,Tile:8,Map,Tile:9,Tile:7,Bonus,Tile:8,Bonus,Map,Tile:7,Tile:5,Map,Tile:8-Tile:4,Bonus,Map,Tile:10,Destroy,Bonus,Malus-Tile:7,Tile:8,Tile:8,Tile:5,Tile:6,Map,Tile:8-Tile:hidden1,Tile:hidden2,Tile:nugget
Tile:10 5 6 1
Map 12 3 0
Drop 6 0 1
Tile:7 6 5 0
Map 12 7 1
Tile:5 5 4 0
Tile:10 6 6 1
Tile:6 6 4 0
Map 12 5 1
Tile:8 7 4 0
Drop 0 0 1
Tile:8 8 4 0
Tile:9 8 5 1
Tile:8 9 5 0
Malus 0 0 1
Malus 0 0 0
Bonus 0 0 1
Malus 0 0 0
Bonus 0 0 1
Destroy 6 5 0
