# Server version 0.08 running on localhost:8123
# Game ID: 141
# Board class: Saboteur.SaboteurBoard
# Timeout: 20000
# First Move Timeout: 30000
# Date: Tue Mar 31 01:14:23 EDT 2020
# Player 1: Player-0, '260729805', running on localhost
# Player 2: Player-1, 'Human', running on localhost
START Player-0 260729805
START Player-1 Human
BoardInit:Tile:1,Map,Tile:6,Tile:9,Tile:8,Bonus,Tile:0,Tile:6,Bonus,Tile:9,Tile:6,Malus,Tile:11,Tile:0,Destroy,Tile:8,Tile:9,Tile:5,Map,Tile:7,Tile:13,Tile:6,Bonus,Tile:7,Tile:12,Tile:5,Bonus,Tile:10,Tile:5,Tile:8,Map,Tile:4,Tile:7,Tile:9,Map,Tile:0,Tile:8,Tile:7,Map,Destroy,Tile:5-Tile:9,Map,Tile:14,Tile:3,Tile:2,Tile:8,Tile:6-Tile:10,Tile:0,Tile:15,Malus,Tile:10,Destroy,Tile:7-Tile:hidden1,Tile:hidden2,Tile:nugget
Tile:8 6 5 1
Tile:10 5 4 0
Tile:6 7 5 1
Tile:0 4 5 0
Tile:6 8 5 1
Tile:15 5 3 0
Tile:8 9 5 1
Malus 0 0 0
Drop 4 0 1
Tile:10 5 2 0
