# Server version 0.08 running on localhost:8123
# Game ID: 69
# Board class: Saboteur.SaboteurBoard
# Timeout: 20000
# First Move Timeout: 30000
# Date: Mon Mar 30 00:24:54 EDT 2020
# Player 1: Player-0, '260729805', running on localhost
# Player 2: Player-1, 'RandomPlayer', running on localhost
START Player-0 260729805
START Player-1 RandomPlayer
BoardInit:Tile:1,Destroy,Tile:2,Bonus,Tile:7,Tile:8,Tile:8,Tile:13,Malus,Tile:4,Tile:7,Tile:10,Map,Tile:6,Tile:5,Map,Tile:8,Tile:10,Map,Tile:0,Tile:10,Tile:8,Bonus,Tile:6,Tile:14,Tile:9,Tile:0,Tile:9,Tile:5,Tile:8,Tile:9,Tile:9,Tile:6,Tile:5,Tile:0,Tile:6,Malus,Bonus,Map,Tile:5,Bonus-Tile:0,Tile:7,Tile:9,Destroy,Tile:7,Map,Tile:3-Tile:12,Destroy,Tile:6,Map,Tile:15,Tile:11,Tile:7-Tile:hidden2,Tile:nugget,Tile:hidden1
Tile:9_flip 5 6 1
Tile:15 5 7 0
Destroy 5 7 1
Tile:11 5 4 0
Tile:7_flip 4 5 1
Tile:7 5 3 0
Tile:2_flip 5 7 1
Tile:6_flip 4 6 0
Drop 0 0 1
Tile:13 3 6 0
Tile:3_flip 4 7 1
Destroy 4 6 0
Tile:7 6 5 1
Drop 0 0 0
Map 12 7 1
Tile:6_flip 4 6 0
Tile:1 6 4 1
Map 12 3 0
Tile:5_flip 3 7 1
Tile:8 6 7 0
Tile:7_flip 4 3 1
Tile:10 3 5 0
Tile:10 6 6 1
Destroy 5 3 0
Malus 0 0 1
Drop 5 0 0
Tile:7 7 4 1
Map 12 5 0
Tile:8 2 6 1
Drop 6 0 0
Tile:5 4 2 1
Drop 1 0 0
Tile:9_flip 5 3 1
Drop 4 0 0
Tile:6_flip 1 6 1
Drop 0 0 0
Map 12 3 1
Drop 3 0 0
Tile:8 2 7 1
