# Server version 0.08 running on localhost:8123
# Game ID: 970
# Board class: Saboteur.SaboteurBoard
# Timeout: 2000000000
# First Move Timeout: 30000
# Date: Sat Apr 11 02:35:49 EDT 2020
# Player 1: Player-0, '260729805', running on localhost
# Player 2: Player-1, 'RandomPlayer', running on localhost
START Player-0 260729805
START Player-1 RandomPlayer
BoardInit:Tile:8,Tile:11,Tile:9,Tile:1,Tile:7,Tile:14,Bonus,Bonus,Map,Tile:7,Destroy,Bonus,Map,Tile:0,Tile:5,Tile:9,Destroy,Tile:7,Tile:13,Map,Tile:10,Tile:5,Malus,Tile:0,Tile:15,Tile:9,Destroy,Bonus,Tile:4,Tile:8,Tile:8,Map,Tile:0,Tile:6,Tile:6,Tile:5,Tile:10,Tile:5,Tile:7,Tile:9,Tile:6-Tile:12,Tile:8,Malus,Tile:6,Tile:8,Tile:2,Tile:7-Tile:10,Map,Map,Tile:0,Tile:9,Tile:3,Tile:6-Tile:hidden2,Tile:hidden1,Tile:nugget
Tile:2_flip 4 5 1
Map 12 3 0
Tile:6 6 5 1
Map 12 5 0
Tile:9_flip 6 4 1
Tile:0 7 5 0
Tile:8 6 3 1
Tile:6 8 5 0
Tile:7 7 3 1
Tile:9_flip 9 5 0
Tile:8 5 6 1
Tile:7_flip 9 6 0
Tile:8 10 6 1
Tile:10 9 4 0
Tile:7_flip 3 5 1
Tile:0 6 6 0
Map 12 5 1
Tile:9 9 3 0
Tile:5 6 2 1
Tile:7 8 4 0
Map 12 5 1
Tile:3 7 6 0
Destroy 9 6 1
Tile:5_flip 11 6 0
Tile:13 5 3 1
Tile:0 7 2 0
Drop 3 0 1
Tile:9 9 6 0
Destroy 9 4 1
Tile:11 11 5 0
Tile:10 10 5 1
Tile:8 9 7 0
Tile:4 9 2 1
Tile:14 9 8 0
Tile:8 4 3 1
Tile:6_flip 10 4 0
Tile:15 5 2 1
Tile:5 8 7 0
Tile:10 7 7 1
Tile:5_flip 8 2 0
Tile:6 10 3 1
Tile:9 8 8 0
Tile:7_flip 7 4 1
Tile:1 11 3 0
Drop 4 0 1
Drop 4 0 0
Drop 3 0 1
Drop 3 0 0
Tile:12_flip 3 3 1
Drop 2 0 0
Malus 0 0 1
Bonus 0 0 0
Tile:6 5 7 1
Drop 0 0 0
Drop 0 0 1
GAMEOVER DRAW
# Game ended: Sat Apr 11 02:35:51 EDT 2020
