# Server version 0.08 running on localhost:8123
# Game ID: 381
# Board class: Saboteur.SaboteurBoard
# Timeout: 2000000000
# First Move Timeout: 30000
# Date: Sat Apr 04 00:31:09 EDT 2020
# Player 1: Player-0, '260729805', running on localhost
# Player 2: Player-1, 'RandomPlayer', running on localhost
START Player-0 260729805
START Player-1 RandomPlayer
BoardInit:Tile:1,Tile:7,Tile:7,Tile:9,Tile:0,Bonus,Malus,Tile:10,Tile:6,Tile:9,Tile:10,Tile:5,Tile:8,Map,Tile:12,Tile:11,Tile:8,Map,Tile:9,Map,Map,Tile:0,Tile:6,Tile:7,Tile:8,Tile:13,Tile:6,Tile:6,Tile:9,Map,Tile:5,Tile:5,Map,Tile:7,Tile:4,Tile:6,Tile:3,Tile:14,Tile:10,Tile:8,Bonus-Tile:0,Tile:0,Bonus,Tile:7,Destroy,Tile:5,Malus-Destroy,Tile:8,Bonus,Destroy,Tile:9,Tile:2,Tile:15-Tile:nugget,Tile:hidden1,Tile:hidden2
Tile:0 6 5 1
Tile:2 7 5 0
Drop 1 0 1
Tile:7 5 4 0
Tile:7_flip 4 4 1
Destroy 7 5 0
Destroy 6 5 1
Destroy 5 4 0
Tile:7 6 5 1
Tile:15 6 6 0
Drop 4 0 1
Drop 6 0 0
Tile:6_flip 5 4 1
Tile:5_flip 6 4 0
Tile:0 4 5 1
Map 12 3 0
Malus 0 0 1
Bonus 0 0 0
Tile:8 6 3 1
Tile:11_flip 7 3 0
Tile:9 4 3 1
Tile:8 6 2 0
Tile:1 5 3 1
Tile:9_flip 7 2 0
Tile:8 7 1 1
Tile:9_flip 8 1 0
Tile:10 8 2 1
Tile:10 8 3 0
Drop 2 0 1
Tile:7 8 0 0
Tile:6 8 4 1
Tile:0 9 4 0
Tile:8 4 2 1
Tile:5 7 0 0
Tile:5 4 1 1
Tile:7 10 4 0
Tile:9 7 4 1
Tile:6_flip 6 1 0
Tile:3_flip 7 5 1
Tile:6 5 2 0
Tile:6 6 7 1
Tile:8 5 1 0
Tile:5 5 7 1
Tile:13 7 7 0
Map 12 3 1
Tile:14 8 7 0
Tile:4 7 6 1
Drop 3 0 0
Map 12 5 1
Drop 2 0 0
Tile:10 5 8 1
Drop 1 0 0
Malus 0 0 1
Bonus 0 0 0
Drop 0 0 1
GAMEOVER DRAW
# Game ended: Sat Apr 04 00:31:09 EDT 2020
