# Server version 0.08 running on macbook-pro-5.local:8123
# Game ID: 656
# Board class: Saboteur.SaboteurBoard
# Timeout: 2000000000
# First Move Timeout: 30000
# Date: Thu Apr 09 00:53:03 EDT 2020
# Player 1: Player-0, '260729805', running on macbook-pro-5.local
# Player 2: Player-1, 'RandomPlayer', running on macbook-pro-5.local
START Player-0 260729805
START Player-1 RandomPlayer
BoardInit:Bonus,Tile:3,Destroy,Tile:8,Map,Tile:14,Tile:8,Destroy,Bonus,Tile:8,Tile:11,Tile:8,Map,Bonus,Map,Tile:10,Malus,Tile:5,Tile:9,Tile:7,Tile:10,Tile:6,Tile:0,Map,Tile:6,Tile:7,Tile:7,Tile:7,Tile:9,Tile:10,Tile:5,Tile:12,Tile:8,Tile:0,Tile:0,Tile:0,Tile:9,Tile:6,Map,Destroy,Tile:9-Tile:5,Tile:9,Tile:4,Tile:6,Tile:6,Tile:15,Malus-Tile:5,Tile:7,Tile:1,Tile:2,Map,Tile:13,Bonus-Tile:hidden1,Tile:hidden2,Tile:nugget
Tile:6_flip 6 5 1
Map 12 3 0
Tile:6 6 6 1
Tile:7 5 4 0
Destroy 5 4 1
Tile:8 5 6 0
Tile:15 5 4 1
Tile:13 5 3 0
Malus 0 0 1
Bonus 0 0 0
Tile:5 5 2 1
Destroy 5 3 0
Drop 2 0 1
Tile:8 5 7 0
Tile:9_flip 5 3 1
Tile:1 6 7 0
Tile:8 5 8 1
Tile:14 7 6 0
Tile:11_flip 6 2 1
Tile:5 4 5 0
Tile:9 4 7 1
Tile:2 4 3 0
Map 12 5 1
Tile:6 3 3 0
Drop 0 0 1
Map 12 5 0
Tile:0 7 7 1
Drop 6 0 0
Tile:6_flip 6 8 1
Tile:7 3 2 0
Tile:7_flip 6 3 1
Tile:3 7 5 0
Tile:9_flip 5 9 1
Tile:8 7 3 0
Tile:5_flip 8 3 1
Tile:5_flip 4 4 0
Tile:10 6 1 1
Tile:10 5 10 0
Tile:9 7 2 1
Drop 4 0 0
Drop 2 0 1
Tile:12 8 7 0
Tile:8 4 8 1
Destroy 4 5 0
Map 12 3 1
Tile:6 3 8 0
Malus 0 0 1
Bonus 0 0 0
Tile:9 6 9 1
Tile:7 7 8 0
Tile:0 2 2 1
Tile:10 3 7 0
Map 12 3 1
Tile:0 2 8 0
Drop 0 0 1
GAMEOVER DRAW
# Game ended: Thu Apr 09 00:53:05 EDT 2020
