# Server version 0.08 running on localhost:8123
# Game ID: 1024
# Board class: Saboteur.SaboteurBoard
# Timeout: 2000000000
# First Move Timeout: 30000
# Date: Sat Apr 11 13:45:41 EDT 2020
# Player 1: Player-0, '260729805', running on localhost
# Player 2: Player-1, 'RandomPlayer', running on localhost
START Player-0 260729805
START Player-1 RandomPlayer
BoardInit:Tile:5,Tile:7,Tile:7,Tile:13,Tile:9,Tile:2,Tile:5,Tile:14,Tile:7,Tile:4,Tile:9,Destroy,Tile:7,Tile:0,Map,Malus,Tile:0,Tile:5,Malus,Map,Map,Tile:6,Destroy,Tile:10,Tile:12,Map,Map,Tile:1,Tile:15,Tile:9,Tile:8,Tile:10,Tile:9,Tile:8,Bonus,Tile:0,Bonus,Tile:6,Tile:6,Destroy,Tile:6-Tile:7,Bonus,Bonus,Tile:0,Tile:3,Map,Tile:6-Tile:9,Tile:8,Tile:8,Tile:11,Tile:10,Tile:8,Tile:5-Tile:hidden2,Tile:hidden1,Tile:nugget
Tile:7_flip 5 6 1
Tile:5_flip 6 5 0
Tile:5 4 5 1
Tile:7 6 6 0
Drop 3 0 1
Tile:9 6 4 0
Tile:9_flip 5 4 1
Tile:8 7 4 0
Drop 2 0 1
Tile:8 8 4 0
Drop 1 0 1
Tile:8 9 4 0
Tile:5_flip 9 5 1
Destroy 9 4 0
Tile:7_flip 4 4 1
Tile:10 8 3 0
Map 12 7 1
Malus 0 0 0
Map 12 7 1
Tile:4 8 2 0
Drop 4 0 1
Tile:5 6 3 0
Drop 5 0 1
Tile:6_flip 9 4 0
Destroy 9 5 1
Tile:10 9 5 0
Map 12 5 1
Tile:0 10 4 0
Drop 6 0 1
Tile:11_flip 11 4 0
Drop 1 0 1
Tile:9 9 6 0
Drop 4 0 1
Tile:10 9 7 0
Drop 0 0 1
Tile:8 10 6 0
Drop 4 0 1
Tile:0 11 6 0
Bonus 0 0 1
Map 12 3 0
Tile:0 12 6 1
Map 12 5 0
Tile:9_flip 7 3 1
Destroy 11 6 0
Tile:6 11 6 1
Tile:6 9 8 0
Tile:7 7 2 1
Tile:13 13 6 0
Tile:9_flip 8 5 1
Tile:2_flip 13 7 0
Tile:15 11 5 1
Tile:14 10 8 0
Tile:6 8 8 1
Tile:1 7 8 0
Drop 0 0 1
GAMEOVER DRAW
# Game ended: Sat Apr 11 13:45:43 EDT 2020
