# Server version 0.08 running on localhost:8123
# Game ID: 940
# Board class: Saboteur.SaboteurBoard
# Timeout: 2000000000
# First Move Timeout: 30000
# Date: Sat Apr 11 02:08:12 EDT 2020
# Player 1: Player-0, '260729805', running on localhost
# Player 2: Player-1, 'RandomPlayer', running on localhost
START Player-0 260729805
START Player-1 RandomPlayer
BoardInit:Tile:14,Tile:7,Tile:8,Tile:5,Bonus,Tile:0,Tile:5,Tile:7,Destroy,Tile:8,Bonus,Tile:13,Destroy,Tile:7,Tile:10,Tile:0,Tile:10,Tile:6,Map,Tile:11,Tile:9,Tile:9,Tile:15,Tile:3,Tile:0,Tile:8,Tile:10,Tile:4,Tile:5,Tile:9,Map,Map,Tile:9,Tile:6,Malus,Tile:5,Tile:2,Bonus,Tile:6,Tile:12,Bonus-Map,Destroy,Tile:8,Tile:9,Tile:6,Tile:0,Map-Tile:7,Tile:1,Tile:7,Map,Tile:8,Tile:6,Malus-Tile:hidden1,Tile:hidden2,Tile:nugget
Tile:0 4 5 1
Malus 0 0 0
Drop 1 0 1
Tile:7 6 5 0
Drop 1 0 1
Tile:7_flip 6 6 0
Map 12 7 1
Tile:6 7 6 0
Map 12 7 1
Tile:7 8 6 0
Drop 3 0 1
Tile:5_flip 8 7 0
Destroy 6 5 1
Tile:7 6 5 0
Destroy 8 7 1
Tile:7_flip 8 7 0
Drop 6 0 1
Tile:0 9 7 0
Drop 2 0 1
Tile:0 10 7 0
Drop 1 0 1
Tile:8 11 7 0
GAMEOVER WINNER 0
# Game ended: Sat Apr 11 02:08:12 EDT 2020
