# Server version 0.08 running on macbook-pro-5.local:8123
# Game ID: 670
# Board class: Saboteur.SaboteurBoard
# Timeout: 2000000000
# First Move Timeout: 30000
# Date: Thu Apr 09 01:03:42 EDT 2020
# Player 1: Player-0, '260729805', running on macbook-pro-5.local
# Player 2: Player-1, 'RandomPlayer', running on macbook-pro-5.local
START Player-0 260729805
START Player-1 RandomPlayer
BoardInit:Tile:5,Map,Tile:7,Bonus,Destroy,Tile:14,Destroy,Tile:7,Map,Tile:3,Tile:5,Tile:9,Tile:6,Tile:15,Tile:7,Tile:9,Destroy,Tile:9,Bonus,Tile:7,Tile:6,Tile:5,Tile:10,Map,Tile:0,Tile:6,Tile:8,Tile:11,Bonus,Tile:0,Tile:12,Tile:0,Tile:8,Tile:13,Tile:8,Map,Tile:4,Tile:7,Tile:2,Tile:10,Tile:0-Tile:6,Tile:8,Tile:10,Tile:9,Malus,Malus,Tile:9-Tile:8,Tile:6,Map,Tile:5,Tile:1,Bonus,Map-Tile:hidden2,Tile:nugget,Tile:hidden1
Malus 0 0 1
Map 12 3 0
Malus 0 0 1
Bonus 0 0 0
Tile:9 4 5 1
Map 12 5 0
Tile:9_flip 4 4 1
Bonus 0 0 0
Tile:8 6 5 1
Tile:5 5 4 0
Map 12 7 1
Tile:6_flip 6 4 0
Destroy 6 5 1
Tile:8 6 5 0
Tile:5 3 4 1
Tile:9_flip 3 5 0
Tile:5 4 3 1
Tile:7 7 5 0
Tile:6 2 5 1
Tile:9_flip 2 4 0
Tile:7_flip 3 6 1
Tile:9_flip 4 6 0
Destroy 3 4 1
Tile:5 3 4 0
Tile:6_flip 1 5 1
Tile:7_flip 5 6 0
Drop 3 0 1
Tile:6 7 4 0
Tile:6 1 6 1
Tile:3 2 6 0
Destroy 4 6 1
Tile:0 5 3 0
Tile:0 0 5 1
Tile:0 6 3 0
Tile:12_flip 1 4 1
Tile:14 4 6 0
Drop 3 0 1
Tile:11_flip 7 3 0
Drop 2 0 1
Tile:13 6 6 0
Drop 2 0 1
Tile:1 0 6 0
Tile:8 7 2 1
Tile:15 6 7 0
Tile:8 8 4 1
Tile:7_flip 8 5 0
Tile:2 7 1 1
Tile:10 8 3 0
Tile:0 6 2 1
Drop 2 0 0
Tile:7_flip 5 2 1
Drop 1 0 0
Tile:4 5 1 1
Drop 0 0 0
Tile:10 2 7 1
GAMEOVER DRAW
# Game ended: Thu Apr 09 01:03:44 EDT 2020
