# Server version 0.08 running on localhost:8123
# Game ID: 1004
# Board class: Saboteur.SaboteurBoard
# Timeout: 2000000000
# First Move Timeout: 30000
# Date: Sat Apr 11 13:16:48 EDT 2020
# Player 1: Player-0, '260729805', running on localhost
# Player 2: Player-1, 'RandomPlayer', running on localhost
START Player-0 260729805
START Player-1 RandomPlayer
BoardInit:Tile:7,Tile:9,Tile:9,Bonus,Map,Tile:5,Tile:9,Tile:6,Destroy,Destroy,Tile:7,Tile:10,Tile:0,Map,Tile:0,Malus,Tile:3,Tile:2,Tile:8,Tile:8,Malus,Tile:15,Tile:8,Tile:13,Map,Tile:9,Tile:0,Bonus,Tile:5,Tile:6,Tile:5,Tile:6,Tile:10,Map,Tile:0,Bonus,Tile:5,Tile:6,Tile:14,Tile:10,Tile:11-Tile:12,Destroy,Tile:6,Bonus,Tile:7,Tile:9,Tile:4-Tile:1,Map,Tile:8,Tile:7,Tile:7,Map,Tile:8-Tile:nugget,Tile:hidden1,Tile:hidden2
Tile:6_flip 4 5 1
Map 12 3 0
Tile:4_flip 4 6 1
Tile:7 6 5 0
Tile:9 6 6 1
Tile:7 7 6 0
Destroy 4 5 1
Tile:5_flip 7 7 0
Tile:9 4 5 1
Tile:6_flip 5 4 0
Drop 4 0 1
Destroy 4 6 0
Tile:12 6 4 1
Tile:8 6 7 0
Drop 3 0 1
Tile:9_flip 5 6 0
Tile:7_flip 4 6 1
Tile:8 6 8 0
Destroy 6 4 1
Tile:10 6 9 0
Tile:0 7 8 1
Tile:8 8 8 0
Tile:7_flip 6 10 1
Drop 6 0 0
Tile:0 6 4 1
Drop 6 0 0
Tile:3_flip 5 8 1
Tile:9_flip 7 4 0
Tile:7 7 3 1
Drop 5 0 0
Tile:8 5 7 1
Tile:6 9 8 0
Drop 1 0 1
Tile:6_flip 9 7 0
Tile:5_flip 8 9 1
Tile:1 10 7 0
Tile:0 4 7 1
Drop 6 0 0
Tile:0 11 7 1
Tile:6_flip 10 8 0
Tile:5_flip 10 9 1
Drop 6 0 0
Tile:5 9 9 1
Drop 5 0 0
Drop 4 0 1
Drop 4 0 0
Drop 1 0 1
Drop 3 0 0
Drop 1 0 1
Drop 2 0 0
Tile:10 9 10 1
Drop 1 0 0
Tile:11 4 4 1
Drop 0 0 0
Drop 0 0 1
GAMEOVER DRAW
# Game ended: Sat Apr 11 13:16:53 EDT 2020
