# Server version 0.08 running on localhost:8123
# Game ID: 112
# Board class: Saboteur.SaboteurBoard
# Timeout: 20000
# First Move Timeout: 30000
# Date: Tue Mar 31 00:06:45 EDT 2020
# Player 1: Player-0, '260729805', running on localhost
# Player 2: Player-1, 'RandomPlayer', running on localhost
START Player-0 260729805
START Player-1 RandomPlayer
BoardInit:Tile:14,Tile:0,Tile:11,Tile:7,Map,Bonus,Tile:10,Tile:0,Map,Tile:10,Tile:2,Tile:8,Tile:13,Tile:6,Tile:5,Tile:6,Tile:9,Tile:9,Tile:5,Map,Tile:0,Bonus,Destroy,Map,Tile:9,Destroy,Tile:0,Destroy,Tile:7,Tile:6,Tile:9,Bonus,Tile:5,Tile:12,Tile:7,Tile:8,Tile:6,Map,Tile:10,Tile:15,Tile:5-Tile:7,Tile:9,Tile:8,Tile:7,Tile:6,Malus,Tile:8-Map,Bonus,Tile:3,Malus,Tile:1,Tile:4,Tile:8-Tile:hidden1,Tile:nugget,Tile:hidden2
Tile:7_flip 5 6 1
Map 12 3 0
Tile:6_flip 4 5 1
Tile:3 5 4 0
Tile:14 6 6 1
Malus 0 0 0
Drop 2 0 1
Tile:1 4 4 0
Map 12 5 1
Tile:4_flip 4 6 0
Drop 1 0 1
Tile:8 3 4 0
Drop 6 0 1
Tile:0 2 4 0
Map 12 5 1
Tile:7 3 3 0
Drop 1 0 1
Tile:0 2 3 0
Drop 3 0 1
Tile:8 1 3 0
Drop 2 0 1
Tile:10 1 2 0
Drop 0 0 1
Tile:6 1 4 0
Drop 4 0 1
Tile:6 0 3 0
Destroy 3 4 1
Tile:9 1 1 0
Drop 5 0 1
Map 12 3 0
Drop 0 0 1
Map 12 3 0
Drop 6 0 1
Destroy 0 3 0
Drop 3 0 1
Destroy 1 1 0
Drop 3 0 1
Tile:6 0 3 0
Drop 6 0 1
Tile:12_flip 0 4 0
Drop 2 0 1
Tile:8 1 1 0
Drop 0 0 1
Map 12 3 0
Drop 4 0 1
Tile:15 0 2 0
Drop 2 0 1
Drop 0 0 0
Drop 0 0 1
Drop 0 0 0
Drop 0 0 1
Drop 0 0 0
Drop 1 0 1
Drop 0 0 0
Drop 0 0 1
GAMEOVER DRAW
# Game ended: Tue Mar 31 00:06:47 EDT 2020
