# Server version 0.08 running on 192.168.1.5:8123
# Game ID: 390
# Board class: Saboteur.SaboteurBoard
# Timeout: 2000000000
# First Move Timeout: 30000
# Date: Sat Apr 04 16:57:52 EDT 2020
# Player 1: Player-0, '260729805', running on 192.168.1.5
# Player 2: Player-1, 'Human', running on 192.168.1.5
START Player-0 260729805
START Player-1 Human
BoardInit:Tile:6,Tile:7,Tile:8,Destroy,Tile:9,Tile:7,Map,Tile:8,Tile:8,Tile:13,Tile:8,Tile:0,Tile:9,Tile:4,Tile:6,Tile:14,Tile:7,Tile:5,Bonus,Bonus,Tile:6,Map,Bonus,Tile:10,Destroy,Tile:15,Tile:11,Tile:9,Tile:5,Bonus,Map,Tile:7,Tile:3,Tile:5,Tile:6,Tile:0,Tile:7,Tile:5,Destroy,Map,Tile:6-Tile:0,Malus,Tile:9,Map,Tile:1,Tile:10,Tile:8-Tile:9,Tile:2,Tile:0,Tile:12,Map,Tile:10,Malus-Tile:hidden1,Tile:nugget,Tile:hidden2
Tile:8 6 5 1
Map 12 3 0
Tile:6 7 5 1
Tile:0 8 5 0
Tile:8 9 5 1
Tile:7 9 4 0
Tile:9 9 6 1
Tile:12 10 6 0
Map 12 7 1
Tile:7_flip 9 7 0
Tile:0 10 7 1
Tile:8 11 7 0
Tile:8 12 6 1
GAMEOVER WINNER 1
# Game ended: Sat Apr 04 16:58:31 EDT 2020
