# Server version 0.08 running on localhost:8123
# Game ID: 410
# Board class: Saboteur.SaboteurBoard
# Timeout: 2000000000
# First Move Timeout: 30000
# Date: Sat Apr 04 20:43:35 EDT 2020
# Player 1: Player-0, '260729805', running on localhost
# Player 2: Player-1, 'RandomPlayer', running on localhost
START Player-0 260729805
START Player-1 RandomPlayer
BoardInit:Tile:9,Tile:6,Tile:14,Tile:2,Tile:9,Bonus,Tile:8,Tile:1,Tile:7,Tile:8,Tile:15,Tile:8,Malus,Destroy,Tile:8,Tile:0,Tile:13,Tile:8,Tile:11,Tile:12,Destroy,Tile:5,Tile:6,Tile:0,Tile:3,Map,Map,Tile:7,Tile:7,Tile:7,Tile:6,Tile:10,Map,Map,Tile:9,Map,Tile:5,Tile:5,Bonus,Tile:6,Tile:5-Bonus,Tile:10,Map,Tile:0,Tile:6,Tile:4,Tile:7-Tile:9,Tile:9,Tile:0,Destroy,Malus,Bonus,Tile:10-Tile:hidden2,Tile:nugget,Tile:hidden1
Map 12 3 1
Tile:0 6 5 0
Tile:10 5 6 1
Tile:6 7 5 0
Tile:14_flip 7 4 1
Tile:2 8 5 0
Tile:7 9 5 1
Destroy 9 5 0
Tile:8 8 6 1
Tile:1 9 6 0
Drop 3 0 1
Drop 6 0 0
Tile:7 5 4 1
Drop 6 0 0
Tile:0 10 6 1
Destroy 10 6 0
Tile:6 4 4 1
Tile:0 4 5 0
Drop 1 0 1
Drop 6 0 0
Tile:8 5 7 1
Tile:9_flip 6 7 0
Tile:15 6 8 1
Tile:9_flip 5 8 0
Tile:9_flip 5 9 1
Tile:10 5 10 0
Destroy 7 4 1
Map 12 3 0
Tile:3 10 6 1
Tile:5 7 4 0
Tile:11 6 9 1
Tile:12 8 4 0
Drop 4 0 1
Tile:10 5 11 0
Drop 0 0 1
Map 12 5 0
Tile:7 4 3 1
Map 12 7 0
Tile:5 3 3 1
Tile:5 6 6 0
Drop 2 0 1
Tile:0 7 6 0
Map 12 3 1
Tile:7_flip 8 7 0
Tile:6_flip 9 7 1
Tile:7_flip 9 8 0
Tile:5_flip 10 7 1
Tile:6_flip 10 8 0
Malus 0 0 1
Bonus 0 0 0
Tile:13 3 4 1
Drop 1 0 0
Tile:9_flip 5 12 1
Malus 0 0 0
Bonus 0 0 1
GAMEOVER DRAW
# Game ended: Sat Apr 04 20:43:35 EDT 2020
