# Server version 0.08 running on 192.168.1.5:8123
# Game ID: 400
# Board class: Saboteur.SaboteurBoard
# Timeout: 2000000000
# First Move Timeout: 30000
# Date: Sat Apr 04 20:26:40 EDT 2020
# Player 1: Player-0, '260729805', running on 192.168.1.5
# Player 2: Player-1, 'Human', running on 192.168.1.5
START Player-0 260729805
START Player-1 Human
BoardInit:Tile:0,Tile:8,Malus,Tile:5,Tile:9,Tile:7,Destroy,Tile:8,Tile:13,Map,Tile:7,Tile:9,Map,Tile:4,Tile:10,Tile:12,Tile:7,Tile:1,Tile:14,Tile:6,Tile:2,Tile:8,Tile:11,Map,Tile:6,Tile:5,Tile:10,Map,Tile:9,Bonus,Tile:7,Destroy,Tile:5,Tile:0,Tile:8,Tile:6,Map,Tile:0,Tile:0,Tile:6,Tile:8-Tile:5,Bonus,Tile:10,Tile:6,Tile:15,Bonus,Destroy-Map,Bonus,Malus,Tile:3,Tile:7,Tile:9,Tile:9-Tile:hidden2,Tile:nugget,Tile:hidden1
Tile:6 6 5 1
Map 12 3 0
Tile:0 7 5 1
Tile:7 8 5 0
Tile:10 8 6 1
Tile:5_flip 8 7 0
Destroy 8 7 1
Tile:7_flip 8 7 0
Drop 2 0 1
Tile:3 9 7 0
Destroy 9 7 1
Map 12 5 0
Tile:7 9 7 1
Drop 6 0 0
Map 12 7 1
Tile:4_flip 9 8 0
Drop 5 0 1
Tile:12_flip 4 5 0
Malus 0 0 1
Bonus 0 0 0
Drop 6 0 1
Tile:9 6 4 0
Drop 6 0 1
Tile:9 6 3 0
Drop 6 0 1
Tile:8 7 3 0
Tile:6 8 3 1
Tile:8 9 3 0
Tile:9 9 2 1
Tile:8 9 4 0
Tile:7 10 2 1
Tile:5 9 1 0
Tile:7 10 4 1
Tile:6 10 1 0
Tile:5_flip 11 1 1
Tile:0 8 4 0
Tile:8 10 5 1
Tile:6 11 5 0
GAMEOVER WINNER 0
# Game ended: Sat Apr 04 20:28:27 EDT 2020
