# Server version 0.08 running on macbook-pro-5.local:8123
# Game ID: 700
# Board class: Saboteur.SaboteurBoard
# Timeout: 2000000000
# First Move Timeout: 30000
# Date: Thu Apr 09 01:22:54 EDT 2020
# Player 1: Player-0, '260729805', running on macbook-pro-5.local
# Player 2: Player-1, 'RandomPlayer', running on macbook-pro-5.local
START Player-0 260729805
START Player-1 RandomPlayer
BoardInit:Tile:8,Tile:6,Tile:4,Tile:7,Tile:12,Tile:7,Tile:5,Tile:14,Tile:7,Bonus,Map,Tile:9,Map,Tile:6,Tile:7,Malus,Tile:10,Tile:9,Bonus,Tile:10,Malus,Map,Tile:0,Tile:15,Tile:10,Tile:6,Tile:8,Tile:1,Bonus,Tile:5,Tile:13,Tile:6,Map,Map,Tile:9,Tile:2,Tile:11,Tile:8,Tile:8,Tile:3,Tile:5-Tile:0,Destroy,Tile:0,Tile:8,Tile:9,Tile:7,Bonus-Tile:0,Tile:6,Destroy,Destroy,Map,Tile:9,Tile:5-Tile:hidden2,Tile:hidden1,Tile:nugget
Drop 2 0 1
Map 12 3 0
Tile:8 6 5 1
Tile:0 7 5 0
Tile:4_flip 6 6 1
Tile:6 8 5 0
Tile:12 9 5 1
Tile:5 8 4 0
Tile:9 6 4 1
Tile:6 9 4 0
Tile:8 9 3 1
Destroy 9 5 0
Tile:5_flip 7 4 1
Destroy 6 5 0
Destroy 6 6 1
Tile:14 5 6 0
Tile:7_flip 8 3 1
Tile:6 6 5 0
Drop 1 0 1
Drop 6 0 0
Tile:10 8 2 1
Drop 6 0 0
Tile:7_flip 4 5 1
Map 12 5 0
Tile:7 7 3 1
Tile:15 5 4 0
Tile:0 9 5 1
Drop 6 0 0
Drop 3 0 1
Tile:1 4 6 0
Drop 2 0 1
Tile:9 9 2 0
Drop 1 0 1
Tile:9 6 3 0
Drop 0 0 1
Drop 6 0 0
Tile:9 8 1 1
Tile:2 9 1 0
Tile:11 3 6 1
Drop 6 0 0
Tile:13 10 3 1
Tile:3 4 4 0
Drop 0 0 1
Tile:5_flip 10 4 0
Map 12 5 1
Tile:7 10 2 0
Tile:10 8 0 1
Tile:7 6 2 0
Tile:8 5 2 1
Tile:6_flip 5 1 0
Tile:5 4 1 1
Drop 1 0 0
Tile:8 11 3 1
Drop 0 0 0
Drop 0 0 1
GAMEOVER DRAW
# Game ended: Thu Apr 09 01:22:55 EDT 2020
