# Server version 0.08 running on macbook-pro-5.local:8123
# Game ID: 1028
# Board class: Saboteur.SaboteurBoard
# Timeout: 2000000000
# First Move Timeout: 30000
# Date: Sat Apr 11 13:55:02 EDT 2020
# Player 1: Player-0, '260729805', running on macbook-pro-5.local
# Player 2: Player-1, 'RandomPlayer', running on macbook-pro-5.local
START Player-0 260729805
START Player-1 RandomPlayer
BoardInit:Tile:8,Destroy,Tile:0,Malus,Tile:10,Bonus,Tile:6,Tile:7,Tile:8,Tile:14,Tile:7,Tile:7,Map,Tile:10,Tile:5,Tile:7,Destroy,Tile:8,Tile:6,Tile:5,Tile:5,Tile:0,Tile:2,Bonus,Bonus,Tile:0,Tile:9,Destroy,Tile:6,Tile:9,Tile:12,Tile:9,Tile:6,Map,Tile:4,Tile:5,Tile:11,Tile:8,Malus,Tile:13,Tile:6-Tile:1,Map,Tile:15,Bonus,Tile:8,Tile:3,Tile:7-Tile:9,Map,Map,Tile:9,Tile:0,Tile:10,Map-Tile:hidden2,Tile:nugget,Tile:hidden1
Map 12 3 1
Map 12 3 0
Tile:8 6 5 1
Map 12 5 0
Tile:15 5 4 1
Destroy 5 4 0
Drop 2 0 1
Tile:0 7 5 0
Tile:1 8 5 1
Tile:9 6 4 0
Tile:10 6 3 1
Tile:9 6 6 0
Tile:7 7 6 1
Tile:10 7 7 0
Tile:0 4 5 1
Tile:10 7 8 0
Tile:5 6 2 1
Tile:7 7 2 0
Tile:8 3 5 1
Tile:8 7 9 0
Tile:8 6 9 1
Tile:7_flip 7 3 0
Tile:7_flip 3 6 1
Tile:7 8 3 0
Tile:6 9 5 1
Tile:0 7 4 0
Tile:6_flip 4 6 1
Tile:0 8 9 0
Drop 6 0 1
Tile:5 5 9 0
Map 12 3 1
Tile:9_flip 9 9 0
Tile:2 9 4 1
Tile:9 9 8 0
Destroy 6 9 1
Tile:14 10 5 0
Tile:5_flip 5 6 1
Tile:5 9 7 0
Tile:6 10 8 1
Destroy 8 5 0
Tile:11_flip 9 10 1
Tile:8 8 5 0
Tile:6 11 8 1
Tile:13 10 4 0
Tile:6_flip 12 8 1
Drop 4 0 0
Tile:12_flip 8 10 1
Drop 3 0 0
Tile:4 5 4 1
Drop 2 0 0
Drop 0 0 1
Drop 1 0 0
Malus 0 0 1
Drop 0 0 0
Drop 0 0 1
GAMEOVER DRAW
# Game ended: Sat Apr 11 13:55:05 EDT 2020
