# Server version 0.08 running on 192.168.1.5:8123
# Game ID: 404
# Board class: Saboteur.SaboteurBoard
# Timeout: 2000000000
# First Move Timeout: 30000
# Date: Sat Apr 04 01:51:40 EDT 2020
# Player 1: Player-0, '260729805', running on 192.168.1.5
# Player 2: Player-1, 'RandomPlayer', running on 192.168.1.5
START Player-0 260729805
START Player-1 RandomPlayer
BoardInit:Tile:7,Tile:2,Map,Tile:6,Map,Tile:6,Tile:9,Tile:10,Tile:15,Tile:8,Tile:0,Tile:5,Tile:9,Tile:10,Tile:5,Tile:6,Tile:7,Map,Tile:0,Tile:6,Tile:14,Tile:5,Tile:0,Malus,Map,Tile:5,Bonus,Tile:4,Malus,Tile:0,Tile:7,Tile:7,Tile:8,Map,Bonus,Tile:11,Destroy,Destroy,Tile:8,Tile:9,Map-Tile:9,Bonus,Destroy,Tile:8,Bonus,Tile:12,Tile:3-Tile:13,Tile:10,Tile:7,Tile:6,Tile:8,Tile:1,Tile:9-Tile:nugget,Tile:hidden1,Tile:hidden2
Tile:12_flip 4 5 1
Drop 3 0 0
Drop 5 0 1
Drop 1 0 0
Map 12 5 1
Tile:7_flip 5 6 0
Drop 2 0 1
Drop 2 0 0
Map 12 5 1
Tile:13 6 6 0
Drop 1 0 1
Tile:2_flip 6 7 0
Tile:9_flip 5 4 1
Tile:6_flip 5 7 0
Tile:9 5 3 1
Tile:8 5 2 0
Tile:5 4 2 1
Tile:10 5 8 0
Tile:9_flip 5 9 1
Tile:9_flip 5 10 0
Tile:0 4 7 1
Tile:6 7 7 0
Tile:7 6 5 1
Tile:10 4 3 0
Tile:0 6 3 1
Tile:6_flip 3 7 0
Tile:14 6 2 1
Tile:5 6 1 0
Tile:7_flip 2 7 1
Map 12 3 0
Drop 2 0 1
Tile:6 5 11 0
Tile:7_flip 4 9 1
Malus 0 0 0
Drop 4 0 1
Map 12 7 0
Drop 5 0 1
Tile:0 6 11 0
Destroy 4 3 1
Tile:8 7 1 0
Drop 0 0 1
Tile:11_flip 4 3 0
Drop 3 0 1
Drop 3 0 0
Drop 4 0 1
Tile:5_flip 3 8 0
Bonus 0 0 1
Destroy 4 3 0
Tile:0 4 4 1
Tile:9_flip 5 1 0
Map 12 3 1
Tile:5 7 0 0
Map 12 3 1
Tile:4_flip 4 3 0
Drop 0 0 1
GAMEOVER DRAW
# Game ended: Sat Apr 04 01:51:40 EDT 2020
