# Server version 0.08 running on localhost:8123
# Game ID: 572
# Board class: Saboteur.SaboteurBoard
# Timeout: 2000000000
# First Move Timeout: 30000
# Date: Sun Apr 05 20:47:27 EDT 2020
# Player 1: Player-0, '260729805', running on localhost
# Player 2: Player-1, 'RandomPlayer', running on localhost
START Player-0 260729805
START Player-1 RandomPlayer
BoardInit:Tile:7,Tile:6,Tile:9,Tile:7,Malus,Tile:8,Bonus,Tile:7,Tile:10,Map,Map,Malus,Tile:9,Tile:3,Tile:9,Tile:5,Tile:5,Tile:7,Tile:4,Bonus,Tile:0,Tile:10,Map,Tile:11,Tile:8,Tile:9,Destroy,Map,Tile:6,Tile:13,Bonus,Tile:8,Tile:9,Tile:14,Bonus,Tile:0,Tile:5,Tile:6,Tile:7,Map,Destroy-Destroy,Tile:6,Tile:6,Tile:0,Tile:12,Tile:0,Tile:8-Tile:10,Map,Tile:2,Tile:8,Tile:15,Tile:1,Tile:5-Tile:nugget,Tile:hidden2,Tile:hidden1
Tile:6 6 5 1
Map 12 3 0
Tile:8 6 4 1
Tile:5_flip 7 4 0
Tile:0 7 5 1
Tile:6 8 5 0
Tile:9 4 5 1
Tile:7 9 5 0
Malus 0 0 1
Drop 4 0 0
Tile:10 6 3 1
Drop 3 0 0
Tile:7_flip 4 6 1
Drop 6 0 0
Tile:9_flip 9 6 1
Drop 6 0 0
Destroy 7 4 1
Drop 6 0 0
Tile:5 8 6 1
Drop 6 0 0
Tile:6_flip 8 4 1
Bonus 0 0 0
Tile:9 4 4 1
Tile:10 9 7 0
Tile:0 9 4 1
Tile:8 10 4 0
Map 12 3 1
Tile:10 8 7 0
Tile:4_flip 10 5 1
Tile:8 9 8 0
Tile:8 9 9 1
Tile:9_flip 10 8 0
Destroy 8 7 1
Tile:8 6 2 0
Tile:6 9 10 1
Tile:7 7 2 0
Drop 6 0 1
Tile:0 7 4 0
Drop 6 0 1
Tile:6 10 9 0
Tile:9_flip 5 6 1
Drop 5 0 0
Tile:7 11 9 1
GAMEOVER USER CANCEL UNDECIDED
# Game ended: Sun Apr 05 20:48:21 EDT 2020
