# Server version 0.08 running on localhost:8123
# Game ID: 42
# Board class: Saboteur.SaboteurBoard
# Timeout: 20000
# First Move Timeout: 30000
# Date: Sun Mar 29 22:41:43 EDT 2020
# Player 1: Player-0, '260729805', running on localhost
# Player 2: Player-1, 'RandomPlayer', running on localhost
START Player-0 260729805
START Player-1 RandomPlayer
BoardInit:Tile:6,Tile:5,Bonus,Tile:2,Malus,Tile:6,Map,Tile:0,Tile:9,Map,Tile:9,Tile:7,Tile:3,Tile:8,Tile:7,Malus,Map,Tile:5,Tile:0,Destroy,Tile:10,Bonus,Tile:10,Tile:6,Tile:6,Tile:4,Tile:15,Tile:13,Tile:9,Map,Tile:9,Bonus,Tile:7,Tile:8,Tile:8,Tile:11,Map,Tile:10,Map,Tile:8,Tile:5-Tile:6,Tile:14,Tile:7,Tile:7,Bonus,Destroy,Tile:5-Tile:0,Tile:9,Tile:0,Tile:8,Tile:12,Destroy,Tile:1-Tile:nugget,Tile:hidden2,Tile:hidden1
Tile:6 6 5 1
Tile:0 7 5 0
Tile:5 4 5 1
Tile:8 4 6 0
Tile:6_flip 8 5 1
Tile:2_flip 4 7 0
Malus 0 0 1
Drop 1 0 0
Tile:7_flip 3 6 1
Destroy 4 5 0
Map 12 3 1
Drop 1 0 0
Tile:14_flip 6 4 1
Drop 4 0 0
Destroy 8 5 1
Map 12 7 0
Tile:3 5 7 1
Drop 1 0 0
Tile:9_flip 5 8 1
Drop 3 0 0
Tile:9 4 5 1
Destroy 3 6 0
Tile:7 4 4 1
Drop 5 0 0
Tile:0 3 6 1
Drop 0 0 0
Tile:10 5 4 1
Drop 5 0 0
Drop 2 0 1
Drop 2 0 0
Tile:6 7 4 1
Malus 0 0 0
Drop 3 0 1
Drop 3 0 0
Bonus 0 0 1
Bonus 0 0 0
Drop 6 0 1
Tile:8 8 4 0
Tile:9 3 4 1
Tile:6 5 6 0
Drop 2 0 1
Tile:8 7 3 0
Drop 5 0 1
Map 12 3 0
Tile:5_flip 8 5 1
Drop 3 0 0
Map 12 3 1
Tile:13 8 3 0
Tile:9 3 3 1
Tile:5_flip 3 5 0
Tile:7 9 4 1
Tile:10 3 2 0
Map 12 3 1
Drop 0 0 0
Drop 0 0 1
GAMEOVER DRAW
# Game ended: Sun Mar 29 22:41:43 EDT 2020
