# Server version 0.08 running on macbook-pro-5.local:8123
# Game ID: 598
# Board class: Saboteur.SaboteurBoard
# Timeout: 2000000000
# First Move Timeout: 30000
# Date: Wed Apr 08 22:55:28 EDT 2020
# Player 1: Player-0, '260729805', running on macbook-pro-5.local
# Player 2: Player-1, 'RandomPlayer', running on macbook-pro-5.local
START Player-0 260729805
START Player-1 RandomPlayer
BoardInit:Map,Tile:8,Tile:8,Tile:11,Tile:13,Tile:6,Map,Destroy,Tile:8,Malus,Bonus,Tile:0,Tile:4,Tile:8,Tile:5,Tile:5,Tile:7,Tile:14,Destroy,Tile:1,Tile:8,Map,Tile:7,Destroy,Destroy,Tile:6,Tile:6,Destroy,Tile:8,Bonus,Tile:8,Tile:9,Tile:5,Tile:0,Map,Map,Tile:8,Tile:8,Tile:12,Tile:7,Destroy,Bonus,Tile:8,Tile:7,Map,Tile:8,Tile:10,Tile:7,Tile:10,Tile:8,Tile:9,Destroy,Destroy,Tile:8,Malus,Tile:3,Tile:9,Tile:0,Tile:8,Tile:8,Destroy,Tile:8,Tile:15,Tile:10,Tile:8-Tile:2,Tile:8,Tile:0,Tile:8,Tile:8,Destroy,Tile:9-Tile:8,Bonus,Tile:9,Destroy,Tile:6,Tile:5,Tile:6-Tile:hidden2,Tile:hidden1,Tile:nugget
Tile:8 4 5 1
Tile:6 6 5 0
Tile:8 5 6 1
Tile:5_flip 7 5 0
Drop 3 0 1
Tile:6_flip 7 4 0
Drop 2 0 1
Tile:6 8 4 0
Tile:13 4 6 1
Tile:8 9 4 0
Tile:8 5 4 1
Tile:9 9 5 0
Drop 0 0 1
Tile:8 9 6 0
Tile:4 8 3 1
Tile:0 10 6 0
Tile:5_flip 11 6 1
Tile:5_flip 9 7 0
Tile:0 6 6 1
Tile:8 10 4 0
Destroy 7 4 1
Destroy 8 3 0
Tile:7_flip 8 6 1
Destroy 4 6 0
Tile:8 5 3 1
Tile:11 11 5 0
Map 12 5 1
Tile:6_flip 7 4 0
Tile:9 4 6 1
Destroy 11 5 0
Drop 4 0 1
Tile:14_flip 11 5 0
Tile:8 6 4 1
Tile:9 9 3 0
Tile:6_flip 4 3 1
Tile:0 8 7 0
Tile:8 10 3 1
Destroy 11 5 0
Tile:8 3 5 1
Tile:8 11 3 0
Map 12 5 1
Tile:7 11 5 0
Tile:8 10 2 1
Drop 0 0 0
Tile:5 9 2 1
Tile:7 5 2 0
Tile:7 8 3 1
Tile:8 4 4 0
Tile:8 3 4 1
Tile:7 6 3 0
Tile:10 12 2 1
Tile:8 3 3 0
Destroy 5 3 1
Destroy 12 2 0
Destroy 6 4 1
Drop 2 0 0
Tile:12 7 6 1
Tile:3 11 2 0
Tile:9 12 2 1
Tile:1 13 2 0
Tile:8 2 5 1
Tile:8 5 3 0
Destroy 11 5 1
Tile:8 6 4 0
Tile:9_flip 11 5 1
Tile:0 13 3 0
Tile:10 3 6 1
Drop 3 0 0
Tile:8 11 4 1
Drop 1 0 0
Drop 1 0 1
Tile:10 2 6 0
Tile:15 3 2 1
Malus 0 0 0
Malus 0 0 1
Drop 0 0 0
