# Server version 0.08 running on localhost:8123
# Game ID: 879
# Board class: Saboteur.SaboteurBoard
# Timeout: 2000000000
# First Move Timeout: 30000
# Date: Sat Apr 11 00:26:23 EDT 2020
# Player 1: Player-0, '260729805', running on localhost
# Player 2: Player-1, 'Human', running on localhost
START Player-0 260729805
START Player-1 Human
BoardInit:Bonus,Map,Tile:9,Tile:8,Tile:11,Tile:8,Tile:8,Tile:7,Tile:5,Map,Tile:5,Tile:10,Map,Tile:0,Tile:8,Tile:6,Tile:1,Tile:8,Map,Tile:13,Tile:10,Map,Tile:10,Tile:8,Bonus,Map,Tile:6,Tile:8,Destroy,Bonus,Tile:8,Tile:5,Malus,Tile:7,Tile:7,Malus,Tile:3,Tile:8,Map,Tile:8,Tile:8,Tile:15,Map,Tile:2,Tile:12,Map,Tile:8,Tile:9,Tile:0,Tile:6,Tile:8,Tile:8,Destroy,Bonus,Tile:8,Tile:14,Tile:8,Tile:0,Destroy,Map,Map,Tile:5,Malus,Map,Tile:9,Map,Tile:8,Tile:6,Tile:8,Tile:7,Map-Tile:4,Bonus,Malus,Bonus,Tile:8,Tile:8,Malus-Bonus,Tile:9,Tile:6,Tile:9,Tile:0,Tile:7,Tile:8-Tile:nugget,Tile:hidden2,Tile:hidden1
Tile:8 6 5 1
Tile:6 7 5 0
Tile:8 8 5 1
Map 12 5 0
Tile:9 8 6 1
Tile:0 9 5 0
Drop 6 0 1
Tile:7 9 6 0
Tile:8 9 7 1
Tile:7_flip 9 8 0
Drop 0 0 1
Map 12 3 0
Tile:5 8 4 1
Tile:9_flip 7 4 0
Map 12 7 1
Tile:0 9 4 0
Tile:8 10 4 1
Tile:6_flip 7 3 0
GAMEOVER USER CANCEL UNDECIDED
# Game ended: Sat Apr 11 00:27:24 EDT 2020
