# Server version 0.08 running on localhost:8123
# Game ID: 277
# Board class: Saboteur.SaboteurBoard
# Timeout: 2000000000
# First Move Timeout: 30000
# Date: Fri Apr 03 02:27:30 EDT 2020
# Player 1: Player-0, '260729805', running on localhost
# Player 2: Player-1, 'Human', running on localhost
START Player-0 260729805
START Player-1 Human
BoardInit:Map,Bonus,Map,Tile:7,Bonus,Tile:5,Tile:4,Tile:3,Tile:5,Malus,Bonus,Tile:0,Tile:0,Destroy,Map,Tile:10,Tile:10,Destroy,Tile:6,Tile:1,Tile:9,Tile:12,Tile:8,Tile:14,Tile:6,Tile:8,Tile:0,Map,Tile:6,Tile:9,Tile:6,Tile:6,Map,Tile:5,Tile:9,Tile:8,Tile:5,Tile:2,Tile:9,Tile:7,Bonus-Tile:7,Malus,Tile:10,Tile:8,Tile:9,Tile:15,Tile:8-Tile:0,Map,Tile:7,Destroy,Tile:11,Tile:7,Tile:13-Tile:hidden1,Tile:nugget,Tile:hidden2
Tile:8 6 5 1
Map 12 3 0
Tile:8 7 5 1
Tile:0 8 5 0
Map 12 5 1
Tile:7 9 5 0
Tile:10 9 6 1
Tile:7_flip 9 7 0
Map 12 7 1
Tile:7 7 4 0
Malus 0 0 1
Bonus 0 0 0
Drop 4 0 1
Tile:5_flip 7 6 0
Tile:0 10 7 1
Tile:0 11 7 0
Map 12 3 1
Tile:10 5 4 0
