# Server version 0.08 running on localhost:8123
# Game ID: 318
# Board class: Saboteur.SaboteurBoard
# Timeout: 2000000000
# First Move Timeout: 30000
# Date: Fri Apr 03 03:40:31 EDT 2020
# Player 1: Player-0, '260729805', running on localhost
# Player 2: Player-1, 'RandomPlayer', running on localhost
START Player-0 260729805
START Player-1 RandomPlayer
BoardInit:Tile:4,Bonus,Tile:5,Tile:7,Tile:1,Destroy,Bonus,Map,Tile:6,Tile:7,Tile:8,Tile:6,Tile:8,Bonus,Tile:8,Tile:0,Tile:6,Destroy,Map,Map,Bonus,Tile:7,Tile:9,Tile:11,Tile:13,Tile:15,Map,Tile:10,Tile:7,Tile:9,Tile:8,Tile:10,Destroy,Tile:0,Tile:3,Tile:7,Tile:5,Malus,Tile:12,Tile:6,Map-Tile:9,Malus,Tile:14,Tile:5,Tile:8,Tile:5,Tile:9-Tile:0,Tile:2,Tile:0,Tile:6,Tile:10,Map,Tile:9-Tile:nugget,Tile:hidden2,Tile:hidden1
Tile:8 5 6 1
Map 12 3 0
Drop 5 0 1
Tile:0 6 5 0
Tile:5_flip 7 5 1
Tile:6_flip 7 4 0
Malus 0 0 1
Bonus 0 0 0
Tile:5 5 4 1
Map 12 3 0
Drop 0 0 1
Tile:0 8 4 0
Drop 4 0 1
Tile:9_flip 9 4 0
Tile:8 9 3 1
Tile:10 9 5 0
Tile:6 10 3 1
Tile:6 11 3 0
GAMEOVER WINNER 0
# Game ended: Fri Apr 03 03:40:31 EDT 2020
