# Server version 0.08 running on localhost:8123
# Game ID: 303
# Board class: Saboteur.SaboteurBoard
# Timeout: 2000000000
# First Move Timeout: 30000
# Date: Fri Apr 03 03:28:33 EDT 2020
# Player 1: Player-0, '260729805', running on localhost
# Player 2: Player-1, 'Human', running on localhost
START Player-0 260729805
START Player-1 Human
BoardInit:Tile:6,Tile:5,Tile:9,Tile:13,Tile:15,Bonus,Bonus,Tile:3,Tile:8,Tile:7,Tile:0,Tile:10,Tile:7,Tile:9,Tile:2,Tile:7,Tile:0,Tile:9,Tile:8,Tile:5,Map,Tile:4,Map,Tile:6,Destroy,Tile:14,Map,Tile:5,Tile:8,Destroy,Bonus,Tile:10,Destroy,Tile:6,Map,Tile:6,Tile:11,Tile:5,Tile:9,Map,Tile:9-Map,Bonus,Tile:12,Tile:7,Tile:7,Tile:0,Tile:8-Tile:8,Tile:1,Tile:10,Tile:6,Malus,Tile:0,Malus-Tile:nugget,Tile:hidden1,Tile:hidden2
Tile:0 6 5 1
Tile:8 7 5 0
Tile:8 8 5 1
Tile:6 9 5 0
Tile:6 10 5 1
Tile:0 11 5 0
Tile:9 12 6 1
Tile:10 12 4 0
GAMEOVER WINNER 0
# Game ended: Fri Apr 03 03:28:41 EDT 2020
