# Server version 0.08 running on localhost:8123
# Game ID: 53
# Board class: Saboteur.SaboteurBoard
# Timeout: 20000
# First Move Timeout: 30000
# Date: Sun Mar 29 23:07:35 EDT 2020
# Player 1: Player-0, '260729805', running on localhost
# Player 2: Player-1, 'RandomPlayer', running on localhost
START Player-0 260729805
START Player-1 RandomPlayer
BoardInit:Malus,Tile:8,Malus,Tile:9,Bonus,Tile:12,Tile:14,Tile:10,Tile:7,Map,Tile:7,Bonus,Tile:6,Tile:9,Destroy,Tile:6,Tile:10,Map,Tile:7,Tile:13,Destroy,Tile:7,Tile:5,Map,Tile:8,Bonus,Tile:0,Tile:15,Tile:7,Tile:2,Tile:0,Map,Map,Tile:8,Bonus,Tile:3,Tile:8,Destroy,Tile:5,Tile:6,Tile:5-Tile:9,Tile:5,Tile:10,Tile:9,Map,Tile:6,Tile:6-Tile:9,Tile:8,Tile:0,Tile:0,Tile:11,Tile:4,Tile:1-Tile:nugget,Tile:hidden2,Tile:hidden1
Map 12 7 1
Tile:4 5 4 0
Tile:9 5 6 1
Tile:11_flip 5 7 0
Tile:6_flip 4 7 1
Tile:9_flip 6 6 0
Malus 0 0 1
Drop 5 0 0
Tile:6 3 7 1
Drop 1 0 0
Tile:9 6 7 1
Drop 1 0 0
Tile:7 6 5 1
Drop 6 0 0
Tile:6 7 7 1
Map 12 7 0
Tile:5_flip 8 7 1
Drop 5 0 0
Drop 5 0 1
Drop 3 0 0
Drop 4 0 1
Map 12 7 0
Tile:10 7 6 1
Drop 0 0 0
Tile:5_flip 5 8 1
Drop 4 0 0
Malus 0 0 1
Map 12 7 0
Drop 6 0 1
Drop 6 0 0
Destroy 6 6 1
Drop 1 0 0
Tile:7_flip 6 8 1
Map 12 7 0
Tile:0 2 7 1
Drop 0 0 0
Tile:7 3 6 1
Drop 4 0 0
Drop 6 0 1
Destroy 7 7 0
Tile:8 7 7 1
Drop 4 0 0
Tile:5 7 5 1
Bonus 0 0 0
Tile:5_flip 7 8 1
Drop 3 0 0
Map 12 3 1
Drop 0 0 0
Tile:14 8 5 1
Drop 2 0 0
Drop 0 0 1
Drop 0 0 0
Tile:10 8 4 1
Drop 0 0 0
Drop 0 0 1
GAMEOVER DRAW
# Game ended: Sun Mar 29 23:07:35 EDT 2020
