# Server version 0.08 running on 192.168.1.5:8123
# Game ID: 282
# Board class: Saboteur.SaboteurBoard
# Timeout: 2000000000
# First Move Timeout: 30000
# Date: Fri Apr 03 02:49:00 EDT 2020
# Player 1: Player-0, '260729805', running on 192.168.1.5
# Player 2: Player-1, 'Human', running on 192.168.1.5
START Player-0 260729805
START Player-1 Human
BoardInit:Tile:0,Bonus,Tile:5,Tile:0,Tile:6,Tile:6,Malus,Bonus,Map,Tile:1,Destroy,Tile:9,Tile:12,Malus,Tile:10,Map,Tile:6,Tile:9,Tile:7,Tile:10,Tile:9,Tile:7,Tile:5,Tile:9,Tile:0,Tile:6,Tile:3,Tile:0,Destroy,Tile:13,Tile:8,Tile:8,Tile:8,Map,Tile:5,Tile:2,Tile:9,Tile:14,Tile:15,Tile:5,Tile:6-Tile:10,Tile:11,Tile:8,Bonus,Tile:7,Tile:8,Destroy-Map,Bonus,Map,Map,Tile:7,Tile:4,Tile:7-Tile:hidden2,Tile:hidden1,Tile:nugget
Tile:8 6 5 1
Map 12 3 0
Tile:8 7 5 1
Map 12 3 0
Tile:0 8 5 1
Map 12 3 0
Tile:6 9 5 1
Tile:7 9 4 0
Tile:7 10 5 1
Tile:4_flip 10 6 0
Destroy 10 6 1
Tile:7_flip 10 6 0
Map 12 5 1
Tile:0 8 4 0
Destroy 10 5 1
Tile:6 7 6 0
Drop 1 0 1
Map 12 3 0
Drop 2 0 1
Tile:9 7 4 0
Tile:7 10 5 1
Tile:9 7 3 0
Tile:6 11 6 1
Tile:7 12 6 0
GAMEOVER WINNER 0
# Game ended: Fri Apr 03 02:50:22 EDT 2020
