# Server version 0.08 running on localhost:8123
# Game ID: 259
# Board class: Saboteur.SaboteurBoard
# Timeout: 2000000000
# First Move Timeout: 30000
# Date: Fri Apr 03 01:25:28 EDT 2020
# Player 1: Player-0, '260729805', running on localhost
# Player 2: Player-1, 'Human', running on localhost
START Player-0 260729805
START Player-1 Human
BoardInit:Tile:7,Tile:14,Tile:9,Bonus,Tile:10,Map,Tile:8,Map,Tile:13,Tile:2,Destroy,Bonus,Tile:5,Tile:9,Tile:6,Tile:7,Map,Tile:7,Tile:10,Map,Tile:8,Tile:1,Bonus,Tile:15,Tile:11,Tile:0,Tile:5,Tile:6,Map,Tile:8,Tile:5,Malus,Tile:6,Tile:0,Tile:8,Tile:9,Tile:10,Tile:8,Destroy,Tile:5,Tile:7-Tile:3,Bonus,Tile:4,Tile:0,Tile:6,Tile:9,Tile:0-Tile:6,Destroy,Map,Malus,Tile:7,Tile:9,Tile:12-Tile:nugget,Tile:hidden2,Tile:hidden1
Tile:0 6 5 1
Tile:6_flip 7 5 0
Tile:9 7 6 1
Tile:7 8 5 0
Tile:6 8 6 1
Tile:9_flip 9 6 0
Tile:9 9 7 1
Map 12 5 0
Tile:8 10 7 1
Tile:12 11 7 0
