# Server version 0.08 running on localhost:8123
# Game ID: 169
# Board class: Saboteur.SaboteurBoard
# Timeout: 2000000000
# First Move Timeout: 30000
# Date: Tue Mar 31 20:59:12 EDT 2020
# Player 1: Player-0, '260729805', running on localhost
# Player 2: Player-1, 'Human', running on localhost
START Player-0 260729805
START Player-1 Human
BoardInit:Tile:9,Tile:7,Tile:0,Tile:6,Map,Tile:7,Tile:1,Tile:2,Bonus,Tile:5,Tile:5,Tile:5,Tile:10,Tile:5,Tile:13,Tile:3,Tile:8,Bonus,Destroy,Tile:11,Bonus,Map,Tile:10,Tile:12,Destroy,Tile:9,Map,Tile:0,Tile:10,Tile:9,Tile:8,Tile:6,Tile:7,Malus,Tile:8,Destroy,Tile:8,Tile:9,Tile:4,Tile:9,Tile:0-Map,Tile:7,Map,Tile:8,Tile:15,Tile:14,Tile:6-Bonus,Tile:6,Tile:6,Tile:7,Malus,Map,Tile:0-Tile:hidden2,Tile:hidden1,Tile:nugget
Tile:8 6 5 1
Tile:6 6 6 0
Tile:6 5 6 1
Tile:7 5 4 0
Tile:7 7 5 1
Tile:6 4 6 0
Tile:0 3 6 1
Drop 3 0 0
Tile:1 2 6 1
Tile:7_flip 1 6 0
