# Server version 0.08 running on macbook-pro-5.local:8123
# Game ID: 746
# Board class: Saboteur.SaboteurBoard
# Timeout: 2000000000
# First Move Timeout: 30000
# Date: Thu Apr 09 01:39:33 EDT 2020
# Player 1: Player-0, '260729805', running on macbook-pro-5.local
# Player 2: Player-1, 'RandomPlayer', running on macbook-pro-5.local
START Player-0 260729805
START Player-1 RandomPlayer
BoardInit:Tile:10,Tile:15,Tile:7,Map,Map,Bonus,Tile:7,Tile:9,Tile:3,Malus,Tile:7,Tile:10,Tile:6,Tile:6,Tile:9,Tile:5,Map,Tile:0,Map,Bonus,Destroy,Map,Map,Tile:6,Tile:5,Tile:9,Tile:14,Tile:2,Tile:9,Tile:11,Tile:6,Tile:13,Tile:8,Bonus,Tile:5,Destroy,Destroy,Malus,Tile:0,Tile:8,Tile:10-Tile:0,Tile:8,Tile:12,Tile:5,Tile:9,Tile:8,Tile:6-Tile:1,Tile:4,Tile:7,Bonus,Tile:0,Tile:7,Tile:8-Tile:hidden2,Tile:hidden1,Tile:nugget
Tile:5_flip 5 6 1
Tile:7 6 5 0
Tile:6 4 6 1
Tile:7_flip 6 6 0
Drop 4 0 1
Map 12 3 0
Tile:7 5 4 1
Tile:0 7 6 0
Tile:7_flip 4 4 1
Tile:8 8 6 0
Tile:8 8 5 1
Tile:9_flip 9 5 0
Tile:3_flip 7 5 1
Tile:10 9 4 0
Tile:6_flip 4 3 1
Tile:6 9 6 0
Tile:9 3 3 1
Tile:5_flip 10 6 0
Tile:7 3 2 1
Tile:0 5 3 0
Tile:10 7 4 1
Tile:4 9 3 0
Destroy 5 6 1
Map 12 5 0
Tile:0 6 3 1
Tile:6 8 7 0
Tile:9_flip 5 6 1
Tile:9_flip 7 3 0
Tile:5 4 5 1
Tile:1 9 7 0
Map 12 3 1
Tile:15 8 4 0
Tile:9 7 2 1
Tile:2 7 7 0
Tile:8 3 6 1
Tile:11 7 8 0
Map 12 5 1
Destroy 9 7 0
Destroy 4 6 1
Tile:13 7 9 0
Drop 2 0 1
Tile:8 8 2 0
Tile:10 3 5 1
Drop 5 0 0
Tile:0 8 8 1
Drop 4 0 0
Tile:12 8 9 1
Drop 3 0 0
Tile:6_flip 9 7 1
Drop 2 0 0
Tile:5 10 5 1
Drop 1 0 0
Tile:14 9 2 1
Drop 0 0 0
Map 12 5 1
GAMEOVER DRAW
# Game ended: Thu Apr 09 01:39:33 EDT 2020
