# Server version 0.08 running on localhost:8123
# Game ID: 281
# Board class: Saboteur.SaboteurBoard
# Timeout: 2000000000
# First Move Timeout: 30000
# Date: Fri Apr 03 02:43:04 EDT 2020
# Player 1: Player-0, '260729805', running on localhost
# Player 2: Player-1, 'Human', running on localhost
START Player-0 260729805
START Player-1 Human
BoardInit:Tile:1,Tile:15,Tile:5,Destroy,Tile:6,Tile:8,Tile:10,Tile:7,Tile:7,Bonus,Tile:10,Malus,Tile:5,Tile:3,Tile:2,Tile:9,Tile:5,Tile:9,Tile:14,Tile:0,Tile:8,Malus,Tile:6,Tile:9,Tile:7,Tile:6,Map,Tile:8,Tile:0,Tile:6,Tile:13,Tile:9,Tile:5,Tile:8,Map,Tile:10,Map,Map,Tile:12,Tile:4,Bonus-Tile:7,Tile:11,Tile:0,Tile:7,Tile:6,Bonus,Map-Tile:0,Map,Destroy,Tile:8,Bonus,Tile:9,Destroy-Tile:nugget,Tile:hidden2,Tile:hidden1
Tile:6 6 5 1
Map 12 3 0
Map 12 5 1
Tile:0 7 5 0
Tile:7 8 5 1
Tile:8 8 6 0
Tile:6 9 6 1
Tile:9_flip 10 6 0
Drop 2 0 1
Tile:8 8 7 0
Drop 3 0 1
Tile:7 9 7 0
Tile:7_flip 10 7 1
Destroy 10 6 0
Tile:0 11 7 1
Destroy 11 7 0
Drop 6 0 1
Tile:9_flip 10 6 0
Tile:5 10 5 1
Tile:9_flip 11 5 0
Drop 0 0 1
Tile:0 11 7 0
Tile:8 12 6 1
Tile:3 11 4 0
Drop 5 0 1
Destroy 10 6 0
Drop 6 0 1
Tile:6 13 7 0
Drop 3 0 1
Tile:8 10 6 0
Drop 5 0 1
Tile:9_flip 9 8 0
Drop 6 0 1
Drop 4 0 0
Drop 6 0 1
Tile:15 12 4 0
Drop 6 0 1
Drop 3 0 0
Drop 6 0 1
Tile:10 9 5 0
Drop 6 0 1
Tile:4 9 4 0
Drop 6 0 1
Tile:9_flip 13 5 0
GAMEOVER USER CANCEL UNDECIDED
# Game ended: Fri Apr 03 02:48:56 EDT 2020
