# Server version 0.08 running on localhost:8123
# Game ID: 412
# Board class: Saboteur.SaboteurBoard
# Timeout: 2000000000
# First Move Timeout: 30000
# Date: Sat Apr 04 20:43:58 EDT 2020
# Player 1: Player-0, '260729805', running on localhost
# Player 2: Player-1, 'Human', running on localhost
START Player-0 260729805
START Player-1 Human
BoardInit:Tile:13,Tile:7,Bonus,Tile:0,Tile:8,Tile:6,Tile:4,Tile:7,Tile:5,Tile:5,Destroy,Tile:10,Malus,Tile:0,Map,Tile:10,Tile:7,Tile:6,Tile:8,Tile:2,Tile:3,Tile:12,Map,Tile:15,Tile:11,Tile:6,Tile:6,Bonus,Tile:8,Tile:9,Map,Tile:9,Bonus,Destroy,Malus,Destroy,Bonus,Tile:10,Map,Tile:8,Tile:5-Tile:9,Tile:5,Tile:9,Tile:9,Map,Tile:7,Tile:6-Tile:1,Tile:14,Map,Tile:7,Tile:8,Tile:0,Tile:0-Tile:hidden2,Tile:nugget,Tile:hidden1
Tile:6 6 5 1
Map 12 3 0
Tile:9 6 4 1
Tile:7 7 5 0
Tile:9 7 6 1
Tile:0 8 6 0
Map 12 5 1
Tile:0 9 6 0
Tile:8 10 6 1
Tile:7 6 3 0
Tile:7 11 6 1
Tile:6 11 7 0
Tile:9 4 5 1
Tile:10 12 6 0
GAMEOVER WINNER 0
# Game ended: Sat Apr 04 20:44:30 EDT 2020
