# Server version 0.08 running on localhost:8123
# Game ID: 570
# Board class: Saboteur.SaboteurBoard
# Timeout: 2000000000
# First Move Timeout: 30000
# Date: Sun Apr 05 20:44:12 EDT 2020
# Player 1: Player-0, '260729805', running on localhost
# Player 2: Player-1, 'RandomPlayer', running on localhost
START Player-0 260729805
START Player-1 RandomPlayer
BoardInit:Bonus,Map,Tile:12,Tile:9,Tile:1,Tile:0,Map,Tile:10,Bonus,Tile:9,Tile:6,Tile:7,Tile:8,Tile:6,Tile:9,Tile:5,Tile:10,Bonus,Tile:9,Tile:6,Tile:7,Destroy,Tile:10,Tile:7,Destroy,Tile:8,Tile:6,Tile:5,Tile:0,Tile:6,Map,Tile:2,Malus,Tile:15,Tile:7,Map,Tile:8,Destroy,Tile:8,Tile:3,Tile:4-Tile:13,Tile:5,Malus,Tile:5,Tile:7,Tile:8,Tile:9-Bonus,Tile:14,Map,Tile:0,Tile:11,Tile:0,Map-Tile:nugget,Tile:hidden2,Tile:hidden1
Tile:9 5 6 1
Map 12 3 0
Tile:5_flip 6 6 1
Tile:0 4 5 0
Tile:13 6 5 1
Tile:0 3 5 0
Tile:12 7 5 1
Tile:0 2 5 0
Tile:8 5 7 1
Tile:9 5 4 0
Drop 4 0 1
Tile:9_flip 6 4 0
Tile:5 1 5 1
Tile:7 6 3 0
Tile:6_flip 6 7 1
Tile:6 7 7 0
Drop 0 0 1
Tile:5_flip 8 7 0
Tile:9 5 3 1
Tile:10 8 6 0
Tile:10 5 2 1
Tile:6_flip 5 1 0
Map 12 5 1
Destroy 7 5 0
Tile:9 4 1 1
Tile:7 8 5 0
Tile:7 4 0 1
Tile:8 7 5 0
Tile:6 4 7 1
Tile:5 7 4 0
Tile:8 1 6 1
Tile:6 8 4 0
Tile:7_flip 6 8 1
Drop 4 0 0
Destroy 6 3 1
Drop 4 0 0
Tile:7 7 8 1
Drop 4 0 0
Map 12 3 1
Destroy 6 5 0
Tile:0 3 7 1
Drop 4 0 0
Drop 5 0 1
Drop 4 0 0
Drop 4 0 1
