# Server version 0.08 running on 192.168.1.5:8123
# Game ID: 261
# Board class: Saboteur.SaboteurBoard
# Timeout: 2000000000
# First Move Timeout: 30000
# Date: Fri Apr 03 01:41:18 EDT 2020
# Player 1: Player-0, '260729805', running on 192.168.1.5
# Player 2: Player-1, 'Human', running on 192.168.1.5
START Player-0 260729805
START Player-1 Human
BoardInit:Tile:6,Tile:5,Destroy,Map,Tile:9,Bonus,Tile:3,Tile:9,Bonus,Tile:8,Tile:6,Tile:13,Bonus,Tile:1,Tile:11,Tile:4,Tile:12,Tile:15,Tile:10,Tile:7,Tile:6,Malus,Tile:7,Tile:9,Destroy,Tile:7,Tile:5,Tile:0,Tile:7,Map,Tile:8,Tile:6,Tile:14,Tile:10,Tile:6,Tile:9,Map,Tile:0,Tile:10,Malus,Bonus-Tile:5,Tile:5,Tile:9,Map,Map,Tile:7,Tile:0-Tile:8,Tile:2,Tile:0,Tile:8,Tile:8,Map,Destroy-Tile:hidden2,Tile:hidden1,Tile:nugget
Tile:0 6 5 1
Map 12 3 0
Tile:6 7 5 1
Tile:8 8 5 0
Tile:9 8 6 1
Tile:2_flip 4 5 0
Tile:7 9 5 1
Tile:8 9 6 0
Map 12 5 1
Tile:9_flip 5 6 0
Map 12 7 1
Drop 1 0 0
Tile:9 8 4 1
Tile:5 3 5 0
Tile:6 9 4 1
Tile:13 10 4 0
Destroy 10 4 1
Drop 5 0 0
Tile:5 9 3 1
Tile:4_flip 9 7 0
Drop 1 0 1
Tile:15 5 4 0
Tile:6 10 3 1
Destroy 7 5 0
Drop 3 0 1
Tile:7 8 3 0
