# Server version 0.08 running on localhost:8123
# Game ID: 665
# Board class: Saboteur.SaboteurBoard
# Timeout: 2000000000
# First Move Timeout: 30000
# Date: Thu Apr 09 00:56:13 EDT 2020
# Player 1: Player-0, '260729805', running on localhost
# Player 2: Player-1, 'RandomPlayer', running on localhost
START Player-0 260729805
START Player-1 RandomPlayer
BoardInit:Tile:0,Tile:13,Destroy,Tile:7,Tile:7,Bonus,Tile:9,Tile:0,Tile:5,Tile:9,Tile:5,Tile:7,Map,Tile:11,Tile:6,Tile:1,Tile:9,Destroy,Map,Tile:8,Bonus,Bonus,Tile:3,Tile:8,Map,Tile:5,Tile:12,Map,Tile:15,Tile:9,Tile:8,Tile:4,Tile:6,Tile:9,Tile:0,Tile:6,Malus,Tile:8,Tile:10,Map,Bonus-Malus,Tile:8,Map,Tile:2,Tile:6,Tile:10,Destroy-Tile:6,Tile:10,Tile:0,Tile:7,Tile:5,Tile:14,Tile:7-Tile:hidden2,Tile:hidden1,Tile:nugget
Tile:8 5 4 1
Tile:6 6 5 0
Tile:6_flip 5 3 1
Tile:7 6 4 0
Destroy 6 5 1
Tile:5_flip 6 5 0
Drop 2 0 1
Tile:0 6 3 0
Drop 0 0 1
Tile:7 7 3 0
Destroy 5 3 1
Tile:9 5 3 0
Tile:7_flip 7 4 1
Tile:7 8 4 0
Tile:10 5 6 1
Tile:7_flip 8 5 0
Tile:5_flip 9 5 1
Tile:14_flip 9 4 0
Map 12 3 1
Destroy 9 4 0
Tile:9 4 4 1
Tile:13 4 5 0
Drop 5 0 1
Tile:11_flip 4 6 0
Tile:5 3 5 1
Tile:10 9 4 0
Tile:9_flip 5 7 1
Tile:8 4 7 0
Drop 3 0 1
Tile:8 9 3 0
Map 12 3 1
Tile:9_flip 4 3 0
Tile:3_flip 3 6 1
Tile:4 9 2 0
Tile:15 4 2 1
Tile:1 3 7 0
Tile:6 10 3 1
Tile:0 11 3 0
Tile:12_flip 8 3 1
Tile:9 5 2 0
Tile:8 13 3 1
Tile:8 3 3 0
Malus 0 0 1
Bonus 0 0 0
Drop 4 0 1
Tile:5_flip 4 8 0
Tile:0 2 7 1
Drop 3 0 0
Tile:0 1 7 1
Tile:6_flip 3 8 0
Tile:6_flip 2 3 1
Drop 1 0 0
Drop 0 0 1
Drop 0 0 0
Drop 0 0 1
GAMEOVER DRAW
# Game ended: Thu Apr 09 00:56:13 EDT 2020
