# Server version 0.08 running on macbook-pro-5.local:8123
# Game ID: 820
# Board class: Saboteur.SaboteurBoard
# Timeout: 2000000000
# First Move Timeout: 30000
# Date: Thu Apr 09 02:34:26 EDT 2020
# Player 1: Player-0, '260729805', running on macbook-pro-5.local
# Player 2: Player-1, 'RandomPlayer', running on macbook-pro-5.local
START Player-0 260729805
START Player-1 RandomPlayer
BoardInit:Map,Malus,Tile:8,Tile:7,Tile:9,Tile:9,Tile:5,Tile:6,Bonus,Tile:14,Tile:7,Tile:3,Tile:9,Tile:4,Map,Tile:2,Malus,Tile:7,Tile:0,Tile:6,Tile:9,Map,Tile:7,Tile:5,Tile:8,Tile:6,Destroy,Tile:7,Tile:12,Tile:8,Tile:13,Tile:10,Destroy,Tile:5,Tile:15,Tile:11,Tile:5,Tile:8,Bonus,Tile:6,Tile:10-Tile:8,Tile:9,Tile:1,Tile:6,Tile:10,Bonus,Map-Tile:0,Map,Tile:0,Tile:0,Destroy,Bonus,Map-Tile:hidden2,Tile:nugget,Tile:hidden1
Tile:1 6 5 1
Map 12 3 0
Tile:10 5 6 1
Destroy 6 5 0
Tile:8 4 5 1
Map 12 5 0
Tile:6_flip 6 5 1
Tile:0 7 5 0
Tile:8 8 5 1
Tile:0 9 5 0
Tile:9 5 4 1
Tile:7 10 5 0
Tile:5_flip 6 4 1
Tile:6 10 6 0
Tile:9_flip 11 6 1
Tile:9 11 5 0
GAMEOVER WINNER 0
# Game ended: Thu Apr 09 02:34:34 EDT 2020
