# Server version 0.08 running on localhost:8123
# Game ID: 456
# Board class: Saboteur.SaboteurBoard
# Timeout: 2000000000
# First Move Timeout: 30000
# Date: Sun Apr 05 15:10:59 EDT 2020
# Player 1: Player-0, '260729805', running on localhost
# Player 2: Player-1, 'RandomPlayer', running on localhost
START Player-0 260729805
START Player-1 RandomPlayer
BoardInit:Tile:14,Tile:8,Tile:5,Destroy,Tile:9,Destroy,Tile:9,Tile:4,Tile:13,Tile:3,Tile:9,Tile:5,Tile:6,Map,Malus,Map,Tile:8,Tile:2,Bonus,Tile:0,Tile:8,Tile:8,Bonus,Tile:10,Tile:0,Tile:5,Tile:9,Tile:12,Tile:7,Tile:6,Bonus,Tile:5,Tile:6,Tile:9,Destroy,Tile:6,Tile:0,Map,Tile:7,Tile:7,Tile:10-Tile:10,Map,Tile:1,Map,Tile:6,Tile:8,Tile:7-Tile:0,Bonus,Tile:11,Tile:15,Map,Tile:7,Malus-Tile:hidden1,Tile:nugget,Tile:hidden2
Tile:7 5 4 1
Map 12 3 0
Tile:6 4 4 1
Tile:0 3 4 0
Tile:5 4 5 1
Tile:7_flip 2 4 0
Tile:9_flip 6 5 1
Tile:11 6 4 0
Tile:14 5 6 1
Destroy 6 4 0
Tile:8 4 6 1
Tile:15 6 4 0
Tile:9_flip 2 3 1
Destroy 6 4 0
Drop 5 0 1
Map 12 5 0
Map 12 3 1
Tile:5_flip 4 7 0
Tile:6_flip 2 2 1
Tile:8 3 2 0
Tile:1 1 2 1
Tile:0 4 2 0
Drop 5 0 1
Tile:8 5 2 0
Tile:10 6 4 1
Tile:10 6 6 0
Map 12 3 1
Tile:5_flip 6 2 0
Tile:0 1 3 1
Tile:3_flip 3 6 0
Tile:7_flip 3 3 1
Tile:6_flip 6 3 0
Tile:13 0 2 1
Tile:5_flip 7 3 0
Tile:9_flip 0 1 1
Tile:9 7 2 0
Destroy 3 3 1
Tile:6 8 2 0
Tile:0 9 2 1
Tile:2 10 2 0
Tile:8 6 1 1
Tile:7_flip 3 3 0
Tile:6_flip 3 7 1
Tile:4_flip 10 3 0
Tile:8 5 1 1
Tile:12 11 2 0
Tile:7_flip 5 3 1
Drop 3 0 0
Drop 0 0 1
Drop 2 0 0
Tile:10 3 8 1
Drop 1 0 0
Drop 1 0 1
Drop 0 0 0
Drop 0 0 1
GAMEOVER DRAW
# Game ended: Sun Apr 05 15:11:00 EDT 2020
