# Server version 0.08 running on localhost:8123
# Game ID: 430
# Board class: Saboteur.SaboteurBoard
# Timeout: 2000000000
# First Move Timeout: 30000
# Date: Sat Apr 04 22:21:22 EDT 2020
# Player 1: Player-0, '260729805', running on localhost
# Player 2: Player-1, 'Human', running on localhost
START Player-0 260729805
START Player-1 Human
BoardInit:Tile:9,Tile:13,Tile:8,Tile:9,Map,Tile:0,Malus,Bonus,Tile:10,Tile:6,Tile:5,Tile:8,Tile:6,Destroy,Tile:5,Map,Tile:10,Tile:7,Map,Tile:9,Malus,Tile:3,Tile:15,Destroy,Tile:2,Destroy,Tile:8,Tile:11,Tile:7,Tile:4,Tile:0,Map,Tile:8,Tile:8,Map,Tile:12,Tile:0,Tile:1,Tile:6,Tile:5,Tile:6-Tile:7,Tile:9,Tile:10,Tile:5,Tile:7,Tile:9,Tile:7-Bonus,Tile:0,Tile:6,Bonus,Tile:14,Map,Bonus-Tile:hidden2,Tile:nugget,Tile:hidden1
Tile:7 6 5 1
Map 12 3 0
Tile:9 6 6 1
Tile:0 7 6 0
Tile:8 8 6 1
Tile:6 9 6 0
Tile:9 9 5 1
Tile:0 10 6 0
Tile:7 11 6 1
Tile:9 11 7 0
Map 12 5 1
Tile:14_flip 12 6 0
