# Server version 0.08 running on localhost:8123
# Game ID: 552
# Board class: Saboteur.SaboteurBoard
# Timeout: 2000000000
# First Move Timeout: 30000
# Date: Sun Apr 05 20:03:41 EDT 2020
# Player 1: Player-0, '260729805', running on localhost
# Player 2: Player-1, 'RandomPlayer', running on localhost
START Player-0 260729805
START Player-1 RandomPlayer
BoardInit:Tile:8,Map,Bonus,Tile:14,Destroy,Tile:5,Tile:9,Tile:6,Map,Tile:2,Tile:8,Tile:7,Tile:6,Tile:9,Map,Destroy,Tile:7,Tile:5,Tile:12,Tile:13,Tile:6,Tile:5,Map,Tile:6,Tile:8,Tile:10,Tile:0,Tile:0,Tile:0,Tile:7,Tile:8,Malus,Bonus,Tile:7,Tile:6,Tile:7,Tile:10,Bonus,Tile:3,Malus,Bonus-Tile:0,Destroy,Map,Tile:5,Map,Tile:4,Tile:8-Tile:11,Tile:15,Tile:9,Tile:9,Tile:9,Tile:10,Tile:1-Tile:hidden2,Tile:hidden1,Tile:nugget
Drop 2 0 1
Drop 6 0 0
Map 12 7 1
Map 12 3 0
Tile:4_flip 5 6 1
Drop 6 0 0
Tile:0 4 5 1
Tile:5_flip 6 5 0
Drop 0 0 1
Tile:6_flip 6 4 0
Drop 1 0 1
Tile:11_flip 7 4 0
Tile:9 7 3 1
Tile:7_flip 3 5 0
Drop 3 0 1
Tile:2 8 3 0
Map 12 7 1
Destroy 8 3 0
Map 12 5 1
Tile:5_flip 8 3 0
Tile:8 8 2 1
Tile:9 5 4 0
Tile:7 9 2 1
Tile:9 5 3 0
Drop 0 0 1
Tile:9 5 2 0
Tile:12 6 3 1
Tile:10 5 1 0
Drop 2 0 1
Tile:9 5 0 0
Tile:0 6 0 1
Tile:10 3 4 0
Tile:6_flip 3 3 1
Tile:5_flip 6 2 0
Map 12 3 1
Tile:6 7 0 0
Tile:8 2 3 1
Tile:0 8 0 0
Tile:8 9 0 1
Tile:7_flip 9 1 0
Tile:0 10 0 1
Tile:7_flip 1 3 0
Tile:3 1 2 1
Tile:7_flip 9 3 0
Drop 1 0 1
Tile:13 11 0 0
Tile:10 7 5 1
Tile:15 11 1 0
Drop 0 0 1
Drop 2 0 0
Tile:6 7 6 1
Drop 1 0 0
Drop 1 0 1
Malus 0 0 0
Bonus 0 0 1
GAMEOVER DRAW
# Game ended: Sun Apr 05 20:05:50 EDT 2020
