# Server version 0.08 running on localhost:8123
# Game ID: 1015
# Board class: Saboteur.SaboteurBoard
# Timeout: 2000000000
# First Move Timeout: 30000
# Date: Sat Apr 11 13:28:09 EDT 2020
# Player 1: Player-0, '260729805', running on localhost
# Player 2: Player-1, 'Human', running on localhost
START Player-0 260729805
START Player-1 Human
BoardInit:Tile:5,Tile:8,Tile:9,Tile:6,Tile:0,Bonus,Tile:6,Bonus,Tile:8,Tile:7,Tile:0,Tile:7,Malus,Tile:9,Tile:15,Destroy,Bonus,Tile:11,Tile:9,Map,Tile:0,Map,Map,Destroy,Tile:13,Tile:10,Tile:6,Malus,Tile:10,Tile:3,Tile:12,Tile:9,Tile:7,Tile:6,Tile:8,Tile:7,Map,Tile:6,Tile:1,Tile:14,Tile:5-Tile:7,Tile:10,Tile:5,Tile:5,Tile:8,Tile:9,Map-Tile:8,Map,Bonus,Tile:2,Tile:0,Destroy,Tile:4-Tile:hidden1,Tile:hidden2,Tile:nugget
Tile:8 6 5 1
Destroy 6 5 0
Tile:7 6 5 1
Tile:4_flip 6 6 0
Map 12 5 1
Tile:6_flip 5 4 0
Tile:0 6 4 1
Tile:0 7 4 0
Tile:6 8 4 1
Tile:8 9 4 0
Tile:8 10 4 1
Tile:8 9 5 0
Tile:0 11 4 1
Tile:7_flip 9 6 0
Tile:5_flip 12 4 1
Tile:9_flip 10 6 0
Tile:9 10 7 1
Tile:7 11 7 0
Tile:9 11 8 1
Tile:2 12 8 0
Tile:9 11 9 1
Tile:11_flip 13 8 0
GAMEOVER USER CANCEL UNDECIDED
# Game ended: Sat Apr 11 13:31:08 EDT 2020
