# Server version 0.08 running on localhost:8123
# Game ID: 234
# Board class: Saboteur.SaboteurBoard
# Timeout: 2000000000
# First Move Timeout: 30000
# Date: Wed Apr 01 22:41:33 EDT 2020
# Player 1: Player-0, '260729805', running on localhost
# Player 2: Player-1, 'Human', running on localhost
START Player-0 260729805
START Player-1 Human
BoardInit:Bonus,Tile:7,Tile:9,Tile:4,Tile:0,Tile:12,Map,Map,Tile:6,Tile:0,Tile:1,Tile:6,Destroy,Tile:9,Tile:7,Bonus,Tile:6,Tile:8,Tile:5,Tile:11,Destroy,Map,Tile:8,Tile:5,Tile:10,Tile:10,Bonus,Tile:14,Tile:8,Bonus,Tile:3,Destroy,Tile:7,Tile:8,Map,Map,Tile:10,Tile:0,Tile:5,Map,Malus-Malus,Tile:8,Tile:2,Tile:5,Tile:0,Tile:15,Tile:7-Tile:9,Tile:9,Tile:13,Tile:9,Tile:6,Tile:7,Tile:6-Tile:nugget,Tile:hidden2,Tile:hidden1
Tile:0 6 5 1
Tile:9_flip 7 5 0
Tile:8 7 6 1
Tile:6 8 6 0
Tile:5 8 5 1
Tile:6 9 5 0
Tile:7 5 4 1
Tile:9_flip 10 5 0
Tile:9 9 4 1
Tile:9 10 6 0
Tile:15 9 3 1
Tile:7 11 6 0
