# Server version 0.08 running on localhost:8123
# Game ID: 531
# Board class: Saboteur.SaboteurBoard
# Timeout: 2000000000
# First Move Timeout: 30000
# Date: Sun Apr 05 19:08:14 EDT 2020
# Player 1: Player-0, '260729805', running on localhost
# Player 2: Player-1, 'RandomPlayer', running on localhost
START Player-0 260729805
START Player-1 RandomPlayer
BoardInit:Map,Tile:9,Bonus,Tile:7,Map,Bonus,Tile:10,Tile:5,Tile:6,Tile:8,Tile:3,Tile:6,Tile:2,Tile:0,Tile:0,Tile:4,Tile:9,Tile:5,Tile:10,Tile:10,Tile:12,Map,Tile:8,Map,Tile:7,Tile:8,Tile:8,Tile:0,Destroy,Tile:9,Tile:8,Tile:6,Tile:7,Malus,Tile:14,Tile:5,Tile:6,Tile:9,Map,Tile:11,Destroy-Map,Tile:5,Tile:9,Tile:15,Tile:7,Tile:1,Tile:6-Malus,Bonus,Tile:13,Tile:0,Destroy,Bonus,Tile:7-Tile:hidden2,Tile:nugget,Tile:hidden1
Tile:6 6 5 1
Tile:0 7 5 0
Tile:15 6 4 1
Tile:7_flip 5 6 0
Map 12 7 1
Tile:7_flip 4 5 0
Drop 2 0 1
Destroy 6 4 0
Tile:1 6 6 1
Tile:5_flip 8 5 0
Tile:9 4 4 1
Tile:13 8 4 0
Drop 2 0 1
Tile:6_flip 6 4 0
Map 12 7 1
Tile:0 7 4 0
Tile:3 4 3 1
Tile:4 8 3 0
Tile:2_flip 9 4 1
Tile:5_flip 10 4 0
Map 12 7 1
Tile:8 5 4 0
Tile:10 5 3 1
Map 12 3 0
Tile:8 5 2 1
Map 12 5 0
Tile:7_flip 3 3 1
Tile:9_flip 6 2 0
Tile:5 10 3 1
Tile:8 11 3 0
Drop 3 0 1
Tile:10 6 1 0
Tile:9_flip 11 2 1
Tile:9 6 0 0
Tile:8 7 0 1
Tile:0 8 0 0
Tile:8 3 2 1
Tile:6 9 0 0
Tile:0 4 2 1
Tile:9_flip 10 0 0
Tile:7_flip 6 3 1
Tile:5_flip 10 1 0
Destroy 4 4 1
Tile:11 11 1 0
Tile:6_flip 7 6 1
Drop 4 0 0
Tile:12 7 3 1
Drop 3 0 0
Destroy 7 4 1
Drop 2 0 0
Tile:14_flip 9 1 1
Drop 1 0 0
Drop 1 0 1
Malus 0 0 0
Drop 0 0 1
GAMEOVER DRAW
# Game ended: Sun Apr 05 19:08:49 EDT 2020
