# Server version 0.08 running on macbook-pro-5.local:8123
# Game ID: 1011
# Board class: Saboteur.SaboteurBoard
# Timeout: 2000000000
# First Move Timeout: 30000
# Date: Sat Apr 11 13:27:03 EDT 2020
# Player 1: Player-0, '260729805', running on macbook-pro-5.local
# Player 2: Player-1, 'RandomPlayer', running on macbook-pro-5.local
START Player-0 260729805
START Player-1 RandomPlayer
BoardInit:Tile:10,Tile:5,Tile:15,Bonus,Tile:8,Tile:9,Tile:13,Tile:10,Tile:7,Malus,Tile:6,Map,Bonus,Tile:7,Tile:3,Destroy,Tile:6,Tile:9,Destroy,Tile:8,Tile:9,Tile:2,Bonus,Tile:6,Malus,Map,Tile:9,Tile:10,Tile:5,Bonus,Map,Tile:7,Tile:5,Tile:5,Map,Tile:0,Tile:0,Tile:8,Tile:11,Tile:1,Tile:0-Map,Tile:14,Tile:6,Tile:7,Tile:9,Tile:4,Tile:12-Tile:6,Tile:0,Tile:7,Destroy,Map,Tile:8,Tile:8-Tile:hidden1,Tile:hidden2,Tile:nugget
Tile:9_flip 6 5 1
Map 12 3 0
Tile:7 6 4 1
Tile:6 6 6 0
Tile:6_flip 5 4 1
Tile:0 7 6 0
Drop 5 0 1
Tile:7 8 6 0
Drop 0 0 1
Tile:8 8 7 0
Tile:14 8 8 1
Destroy 8 8 0
Tile:13 9 7 1
Map 12 5 0
Drop 5 0 1
Tile:8 8 8 0
Tile:7_flip 8 9 1
Destroy 9 7 0
Tile:6_flip 7 7 1
Tile:9_flip 9 7 0
Tile:12_flip 4 4 1
Tile:10 9 6 0
Tile:8 9 9 1
Tile:9_flip 10 9 0
Tile:9_flip 10 8 1
Malus 0 0 0
Destroy 7 6 1
Tile:8 5 6 0
Drop 4 0 1
Tile:10 5 7 0
Drop 4 0 1
Tile:6 7 6 0
Map 12 7 1
Tile:5 10 7 0
Drop 0 0 1
Tile:7 11 7 0
Map 12 7 1
Tile:7_flip 11 8 0
Drop 0 0 1
Tile:8 12 8 0
GAMEOVER WINNER 0
# Game ended: Sat Apr 11 13:27:04 EDT 2020
