# Server version 0.08 running on localhost:8123
# Game ID: 347
# Board class: Saboteur.SaboteurBoard
# Timeout: 2000000000
# First Move Timeout: 30000
# Date: Sat Apr 04 00:05:44 EDT 2020
# Player 1: Player-0, '260729805', running on localhost
# Player 2: Player-1, 'RandomPlayer', running on localhost
START Player-0 260729805
START Player-1 RandomPlayer
BoardInit:Tile:6,Tile:4,Tile:9,Map,Tile:8,Destroy,Tile:15,Tile:0,Map,Tile:5,Bonus,Tile:11,Tile:0,Bonus,Tile:6,Bonus,Tile:9,Tile:6,Tile:2,Tile:7,Tile:8,Tile:8,Tile:5,Map,Map,Tile:9,Tile:9,Tile:8,Tile:9,Tile:5,Tile:5,Map,Tile:6,Destroy,Tile:7,Tile:10,Tile:7,Tile:0,Malus,Tile:7,Tile:0-Tile:3,Tile:1,Tile:10,Destroy,Malus,Tile:14,Tile:7-Bonus,Tile:13,Tile:10,Map,Tile:8,Tile:6,Tile:12-Tile:hidden2,Tile:hidden1,Tile:nugget
Tile:1 6 5 1
Tile:6 5 6 0
Tile:7_flip 4 5 1
Tile:12 6 6 0
Tile:3 7 5 1
Tile:4 5 4 0
Destroy 6 5 1
Destroy 7 5 0
Tile:15 4 4 1
Tile:0 6 5 0
Drop 3 0 1
Tile:5 4 6 0
Tile:14_flip 4 3 1
Tile:13 7 5 0
Tile:10 4 7 1
Tile:11_flip 8 5 0
Drop 0 0 1
Drop 6 0 0
Tile:8 4 8 1
Tile:6 5 8 0
Tile:2 6 8 1
Tile:10 4 9 0
Tile:6 3 8 1
Tile:8 4 10 0
Tile:9_flip 8 6 1
Tile:8 5 10 0
Tile:5_flip 7 8 1
Tile:9_flip 6 10 0
Tile:8 6 9 1
Tile:8 6 11 0
Tile:9_flip 8 4 1
Tile:7 7 9 0
Tile:5 5 7 1
Tile:5 5 9 0
Tile:9 7 7 1
Destroy 8 5 0
Tile:7 7 11 1
Tile:10 7 12 0
Tile:9_flip 8 5 1
Tile:0 3 10 0
Tile:6_flip 7 4 1
Tile:7 3 7 0
Tile:7_flip 5 11 1
Drop 5 0 0
Drop 1 0 1
Drop 4 0 0
Tile:0 2 10 1
Drop 3 0 0
Map 12 3 1
Drop 2 0 0
Tile:0 2 8 1
Drop 1 0 0
Malus 0 0 1
Bonus 0 0 0
Map 12 5 1
GAMEOVER DRAW
# Game ended: Sat Apr 04 00:05:44 EDT 2020
