# Server version 0.08 running on localhost:8123
# Game ID: 360
# Board class: Saboteur.SaboteurBoard
# Timeout: 2000000000
# First Move Timeout: 30000
# Date: Sat Apr 04 00:18:06 EDT 2020
# Player 1: Player-0, '260729805', running on localhost
# Player 2: Player-1, 'RandomPlayer', running on localhost
START Player-0 260729805
START Player-1 RandomPlayer
BoardInit:Tile:12,Tile:8,Tile:0,Tile:8,Tile:7,Tile:7,Tile:7,Tile:10,Destroy,Tile:4,Bonus,Bonus,Tile:7,Tile:8,Malus,Destroy,Tile:8,Tile:6,Tile:5,Tile:14,Tile:9,Tile:0,Map,Tile:9,Tile:11,Map,Tile:6,Tile:0,Map,Tile:0,Tile:6,Bonus,Tile:9,Tile:5,Tile:6,Tile:15,Tile:13,Map,Tile:9,Malus,Tile:6-Tile:9,Tile:1,Map,Tile:5,Tile:8,Tile:10,Bonus-Tile:7,Tile:5,Tile:3,Tile:2,Map,Tile:10,Destroy-Tile:hidden1,Tile:hidden2,Tile:nugget
Drop 3 0 1
Map 12 3 0
Map 12 3 1
Tile:7 6 5 0
Tile:8 6 6 1
Tile:5 5 4 0
Tile:9 4 5 1
Tile:7 7 6 0
Drop 0 0 1
Destroy 7 6 0
Tile:12 6 4 1
Tile:4_flip 6 7 0
Tile:7_flip 5 6 1
Tile:3 7 6 0
Destroy 6 4 1
Tile:2_flip 6 4 0
Tile:7_flip 7 7 1
Destroy 7 6 0
Tile:7 8 7 1
Tile:6_flip 7 6 0
Drop 4 0 1
Tile:10 8 8 0
Tile:0 8 6 1
Tile:8 9 6 0
Tile:10 4 4 1
Tile:8 10 6 0
Tile:5 6 3 1
Map 12 5 0
Tile:11_flip 8 9 1
Tile:10 9 7 0
Tile:9_flip 10 5 1
Tile:9 9 8 0
Tile:6_flip 10 8 1
Tile:8 10 9 0
Map 12 3 1
Tile:0 11 9 0
Tile:8 8 10 1
Tile:5 9 5 0
Tile:9 7 10 1
Map 12 7 0
Map 12 5 1
Tile:14_flip 10 4 0
Tile:9 8 11 1
Tile:0 7 4 0
Tile:6 9 11 1
Tile:0 8 4 0
Tile:6_flip 4 3 1
Tile:15 10 10 0
Tile:13 12 9 1
Drop 2 0 0
Drop 1 0 1
Drop 1 0 0
Tile:6_flip 7 9 1
Drop 0 0 0
Drop 0 0 1
GAMEOVER DRAW
# Game ended: Sat Apr 04 00:18:06 EDT 2020
