# Server version 0.08 running on macbook-pro-5.local:8123
# Game ID: 619
# Board class: Saboteur.SaboteurBoard
# Timeout: 2000000000
# First Move Timeout: 30000
# Date: Wed Apr 08 23:38:00 EDT 2020
# Player 1: Player-0, '260729805', running on macbook-pro-5.local
# Player 2: Player-1, 'RandomPlayer', running on macbook-pro-5.local
START Player-0 260729805
START Player-1 RandomPlayer
BoardInit:Tile:1,Tile:0,Tile:9,Tile:15,Tile:11,Map,Map,Map,Tile:8,Tile:6,Tile:8,Tile:8,Tile:6,Bonus,Tile:13,Tile:8,Tile:5,Tile:4,Tile:9,Tile:5,Tile:14,Tile:5,Tile:0,Tile:6,Tile:3,Destroy,Tile:7,Tile:2,Malus,Tile:10,Tile:9,Bonus,Tile:7,Tile:12,Map,Bonus,Tile:9,Bonus,Tile:10,Destroy,Tile:5-Tile:7,Tile:6,Tile:10,Tile:9,Tile:0,Tile:0,Destroy-Map,Tile:6,Tile:8,Tile:7,Malus,Map,Tile:7-Tile:hidden1,Tile:nugget,Tile:hidden2
Tile:7 6 5 1
Map 12 3 0
Tile:9 5 4 1
Map 12 5 0
Tile:9_flip 5 3 1
Tile:6 6 4 0
Tile:0 7 4 1
Tile:7 8 4 0
Destroy 6 5 1
Tile:7_flip 8 5 0
Tile:11 5 2 1
Tile:0 9 5 0
Tile:1 10 5 1
Tile:6 11 5 0
Map 12 5 1
Tile:8 5 6 0
Tile:6 4 6 1
Tile:8 6 6 0
Tile:5 3 6 1
Tile:8 7 6 0
Tile:8 7 7 1
Tile:5_flip 8 7 0
Tile:9 5 1 1
Tile:5_flip 7 8 0
Tile:14_flip 6 8 1
Tile:6_flip 8 6 0
Tile:6 6 7 1
Destroy 11 5 0
Tile:3 7 5 1
Tile:2 11 5 0
Tile:8 4 5 1
Tile:10 6 3 0
Tile:9_flip 11 6 1
Tile:15 11 7 0
Tile:0 3 5 1
Tile:12 9 6 0
Drop 6 0 1
Tile:4 4 4 0
Tile:13 6 2 1
Drop 6 0 0
Tile:7_flip 5 7 1
Destroy 11 5 0
Drop 5 0 1
Drop 5 0 0
Tile:9 11 8 1
Drop 4 0 0
Tile:5_flip 11 9 1
Drop 3 0 0
Tile:0 10 9 1
Drop 2 0 0
Tile:7 12 8 1
Drop 1 0 0
Malus 0 0 1
Malus 0 0 0
Drop 0 0 1
GAMEOVER DRAW
# Game ended: Wed Apr 08 23:38:01 EDT 2020
