# Server version 0.08 running on localhost:8123
# Game ID: 957
# Board class: Saboteur.SaboteurBoard
# Timeout: 2000000000
# First Move Timeout: 30000
# Date: Sat Apr 11 02:23:14 EDT 2020
# Player 1: Player-0, '260729805', running on localhost
# Player 2: Player-1, 'RandomPlayer', running on localhost
START Player-0 260729805
START Player-1 RandomPlayer
BoardInit:Tile:6,Malus,Bonus,Tile:9,Map,Tile:6,Map,Tile:7,Tile:9,Tile:2,Tile:5,Tile:7,Tile:7,Tile:8,Tile:9,Tile:10,Map,Tile:0,Tile:7,Bonus,Map,Destroy,Tile:9,Tile:14,Tile:11,Destroy,Tile:0,Tile:5,Tile:6,Tile:10,Map,Tile:5,Tile:9,Tile:8,Tile:6,Tile:4,Tile:6,Tile:8,Malus,Bonus,Tile:8-Tile:0,Tile:13,Tile:1,Destroy,Tile:15,Tile:0,Tile:12-Tile:3,Map,Tile:10,Bonus,Tile:8,Tile:7,Tile:5-Tile:hidden2,Tile:hidden1,Tile:nugget
Tile:0 6 5 1
Map 12 3 0
Tile:15 5 6 1
Malus 0 0 0
Drop 2 0 1
Tile:7 7 5 0
Drop 2 0 1
Tile:5_flip 7 6 0
Map 12 3 1
Tile:6_flip 5 4 0
Drop 1 0 1
Tile:7_flip 5 7 0
Drop 6 0 1
Tile:7 6 7 0
Map 12 5 1
Tile:10 6 8 0
Drop 1 0 1
Tile:8 6 9 0
Map 12 7 1
Tile:0 6 4 0
Drop 2 0 1
Tile:9_flip 7 9 0
Map 12 7 1
Destroy 7 6 0
Drop 2 0 1
Tile:8 7 6 0
Drop 0 0 1
Destroy 7 6 0
Drop 5 0 1
Tile:10 7 6 0
Drop 0 0 1
Tile:10 7 7 0
Map 12 3 1
Tile:5_flip 7 4 0
Drop 3 0 1
Tile:8 7 3 0
Drop 3 0 1
Tile:5_flip 8 3 0
Drop 6 0 1
Tile:8 8 2 0
Drop 4 0 1
Tile:4 8 1 0
Drop 5 0 1
Tile:3 9 2 0
Drop 4 0 1
Tile:2 7 2 0
Drop 2 0 1
Tile:14_flip 6 2 0
Drop 0 0 1
Drop 2 0 0
Drop 0 0 1
Drop 1 0 0
Drop 1 0 1
Drop 0 0 0
Drop 0 0 1
GAMEOVER DRAW
# Game ended: Sat Apr 11 02:23:14 EDT 2020
