# Server version 0.08 running on macbook-pro-5.local:8123
# Game ID: 687
# Board class: Saboteur.SaboteurBoard
# Timeout: 2000000000
# First Move Timeout: 30000
# Date: Thu Apr 09 01:15:22 EDT 2020
# Player 1: Player-0, '260729805', running on macbook-pro-5.local
# Player 2: Player-1, 'RandomPlayer', running on macbook-pro-5.local
START Player-0 260729805
START Player-1 RandomPlayer
BoardInit:Tile:6,Tile:9,Tile:7,Tile:1,Tile:0,Bonus,Tile:10,Map,Tile:10,Map,Map,Map,Tile:9,Tile:9,Tile:8,Tile:7,Tile:0,Tile:8,Tile:7,Tile:9,Malus,Tile:6,Tile:15,Tile:7,Tile:12,Destroy,Tile:14,Malus,Tile:6,Tile:0,Tile:2,Map,Tile:7,Destroy,Destroy,Bonus,Map,Tile:9,Tile:8,Tile:11,Tile:0-Bonus,Tile:5,Tile:5,Tile:13,Tile:5,Tile:5,Tile:6-Bonus,Tile:6,Tile:10,Tile:8,Tile:3,Tile:8,Tile:4-Tile:hidden1,Tile:nugget,Tile:hidden2
Tile:5_flip 6 5 1
Tile:6_flip 6 4 0
Tile:6 7 4 1
Tile:8 8 4 0
Tile:6 9 4 1
Tile:8 10 4 0
Tile:5 4 5 1
Tile:10 9 3 0
Tile:5 5 4 1
Map 12 3 0
Tile:10 10 5 1
Map 12 5 0
Tile:10 8 3 1
Tile:4_flip 5 6 0
Tile:5 10 3 1
Tile:3 7 3 0
Tile:9 9 2 1
Tile:1 6 3 0
Tile:13 8 5 1
Tile:7 11 3 0
Tile:7 8 2 1
Drop 6 0 0
Tile:8 9 1 1
Tile:6 10 2 0
Drop 2 0 1
Tile:7 9 5 0
Tile:7_flip 10 6 1
Destroy 7 3 0
Tile:14_flip 7 5 1
Tile:9_flip 7 3 0
Drop 2 0 1
Tile:9_flip 10 1 0
Tile:2_flip 11 6 1
Tile:8 12 6 0
Tile:6 13 6 1
Tile:0 5 3 0
Tile:15 7 6 1
Drop 5 0 0
Destroy 7 6 1
Tile:9 11 5 0
Tile:12_flip 8 1 1
Tile:11_flip 11 4 0
Tile:0 11 2 1
Drop 5 0 0
Drop 4 0 1
Drop 4 0 0
Tile:0 4 3 1
Drop 3 0 0
Drop 1 0 1
Drop 2 0 0
Drop 0 0 1
Drop 1 0 0
Drop 1 0 1
Drop 0 0 0
Tile:7 12 2 1
GAMEOVER DRAW
# Game ended: Thu Apr 09 01:16:00 EDT 2020
