# Server version 0.08 running on macbook-pro-5.local:8123
# Game ID: 744
# Board class: Saboteur.SaboteurBoard
# Timeout: 2000000000
# First Move Timeout: 30000
# Date: Thu Apr 09 01:38:38 EDT 2020
# Player 1: Player-0, '260729805', running on macbook-pro-5.local
# Player 2: Player-1, 'RandomPlayer', running on macbook-pro-5.local
START Player-0 260729805
START Player-1 RandomPlayer
BoardInit:Tile:14,Tile:7,Tile:9,Tile:5,Tile:8,Tile:5,Tile:9,Tile:10,Tile:7,Tile:4,Bonus,Tile:0,Tile:6,Malus,Tile:7,Tile:0,Map,Tile:10,Map,Tile:9,Tile:8,Tile:5,Tile:7,Bonus,Tile:2,Tile:9,Map,Tile:7,Tile:6,Tile:11,Tile:8,Tile:15,Map,Bonus,Tile:9,Tile:6,Destroy,Tile:8,Tile:10,Map,Malus-Destroy,Tile:0,Map,Tile:6,Tile:12,Bonus,Tile:13-Tile:6,Destroy,Tile:3,Tile:5,Tile:0,Tile:1,Tile:8-Tile:hidden1,Tile:nugget,Tile:hidden2
Map 12 7 1
Tile:6 6 5 0
Tile:0 4 5 1
Tile:5_flip 7 5 0
Tile:13 5 4 1
Tile:7 7 4 0
Drop 4 0 1
Tile:5_flip 5 6 0
Tile:12_flip 4 6 1
Tile:8 6 4 0
Tile:6 3 5 1
Tile:5 6 3 0
Destroy 6 5 1
Tile:0 2 5 0
Drop 3 0 1
Tile:0 1 5 0
Drop 0 0 1
Tile:10 3 4 0
Tile:7 3 3 1
Tile:0 2 3 0
Tile:9 0 5 1
Tile:9 1 3 0
Tile:6 1 4 1
Tile:10 1 2 0
Tile:7 1 1 1
Tile:5 0 4 0
Map 12 7 1
Tile:9 0 6 0
Tile:7_flip 4 4 1
Destroy 7 5 0
Tile:6 6 5 1
Tile:11_flip 7 5 0
Tile:8 0 7 1
Tile:3_flip 7 6 0
Drop 3 0 1
Tile:1 8 6 0
Map 12 3 1
Tile:7 9 6 0
Destroy 1 4 1
Tile:4_flip 9 7 0
Tile:10 4 3 1
Map 12 3 0
Drop 0 0 1
Tile:6 7 3 0
Tile:9_flip 8 3 1
Tile:15 8 4 0
Drop 3 0 1
Tile:8 8 2 0
Map 12 3 1
Drop 2 0 0
Tile:8 0 1 1
Drop 1 0 0
Tile:8 1 7 1
Malus 0 0 0
Malus 0 0 1
GAMEOVER DRAW
# Game ended: Thu Apr 09 01:38:39 EDT 2020
