# Server version 0.08 running on localhost:8123
# Game ID: 249
# Board class: Saboteur.SaboteurBoard
# Timeout: 2000000000
# First Move Timeout: 30000
# Date: Fri Apr 03 00:32:00 EDT 2020
# Player 1: Player-0, '260729805', running on localhost
# Player 2: Player-1, 'Human', running on localhost
START Player-0 260729805
START Player-1 Human
BoardInit:Tile:7,Tile:8,Tile:1,Destroy,Tile:7,Tile:5,Tile:10,Tile:15,Tile:6,Bonus,Map,Tile:8,Bonus,Tile:11,Tile:13,Tile:5,Tile:9,Tile:6,Tile:9,Tile:9,Tile:0,Tile:0,Tile:14,Tile:0,Tile:8,Tile:2,Tile:3,Map,Map,Tile:8,Tile:4,Tile:6,Destroy,Tile:7,Tile:5,Tile:9,Tile:7,Malus,Tile:8,Tile:6,Map-Tile:6,Tile:5,Tile:10,Map,Malus,Tile:7,Map-Destroy,Bonus,Tile:9,Tile:10,Tile:12,Bonus,Tile:0-Tile:nugget,Tile:hidden2,Tile:hidden1
Tile:6 6 5 1
Tile:9_flip 7 5 0
Tile:5 7 4 1
Tile:8 8 4 0
Map 12 5 1
Tile:10 8 5 0
Map 12 3 1
Tile:5 8 3 0
Tile:7 9 3 1
Tile:12_flip 4 5 0
Tile:6 9 4 1
Tile:0 10 4 0
Tile:7 6 4 1
Tile:8 8 6 0
Tile:10 8 7 1
Tile:11_flip 9 6 0
