# Server version 0.08 running on localhost:8123
# Game ID: 759
# Board class: Saboteur.SaboteurBoard
# Timeout: 2000000000
# First Move Timeout: 30000
# Date: Thu Apr 09 01:45:50 EDT 2020
# Player 1: Player-0, '260729805', running on localhost
# Player 2: Player-1, 'RandomPlayer', running on localhost
START Player-0 260729805
START Player-1 RandomPlayer
BoardInit:Tile:3,Malus,Tile:7,Tile:0,Tile:6,Bonus,Map,Tile:8,Map,Tile:8,Tile:12,Map,Tile:7,Tile:2,Tile:0,Tile:7,Tile:9,Tile:0,Tile:11,Tile:9,Bonus,Tile:9,Tile:9,Tile:4,Tile:0,Tile:10,Tile:9,Bonus,Tile:15,Map,Tile:5,Tile:5,Tile:6,Map,Tile:6,Tile:8,Tile:14,Tile:7,Tile:6,Tile:7,Tile:5-Tile:5,Malus,Tile:10,Tile:8,Destroy,Map,Tile:1-Tile:6,Destroy,Bonus,Tile:13,Tile:10,Tile:8,Destroy-Tile:hidden2,Tile:hidden1,Tile:nugget
Map 12 3 1
Tile:6 6 5 0
Tile:5 4 5 1
Tile:8 7 5 0
Tile:3 7 4 1
Tile:0 8 5 0
Drop 4 0 1
Tile:10 7 6 0
Tile:6_flip 6 4 1
Tile:8 9 5 0
Drop 0 0 1
Tile:8 9 4 0
Destroy 7 4 1
Map 12 3 0
Tile:10 7 7 1
Tile:13 10 4 0
Map 12 7 1
Tile:7_flip 9 6 0
Tile:7 10 3 1
Tile:0 10 6 0
Tile:11_flip 7 4 1
Tile:9 9 3 0
Tile:9 5 4 1
Tile:9 9 2 0
Tile:12 10 2 1
Destroy 10 4 0
Tile:7_flip 4 6 1
Tile:10 9 1 0
Tile:9_flip 7 3 1
Destroy 10 2 0
Tile:8 5 6 1
Map 12 5 0
Tile:5_flip 10 4 1
Tile:5_flip 11 6 0
Tile:9_flip 5 3 1
Tile:4 11 5 0
Tile:15 7 2 1
Tile:8 7 8 0
Tile:6 5 7 1
Tile:7 8 8 0
Tile:6 4 3 1
Tile:7_flip 8 9 0
Drop 0 0 1
Tile:2 9 9 0
Drop 5 0 1
Drop 4 0 0
Tile:6 10 2 1
Drop 3 0 0
Tile:0 11 2 1
Drop 2 0 0
Drop 1 0 1
Drop 1 0 0
Tile:14_flip 9 0 1
Drop 0 0 0
Drop 0 0 1
GAMEOVER DRAW
# Game ended: Thu Apr 09 01:45:54 EDT 2020
