# Server version 0.08 running on localhost:8123
# Game ID: 225
# Board class: Saboteur.SaboteurBoard
# Timeout: 2000000000
# First Move Timeout: 30000
# Date: Wed Apr 01 22:10:46 EDT 2020
# Player 1: Player-0, '260729805', running on localhost
# Player 2: Player-1, 'RandomPlayer', running on localhost
START Player-0 260729805
START Player-1 RandomPlayer
BoardInit:Tile:11,Tile:3,Tile:5,Malus,Tile:10,Tile:0,Map,Tile:7,Tile:2,Tile:4,Tile:0,Tile:6,Tile:5,Tile:15,Tile:7,Tile:10,Tile:9,Tile:9,Map,Tile:9,Tile:7,Tile:6,Tile:8,Bonus,Destroy,Tile:9,Tile:8,Tile:0,Tile:13,Map,Tile:5,Map,Tile:10,Tile:6,Tile:12,Bonus,Bonus,Tile:6,Tile:7,Tile:8,Destroy-Tile:0,Tile:9,Tile:1,Tile:5,Tile:8,Tile:8,Tile:7-Malus,Bonus,Tile:6,Tile:14,Map,Map,Destroy-Tile:hidden1,Tile:hidden2,Tile:nugget
Tile:8 5 6 1
Map 12 5 0
Tile:1 4 6 1
Tile:6 6 5 0
Tile:9 5 4 1
Map 12 3 0
Tile:11_flip 7 5 1
Tile:0 6 6 0
Map 12 5 1
Tile:7 6 4 0
Tile:2_flip 7 6 1
Destroy 4 6 0
Drop 2 0 1
Tile:6 5 7 0
Tile:5_flip 8 6 1
Tile:4 5 3 0
Tile:10 7 4 1
Tile:14_flip 8 5 0
Tile:7_flip 4 5 1
Tile:9 4 7 0
Tile:9_flip 7 3 1
Tile:10 4 8 0
Tile:7 7 2 1
Tile:6_flip 6 7 0
Tile:5 4 6 1
Tile:9 6 8 0
Tile:7_flip 4 9 1
Tile:9_flip 7 8 0
Destroy 8 6 1
Tile:0 5 9 0
Tile:0 6 2 1
Tile:3 9 5 0
Tile:8 7 9 1
Map 12 3 0
Tile:5_flip 8 9 1
Tile:6_flip 7 7 0
Drop 3 0 1
Map 12 5 0
Tile:10 8 8 1
Tile:6_flip 8 7 0
Tile:8 6 9 1
Tile:8 9 7 0
Tile:7_flip 7 10 1
Tile:15 9 8 0
Drop 2 0 1
Drop 4 0 0
Destroy 9 5 1
Drop 3 0 0
Tile:12_flip 5 2 1
Drop 2 0 0
Tile:0 8 10 1
Drop 1 0 0
Map 12 3 1
Drop 0 0 0
Drop 0 0 1
GAMEOVER DRAW
# Game ended: Wed Apr 01 22:11:32 EDT 2020
