# Server version 0.08 running on localhost:8123
# Game ID: 565
# Board class: Saboteur.SaboteurBoard
# Timeout: 2000000000
# First Move Timeout: 30000
# Date: Sun Apr 05 20:33:23 EDT 2020
# Player 1: Player-0, '260729805', running on localhost
# Player 2: Player-1, 'RandomPlayer', running on localhost
START Player-0 260729805
START Player-1 RandomPlayer
BoardInit:Tile:0,Destroy,Tile:5,Tile:5,Tile:6,Tile:3,Malus,Tile:7,Malus,Tile:0,Tile:4,Tile:1,Tile:5,Tile:7,Tile:14,Tile:9,Tile:9,Tile:15,Map,Tile:6,Tile:8,Bonus,Map,Tile:6,Tile:10,Tile:10,Tile:13,Tile:8,Tile:8,Destroy,Tile:12,Map,Destroy,Tile:8,Tile:7,Tile:0,Tile:11,Tile:9,Tile:5,Tile:9,Map-Tile:9,Tile:7,Tile:6,Tile:0,Tile:8,Bonus,Map-Bonus,Tile:6,Map,Tile:2,Tile:7,Tile:10,Bonus-Tile:nugget,Tile:hidden2,Tile:hidden1
Tile:8 5 6 1
Map 12 3 0
Drop 1 0 1
Tile:6 6 5 0
Tile:9_flip 6 4 1
Tile:7 7 5 0
Tile:6_flip 5 4 1
Tile:5_flip 7 6 0
Tile:6 4 4 1
Tile:7 6 3 0
Tile:5 4 5 1
Tile:0 6 6 0
Drop 4 0 1
Tile:10 4 3 0
Tile:0 3 4 1
Tile:7_flip 5 3 0
Tile:5_flip 5 7 1
Tile:9 5 2 0
Tile:4 5 1 1
Destroy 5 1 0
Tile:9 5 1 1
Tile:6 6 2 0
Tile:0 7 2 1
Tile:2 8 2 0
Map 12 3 1
Tile:6_flip 6 1 0
Tile:14 9 2 1
Tile:10 5 0 0
Tile:8 4 7 1
Tile:8 4 6 0
Drop 2 0 1
Destroy 9 2 0
Tile:8 2 4 1
Drop 5 0 0
Destroy 6 4 1
Tile:8 6 4 0
Drop 3 0 1
Tile:0 7 4 0
Tile:11_flip 4 2 1
Tile:9_flip 8 4 0
Tile:12_flip 3 6 1
Tile:9 8 3 0
Tile:7 4 1 1
Drop 5 0 0
Drop 4 0 1
Tile:3 9 3 0
Tile:13 2 3 1
Tile:1 9 2 0
Malus 0 0 1
Bonus 0 0 0
Map 12 3 1
Tile:15 9 4 0
Map 12 3 1
Drop 0 0 0
Drop 0 0 1
GAMEOVER DRAW
# Game ended: Sun Apr 05 20:34:34 EDT 2020
