# Server version 0.08 running on macbook-pro-5.local:8123
# Game ID: 743
# Board class: Saboteur.SaboteurBoard
# Timeout: 2000000000
# First Move Timeout: 30000
# Date: Thu Apr 09 01:37:57 EDT 2020
# Player 1: Player-0, '260729805', running on macbook-pro-5.local
# Player 2: Player-1, 'RandomPlayer', running on macbook-pro-5.local
START Player-0 260729805
START Player-1 RandomPlayer
BoardInit:Tile:13,Tile:8,Tile:3,Malus,Tile:5,Tile:5,Malus,Tile:0,Tile:11,Map,Tile:6,Tile:6,Tile:9,Tile:0,Tile:9,Tile:9,Map,Tile:10,Tile:14,Tile:6,Destroy,Tile:7,Tile:9,Tile:1,Destroy,Tile:6,Tile:7,Tile:7,Tile:5,Tile:8,Map,Tile:5,Tile:8,Map,Destroy,Tile:10,Bonus,Tile:2,Tile:0,Tile:8,Tile:10-Tile:8,Map,Tile:7,Map,Tile:6,Tile:4,Bonus-Bonus,Bonus,Tile:12,Tile:9,Tile:15,Tile:7,Tile:0-Tile:hidden2,Tile:nugget,Tile:hidden1
Tile:8 5 6 1
Tile:7 6 5 0
Map 12 7 1
Tile:0 4 5 0
Drop 4 0 1
Tile:9_flip 6 6 0
Drop 4 0 1
Tile:5_flip 6 7 0
Tile:4 5 4 1
Tile:0 4 6 0
Drop 2 0 1
Map 12 3 0
Tile:6 3 5 1
Tile:6 5 7 0
Drop 2 0 1
Tile:0 4 7 0
Tile:7 3 4 1
Tile:8 3 7 0
Tile:9 2 5 1
Tile:9 3 8 0
Tile:5_flip 3 9 1
Tile:6_flip 4 8 0
Destroy 3 7 1
Tile:10 2 6 0
Tile:9 4 9 1
Tile:7_flip 2 7 0
Destroy 3 8 1
Tile:6 3 7 0
Tile:11 2 9 1
Drop 5 0 0
Map 12 3 1
Drop 3 0 0
Map 12 7 1
Drop 2 0 0
Tile:5 3 8 1
Map 12 5 0
Tile:14_flip 3 6 1
Tile:7 5 8 0
Destroy 3 8 1
Drop 6 0 0
Malus 0 0 1
Bonus 0 0 0
Tile:9_flip 5 9 1
Tile:8 5 10 0
Tile:7 2 8 1
Tile:5_flip 6 10 0
Map 12 7 1
Tile:10 6 9 0
Tile:8 2 10 1
Tile:8 5 11 0
Tile:0 6 11 1
Drop 1 0 0
Drop 0 0 1
Drop 0 0 0
Drop 0 0 1
GAMEOVER DRAW
# Game ended: Thu Apr 09 01:37:58 EDT 2020
