# Server version 0.08 running on localhost:8123
# Game ID: 248
# Board class: Saboteur.SaboteurBoard
# Timeout: 2000000000
# First Move Timeout: 30000
# Date: Fri Apr 03 00:22:49 EDT 2020
# Player 1: Player-0, '260729805', running on localhost
# Player 2: Player-1, 'Human', running on localhost
START Player-0 260729805
START Player-1 Human
BoardInit:Tile:9,Tile:13,Tile:7,Tile:10,Tile:4,Map,Tile:11,Tile:7,Tile:6,Tile:6,Tile:0,Tile:5,Tile:7,Tile:7,Tile:6,Tile:8,Tile:9,Tile:6,Tile:0,Tile:0,Tile:12,Tile:5,Tile:2,Map,Tile:8,Tile:10,Tile:3,Tile:8,Tile:8,Tile:5,Malus,Tile:6,Tile:0,Destroy,Bonus,Malus,Tile:9,Tile:14,Bonus,Tile:9,Tile:9-Tile:7,Map,Tile:15,Map,Tile:5,Bonus,Map-Bonus,Map,Destroy,Tile:10,Destroy,Tile:8,Tile:1-Tile:hidden1,Tile:hidden2,Tile:nugget
Tile:7 6 5 1
Tile:10 6 6 0
Tile:9 6 7 1
Tile:8 7 7 0
Map 12 7 1
Tile:10 7 6 0
Tile:5 7 5 1
Destroy 6 5 0
Tile:7 8 5 1
Tile:7 6 5 0
Tile:6 8 7 1
Tile:6_flip 9 7 0
Tile:11 4 5 1
Tile:5 5 4 0
Tile:7 4 4 1
Tile:7_flip 9 8 0
Map 12 5 1
Tile:8 10 8 0
Tile:6 6 8 1
Tile:6_flip 5 8 0
Tile:15 5 6 1
Destroy 4 4 0
Tile:4 4 4 1
Tile:5_flip 10 9 0
