# Server version 0.08 running on macbook-pro-5.local:8123
# Game ID: 569
# Board class: Saboteur.SaboteurBoard
# Timeout: 2000000000
# First Move Timeout: 30000
# Date: Sun Apr 05 20:42:42 EDT 2020
# Player 1: Player-0, '260729805', running on macbook-pro-5.local
# Player 2: Player-1, 'Human', running on macbook-pro-5.local
START Player-0 260729805
START Player-1 Human
BoardInit:Tile:9,Tile:9,Tile:10,Bonus,Tile:10,Tile:5,Tile:15,Tile:8,Tile:7,Destroy,Tile:4,Tile:5,Tile:2,Bonus,Tile:7,Destroy,Map,Tile:13,Tile:7,Map,Tile:6,Bonus,Map,Tile:12,Map,Tile:11,Tile:9,Tile:14,Tile:7,Tile:8,Tile:6,Tile:8,Tile:9,Tile:7,Tile:1,Malus,Tile:8,Tile:0,Bonus,Tile:5,Tile:8-Tile:0,Tile:3,Tile:5,Tile:0,Tile:10,Tile:6,Malus-Map,Tile:6,Tile:0,Tile:9,Destroy,Map,Tile:6-Tile:hidden2,Tile:nugget,Tile:hidden1
Tile:0 6 5 1
Map 12 3 0
Tile:6 7 5 1
Map 12 5 0
Tile:0 8 5 1
Tile:6 9 5 0
Tile:10 9 4 1
Tile:6_flip 9 3 0
Tile:3 10 5 1
Tile:0 8 3 0
Drop 5 0 1
Tile:5_flip 10 6 0
Tile:7 10 3 1
Tile:5 7 4 0
Drop 5 0 1
Tile:9 5 4 0
Drop 5 0 1
Tile:9 5 6 0
Map 12 3 1
Tile:8 5 3 0
Drop 6 0 1
Destroy 10 6 0
GAMEOVER USER CANCEL UNDECIDED
# Game ended: Sun Apr 05 20:44:09 EDT 2020
