# Server version 0.08 running on localhost:8123
# Game ID: 951
# Board class: Saboteur.SaboteurBoard
# Timeout: 2000000000
# First Move Timeout: 30000
# Date: Sat Apr 11 02:18:48 EDT 2020
# Player 1: Player-0, '260729805', running on localhost
# Player 2: Player-1, 'RandomPlayer', running on localhost
START Player-0 260729805
START Player-1 RandomPlayer
BoardInit:Map,Tile:10,Map,Destroy,Tile:13,Tile:5,Tile:7,Tile:8,Tile:9,Tile:6,Tile:0,Tile:0,Tile:10,Tile:8,Tile:10,Tile:7,Tile:15,Tile:3,Tile:14,Bonus,Tile:8,Tile:1,Tile:4,Tile:7,Tile:7,Tile:8,Tile:9,Tile:6,Tile:6,Tile:2,Malus,Tile:9,Destroy,Tile:9,Tile:7,Destroy,Bonus,Map,Tile:9,Map,Tile:11-Map,Tile:8,Tile:5,Tile:0,Tile:0,Tile:6,Tile:6-Tile:12,Bonus,Bonus,Tile:5,Malus,Tile:5,Map-Tile:hidden1,Tile:nugget,Tile:hidden2
Tile:6 6 5 1
Malus 0 0 0
Drop 2 0 1
Tile:5_flip 7 5 0
Drop 1 0 1
Destroy 7 5 0
Drop 0 0 1
Tile:5_flip 7 5 0
Drop 1 0 1
Tile:5 7 4 0
Drop 3 0 1
Tile:6 8 4 0
Drop 4 0 1
Tile:0 9 4 0
Map 12 7 1
Tile:8 10 4 0
Drop 5 0 1
Tile:7_flip 10 5 0
Drop 3 0 1
Tile:8 11 4 0
Drop 2 0 1
Tile:10 11 3 0
Drop 0 0 1
Tile:12 12 4 0
Drop 2 0 1
Tile:7 10 3 0
Drop 0 0 1
Tile:8 11 2 0
Drop 5 0 1
Tile:6_flip 12 2 0
Drop 0 0 1
Tile:2_flip 11 5 0
Drop 4 0 1
Tile:9_flip 13 3 0
Destroy 6 5 1
Tile:9 5 6 0
Drop 4 0 1
Destroy 5 6 0
Malus 0 0 1
Bonus 0 0 0
Drop 4 0 1
Tile:3_flip 13 4 0
Drop 5 0 1
Tile:1 9 3 0
Drop 4 0 1
Drop 4 0 0
Drop 2 0 1
Drop 3 0 0
Drop 0 0 1
Drop 2 0 0
Drop 0 0 1
Drop 1 0 0
Drop 1 0 1
Drop 0 0 0
Drop 0 0 1
GAMEOVER DRAW
# Game ended: Sat Apr 11 02:18:48 EDT 2020
