# Server version 0.08 running on localhost:8123
# Game ID: 444
# Board class: Saboteur.SaboteurBoard
# Timeout: 2000000000
# First Move Timeout: 30000
# Date: Sun Apr 05 14:40:50 EDT 2020
# Player 1: Player-0, '260729805', running on localhost
# Player 2: Player-1, 'Human', running on localhost
START Player-0 260729805
START Player-1 Human
BoardInit:Tile:8,Tile:15,Tile:6,Tile:5,Tile:7,Map,Tile:5,Tile:8,Map,Map,Tile:9,Tile:7,Tile:9,Tile:8,Tile:13,Tile:9,Destroy,Tile:6,Tile:2,Tile:6,Tile:5,Bonus,Tile:12,Tile:7,Tile:5,Tile:7,Malus,Tile:1,Tile:8,Tile:6,Destroy,Map,Tile:0,Bonus,Tile:9,Bonus,Tile:10,Destroy,Tile:10,Tile:11,Malus-Tile:14,Tile:10,Tile:0,Bonus,Map,Tile:0,Tile:0-Map,Tile:8,Tile:3,Tile:4,Tile:7,Tile:6,Tile:9-Tile:hidden2,Tile:hidden1,Tile:nugget
Tile:0 6 5 1
Map 12 3 0
Tile:0 7 5 1
Tile:7 8 5 0
Tile:8 8 6 1
Tile:4_flip 8 7 0
Tile:0 9 6 1
Map 12 5 0
Tile:6 10 6 1
Tile:6_flip 7 6 0
Tile:7 11 6 1
Tile:8 11 7 0
GAMEOVER WINNER 0
# Game ended: Sun Apr 05 14:41:06 EDT 2020
