# Server version 0.08 running on localhost:8123
# Game ID: 928
# Board class: Saboteur.SaboteurBoard
# Timeout: 2000000000
# First Move Timeout: 30000
# Date: Sat Apr 11 02:03:49 EDT 2020
# Player 1: Player-0, '260729805', running on localhost
# Player 2: Player-1, 'RandomPlayer', running on localhost
START Player-0 260729805
START Player-1 RandomPlayer
BoardInit:Tile:0,Tile:8,Tile:6,Tile:10,Tile:2,Tile:8,Tile:0,Tile:11,Bonus,Tile:5,Tile:8,Map,Tile:8,Bonus,Tile:6,Tile:1,Tile:9,Tile:5,Tile:4,Bonus,Tile:0,Map,Tile:9,Map,Tile:6,Tile:6,Tile:14,Tile:6,Destroy,Map,Tile:15,Tile:3,Tile:7,Tile:12,Tile:10,Tile:7,Tile:7,Tile:5,Bonus,Tile:8,Tile:13-Map,Destroy,Tile:9,Destroy,Malus,Map,Tile:9-Tile:0,Malus,Tile:10,Tile:7,Tile:9,Tile:7,Tile:5-Tile:nugget,Tile:hidden2,Tile:hidden1
Map 12 7 1
Malus 0 0 0
Drop 5 0 1
Tile:0 6 5 0
Drop 1 0 1
Tile:7 7 5 0
Destroy 7 5 1
Tile:7 7 5 0
Drop 1 0 1
Tile:5_flip 7 6 0
Map 12 5 1
Tile:5 6 6 0
Drop 0 0 1
Tile:10 6 7 0
Drop 5 0 1
Tile:9 6 8 0
Drop 1 0 1
Tile:8 7 8 0
Drop 3 0 1
Tile:5_flip 8 8 0
Drop 2 0 1
Tile:10 8 7 0
Drop 0 0 1
Tile:8 7 9 0
Drop 2 0 1
Tile:11 8 6 0
Drop 0 0 1
Tile:6_flip 8 9 0
Drop 5 0 1
Tile:6 9 9 0
Destroy 6 5 1
Tile:1 9 6 0
Drop 6 0 1
Tile:3 10 6 0
Drop 3 0 1
Tile:12_flip 4 5 0
Drop 3 0 1
Tile:7 5 4 0
Drop 6 0 1
Tile:5_flip 5 6 0
Drop 4 0 1
Tile:8 10 7 0
Drop 5 0 1
Drop 5 0 0
Drop 4 0 1
Drop 4 0 0
Drop 2 0 1
Drop 3 0 0
Drop 0 0 1
Drop 2 0 0
Drop 0 0 1
Drop 1 0 0
Drop 1 0 1
Drop 0 0 0
Drop 0 0 1
GAMEOVER DRAW
# Game ended: Sat Apr 11 02:03:50 EDT 2020
