# Server version 0.08 running on localhost:8123
# Game ID: 811
# Board class: Saboteur.SaboteurBoard
# Timeout: 2000000000
# First Move Timeout: 30000
# Date: Thu Apr 09 02:26:05 EDT 2020
# Player 1: Player-0, '260729805', running on localhost
# Player 2: Player-1, 'RandomPlayer', running on localhost
START Player-0 260729805
START Player-1 RandomPlayer
BoardInit:Tile:7,Tile:8,Bonus,Tile:13,Tile:5,Tile:3,Tile:11,Tile:9,Tile:6,Bonus,Tile:14,Tile:7,Tile:8,Tile:10,Tile:10,Tile:5,Tile:4,Tile:7,Tile:6,Tile:7,Tile:0,Tile:10,Tile:5,Tile:9,Map,Tile:6,Map,Tile:12,Tile:15,Tile:6,Tile:0,Bonus,Tile:1,Tile:8,Map,Tile:0,Malus,Tile:5,Bonus,Tile:9,Destroy-Map,Map,Destroy,Tile:0,Tile:9,Tile:7,Tile:9-Tile:2,Destroy,Tile:6,Malus,Tile:8,Map,Tile:8-Tile:hidden2,Tile:hidden1,Tile:nugget
Tile:9 4 5 1
Map 12 3 0
Tile:9_flip 4 6 1
Tile:6 6 5 0
Tile:7 4 4 1
Tile:8 7 5 0
Destroy 4 5 1
Tile:8 8 5 0
Tile:7 8 4 1
Tile:8 9 5 0
Tile:5 5 4 1
Tile:9_flip 10 5 0
Drop 6 0 1
Tile:7 10 4 0
Tile:8 3 4 1
Tile:10 10 6 0
Tile:10 8 6 1
Tile:5_flip 10 7 0
Tile:4_flip 9 6 1
Tile:7_flip 8 7 0
Tile:11 3 6 1
Tile:7 6 4 0
Tile:6 2 4 1
Tile:10 7 6 0
Tile:0 9 7 1
Tile:9 9 4 0
Tile:5_flip 3 7 1
Tile:6_flip 9 3 0
Tile:6_flip 2 3 1
Destroy 9 6 0
Tile:15 5 6 1
Tile:6 10 3 0
Map 12 5 1
Tile:12 11 3 0
Drop 2 0 1
Tile:8 10 2 0
Tile:0 9 2 1
Tile:0 11 2 0
Drop 6 0 1
Tile:5_flip 12 2 0
Drop 1 0 1
Tile:9 12 1 0
Map 12 3 1
Tile:2 13 1 0
Map 12 5 1
Tile:3_flip 13 2 0
Destroy 5 4 1
Tile:13 10 1 0
Tile:1 8 2 1
Drop 2 0 0
Map 12 3 1
Drop 1 0 0
Map 12 3 1
Malus 0 0 0
Bonus 0 0 1
GAMEOVER DRAW
# Game ended: Thu Apr 09 02:26:07 EDT 2020
