# Server version 0.08 running on macbook-pro-5.local:8123
# Game ID: 672
# Board class: Saboteur.SaboteurBoard
# Timeout: 2000000000
# First Move Timeout: 30000
# Date: Thu Apr 09 01:04:21 EDT 2020
# Player 1: Player-0, '260729805', running on macbook-pro-5.local
# Player 2: Player-1, 'RandomPlayer', running on macbook-pro-5.local
START Player-0 260729805
START Player-1 RandomPlayer
BoardInit:Tile:0,Tile:5,Tile:6,Tile:0,Tile:10,Tile:10,Tile:5,Malus,Tile:9,Tile:15,Bonus,Tile:0,Tile:8,Tile:6,Tile:2,Tile:8,Tile:10,Bonus,Map,Tile:7,Tile:5,Tile:8,Destroy,Destroy,Bonus,Tile:5,Tile:9,Tile:7,Tile:8,Tile:9,Tile:6,Tile:9,Map,Tile:6,Tile:11,Tile:7,Tile:1,Map,Tile:7,Map,Tile:8-Tile:3,Tile:14,Destroy,Tile:13,Tile:9,Tile:6,Map-Tile:7,Tile:12,Tile:4,Tile:0,Map,Bonus,Malus-Tile:hidden2,Tile:nugget,Tile:hidden1
Tile:6_flip 6 5 1
Map 12 3 0
Tile:9 4 5 1
Tile:7 7 5 0
Tile:6_flip 5 4 1
Tile:0 6 4 0
Tile:14 6 6 1
Tile:5_flip 7 4 0
Drop 2 0 1
Tile:10 7 6 0
Drop 0 0 1
Tile:4 7 3 0
Drop 6 0 1
Tile:15 7 7 0
Tile:8 7 8 1
Tile:6 5 6 0
Destroy 6 6 1
Tile:8 4 4 0
Tile:2_flip 8 8 1
Tile:0 3 4 0
Tile:9_flip 6 6 1
Tile:7_flip 4 6 0
Tile:5 8 7 1
Tile:8 4 3 0
Tile:5_flip 7 9 1
Tile:0 5 3 0
Map 12 3 1
Tile:5_flip 6 3 0
Tile:0 2 4 1
Tile:7_flip 3 3 0
Destroy 5 4 1
Tile:9_flip 6 7 0
Tile:6_flip 9 8 1
Tile:9 6 8 0
Drop 0 0 1
Tile:6_flip 5 4 0
Drop 3 0 1
Tile:7_flip 6 9 0
Tile:11 4 2 1
Map 12 5 0
Drop 2 0 1
Destroy 7 7 0
Map 12 5 1
Tile:12 9 7 0
Tile:1 1 4 1
Drop 4 0 0
Tile:10 3 2 1
Drop 3 0 0
Tile:7_flip 0 4 1
Drop 2 0 0
Tile:8 0 3 1
Drop 1 0 0
Map 12 7 1
Drop 0 0 0
Drop 0 0 1
GAMEOVER DRAW
# Game ended: Thu Apr 09 01:04:21 EDT 2020
