# Server version 0.08 running on localhost:8123
# Game ID: 406
# Board class: Saboteur.SaboteurBoard
# Timeout: 2000000000
# First Move Timeout: 30000
# Date: Sat Apr 04 20:43:16 EDT 2020
# Player 1: Player-0, '260729805', running on localhost
# Player 2: Player-1, 'RandomPlayer', running on localhost
START Player-0 260729805
START Player-1 RandomPlayer
BoardInit:Bonus,Malus,Bonus,Bonus,Tile:10,Tile:7,Tile:3,Tile:14,Tile:8,Map,Tile:6,Tile:2,Tile:7,Tile:7,Tile:0,Bonus,Tile:13,Tile:11,Tile:7,Tile:9,Tile:5,Map,Map,Tile:12,Malus,Tile:0,Tile:6,Tile:15,Tile:5,Map,Tile:6,Tile:8,Tile:7,Tile:9,Tile:8,Tile:8,Tile:1,Map,Tile:10,Tile:6,Destroy-Tile:9,Destroy,Tile:10,Tile:6,Tile:4,Tile:9,Destroy-Tile:5,Tile:8,Map,Tile:0,Tile:9,Tile:5,Tile:0-Tile:nugget,Tile:hidden2,Tile:hidden1
Tile:9 5 6 1
Map 12 3 0
Drop 1 0 1
Tile:5_flip 6 6 0
Tile:6_flip 6 5 1
Tile:0 7 5 0
Drop 3 0 1
Tile:5_flip 8 5 0
Tile:3_flip 5 7 1
Tile:7 8 4 0
Drop 4 0 1
Map 12 7 0
Drop 0 0 1
Tile:0 7 4 0
Drop 2 0 1
Tile:7_flip 6 4 0
Tile:0 6 7 1
Tile:14 7 7 0
Tile:6 4 5 1
Tile:2 6 3 0
Tile:4 4 4 1
Tile:8 3 5 0
Tile:10 3 4 1
Map 12 7 0
Tile:8 3 6 1
Tile:9 3 7 0
Tile:7 4 6 1
Tile:9_flip 4 7 0
Drop 2 0 1
Tile:12_flip 2 6 0
Tile:6 7 3 1
Map 12 7 0
Map 12 5 1
Tile:8 4 8 0
Tile:13 3 8 1
Tile:9 4 9 0
Tile:5_flip 8 3 1
Tile:8 5 9 0
Tile:7_flip 5 3 1
Map 12 7 0
Tile:8 7 2 1
Tile:0 6 9 0
Tile:5 7 6 1
Tile:6 7 9 0
Tile:6 2 5 1
Tile:11_flip 8 9 0
Tile:9_flip 3 9 1
Tile:15 8 8 0
Destroy 6 5 1
Drop 2 0 0
Tile:10 4 10 1
Drop 1 0 0
Tile:1 6 2 1
Malus 0 0 0
Malus 0 0 1
GAMEOVER DRAW
# Game ended: Sat Apr 04 20:43:16 EDT 2020
