# Server version 0.08 running on localhost:8123
# Game ID: 458
# Board class: Saboteur.SaboteurBoard
# Timeout: 2000000000
# First Move Timeout: 30000
# Date: Sun Apr 05 15:13:10 EDT 2020
# Player 1: Player-0, '260729805', running on localhost
# Player 2: Player-1, 'RandomPlayer', running on localhost
START Player-0 260729805
START Player-1 RandomPlayer
BoardInit:Bonus,Tile:5,Bonus,Tile:0,Tile:7,Tile:6,Map,Tile:6,Tile:7,Tile:12,Tile:0,Tile:1,Tile:6,Tile:0,Map,Map,Tile:4,Tile:10,Tile:5,Tile:8,Tile:13,Tile:5,Tile:9,Destroy,Map,Map,Tile:8,Tile:6,Tile:15,Tile:9,Tile:5,Tile:6,Malus,Tile:7,Tile:10,Tile:8,Tile:8,Tile:0,Malus,Destroy,Tile:3-Tile:7,Tile:9,Bonus,Tile:14,Tile:11,Tile:9,Tile:8-Tile:7,Destroy,Bonus,Tile:2,Tile:10,Map,Tile:9-Tile:hidden1,Tile:hidden2,Tile:nugget
Tile:9_flip 6 5 1
Map 12 3 0
Tile:11 5 4 1
Tile:7_flip 6 6 0
Tile:14 5 6 1
Tile:5_flip 7 6 0
Tile:7 6 4 1
Tile:0 4 6 0
Tile:7_flip 4 5 1
Tile:6 3 6 0
Drop 4 0 1
Tile:6 2 6 0
Tile:9 1 6 1
Destroy 5 6 0
Tile:7 2 5 1
Tile:2 5 3 0
Drop 6 0 1
Map 12 5 0
Tile:6_flip 4 3 1
Tile:0 6 3 0
Tile:5_flip 1 7 1
Tile:9_flip 5 6 0
Drop 5 0 1
Tile:10 4 4 0
Drop 4 0 1
Tile:8 3 3 0
Tile:13 7 3 1
Tile:10 7 4 0
Tile:9_flip 3 4 1
Tile:5_flip 8 3 0
Tile:8 1 5 1
Tile:9 2 3 0
Tile:15 3 5 1
Tile:6 2 4 0
Tile:8 1 4 1
Tile:6_flip 2 2 0
Tile:10 7 5 1
Tile:8 8 2 0
Tile:5 1 2 1
Tile:0 9 2 0
Drop 1 0 1
Tile:7_flip 0 4 0
Tile:8 5 7 1
Destroy 7 3 0
Tile:3 3 2 1
Destroy 6 4 0
Map 12 5 1
Tile:12 10 2 0
Drop 3 0 1
Tile:1 7 2 0
Drop 1 0 1
Drop 1 0 0
Malus 0 0 1
Bonus 0 0 0
Drop 0 0 1
GAMEOVER DRAW
# Game ended: Sun Apr 05 15:13:18 EDT 2020
