# Server version 0.08 running on localhost:8123
# Game ID: 246
# Board class: Saboteur.SaboteurBoard
# Timeout: 2000000000
# First Move Timeout: 30000
# Date: Wed Apr 01 23:14:45 EDT 2020
# Player 1: Player-0, '260729805', running on localhost
# Player 2: Player-1, 'Human', running on localhost
START Player-0 260729805
START Player-1 Human
BoardInit:Map,Map,Map,Tile:0,Tile:6,Tile:5,Tile:10,Bonus,Tile:7,Bonus,Tile:3,Tile:9,Tile:1,Tile:5,Tile:4,Malus,Tile:13,Tile:10,Tile:8,Tile:7,Tile:10,Tile:14,Tile:8,Tile:8,Tile:6,Tile:2,Map,Tile:6,Destroy,Destroy,Tile:8,Tile:5,Tile:0,Bonus,Tile:9,Tile:7,Map,Tile:9,Malus,Tile:7,Bonus-Tile:12,Tile:0,Tile:15,Tile:9,Tile:8,Tile:6,Tile:9-Tile:0,Map,Tile:6,Tile:7,Destroy,Tile:11,Tile:5-Tile:hidden2,Tile:hidden1,Tile:nugget
Tile:8 6 5 1
Tile:11_flip 7 5 0
Tile:9 6 4 1
Tile:6 7 6 0
Map 12 5 1
Tile:0 8 6 0
Map 12 7 1
Tile:7 9 6 0
Tile:15 6 3 1
Tile:5_flip 9 7 0
Tile:6_flip 7 4 1
Tile:0 8 7 0
Tile:0 8 4 1
Destroy 6 3 0
Tile:6 9 4 1
Tile:5 7 7 0
Tile:7 10 4 1
Tile:9 7 8 0
Tile:1 4 5 1
Map 12 3 0
Tile:13 6 6 1
Map 12 3 0
