# Server version 0.08 running on localhost:8123
# Game ID: 732
# Board class: Saboteur.SaboteurBoard
# Timeout: 2000000000
# First Move Timeout: 30000
# Date: Thu Apr 09 01:34:46 EDT 2020
# Player 1: Player-0, '260729805', running on localhost
# Player 2: Player-1, 'RandomPlayer', running on localhost
START Player-0 260729805
START Player-1 RandomPlayer
BoardInit:Map,Destroy,Tile:6,Tile:11,Tile:12,Tile:6,Map,Tile:0,Tile:13,Tile:5,Tile:14,Tile:7,Destroy,Tile:5,Tile:9,Tile:8,Tile:8,Destroy,Tile:6,Tile:1,Tile:6,Tile:10,Tile:7,Map,Tile:3,Tile:7,Tile:8,Malus,Malus,Tile:0,Bonus,Tile:8,Tile:10,Bonus,Tile:9,Tile:7,Tile:0,Tile:9,Tile:4,Map,Tile:5-Tile:9,Tile:8,Tile:5,Tile:9,Map,Map,Tile:0-Bonus,Bonus,Tile:2,Tile:6,Tile:7,Tile:15,Tile:10-Tile:hidden1,Tile:nugget,Tile:hidden2
Tile:5 5 4 1
Tile:6 6 5 0
Tile:9_flip 6 4 1
Tile:7 7 5 0
Tile:8 6 3 1
Tile:10 7 6 0
Tile:0 5 3 1
Tile:6 7 3 0
Map 12 7 1
Tile:0 8 3 0
Tile:12_flip 4 5 1
Tile:5_flip 9 3 0
Tile:13 6 2 1
Tile:7 9 2 0
Destroy 5 3 1
Tile:5_flip 7 7 0
Map 12 3 1
Tile:8 7 2 0
Tile:6_flip 6 1 1
Destroy 6 2 0
Tile:9_flip 5 6 1
Destroy 4 5 0
Tile:6 8 2 1
Tile:10 8 1 0
Map 12 7 1
Drop 5 0 0
Drop 3 0 1
Tile:7 8 0 0
Tile:14_flip 4 5 1
Drop 4 0 0
Tile:6 5 7 1
Tile:2 6 7 0
Tile:7_flip 6 8 1
Tile:0 7 8 0
Tile:9 4 7 1
Tile:8 8 8 0
Tile:8 9 8 1
Tile:15 9 7 0
Tile:0 7 0 1
Drop 6 0 0
Tile:9_flip 9 9 1
Drop 6 0 0
Tile:3_flip 5 3 1
Drop 5 0 0
Drop 4 0 1
Drop 4 0 0
Tile:5_flip 4 8 1
Drop 3 0 0
Map 12 7 1
Drop 2 0 0
Tile:10 8 7 1
Drop 1 0 0
Malus 0 0 1
Bonus 0 0 0
Drop 0 0 1
GAMEOVER DRAW
# Game ended: Thu Apr 09 01:34:47 EDT 2020
