# Server version 0.08 running on localhost:8123
# Game ID: 721
# Board class: Saboteur.SaboteurBoard
# Timeout: 2000000000
# First Move Timeout: 30000
# Date: Thu Apr 09 01:30:47 EDT 2020
# Player 1: Player-0, '260729805', running on localhost
# Player 2: Player-1, 'RandomPlayer', running on localhost
START Player-0 260729805
START Player-1 RandomPlayer
BoardInit:Map,Tile:9,Tile:1,Bonus,Tile:6,Tile:7,Tile:15,Destroy,Tile:10,Tile:6,Destroy,Map,Tile:5,Tile:0,Tile:6,Bonus,Tile:2,Tile:10,Tile:7,Tile:9,Tile:8,Tile:0,Tile:5,Map,Tile:8,Tile:7,Malus,Tile:7,Tile:12,Destroy,Tile:9,Tile:4,Malus,Tile:8,Tile:8,Tile:6,Map,Bonus,Tile:9,Map,Map-Tile:10,Bonus,Tile:7,Tile:0,Tile:6,Tile:3,Tile:5-Tile:9,Tile:8,Tile:13,Tile:5,Tile:11,Tile:14,Tile:0-Tile:hidden1,Tile:nugget,Tile:hidden2
Tile:10 5 6 1
Tile:5_flip 6 5 0
Drop 1 0 1
Tile:0 4 5 0
Map 12 5 1
Tile:9 6 4 0
Drop 2 0 1
Tile:7 7 4 0
Tile:15 7 5 1
Tile:8 5 7 0
Drop 0 0 1
Tile:6 6 7 0
Destroy 4 5 1
Tile:9_flip 7 7 0
Tile:5_flip 7 8 1
Tile:0 6 8 0
Tile:0 4 5 1
Destroy 7 5 0
Tile:6_flip 4 7 1
Tile:10 7 6 0
Tile:7_flip 3 7 1
Tile:9 7 5 0
Tile:2 8 5 1
Tile:0 3 5 0
Tile:5 3 6 1
Tile:13 9 5 0
Tile:5 2 5 1
Tile:7_flip 5 8 0
Tile:8 9 4 1
Tile:11_flip 5 4 0
Tile:10 9 6 1
Destroy 6 5 0
Tile:1 10 4 1
Tile:14 6 5 0
Tile:12 4 6 1
Tile:4 6 6 0
Tile:8 6 3 1
Drop 6 0 0
Map 12 5 1
Drop 6 0 0
Tile:6_flip 5 3 1
Drop 6 0 0
Tile:3_flip 9 7 1
Drop 5 0 0
Tile:9_flip 2 6 1
Drop 4 0 0
Tile:8 10 7 1
Drop 3 0 0
Tile:9_flip 9 3 1
Drop 2 0 0
Map 12 5 1
Drop 1 0 0
Drop 0 0 1
Drop 0 0 0
Malus 0 0 1
GAMEOVER DRAW
# Game ended: Thu Apr 09 01:30:49 EDT 2020
