# Server version 0.08 running on localhost:8123
# Game ID: 183
# Board class: Saboteur.SaboteurBoard
# Timeout: 2000000000
# First Move Timeout: 30000
# Date: Tue Mar 31 22:09:39 EDT 2020
# Player 1: Player-0, '260729805', running on localhost
# Player 2: Player-1, 'RandomPlayer', running on localhost
START Player-0 260729805
START Player-1 RandomPlayer
BoardInit:Map,Bonus,Destroy,Tile:5,Map,Bonus,Tile:0,Bonus,Tile:8,Tile:12,Destroy,Tile:9,Tile:0,Tile:7,Map,Tile:8,Tile:6,Tile:1,Tile:8,Tile:6,Tile:15,Tile:7,Tile:13,Map,Tile:8,Tile:10,Malus,Bonus,Destroy,Tile:5,Tile:3,Tile:9,Tile:6,Tile:10,Tile:5,Tile:0,Tile:6,Tile:9,Tile:7,Tile:7,Tile:14-Tile:4,Tile:11,Tile:0,Tile:5,Tile:10,Map,Tile:9-Tile:7,Tile:6,Map,Malus,Tile:8,Tile:9,Tile:2-Tile:hidden1,Tile:hidden2,Tile:nugget
Tile:9 5 4 1
Map 12 5 0
Tile:0 6 5 1
Tile:7 7 5 0
Destroy 5 4 1
Tile:6 7 6 0
Map 12 7 1
Tile:8 8 6 0
Tile:5 6 6 1
Tile:9_flip 9 6 0
Tile:8 9 7 1
Tile:5_flip 10 7 0
Tile:11 4 5 1
Tile:9 10 6 0
Tile:4_flip 6 7 1
Tile:12 11 6 0
Drop 1 0 1
Tile:8 10 5 0
Tile:10 5 4 1
Tile:7 10 4 0
Tile:6 8 7 1
Tile:6 11 5 0
Destroy 7 6 1
Tile:7 5 3 0
Tile:13 4 6 1
GAMEOVER ILLEGAL MOVE: Player 0, CardUsed: (Map), PosOfUse: (12, 5) WINNER 1
# Game ended: Tue Mar 31 22:09:55 EDT 2020
