# Server version 0.08 running on localhost:8123
# Game ID: 921
# Board class: Saboteur.SaboteurBoard
# Timeout: 2000000000
# First Move Timeout: 30000
# Date: Sat Apr 11 02:00:46 EDT 2020
# Player 1: Player-0, '260729805', running on localhost
# Player 2: Player-1, 'RandomPlayer', running on localhost
START Player-0 260729805
START Player-1 RandomPlayer
BoardInit:Tile:9,Tile:10,Destroy,Tile:8,Bonus,Tile:12,Tile:7,Tile:6,Bonus,Tile:8,Map,Tile:5,Tile:0,Tile:2,Bonus,Map,Tile:8,Tile:11,Tile:5,Tile:15,Tile:10,Tile:7,Tile:9,Tile:0,Tile:9,Map,Tile:6,Map,Tile:5,Tile:7,Tile:7,Tile:8,Malus,Map,Tile:6,Tile:4,Tile:5,Malus,Tile:13,Tile:3,Bonus-Tile:9,Tile:6,Tile:6,Tile:14,Destroy,Tile:8,Tile:0-Tile:10,Tile:7,Tile:0,Map,Destroy,Tile:1,Tile:9-Tile:hidden1,Tile:hidden2,Tile:nugget
Tile:6_flip 6 5 1
Map 12 3 0
Tile:9 5 6 1
Destroy 5 6 0
Tile:14_flip 4 5 1
Tile:7 7 5 0
Drop 2 0 1
Tile:10 7 6 0
Tile:6 7 7 1
Tile:0 8 7 0
Tile:7 5 4 1
Tile:6 9 7 0
Drop 4 0 1
Tile:5 9 6 0
Destroy 9 7 1
Tile:9_flip 9 7 0
Map 12 3 1
Map 12 5 0
Tile:9 9 8 1
Tile:12 10 6 0
Tile:0 4 4 1
Tile:1 10 8 0
Tile:5_flip 9 9 1
Tile:8 8 9 0
Tile:0 7 9 1
Tile:7 8 8 0
Destroy 10 8 1
Tile:2 10 8 0
Tile:10 4 6 1
Tile:11_flip 11 8 0
Tile:9_flip 6 6 1
Tile:10 11 7 0
Tile:9 3 4 1
Tile:8 8 10 0
Tile:7_flip 6 7 1
Tile:15 11 6 0
Tile:6_flip 7 10 1
Tile:4_flip 8 11 0
Tile:6_flip 9 10 1
Malus 0 0 0
Drop 6 0 1
Tile:3 11 5 0
Bonus 0 0 1
Tile:8 10 10 0
Tile:5_flip 3 5 1
Drop 4 0 0
Drop 3 0 1
Tile:0 11 10 0
Drop 0 0 1
Drop 2 0 0
Tile:8 2 5 1
Drop 1 0 0
Malus 0 0 1
Drop 0 0 0
Drop 0 0 1
GAMEOVER DRAW
# Game ended: Sat Apr 11 02:00:47 EDT 2020
