# Server version 0.08 running on localhost:8123
# Game ID: 107
# Board class: Saboteur.SaboteurBoard
# Timeout: 20000
# First Move Timeout: 30000
# Date: Tue Mar 31 00:01:11 EDT 2020
# Player 1: Player-0, '260729805', running on localhost
# Player 2: Player-1, 'RandomPlayer', running on localhost
START Player-0 260729805
START Player-1 RandomPlayer
BoardInit:Tile:0,Tile:7,Tile:6,Tile:8,Tile:8,Tile:7,Tile:5,Tile:4,Map,Malus,Map,Tile:8,Tile:8,Tile:10,Tile:9,Tile:7,Tile:9,Map,Tile:0,Tile:0,Map,Bonus,Tile:10,Tile:0,Malus,Tile:2,Tile:12,Tile:6,Destroy,Destroy,Tile:13,Tile:5,Bonus,Tile:1,Tile:5,Tile:10,Bonus,Map,Tile:3,Destroy,Tile:8-Bonus,Tile:6,Tile:6,Tile:6,Tile:5,Tile:14,Tile:11-Map,Tile:7,Tile:9,Tile:9,Tile:7,Tile:15,Tile:9-Tile:hidden2,Tile:nugget,Tile:hidden1
Tile:11 4 5 1
Tile:9_flip 4 6 0
Tile:6_flip 4 4 1
Tile:7 5 4 0
Tile:14_flip 3 4 1
Tile:8 3 6 0
Tile:8 4 7 1
Tile:9_flip 3 5 0
Drop 0 0 1
Tile:7_flip 4 8 0
Drop 5 0 1
Tile:7_flip 3 7 0
Tile:6_flip 5 7 1
Drop 6 0 0
Map 12 7 1
Drop 2 0 0
Map 12 7 1
Tile:4_flip 5 6 0
Tile:9 2 5 1
Tile:7 6 5 0
Tile:6 2 6 1
Tile:7 2 4 0
Tile:0 1 6 1
Tile:10 6 6 0
Map 12 5 1
Drop 0 0 0
Tile:8 5 8 1
Tile:2_flip 6 7 0
Tile:5_flip 5 9 1
Tile:0 1 4 0
Tile:9_flip 7 7 1
Destroy 3 5 0
Tile:12 6 8 1
Tile:5 4 9 0
Destroy 5 4 1
Tile:6_flip 0 6 0
Tile:10 7 8 1
Map 12 7 0
Drop 6 0 1
Tile:10 7 6 0
Drop 4 0 1
Drop 2 0 0
Tile:5 7 5 1
Destroy 4 9 0
Tile:0 8 5 1
Tile:0 0 4 0
Tile:8 0 7 1
Tile:1 9 5 0
Tile:3 1 7 1
Drop 1 0 0
Tile:6_flip 4 9 1
Tile:15 0 8 0
Tile:13 5 4 1
Map 12 7 0
Malus 0 0 1
GAMEOVER DRAW
# Game ended: Tue Mar 31 00:01:11 EDT 2020
