# Server version 0.08 running on localhost:8123
# Game ID: 1026
# Board class: Saboteur.SaboteurBoard
# Timeout: 2000000000
# First Move Timeout: 30000
# Date: Sat Apr 11 13:52:11 EDT 2020
# Player 1: Player-0, '260729805', running on localhost
# Player 2: Player-1, 'RandomPlayer', running on localhost
START Player-0 260729805
START Player-1 RandomPlayer
BoardInit:Tile:10,Tile:9,Tile:5,Tile:9,Tile:4,Tile:0,Tile:11,Tile:1,Tile:13,Tile:7,Tile:10,Bonus,Tile:8,Tile:8,Tile:5,Map,Tile:10,Tile:9,Tile:9,Malus,Tile:6,Bonus,Tile:7,Tile:9,Tile:7,Map,Destroy,Tile:2,Map,Map,Tile:12,Tile:3,Tile:5,Tile:6,Tile:0,Tile:6,Map,Tile:7,Malus,Tile:7,Tile:8-Tile:0,Map,Destroy,Bonus,Tile:6,Tile:14,Bonus-Tile:5,Tile:8,Tile:15,Destroy,Tile:8,Tile:6,Tile:0-Tile:hidden2,Tile:nugget,Tile:hidden1
Tile:6_flip 5 4 1
Tile:6 6 5 0
Tile:14_flip 4 4 1
Destroy 4 4 0
Drop 2 0 1
Tile:0 7 5 0
Drop 4 0 1
Tile:0 8 5 0
Tile:5 4 4 1
Tile:8 9 5 0
Drop 1 0 1
Tile:8 9 4 0
Tile:11_flip 5 6 1
Tile:9_flip 10 4 0
Tile:8 10 5 1
Tile:8 11 5 0
GAMEOVER WINNER 0
# Game ended: Sat Apr 11 13:52:12 EDT 2020
