# Server version 0.08 running on localhost:8123
# Game ID: 629
# Board class: Saboteur.SaboteurBoard
# Timeout: 2000000000
# First Move Timeout: 30000
# Date: Thu Apr 09 00:06:34 EDT 2020
# Player 1: Player-0, '260729805', running on localhost
# Player 2: Player-1, 'Human', running on localhost
START Player-0 260729805
START Player-1 Human
BoardInit:Tile:7,Tile:3,Tile:7,Map,Tile:8,Tile:6,Tile:6,Map,Tile:10,Tile:8,Map,Destroy,Tile:11,Tile:9,Tile:4,Tile:2,Tile:0,Map,Tile:0,Malus,Bonus,Tile:1,Tile:6,Tile:9,Tile:6,Tile:6,Tile:7,Tile:5,Tile:7,Tile:5,Malus,Tile:10,Bonus,Tile:10,Map,Tile:13,Tile:12,Tile:14,Tile:8,Tile:0,Tile:9-Tile:8,Tile:7,Tile:15,Tile:5,Tile:9,Tile:9,Destroy-Destroy,Map,Bonus,Tile:0,Bonus,Tile:5,Tile:8-Tile:nugget,Tile:hidden1,Tile:hidden2
Tile:7 6 5 1
Map 12 3 0
Tile:9 6 6 1
Tile:0 7 6 0
Tile:7 8 6 1
Tile:5_flip 8 7 0
Destroy 8 7 1
Tile:6 8 7 0
Tile:6 9 7 1
Tile:8 5 4 0
