# Server version 0.08 running on localhost:8123
# Game ID: 801
# Board class: Saboteur.SaboteurBoard
# Timeout: 2000000000
# First Move Timeout: 30000
# Date: Thu Apr 09 02:13:51 EDT 2020
# Player 1: Player-0, '260729805', running on localhost
# Player 2: Player-1, 'RandomPlayer', running on localhost
START Player-0 260729805
START Player-1 RandomPlayer
BoardInit:Map,Tile:12,Tile:0,Tile:6,Tile:8,Tile:6,Tile:7,Map,Tile:10,Tile:8,Tile:9,Bonus,Tile:6,Bonus,Tile:3,Tile:1,Malus,Tile:0,Bonus,Tile:5,Tile:5,Tile:8,Tile:11,Map,Bonus,Tile:9,Tile:5,Tile:6,Map,Map,Destroy,Tile:7,Tile:7,Tile:5,Tile:2,Tile:9,Tile:6,Destroy,Destroy,Tile:8,Tile:7-Tile:15,Tile:10,Tile:7,Map,Tile:13,Tile:9,Tile:4-Tile:0,Malus,Tile:9,Tile:10,Tile:8,Tile:0,Tile:14-Tile:nugget,Tile:hidden2,Tile:hidden1
Map 12 7 1
Tile:0 6 5 0
Tile:15 5 4 1
Tile:0 7 5 0
Tile:7_flip 4 5 1
Tile:6 8 5 0
Drop 4 0 1
Tile:6 9 5 0
Tile:7 5 3 1
Tile:9_flip 10 5 0
Tile:9_flip 10 4 1
Tile:10 10 6 0
Tile:4_flip 5 6 1
Tile:8 10 7 0
Tile:6 4 3 1
Tile:8 11 7 0
Tile:9 12 8 1
Tile:12 13 7 0
Drop 3 0 1
Tile:0 13 8 0
Tile:10 12 6 1
Tile:5 12 4 0
Drop 5 0 1
Tile:8 13 5 0
Tile:0 3 3 1
Tile:14_flip 10 3 0
Tile:10 11 6 1
Tile:9_flip 11 3 0
Tile:5_flip 11 8 1
Tile:6_flip 13 4 0
Map 12 3 1
Tile:1 9 7 0
Tile:11 8 7 1
Tile:7 11 2 0
Tile:3_flip 13 6 1
Tile:5 11 5 0
Tile:13 2 3 1
Tile:9 9 4 0
Destroy 11 6 1
Destroy 12 6 0
Drop 6 0 1
Tile:8 10 8 0
Tile:6 8 8 1
Drop 5 0 0
Tile:7_flip 10 2 1
Drop 4 0 0
Drop 3 0 1
Drop 3 0 0
Malus 0 0 1
Bonus 0 0 0
Tile:7 4 4 1
Drop 1 0 0
Drop 1 0 1
Malus 0 0 0
Bonus 0 0 1
GAMEOVER DRAW
# Game ended: Thu Apr 09 02:13:53 EDT 2020
