# Server version 0.08 running on localhost:8123
# Game ID: 332
# Board class: Saboteur.SaboteurBoard
# Timeout: 2000000000
# First Move Timeout: 30000
# Date: Fri Apr 03 23:31:48 EDT 2020
# Player 1: Player-0, '260729805', running on localhost
# Player 2: Player-1, 'RandomPlayer', running on localhost
START Player-0 260729805
START Player-1 RandomPlayer
BoardInit:Tile:3,Tile:9,Tile:7,Tile:0,Destroy,Malus,Tile:0,Map,Tile:8,Tile:14,Tile:9,Bonus,Map,Tile:9,Tile:7,Bonus,Destroy,Tile:12,Tile:0,Tile:6,Tile:10,Tile:5,Tile:10,Tile:7,Tile:4,Tile:5,Bonus,Map,Tile:15,Tile:2,Tile:6,Tile:8,Tile:10,Tile:0,Map,Tile:9,Tile:6,Map,Tile:6,Bonus,Tile:1-Tile:7,Destroy,Tile:8,Tile:5,Tile:6,Tile:13,Tile:8-Tile:8,Malus,Tile:7,Tile:5,Map,Tile:11,Tile:9-Tile:hidden2,Tile:hidden1,Tile:nugget
Tile:13 5 6 1
Map 12 3 0
Tile:5_flip 6 6 1
Tile:7 6 5 0
Tile:6 4 5 1
Tile:5 5 4 0
Drop 2 0 1
Tile:0 6 4 0
Destroy 6 5 1
Map 12 5 0
Tile:8 7 4 1
Tile:9_flip 5 7 0
Tile:7_flip 3 5 1
Tile:11 7 5 0
Tile:7 7 3 1
Tile:14 8 5 0
Tile:3 8 4 1
Drop 6 0 0
Tile:7 3 4 1
Tile:12_flip 6 3 0
Destroy 4 5 1
Tile:8 4 5 0
Tile:10 4 4 1
Tile:9 4 6 0
Drop 2 0 1
Tile:9 4 3 0
Tile:10 5 8 1
Tile:7 6 5 0
Map 12 5 1
Map 12 7 0
Drop 3 0 1
Tile:5_flip 5 3 0
Destroy 8 5 1
Tile:8 5 2 0
Tile:8 4 7 1
Tile:6 6 2 0
Tile:6_flip 4 2 1
Tile:9 6 1 0
Tile:10 5 1 1
Tile:5_flip 7 2 0
Tile:4 5 0 1
Drop 5 0 0
Tile:1 3 7 1
Drop 5 0 0
Tile:6 8 5 1
Tile:0 3 2 0
Tile:6_flip 7 1 1
Tile:2_flip 9 5 0
Tile:0 2 7 1
Drop 2 0 0
Drop 0 0 1
Drop 1 0 0
Drop 1 0 1
Malus 0 0 0
Drop 0 0 1
GAMEOVER DRAW
# Game ended: Fri Apr 03 23:31:50 EDT 2020
