# Server version 0.08 running on macbook-pro-5.local:8123
# Game ID: 750
# Board class: Saboteur.SaboteurBoard
# Timeout: 2000000000
# First Move Timeout: 30000
# Date: Thu Apr 09 01:39:58 EDT 2020
# Player 1: Player-0, '260729805', running on macbook-pro-5.local
# Player 2: Player-1, 'RandomPlayer', running on macbook-pro-5.local
START Player-0 260729805
START Player-1 RandomPlayer
BoardInit:Tile:13,Map,Tile:7,Destroy,Tile:9,Tile:3,Tile:6,Malus,Tile:1,Tile:4,Tile:10,Tile:10,Tile:7,Tile:6,Destroy,Tile:5,Tile:9,Tile:9,Tile:0,Tile:6,Tile:15,Bonus,Tile:8,Tile:7,Map,Malus,Tile:8,Map,Map,Tile:0,Tile:2,Tile:14,Tile:10,Destroy,Tile:7,Tile:8,Tile:0,Tile:6,Bonus,Tile:0,Tile:7-Tile:12,Tile:11,Bonus,Tile:6,Tile:5,Map,Tile:8-Tile:9,Tile:8,Tile:9,Tile:5,Map,Bonus,Tile:5-Tile:nugget,Tile:hidden1,Tile:hidden2
Map 12 5 1
Map 12 3 0
Tile:6 6 5 1
Tile:5_flip 7 5 0
Tile:7_flip 4 5 1
Tile:5 7 4 0
Drop 4 0 1
Tile:9_flip 8 4 0
Tile:13 8 3 1
Tile:9 8 5 0
Drop 5 0 1
Tile:8 9 5 0
Tile:9_flip 9 3 1
Tile:10 9 4 0
Tile:5 9 2 1
Tile:6 10 2 0
Tile:11_flip 5 4 1
Tile:5 10 1 0
Tile:9_flip 11 2 1
Tile:9 11 3 0
GAMEOVER WINNER 0
# Game ended: Thu Apr 09 01:39:58 EDT 2020
