# Server version 0.08 running on localhost:8123
# Game ID: 71
# Board class: Saboteur.SaboteurBoard
# Timeout: 20000
# First Move Timeout: 30000
# Date: Mon Mar 30 00:32:59 EDT 2020
# Player 1: Player-0, '260729805', running on localhost
# Player 2: Player-1, 'RandomPlayer', running on localhost
START Player-0 260729805
START Player-1 RandomPlayer
BoardInit:Tile:9,Bonus,Bonus,Tile:9,Tile:7,Tile:7,Tile:9,Tile:10,Tile:8,Tile:12,Malus,Map,Tile:3,Destroy,Tile:13,Tile:0,Map,Tile:4,Map,Tile:9,Tile:8,Tile:7,Tile:14,Tile:6,Bonus,Tile:5,Tile:6,Tile:7,Tile:8,Map,Tile:10,Tile:0,Tile:6,Tile:0,Tile:5,Tile:1,Tile:9,Destroy,Tile:11,Map,Tile:7-Malus,Tile:5,Tile:8,Tile:6,Tile:8,Destroy,Tile:2-Tile:6,Tile:10,Tile:15,Bonus,Map,Tile:0,Tile:5-Tile:hidden1,Tile:hidden2,Tile:nugget
Tile:2 5 4 1
Tile:15 5 6 0
Tile:8 5 7 1
Tile:6_flip 4 5 0
Tile:9_flip 4 6 1
Map 12 5 0
Destroy 5 6 1
Drop 6 0 0
Tile:6 3 6 1
