# Server version 0.08 running on 192.168.1.5:8123
# Game ID: 258
# Board class: Saboteur.SaboteurBoard
# Timeout: 2000000000
# First Move Timeout: 30000
# Date: Fri Apr 03 01:22:13 EDT 2020
# Player 1: Player-0, '260729805', running on 192.168.1.5
# Player 2: Player-1, 'Human', running on 192.168.1.5
START Player-0 260729805
START Player-1 Human
BoardInit:Map,Tile:11,Tile:10,Bonus,Destroy,Tile:10,Tile:2,Tile:3,Tile:0,Tile:6,Tile:9,Map,Bonus,Tile:7,Tile:12,Tile:7,Malus,Tile:9,Tile:5,Tile:9,Tile:7,Tile:0,Tile:4,Tile:5,Tile:14,Tile:1,Tile:6,Bonus,Destroy,Destroy,Tile:5,Tile:13,Tile:8,Tile:6,Tile:9,Tile:9,Tile:8,Map,Map,Tile:7,Tile:6-Map,Map,Malus,Tile:7,Tile:8,Tile:8,Bonus-Tile:0,Tile:5,Tile:0,Tile:6,Tile:10,Tile:15,Tile:8-Tile:nugget,Tile:hidden1,Tile:hidden2
Tile:8 6 5 1
Tile:6_flip 7 5 0
Tile:8 8 5 1
Tile:8 9 5 0
Map 12 5 1
Tile:5 9 4 0
Map 12 3 1
Tile:10 9 6 0
Tile:7 10 5 1
Tile:10 10 6 0
Destroy 9 4 1
Tile:6_flip 9 4 0
Tile:9 10 7 1
Tile:0 11 7 0
Tile:10 12 6 1
Tile:0 10 4 0
