# Server version 0.08 running on macbook-pro-5.local:8123
# Game ID: 697
# Board class: Saboteur.SaboteurBoard
# Timeout: 2000000000
# First Move Timeout: 30000
# Date: Thu Apr 09 01:20:20 EDT 2020
# Player 1: Player-0, '260729805', running on macbook-pro-5.local
# Player 2: Player-1, 'RandomPlayer', running on macbook-pro-5.local
START Player-0 260729805
START Player-1 RandomPlayer
BoardInit:Tile:8,Tile:7,Tile:1,Destroy,Map,Tile:10,Tile:9,Tile:4,Tile:9,Tile:9,Tile:7,Map,Bonus,Tile:0,Tile:8,Tile:6,Tile:0,Bonus,Map,Tile:12,Malus,Tile:6,Tile:0,Tile:7,Tile:9,Malus,Tile:10,Destroy,Tile:13,Tile:10,Tile:5,Map,Tile:0,Tile:5,Destroy,Tile:3,Tile:5,Map,Tile:15,Tile:7,Tile:6-Tile:14,Tile:2,Map,Tile:8,Bonus,Tile:11,Bonus-Tile:8,Tile:5,Tile:9,Tile:6,Tile:7,Tile:8,Tile:6-Tile:nugget,Tile:hidden1,Tile:hidden2
Map 12 3 1
Tile:5_flip 6 5 0
Tile:11_flip 5 4 1
Tile:6 5 6 0
Tile:1 6 6 1
Tile:7_flip 4 5 0
Drop 2 0 1
Tile:6_flip 4 4 0
Tile:14_flip 4 6 1
Tile:9 6 4 0
Tile:8 7 6 1
Tile:7 7 4 0
Tile:9 6 3 1
Map 12 3 0
Drop 2 0 1
Tile:10 7 5 0
Tile:9_flip 5 3 1
Tile:0 7 3 0
Tile:7 8 6 1
Tile:6 8 3 0
Map 12 7 1
Tile:8 9 3 0
Tile:2_flip 3 4 1
Destroy 5 4 0
Map 12 7 1
Tile:4_flip 9 4 0
Tile:0 4 3 1
Tile:9_flip 5 4 0
Tile:8 4 7 1
Destroy 6 6 0
Tile:13 7 7 1
Tile:12 5 7 0
Tile:5_flip 10 3 1
Tile:6_flip 6 6 0
Tile:9_flip 9 2 1
Tile:10 10 2 0
Destroy 7 3 1
Tile:3_flip 6 7 0
Drop 2 0 1
Drop 6 0 0
Tile:5 9 1 1
Drop 6 0 0
Tile:6 7 3 1
Drop 5 0 0
Drop 4 0 1
Drop 4 0 0
Tile:10 4 8 1
Drop 3 0 0
Tile:0 2 4 1
Drop 2 0 0
Tile:15 7 2 1
Drop 1 0 0
Drop 1 0 1
Tile:8 10 1 0
Drop 0 0 1
GAMEOVER DRAW
# Game ended: Thu Apr 09 01:20:21 EDT 2020
