# Server version 0.08 running on localhost:8123
# Game ID: 317
# Board class: Saboteur.SaboteurBoard
# Timeout: 2000000000
# First Move Timeout: 30000
# Date: Fri Apr 03 03:40:05 EDT 2020
# Player 1: Player-0, '260729805', running on localhost
# Player 2: Player-1, 'RandomPlayer', running on localhost
START Player-0 260729805
START Player-1 RandomPlayer
BoardInit:Tile:0,Destroy,Tile:6,Tile:8,Tile:15,Tile:8,Tile:5,Tile:8,Map,Tile:9,Tile:8,Tile:6,Tile:5,Tile:10,Tile:4,Destroy,Tile:7,Bonus,Bonus,Tile:9,Tile:2,Tile:5,Tile:8,Tile:0,Tile:6,Tile:7,Tile:6,Tile:5,Map,Tile:1,Tile:13,Tile:7,Map,Tile:0,Malus,Map,Tile:9,Tile:11,Tile:3,Tile:9,Map-Tile:10,Tile:12,Tile:7,Map,Bonus,Bonus,Malus-Tile:6,Tile:7,Tile:14,Tile:9,Tile:10,Destroy,Tile:0-Tile:nugget,Tile:hidden1,Tile:hidden2
Tile:7_flip 4 5 1
Tile:6 6 5 0
Tile:10 5 4 1
Tile:7 7 5 0
Drop 4 0 1
Tile:9 7 6 0
Tile:15 4 4 1
Tile:0 8 6 0
Tile:6 7 7 1
Tile:8 9 6 0
Drop 1 0 1
Tile:8 10 6 0
Tile:5 9 5 1
Tile:10 9 7 0
Tile:8 6 7 1
Tile:8 9 8 0
Tile:12 11 6 1
Tile:9_flip 10 8 0
Tile:5 8 8 1
Tile:6 10 9 0
Tile:4 5 3 1
Tile:9_flip 11 9 0
Tile:7 6 6 1
Tile:10 11 10 0
Drop 0 0 1
Tile:5_flip 8 9 0
Tile:8 5 6 1
Tile:7_flip 9 9 0
Tile:2 4 6 1
Tile:5_flip 11 11 0
Tile:0 3 6 1
Tile:0 10 11 0
Tile:6_flip 9 11 1
Tile:7_flip 7 9 0
Tile:13 8 11 1
Destroy 10 6 0
Tile:6 10 5 1
Map 12 3 0
Tile:9 7 11 1
Tile:0 11 5 0
Drop 2 0 1
Tile:9 12 6 0
Map 12 3 1
Tile:14_flip 12 4 0
Drop 4 0 1
Destroy 12 4 0
Drop 0 0 1
Tile:11 12 4 0
Map 12 3 1
Destroy 12 4 0
Map 12 3 1
Tile:1 13 5 0
Drop 0 0 1
Drop 0 0 0
Map 12 3 1
GAMEOVER DRAW
# Game ended: Fri Apr 03 03:40:05 EDT 2020
