# Server version 0.08 running on localhost:8123
# Game ID: 312
# Board class: Saboteur.SaboteurBoard
# Timeout: 2000000000
# First Move Timeout: 30000
# Date: Fri Apr 03 03:38:04 EDT 2020
# Player 1: Player-0, '260729805', running on localhost
# Player 2: Player-1, 'RandomPlayer', running on localhost
START Player-0 260729805
START Player-1 RandomPlayer
BoardInit:Tile:2,Tile:6,Tile:6,Tile:9,Tile:6,Tile:0,Destroy,Malus,Tile:5,Tile:6,Map,Map,Tile:7,Tile:8,Tile:13,Tile:0,Tile:7,Map,Tile:9,Tile:7,Tile:8,Tile:6,Tile:15,Tile:10,Map,Tile:8,Tile:0,Tile:8,Bonus,Map,Tile:7,Tile:1,Bonus,Bonus,Map,Tile:5,Tile:10,Tile:7,Bonus,Tile:0,Tile:11-Tile:8,Tile:9,Tile:3,Tile:14,Tile:9,Tile:10,Tile:4-Malus,Tile:5,Destroy,Tile:9,Tile:12,Destroy,Tile:5-Tile:hidden1,Tile:hidden2,Tile:nugget
Tile:3 5 4 1
Tile:5_flip 6 5 0
Tile:9 6 4 1
Tile:9_flip 7 4 0
Tile:8 4 5 1
Tile:9 7 5 0
Tile:10 7 3 1
Tile:12 8 5 0
Tile:6_flip 4 4 1
Tile:5_flip 7 6 0
Tile:14_flip 6 6 1
Tile:6_flip 7 2 0
Tile:4_flip 5 6 1
Map 12 3 0
Tile:5_flip 8 2 1
Tile:6_flip 8 1 0
Map 12 5 1
Tile:0 9 1 0
Destroy 8 5 1
Map 12 3 0
Tile:6 3 4 1
Tile:8 8 5 0
Tile:13 6 2 1
Tile:0 9 5 0
Tile:7_flip 7 1 1
Tile:7_flip 8 6 0
Tile:9_flip 6 1 1
Tile:6_flip 9 6 0
Drop 6 0 1
Tile:8 10 6 0
Tile:9_flip 6 7 1
Map 12 3 0
Tile:2_flip 10 7 1
Tile:8 9 7 0
Tile:7_flip 6 8 1
Tile:10 9 8 0
Tile:7 11 7 1
Tile:5 8 4 0
Tile:10 9 9 1
Tile:7 10 1 0
Tile:15 6 0 1
Tile:0 9 4 0
Tile:11 11 8 1
Destroy 11 7 0
Tile:8 12 8 1
Destroy 10 6 0
Map 12 3 1
Tile:1 10 4 0
Map 12 7 1
Drop 2 0 0
Drop 0 0 1
Drop 1 0 0
Drop 1 0 1
Malus 0 0 0
Bonus 0 0 1
GAMEOVER DRAW
# Game ended: Fri Apr 03 03:38:05 EDT 2020
