# Server version 0.08 running on localhost:8123
# Game ID: 175
# Board class: Saboteur.SaboteurBoard
# Timeout: 2000000000
# First Move Timeout: 30000
# Date: Tue Mar 31 21:37:19 EDT 2020
# Player 1: Player-0, '260729805', running on localhost
# Player 2: Player-1, 'RandomPlayer', running on localhost
START Player-0 260729805
START Player-1 RandomPlayer
BoardInit:Tile:7,Tile:8,Tile:6,Tile:14,Tile:9,Bonus,Tile:6,Tile:6,Map,Tile:4,Tile:5,Tile:5,Map,Tile:6,Bonus,Tile:13,Tile:3,Tile:8,Tile:10,Destroy,Tile:12,Tile:10,Tile:5,Tile:6,Tile:2,Map,Tile:8,Malus,Tile:7,Tile:7,Tile:9,Tile:15,Malus,Destroy,Tile:9,Tile:0,Bonus,Tile:7,Tile:8,Map,Tile:8-Tile:0,Tile:9,Tile:0,Map,Tile:5,Tile:9,Tile:7-Bonus,Tile:0,Tile:10,Tile:1,Tile:11,Map,Destroy-Tile:hidden2,Tile:nugget,Tile:hidden1
Tile:9_flip 6 5 1
Tile:0 4 5 0
Tile:9_flip 6 6 1
Tile:10 5 4 0
Map 12 3 1
Tile:8 3 5 0
Drop 2 0 1
Tile:1 2 5 0
Tile:7_flip 6 7 1
Tile:6 3 6 0
Tile:0 2 6 1
Tile:4 3 4 0
Tile:6 7 7 1
Tile:5 1 6 0
Tile:0 4 6 1
Tile:6 1 7 0
Tile:7_flip 0 7 1
Tile:11 5 3 0
Tile:6_flip 5 2 1
Tile:8 5 6 0
Tile:5 7 6 1
Map 12 3 0
Tile:10 6 4 1
Tile:10 0 6 0
Drop 2 0 1
Tile:6 8 6 0
Tile:2 6 2 1
Destroy 0 6 0
Tile:8 8 5 1
Tile:14 5 7 0
Tile:9 4 2 1
Tile:7 0 6 0
Drop 4 0 1
Tile:13 4 1 0
Tile:3_flip 7 5 1
Destroy 0 6 0
Tile:9_flip 4 0 1
Tile:0 2 7 0
Tile:7 9 6 1
Tile:7 0 6 0
Tile:9_flip 4 3 1
GAMEOVER USER CANCEL UNDECIDED
# Game ended: Tue Mar 31 21:37:51 EDT 2020
