# Server version 0.08 running on localhost:8123
# Game ID: 669
# Board class: Saboteur.SaboteurBoard
# Timeout: 2000000000
# First Move Timeout: 30000
# Date: Thu Apr 09 00:58:54 EDT 2020
# Player 1: Player-0, '260729805', running on localhost
# Player 2: Player-1, 'RandomPlayer', running on localhost
START Player-0 260729805
START Player-1 RandomPlayer
BoardInit:Bonus,Map,Tile:12,Tile:8,Tile:0,Tile:5,Destroy,Tile:7,Tile:8,Tile:10,Tile:7,Tile:8,Tile:6,Bonus,Map,Tile:9,Map,Tile:9,Tile:5,Bonus,Tile:6,Malus,Malus,Tile:15,Tile:5,Tile:0,Tile:3,Tile:6,Tile:4,Tile:0,Tile:13,Bonus,Tile:9,Tile:10,Tile:14,Tile:9,Tile:7,Tile:10,Tile:6,Tile:2,Map-Tile:5,Map,Tile:11,Destroy,Tile:6,Tile:1,Tile:8-Tile:0,Tile:7,Map,Tile:7,Tile:8,Tile:9,Destroy-Tile:hidden1,Tile:hidden2,Tile:nugget
Tile:1 6 5 1
Map 12 3 0
Tile:6_flip 5 4 1
Map 12 5 0
Tile:12 6 4 1
Tile:7_flip 5 6 0
Map 12 7 1
Tile:0 6 6 0
Tile:5_flip 7 5 1
Tile:7 7 6 0
Tile:11 7 7 1
Tile:5 7 4 0
Destroy 6 5 1
Tile:7_flip 4 5 0
Tile:6 8 4 1
Tile:8 4 4 0
Tile:7_flip 3 4 1
Tile:9 4 3 0
Destroy 4 3 1
Tile:8 4 3 0
Tile:0 6 5 1
Tile:8 3 3 0
Tile:5 4 2 1
Tile:10 3 2 0
Tile:8 3 1 1
Tile:9_flip 9 4 0
Tile:6_flip 2 3 1
Destroy 6 4 0
Tile:3 8 3 1
Tile:15 9 3 0
Tile:5 1 3 1
Tile:9_flip 2 4 0
Tile:8 1 4 1
Tile:0 5 3 0
Tile:9 0 4 1
Tile:10 0 3 0
Tile:13 1 5 1
Tile:9_flip 2 5 0
Tile:7 0 2 1
Drop 3 0 0
Drop 2 0 1
Tile:2_flip 7 3 0
Malus 0 0 1
Bonus 0 0 0
Tile:6 0 5 1
Drop 3 0 0
Map 12 7 1
Drop 3 0 0
Tile:14 2 6 1
Drop 2 0 0
Tile:4 7 2 1
Drop 1 0 0
Map 12 3 1
Drop 0 0 0
Drop 0 0 1
GAMEOVER DRAW
# Game ended: Thu Apr 09 00:58:55 EDT 2020
