# Server version 0.08 running on localhost:8123
# Game ID: 109
# Board class: Saboteur.SaboteurBoard
# Timeout: 20000
# First Move Timeout: 30000
# Date: Tue Mar 31 00:03:27 EDT 2020
# Player 1: Player-0, '260729805', running on localhost
# Player 2: Player-1, 'RandomPlayer', running on localhost
START Player-0 260729805
START Player-1 RandomPlayer
BoardInit:Tile:7,Tile:7,Tile:9,Tile:6,Tile:0,Destroy,Map,Tile:10,Tile:0,Map,Tile:8,Tile:3,Tile:12,Tile:5,Tile:13,Map,Destroy,Tile:10,Tile:5,Malus,Tile:9,Map,Tile:8,Tile:0,Tile:8,Bonus,Tile:6,Tile:5,Tile:7,Map,Tile:0,Tile:6,Destroy,Tile:4,Tile:10,Bonus,Tile:15,Tile:7,Map,Tile:11,Tile:6-Tile:7,Tile:5,Tile:9,Bonus,Tile:9,Malus,Tile:6-Tile:2,Tile:8,Tile:14,Tile:1,Tile:9,Tile:8,Bonus-Tile:hidden1,Tile:nugget,Tile:hidden2
Tile:6 6 5 1
Tile:8 5 6 0
Tile:9 6 4 1
Tile:1 4 5 0
Tile:7 6 3 1
Drop 4 0 0
Tile:9_flip 5 4 1
Destroy 5 6 0
Tile:5 5 3 1
Tile:14 7 5 0
Tile:7_flip 3 5 1
Tile:6 5 6 0
Tile:0 6 6 1
Drop 2 0 0
Tile:12_flip 4 6 1
Tile:3 3 4 0
Tile:8 7 4 1
Tile:9 7 3 0
Map 12 5 1
Tile:7_flip 4 4 0
Tile:9_flip 4 3 1
Tile:2 7 6 0
Tile:13 7 7 1
Tile:10 7 2 0
Tile:0 2 4 1
Map 12 7 0
Destroy 4 5 1
Malus 0 0 0
Drop 2 0 1
Tile:5_flip 8 3 0
Drop 4 0 1
Drop 3 0 0
Drop 6 0 1
Tile:6 3 3 0
Destroy 4 3 1
Tile:4 3 2 0
Drop 3 0 1
Map 12 3 0
Bonus 0 0 1
Drop 2 0 0
Tile:7 8 7 1
Drop 4 0 0
Tile:9_flip 4 3 1
Map 12 3 0
Tile:10 7 8 1
Tile:5_flip 7 9 0
Tile:6_flip 6 7 1
Tile:10 4 2 0
Tile:15 8 8 1
Tile:11 8 2 0
Tile:6 2 3 1
Map 12 3 0
Map 12 7 1
Drop 0 0 0
Malus 0 0 1
GAMEOVER DRAW
# Game ended: Tue Mar 31 00:03:27 EDT 2020
