# Server version 0.08 running on localhost:8123
# Game ID: 809
# Board class: Saboteur.SaboteurBoard
# Timeout: 2000000000
# First Move Timeout: 30000
# Date: Thu Apr 09 02:24:52 EDT 2020
# Player 1: Player-0, '260729805', running on localhost
# Player 2: Player-1, 'RandomPlayer', running on localhost
START Player-0 260729805
START Player-1 RandomPlayer
BoardInit:Tile:9,Malus,Destroy,Tile:12,Tile:6,Bonus,Tile:0,Map,Map,Tile:10,Tile:4,Tile:8,Bonus,Tile:7,Tile:9,Tile:10,Tile:6,Destroy,Tile:2,Tile:10,Tile:0,Tile:6,Tile:0,Tile:5,Map,Tile:14,Tile:9,Map,Tile:3,Tile:8,Destroy,Tile:7,Tile:5,Malus,Tile:7,Bonus,Tile:7,Tile:6,Tile:13,Bonus,Tile:9-Tile:8,Tile:1,Tile:0,Tile:6,Tile:8,Tile:15,Tile:9-Tile:5,Tile:7,Tile:8,Tile:11,Map,Map,Tile:5-Tile:hidden1,Tile:hidden2,Tile:nugget
Tile:15 5 6 1
Map 12 3 0
Tile:6 5 7 1
Map 12 5 0
Tile:9 4 7 1
Tile:5_flip 6 5 0
Tile:9_flip 4 8 1
Tile:7 6 4 0
Destroy 4 8 1
Tile:5 5 4 0
Drop 4 0 1
Tile:8 6 7 0
Tile:4 6 6 1
Tile:8 7 7 0
Tile:0 8 7 1
Tile:7 9 7 0
Map 12 3 1
Tile:10 9 8 0
Tile:9_flip 4 8 1
Tile:10 9 9 0
Tile:8 6 8 1
Tile:10 9 10 0
Tile:0 4 5 1
Tile:6 9 11 0
Tile:6 3 8 1
Tile:5_flip 10 11 0
Tile:2_flip 6 9 1
Destroy 6 6 0
Tile:8 2 8 1
Tile:12_flip 3 5 0
Drop 2 0 1
Tile:8 7 8 0
Tile:1 1 8 1
Tile:7 8 8 0
Tile:9 2 9 1
Tile:11 10 10 0
Tile:7 3 9 1
Tile:14_flip 10 9 0
Tile:5_flip 11 10 1
Tile:6_flip 11 9 0
Tile:3 12 9 1
Drop 6 0 0
Tile:9_flip 3 10 1
Drop 5 0 0
Tile:13 2 10 1
Drop 4 0 0
Destroy 3 9 1
Drop 3 0 0
Tile:7 3 9 1
Drop 2 0 0
Tile:0 5 9 1
Drop 1 0 0
Map 12 3 1
Malus 0 0 0
Bonus 0 0 1
GAMEOVER DRAW
# Game ended: Thu Apr 09 02:24:53 EDT 2020
