# Server version 0.08 running on localhost:8123
# Game ID: 308
# Board class: Saboteur.SaboteurBoard
# Timeout: 2000000000
# First Move Timeout: 30000
# Date: Fri Apr 03 03:34:30 EDT 2020
# Player 1: Player-0, '260729805', running on localhost
# Player 2: Player-1, 'Human', running on localhost
START Player-0 260729805
START Player-1 Human
BoardInit:Map,Map,Tile:13,Tile:7,Tile:9,Tile:5,Tile:0,Tile:10,Malus,Tile:8,Bonus,Destroy,Tile:8,Tile:12,Tile:8,Map,Tile:9,Tile:6,Tile:15,Tile:9,Tile:5,Tile:8,Tile:0,Tile:4,Destroy,Tile:10,Tile:9,Tile:3,Tile:6,Bonus,Tile:5,Tile:11,Tile:6,Tile:10,Tile:2,Tile:7,Tile:6,Tile:14,Tile:5,Tile:9,Tile:0-Tile:6,Tile:8,Tile:7,Bonus,Bonus,Map,Tile:0-Malus,Tile:7,Tile:1,Tile:7,Map,Map,Destroy-Tile:hidden2,Tile:hidden1,Tile:nugget
Tile:0 6 5 1
Map 12 3 0
Map 12 5 1
Map 12 3 0
Map 12 7 1
Map 12 3 0
Tile:8 7 5 1
Tile:7 8 5 0
Tile:9 8 6 1
Tile:7 9 6 0
Tile:6 9 7 1
Destroy 9 6 0
Tile:7 9 6 1
Destroy 9 6 0
Tile:8 9 6 1
Tile:7 10 6 0
Drop 2 0 1
Map 12 3 0
Tile:9 7 4 1
Tile:5 9 5 0
Tile:0 10 5 1
Tile:8 11 5 0
Tile:5 12 4 1
Tile:10 12 6 0
GAMEOVER WINNER 0
# Game ended: Fri Apr 03 03:35:42 EDT 2020
