# Server version 0.08 running on localhost:8123
# Game ID: 179
# Board class: Saboteur.SaboteurBoard
# Timeout: 2000000000
# First Move Timeout: 30000
# Date: Tue Mar 31 21:39:48 EDT 2020
# Player 1: Player-0, '260729805', running on localhost
# Player 2: Player-1, 'Human', running on localhost
START Player-0 260729805
START Player-1 Human
BoardInit:Tile:5,Map,Tile:3,Bonus,Tile:8,Bonus,Tile:10,Tile:8,Tile:8,Tile:6,Destroy,Malus,Tile:15,Map,Tile:0,Tile:6,Tile:10,Map,Tile:8,Map,Tile:13,Tile:8,Tile:6,Tile:14,Map,Tile:9,Tile:9,Tile:5,Tile:11,Tile:7,Tile:0,Tile:7,Malus,Tile:0,Tile:7,Tile:5,Tile:2,Bonus,Map,Tile:7,Tile:9-Tile:4,Tile:5,Tile:7,Tile:9,Tile:6,Destroy,Tile:1-Tile:6,Bonus,Tile:10,Destroy,Tile:9,Tile:12,Tile:0-Tile:hidden2,Tile:hidden1,Tile:nugget
Tile:6 6 5 1
Tile:6 7 5 0
Tile:7 8 5 1
Map 12 5 0
Tile:9 8 6 1
Tile:9_flip 9 6 0
Tile:8 9 7 1
Tile:12 10 7 0
Tile:3 5 4 1
Tile:10 9 5 0
Tile:1 4 4 1
Tile:8 9 4 0
Destroy 10 7 1
Tile:0 10 4 0
Tile:8 11 4 1
Tile:6 12 4 0
Tile:10 11 5 1
Map 12 5 0
Tile:10 11 6 1
Map 12 5 0
Destroy 4 4 1
Map 12 5 0
Tile:8 9 8 1
Tile:6 13 4 0
Tile:0 8 4 1
Destroy 12 4 0
