# Server version 0.08 running on localhost:8123
# Game ID: 322
# Board class: Saboteur.SaboteurBoard
# Timeout: 2000000000
# First Move Timeout: 30000
# Date: Fri Apr 03 03:41:02 EDT 2020
# Player 1: Player-0, '260729805', running on localhost
# Player 2: Player-1, 'RandomPlayer', running on localhost
START Player-0 260729805
START Player-1 RandomPlayer
BoardInit:Tile:5,Tile:11,Destroy,Malus,Tile:6,Tile:8,Tile:9,Tile:6,Tile:0,Tile:10,Tile:12,Tile:14,Map,Tile:9,Tile:5,Tile:7,Map,Map,Destroy,Tile:9,Map,Tile:10,Tile:0,Bonus,Bonus,Tile:8,Map,Tile:2,Tile:6,Tile:6,Tile:8,Tile:7,Tile:4,Bonus,Malus,Tile:5,Tile:7,Tile:0,Tile:7,Tile:1,Tile:3-Tile:7,Tile:5,Tile:15,Tile:13,Tile:9,Tile:9,Tile:6-Tile:0,Tile:8,Destroy,Bonus,Map,Tile:10,Tile:8-Tile:hidden2,Tile:hidden1,Tile:nugget
Tile:6 4 5 1
Map 12 3 0
Tile:7_flip 5 6 1
Tile:0 6 5 0
Tile:9 3 5 1
Tile:8 7 5 0
Tile:5 4 4 1
Tile:8 8 5 0
Tile:9 8 6 1
Tile:8 9 5 0
Tile:5_flip 8 7 1
Tile:10 9 4 0
Tile:15 3 4 1
Tile:6 9 6 0
Tile:6 10 5 1
Tile:9_flip 11 5 0
Tile:9 11 6 1
Tile:7 12 6 0
GAMEOVER WINNER 0
# Game ended: Fri Apr 03 03:41:02 EDT 2020
