# Server version 0.08 running on localhost:8123
# Game ID: 949
# Board class: Saboteur.SaboteurBoard
# Timeout: 2000000000
# First Move Timeout: 30000
# Date: Sat Apr 11 02:18:26 EDT 2020
# Player 1: Player-0, '260729805', running on localhost
# Player 2: Player-1, 'RandomPlayer', running on localhost
START Player-0 260729805
START Player-1 RandomPlayer
BoardInit:Tile:9,Tile:8,Destroy,Tile:7,Bonus,Tile:8,Tile:13,Tile:6,Bonus,Map,Tile:8,Tile:6,Tile:0,Tile:9,Tile:10,Malus,Tile:10,Bonus,Bonus,Destroy,Tile:3,Tile:12,Tile:9,Tile:15,Tile:5,Map,Tile:9,Tile:2,Tile:1,Tile:8,Tile:7,Tile:6,Tile:6,Tile:7,Tile:0,Tile:4,Tile:0,Tile:5,Tile:8,Map,Map-Tile:0,Tile:9,Malus,Tile:6,Tile:11,Tile:14,Tile:10-Map,Map,Tile:7,Tile:7,Tile:5,Destroy,Tile:5-Tile:hidden2,Tile:nugget,Tile:hidden1
Tile:14 6 5 1
Tile:7_flip 5 6 0
Tile:11_flip 5 4 1
Destroy 5 6 0
Tile:6_flip 4 4 1
Tile:7_flip 5 6 0
Tile:9 4 5 1
Tile:7 6 6 0
Tile:10 4 6 1
Tile:5_flip 6 7 0
Tile:13 5 3 1
Tile:5 5 7 0
Tile:9 3 4 1
Tile:6 5 8 0
Tile:0 4 8 1
Tile:6_flip 6 8 0
Tile:10 6 9 1
Malus 0 0 0
Destroy 3 4 1
Tile:8 7 8 0
Drop 6 0 1
Destroy 6 9 0
Bonus 0 0 1
Tile:8 8 8 0
Drop 5 0 1
Tile:9_flip 9 8 0
Tile:10 5 2 1
Tile:12_flip 3 8 0
Tile:9 7 7 1
Tile:15 9 7 0
Malus 0 0 1
Bonus 0 0 0
Tile:0 4 3 1
Tile:8 9 9 0
Tile:8 8 9 1
Tile:6 10 9 0
Tile:0 3 4 1
Tile:7 11 9 0
Tile:7_flip 2 4 1
Tile:4 10 8 0
Drop 1 0 1
Tile:5_flip 11 10 0
Tile:9_flip 2 3 1
Tile:2 9 6 0
Tile:8 6 9 1
Drop 4 0 0
Tile:6 7 9 1
Drop 3 0 0
Tile:0 8 6 1
Drop 2 0 0
Tile:1 1 3 1
Drop 1 0 0
Map 12 3 1
Drop 0 0 0
Drop 0 0 1
GAMEOVER DRAW
# Game ended: Sat Apr 11 02:18:26 EDT 2020
