# Server version 0.08 running on localhost:8123
# Game ID: 484
# Board class: Saboteur.SaboteurBoard
# Timeout: 2000000000
# First Move Timeout: 30000
# Date: Sun Apr 05 17:15:40 EDT 2020
# Player 1: Player-0, '260729805', running on localhost
# Player 2: Player-1, 'RandomPlayer', running on localhost
START Player-0 260729805
START Player-1 RandomPlayer
BoardInit:Bonus,Tile:6,Tile:7,Destroy,Tile:10,Tile:7,Tile:12,Bonus,Tile:6,Tile:3,Tile:7,Bonus,Tile:5,Tile:10,Bonus,Tile:15,Tile:14,Tile:6,Tile:5,Tile:9,Tile:7,Tile:5,Map,Tile:10,Tile:9,Map,Malus,Tile:0,Tile:6,Tile:8,Map,Map,Tile:8,Tile:9,Tile:6,Tile:8,Tile:11,Tile:5,Tile:4,Tile:9,Tile:8-Map,Tile:9,Tile:2,Destroy,Tile:7,Destroy,Tile:0-Map,Tile:8,Tile:0,Tile:1,Tile:13,Malus,Tile:0-Tile:hidden1,Tile:nugget,Tile:hidden2
Drop 3 0 1
Map 12 3 0
Drop 1 0 1
Tile:0 6 5 0
Map 12 7 1
Tile:0 7 5 0
Tile:7_flip 5 6 1
Tile:6_flip 6 6 0
Tile:2 4 5 1
Tile:7_flip 6 7 0
Drop 0 0 1
Tile:1 7 6 0
Drop 2 0 1
Destroy 7 6 0
Tile:6 3 5 1
Tile:3 7 6 0
Drop 6 0 1
Tile:15 4 6 0
Tile:14_flip 5 4 1
Tile:6 7 7 0
Tile:0 2 5 1
Tile:8 8 7 0
Tile:5 8 6 1
Tile:9_flip 9 6 0
Drop 4 0 1
Tile:10 8 8 0
Tile:7_flip 1 5 1
Map 12 5 0
Tile:10 4 7 1
Tile:10 4 8 0
Tile:6 9 7 1
Tile:8 10 7 0
Map 12 7 1
Tile:0 11 7 0
Tile:9 12 6 1
GAMEOVER WINNER 1
# Game ended: Sun Apr 05 17:16:10 EDT 2020
