# Server version 0.08 running on 192.168.1.5:8123
# Game ID: 264
# Board class: Saboteur.SaboteurBoard
# Timeout: 2000000000
# First Move Timeout: 30000
# Date: Fri Apr 03 02:02:15 EDT 2020
# Player 1: Player-0, '260729805', running on 192.168.1.5
# Player 2: Player-1, 'RandomPlayer', running on 192.168.1.5
START Player-0 260729805
START Player-1 RandomPlayer
BoardInit:Destroy,Tile:0,Tile:9,Tile:1,Tile:14,Tile:13,Tile:7,Tile:0,Tile:8,Tile:7,Tile:8,Tile:8,Tile:11,Bonus,Tile:6,Tile:10,Tile:5,Map,Tile:7,Tile:9,Tile:8,Malus,Tile:6,Tile:6,Tile:6,Tile:4,Tile:15,Bonus,Tile:3,Tile:9,Map,Tile:8,Tile:9,Map,Map,Tile:5,Destroy,Tile:10,Malus,Tile:5,Tile:12-Tile:5,Tile:2,Map,Map,Bonus,Tile:6,Tile:0-Tile:7,Destroy,Bonus,Tile:7,Tile:0,Tile:10,Tile:9-Tile:nugget,Tile:hidden1,Tile:hidden2
Tile:6_flip 6 5 1
Tile:9_flip 5 4 0
Tile:2 7 5 1
Tile:0 4 5 0
Tile:9_flip 8 5 1
Destroy 6 5 0
Drop 2 0 1
Drop 6 0 0
Tile:14 8 6 1
Tile:1 6 5 0
Destroy 8 5 1
Tile:10 5 3 0
Tile:7 8 5 1
Tile:7_flip 5 6 0
Tile:11_flip 5 2 1
Tile:7_flip 7 6 0
Tile:5 4 2 1
Tile:7_flip 4 4 0
Tile:8 3 5 1
Map 12 7 0
Tile:5_flip 3 6 1
Tile:9 2 5 0
Drop 5 0 1
Tile:10 4 3 0
Tile:6 2 6 1
Drop 4 0 0
Tile:6_flip 1 6 1
Tile:4_flip 1 7 0
Tile:6_flip 2 4 1
Malus 0 0 0
Drop 3 0 1
Tile:0 0 6 0
Map 12 7 1
Drop 6 0 0
Drop 4 0 1
Tile:9_flip 3 4 0
Map 12 7 1
Tile:6_flip 5 1 0
Destroy 2 6 1
Map 12 5 0
Map 12 7 1
Drop 2 0 0
Malus 0 0 1
Bonus 0 0 0
Drop 4 0 1
Tile:10 3 3 0
Drop 3 0 1
Drop 2 0 0
Drop 2 0 1
Tile:5 1 4 0
Drop 0 0 1
Drop 0 0 0
Drop 1 0 1
Drop 0 0 0
Drop 0 0 1
GAMEOVER DRAW
# Game ended: Fri Apr 03 02:02:16 EDT 2020
