# Server version 0.08 running on macbook-pro-5.local:8123
# Game ID: 954
# Board class: Saboteur.SaboteurBoard
# Timeout: 2000000000
# First Move Timeout: 30000
# Date: Sat Apr 11 02:20:43 EDT 2020
# Player 1: Player-0, '260729805', running on macbook-pro-5.local
# Player 2: Player-1, 'RandomPlayer', running on macbook-pro-5.local
START Player-0 260729805
START Player-1 RandomPlayer
BoardInit:Map,Tile:8,Tile:0,Tile:11,Tile:9,Tile:9,Tile:5,Tile:5,Tile:10,Destroy,Bonus,Tile:7,Map,Tile:5,Map,Tile:6,Tile:15,Tile:4,Tile:7,Malus,Tile:9,Map,Tile:14,Tile:6,Tile:9,Tile:0,Tile:12,Tile:8,Tile:6,Tile:5,Tile:6,Tile:8,Destroy,Tile:6,Tile:0,Map,Tile:8,Tile:3,Tile:8,Tile:10,Tile:7-Tile:0,Tile:10,Bonus,Tile:1,Bonus,Tile:2,Tile:13-Tile:7,Bonus,Tile:7,Destroy,Tile:9,Map,Malus-Tile:nugget,Tile:hidden2,Tile:hidden1
Tile:2_flip 4 5 1
Malus 0 0 0
Drop 1 0 1
Tile:7 6 5 0
Drop 6 0 1
Destroy 6 5 0
Bonus 0 0 1
Tile:7 6 5 0
Tile:9 6 6 1
Tile:5_flip 7 6 0
Drop 2 0 1
Destroy 7 6 0
Tile:5_flip 5 6 1
Tile:7 7 6 0
Tile:0 4 6 1
Tile:5_flip 7 7 0
Tile:13 6 7 1
Tile:6_flip 5 4 0
Drop 5 0 1
Tile:9 6 8 0
Tile:1 6 4 1
Malus 0 0 0
Map 12 3 1
Tile:8 7 4 0
Drop 5 0 1
Tile:9_flip 8 4 0
Map 12 5 1
Tile:6 8 5 0
Drop 6 0 1
Tile:8 9 5 0
Drop 1 0 1
Tile:0 10 5 0
Drop 6 0 1
Tile:8 11 5 0
Destroy 4 5 1
Tile:5_flip 11 6 0
Drop 3 0 1
Tile:6_flip 10 6 0
Drop 6 0 1
Tile:11 10 7 0
Drop 2 0 1
Tile:3 11 7 0
Drop 0 0 1
Tile:10 11 8 0
Drop 4 0 1
Tile:4_flip 10 8 0
Drop 2 0 1
Drop 3 0 0
Drop 0 0 1
Drop 2 0 0
Drop 0 0 1
Drop 1 0 0
Drop 1 0 1
Drop 0 0 0
Drop 0 0 1
GAMEOVER DRAW
# Game ended: Sat Apr 11 02:20:44 EDT 2020
