# Server version 0.08 running on macbook-pro-5.local:8123
# Game ID: 698
# Board class: Saboteur.SaboteurBoard
# Timeout: 2000000000
# First Move Timeout: 30000
# Date: Thu Apr 09 01:21:50 EDT 2020
# Player 1: Player-0, '260729805', running on macbook-pro-5.local
# Player 2: Player-1, 'RandomPlayer', running on macbook-pro-5.local
START Player-0 260729805
START Player-1 RandomPlayer
BoardInit:Map,Tile:0,Tile:6,Tile:7,Map,Tile:0,Tile:9,Tile:7,Tile:5,Tile:0,Tile:9,Map,Tile:9,Tile:7,Tile:10,Destroy,Tile:6,Tile:4,Bonus,Tile:9,Tile:5,Tile:7,Map,Bonus,Tile:10,Tile:8,Tile:12,Tile:7,Malus,Tile:10,Tile:6,Tile:9,Tile:5,Tile:3,Tile:6,Tile:5,Tile:15,Tile:1,Tile:8,Malus,Tile:13-Bonus,Tile:8,Map,Tile:0,Tile:8,Tile:14,Tile:11-Map,Tile:6,Tile:2,Destroy,Destroy,Tile:8,Bonus-Tile:hidden2,Tile:hidden1,Tile:nugget
Tile:8 5 6 1
Map 12 3 0
Tile:8 5 7 1
Tile:6 6 5 0
Map 12 3 1
Tile:0 7 5 0
Tile:6_flip 8 5 1
Tile:7 9 5 0
Tile:9_flip 5 4 1
Tile:0 6 6 0
Drop 1 0 1
Tile:7 7 6 0
Tile:5 4 7 1
Map 12 5 0
Tile:9_flip 4 8 1
Tile:7_flip 8 6 0
Tile:9 5 8 1
Tile:8 9 6 0
Tile:14 6 8 1
Tile:4 6 4 0
Tile:11 5 3 1
Destroy 6 4 0
Drop 1 0 1
Destroy 6 5 0
Tile:6 4 5 1
Tile:2_flip 6 5 0
Tile:5 6 4 1
Destroy 6 5 0
Map 12 7 1
Tile:7 6 7 0
Tile:12 7 4 1
Tile:0 4 6 0
Drop 1 0 1
Tile:9 7 7 0
Tile:6_flip 3 5 1
Tile:3 8 7 0
Tile:5 5 2 1
Tile:10 7 8 0
Tile:15 5 9 1
Tile:1 6 3 0
Tile:6_flip 2 5 1
Drop 6 0 0
Tile:8 3 6 1
Tile:8 10 6 0
Drop 4 0 1
Tile:9 7 9 0
Tile:10 5 10 1
Tile:7 8 9 0
Tile:13 4 4 1
Tile:5_flip 8 10 0
Map 12 3 1
Drop 1 0 0
Drop 1 0 1
Drop 0 0 0
Drop 0 0 1
GAMEOVER DRAW
# Game ended: Thu Apr 09 01:21:52 EDT 2020
