# Server version 0.08 running on localhost:8123
# Game ID: 763
# Board class: Saboteur.SaboteurBoard
# Timeout: 2000000000
# First Move Timeout: 30000
# Date: Thu Apr 09 01:48:03 EDT 2020
# Player 1: Player-0, '260729805', running on localhost
# Player 2: Player-1, 'RandomPlayer', running on localhost
START Player-0 260729805
START Player-1 RandomPlayer
BoardInit:Map,Tile:10,Tile:6,Tile:6,Tile:0,Destroy,Bonus,Tile:0,Tile:8,Tile:5,Map,Tile:5,Tile:5,Tile:7,Bonus,Tile:6,Tile:7,Tile:9,Tile:7,Map,Tile:11,Bonus,Tile:7,Tile:12,Tile:3,Destroy,Tile:13,Tile:9,Tile:4,Tile:6,Tile:0,Tile:9,Tile:0,Tile:9,Destroy,Tile:5,Map,Tile:2,Malus,Tile:8,Tile:10-Map,Malus,Tile:8,Tile:1,Tile:7,Tile:8,Map-Tile:14,Bonus,Tile:8,Tile:15,Tile:9,Tile:10,Tile:6-Tile:hidden1,Tile:nugget,Tile:hidden2
Drop 3 0 1
Tile:6 6 5 0
Tile:7 6 4 1
Tile:8 7 5 0
Tile:6_flip 8 5 1
Tile:6 9 5 0
Tile:0 4 5 1
Tile:9 9 4 0
Map 12 5 1
Tile:0 10 4 0
Malus 0 0 1
Bonus 0 0 0
Drop 4 0 1
Tile:5 9 3 0
Map 12 7 1
Tile:5_flip 8 6 0
Tile:8 3 5 1
Tile:7_flip 7 6 0
Tile:7 3 4 1
Tile:10 7 4 0
Tile:5_flip 3 6 1
Map 12 3 0
Tile:11 5 6 1
Tile:10 7 3 0
Tile:8 5 4 1
Tile:9 7 2 0
Tile:3 5 3 1
Tile:6 8 2 0
Tile:13 4 3 1
Tile:9_flip 11 4 0
Tile:8 11 3 1
Tile:6 11 5 0
GAMEOVER WINNER 0
# Game ended: Thu Apr 09 01:48:19 EDT 2020
