# Server version 0.08 running on macbook-pro-5.local:8123
# Game ID: 699
# Board class: Saboteur.SaboteurBoard
# Timeout: 2000000000
# First Move Timeout: 30000
# Date: Thu Apr 09 01:22:44 EDT 2020
# Player 1: Player-0, '260729805', running on macbook-pro-5.local
# Player 2: Player-1, 'RandomPlayer', running on macbook-pro-5.local
START Player-0 260729805
START Player-1 RandomPlayer
BoardInit:Tile:2,Tile:7,Tile:3,Tile:6,Tile:11,Tile:9,Tile:9,Tile:6,Tile:12,Tile:1,Tile:8,Tile:10,Bonus,Tile:7,Tile:8,Destroy,Tile:0,Tile:8,Tile:0,Tile:5,Tile:6,Tile:7,Malus,Tile:13,Tile:8,Tile:9,Tile:4,Tile:14,Tile:8,Tile:5,Tile:5,Tile:0,Bonus,Tile:15,Map,Tile:6,Malus,Destroy,Tile:7,Tile:9,Tile:6-Map,Tile:0,Tile:10,Tile:5,Tile:7,Tile:10,Map-Bonus,Map,Map,Map,Tile:9,Destroy,Bonus-Tile:hidden2,Tile:nugget,Tile:hidden1
Tile:5 5 4 1
Map 12 3 0
Map 12 5 1
Map 12 5 0
Tile:7 6 5 1
Tile:7_flip 6 6 0
Tile:0 4 5 1
Tile:6 7 6 0
Tile:11 3 5 1
Tile:6 6 4 0
Tile:9_flip 3 4 1
Tile:9 7 5 0
Tile:3 7 4 1
Tile:9_flip 5 6 0
Tile:8 3 3 1
Tile:7 8 5 0
Tile:8 3 6 1
Tile:10 6 3 0
Tile:10 3 2 1
Tile:8 8 6 0
Tile:2_flip 8 7 1
Tile:5_flip 9 6 0
Map 12 5 1
Tile:7 9 7 0
Tile:0 7 7 1
Destroy 8 7 0
Tile:12 4 3 1
Tile:9 9 5 0
Drop 0 0 1
Destroy 3 5 0
Tile:0 6 7 1
Tile:1 4 6 0
Tile:8 2 4 1
Tile:13 8 7 0
Tile:8 3 5 1
Tile:14_flip 2 3 0
Tile:4 3 1 1
Tile:15 9 4 0
Tile:6 5 7 1
Destroy 6 5 0
Tile:7 6 5 1
Drop 3 0 0
Tile:5 9 3 1
Tile:9 6 2 0
Tile:6_flip 1 4 1
Tile:0 7 2 0
Map 12 5 1
Tile:6 8 2 0
Drop 0 0 1
Drop 2 0 0
Drop 0 0 1
Drop 1 0 0
Malus 0 0 1
Bonus 0 0 0
Drop 0 0 1
GAMEOVER DRAW
# Game ended: Thu Apr 09 01:22:45 EDT 2020
