# Server version 0.08 running on localhost:8123
# Game ID: 718
# Board class: Saboteur.SaboteurBoard
# Timeout: 2000000000
# First Move Timeout: 30000
# Date: Thu Apr 09 01:30:18 EDT 2020
# Player 1: Player-0, '260729805', running on localhost
# Player 2: Player-1, 'RandomPlayer', running on localhost
START Player-0 260729805
START Player-1 RandomPlayer
BoardInit:Tile:10,Tile:9,Tile:6,Tile:7,Tile:3,Tile:2,Tile:1,Bonus,Tile:5,Tile:0,Tile:9,Tile:10,Tile:4,Tile:6,Map,Destroy,Tile:0,Tile:8,Tile:9,Bonus,Tile:0,Bonus,Bonus,Map,Tile:6,Tile:7,Tile:8,Malus,Tile:9,Destroy,Map,Tile:7,Tile:5,Tile:6,Map,Map,Tile:12,Tile:6,Tile:8,Tile:14,Tile:5-Tile:7,Tile:15,Map,Malus,Tile:9,Tile:10,Destroy-Tile:11,Tile:8,Tile:8,Tile:5,Tile:0,Tile:7,Tile:13-Tile:nugget,Tile:hidden2,Tile:hidden1
Drop 2 0 1
Tile:5_flip 6 5 0
Tile:7 6 4 1
Tile:7_flip 5 6 0
Drop 2 0 1
Tile:0 6 6 0
Destroy 5 6 1
Tile:7_flip 5 6 0
Drop 0 0 1
Tile:8 7 6 0
Drop 1 0 1
Tile:0 8 6 0
Tile:3_flip 7 7 1
Tile:8 9 6 0
Tile:1 8 7 1
Tile:11 5 4 0
Tile:5 9 5 1
Destroy 5 4 0
Tile:9 7 5 1
Tile:13 5 4 0
Tile:9_flip 5 3 1
Tile:2 4 5 0
Tile:0 3 5 1
Drop 6 0 0
Drop 4 0 1
Map 12 3 0
Tile:6_flip 4 3 1
Drop 6 0 0
Tile:4 5 2 1
Drop 6 0 0
Tile:6 10 5 1
Destroy 6 5 0
Tile:10 4 6 1
Drop 6 0 0
Tile:5_flip 9 7 1
Drop 6 0 0
Tile:0 11 5 1
Tile:9_flip 12 4 0
GAMEOVER WINNER 0
# Game ended: Thu Apr 09 01:30:19 EDT 2020
