# Server version 0.08 running on 192.168.1.5:8123
# Game ID: 174
# Board class: Saboteur.SaboteurBoard
# Timeout: 2000000000
# First Move Timeout: 30000
# Date: Tue Mar 31 21:15:33 EDT 2020
# Player 1: Player-0, '260729805', running on 192.168.1.5
# Player 2: Player-1, 'RandomPlayer', running on 192.168.1.5
START Player-0 260729805
START Player-1 RandomPlayer
BoardInit:Destroy,Tile:9,Tile:5,Tile:7,Tile:12,Tile:5,Tile:11,Tile:8,Destroy,Tile:0,Tile:10,Tile:7,Tile:4,Malus,Tile:8,Tile:6,Tile:6,Tile:14,Map,Tile:6,Map,Tile:0,Tile:2,Bonus,Tile:5,Tile:8,Tile:7,Tile:0,Tile:8,Map,Tile:9,Bonus,Bonus,Tile:10,Tile:9,Destroy,Malus,Tile:15,Tile:7,Tile:6,Tile:13-Tile:5,Tile:10,Map,Bonus,Tile:9,Map,Tile:0-Tile:1,Tile:6,Map,Tile:7,Tile:8,Tile:3,Tile:9-Tile:hidden1,Tile:hidden2,Tile:nugget
Map 12 5 1
Map 12 5 0
Drop 1 0 1
Tile:6 6 5 0
Drop 4 0 1
Tile:7 7 5 0
Destroy 7 5 1
Tile:8 7 5 0
Tile:11 5 4 1
Tile:9_flip 8 5 0
Tile:9_flip 5 6 1
Tile:9 8 4 0
Drop 0 0 1
Tile:7 9 4 0
Tile:10 7 4 1
Tile:7_flip 9 5 0
Tile:8 7 3 1
Tile:8 10 5 0
Tile:6 10 6 1
Tile:0 11 5 0
Tile:4 10 4 1
Tile:6_flip 11 6 0
Drop 1 0 1
Tile:5_flip 12 6 0
Tile:2 5 3 1
Tile:6 11 7 0
GAMEOVER WINNER 0
# Game ended: Tue Mar 31 21:16:13 EDT 2020
