# Server version 0.08 running on localhost:8123
# Game ID: 933
# Board class: Saboteur.SaboteurBoard
# Timeout: 2000000000
# First Move Timeout: 30000
# Date: Sat Apr 11 02:05:49 EDT 2020
# Player 1: Player-0, '260729805', running on localhost
# Player 2: Player-1, 'RandomPlayer', running on localhost
START Player-0 260729805
START Player-1 RandomPlayer
BoardInit:Tile:6,Map,Map,Tile:9,Tile:2,Tile:15,Tile:6,Tile:5,Tile:10,Tile:9,Malus,Tile:8,Tile:6,Tile:5,Map,Tile:0,Tile:6,Tile:0,Tile:12,Bonus,Tile:14,Tile:7,Tile:0,Tile:9,Malus,Tile:7,Tile:7,Tile:10,Destroy,Bonus,Tile:7,Tile:13,Tile:6,Tile:5,Map,Tile:3,Tile:7,Map,Destroy,Tile:9,Tile:10-Tile:0,Bonus,Tile:1,Tile:11,Tile:5,Destroy,Tile:8-Bonus,Tile:4,Tile:8,Tile:9,Map,Tile:8,Tile:8-Tile:hidden2,Tile:hidden1,Tile:nugget
Drop 2 0 1
Map 12 3 0
Tile:0 4 5 1
Map 12 5 0
Drop 4 0 1
Tile:8 6 5 0
Destroy 6 5 1
Tile:9_flip 6 5 0
Tile:6 3 5 1
Tile:5_flip 6 6 0
Tile:6 5 6 1
Tile:8 6 4 0
Tile:5 5 4 1
Tile:8 7 4 0
Tile:10 7 5 1
Tile:5_flip 8 4 0
Tile:2 4 6 1
Tile:9 7 6 0
Drop 1 0 1
Tile:0 8 6 0
Tile:6_flip 9 6 1
Tile:9_flip 10 6 0
Tile:14_flip 3 6 1
Tile:8 9 7 0
Map 12 7 1
Tile:9 9 8 0
Tile:6_flip 8 3 1
Tile:0 10 8 0
Drop 3 0 1
Tile:10 9 9 0
Malus 0 0 1
Bonus 0 0 0
Destroy 3 6 1
Tile:7_flip 9 10 0
Tile:6_flip 3 6 1
Tile:7 10 10 0
Tile:7_flip 2 6 1
Tile:5 8 7 0
Tile:0 11 8 1
Tile:13 12 8 0
Tile:7 10 5 1
Tile:9_flip 8 8 0
Tile:10 6 3 1
Tile:4_flip 8 9 0
Drop 4 0 1
Tile:3 13 8 0
Destroy 6 3 1
Tile:15 12 9 0
Map 12 3 1
Drop 2 0 0
Drop 1 0 1
Drop 1 0 0
Map 12 3 1
Drop 0 0 0
Drop 0 0 1
GAMEOVER DRAW
# Game ended: Sat Apr 11 02:05:50 EDT 2020
