# Server version 0.08 running on macbook-pro-5.local:8123
# Game ID: 600
# Board class: Saboteur.SaboteurBoard
# Timeout: 2000000000
# First Move Timeout: 30000
# Date: Wed Apr 08 23:04:45 EDT 2020
# Player 1: Player-0, '260729805', running on macbook-pro-5.local
# Player 2: Player-1, 'RandomPlayer', running on macbook-pro-5.local
START Player-0 260729805
START Player-1 RandomPlayer
BoardInit:Tile:8,Tile:10,Tile:9,Tile:6,Tile:11,Tile:6,Tile:8,Tile:9,Tile:8,Tile:7,Tile:15,Tile:6,Destroy,Map,Map,Tile:3,Tile:9,Destroy,Tile:8,Tile:4,Tile:8,Tile:8,Tile:8,Tile:8,Tile:6,Tile:8,Destroy,Tile:8,Map,Destroy,Tile:2,Tile:0,Tile:0,Tile:7,Tile:8,Bonus,Tile:8,Malus,Map,Tile:9,Tile:9,Tile:1,Tile:0,Tile:5,Tile:8,Bonus,Tile:8,Tile:5,Tile:8,Tile:7,Tile:5,Tile:14,Destroy,Malus,Tile:5,Bonus,Tile:8,Destroy,Tile:8,Bonus,Tile:13,Map,Tile:10,Tile:8,Tile:8-Tile:0,Tile:8,Destroy,Tile:8,Tile:12,Tile:7,Tile:7-Destroy,Tile:10,Destroy,Tile:6,Destroy,Map,Destroy-Tile:nugget,Tile:hidden1,Tile:hidden2
Tile:8 5 6 1
Map 12 3 0
Tile:8 4 6 1
Tile:6 6 5 0
Tile:8 3 6 1
Tile:6 7 5 0
Destroy 6 5 1
Tile:6 6 5 0
Tile:8 5 4 1
Tile:9_flip 8 5 0
Tile:7_flip 4 4 1
Tile:7 8 4 0
Drop 2 0 1
Tile:6 8 6 0
Destroy 4 4 1
Tile:10 5 3 0
Tile:8 3 7 1
Tile:10 5 2 0
Tile:9_flip 4 7 1
Tile:3 9 6 0
Map 12 3 1
Destroy 9 6 0
Tile:9 5 1 1
Tile:8 9 6 0
Drop 3 0 1
Tile:8 10 6 0
Tile:12_flip 7 6 1
Tile:8 9 7 0
Tile:6_flip 3 5 1
Tile:8 7 4 0
Map 12 7 1
Destroy 7 6 0
Tile:2_flip 11 6 1
Tile:0 8 7 0
Tile:8 6 4 1
Tile:7 7 3 0
Tile:11 9 5 1
Destroy 9 5 0
Tile:8 12 6 1
Tile:4 9 5 0
Destroy 9 5 1
Tile:9 9 5 0
Tile:8 4 5 1
Destroy 10 6 0
Tile:0 13 6 1
Tile:1 7 7 0
Tile:0 6 6 1
Destroy 4 6 0
Tile:8 4 6 1
Tile:5_flip 6 1 0
Tile:8 4 4 1
Tile:7 11 5 0
Tile:8 2 5 1
Destroy 4 6 0
Destroy 5 2 1
Tile:14 4 8 0
Tile:8 10 6 1
Drop 2 0 0
Tile:9 5 2 1
Destroy 9 6 0
Tile:8 10 7 1
Map 12 5 0
Map 12 7 1
Tile:5 2 7 0
Tile:0 7 6 1
Drop 5 0 0
Tile:5_flip 10 8 1
Tile:8 6 0 0
Tile:13 5 0 1
Drop 3 0 0
Tile:8 4 6 1
Drop 1 0 0
Tile:5 6 3 1
Drop 0 0 0
Tile:8 7 0 1
Drop 1 0 0
Tile:8 4 0 1
Malus 0 0 0
Drop 0 0 1
GAMEOVER DRAW
# Game ended: Wed Apr 08 23:05:14 EDT 2020
