# Server version 0.08 running on localhost:8123
# Game ID: 387
# Board class: Saboteur.SaboteurBoard
# Timeout: 2000000000
# First Move Timeout: 30000
# Date: Sat Apr 04 00:37:52 EDT 2020
# Player 1: Player-0, '260729805', running on localhost
# Player 2: Player-1, 'RandomPlayer', running on localhost
START Player-0 260729805
START Player-1 RandomPlayer
BoardInit:Malus,Tile:10,Tile:0,Tile:3,Tile:8,Tile:0,Bonus,Tile:7,Tile:7,Tile:0,Tile:10,Tile:13,Map,Tile:6,Bonus,Tile:8,Tile:9,Tile:2,Tile:7,Map,Tile:14,Map,Tile:9,Tile:7,Tile:8,Tile:9,Malus,Tile:6,Tile:7,Tile:1,Tile:11,Tile:4,Tile:10,Map,Tile:15,Tile:5,Map,Tile:9,Destroy,Map,Bonus-Tile:5,Tile:5,Tile:8,Tile:12,Tile:0,Tile:8,Tile:5-Tile:9,Bonus,Tile:6,Tile:6,Destroy,Destroy,Tile:6-Tile:hidden1,Tile:nugget,Tile:hidden2
Tile:5 5 4 1
Tile:6 6 5 0
Drop 1 0 1
Tile:6 7 5 0
Tile:8 6 4 1
Tile:6 8 5 0
Tile:5 6 3 1
Tile:0 9 5 0
Tile:8 10 5 1
Tile:7 11 5 0
Drop 1 0 1
Tile:0 7 3 0
Tile:7 10 4 1
Destroy 11 5 0
Malus 0 0 1
Bonus 0 0 0
Tile:5_flip 5 6 1
Tile:6 11 5 0
GAMEOVER WINNER 0
# Game ended: Sat Apr 04 00:37:52 EDT 2020
