# Server version 0.08 running on localhost:8123
# Game ID: 583
# Board class: Saboteur.SaboteurBoard
# Timeout: 2000000000
# First Move Timeout: 30000
# Date: Sun Apr 05 20:58:15 EDT 2020
# Player 1: Player-0, '260729805', running on localhost
# Player 2: Player-1, 'RandomPlayer', running on localhost
START Player-0 260729805
START Player-1 RandomPlayer
BoardInit:Destroy,Tile:6,Tile:7,Tile:8,Map,Tile:5,Tile:6,Tile:0,Tile:8,Tile:10,Tile:9,Tile:7,Malus,Tile:12,Tile:0,Tile:9,Map,Tile:1,Tile:5,Tile:0,Tile:11,Tile:6,Bonus,Tile:13,Tile:14,Tile:8,Bonus,Tile:7,Malus,Destroy,Tile:8,Bonus,Tile:3,Tile:10,Tile:9,Tile:9,Map,Map,Tile:8,Tile:2,Tile:5-Tile:6,Tile:6,Destroy,Tile:9,Tile:15,Bonus,Tile:7-Tile:4,Map,Tile:7,Tile:0,Tile:10,Map,Tile:5-Tile:hidden2,Tile:nugget,Tile:hidden1
Tile:7 5 4 1
Map 12 3 0
Tile:6 5 6 1
Map 12 5 0
Drop 4 0 1
Tile:7 6 5 0
Destroy 6 5 1
Tile:0 6 5 0
Tile:7 7 5 1
Tile:5_flip 7 6 0
Tile:9 4 4 1
Tile:6_flip 6 6 0
Tile:6 4 5 1
Tile:5_flip 6 7 0
Tile:6 3 5 1
Tile:0 5 7 0
Drop 1 0 1
Tile:7 4 3 0
Tile:0 3 3 1
Tile:8 4 7 0
Map 12 5 1
Tile:10 4 8 0
Tile:8 2 3 1
Tile:10 4 9 0
Tile:9 3 7 1
Tile:9 4 10 0
Tile:11_flip 2 2 1
Tile:8 5 10 0
Tile:14_flip 3 6 1
Tile:0 6 10 0
Map 12 5 1
Tile:6 7 10 0
Tile:15 2 1 1
Tile:7 7 9 0
Tile:3 3 4 1
Tile:10 5 9 0
Tile:9 2 4 1
Tile:9_flip 8 10 0
Map 12 5 1
Destroy 3 4 0
Drop 2 0 1
Tile:4 8 9 0
Tile:8 4 11 1
Tile:12_flip 6 9 0
Drop 4 0 1
Drop 4 0 0
Tile:5_flip 5 11 1
Tile:13 8 11 0
Tile:5 5 8 1
Tile:1 6 8 0
Drop 0 0 1
Drop 1 0 0
Malus 0 0 1
Bonus 0 0 0
Drop 0 0 1
GAMEOVER DRAW
# Game ended: Sun Apr 05 20:58:16 EDT 2020
