# Server version 0.08 running on localhost:8123
# Game ID: 1037
# Board class: Saboteur.SaboteurBoard
# Timeout: 2000000000
# First Move Timeout: 30000
# Date: Sat Apr 11 14:00:26 EDT 2020
# Player 1: Player-0, '260729805', running on localhost
# Player 2: Player-1, 'RandomPlayer', running on localhost
START Player-0 260729805
START Player-1 RandomPlayer
BoardInit:Tile:10,Tile:6,Map,Tile:13,Map,Tile:7,Tile:10,Tile:5,Tile:0,Tile:0,Tile:6,Tile:8,Tile:10,Tile:3,Map,Bonus,Tile:9,Destroy,Map,Destroy,Tile:2,Tile:7,Tile:9,Tile:5,Tile:8,Map,Malus,Tile:9,Tile:8,Tile:5,Tile:0,Bonus,Tile:15,Tile:1,Tile:11,Tile:14,Tile:9,Tile:12,Tile:8,Tile:9,Tile:4-Destroy,Tile:5,Bonus,Map,Tile:6,Tile:6,Tile:7-Tile:8,Tile:6,Bonus,Malus,Tile:7,Tile:0,Tile:7-Tile:hidden2,Tile:hidden1,Tile:nugget
Tile:6_flip 5 4 1
Malus 0 0 0
Drop 1 0 1
Tile:6 6 4 0
Drop 1 0 1
Tile:7 7 4 0
Drop 4 0 1
Tile:7_flip 7 5 0
Map 12 5 1
Tile:8 8 5 0
Map 12 5 1
Tile:0 9 5 0
Destroy 5 4 1
Tile:8 5 4 0
Map 12 7 1
Tile:6 10 5 0
Map 12 7 1
Tile:0 11 5 0
Drop 3 0 1
Tile:7 12 4 0
Drop 4 0 1
Tile:5 10 4 0
Drop 5 0 1
Tile:7 13 5 0
Drop 2 0 1
Tile:5 8 4 0
Drop 0 0 1
Tile:13 12 6 0
Drop 6 0 1
Tile:9_flip 13 6 0
Drop 0 0 1
Tile:5_flip 13 7 0
GAMEOVER WINNER 0
# Game ended: Sat Apr 11 14:00:33 EDT 2020
