# Server version 0.08 running on localhost:8123
# Game ID: 577
# Board class: Saboteur.SaboteurBoard
# Timeout: 2000000000
# First Move Timeout: 30000
# Date: Sun Apr 05 20:53:59 EDT 2020
# Player 1: Player-0, '260729805', running on localhost
# Player 2: Player-1, 'RandomPlayer', running on localhost
START Player-0 260729805
START Player-1 RandomPlayer
BoardInit:Tile:7,Destroy,Tile:6,Bonus,Tile:7,Tile:5,Tile:10,Tile:5,Tile:9,Tile:0,Tile:6,Tile:6,Tile:1,Tile:7,Tile:8,Tile:7,Tile:5,Tile:4,Tile:10,Tile:7,Destroy,Bonus,Map,Map,Tile:0,Tile:15,Tile:6,Tile:11,Map,Map,Tile:14,Tile:9,Malus,Tile:2,Tile:8,Tile:8,Tile:9,Tile:9,Tile:0,Destroy,Map-Bonus,Tile:8,Tile:10,Tile:0,Map,Tile:3,Tile:8-Tile:9,Tile:13,Malus,Bonus,Tile:6,Tile:12,Tile:5-Tile:nugget,Tile:hidden2,Tile:hidden1
Tile:8 6 5 1
Tile:6 7 5 0
Tile:8 5 6 1
Tile:5_flip 8 5 0
Tile:3 6 4 1
Tile:9 8 4 0
Tile:6 9 4 1
Tile:5_flip 10 4 0
Tile:7 9 3 1
Tile:5 8 3 0
Tile:10 5 7 1
Tile:0 4 5 0
Tile:10 7 4 1
Tile:6 6 6 0
Tile:6 5 8 1
Tile:7 7 6 0
Tile:0 4 6 1
Tile:7 7 3 0
Tile:9 3 5 1
Destroy 6 4 0
Tile:7_flip 3 6 1
Tile:7_flip 7 7 0
Destroy 6 5 1
Tile:12 8 7 0
Map 12 7 1
Map 12 3 0
Tile:10 10 3 1
Tile:13 10 2 0
Tile:6 6 8 1
Tile:4 5 4 0
Tile:1 4 8 1
Tile:15 10 1 0
Tile:0 9 2 1
Tile:9 3 4 0
Tile:14 4 4 1
Tile:11 10 0 0
Drop 6 0 1
Tile:8 6 5 0
Tile:5 6 3 1
Tile:9 3 3 0
Drop 4 0 1
Destroy 10 2 0
Tile:0 7 8 1
Tile:2 11 0 0
Map 12 5 1
Drop 4 0 0
Map 12 3 1
Drop 3 0 0
Tile:9_flip 4 3 1
Drop 2 0 0
Tile:8 3 2 1
Drop 1 0 0
Map 12 3 1
Malus 0 0 0
Bonus 0 0 1
GAMEOVER DRAW
# Game ended: Sun Apr 05 20:54:39 EDT 2020
