# Server version 0.08 running on localhost:8123
# Game ID: 407
# Board class: Saboteur.SaboteurBoard
# Timeout: 2000000000
# First Move Timeout: 30000
# Date: Sat Apr 04 20:43:21 EDT 2020
# Player 1: Player-0, '260729805', running on localhost
# Player 2: Player-1, 'RandomPlayer', running on localhost
START Player-0 260729805
START Player-1 RandomPlayer
BoardInit:Tile:6,Tile:9,Destroy,Tile:0,Tile:6,Tile:6,Tile:4,Tile:10,Tile:9,Tile:5,Tile:10,Tile:7,Tile:7,Tile:3,Tile:8,Bonus,Tile:8,Tile:7,Tile:12,Tile:9,Destroy,Map,Tile:10,Tile:0,Map,Tile:13,Tile:8,Tile:7,Destroy,Tile:9,Tile:6,Tile:15,Tile:6,Tile:5,Bonus,Map,Tile:0,Tile:11,Tile:14,Map,Map-Tile:5,Malus,Tile:0,Tile:5,Bonus,Tile:8,Tile:9-Tile:8,Malus,Tile:1,Tile:2,Tile:7,Bonus,Map-Tile:nugget,Tile:hidden2,Tile:hidden1
Drop 3 0 1
Map 12 3 0
Tile:5 5 4 1
Tile:7 6 5 0
Tile:0 4 5 1
Tile:0 6 4 0
Drop 2 0 1
Tile:6 7 4 0
Destroy 6 5 1
Tile:1 8 4 0
Malus 0 0 1
Bonus 0 0 0
Tile:6_flip 6 5 1
Tile:7 7 5 0
Tile:10 7 6 1
Tile:5_flip 7 7 0
Tile:9_flip 6 6 1
Tile:2 9 4 0
Tile:6 6 7 1
Tile:7 7 3 0
Tile:8 3 5 1
Tile:8 5 7 0
Tile:8 5 8 1
Map 12 7 0
Destroy 8 4 1
Tile:9 5 6 0
Tile:7 3 4 1
Tile:10 5 9 0
Tile:9 2 4 1
Tile:9 5 10 0
Tile:8 2 5 1
Tile:9_flip 6 10 0
Tile:4 6 9 1
Tile:7 2 3 0
Tile:10 2 6 1
Tile:5 4 7 0
Tile:6 6 3 1
Map 12 7 0
Map 12 5 1
Tile:0 8 4 0
Destroy 2 6 1
Map 12 7 0
Tile:6 1 5 1
Tile:3 10 4 0
Map 12 3 1
Tile:13 9 5 0
Tile:14_flip 8 5 1
Tile:15 9 6 0
Tile:0 1 3 1
Tile:11 9 7 0
Tile:12 6 8 1
Drop 1 0 0
Drop 1 0 1
Malus 0 0 0
Bonus 0 0 1
GAMEOVER DRAW
# Game ended: Sat Apr 04 20:43:21 EDT 2020
