# Server version 0.08 running on macbook-pro-5.local:8123
# Game ID: 844
# Board class: Saboteur.SaboteurBoard
# Timeout: 2000000000
# First Move Timeout: 30000
# Date: Thu Apr 09 16:45:42 EDT 2020
# Player 1: Player-0, '260729805', running on localhost
# Player 2: Player-1, 'RandomPlayer', running on localhost
START Player-0 260729805
START Player-1 RandomPlayer
BoardInit:Tile:5,Tile:9,Tile:13,Tile:8,Map,Tile:6,Tile:8,Tile:6,Tile:0,Destroy,Tile:9,Tile:10,Tile:5,Tile:12,Tile:2,Map,Tile:10,Malus,Tile:6,Tile:0,Tile:11,Tile:0,Tile:6,Tile:7,Tile:7,Tile:14,Bonus,Tile:15,Tile:9,Map,Destroy,Destroy,Map,Malus,Bonus,Tile:7,Tile:5,Tile:8,Tile:0,Tile:8,Map-Tile:1,Tile:10,Tile:9,Map,Tile:5,Tile:3,Tile:6-Tile:7,Bonus,Bonus,Tile:9,Tile:7,Tile:8,Tile:4-Tile:nugget,Tile:hidden2,Tile:hidden1
Tile:6 6 5 1
Tile:7 7 5 0
Tile:5_flip 7 6 1
Tile:7 6 4 0
Drop 4 0 1
Tile:9 5 4 0
Tile:1 6 6 1
Tile:6 5 6 0
Drop 0 0 1
Tile:6_flip 5 3 0
Map 12 3 1
Tile:9 4 5 0
Tile:9 4 3 1
Drop 1 0 0
Tile:13 4 6 1
Tile:10 4 2 0
Tile:2_flip 6 3 1
Drop 4 0 0
Tile:0 7 3 1
Map 12 3 0
Tile:9_flip 8 3 1
Tile:8 8 2 0
Map 12 3 1
Tile:8 9 2 0
Drop 4 0 1
Tile:0 10 2 0
Tile:6 7 2 1
Tile:0 11 2 0
Tile:8 9 1 1
Tile:7 12 2 0
Tile:10 4 4 1
Tile:4 4 1 0
Destroy 10 2 1
Tile:14_flip 6 2 0
Tile:11_flip 7 1 1
Destroy 7 2 0
Tile:9 8 4 1
Tile:7 10 1 0
Tile:5_flip 4 7 1
Tile:8 10 2 0
Tile:5 3 6 1
Tile:8 10 3 0
Tile:7_flip 3 7 1
Tile:12 11 3 0
Drop 4 0 1
Tile:15 10 4 0
Map 12 5 1
Drop 3 0 0
Map 12 3 1
Drop 2 0 0
Tile:5 8 1 1
Drop 1 0 0
Drop 1 0 1
Drop 0 0 0
Drop 0 0 1
GAMEOVER DRAW
# Game ended: Thu Apr 09 16:45:43 EDT 2020
