# Server version 0.08 running on macbook-pro-5.local:8123
# Game ID: 638
# Board class: Saboteur.SaboteurBoard
# Timeout: 2000000000
# First Move Timeout: 30000
# Date: Thu Apr 09 00:24:31 EDT 2020
# Player 1: Player-0, '260729805', running on macbook-pro-5.local
# Player 2: Player-1, 'Human', running on macbook-pro-5.local
START Player-0 260729805
START Player-1 Human
BoardInit:Tile:6,Tile:9,Tile:9,Tile:10,Tile:8,Bonus,Tile:9,Tile:0,Tile:7,Bonus,Tile:6,Tile:8,Tile:6,Tile:9,Map,Bonus,Tile:8,Tile:9,Tile:8,Tile:4,Malus,Tile:7,Tile:8,Tile:7,Tile:12,Tile:2,Tile:13,Map,Tile:0,Map,Tile:6,Destroy,Destroy,Tile:10,Tile:10,Map,Map,Tile:6,Destroy,Tile:3,Tile:1-Tile:15,Bonus,Map,Tile:5,Tile:0,Tile:5,Tile:5-Tile:7,Tile:14,Tile:0,Malus,Tile:11,Tile:5,Tile:7-Tile:hidden2,Tile:hidden1,Tile:nugget
Tile:0 6 5 1
Tile:7 7 5 0
Tile:6 7 6 1
Tile:0 8 6 0
Map 12 7 1
Tile:5_flip 9 6 0
Tile:5 9 5 1
Tile:14 5 6 0
Tile:9 5 4 1
Tile:11 4 5 0
Tile:8 10 5 1
Tile:0 11 5 0
Tile:7 5 3 1
Tile:9 12 4 0
Tile:6 4 3 1
Tile:10 12 6 0
GAMEOVER WINNER 0
# Game ended: Thu Apr 09 00:25:41 EDT 2020
