# Server version 0.08 running on macbook-pro-5.local:8123
# Game ID: 819
# Board class: Saboteur.SaboteurBoard
# Timeout: 2000000000
# First Move Timeout: 30000
# Date: Thu Apr 09 02:32:32 EDT 2020
# Player 1: Player-0, '260729805', running on macbook-pro-5.local
# Player 2: Player-1, 'RandomPlayer', running on macbook-pro-5.local
START Player-0 260729805
START Player-1 RandomPlayer
BoardInit:Tile:7,Tile:8,Tile:9,Tile:5,Tile:6,Destroy,Tile:6,Tile:10,Map,Tile:13,Tile:9,Tile:8,Tile:4,Tile:12,Tile:8,Tile:3,Bonus,Map,Destroy,Map,Tile:6,Tile:0,Tile:10,Tile:9,Tile:2,Tile:7,Tile:1,Map,Tile:6,Tile:8,Tile:0,Tile:8,Tile:10,Malus,Tile:7,Destroy,Tile:9,Tile:9,Malus,Tile:5,Tile:7-Bonus,Tile:11,Tile:7,Map,Tile:5,Tile:0,Bonus-Tile:6,Tile:14,Map,Bonus,Tile:0,Tile:5,Tile:15-Tile:nugget,Tile:hidden1,Tile:hidden2
Tile:11 4 5 1
Map 12 3 0
Tile:5 4 4 1
Tile:6 6 5 0
Tile:9_flip 5 4 1
Tile:0 7 5 0
Tile:6 5 6 1
Destroy 4 4 0
Tile:0 8 5 1
Tile:5_flip 9 5 0
Drop 1 0 1
Tile:5 9 4 0
Tile:6 4 6 1
Tile:8 10 4 0
Drop 2 0 1
Tile:10 10 3 0
Tile:9 6 4 1
Tile:8 10 2 0
Tile:4_flip 10 5 1
Tile:12 11 2 0
Tile:7_flip 9 2 1
Tile:14 11 4 0
Destroy 11 2 1
Tile:0 7 4 0
Drop 4 0 1
Tile:9 11 3 0
Tile:6_flip 4 4 1
Tile:7 11 2 0
GAMEOVER WINNER 0
# Game ended: Thu Apr 09 02:33:14 EDT 2020
