# Server version 0.08 running on localhost:8123
# Game ID: 789
# Board class: Saboteur.SaboteurBoard
# Timeout: 2000000000
# First Move Timeout: 30000
# Date: Thu Apr 09 02:10:57 EDT 2020
# Player 1: Player-0, '260729805', running on localhost
# Player 2: Player-1, 'RandomPlayer', running on localhost
START Player-0 260729805
START Player-1 RandomPlayer
BoardInit:Tile:8,Tile:6,Destroy,Bonus,Tile:5,Tile:6,Tile:14,Tile:0,Tile:8,Map,Map,Tile:6,Tile:15,Tile:9,Tile:5,Tile:7,Tile:10,Tile:1,Tile:2,Tile:10,Map,Tile:6,Tile:8,Tile:12,Map,Tile:7,Destroy,Malus,Tile:11,Tile:6,Tile:8,Tile:9,Tile:0,Tile:7,Bonus,Tile:9,Bonus,Tile:13,Tile:3,Tile:9,Tile:5-Tile:5,Tile:7,Tile:0,Tile:10,Map,Map,Bonus-Tile:7,Tile:4,Malus,Destroy,Tile:0,Tile:9,Tile:8-Tile:hidden1,Tile:nugget,Tile:hidden2
Drop 2 0 1
Tile:7 6 5 0
Drop 1 0 1
Tile:6 6 6 0
Tile:8 5 6 1
Tile:0 7 6 0
Destroy 7 6 1
Tile:6 7 6 0
Tile:5 4 6 1
Tile:0 8 6 0
Drop 1 0 1
Map 12 3 0
Tile:14_flip 5 4 1
Tile:6 9 6 0
Map 12 7 1
Tile:9_flip 10 6 0
Tile:10 10 5 1
Tile:7 10 4 0
Map 12 7 1
Tile:8 10 7 0
Tile:2_flip 6 4 1
Tile:9_flip 11 7 0
Tile:5 11 6 1
Tile:6 12 6 0
GAMEOVER WINNER 0
# Game ended: Thu Apr 09 02:10:57 EDT 2020
