# Server version 0.08 running on macbook-pro-5.local:8123
# Game ID: 862
# Board class: Saboteur.SaboteurBoard
# Timeout: 2000000000
# First Move Timeout: 30000
# Date: Fri Apr 10 23:35:57 EDT 2020
# Player 1: Player-0, '260729805', running on macbook-pro-5.local
# Player 2: Player-1, 'Human', running on macbook-pro-5.local
START Player-0 260729805
START Player-1 Human
BoardInit:Tile:13,Tile:8,Bonus,Malus,Tile:8,Map,Tile:7,Tile:8,Tile:12,Tile:8,Tile:15,Tile:1,Tile:9,Tile:8,Tile:8,Tile:8,Malus,Tile:6,Tile:9,Tile:0,Malus,Tile:7,Tile:10,Malus,Tile:10,Tile:5,Malus,Tile:8,Tile:0,Map,Tile:6,Tile:5,Tile:7,Tile:8,Tile:8,Bonus,Map,Malus,Destroy,Tile:2,Tile:8,Malus,Malus,Tile:5,Malus,Bonus,Destroy,Tile:8,Tile:8,Tile:7,Malus,Malus,Tile:8,Tile:6,Malus,Tile:14,Bonus,Tile:6,Destroy,Tile:8,Tile:7,Map,Tile:0,Tile:5,Tile:0,Tile:4,Tile:8,Tile:11-Tile:9,Malus,Map,Tile:9,Tile:8,Tile:10,Tile:9-Tile:8,Tile:8,Tile:8,Tile:6,Tile:8,Tile:3,Map-Tile:hidden2,Tile:nugget,Tile:hidden1
Tile:8 6 5 1
Map 12 3 0
Drop 6 0 1
Tile:6 7 5 0
Drop 5 0 1
Tile:8 8 5 0
Tile:8 9 5 1
Malus 0 0 0
Drop 6 0 1
Map 12 5 0
Drop 6 0 1
Tile:8 10 5 0
Bonus 0 0 1
Tile:8 11 5 0
GAMEOVER WINNER 0
# Game ended: Fri Apr 10 23:36:50 EDT 2020
