# Server version 0.08 running on macbook-pro-5.local:8123
# Game ID: 680
# Board class: Saboteur.SaboteurBoard
# Timeout: 2000000000
# First Move Timeout: 30000
# Date: Thu Apr 09 01:09:56 EDT 2020
# Player 1: Player-0, '260729805', running on macbook-pro-5.local
# Player 2: Player-1, 'RandomPlayer', running on macbook-pro-5.local
START Player-0 260729805
START Player-1 RandomPlayer
BoardInit:Tile:8,Tile:6,Map,Tile:15,Tile:8,Tile:7,Tile:6,Tile:6,Tile:9,Tile:5,Tile:5,Tile:0,Tile:4,Tile:12,Tile:7,Tile:0,Map,Tile:7,Tile:5,Tile:7,Tile:13,Tile:10,Tile:7,Tile:8,Tile:9,Tile:11,Tile:3,Map,Tile:5,Tile:9,Map,Tile:0,Tile:0,Tile:9,Tile:1,Bonus,Malus,Tile:8,Tile:14,Tile:9,Tile:10-Map,Destroy,Destroy,Tile:6,Tile:8,Bonus,Destroy-Bonus,Tile:6,Bonus,Tile:2,Tile:10,Malus,Map-Tile:hidden1,Tile:nugget,Tile:hidden2
Map 12 3 1
Map 12 3 0
Drop 1 0 1
Tile:6 6 5 0
Tile:8 5 4 1
Tile:6_flip 6 4 0
Drop 4 0 1
Tile:7 7 5 0
Tile:6 7 4 1
Tile:6 8 4 0
Tile:6 5 6 1
Tile:5_flip 9 4 0
Tile:9 7 6 1
Tile:10 9 3 0
Destroy 9 3 1
Tile:0 8 6 0
Tile:7 6 6 1
Tile:0 9 6 0
Tile:8 6 7 1
Tile:7 10 6 0
Destroy 6 4 1
Tile:7_flip 6 8 0
Tile:5_flip 7 8 1
Tile:10 5 3 0
Tile:5 7 3 1
Tile:8 7 7 0
Tile:13 6 4 1
Tile:12 8 7 0
Tile:4 5 2 1
Map 12 5 0
Tile:5 4 5 1
Tile:9 4 6 0
Tile:9_flip 10 7 1
Tile:0 5 7 0
Map 12 7 1
Tile:9 4 7 0
Tile:3 9 3 1
Tile:2 8 3 0
Tile:1 4 4 1
Tile:15 6 3 0
Drop 0 0 1
Tile:11 6 2 0
Tile:10 10 8 1
Tile:8 10 9 0
Drop 4 0 1
Tile:9_flip 11 9 0
Map 12 7 1
Drop 3 0 0
Map 12 7 1
Drop 2 0 0
Tile:7 6 1 1
Drop 1 0 0
Tile:14_flip 11 8 1
Drop 0 0 0
Tile:0 9 9 1
GAMEOVER DRAW
# Game ended: Thu Apr 09 01:09:58 EDT 2020
