# Server version 0.08 running on localhost:8123
# Game ID: 385
# Board class: Saboteur.SaboteurBoard
# Timeout: 2000000000
# First Move Timeout: 30000
# Date: Sat Apr 04 00:33:43 EDT 2020
# Player 1: Player-0, '260729805', running on localhost
# Player 2: Player-1, 'RandomPlayer', running on localhost
START Player-0 260729805
START Player-1 RandomPlayer
BoardInit:Bonus,Tile:5,Map,Destroy,Tile:14,Tile:15,Tile:7,Tile:12,Tile:5,Tile:6,Tile:10,Malus,Tile:7,Tile:0,Tile:6,Map,Tile:8,Tile:11,Map,Tile:9,Tile:8,Tile:2,Tile:7,Tile:6,Tile:1,Tile:9,Tile:8,Tile:8,Tile:9,Tile:9,Tile:0,Tile:10,Map,Map,Tile:6,Tile:5,Bonus,Tile:5,Map,Bonus,Bonus-Tile:6,Tile:10,Tile:7,Tile:9,Tile:13,Tile:3,Tile:0-Malus,Tile:7,Destroy,Destroy,Tile:4,Tile:0,Tile:8-Tile:hidden1,Tile:hidden2,Tile:nugget
Tile:7_flip 5 6 1
Tile:7 6 5 0
Tile:10 5 4 1
Tile:4 5 3 0
Map 12 5 1
Tile:5 4 5 0
Drop 4 0 1
Destroy 6 5 0
Tile:9_flip 6 6 1
Destroy 6 6 0
Tile:14 6 5 1
Tile:0 6 6 0
Drop 0 0 1
Tile:12 7 6 0
Tile:10 6 4 1
Destroy 7 6 0
Tile:7 7 6 1
Map 12 3 0
Tile:5 6 3 1
Tile:6 7 7 0
Tile:6 7 3 1
Tile:8 8 7 0
Tile:8 9 7 1
Tile:9 9 6 0
Tile:13 8 8 1
Tile:0 10 6 0
Tile:3 7 2 1
Tile:9 9 5 0
Tile:8 8 3 1
Tile:8 9 4 0
Drop 3 0 1
Tile:9_flip 10 4 0
Drop 6 0 1
Tile:10 8 6 0
Tile:8 8 4 1
Map 12 5 0
Tile:6 10 5 1
Tile:6 11 5 0
Tile:1 13 5 1
Tile:2 7 8 0
Tile:9_flip 9 3 1
Tile:5_flip 12 6 0
Tile:7 10 7 1
Drop 3 0 0
Drop 4 0 1
Drop 4 0 0
Drop 0 0 1
Tile:15 8 5 0
Map 12 3 1
Drop 0 0 0
Drop 0 0 1
Tile:5 6 7 0
Drop 1 0 1
Malus 0 0 0
Bonus 0 0 1
GAMEOVER DRAW
# Game ended: Sat Apr 04 00:33:43 EDT 2020
