# Server version 0.08 running on localhost:8123
# Game ID: 710
# Board class: Saboteur.SaboteurBoard
# Timeout: 2000000000
# First Move Timeout: 30000
# Date: Thu Apr 09 01:24:53 EDT 2020
# Player 1: Player-0, '260729805', running on localhost
# Player 2: Player-1, 'Human', running on localhost
START Player-0 260729805
START Player-1 Human
BoardInit:Tile:5,Tile:13,Map,Tile:0,Tile:9,Tile:7,Tile:10,Tile:12,Tile:10,Tile:9,Map,Tile:9,Tile:9,Tile:8,Map,Malus,Destroy,Map,Tile:0,Tile:5,Tile:5,Tile:8,Tile:7,Tile:3,Tile:10,Tile:8,Tile:15,Tile:9,Tile:11,Tile:7,Tile:1,Tile:6,Tile:14,Tile:2,Tile:8,Map,Destroy,Tile:8,Tile:7,Tile:6,Malus-Tile:7,Bonus,Tile:6,Bonus,Tile:6,Bonus,Bonus-Tile:5,Destroy,Tile:0,Tile:4,Tile:6,Map,Tile:0-Tile:nugget,Tile:hidden1,Tile:hidden2
Tile:6 6 5 1
Map 12 3 0
Tile:6 7 5 1
Tile:5_flip 8 5 0
Tile:5 8 4 1
Tile:0 9 4 0
Map 12 3 1
Tile:6 10 4 0
Tile:9 10 3 1
Tile:0 11 3 0
GAMEOVER WINNER 0
# Game ended: Thu Apr 09 01:25:06 EDT 2020
