# Server version 0.08 running on macbook-pro-5.local:8123
# Game ID: 777
# Board class: Saboteur.SaboteurBoard
# Timeout: 2000000000
# First Move Timeout: 30000
# Date: Thu Apr 09 02:04:58 EDT 2020
# Player 1: Player-0, '260729805', running on macbook-pro-5.local
# Player 2: Player-1, 'RandomPlayer', running on macbook-pro-5.local
START Player-0 260729805
START Player-1 RandomPlayer
BoardInit:Tile:13,Tile:6,Tile:8,Tile:5,Map,Tile:6,Tile:7,Tile:8,Tile:2,Tile:7,Map,Tile:5,Tile:10,Malus,Map,Map,Tile:8,Bonus,Tile:6,Map,Tile:7,Tile:12,Tile:1,Map,Tile:7,Tile:0,Tile:4,Destroy,Bonus,Tile:3,Tile:9,Destroy,Destroy,Tile:9,Tile:15,Tile:9,Bonus,Bonus,Tile:10,Malus,Tile:9-Tile:5,Tile:9,Tile:0,Tile:11,Tile:14,Tile:5,Tile:8-Tile:6,Tile:7,Tile:6,Tile:10,Tile:0,Tile:8,Tile:0-Tile:hidden2,Tile:nugget,Tile:hidden1
Tile:9_flip 6 5 1
Tile:6_flip 6 4 0
Tile:11 5 4 1
Tile:7 7 4 0
Tile:8 5 3 1
Tile:6 6 6 0
Tile:14_flip 4 5 1
Tile:0 7 6 0
Tile:13 8 6 1
Tile:6 5 6 0
Tile:7_flip 4 3 1
Tile:7_flip 7 5 0
Tile:2_flip 9 6 1
Tile:6_flip 8 5 0
Drop 2 0 1
Tile:8 9 5 0
Map 12 7 1
Tile:5_flip 10 5 0
Map 12 3 1
Tile:5 10 4 0
Map 12 5 1
Tile:10 9 4 0
Tile:6 8 7 1
Tile:8 9 3 0
Tile:8 9 2 1
Tile:0 10 3 0
Tile:5 4 2 1
Tile:0 11 3 0
Tile:7 10 6 1
Destroy 9 6 0
Tile:8 8 2 1
Tile:12 13 3 0
Tile:0 7 7 1
Destroy 13 3 0
Destroy 8 2 1
Tile:9 12 4 0
GAMEOVER WINNER 0
# Game ended: Thu Apr 09 02:05:56 EDT 2020
