# Server version 0.08 running on macbook-pro-5.local:8123
# Game ID: 716
# Board class: Saboteur.SaboteurBoard
# Timeout: 2000000000
# First Move Timeout: 30000
# Date: Thu Apr 09 01:29:00 EDT 2020
# Player 1: Player-0, '260729805', running on macbook-pro-5.local
# Player 2: Player-1, 'RandomPlayer', running on macbook-pro-5.local
START Player-0 260729805
START Player-1 RandomPlayer
BoardInit:Tile:9,Tile:4,Tile:8,Tile:13,Tile:9,Tile:9,Tile:8,Bonus,Tile:2,Tile:6,Tile:14,Tile:10,Tile:1,Bonus,Tile:10,Tile:0,Tile:8,Tile:8,Tile:5,Tile:15,Map,Tile:9,Map,Destroy,Map,Tile:0,Tile:0,Tile:6,Tile:12,Tile:9,Tile:7,Map,Tile:5,Tile:6,Tile:5,Malus,Malus,Destroy,Tile:7,Tile:11,Bonus-Tile:6,Bonus,Tile:7,Map,Tile:3,Tile:7,Destroy-Tile:10,Tile:6,Tile:5,Tile:0,Tile:7,Map,Tile:8-Tile:nugget,Tile:hidden1,Tile:hidden2
Drop 3 0 1
Map 12 3 0
Tile:7_flip 4 5 1
Tile:6 6 5 0
Tile:9 5 6 1
Tile:5_flip 7 5 0
Tile:9 6 4 1
Tile:7 7 4 0
Destroy 4 5 1
Tile:0 6 6 0
Tile:3 7 6 1
Tile:6_flip 6 3 0
Tile:8 4 5 1
Tile:8 5 3 0
Tile:14 4 6 1
Tile:10 5 2 0
Tile:2_flip 3 6 1
Tile:0 7 3 0
Tile:8 4 4 1
Tile:9_flip 8 3 0
Tile:8 3 5 1
Tile:10 8 4 0
Tile:10 5 1 1
Tile:8 8 2 0
Tile:5 5 0 1
Tile:9_flip 9 2 0
Tile:7 6 0 1
Destroy 4 6 0
Tile:6 2 6 1
Tile:4_flip 9 3 0
Tile:1 1 6 1
Tile:15 8 5 0
Tile:12_flip 7 2 1
Tile:13 5 7 0
Tile:5 3 4 1
Drop 6 0 0
Map 12 7 1
Drop 6 0 0
Tile:7 6 7 1
Destroy 5 6 0
Tile:5_flip 6 8 1
Tile:11_flip 5 4 0
Drop 0 0 1
Drop 5 0 0
Map 12 5 1
Drop 4 0 0
Drop 1 0 1
Drop 3 0 0
Tile:7_flip 5 8 1
Drop 2 0 0
Drop 1 0 1
Drop 1 0 0
Map 12 3 1
Drop 0 0 0
Drop 0 0 1
GAMEOVER DRAW
# Game ended: Thu Apr 09 01:29:03 EDT 2020
