# Server version 0.08 running on 192.168.1.5:8123
# Game ID: 283
# Board class: Saboteur.SaboteurBoard
# Timeout: 2000000000
# First Move Timeout: 30000
# Date: Fri Apr 03 02:50:27 EDT 2020
# Player 1: Player-0, '260729805', running on 192.168.1.5
# Player 2: Player-1, 'Human', running on 192.168.1.5
START Player-0 260729805
START Player-1 Human
BoardInit:Map,Tile:3,Bonus,Tile:9,Map,Tile:12,Tile:9,Tile:15,Tile:11,Malus,Tile:5,Malus,Tile:7,Tile:7,Tile:0,Destroy,Tile:8,Tile:1,Tile:13,Tile:0,Tile:6,Tile:10,Tile:4,Tile:6,Tile:9,Tile:7,Tile:6,Tile:7,Map,Tile:6,Tile:14,Tile:7,Tile:8,Tile:5,Tile:6,Bonus,Bonus,Tile:9,Tile:10,Tile:5,Tile:8-Tile:5,Tile:8,Tile:0,Destroy,Tile:8,Bonus,Map-Tile:0,Tile:9,Map,Map,Tile:10,Destroy,Tile:2-Tile:hidden1,Tile:hidden2,Tile:nugget
Tile:0 6 5 1
Map 12 3 0
Map 12 5 1
Map 12 3 0
Map 12 7 1
Tile:0 7 5 0
Tile:8 8 5 1
Tile:9_flip 9 5 0
Tile:5 9 4 1
Tile:9_flip 10 4 0
Tile:8 10 3 1
Tile:12 11 3 0
Destroy 11 3 1
Tile:10 9 6 0
Map 12 3 1
Tile:7 11 3 0
Tile:9 11 4 1
Tile:2 12 4 0
Tile:8 11 5 1
Destroy 11 5 0
Drop 6 0 1
Tile:15 10 5 0
Tile:7_flip 11 5 1
Drop 4 0 0
