# Server version 0.08 running on localhost:8123
# Game ID: 213
# Board class: Saboteur.SaboteurBoard
# Timeout: 2000000000
# First Move Timeout: 30000
# Date: Wed Apr 01 14:12:11 EDT 2020
# Player 1: Player-0, '260729805', running on localhost
# Player 2: Player-1, '260729805', running on localhost
START Player-0 260729805
START Player-1 260729805
BoardInit:Tile:1,Tile:8,Tile:8,Tile:9,Tile:15,Tile:7,Tile:10,Tile:13,Tile:6,Tile:8,Tile:6,Map,Bonus,Map,Tile:9,Tile:6,Bonus,Destroy,Tile:11,Tile:8,Tile:0,Map,Tile:5,Tile:9,Tile:8,Malus,Bonus,Destroy,Tile:0,Tile:0,Tile:7,Map,Bonus,Tile:6,Tile:5,Tile:4,Tile:2,Tile:6,Tile:12,Malus,Tile:7-Tile:5,Tile:10,Tile:9,Tile:14,Tile:3,Tile:10,Tile:7-Map,Tile:7,Tile:5,Tile:9,Destroy,Map,Tile:0-Tile:hidden2,Tile:hidden1,Tile:nugget
Tile:5_flip 6 5 1
Tile:5 6 4 0
Tile:9_flip 7 4 1
Tile:9 7 3 0
Tile:8 8 3 1
Tile:0 9 3 0
Tile:7 10 3 1
Tile:7_flip 10 4 0
Tile:14 11 4 1
Tile:9 11 3 0
Tile:6_flip 11 2 1
Tile:8 12 2 0
Tile:3 13 2 1
Tile:13 13 3 0
Tile:6 13 4 1
Tile:7 8 2 0
Tile:10 8 4 1
Tile:8 8 5 0
Tile:9 12 4 1
Tile:6 9 5 0
Tile:10 8 6 1
Tile:8 12 1 0
Tile:0 10 5 1
Drop 6 0 0
Tile:5 7 2 1
Tile:9 7 5 0
Tile:10 8 7 1
Drop 6 0 0
Tile:8 8 8 1
Drop 6 0 0
Tile:0 11 5 1
Tile:0 9 8 0
Tile:7 10 8 1
Drop 6 0 0
Tile:15 10 9 1
Tile:6 8 9 0
Tile:5 7 8 1
Tile:4 9 4 0
Tile:11 10 10 1
Tile:6 7 9 0
Tile:12 9 9 1
Drop 6 0 0
Tile:7_flip 10 2 1
Drop 5 0 0
Tile:1 11 10 1
Drop 4 0 0
Tile:2 12 10 1
Drop 3 0 0
Drop 3 0 1
Drop 2 0 0
Drop 2 0 1
Drop 1 0 0
Drop 1 0 1
Drop 0 0 0
Drop 0 0 1
GAMEOVER DRAW
# Game ended: Wed Apr 01 14:16:48 EDT 2020
