# Server version 0.08 running on localhost:8123
# Game ID: 438
# Board class: Saboteur.SaboteurBoard
# Timeout: 2000000000
# First Move Timeout: 30000
# Date: Sat Apr 04 22:57:50 EDT 2020
# Player 1: Player-0, '260729805', running on localhost
# Player 2: Player-1, 'RandomPlayer', running on localhost
START Player-0 260729805
START Player-1 RandomPlayer
BoardInit:Tile:6,Tile:11,Tile:3,Tile:6,Tile:5,Tile:5,Map,Tile:8,Tile:7,Map,Tile:9,Tile:7,Tile:5,Tile:0,Tile:1,Map,Tile:10,Tile:4,Destroy,Tile:13,Tile:15,Tile:0,Destroy,Tile:6,Tile:7,Tile:7,Tile:14,Tile:6,Tile:12,Tile:7,Tile:9,Bonus,Map,Tile:2,Tile:9,Tile:9,Bonus,Bonus,Tile:8,Tile:9,Tile:5-Malus,Tile:8,Tile:10,Tile:6,Destroy,Map,Malus-Map,Tile:8,Tile:8,Tile:0,Tile:10,Tile:0,Bonus-Tile:hidden1,Tile:nugget,Tile:hidden2
Tile:8 4 5 1
Map 12 3 0
Tile:6_flip 4 4 1
Tile:0 6 5 0
Tile:6_flip 7 5 1
Tile:0 8 5 0
Drop 2 0 1
Tile:6 9 5 0
Tile:10 4 6 1
Tile:5 9 4 0
Drop 0 0 1
Map 12 5 0
Tile:9 5 6 1
Tile:7 10 4 0
Drop 5 0 1
Tile:0 6 6 0
Drop 1 0 1
Map 12 5 0
Tile:3_flip 4 7 1
Tile:11_flip 7 6 0
Tile:5 3 4 1
Tile:8 5 4 0
Destroy 7 6 1
Tile:8 7 6 0
Tile:5_flip 5 7 1
Tile:10 7 7 0
Destroy 7 5 1
Tile:8 7 5 0
Map 12 7 1
Tile:0 8 6 0
Tile:15 7 8 1
Tile:7 9 6 0
Tile:9_flip 10 5 1
Tile:4_flip 10 6 0
Drop 4 0 1
Tile:6 9 7 0
Tile:12 6 4 1
Tile:9 7 4 0
Tile:9_flip 7 3 1
Tile:6_flip 7 2 0
Tile:7 5 3 1
Tile:9_flip 8 2 0
Map 12 5 1
Tile:7_flip 8 3 0
Drop 2 0 1
Tile:2_flip 9 3 0
Tile:8 7 9 1
Tile:13 8 9 0
Tile:5 8 8 1
Drop 2 0 0
Tile:1 9 8 1
Drop 1 0 0
Drop 1 0 1
Drop 0 0 0
Tile:10 9 2 1
GAMEOVER DRAW
# Game ended: Sat Apr 04 22:57:51 EDT 2020
