# Server version 0.08 running on localhost:8123
# Game ID: 733
# Board class: Saboteur.SaboteurBoard
# Timeout: 2000000000
# First Move Timeout: 30000
# Date: Thu Apr 09 01:34:53 EDT 2020
# Player 1: Player-0, '260729805', running on localhost
# Player 2: Player-1, 'RandomPlayer', running on localhost
START Player-0 260729805
START Player-1 RandomPlayer
BoardInit:Tile:9,Tile:5,Tile:0,Tile:13,Map,Tile:9,Tile:6,Map,Tile:6,Tile:7,Tile:5,Tile:2,Tile:7,Tile:0,Tile:12,Destroy,Bonus,Tile:6,Destroy,Bonus,Tile:3,Malus,Tile:5,Map,Tile:4,Tile:10,Tile:5,Destroy,Tile:6,Tile:9,Tile:0,Tile:8,Tile:14,Tile:1,Tile:11,Tile:10,Tile:7,Tile:6,Tile:9,Tile:7,Tile:7-Tile:8,Map,Map,Tile:10,Tile:0,Tile:8,Tile:8-Tile:8,Malus,Bonus,Tile:15,Bonus,Tile:9,Map-Tile:nugget,Tile:hidden1,Tile:hidden2
Tile:8 5 6 1
Tile:8 6 5 0
Map 12 5 1
Tile:5_flip 7 5 0
Tile:0 4 5 1
Tile:9 7 4 0
Tile:8 7 3 1
Tile:9_flip 8 4 0
Tile:6 6 6 1
Tile:15 8 5 0
Drop 5 0 1
Tile:7 8 3 0
Tile:9 5 7 1
Tile:13 8 6 0
Tile:6_flip 7 6 1
Tile:0 6 7 0
Tile:7 6 4 1
Destroy 8 5 0
Drop 5 0 1
Tile:6 7 7 0
Tile:5 5 4 1
Tile:2 9 6 0
Destroy 7 6 1
Drop 6 0 0
Map 12 7 1
Drop 6 0 0
Tile:0 6 3 1
Tile:10 8 5 0
Tile:5_flip 8 7 1
Destroy 9 6 0
Drop 3 0 1
Tile:9_flip 9 6 0
Tile:6_flip 4 6 1
Drop 6 0 0
Tile:5_flip 4 7 1
Tile:1 5 3 0
Drop 3 0 1
Drop 6 0 0
Tile:8 4 3 1
Drop 6 0 0
Drop 0 0 1
Drop 6 0 0
Tile:11 9 5 1
Drop 5 0 0
Tile:7_flip 9 7 1
Drop 4 0 0
Drop 3 0 1
Drop 3 0 0
Tile:14 10 7 1
Drop 2 0 0
Tile:7 10 5 1
Drop 1 0 0
Tile:0 3 7 1
Malus 0 0 0
Bonus 0 0 1
GAMEOVER DRAW
# Game ended: Thu Apr 09 01:34:53 EDT 2020
