# Server version 0.08 running on localhost:8123
# Game ID: 842
# Board class: Saboteur.SaboteurBoard
# Timeout: 2000000000
# First Move Timeout: 30000
# Date: Thu Apr 09 16:42:15 EDT 2020
# Player 1: Player-0, '260729805', running on localhost
# Player 2: Player-1, 'RandomPlayer', running on localhost
START Player-0 260729805
START Player-1 RandomPlayer
BoardInit:Destroy,Tile:14,Tile:0,Tile:7,Tile:5,Tile:1,Bonus,Tile:7,Tile:6,Tile:8,Tile:10,Destroy,Tile:5,Bonus,Tile:9,Tile:2,Destroy,Tile:4,Bonus,Map,Tile:9,Tile:13,Tile:0,Map,Tile:0,Malus,Tile:3,Tile:6,Tile:8,Tile:7,Tile:5,Tile:10,Map,Tile:15,Map,Tile:9,Tile:6,Tile:9,Tile:8,Tile:8,Tile:7-Tile:5,Tile:12,Tile:0,Map,Tile:9,Malus,Tile:6-Tile:10,Map,Tile:6,Tile:7,Tile:8,Tile:11,Bonus-Tile:hidden2,Tile:nugget,Tile:hidden1
Tile:6 4 5 1
Map 12 3 0
Tile:5 3 5 1
Tile:6 6 5 0
Tile:9_flip 4 4 1
Tile:7 7 5 0
Tile:5 5 4 1
Tile:7_flip 7 6 0
Drop 0 0 1
Tile:7 8 6 0
Drop 2 0 1
Tile:10 8 7 0
Destroy 4 5 1
Tile:8 8 8 0
Tile:5 7 8 1
Tile:8 9 8 0
Tile:9_flip 3 6 1
Tile:11_flip 10 8 0
Destroy 4 4 1
Drop 3 0 0
Tile:6_flip 6 4 1
Map 12 5 0
Tile:9_flip 7 9 1
Tile:4 9 7 0
Tile:10 5 6 1
Tile:14_flip 10 7 0
Tile:0 2 6 1
Tile:1 11 7 0
Map 12 7 1
Tile:6 9 9 0
Tile:0 1 6 1
Tile:7_flip 8 9 0
Tile:8 4 5 1
Tile:10 7 10 0
Map 12 3 1
Tile:2_flip 10 9 0
Tile:0 0 6 1
Tile:9 6 9 0
Tile:6 11 9 1
Tile:9_flip 6 8 0
Tile:0 5 8 1
Tile:8 6 7 0
Tile:5_flip 3 7 1
Tile:13 12 9 0
Tile:3 12 8 1
Tile:15 12 10 0
Tile:7_flip 5 7 1
Drop 3 0 0
Map 12 3 1
Drop 2 0 0
Drop 1 0 1
Drop 1 0 0
Tile:8 12 11 1
Drop 0 0 0
Drop 0 0 1
GAMEOVER DRAW
# Game ended: Thu Apr 09 16:42:16 EDT 2020
