# Server version 0.08 running on localhost:8123
# Game ID: 423
# Board class: Saboteur.SaboteurBoard
# Timeout: 2000000000
# First Move Timeout: 30000
# Date: Sat Apr 04 02:11:15 EDT 2020
# Player 1: Player-0, '260729805', running on localhost
# Player 2: Player-1, '260729805', running on localhost
START Player-0 260729805
START Player-1 260729805
BoardInit:Tile:5,Tile:0,Bonus,Tile:5,Tile:13,Bonus,Destroy,Tile:14,Tile:8,Tile:0,Tile:9,Tile:7,Map,Map,Tile:3,Tile:12,Tile:6,Tile:6,Malus,Bonus,Tile:6,Tile:7,Tile:0,Tile:7,Tile:9,Tile:0,Map,Tile:7,Tile:5,Tile:15,Tile:8,Map,Tile:9,Tile:8,Malus,Tile:10,Tile:10,Map,Tile:4,Tile:8,Tile:1-Tile:5,Map,Tile:7,Tile:2,Bonus,Tile:11,Tile:10-Tile:9,Tile:6,Destroy,Tile:8,Tile:6,Tile:9,Destroy-Tile:hidden1,Tile:nugget,Tile:hidden2
Map 12 3 1
Tile:6_flip 6 5 0
Tile:11 6 6 1
Tile:9 5 4 0
Drop 5 0 1
Destroy 6 6 0
Tile:7_flip 6 6 1
Tile:0 6 4 0
Destroy 6 5 1
Tile:9_flip 7 6 0
Tile:10 7 5 1
Drop 1 0 0
Tile:13 7 4 1
Tile:14 5 6 0
Drop 4 0 1
Tile:7 6 5 0
Tile:3_flip 7 7 1
Drop 0 0 0
Tile:5_flip 8 4 1
Drop 1 0 0
Map 12 7 1
Destroy 6 4 0
Tile:9_flip 8 7 1
Tile:6 6 4 0
Tile:6 4 6 1
Tile:7 5 3 0
Tile:9 6 3 1
Tile:0 3 6 0
Tile:6_flip 7 3 1
Map 12 3 0
Map 12 7 1
Drop 2 0 0
Tile:8 4 5 1
Drop 3 0 0
Tile:2 2 6 1
Tile:15 8 6 0
Drop 4 0 1
Tile:7_flip 4 3 0
Drop 3 0 1
Tile:7_flip 1 6 0
Tile:9_flip 6 2 1
Tile:8 8 3 0
Tile:1 3 5 1
Tile:10 2 7 0
Drop 5 0 1
Tile:12_flip 2 5 0
Drop 3 0 1
Tile:8 8 8 0
Drop 2 0 1
Map 12 5 0
Drop 1 0 1
Drop 0 0 0
Tile:10 1 5 1
Map 12 5 0
Drop 0 0 1
GAMEOVER DRAW
# Game ended: Sat Apr 04 02:11:16 EDT 2020
