# Server version 0.08 running on macbook-pro-5.local:8123
# Game ID: 878
# Board class: Saboteur.SaboteurBoard
# Timeout: 2000000000
# First Move Timeout: 30000
# Date: Sat Apr 11 00:24:44 EDT 2020
# Player 1: Player-0, '260729805', running on localhost
# Player 2: Player-1, 'Human', running on localhost
START Player-0 260729805
START Player-1 Human
BoardInit:Tile:4,Tile:8,Tile:8,Tile:5,Tile:8,Tile:8,Map,Bonus,Tile:13,Tile:7,Tile:8,Map,Tile:7,Tile:8,Tile:9,Map,Tile:7,Tile:12,Map,Destroy,Tile:11,Tile:9,Tile:15,Tile:8,Map,Tile:8,Map,Tile:0,Malus,Tile:3,Tile:8,Map,Tile:8,Map,Tile:8,Tile:7,Tile:9,Destroy,Tile:9,Tile:0,Tile:7,Malus,Map,Tile:5,Bonus,Tile:8,Tile:5,Tile:1,Tile:9,Tile:8,Map,Bonus,Tile:0,Tile:0,Tile:8,Map,Tile:6,Malus,Tile:8,Tile:6,Bonus,Tile:6,Tile:14,Tile:2,Tile:8,Bonus,Tile:6,Map,Tile:8,Tile:8,Bonus-Tile:10,Tile:8,Destroy,Tile:8,Bonus,Malus,Map-Tile:6,Tile:8,Tile:10,Tile:5,Tile:10,Map,Malus-Tile:hidden2,Tile:hidden1,Tile:nugget
Tile:8 6 5 1
Map 12 5 0
Tile:8 7 5 1
Tile:6 8 5 0
Tile:8 9 5 1
Malus 0 0 0
Bonus 0 0 1
Tile:5 9 4 0
Map 12 5 1
Tile:5_flip 10 4 0
Tile:8 10 3 1
Tile:8 11 3 0
Tile:8 12 4 1
Map 12 7 0
Map 12 7 1
Tile:10 12 6 0
GAMEOVER WINNER 0
# Game ended: Sat Apr 11 00:26:03 EDT 2020
