# Server version 0.08 running on macbook-pro-5.local:8123
# Game ID: 632
# Board class: Saboteur.SaboteurBoard
# Timeout: 2000000000
# First Move Timeout: 30000
# Date: Thu Apr 09 00:12:03 EDT 2020
# Player 1: Player-0, '260729805', running on macbook-pro-5.local
# Player 2: Player-1, 'Human', running on macbook-pro-5.local
START Player-0 260729805
START Player-1 Human
BoardInit:Bonus,Tile:12,Tile:1,Tile:4,Destroy,Malus,Tile:0,Tile:13,Tile:2,Map,Tile:6,Tile:9,Malus,Tile:10,Map,Tile:10,Bonus,Destroy,Tile:10,Tile:8,Map,Tile:7,Tile:15,Tile:5,Tile:0,Tile:9,Tile:9,Tile:14,Tile:6,Tile:8,Destroy,Tile:8,Tile:5,Tile:6,Tile:6,Tile:9,Tile:7,Tile:6,Bonus,Tile:5,Bonus-Tile:7,Tile:7,Tile:11,Tile:9,Map,Tile:7,Tile:5-Map,Tile:0,Tile:3,Map,Tile:8,Tile:0,Tile:8-Tile:nugget,Tile:hidden1,Tile:hidden2
Tile:7 6 5 1
Map 12 3 0
Map 12 7 1
Tile:0 4 5 0
Tile:9 6 6 1
Tile:0 7 6 0
Tile:7 8 6 1
Tile:8 8 7 0
Tile:0 9 7 1
Tile:8 8 8 0
