# Server version 0.08 running on localhost:8123
# Game ID: 706
# Board class: Saboteur.SaboteurBoard
# Timeout: 2000000000
# First Move Timeout: 30000
# Date: Thu Apr 09 01:24:22 EDT 2020
# Player 1: Player-0, '260729805', running on localhost
# Player 2: Player-1, 'RandomPlayer', running on localhost
START Player-0 260729805
START Player-1 RandomPlayer
BoardInit:Tile:6,Tile:7,Bonus,Tile:13,Tile:11,Tile:7,Tile:9,Tile:8,Destroy,Tile:9,Malus,Tile:7,Tile:0,Tile:9,Tile:6,Tile:3,Tile:10,Malus,Tile:7,Tile:8,Tile:14,Tile:8,Tile:5,Tile:8,Bonus,Map,Map,Bonus,Tile:15,Map,Tile:6,Tile:5,Tile:2,Tile:12,Tile:8,Tile:5,Tile:9,Tile:6,Tile:5,Tile:0,Tile:10-Tile:1,Tile:4,Tile:10,Bonus,Tile:7,Destroy,Map-Map,Tile:6,Destroy,Tile:0,Tile:9,Map,Tile:0-Tile:nugget,Tile:hidden2,Tile:hidden1
Tile:1 6 5 1
Map 12 3 0
Tile:7 7 5 1
Tile:6_flip 5 4 0
Tile:6 7 6 1
Tile:0 6 4 0
Drop 2 0 1
Tile:0 7 4 0
Tile:11 4 4 1
Tile:7_flip 4 5 0
Destroy 6 4 1
Tile:7_flip 5 6 0
Map 12 3 1
Tile:7 8 4 0
Tile:9 8 5 1
Tile:9_flip 8 6 0
Tile:6_flip 9 5 1
Tile:9 9 6 0
Tile:0 6 4 1
Destroy 6 5 0
Tile:4_flip 9 7 1
Tile:13 6 6 0
Destroy 5 4 1
Tile:3 10 6 0
Drop 0 0 1
Tile:8 5 4 0
Tile:5_flip 6 7 1
Drop 6 0 0
Tile:14_flip 5 3 1
Drop 6 0 0
Tile:15 4 3 1
Tile:9_flip 8 7 0
Tile:6_flip 6 5 1
Tile:5 7 7 0
Tile:7 4 2 1
Tile:12 6 3 0
Tile:2_flip 3 2 1
Drop 6 0 0
Tile:10 7 8 1
Drop 6 0 0
Tile:9 7 9 1
Drop 6 0 0
Map 12 7 1
Tile:8 8 9 0
Tile:10 3 1 1
Tile:8 9 9 0
Drop 3 0 1
Tile:8 10 9 0
Drop 3 0 1
Drop 2 0 0
Drop 0 0 1
Drop 1 0 0
Malus 0 0 1
Drop 0 0 0
Drop 0 0 1
GAMEOVER DRAW
# Game ended: Thu Apr 09 01:24:22 EDT 2020
