# Server version 0.08 running on localhost:8123
# Game ID: 545
# Board class: Saboteur.SaboteurBoard
# Timeout: 2000000000
# First Move Timeout: 30000
# Date: Sun Apr 05 19:37:13 EDT 2020
# Player 1: Player-0, '260729805', running on localhost
# Player 2: Player-1, 'RandomPlayer', running on localhost
START Player-0 260729805
START Player-1 RandomPlayer
BoardInit:Destroy,Tile:0,Tile:3,Bonus,Tile:6,Tile:6,Tile:5,Tile:7,Tile:0,Map,Bonus,Tile:10,Tile:4,Tile:13,Map,Malus,Tile:9,Bonus,Tile:0,Tile:8,Malus,Tile:8,Tile:14,Tile:12,Tile:6,Tile:0,Tile:11,Bonus,Map,Tile:8,Tile:7,Tile:6,Tile:9,Destroy,Tile:15,Tile:7,Map,Tile:5,Tile:6,Tile:9,Tile:9-Map,Tile:8,Tile:7,Tile:10,Tile:8,Tile:7,Tile:5-Tile:10,Map,Tile:2,Destroy,Tile:9,Tile:1,Tile:5-Tile:hidden2,Tile:nugget,Tile:hidden1
Tile:7_flip 5 6 1
Map 12 3 0
Drop 1 0 1
Tile:5_flip 6 6 0
Map 12 7 1
Drop 5 0 0
Tile:3_flip 4 5 1
Destroy 5 6 0
Tile:8 4 4 1
Tile:9_flip 6 5 0
Tile:7 5 4 1
Map 12 5 0
Tile:6_flip 4 3 1
Tile:10 6 4 0
Tile:4 6 3 1
Tile:6 5 6 0
Tile:0 3 3 1
Drop 4 0 0
Destroy 6 5 1
Tile:2_flip 2 3 0
Tile:9 2 2 1
Drop 2 0 0
Tile:5 4 6 1
Tile:1 3 2 0
Tile:14_flip 3 4 1
Tile:8 6 5 0
Tile:5_flip 3 5 1
