# Server version 0.08 running on macbook-pro-5.local:8123
# Game ID: 849
# Board class: Saboteur.SaboteurBoard
# Timeout: 2000000000
# First Move Timeout: 30000
# Date: Thu Apr 09 17:13:23 EDT 2020
# Player 1: Player-0, '260729805', running on macbook-pro-5.local
# Player 2: Player-1, '260729805', running on localhost
START Player-0 260729805
START Player-1 260729805
BoardInit:Tile:8,Bonus,Tile:7,Malus,Bonus,Malus,Tile:8,Tile:10,Malus,Malus,Map,Tile:9,Tile:12,Tile:9,Tile:8,Tile:8,Tile:8,Tile:9,Tile:8,Tile:9,Map,Tile:6,Tile:11,Tile:6,Tile:8,Malus,Destroy,Tile:3,Bonus,Tile:5,Tile:6,Tile:5,Tile:8,Tile:10,Tile:15,Tile:8,Tile:13,Tile:7,Tile:6,Malus,Tile:8,Tile:7,Bonus,Malus,Map,Tile:14,Tile:8,Tile:0,Malus,Tile:5,Malus,Tile:2,Malus,Tile:4,Malus,Map,Tile:7,Tile:8,Tile:8,Tile:7,Tile:0,Tile:8,Tile:8,Tile:0,Tile:6,Malus,Malus,Tile:5,Tile:8-Tile:9,Tile:8,Tile:1,Map,Destroy,Tile:8,Malus-Tile:8,Tile:8,Tile:8,Tile:0,Tile:10,Destroy,Map-Tile:hidden2,Tile:hidden1,Tile:nugget
Map 12 3 1
Map 12 3 0
Tile:9_flip 6 5 1
Tile:8 6 4 0
Tile:7 7 4 1
Tile:10 7 5 0
Tile:8 7 6 1
Tile:0 8 6 0
Tile:8 9 6 1
Tile:8 10 6 0
Malus 0 0 1
Malus 0 0 0
Malus 0 0 1
Malus 0 0 0
Bonus 0 0 1
Malus 0 0 0
Map 12 5 1
Bonus 0 0 0
Destroy 10 6 1
Destroy 9 6 0
Drop 3 0 1
Drop 6 0 0
Map 12 7 1
Drop 6 0 0
Drop 6 0 1
Drop 6 0 0
Drop 0 0 1
Malus 0 0 0
Destroy 6 5 1
Drop 6 0 0
Bonus 0 0 1
Drop 6 0 0
Drop 6 0 1
Drop 6 0 0
Drop 6 0 1
Drop 6 0 0
Drop 6 0 1
Drop 6 0 0
Drop 6 0 1
Drop 6 0 0
Drop 6 0 1
Malus 0 0 0
Drop 6 0 1
Drop 6 0 0
Bonus 0 0 1
Malus 0 0 0
Drop 6 0 1
Drop 6 0 0
Drop 6 0 1
Drop 6 0 0
Malus 0 0 1
Drop 6 0 0
Malus 0 0 1
Drop 6 0 0
Malus 0 0 1
Drop 6 0 0
Malus 0 0 1
Drop 6 0 0
Drop 6 0 1
Drop 6 0 0
Drop 6 0 1
Drop 6 0 0
Drop 6 0 1
Drop 6 0 0
Drop 6 0 1
Drop 6 0 0
Drop 6 0 1
Malus 0 0 0
Malus 0 0 1
Drop 6 0 0
Drop 6 0 1
Drop 5 0 0
Drop 5 0 1
Drop 4 0 0
Drop 4 0 1
Drop 3 0 0
Drop 3 0 1
Drop 2 0 0
Drop 2 0 1
Drop 1 0 0
Drop 1 0 1
Drop 0 0 0
Drop 0 0 1
GAMEOVER DRAW
# Game ended: Thu Apr 09 17:13:31 EDT 2020
