# Server version 0.08 running on 192.168.1.5:8123
# Game ID: 60
# Board class: Saboteur.SaboteurBoard
# Timeout: 20000
# First Move Timeout: 30000
# Date: Mon Mar 30 00:01:17 EDT 2020
# Player 1: Player-0, '260729805', running on 192.168.1.5
# Player 2: Player-1, 'RandomPlayer', running on 192.168.1.5
START Player-0 260729805
START Player-1 RandomPlayer
BoardInit:Tile:7,Tile:6,Tile:0,Bonus,Map,Tile:6,Tile:6,Bonus,Tile:8,Tile:9,Tile:10,Tile:5,Map,Bonus,Bonus,Tile:5,Malus,Tile:6,Tile:7,Tile:6,Destroy,Destroy,Tile:7,Tile:8,Map,Tile:13,Tile:8,Malus,Tile:0,Tile:9,Map,Tile:7,Tile:8,Tile:14,Tile:10,Map,Tile:9,Tile:8,Tile:0,Tile:12,Tile:3-Tile:7,Tile:1,Tile:15,Tile:10,Tile:4,Tile:5,Tile:5-Tile:2,Map,Tile:9,Destroy,Tile:0,Tile:11,Tile:9-Tile:hidden2,Tile:hidden1,Tile:nugget
Tile:15 5 6 1
Tile:9 5 4 0
Tile:5 4 5 1
Tile:2 6 4 0
Tile:10 5 3 1
Drop 2 0 0
Tile:7 7 4 1
Drop 6 0 0
Tile:5_flip 7 5 1
Tile:11 5 7 0
Tile:4_flip 4 6 1
Tile:9 5 2 0
Tile:7_flip 5 8 1
Drop 4 0 0
Tile:8 6 7 1
Destroy 5 6 0
Drop 0 0 1
Tile:6 6 5 0
Tile:10 5 1 1
Tile:9_flip 6 8 0
Tile:6_flip 7 7 1
Map 12 3 0
Map 12 7 1
Destroy 5 3 0
Tile:7 6 2 1
Tile:6 6 3 0
Destroy 6 4 1
Tile:6 7 3 0
Map 12 5 1
Tile:5 7 2 0
Tile:0 8 2 1
Tile:5 5 0 0
Tile:7_flip 6 9 1
Tile:7_flip 7 8 0
Tile:8 5 3 1
Drop 4 0 0
Tile:0 9 2 1
Tile:9 5 6 0
Map 12 7 1
Tile:8 8 8 0
Tile:8 9 8 1
Tile:8 8 9 0
Tile:0 6 0 1
Tile:12 10 8 0
Drop 4 0 1
Tile:14 8 10 0
Tile:3 9 7 1
Tile:13 8 7 0
Drop 3 0 1
Map 12 7 0
Drop 1 0 1
Drop 0 0 0
Map 12 3 1
Drop 0 0 0
Drop 0 0 1
GAMEOVER DRAW
# Game ended: Mon Mar 30 00:01:18 EDT 2020
