# Server version 0.08 running on localhost:8123
# Game ID: 950
# Board class: Saboteur.SaboteurBoard
# Timeout: 2000000000
# First Move Timeout: 30000
# Date: Sat Apr 11 02:18:31 EDT 2020
# Player 1: Player-0, '260729805', running on localhost
# Player 2: Player-1, 'RandomPlayer', running on localhost
START Player-0 260729805
START Player-1 RandomPlayer
BoardInit:Tile:0,Tile:5,Tile:6,Map,Map,Tile:9,Tile:6,Tile:7,Tile:6,Tile:8,Destroy,Tile:7,Map,Tile:9,Tile:12,Malus,Tile:8,Tile:7,Tile:9,Tile:5,Tile:8,Tile:13,Map,Destroy,Bonus,Tile:5,Tile:7,Tile:15,Tile:6,Tile:0,Malus,Tile:8,Tile:4,Tile:0,Tile:10,Tile:11,Tile:8,Tile:7,Tile:2,Bonus,Tile:10-Tile:3,Tile:5,Tile:14,Tile:6,Tile:1,Bonus,Destroy-Map,Tile:9,Bonus,Tile:0,Tile:10,Map,Tile:9-Tile:nugget,Tile:hidden1,Tile:hidden2
Tile:5_flip 6 5 1
Tile:9 6 4 0
Tile:3 6 3 1
Tile:0 7 4 0
Tile:6_flip 4 5 1
Tile:5_flip 8 4 0
Tile:6 5 3 1
Tile:10 8 3 0
Destroy 6 4 1
Tile:7_flip 5 6 0
Tile:6_flip 8 2 1
Tile:9 6 4 0
Tile:6_flip 5 2 1
Tile:7 9 2 0
Destroy 8 2 1
Tile:9 8 2 0
Map 12 5 1
Malus 0 0 0
Map 12 7 1
Tile:7_flip 9 3 0
Drop 2 0 1
Tile:8 10 3 0
Drop 0 0 1
Tile:9 10 4 0
Drop 4 0 1
Destroy 10 3 0
Map 12 7 1
Tile:5 8 1 0
Drop 6 0 1
Tile:5_flip 9 1 0
Drop 1 0 1
Tile:0 6 6 0
Drop 6 0 1
Tile:8 10 3 0
Drop 0 0 1
Tile:0 11 3 0
GAMEOVER WINNER 0
# Game ended: Sat Apr 11 02:18:31 EDT 2020
