# Server version 0.08 running on localhost:8123
# Game ID: 411
# Board class: Saboteur.SaboteurBoard
# Timeout: 2000000000
# First Move Timeout: 30000
# Date: Sat Apr 04 20:43:42 EDT 2020
# Player 1: Player-0, '260729805', running on localhost
# Player 2: Player-1, 'RandomPlayer', running on localhost
START Player-0 260729805
START Player-1 RandomPlayer
BoardInit:Tile:7,Tile:7,Tile:5,Tile:13,Tile:6,Destroy,Map,Map,Map,Tile:10,Tile:1,Tile:5,Tile:0,Bonus,Tile:6,Map,Tile:7,Tile:9,Tile:10,Destroy,Tile:15,Tile:8,Tile:5,Tile:0,Bonus,Malus,Malus,Tile:4,Tile:6,Tile:0,Tile:8,Destroy,Tile:2,Tile:6,Tile:9,Tile:5,Tile:14,Tile:8,Tile:7,Tile:3,Tile:6-Tile:0,Bonus,Tile:9,Tile:9,Tile:9,Tile:7,Bonus-Tile:12,Tile:8,Tile:8,Tile:11,Tile:10,Map,Map-Tile:hidden2,Tile:nugget,Tile:hidden1
Tile:7 5 4 1
Map 12 3 0
Tile:0 6 5 1
Map 12 5 0
Tile:9 4 4 1
Tile:12 7 5 0
Tile:5 4 3 1
Tile:7_flip 5 6 0
Tile:6 4 5 1
Map 12 7 0
Map 12 5 1
Destroy 7 5 0
Tile:7 6 6 1
Tile:5_flip 7 5 0
Tile:9_flip 6 7 1
Tile:11 7 4 0
Drop 1 0 1
Map 12 7 0
Tile:6_flip 5 7 1
Tile:13 8 4 0
Map 12 7 1
Tile:8 6 8 0
Tile:7_flip 8 5 1
Tile:8 7 8 0
Drop 2 0 1
Tile:9_flip 8 8 0
Tile:10 8 7 1
Tile:10 8 9 0
Tile:0 5 3 1
Tile:10 7 7 0
Tile:15 6 9 1
Tile:8 8 10 0
Tile:5 8 6 1
Tile:0 9 6 0
Tile:2 3 5 1
Tile:0 10 6 0
Tile:9 7 10 1
Tile:4 7 6 0
Tile:8 9 10 1
Tile:8 10 10 0
Tile:14 9 5 1
Tile:5 10 9 0
Tile:6 8 11 1
Tile:6 11 9 0
Tile:7_flip 10 11 1
Destroy 10 6 0
Tile:6_flip 11 8 1
Tile:3 12 8 0
Drop 2 0 1
Destroy 12 8 0
Drop 0 0 1
Drop 1 0 0
Malus 0 0 1
Bonus 0 0 0
Drop 0 0 1
GAMEOVER DRAW
# Game ended: Sat Apr 04 20:43:42 EDT 2020
