# Server version 0.08 running on macbook-pro-5.local:8123
# Game ID: 818
# Board class: Saboteur.SaboteurBoard
# Timeout: 2000000000
# First Move Timeout: 30000
# Date: Thu Apr 09 02:32:22 EDT 2020
# Player 1: Player-0, '260729805', running on macbook-pro-5.local
# Player 2: Player-1, 'RandomPlayer', running on macbook-pro-5.local
START Player-0 260729805
START Player-1 RandomPlayer
BoardInit:Bonus,Tile:6,Tile:10,Tile:6,Tile:9,Malus,Tile:15,Tile:12,Tile:7,Tile:7,Tile:9,Tile:5,Destroy,Tile:5,Tile:6,Destroy,Tile:5,Tile:0,Tile:8,Bonus,Tile:7,Tile:9,Tile:0,Map,Map,Tile:13,Tile:8,Tile:3,Tile:11,Tile:6,Tile:9,Tile:0,Tile:8,Bonus,Tile:5,Tile:6,Tile:10,Tile:1,Bonus,Map,Tile:14-Map,Tile:7,Tile:8,Map,Tile:9,Tile:7,Tile:2-Destroy,Tile:0,Tile:10,Tile:8,Malus,Map,Tile:4-Tile:hidden1,Tile:nugget,Tile:hidden2
Tile:8 6 5 1
Map 12 3 0
Map 12 5 1
Tile:0 7 5 0
Tile:10 6 4 1
Tile:6 8 5 0
Tile:9_flip 5 6 1
Tile:6 9 5 0
Tile:9_flip 5 4 1
Tile:10 9 4 0
Drop 1 0 1
Tile:7 10 5 0
Tile:15 6 6 1
Destroy 6 6 0
Tile:2_flip 5 7 1
Tile:5_flip 10 6 0
Tile:6_flip 4 4 1
Destroy 5 4 0
Tile:7_flip 6 6 1
Tile:5 9 6 0
Tile:7_flip 4 5 1
Tile:8 9 3 0
Tile:9_flip 9 2 1
Tile:9_flip 10 3 0
Tile:8 3 4 1
Map 12 5 0
Tile:7 3 3 1
Tile:0 8 3 0
Destroy 10 6 1
Tile:4_flip 10 4 0
Tile:5 2 3 1
Tile:6 10 6 0
Tile:9 2 4 1
Tile:0 8 2 0
Drop 0 0 1
Tile:12 11 6 0
Tile:11_flip 6 3 1
Tile:6 9 7 0
Tile:10 6 2 1
Tile:3 10 7 0
Tile:7 7 6 1
Tile:13 10 8 0
Tile:8 7 7 1
Tile:1 11 8 0
Tile:5_flip 3 5 1
Drop 4 0 0
Tile:8 6 1 1
Drop 3 0 0
Tile:0 6 7 1
Drop 2 0 0
Map 12 3 1
Drop 1 0 0
Tile:14_flip 7 2 1
Malus 0 0 0
Bonus 0 0 1
GAMEOVER DRAW
# Game ended: Thu Apr 09 02:32:23 EDT 2020
