# Server version 0.08 running on macbook-pro-5.local:8123
# Game ID: 911
# Board class: Saboteur.SaboteurBoard
# Timeout: 2000000000
# First Move Timeout: 30000
# Date: Sat Apr 11 01:48:36 EDT 2020
# Player 1: Player-0, '260729805', running on macbook-pro-5.local
# Player 2: Player-1, 'Human', running on macbook-pro-5.local
START Player-0 260729805
START Player-1 Human
BoardInit:Bonus,Tile:8,Map,Malus,Tile:5,Map,Map,Tile:15,Tile:6,Tile:8,Tile:10,Tile:11,Map,Destroy,Tile:9,Tile:7,Map,Tile:8,Destroy,Tile:6,Tile:7,Destroy,Tile:1,Tile:4,Tile:8,Bonus,Map,Tile:0,Tile:3,Malus,Malus,Destroy,Map,Tile:8,Map,Tile:8,Malus,Map,Tile:0,Tile:9,Malus,Tile:0,Tile:8,Tile:14,Bonus,Tile:12,Bonus,Tile:5,Tile:13,Destroy,Tile:7,Map,Tile:9,Map,Bonus,Tile:10,Map,Tile:0,Destroy,Tile:2,Map,Tile:5,Tile:7,Destroy,Tile:7,Tile:9,Tile:6,Map,Map,Tile:5,Destroy,Map,Destroy,Tile:8,Tile:6-Map,Map,Tile:10,Tile:9,Map,Map,Bonus-Map,Map,Map,Tile:8,Tile:6,Bonus,Tile:8-Tile:hidden2,Tile:nugget,Tile:hidden1
Tile:9 5 6 1
Map 12 3 0
Map 12 5 1
Map 12 5 0
Map 12 7 1
Tile:6 6 5 0
Tile:5 6 4 1
Tile:8 7 5 0
Tile:10 5 7 1
Tile:8 8 5 0
Tile:6 8 6 1
Tile:8 9 5 0
Tile:10 9 4 1
Malus 0 0 0
Bonus 0 0 1
Destroy 9 4 0
Drop 6 0 1
Tile:15 9 4 0
Drop 6 0 1
Tile:8 9 6 0
Drop 5 0 1
Tile:8 10 6 0
Tile:7 11 6 1
Destroy 11 6 0
GAMEOVER USER CANCEL UNDECIDED
# Game ended: Sat Apr 11 01:50:34 EDT 2020
