# Server version 0.08 running on localhost:8123
# Game ID: 891
# Board class: Saboteur.SaboteurBoard
# Timeout: 2000000000
# First Move Timeout: 30000
# Date: Sat Apr 11 00:49:17 EDT 2020
# Player 1: Player-0, '260729805', running on localhost
# Player 2: Player-1, 'Human', running on localhost
START Player-0 260729805
START Player-1 Human
BoardInit:Map,Tile:7,Tile:8,Map,Bonus,Map,Tile:7,Tile:6,Tile:9,Bonus,Map,Map,Bonus,Tile:8,Malus,Map,Tile:8,Tile:8,Tile:11,Tile:0,Bonus,Tile:0,Tile:4,Destroy,Tile:0,Tile:6,Tile:7,Destroy,Malus,Tile:6,Map,Map,Map,Tile:5,Tile:6,Map,Malus,Tile:8,Tile:5,Tile:8,Tile:8,Malus,Tile:7,Tile:5,Tile:8,Malus,Map,Tile:8,Tile:2,Map,Map,Destroy,Map,Tile:9,Tile:3,Tile:0,Tile:8,Map,Tile:14,Tile:10,Bonus,Map,Tile:8,Tile:8,Tile:8,Tile:8,Tile:8,Map,Tile:1,Tile:8,Tile:12,Map,Tile:6,Map,Tile:9,Map,Map,Tile:8,Tile:5,Bonus-Map,Tile:10,Tile:15,Bonus,Tile:8,Tile:8,Tile:8-Tile:9,Tile:13,Tile:9,Tile:8,Tile:10,Map,Tile:7-Tile:nugget,Tile:hidden2,Tile:hidden1
Tile:8 6 5 1
Map 12 3 0
Tile:8 7 5 1
Tile:7 8 5 0
Tile:8 8 6 1
Tile:7 9 6 0
Tile:8 9 7 1
Tile:9 7 4 0
Tile:7 10 7 1
Tile:6 8 4 0
GAMEOVER USER CANCEL UNDECIDED
# Game ended: Sat Apr 11 00:49:37 EDT 2020
