# Server version 0.08 running on macbook-pro-5.local:8123
# Game ID: 834
# Board class: Saboteur.SaboteurBoard
# Timeout: 2000000000
# First Move Timeout: 30000
# Date: Thu Apr 09 16:29:58 EDT 2020
# Player 1: Player-0, '260729805', running on localhost
# Player 2: Player-1, 'RandomPlayer', running on localhost
START Player-0 260729805
START Player-1 RandomPlayer
BoardInit:Tile:8,Bonus,Tile:6,Tile:6,Tile:7,Tile:13,Tile:10,Tile:9,Tile:0,Tile:5,Malus,Tile:14,Tile:10,Tile:8,Map,Destroy,Tile:6,Destroy,Tile:7,Tile:6,Destroy,Map,Tile:5,Tile:3,Malus,Tile:0,Map,Bonus,Tile:12,Tile:5,Tile:15,Tile:6,Tile:7,Tile:4,Tile:8,Tile:1,Tile:8,Map,Tile:9,Map,Tile:11-Tile:0,Tile:9,Tile:5,Tile:8,Tile:9,Tile:2,Tile:0-Tile:10,Map,Bonus,Tile:9,Tile:7,Bonus,Tile:7-Tile:hidden1,Tile:nugget,Tile:hidden2
Tile:5 4 5 1
Drop 3 0 0
Tile:9_flip 6 5 1
Map 12 3 0
Tile:6_flip 6 4 1
Tile:6_flip 5 4 0
Tile:2 7 4 1
Tile:7_flip 6 6 0
Tile:7_flip 7 5 1
Tile:7_flip 4 4 0
Tile:9 4 6 1
Tile:5_flip 8 5 0
Tile:8 8 4 1
Tile:14 5 6 0
Drop 2 0 1
Tile:9_flip 8 3 0
Tile:0 7 3 1
Tile:8 4 7 0
Tile:0 5 7 1
Destroy 7 5 0
Tile:10 8 2 1
Drop 4 0 0
Malus 0 0 1
Bonus 0 0 0
Drop 4 0 1
Destroy 6 6 0
Destroy 4 7 1
Tile:6 6 3 0
Drop 5 0 1
Tile:3_flip 4 7 0
