# Server version 0.08 running on macbook-pro-5.local:8123
# Game ID: 605
# Board class: Saboteur.SaboteurBoard
# Timeout: 2000000000
# First Move Timeout: 30000
# Date: Wed Apr 08 23:11:22 EDT 2020
# Player 1: Player-0, '260729805', running on macbook-pro-5.local
# Player 2: Player-1, 'RandomPlayer', running on macbook-pro-5.local
START Player-0 260729805
START Player-1 RandomPlayer
BoardInit:Destroy,Tile:8,Tile:8,Bonus,Tile:9,Tile:5,Tile:8,Tile:8,Destroy,Bonus,Tile:8,Tile:7,Tile:9,Tile:10,Map,Tile:8,Tile:8,Tile:8,Destroy,Tile:8,Map,Malus,Tile:0,Tile:6,Tile:8,Tile:4,Map,Tile:8,Tile:9,Tile:10,Tile:8,Tile:8,Destroy,Tile:7,Destroy,Tile:8,Tile:11,Tile:13,Tile:10,Tile:1,Bonus,Tile:2,Tile:15,Destroy,Tile:8,Tile:9,Tile:5,Destroy,Map,Tile:8,Tile:8,Map,Tile:7,Tile:7,Tile:0,Map,Destroy,Tile:8,Tile:5,Tile:7,Tile:8,Tile:8,Destroy,Bonus,Tile:14-Tile:3,Malus,Destroy,Tile:0,Tile:6,Tile:12,Tile:0-Tile:6,Tile:6,Tile:5,Tile:8,Tile:9,Tile:6,Destroy-Tile:hidden1,Tile:nugget,Tile:hidden2
Malus 0 0 1
Drop 6 0 0
Tile:0 6 5 1
Drop 6 0 0
Tile:3_flip 5 6 1
Bonus 0 0 0
Drop 2 0 1
Tile:6 7 5 0
Tile:8 7 4 1
Tile:6 8 5 0
Destroy 6 5 1
Tile:6 6 5 0
Tile:6_flip 9 5 1
Tile:5_flip 9 6 0
Tile:9 7 3 1
Tile:5 8 6 0
Destroy 7 3 1
Tile:7 8 4 0
Tile:8 5 4 1
Tile:8 8 7 0
Tile:0 6 6 1
Tile:9 8 8 0
Drop 5 0 1
Tile:8 9 8 0
Map 12 7 1
Tile:8 10 8 0
Tile:8 6 4 1
Tile:6_flip 9 7 0
Destroy 8 4 1
Tile:8 10 5 0
Tile:9 5 3 1
Tile:8 10 7 0
Tile:0 11 8 1
Tile:10 8 9 0
Destroy 9 8 1
Tile:8 6 3 0
Destroy 8 9 1
Tile:8 8 4 0
Tile:9_flip 7 3 1
Tile:10 5 2 0
Tile:11 6 2 1
Tile:7 7 6 0
Tile:8 9 8 1
Tile:2_flip 11 7 0
Tile:10 6 1 1
Malus 0 0 0
Bonus 0 0 1
Destroy 6 5 0
Tile:8 7 7 1
Tile:4 5 1 0
Tile:8 9 9 1
Tile:1 11 5 0
Tile:5 10 4 1
Tile:13 8 9 0
Map 12 7 1
Destroy 5 1 0
Tile:15 8 3 1
Tile:8 4 4 0
Map 12 7 1
Tile:8 6 0 0
Destroy 5 6 1
Tile:7 7 2 0
Tile:7_flip 4 5 1
Tile:8 8 10 0
Tile:5_flip 11 4 1
Tile:9 5 6 0
Tile:8 12 8 1
Map 12 3 0
Tile:8 7 9 1
Tile:8 7 10 0
Destroy 7 4 1
Tile:7_flip 3 4 0
Tile:0 5 0 1
Drop 0 0 0
Tile:8 7 11 1
Drop 0 0 0
Tile:14_flip 6 7 1
Drop 0 0 0
Drop 0 0 1
GAMEOVER DRAW
# Game ended: Wed Apr 08 23:13:07 EDT 2020
