# Server version 0.08 running on localhost:8123
# Game ID: 454
# Board class: Saboteur.SaboteurBoard
# Timeout: 2000000000
# First Move Timeout: 30000
# Date: Sun Apr 05 15:07:04 EDT 2020
# Player 1: Player-0, 'RandomPlayer', running on localhost
# Player 2: Player-1, '260729805', running on localhost
START Player-0 RandomPlayer
START Player-1 260729805
BoardInit:Tile:8,Tile:6,Map,Tile:0,Tile:4,Tile:5,Tile:8,Tile:11,Tile:12,Destroy,Tile:7,Tile:10,Tile:13,Tile:8,Tile:0,Tile:0,Tile:8,Destroy,Tile:2,Tile:9,Tile:5,Bonus,Tile:5,Tile:7,Map,Tile:3,Tile:9,Tile:7,Map,Tile:8,Tile:7,Tile:5,Destroy,Map,Tile:6,Malus,Tile:1,Tile:6,Tile:6,Tile:9,Tile:9-Tile:10,Malus,Tile:9,Tile:7,Map,Tile:14,Bonus-Tile:0,Tile:15,Tile:6,Map,Bonus,Bonus,Tile:10-Tile:hidden1,Tile:hidden2,Tile:nugget
Map 12 3 1
Tile:6_flip 6 5 0
Tile:7_flip 6 6 1
Map 12 7 0
Map 12 5 1
Tile:10 5 6 0
Tile:14 7 6 1
Tile:15 5 4 0
Tile:4 5 3 1
Tile:5_flip 5 7 0
Drop 6 0 1
Tile:6_flip 4 5 0
Tile:7_flip 4 7 1
Tile:11_flip 4 6 0
Tile:13 3 6 1
Drop 2 0 0
Tile:0 2 6 1
Destroy 5 3 0
Tile:9 1 6 1
Tile:8 5 3 0
Tile:8 7 5 1
Destroy 4 5 0
Tile:8 8 5 1
Tile:9_flip 3 7 0
Tile:10 8 6 1
Tile:0 6 3 0
Map 12 7 1
Tile:10 1 7 0
Tile:8 9 5 1
Tile:3_flip 9 6 0
Tile:9_flip 10 6 1
Tile:8 7 3 0
Tile:5_flip 10 7 1
Tile:0 9 7 0
Destroy 9 6 1
Tile:7 8 3 0
Tile:7_flip 9 6 1
Tile:5 3 5 0
Tile:6_flip 10 5 1
Tile:6_flip 4 5 0
Tile:6 11 5 1
Tile:9_flip 5 2 0
Tile:9 12 6 1
GAMEOVER WINNER 1
# Game ended: Sun Apr 05 15:07:05 EDT 2020
