# Server version 0.08 running on localhost:8123
# Game ID: 235
# Board class: Saboteur.SaboteurBoard
# Timeout: 2000000000
# First Move Timeout: 30000
# Date: Wed Apr 01 22:43:43 EDT 2020
# Player 1: Player-0, '260729805', running on localhost
# Player 2: Player-1, 'Human', running on localhost
START Player-0 260729805
START Player-1 Human
BoardInit:Tile:9,Map,Tile:7,Tile:0,Map,Tile:7,Tile:8,Tile:5,Tile:7,Tile:3,Tile:6,Tile:0,Tile:6,Tile:9,Tile:2,Tile:8,Destroy,Tile:6,Tile:9,Tile:8,Tile:9,Bonus,Bonus,Bonus,Destroy,Tile:5,Tile:4,Tile:7,Tile:10,Tile:0,Bonus,Tile:1,Map,Malus,Tile:0,Tile:15,Map,Destroy,Tile:5,Tile:10,Tile:11-Tile:12,Tile:9,Tile:8,Tile:5,Tile:10,Malus,Tile:7-Tile:8,Tile:6,Tile:14,Tile:13,Map,Tile:6,Map-Tile:nugget,Tile:hidden2,Tile:hidden1
Tile:8 6 5 1
Map 12 5 0
Tile:7 7 5 1
Tile:8 7 6 0
Tile:7 8 6 1
Tile:6 8 7 0
Map 12 7 1
Tile:6 9 7 0
Tile:5 6 4 1
Tile:0 10 7 0
