# Server version 0.08 running on macbook-pro-5.local:8123
# Game ID: 685
# Board class: Saboteur.SaboteurBoard
# Timeout: 2000000000
# First Move Timeout: 30000
# Date: Thu Apr 09 01:13:36 EDT 2020
# Player 1: Player-0, '260729805', running on macbook-pro-5.local
# Player 2: Player-1, 'Human', running on macbook-pro-5.local
START Player-0 260729805
START Player-1 Human
BoardInit:Bonus,Tile:10,Destroy,Tile:0,Tile:8,Destroy,Map,Tile:12,Tile:6,Malus,Tile:0,Tile:8,Tile:8,Bonus,Tile:4,Map,Tile:0,Tile:5,Tile:6,Tile:0,Tile:7,Tile:15,Bonus,Tile:9,Tile:10,Destroy,Tile:9,Tile:1,Tile:7,Bonus,Tile:2,Tile:14,Tile:5,Map,Tile:9,Tile:7,Map,Tile:9,Tile:6,Tile:11,Map-Tile:5,Tile:13,Map,Tile:9,Tile:6,Tile:7,Tile:6-Tile:3,Tile:10,Tile:5,Malus,Tile:8,Tile:7,Tile:8-Tile:hidden1,Tile:nugget,Tile:hidden2
Tile:6 6 5 1
Tile:5_flip 7 5 0
Tile:9 7 4 1
Tile:7 6 4 0
Tile:7 8 4 1
Tile:10 8 5 0
Tile:6 8 6 1
Tile:0 7 6 0
Tile:8 9 6 1
Tile:12_flip 6 6 0
