# Server version 0.08 running on localhost:8123
# Game ID: 708
# Board class: Saboteur.SaboteurBoard
# Timeout: 2000000000
# First Move Timeout: 30000
# Date: Thu Apr 09 01:24:35 EDT 2020
# Player 1: Player-0, '260729805', running on localhost
# Player 2: Player-1, 'RandomPlayer', running on localhost
START Player-0 260729805
START Player-1 RandomPlayer
BoardInit:Tile:13,Tile:7,Tile:1,Malus,Tile:3,Malus,Tile:4,Tile:9,Tile:0,Tile:8,Tile:2,Tile:11,Tile:5,Tile:0,Map,Tile:5,Map,Tile:6,Tile:5,Map,Tile:6,Tile:14,Tile:12,Tile:7,Tile:6,Tile:8,Bonus,Tile:7,Tile:8,Tile:7,Tile:9,Tile:9,Bonus,Tile:0,Map,Tile:9,Map,Tile:6,Tile:0,Tile:7,Tile:8-Map,Tile:8,Bonus,Destroy,Destroy,Destroy,Tile:15-Tile:10,Tile:10,Tile:6,Tile:5,Bonus,Tile:10,Tile:9-Tile:hidden2,Tile:nugget,Tile:hidden1
Drop 0 0 1
Tile:6 6 5 0
Tile:8 7 5 1
Tile:5_flip 8 5 0
Destroy 8 5 1
Tile:7 8 5 0
Drop 2 0 1
Tile:10 8 6 0
Tile:3 6 4 1
Tile:10 7 4 0
Drop 2 0 1
Tile:10 7 6 0
Tile:13 5 4 1
Tile:9 8 7 0
Destroy 8 7 1
Tile:9 8 7 0
Tile:2_flip 4 4 1
Tile:5_flip 7 7 0
Tile:5 7 3 1
Tile:0 4 5 0
Tile:4 5 3 1
Map 12 3 0
Tile:6 8 8 1
Tile:6_flip 7 8 0
Tile:0 3 4 1
Tile:8 9 7 0
Tile:1 3 5 1
Tile:11 9 6 0
Tile:12_flip 2 4 1
Tile:14_flip 9 5 0
Drop 2 0 1
Tile:8 9 8 0
Tile:5_flip 10 8 1
Drop 6 0 0
Tile:9_flip 4 3 1
Drop 6 0 0
Tile:8 8 3 1
Tile:7_flip 8 4 0
Tile:6_flip 6 7 1
Drop 6 0 0
Drop 0 0 1
Drop 6 0 0
Tile:8 8 2 1
Tile:9_flip 9 3 0
Tile:0 3 3 1
Tile:7 9 2 0
Map 12 3 1
Tile:7_flip 9 9 0
Drop 2 0 1
Drop 2 0 0
Map 12 3 1
Drop 1 0 0
Drop 1 0 1
Drop 0 0 0
Drop 0 0 1
GAMEOVER DRAW
# Game ended: Thu Apr 09 01:24:36 EDT 2020
