# Server version 0.08 running on macbook-pro-5.local:8123
# Game ID: 870
# Board class: Saboteur.SaboteurBoard
# Timeout: 2000000000
# First Move Timeout: 30000
# Date: Sat Apr 11 00:05:03 EDT 2020
# Player 1: Player-0, '260729805', running on localhost
# Player 2: Player-1, 'RandomPlayer', running on localhost
START Player-0 260729805
START Player-1 RandomPlayer
BoardInit:Map,Tile:2,Tile:13,Tile:8,Tile:1,Tile:0,Tile:8,Bonus,Tile:15,Tile:11,Tile:7,Bonus,Tile:6,Tile:5,Malus,Tile:8,Tile:8,Tile:8,Tile:8,Map,Tile:14,Destroy,Destroy,Tile:5,Tile:0,Tile:12,Tile:8,Tile:8,Destroy,Tile:8,Malus,Tile:6,Tile:7,Tile:10,Tile:4,Tile:3,Tile:8,Tile:8,Tile:5,Malus,Map,Tile:0,Tile:8,Tile:9,Tile:7,Map,Tile:6,Tile:8,Malus,Tile:8,Tile:8,Map,Tile:9,Tile:8,Tile:0,Tile:8,Tile:8,Bonus,Tile:8,Map,Malus,Tile:6,Tile:10-Tile:9,Tile:9,Tile:6,Tile:5,Bonus,Tile:8,Tile:9-Tile:10,Tile:7,Tile:8,Tile:7,Bonus,Bonus,Bonus-Tile:hidden2,Tile:hidden1,Tile:nugget
Tile:9 4 5 1
Tile:7 6 5 0
Tile:9 4 4 1
Tile:7_flip 6 6 0
Drop 2 0 1
Tile:8 7 6 0
Drop 2 0 1
Tile:0 8 6 0
Tile:5_flip 5 6 1
Tile:8 9 6 0
Tile:9_flip 10 6 1
Tile:10 9 5 0
Tile:15 7 5 1
Tile:2 9 4 0
Tile:13 4 6 1
Tile:5_flip 9 7 0
Map 12 7 1
Tile:8 7 7 0
Tile:6_flip 7 4 1
Tile:8 7 8 0
Tile:8 3 6 1
Map 12 5 0
Tile:7_flip 10 7 1
Destroy 9 5 0
Tile:14 8 8 1
Tile:5_flip 11 7 0
Destroy 9 7 1
Tile:12_flip 6 7 0
Tile:6_flip 8 4 1
Tile:8 9 5 0
Tile:8 10 4 1
Tile:8 7 9 0
Malus 0 0 1
Bonus 0 0 0
Drop 4 0 1
Tile:10 9 7 0
Tile:8 3 7 1
Tile:6_flip 8 9 0
Tile:0 6 9 1
Tile:8 9 9 0
Tile:8 7 10 1
Malus 0 0 0
Map 12 7 1
Tile:0 10 9 0
Drop 4 0 1
Tile:9 11 6 0
Drop 0 0 1
Map 12 5 0
Malus 0 0 1
Bonus 0 0 0
Drop 2 0 1
Tile:8 12 6 0
GAMEOVER WINNER 0
# Game ended: Sat Apr 11 00:05:13 EDT 2020
