# Server version 0.08 running on localhost:8123
# Game ID: 783
# Board class: Saboteur.SaboteurBoard
# Timeout: 2000000000
# First Move Timeout: 30000
# Date: Thu Apr 09 02:09:44 EDT 2020
# Player 1: Player-0, '260729805', running on localhost
# Player 2: Player-1, 'RandomPlayer', running on localhost
START Player-0 260729805
START Player-1 RandomPlayer
BoardInit:Tile:10,Tile:0,Tile:6,Tile:1,Tile:10,Map,Tile:15,Tile:7,Tile:12,Tile:2,Tile:5,Tile:13,Tile:7,Tile:0,Tile:5,Tile:11,Tile:7,Tile:9,Tile:9,Map,Map,Tile:10,Tile:7,Tile:9,Tile:6,Bonus,Malus,Tile:3,Tile:8,Tile:6,Tile:5,Malus,Map,Tile:14,Destroy,Tile:8,Tile:9,Bonus,Tile:8,Tile:7,Tile:4-Tile:6,Bonus,Destroy,Destroy,Bonus,Tile:8,Tile:8-Tile:0,Tile:5,Tile:0,Map,Map,Tile:6,Tile:9-Tile:hidden2,Tile:nugget,Tile:hidden1
Tile:8 5 4 1
Tile:0 6 5 0
Drop 1 0 1
Tile:5_flip 7 5 0
Tile:10 5 3 1
Tile:6_flip 7 4 0
Drop 6 0 1
Tile:0 8 4 0
Tile:6_flip 5 2 1
Tile:0 9 4 0
Tile:6 4 4 1
Tile:7 10 4 0
Destroy 7 4 1
Tile:9 10 5 0
Tile:12 11 5 1
Tile:0 6 4 0
Tile:7 6 2 1
Tile:2_flip 10 6 0
Tile:7_flip 3 4 1
Tile:9 5 6 0
Tile:15 4 3 1
Tile:1 11 6 0
Tile:5_flip 12 6 1
Tile:10 5 7 0
Tile:8 7 4 1
Tile:9 7 3 0
Tile:6_flip 4 2 1
Tile:13 9 6 0
Tile:9_flip 9 7 1
Tile:3 9 5 0
Destroy 8 4 1
Tile:6 8 4 0
Tile:7_flip 9 8 1
Tile:11_flip 10 8 0
Tile:8 8 7 1
Tile:14_flip 10 7 0
Destroy 8 7 1
Tile:8 8 3 0
Tile:5_flip 10 9 1
Drop 6 0 0
Drop 6 0 1
Tile:7 8 2 0
Tile:5_flip 9 3 1
Drop 5 0 0
Tile:4_flip 6 3 1
Drop 4 0 0
Drop 3 0 1
Drop 3 0 0
Tile:9 9 2 1
Drop 2 0 0
Drop 1 0 1
Drop 1 0 0
Malus 0 0 1
Drop 0 0 0
Drop 0 0 1
GAMEOVER DRAW
# Game ended: Thu Apr 09 02:09:45 EDT 2020
