# Server version 0.08 running on macbook-pro-5.local:8123
# Game ID: 651
# Board class: Saboteur.SaboteurBoard
# Timeout: 2000000000
# First Move Timeout: 30000
# Date: Thu Apr 09 00:45:02 EDT 2020
# Player 1: Player-0, '260729805', running on macbook-pro-5.local
# Player 2: Player-1, 'RandomPlayer', running on macbook-pro-5.local
START Player-0 260729805
START Player-1 RandomPlayer
BoardInit:Map,Tile:6,Map,Tile:0,Bonus,Tile:1,Tile:2,Tile:10,Destroy,Tile:9,Malus,Tile:0,Map,Tile:7,Tile:5,Tile:13,Bonus,Tile:6,Tile:8,Tile:7,Bonus,Map,Tile:0,Tile:14,Tile:6,Tile:5,Destroy,Tile:8,Map,Bonus,Malus,Tile:9,Tile:11,Tile:8,Tile:9,Tile:7,Tile:8,Tile:10,Tile:9,Tile:7,Tile:6-Tile:0,Tile:9,Tile:10,Tile:15,Tile:7,Tile:5,Tile:5-Tile:3,Map,Tile:6,Tile:8,Destroy,Tile:12,Tile:4-Tile:hidden2,Tile:hidden1,Tile:nugget
Tile:5 5 4 1
Map 12 3 0
Drop 1 0 1
Tile:6 6 5 0
Map 12 3 1
Tile:6 7 5 0
Tile:7 6 4 1
Tile:0 8 5 0
Map 12 7 1
Tile:8 9 5 0
Tile:15 7 4 1
Destroy 7 4 0
Tile:5 4 5 1
Tile:4_flip 5 6 0
Map 12 7 1
Tile:3 9 4 0
Tile:2 10 5 1
Tile:0 11 5 0
Tile:5_flip 10 6 1
Tile:13 9 6 0
Destroy 8 5 1
Tile:1 8 5 0
Drop 5 0 1
Tile:12_flip 8 4 0
Drop 0 0 1
Tile:14 4 6 0
Drop 3 0 1
Drop 6 0 0
Tile:6_flip 8 6 1
Tile:10 7 4 0
Map 12 3 1
Tile:9 7 3 0
Destroy 8 6 1
Tile:8 7 2 0
Tile:11_flip 8 2 1
Tile:9 7 1 0
Tile:9 3 6 1
Tile:8 8 1 0
Drop 3 0 1
Drop 6 0 0
Malus 0 0 1
Bonus 0 0 0
Drop 0 0 1
Drop 5 0 0
Drop 4 0 1
Drop 4 0 0
Tile:6_flip 6 2 1
Drop 3 0 0
Tile:8 8 0 1
Drop 2 0 0
Tile:0 5 2 1
Drop 1 0 0
Malus 0 0 1
Drop 0 0 0
Drop 0 0 1
GAMEOVER DRAW
# Game ended: Thu Apr 09 00:45:03 EDT 2020
