# Server version 0.08 running on localhost:8123
# Game ID: 338
# Board class: Saboteur.SaboteurBoard
# Timeout: 2000000000
# First Move Timeout: 30000
# Date: Fri Apr 03 23:46:32 EDT 2020
# Player 1: Player-0, '260729805', running on localhost
# Player 2: Player-1, 'RandomPlayer', running on localhost
START Player-0 260729805
START Player-1 RandomPlayer
BoardInit:Tile:0,Map,Map,Bonus,Tile:10,Tile:7,Destroy,Tile:2,Malus,Tile:6,Tile:10,Tile:10,Bonus,Tile:5,Tile:11,Tile:14,Tile:0,Tile:6,Map,Tile:8,Tile:5,Tile:9,Tile:15,Tile:4,Tile:7,Destroy,Tile:8,Tile:8,Tile:13,Malus,Bonus,Bonus,Tile:3,Tile:9,Tile:9,Tile:6,Tile:1,Tile:8,Tile:6,Tile:7,Map-Tile:7,Tile:6,Tile:7,Tile:5,Tile:5,Destroy,Tile:0-Tile:0,Tile:8,Map,Tile:9,Tile:12,Tile:9,Map-Tile:nugget,Tile:hidden2,Tile:hidden1
Tile:5_flip 5 6 1
Map 12 3 0
Tile:6_flip 4 5 1
Map 12 5 0
Tile:7_flip 3 5 1
Map 12 7 0
Drop 3 0 1
Tile:0 6 5 0
Destroy 6 5 1
Tile:12 6 5 0
Malus 0 0 1
Bonus 0 0 0
Tile:5 5 4 1
Tile:6 6 4 0
Map 12 7 1
Tile:7 7 4 0
Tile:10 7 5 1
Tile:5_flip 7 6 0
Destroy 7 4 1
Tile:6_flip 7 4 0
Map 12 3 1
Tile:8 8 4 0
Tile:11_flip 6 3 1
Tile:9_flip 9 4 0
Tile:7_flip 8 5 1
Tile:9_flip 9 5 0
Tile:5 6 6 1
Tile:10 9 6 0
Tile:8 3 4 1
Tile:8 9 3 0
Tile:15 9 7 1
Tile:9 9 2 0
Tile:7_flip 9 8 1
Tile:8 10 2 0
Tile:13 8 3 1
Tile:9 10 1 0
Tile:9_flip 6 2 1
Tile:4 9 1 0
Tile:3_flip 4 6 1
Tile:8 11 1 0
Drop 4 0 1
Tile:7 11 0 0
Tile:6 5 2 1
Tile:6_flip 10 0 0
Drop 4 0 1
Destroy 9 5 0
Tile:0 10 8 1
Tile:2_flip 9 0 0
Tile:10 6 1 1
Tile:14_flip 8 0 0
Tile:0 2 4 1
Drop 1 0 0
Map 12 3 1
Malus 0 0 0
Bonus 0 0 1
GAMEOVER DRAW
# Game ended: Fri Apr 03 23:46:34 EDT 2020
