# Server version 0.08 running on localhost:8123
# Game ID: 356
# Board class: Saboteur.SaboteurBoard
# Timeout: 2000000000
# First Move Timeout: 30000
# Date: Sat Apr 04 00:17:35 EDT 2020
# Player 1: Player-0, '260729805', running on localhost
# Player 2: Player-1, 'RandomPlayer', running on localhost
START Player-0 260729805
START Player-1 RandomPlayer
BoardInit:Tile:10,Tile:7,Tile:4,Tile:7,Tile:5,Tile:2,Tile:6,Tile:6,Map,Tile:8,Tile:0,Tile:6,Tile:8,Tile:9,Tile:12,Tile:15,Bonus,Tile:11,Destroy,Bonus,Tile:13,Map,Tile:7,Tile:8,Tile:14,Tile:0,Tile:5,Bonus,Tile:10,Malus,Tile:5,Tile:9,Destroy,Tile:0,Tile:9,Map,Tile:6,Map,Tile:7,Map,Tile:9-Tile:0,Tile:1,Map,Tile:6,Tile:7,Bonus,Tile:10-Tile:9,Tile:3,Malus,Tile:5,Tile:8,Destroy,Tile:8-Tile:nugget,Tile:hidden2,Tile:hidden1
Tile:1 6 5 1
Tile:5 5 4 0
Tile:6 5 6 1
Tile:7 6 6 0
Tile:10 6 7 1
Tile:7_flip 6 8 0
Map 12 5 1
Tile:3 7 5 0
Tile:10 7 6 1
Tile:6 7 8 0
Drop 2 0 1
Tile:2 8 8 0
Drop 4 0 1
Tile:6 6 4 0
Drop 2 0 1
Destroy 8 8 0
Drop 0 0 1
Tile:15 7 7 0
Tile:7_flip 4 5 1
Tile:11_flip 8 8 0
Tile:8 8 9 1
Tile:9 6 3 0
Tile:5_flip 8 10 1
Map 12 3 0
Tile:0 7 10 1
Tile:8 7 3 0
Destroy 6 5 1
Tile:8 8 3 0
Tile:13 8 4 1
Tile:8 9 3 0
Tile:7 8 2 1
Tile:9_flip 9 4 0
Tile:14 9 5 1
Tile:9 9 2 0
Drop 0 0 1
Tile:8 10 2 0
Tile:9 8 7 1
Tile:0 6 5 0
Destroy 8 3 1
Tile:0 4 6 0
Tile:6 10 3 1
Drop 6 0 0
Tile:5 9 1 1
Drop 5 0 0
Tile:5_flip 11 3 1
Drop 4 0 0
Tile:9 7 2 1
Drop 3 0 0
Tile:7 4 4 1
Drop 2 0 0
Tile:12_flip 7 9 1
Drop 1 0 0
Drop 1 0 1
Malus 0 0 0
Bonus 0 0 1
GAMEOVER DRAW
# Game ended: Sat Apr 04 00:17:36 EDT 2020
