# Server version 0.08 running on macbook-pro-5.local:8123
# Game ID: 851
# Board class: Saboteur.SaboteurBoard
# Timeout: 2000000000
# First Move Timeout: 30000
# Date: Fri Apr 10 23:05:28 EDT 2020
# Player 1: Player-0, '260729805', running on localhost
# Player 2: Player-1, 'Human', running on localhost
START Player-0 260729805
START Player-1 Human
BoardInit:Tile:9,Malus,Bonus,Tile:8,Tile:8,Tile:3,Tile:8,Tile:5,Bonus,Tile:14,Bonus,Tile:2,Tile:0,Tile:7,Malus,Malus,Bonus,Tile:6,Tile:8,Tile:8,Tile:6,Map,Map,Malus,Malus,Tile:8,Tile:5,Map,Tile:6,Tile:7,Tile:8,Malus,Tile:8,Tile:6,Tile:11,Tile:8,Tile:8,Malus,Tile:6,Tile:7,Tile:8,Tile:7,Map,Malus,Tile:10,Tile:8,Malus,Malus,Destroy,Malus,Malus,Tile:13,Tile:0,Map,Tile:8,Tile:8,Tile:7,Tile:9,Malus,Map,Tile:8,Tile:10,Malus,Tile:5,Malus,Tile:1,Destroy,Malus,Tile:8,Tile:9,Tile:8,Tile:8,Malus,Malus,Malus,Tile:8,Tile:10-Tile:4,Destroy,Malus,Tile:9,Tile:8,Tile:9,Tile:12-Malus,Tile:8,Tile:0,Tile:0,Tile:5,Malus,Tile:15-Tile:hidden1,Tile:hidden2,Tile:nugget
Tile:8 6 5 1
Tile:0 7 5 0
Drop 5 0 1
Tile:0 8 5 0
Drop 0 0 1
Tile:5_flip 9 5 0
Tile:8 9 4 1
Tile:8 10 4 0
Drop 0 0 1
Tile:5 9 3 0
Tile:8 10 3 1
