# Server version 0.08 running on localhost:8123
# Game ID: 1035
# Board class: Saboteur.SaboteurBoard
# Timeout: 2000000000
# First Move Timeout: 30000
# Date: Sat Apr 11 13:59:15 EDT 2020
# Player 1: Player-0, '260729805', running on localhost
# Player 2: Player-1, 'RandomPlayer', running on localhost
START Player-0 260729805
START Player-1 RandomPlayer
BoardInit:Tile:8,Tile:13,Tile:9,Map,Tile:10,Tile:8,Bonus,Tile:4,Bonus,Bonus,Tile:8,Tile:7,Tile:6,Tile:7,Malus,Tile:12,Map,Tile:14,Tile:3,Tile:7,Tile:11,Tile:7,Tile:5,Tile:0,Tile:0,Malus,Tile:6,Tile:5,Map,Tile:6,Destroy,Tile:1,Tile:9,Tile:5,Destroy,Tile:9,Tile:10,Tile:6,Tile:9,Tile:15,Tile:0-Tile:8,Map,Bonus,Tile:0,Tile:5,Tile:2,Tile:6-Map,Destroy,Tile:10,Tile:9,Tile:8,Map,Tile:7-Tile:hidden2,Tile:hidden1,Tile:nugget
Tile:6 5 6 1
Map 12 3 0
Tile:2 6 5 1
Map 12 5 0
Tile:5_flip 6 6 1
Destroy 6 5 0
Tile:9 4 5 1
Tile:7 6 5 0
Tile:10 4 4 1
Tile:10 5 4 0
Map 12 7 1
Tile:9 4 6 0
Tile:8 4 3 1
Tile:8 4 7 0
Tile:8 4 8 1
Tile:8 5 8 0
Tile:6_flip 3 7 1
Tile:7 6 8 0
Tile:0 2 7 1
Tile:7_flip 6 9 0
Tile:3 5 3 1
Tile:7 7 9 0
Tile:11_flip 7 10 1
Tile:7 5 7 0
Tile:5 1 7 1
Tile:0 3 3 0
Malus 0 0 1
Bonus 0 0 0
Map 12 3 1
Tile:5 4 2 0
Tile:0 6 10 1
Tile:6 4 9 0
Destroy 3 3 1
Tile:12 5 2 0
Drop 4 0 1
Tile:5 3 9 0
Tile:9_flip 5 9 1
Tile:9 5 10 0
Destroy 7 9 1
Tile:6_flip 7 9 0
Tile:10 1 8 1
Tile:4_flip 5 11 0
Map 12 7 1
Tile:13 8 9 0
Tile:8 1 9 1
Tile:14 9 9 0
Drop 1 0 1
Tile:15 9 8 0
Tile:9 1 10 1
Drop 2 0 0
Tile:0 0 9 1
Drop 1 0 0
Drop 1 0 1
Drop 0 0 0
Drop 0 0 1
GAMEOVER DRAW
# Game ended: Sat Apr 11 13:59:16 EDT 2020
