# Server version 0.08 running on localhost:8123
# Game ID: 582
# Board class: Saboteur.SaboteurBoard
# Timeout: 2000000000
# First Move Timeout: 30000
# Date: Sun Apr 05 20:58:08 EDT 2020
# Player 1: Player-0, '260729805', running on localhost
# Player 2: Player-1, 'RandomPlayer', running on localhost
START Player-0 260729805
START Player-1 RandomPlayer
BoardInit:Tile:8,Tile:6,Tile:9,Map,Tile:15,Tile:8,Destroy,Tile:1,Tile:3,Tile:5,Destroy,Tile:7,Tile:6,Map,Bonus,Bonus,Malus,Tile:5,Tile:6,Tile:7,Bonus,Tile:12,Tile:0,Tile:6,Tile:4,Tile:11,Tile:6,Tile:10,Tile:9,Map,Tile:14,Tile:0,Tile:9,Malus,Tile:10,Tile:13,Tile:10,Destroy,Tile:9,Tile:7,Tile:7-Tile:5,Tile:0,Tile:8,Tile:8,Tile:5,Tile:2,Map-Map,Tile:7,Tile:8,Bonus,Tile:0,Map,Tile:9-Tile:hidden2,Tile:nugget,Tile:hidden1
Tile:2_flip 6 5 1
Map 12 3 0
Tile:8 6 4 1
Map 12 5 0
Tile:8 5 4 1
Tile:7 7 4 0
Drop 6 0 1
Tile:6 7 5 0
Tile:5 4 5 1
Tile:0 8 5 0
Tile:3_flip 5 6 1
Tile:5_flip 9 5 0
Tile:5 6 3 1
Tile:7 9 4 0
Destroy 6 3 1
Tile:8 6 3 0
Tile:9_flip 6 2 1
Tile:9 6 1 0
Destroy 8 5 1
Tile:8 8 5 0
Tile:6 7 1 1
Tile:5 8 4 0
Tile:0 8 1 1
Tile:7_flip 8 6 0
Tile:8 7 0 1
Tile:6_flip 9 6 0
Tile:0 4 4 1
Tile:12 10 6 0
Tile:6 8 0 1
Tile:10 9 7 0
Tile:9 9 8 1
Tile:1 10 8 0
Tile:6_flip 6 0 1
Tile:0 9 1 0
Drop 4 0 1
Drop 6 0 0
Tile:14 9 9 1
Drop 6 0 0
Drop 3 0 1
Destroy 10 6 0
Tile:9_flip 4 6 1
Tile:7 10 6 0
Tile:9 3 4 1
Tile:11_flip 10 1 0
Tile:7_flip 3 6 1
Drop 4 0 0
Drop 1 0 1
Drop 3 0 0
Map 12 3 1
Drop 2 0 0
Malus 0 0 1
Bonus 0 0 0
Tile:10 3 5 1
Drop 0 0 0
Tile:10 10 0 1
GAMEOVER DRAW
# Game ended: Sun Apr 05 20:58:08 EDT 2020
