# Server version 0.08 running on 192.168.1.5:8123
# Game ID: 206
# Board class: Saboteur.SaboteurBoard
# Timeout: 2000000000
# First Move Timeout: 30000
# Date: Wed Apr 01 01:07:07 EDT 2020
# Player 1: Player-0, '260729805', running on 192.168.1.5
# Player 2: Player-1, '260729805', running on 192.168.1.5
START Player-0 260729805
START Player-1 260729805
BoardInit:Tile:0,Tile:6,Tile:5,Tile:8,Tile:15,Destroy,Destroy,Tile:14,Tile:6,Tile:6,Tile:7,Tile:0,Tile:7,Tile:7,Map,Tile:9,Tile:9,Tile:3,Tile:10,Tile:1,Tile:8,Map,Map,Tile:9,Bonus,Tile:6,Tile:6,Tile:0,Map,Tile:10,Tile:8,Tile:8,Tile:11,Tile:9,Tile:4,Tile:9,Tile:0,Map,Map,Tile:5,Tile:13-Tile:5,Tile:8,Tile:12,Destroy,Bonus,Tile:5,Tile:10-Tile:7,Malus,Bonus,Bonus,Tile:7,Tile:2,Malus-Tile:hidden1,Tile:hidden2,Tile:nugget
Tile:5_flip 6 5 1
Tile:7 6 4 0
Tile:8 5 4 1
Tile:7_flip 5 6 0
Tile:12 6 6 1
Tile:6_flip 5 3 0
Tile:5_flip 6 3 1
Tile:8 4 3 0
Tile:10 6 2 1
Tile:2 6 1 0
Tile:6_flip 4 2 1
Tile:6 4 5 0
Tile:5_flip 5 2 1
Tile:0 3 5 0
Tile:0 3 3 1
Tile:7_flip 3 2 0
Map 12 5 1
Tile:9 5 1 0
Tile:9 4 4 1
Tile:14 7 1 0
GAMEOVER USER CANCEL UNDECIDED
# Game ended: Wed Apr 01 01:07:28 EDT 2020
