# Server version 0.08 running on localhost:8123
# Game ID: 977
# Board class: Saboteur.SaboteurBoard
# Timeout: 2000000000
# First Move Timeout: 30000
# Date: Sat Apr 11 02:38:03 EDT 2020
# Player 1: Player-0, '260729805', running on localhost
# Player 2: Player-1, 'RandomPlayer', running on localhost
START Player-0 260729805
START Player-1 RandomPlayer
BoardInit:Tile:8,Tile:13,Tile:8,Tile:3,Bonus,Map,Bonus,Tile:7,Tile:5,Tile:9,Tile:8,Tile:6,Tile:5,Destroy,Tile:10,Map,Tile:5,Map,Malus,Tile:6,Tile:6,Tile:2,Tile:7,Tile:9,Destroy,Tile:7,Map,Tile:14,Tile:9,Tile:6,Tile:1,Tile:9,Tile:0,Tile:0,Bonus,Tile:8,Tile:6,Tile:8,Map,Tile:9,Tile:0-Tile:15,Tile:7,Map,Tile:4,Tile:12,Malus,Tile:10-Tile:7,Tile:0,Destroy,Tile:5,Tile:10,Tile:11,Bonus-Tile:hidden1,Tile:nugget,Tile:hidden2
Tile:12 6 5 1
Destroy 6 5 0
Tile:7_flip 4 5 1
Tile:7 6 5 0
Drop 4 0 1
Tile:5_flip 6 6 0
Drop 6 0 1
Tile:10 5 4 0
Drop 3 0 1
Tile:7_flip 5 6 0
Tile:15 4 4 1
Tile:9 5 3 0
Drop 0 0 1
Tile:0 6 3 0
Tile:5_flip 7 3 1
Destroy 7 3 0
Tile:8 5 2 1
Tile:6 7 3 0
Drop 3 0 1
Tile:11_flip 8 3 0
Tile:4 7 2 1
Tile:6_flip 5 1 0
Tile:6 6 1 1
Tile:13 8 4 0
Tile:5 4 1 1
Tile:9 6 0 0
Tile:7 7 0 1
Drop 6 0 0
Drop 6 0 1
Drop 6 0 0
Drop 2 0 1
Tile:6 7 1 0
Destroy 6 5 1
Tile:9_flip 8 1 0
Tile:9 8 2 1
Tile:0 9 2 0
Tile:8 9 4 1
Tile:8 10 2 0
Tile:5_flip 10 4 1
Tile:8 10 1 0
Tile:6_flip 11 2 1
Tile:9 11 3 0
Tile:0 7 4 1
Tile:3_flip 12 4 0
Tile:0 13 3 1
Tile:2 13 4 0
Tile:1 11 1 1
Drop 3 0 0
Map 12 7 1
Drop 2 0 0
Drop 0 0 1
Drop 1 0 0
Malus 0 0 1
Bonus 0 0 0
Drop 0 0 1
GAMEOVER DRAW
# Game ended: Sat Apr 11 02:38:04 EDT 2020
