# Server version 0.08 running on localhost:8123
# Game ID: 495
# Board class: Saboteur.SaboteurBoard
# Timeout: 2000000000
# First Move Timeout: 30000
# Date: Sun Apr 05 18:09:25 EDT 2020
# Player 1: Player-0, '260729805', running on localhost
# Player 2: Player-1, 'RandomPlayer', running on localhost
START Player-0 260729805
START Player-1 RandomPlayer
BoardInit:Tile:8,Tile:0,Tile:6,Tile:7,Tile:8,Malus,Tile:5,Tile:8,Tile:11,Bonus,Tile:0,Tile:1,Tile:10,Tile:0,Bonus,Tile:14,Tile:2,Tile:15,Map,Tile:4,Tile:0,Tile:9,Tile:5,Tile:5,Tile:7,Tile:7,Malus,Tile:6,Map,Destroy,Tile:10,Map,Map,Tile:9,Tile:6,Map,Tile:8,Tile:9,Tile:7,Tile:10,Bonus-Tile:9,Tile:6,Tile:5,Map,Tile:3,Destroy,Tile:7-Tile:13,Tile:6,Tile:8,Tile:12,Destroy,Tile:9,Bonus-Tile:hidden1,Tile:hidden2,Tile:nugget
Tile:3_flip 4 5 1
Tile:13 5 4 0
Drop 5 0 1
Tile:12 6 5 0
Drop 1 0 1
Tile:6_flip 4 4 0
Tile:6_flip 5 3 1
Tile:8 6 3 0
Tile:5_flip 7 3 1
Destroy 4 5 0
Tile:11_flip 7 2 1
Drop 1 0 0
Destroy 7 2 1
Tile:0 4 3 0
Tile:9_flip 6 2 1
Tile:0 5 2 0
Drop 0 0 1
Tile:7_flip 4 5 0
Tile:0 3 3 1
Tile:14 6 4 0
Tile:8 6 1 1
Tile:9_flip 6 0 0
Tile:0 3 4 1
Tile:1 2 4 0
Tile:2_flip 5 0 1
Tile:4 7 2 0
Drop 0 0 1
Malus 0 0 0
Drop 2 0 1
Tile:8 1 4 0
Map 12 3 1
Destroy 3 4 0
Map 12 7 1
Map 12 3 0
Drop 4 0 1
Tile:7_flip 2 3 0
Drop 2 0 1
Map 12 5 0
Map 12 5 1
Tile:9 0 4 0
Drop 2 0 1
Tile:6_flip 3 4 0
Drop 5 0 1
Tile:5_flip 0 5 0
Drop 4 0 1
Drop 1 0 0
Drop 3 0 1
