# Server version 0.08 running on localhost:8123
# Game ID: 1001
# Board class: Saboteur.SaboteurBoard
# Timeout: 2000000000
# First Move Timeout: 30000
# Date: Sat Apr 11 13:11:32 EDT 2020
# Player 1: Player-0, '260729805', running on localhost
# Player 2: Player-1, 'RandomPlayer', running on localhost
START Player-0 260729805
START Player-1 RandomPlayer
BoardInit:Tile:7,Tile:5,Tile:8,Destroy,Tile:3,Tile:13,Tile:7,Tile:7,Tile:0,Tile:8,Tile:6,Tile:15,Tile:6,Map,Tile:0,Destroy,Bonus,Destroy,Tile:9,Tile:7,Tile:9,Bonus,Tile:1,Map,Tile:6,Malus,Bonus,Map,Tile:8,Tile:8,Bonus,Tile:5,Tile:2,Tile:11,Tile:10,Tile:10,Map,Tile:6,Map,Tile:9,Map-Tile:9,Tile:5,Tile:10,Tile:12,Malus,Tile:14,Tile:0-Tile:5,Tile:8,Tile:7,Tile:9,Tile:0,Tile:6,Tile:4-Tile:nugget,Tile:hidden1,Tile:hidden2
Drop 3 0 1
Tile:5_flip 6 5 0
Tile:14_flip 4 5 1
Tile:7 6 4 0
Tile:5 5 4 1
Destroy 4 5 0
Drop 4 0 1
Tile:6 5 6 0
Tile:3_flip 4 5 1
Tile:0 6 6 0
Tile:0 7 6 1
Tile:5_flip 8 6 0
Tile:10 4 4 1
Tile:7 8 5 0
Drop 5 0 1
Map 12 3 0
Tile:7 4 3 1
Destroy 4 5 0
Drop 1 0 1
Tile:8 4 5 0
Tile:6 4 6 1
Tile:7_flip 7 5 0
Drop 5 0 1
Tile:9 7 4 0
Drop 0 0 1
Destroy 8 6 0
Tile:8 3 3 1
Tile:8 8 6 0
Tile:6_flip 3 2 1
Tile:4 7 3 0
Tile:1 2 2 1
Tile:8 9 6 0
Tile:8 8 7 1
Tile:5 9 5 0
Tile:9_flip 10 6 1
Tile:13 10 5 0
Drop 3 0 1
Tile:10 8 8 0
Tile:0 7 7 1
Tile:6 8 4 0
Drop 2 0 1
Tile:9 8 3 0
Tile:0 9 4 1
Tile:11_flip 10 4 0
Tile:2_flip 4 2 1
Tile:15 10 3 0
Map 12 3 1
Drop 3 0 0
Drop 1 0 1
Drop 2 0 0
Map 12 3 1
Drop 1 0 0
Map 12 3 1
Drop 0 0 0
Drop 0 0 1
GAMEOVER DRAW
# Game ended: Sat Apr 11 13:11:34 EDT 2020
