# Server version 0.08 running on localhost:8123
# Game ID: 137
# Board class: Saboteur.SaboteurBoard
# Timeout: 20000
# First Move Timeout: 30000
# Date: Tue Mar 31 01:04:11 EDT 2020
# Player 1: Player-0, '260729805', running on localhost
# Player 2: Player-1, 'RandomPlayer', running on localhost
START Player-0 260729805
START Player-1 RandomPlayer
BoardInit:Tile:15,Tile:1,Tile:6,Tile:9,Destroy,Map,Tile:10,Tile:13,Tile:12,Tile:9,Tile:7,Tile:8,Tile:7,Tile:5,Destroy,Tile:8,Bonus,Tile:4,Map,Bonus,Tile:8,Malus,Tile:5,Map,Tile:10,Tile:7,Tile:9,Map,Tile:10,Destroy,Tile:5,Tile:7,Tile:2,Tile:0,Tile:6,Tile:8,Bonus,Map,Tile:7,Tile:0,Tile:3-Tile:14,Tile:6,Tile:8,Tile:9,Tile:0,Malus,Tile:6-Tile:9,Tile:11,Tile:0,Bonus,Tile:5,Tile:6,Map-Tile:hidden2,Tile:hidden1,Tile:nugget
Tile:9 4 5 1
Map 12 5 0
Tile:8 6 5 1
Tile:9_flip 7 5 0
Tile:6 6 6 1
Tile:5 7 4 0
Tile:6 5 6 1
Map 12 5 0
Tile:6 4 6 1
Tile:0 8 4 0
Drop 1 0 1
Tile:6 9 4 0
Destroy 7 4 1
Tile:9 7 4 0
Drop 5 0 1
Tile:9_flip 10 4 0
Destroy 10 4 1
Tile:8 10 4 0
Tile:14 7 6 1
Tile:5_flip 11 4 0
Tile:15 6 4 1
Tile:8 10 5 0
Map 12 5 1
Tile:1 11 5 0
Tile:5 9 5 1
Map 12 5 0
Tile:8 6 3 1
Tile:4 11 3 0
Drop 4 0 1
Map 12 5 0
Tile:7_flip 10 6 1
Tile:7 11 6 0
Tile:10 9 6 1
Destroy 11 5 0
Tile:2_flip 3 6 1
Tile:0 11 5 0
Tile:10 12 4 1
Tile:7_flip 11 7 0
GAMEOVER WINNER 0
# Game ended: Tue Mar 31 01:04:14 EDT 2020
