# Server version 0.08 running on localhost:8123
# Game ID: 4
# Board class: Saboteur.SaboteurBoard
# Timeout: 20000
# First Move Timeout: 30000
# Date: Tue Mar 24 18:39:24 EDT 2020
# Player 1: Player-0, '260729805', running on localhost
# Player 2: Player-1, 'RandomPlayer', running on localhost
START Player-0 260729805
START Player-1 RandomPlayer
BoardInit:Tile:5,Tile:8,Bonus,Tile:3,Tile:6,Tile:9,Destroy,Tile:10,Bonus,Tile:9,Tile:0,Tile:0,Bonus,Tile:8,Tile:7,Map,Tile:6,Tile:4,Tile:8,Tile:9,Tile:7,Tile:9,Tile:13,Tile:9,Map,Tile:5,Map,Tile:6,Malus,Tile:7,Map,Tile:1,Tile:6,Tile:8,Tile:0,Malus,Destroy,Tile:2,Bonus,Tile:15,Tile:8-Tile:6,Map,Tile:12,Tile:14,Tile:0,Tile:7,Tile:5-Tile:5,Tile:11,Tile:10,Tile:10,Tile:7,Map,Destroy-Tile:hidden2,Tile:nugget,Tile:hidden1
Tile:7_flip 5 6 1
Tile:5_flip 6 5 0
Tile:0 6 6 1
Destroy 5 6 0
Tile:5 5 4 1
Tile:8 7 6 0
Tile:5 7 5 1
Drop 6 0 0
Destroy 7 5 1
Tile:7_flip 5 6 0
Drop 2 0 1
Tile:10 7 7 0
Tile:6_flip 6 4 1
Tile:10 7 8 0
Tile:14_flip 7 5 1
Drop 3 0 0
Tile:0 4 5 1
Tile:3 8 5 0
Drop 1 0 1
Tile:9 7 9 0
Tile:6 8 6 1
Tile:9 3 5 0
Tile:6 7 4 1
Tile:9_flip 3 4 0
Tile:13 8 9 1
Tile:11 3 6 0
Tile:7_flip 7 10 1
Map 12 3 0
Tile:8 9 9 1
Tile:9_flip 9 6 0
Map 12 3 1
Tile:0 2 4 0
Map 12 7 1
Tile:8 8 10 0
Drop 4 0 1
Tile:8 9 10 0
Tile:6_flip 9 8 1
Tile:1 10 9 0
Destroy 3 6 1
Tile:2 10 10 0
Tile:7_flip 9 11 1
Tile:7_flip 1 4 0
Tile:8 11 10 1
Tile:15 11 11 0
Tile:0 10 8 1
Tile:5_flip 9 7 0
Map 12 3 1
Tile:6_flip 11 9 0
Map 12 7 1
Map 12 3 0
Drop 0 0 1
Tile:4_flip 8 11 0
Drop 1 0 1
Drop 0 0 0
Drop 0 0 1
GAMEOVER DRAW
# Game ended: Tue Mar 24 18:39:25 EDT 2020
