# Server version 0.08 running on localhost:8123
# Game ID: 661
# Board class: Saboteur.SaboteurBoard
# Timeout: 2000000000
# First Move Timeout: 30000
# Date: Thu Apr 09 00:55:31 EDT 2020
# Player 1: Player-0, '260729805', running on localhost
# Player 2: Player-1, 'RandomPlayer', running on localhost
START Player-0 260729805
START Player-1 RandomPlayer
BoardInit:Tile:9,Destroy,Malus,Tile:7,Tile:10,Destroy,Bonus,Tile:0,Tile:7,Map,Tile:5,Tile:10,Malus,Tile:9,Tile:1,Tile:12,Tile:6,Tile:13,Tile:8,Tile:9,Tile:7,Tile:8,Tile:0,Map,Map,Tile:14,Tile:0,Tile:5,Tile:0,Bonus,Tile:7,Map,Map,Tile:10,Tile:6,Tile:11,Destroy,Tile:6,Tile:3,Tile:6,Tile:9-Bonus,Tile:8,Tile:15,Tile:7,Bonus,Tile:6,Tile:4-Tile:9,Tile:5,Tile:5,Tile:8,Tile:2,Tile:8,Map-Tile:hidden1,Tile:nugget,Tile:hidden2
Drop 2 0 1
Tile:5_flip 6 5 0
Tile:8 5 4 1
Tile:9_flip 6 4 0
Drop 4 0 1
Tile:5_flip 5 6 0
Tile:7 6 3 1
Tile:8 5 3 0
Tile:9 4 4 1
Tile:7_flip 4 5 0
Drop 1 0 1
Tile:0 4 6 0
Drop 4 0 1
Tile:8 4 3 0
Tile:7_flip 3 6 1
Tile:10 3 5 0
Tile:10 3 4 1
Tile:9 3 3 0
Tile:5 3 2 1
Destroy 5 4 0
Tile:8 5 4 1
Tile:9_flip 4 2 0
Drop 5 0 1
Tile:8 4 1 0
Malus 0 0 1
Destroy 5 4 0
Tile:1 3 1 1
Drop 4 0 0
Tile:6_flip 4 0 1
Drop 3 0 0
Drop 2 0 1
Bonus 0 0 0
Tile:7_flip 3 0 1
Tile:5 5 2 0
Tile:0 6 2 1
Drop 4 0 0
Tile:6_flip 5 0 1
Drop 4 0 0
Destroy 5 0 1
Tile:2_flip 5 1 0
Drop 0 0 1
Drop 4 0 0
Tile:0 7 2 1
Tile:6 6 1 0
Drop 4 0 1
Drop 4 0 0
Tile:9_flip 5 0 1
Drop 3 0 0
Map 12 3 1
Drop 2 0 0
Tile:0 2 1 1
Drop 1 0 0
Map 12 7 1
Drop 0 0 0
Malus 0 0 1
GAMEOVER DRAW
# Game ended: Thu Apr 09 00:55:31 EDT 2020
