# Server version 0.08 running on 192.168.1.5:8123
# Game ID: 172
# Board class: Saboteur.SaboteurBoard
# Timeout: 2000000000
# First Move Timeout: 30000
# Date: Tue Mar 31 21:11:30 EDT 2020
# Player 1: Player-0, '260729805', running on 192.168.1.5
# Player 2: Player-1, 'Human', running on 192.168.1.5
START Player-0 260729805
START Player-1 Human
BoardInit:Tile:7,Tile:5,Tile:5,Tile:15,Tile:1,Tile:5,Tile:10,Tile:8,Tile:13,Tile:0,Malus,Tile:6,Tile:9,Bonus,Bonus,Map,Map,Tile:10,Tile:0,Tile:2,Bonus,Tile:9,Tile:8,Map,Tile:8,Map,Tile:8,Tile:9,Tile:6,Tile:10,Tile:8,Tile:9,Tile:9,Tile:0,Destroy,Tile:6,Tile:7,Tile:3,Tile:5,Tile:11,Tile:7-Tile:6,Tile:7,Tile:6,Tile:4,Destroy,Tile:12,Map-Map,Tile:7,Malus,Bonus,Destroy,Tile:0,Tile:14-Tile:hidden1,Tile:nugget,Tile:hidden2
Map 12 5 1
Map 12 5 0
Tile:6 6 5 1
Tile:7 7 5 0
Destroy 7 5 1
Tile:0 7 5 0
Tile:6 8 5 1
Tile:5_flip 9 5 0
Tile:7 9 4 1
Tile:5 8 4 0
Tile:4 6 4 1
Destroy 9 5 0
Malus 0 0 1
Drop 6 0 0
Drop 0 0 1
Drop 6 0 0
Tile:1 4 5 1
Map 12 5 0
Tile:13 9 5 1
Drop 6 0 0
Tile:0 3 5 1
Drop 6 0 0
Map 12 7 1
Drop 6 0 0
Tile:8 5 6 1
Map 12 5 0
Tile:8 5 7 1
Map 12 5 0
Tile:8 5 8 1
Drop 6 0 0
Tile:9 5 9 1
Drop 6 0 0
Tile:8 5 10 1
Drop 6 0 0
Tile:9 5 11 1
Drop 6 0 0
Destroy 9 5 1
Drop 6 0 0
Tile:6 9 5 1
Drop 6 0 0
Tile:10 5 12 1
Drop 6 0 0
Tile:7 5 4 1
Drop 5 0 0
Tile:5 4 10 1
Drop 4 0 0
GAMEOVER USER CANCEL UNDECIDED
# Game ended: Tue Mar 31 21:15:03 EDT 2020
