# Server version 0.08 running on localhost:8123
# Game ID: 1006
# Board class: Saboteur.SaboteurBoard
# Timeout: 2000000000
# First Move Timeout: 30000
# Date: Sat Apr 11 13:18:09 EDT 2020
# Player 1: Player-0, '260729805', running on localhost
# Player 2: Player-1, 'Human', running on localhost
START Player-0 260729805
START Player-1 Human
BoardInit:Tile:4,Tile:6,Tile:12,Tile:8,Tile:9,Map,Tile:8,Tile:9,Tile:5,Tile:0,Malus,Tile:1,Bonus,Tile:14,Tile:7,Tile:6,Bonus,Map,Destroy,Destroy,Bonus,Tile:11,Tile:7,Tile:5,Map,Tile:0,Tile:9,Tile:8,Tile:6,Tile:7,Tile:2,Tile:7,Tile:8,Map,Map,Tile:5,Tile:10,Tile:0,Map,Tile:3,Tile:7-Tile:9,Tile:0,Malus,Tile:15,Bonus,Tile:9,Tile:10-Tile:6,Tile:5,Tile:13,Destroy,Tile:6,Tile:10,Tile:8-Tile:nugget,Tile:hidden2,Tile:hidden1
Tile:0 6 5 1
Tile:6 7 5 0
Tile:9 7 4 1
Tile:5_flip 8 5 0
Drop 6 0 1
Tile:6_flip 8 4 0
Drop 5 0 1
Map 12 3 0
Tile:8 9 4 1
Tile:6 10 4 0
Drop 6 0 1
Tile:10 9 3 0
Drop 1 0 1
Tile:8 9 2 0
Malus 0 0 1
Destroy 10 4 0
Tile:7 10 2 1
Drop 5 0 0
Tile:9 10 3 1
Drop 4 0 0
Drop 0 0 1
Destroy 10 2 0
Drop 1 0 1
Drop 6 0 0
Tile:7 11 3 1
Drop 6 0 0
