# Server version 0.08 running on 192.168.1.5:8123
# Game ID: 342
# Board class: Saboteur.SaboteurBoard
# Timeout: 2000000000
# First Move Timeout: 30000
# Date: Fri Apr 03 23:53:40 EDT 2020
# Player 1: Player-0, '260729805', running on 192.168.1.5
# Player 2: Player-1, 'Human', running on 192.168.1.5
START Player-0 260729805
START Player-1 Human
BoardInit:Tile:6,Tile:9,Tile:8,Destroy,Map,Tile:14,Tile:12,Bonus,Tile:6,Destroy,Tile:1,Tile:8,Tile:7,Tile:7,Tile:13,Map,Bonus,Tile:15,Tile:6,Tile:5,Map,Tile:0,Tile:9,Tile:5,Tile:7,Bonus,Destroy,Bonus,Tile:9,Tile:8,Tile:9,Tile:0,Tile:5,Map,Tile:7,Tile:11,Tile:3,Tile:7,Tile:10,Malus,Tile:5-Tile:8,Malus,Tile:6,Map,Tile:2,Tile:10,Tile:0-Tile:10,Tile:8,Tile:0,Map,Tile:6,Tile:4,Tile:9-Tile:hidden1,Tile:nugget,Tile:hidden2
Map 12 5 1
Map 12 3 0
Tile:6 6 5 1
Tile:0 7 5 0
Tile:8 8 5 1
Tile:6 9 5 0
Tile:6 8 6 1
Tile:4 9 4 0
Drop 5 0 1
Destroy 9 5 0
Tile:8 9 5 1
Destroy 9 5 0
Tile:6 9 5 1
Tile:14_flip 7 6 0
Tile:7 10 5 1
Tile:7_flip 10 6 0
Drop 6 0 1
Map 12 5 0
GAMEOVER USER CANCEL UNDECIDED
# Game ended: Fri Apr 03 23:56:08 EDT 2020
