# Server version 0.08 running on localhost:8123
# Game ID: 1050
# Board class: Saboteur.SaboteurBoard
# Timeout: 2000000000
# First Move Timeout: 30000
# Date: Sat Apr 11 14:20:16 EDT 2020
# Player 1: Player-0, '260729805', running on localhost
# Player 2: Player-1, 'RandomPlayer', running on localhost
START Player-0 260729805
START Player-1 RandomPlayer
BoardInit:Tile:0,Tile:5,Tile:8,Tile:7,Tile:10,Tile:9,Tile:9,Tile:7,Destroy,Tile:7,Tile:4,Tile:13,Tile:8,Tile:8,Tile:9,Tile:14,Tile:7,Map,Tile:1,Bonus,Tile:0,Tile:3,Bonus,Tile:10,Tile:10,Map,Tile:6,Tile:0,Tile:12,Bonus,Tile:6,Tile:9,Tile:7,Destroy,Malus,Map,Tile:2,Destroy,Map,Tile:8,Tile:5-Tile:6,Tile:9,Tile:0,Tile:5,Tile:8,Tile:5,Map-Map,Tile:6,Tile:6,Bonus,Tile:15,Malus,Tile:11-Tile:nugget,Tile:hidden2,Tile:hidden1
Tile:5_flip 5 6 1
Map 12 3 0
Tile:8 4 6 1
Tile:6 6 5 0
Tile:6_flip 4 5 1
Tile:6 7 5 0
Tile:5 5 4 1
Tile:7 8 5 0
Tile:9_flip 7 4 1
Tile:9 7 3 0
Destroy 8 5 1
Tile:7 8 3 0
Drop 2 0 1
Tile:7_flip 8 4 0
Tile:8 4 7 1
Tile:8 9 4 0
Tile:0 3 5 1
Tile:5 9 3 0
Map 12 5 1
Tile:11_flip 10 3 0
Tile:4_flip 4 8 1
Tile:15 10 2 0
Tile:9 10 1 1
