# Server version 0.08 running on localhost:8123
# Game ID: 1067
# Board class: Saboteur.SaboteurBoard
# Timeout: 2000000000
# First Move Timeout: 30000
# Date: Sun Apr 12 20:30:32 EDT 2020
# Player 1: Player-0, '260729805', running on localhost
# Player 2: Player-1, 'RandomPlayer', running on localhost
START Player-0 260729805
START Player-1 RandomPlayer
BoardInit:Tile:8,Tile:4,Tile:12,Tile:7,Tile:5,Tile:7,Tile:10,Tile:9,Map,Tile:8,Tile:6,Tile:10,Tile:9,Malus,Tile:7,Tile:5,Tile:11,Tile:7,Tile:15,Bonus,Map,Destroy,Tile:6,Tile:0,Tile:8,Tile:7,Tile:14,Bonus,Map,Tile:9,Tile:8,Tile:9,Tile:6,Map,Tile:6,Map,Tile:0,Tile:9,Tile:0,Bonus,Tile:13-Map,Malus,Tile:5,Tile:3,Bonus,Tile:0,Destroy-Tile:2,Tile:1,Tile:5,Tile:8,Destroy,Tile:6,Tile:10-Tile:hidden2,Tile:hidden1,Tile:nugget
Tile:3_flip 5 6 1
Tile:6_flip 5 4 0
Drop 1 0 1
Tile:5_flip 6 5 0
Map 12 7 1
Tile:7 6 4 0
Drop 3 0 1
Tile:7 6 6 0
Tile:12_flip 4 4 1
Drop 3 0 0
Tile:0 4 5 1
Tile:8 3 5 0
Tile:8 6 7 1
Tile:4_flip 3 6 0
Tile:5_flip 7 7 1
Tile:1 5 7 0
Drop 1 0 1
Drop 0 0 0
Drop 1 0 1
Tile:9 7 6 0
Tile:6_flip 4 7 1
Tile:10 3 4 0
Tile:9_flip 3 3 1
Tile:10 7 5 0
Drop 2 0 1
Tile:0 2 5 0
Map 12 3 1
Tile:5_flip 8 6 0
Drop 2 0 1
Destroy 5 4 0
Tile:11 1 5 1
Drop 3 0 0
Tile:14 4 8 1
Tile:7_flip 3 8 0
Drop 5 0 1
Tile:9 3 2 0
Tile:6_flip 1 4 1
Tile:9 1 6 0
Tile:0 4 2 1
Tile:9_flip 5 2 0
Tile:6_flip 3 7 1
Tile:7 2 6 0
Tile:8 5 3 1
Tile:8 5 1 0
Tile:6 2 7 1
Drop 3 0 0
Tile:13 5 4 1
Map 12 3 0
Drop 1 0 1
Malus 0 0 0
Drop 1 0 1
Drop 0 0 0
Bonus 0 0 1
Drop 0 0 0
Tile:0 4 1 1
GAMEOVER DRAW
# Game ended: Sun Apr 12 20:30:32 EDT 2020
