# Server version 0.08 running on localhost:8123
# Game ID: 1054
# Board class: Saboteur.SaboteurBoard
# Timeout: 2000000000
# First Move Timeout: 30000
# Date: Sat Apr 11 14:22:58 EDT 2020
# Player 1: Player-0, '260729805', running on localhost
# Player 2: Player-1, 'RandomPlayer', running on localhost
START Player-0 260729805
START Player-1 RandomPlayer
BoardInit:Tile:7,Destroy,Tile:2,Tile:6,Tile:6,Tile:0,Malus,Tile:7,Tile:7,Tile:9,Tile:8,Tile:8,Tile:10,Tile:8,Tile:3,Map,Tile:13,Tile:9,Map,Destroy,Tile:10,Tile:0,Tile:11,Tile:12,Tile:5,Tile:6,Map,Tile:6,Tile:9,Tile:8,Destroy,Tile:9,Tile:7,Tile:8,Map,Tile:1,Tile:15,Malus,Tile:14,Tile:10,Bonus-Bonus,Tile:7,Bonus,Tile:5,Tile:5,Map,Tile:6-Tile:0,Tile:4,Tile:0,Tile:9,Tile:5,Bonus,Map-Tile:nugget,Tile:hidden2,Tile:hidden1
Drop 3 0 1
Map 12 3 0
Drop 1 0 1
Tile:0 6 5 0
Map 12 5 1
Tile:0 7 5 0
Drop 2 0 1
Tile:6 8 5 0
Tile:7_flip 4 5 1
Tile:9_flip 9 5 0
Tile:6_flip 5 4 1
Tile:9 9 4 0
Tile:6 9 6 1
Tile:8 10 4 0
Tile:8 4 4 1
Tile:8 9 3 0
Tile:10 10 5 1
Tile:5 9 2 0
Tile:3_flip 8 3 1
Destroy 8 3 0
Tile:7 8 4 1
Tile:9_flip 10 2 0
Tile:2_flip 3 4 1
Destroy 3 4 0
Tile:10 10 1 1
Tile:7 10 0 0
Tile:11_flip 11 4 1
Tile:6_flip 11 3 0
Tile:13 10 6 1
Tile:0 8 3 0
Tile:5_flip 6 4 1
Tile:8 10 3 0
GAMEOVER WINNER 0
# Game ended: Sat Apr 11 14:23:28 EDT 2020
