# Server version 0.08 running on localhost:8123
# Game ID: 679
# Board class: Saboteur.SaboteurBoard
# Timeout: 2000000000
# First Move Timeout: 30000
# Date: Thu Apr 09 01:08:49 EDT 2020
# Player 1: Player-0, '260729805', running on localhost
# Player 2: Player-1, 'Human', running on localhost
START Player-0 260729805
START Player-1 Human
BoardInit:Tile:3,Tile:9,Tile:0,Tile:13,Tile:8,Tile:7,Tile:11,Destroy,Tile:5,Tile:9,Tile:6,Tile:7,Tile:6,Tile:0,Tile:5,Tile:6,Destroy,Bonus,Tile:5,Bonus,Bonus,Tile:0,Tile:5,Tile:10,Map,Tile:9,Tile:9,Malus,Tile:8,Tile:10,Tile:7,Map,Map,Destroy,Tile:9,Tile:4,Tile:6,Tile:15,Tile:7,Tile:8,Tile:8-Bonus,Tile:2,Map,Map,Tile:0,Tile:1,Tile:10-Tile:14,Tile:8,Malus,Tile:6,Tile:12,Map,Tile:7-Tile:nugget,Tile:hidden1,Tile:hidden2
Tile:0 6 5 1
Map 12 3 0
Map 12 5 1
Tile:6 7 5 0
Tile:0 8 5 1
Tile:7 9 5 0
Tile:10 7 4 1
Tile:7_flip 9 6 0
Tile:8 10 6 1
Tile:8 7 3 0
