# Server version 0.08 running on localhost:8123
# Game ID: 474
# Board class: Saboteur.SaboteurBoard
# Timeout: 2000000000
# First Move Timeout: 30000
# Date: Sun Apr 05 15:38:10 EDT 2020
# Player 1: Player-0, '260729805', running on localhost
# Player 2: Player-1, 'Human', running on localhost
START Player-0 260729805
START Player-1 Human
BoardInit:Tile:8,Tile:7,Tile:7,Tile:9,Tile:14,Tile:5,Tile:5,Tile:10,Map,Destroy,Tile:6,Tile:8,Destroy,Tile:0,Malus,Tile:6,Map,Bonus,Map,Tile:13,Tile:7,Tile:9,Tile:0,Tile:6,Tile:12,Tile:9,Map,Bonus,Tile:7,Tile:0,Tile:10,Tile:9,Tile:8,Tile:5,Tile:7,Tile:4,Destroy,Bonus,Bonus,Tile:5,Tile:8-Map,Tile:0,Tile:15,Map,Tile:11,Tile:6,Tile:3-Malus,Tile:10,Tile:8,Tile:2,Tile:9,Tile:6,Tile:1-Tile:hidden2,Tile:nugget,Tile:hidden1
Tile:6 6 5 1
Tile:6 7 5 0
Tile:8 8 5 1
Tile:7_flip 8 6 0
Map 12 5 1
Tile:2 9 5 0
Drop 6 0 1
Tile:5_flip 10 5 0
Tile:5 8 4 1
Tile:1 9 4 0
Drop 4 0 1
Destroy 9 5 0
Tile:0 9 5 1
Drop 6 0 0
Tile:7 10 4 1
Tile:0 9 6 0
