# Server version 0.08 running on localhost:8123
# Game ID: 926
# Board class: Saboteur.SaboteurBoard
# Timeout: 2000000000
# First Move Timeout: 30000
# Date: Sat Apr 11 02:02:13 EDT 2020
# Player 1: Player-0, '260729805', running on localhost
# Player 2: Player-1, 'RandomPlayer', running on localhost
START Player-0 260729805
START Player-1 RandomPlayer
BoardInit:Tile:7,Bonus,Tile:7,Destroy,Tile:11,Malus,Tile:4,Tile:6,Bonus,Tile:8,Tile:6,Tile:9,Map,Bonus,Tile:15,Destroy,Tile:0,Tile:9,Tile:8,Tile:5,Tile:2,Tile:8,Tile:6,Tile:3,Tile:13,Map,Tile:0,Tile:10,Tile:9,Tile:8,Tile:6,Map,Tile:7,Bonus,Tile:1,Tile:9,Tile:14,Tile:5,Tile:0,Map,Tile:5-Malus,Map,Tile:10,Tile:0,Tile:7,Tile:9,Tile:5-Tile:10,Tile:12,Tile:6,Tile:8,Tile:7,Map,Destroy-Tile:hidden1,Tile:nugget,Tile:hidden2
Map 12 3 1
Map 12 3 0
Malus 0 0 1
Bonus 0 0 0
Tile:0 6 5 1
Tile:6 7 5 0
Drop 6 0 1
Tile:7 8 5 0
Tile:4_flip 5 6 1
Tile:6 8 6 0
Drop 1 0 1
Tile:8 9 6 0
Tile:7_flip 4 5 1
Tile:8 10 6 0
Tile:5 7 6 1
Malus 0 0 0
Drop 0 0 1
Tile:9_flip 11 6 0
Map 12 7 1
Tile:9 11 5 0
GAMEOVER WINNER 0
# Game ended: Sat Apr 11 02:02:37 EDT 2020
