# Server version 0.08 running on macbook-pro-5.local:8123
# Game ID: 833
# Board class: Saboteur.SaboteurBoard
# Timeout: 2000000000
# First Move Timeout: 30000
# Date: Thu Apr 09 16:27:25 EDT 2020
# Player 1: Player-0, '260729805', running on macbook-pro-5.local
# Player 2: Player-1, 'RandomPlayer', running on macbook-pro-5.local
START Player-0 260729805
START Player-1 RandomPlayer
BoardInit:Tile:5,Tile:0,Tile:0,Tile:8,Map,Bonus,Tile:6,Tile:8,Tile:0,Malus,Tile:9,Tile:6,Destroy,Tile:7,Tile:8,Destroy,Tile:10,Destroy,Tile:4,Tile:7,Bonus,Map,Map,Tile:10,Tile:5,Tile:6,Tile:9,Bonus,Tile:5,Bonus,Tile:3,Tile:10,Tile:7,Tile:9,Tile:8,Tile:8,Map,Tile:2,Tile:7,Malus,Map-Tile:0,Tile:1,Tile:9,Tile:6,Tile:7,Tile:6,Tile:14-Tile:15,Tile:9,Tile:13,Map,Tile:5,Tile:12,Tile:11-Tile:hidden2,Tile:nugget,Tile:hidden1
Tile:9_flip 6 5 1
Drop 5 0 0
Tile:6_flip 6 4 1
Drop 1 0 0
Tile:0 7 4 1
Drop 2 0 0
Drop 4 0 1
Tile:8 8 4 0
Tile:6 9 4 1
Tile:8 9 3 0
Drop 1 0 1
Drop 3 0 0
Tile:14_flip 8 3 1
Tile:6_flip 5 4 0
Tile:6_flip 10 4 1
Tile:0 4 5 0
Tile:9_flip 11 4 1
Tile:15 5 6 0
Tile:8 11 5 1
GAMEOVER WINNER 1
# Game ended: Thu Apr 09 16:29:43 EDT 2020
