# Server version 0.08 running on macbook-pro-5.local:8123
# Game ID: 607
# Board class: Saboteur.SaboteurBoard
# Timeout: 2000000000
# First Move Timeout: 30000
# Date: Wed Apr 08 23:16:57 EDT 2020
# Player 1: Player-0, '260729805', running on macbook-pro-5.local
# Player 2: Player-1, 'RandomPlayer', running on macbook-pro-5.local
START Player-0 260729805
START Player-1 RandomPlayer
BoardInit:Destroy,Tile:5,Tile:8,Tile:8,Map,Tile:0,Tile:0,Bonus,Tile:8,Tile:9,Tile:5,Tile:15,Tile:3,Tile:6,Tile:8,Tile:13,Tile:10,Tile:5,Tile:6,Tile:7,Destroy,Malus,Tile:9,Tile:9,Tile:8,Tile:4,Tile:10,Destroy,Destroy,Tile:6,Tile:0,Tile:7,Destroy,Map,Tile:6,Tile:8,Tile:8,Bonus,Bonus,Tile:10,Tile:8,Tile:0,Tile:8,Destroy,Tile:8,Tile:8,Tile:8,Tile:6,Tile:1,Tile:8,Tile:8,Tile:8,Tile:7,Tile:11,Destroy,Tile:8,Tile:8,Tile:12,Map,Tile:9,Malus,Tile:8,Tile:2,Tile:8,Tile:7-Tile:8,Map,Tile:7,Destroy,Tile:5,Map,Tile:14-Destroy,Tile:8,Map,Destroy,Tile:9,Bonus,Destroy-Tile:hidden1,Tile:hidden2,Tile:nugget
Tile:8 5 6 1
Map 12 3 0
Destroy 5 6 1
Tile:5_flip 6 5 0
Tile:7_flip 5 6 1
Tile:8 6 4 0
Drop 2 0 1
Tile:0 7 4 0
Tile:14_flip 6 3 1
Tile:9_flip 8 4 0
Drop 0 0 1
Tile:8 8 5 0
Tile:0 9 5 1
Tile:9 8 6 0
Map 12 3 1
Tile:6_flip 9 6 0
Tile:8 5 4 1
Destroy 6 3 0
Tile:5 4 4 1
Tile:5_flip 10 6 0
Destroy 8 4 1
Tile:7 8 4 0
Tile:10 6 3 1
Tile:15 9 7 0
Destroy 4 4 1
Tile:9_flip 8 7 0
Tile:9_flip 5 3 1
Destroy 9 7 0
Tile:6_flip 10 5 1
