# Server version 0.08 running on localhost:8123
# Game ID: 815
# Board class: Saboteur.SaboteurBoard
# Timeout: 2000000000
# First Move Timeout: 30000
# Date: Thu Apr 09 02:26:59 EDT 2020
# Player 1: Player-0, '260729805', running on localhost
# Player 2: Player-1, 'RandomPlayer', running on localhost
START Player-0 260729805
START Player-1 RandomPlayer
BoardInit:Map,Map,Destroy,Tile:7,Tile:6,Tile:0,Bonus,Tile:7,Tile:9,Destroy,Tile:1,Tile:9,Tile:6,Tile:0,Tile:0,Destroy,Tile:5,Tile:7,Tile:8,Tile:5,Tile:3,Tile:7,Tile:8,Tile:10,Map,Tile:10,Tile:5,Tile:6,Tile:4,Tile:9,Tile:12,Tile:9,Tile:0,Bonus,Tile:13,Tile:9,Tile:6,Tile:7,Tile:8,Bonus,Tile:14-Tile:8,Tile:6,Malus,Tile:15,Tile:11,Map,Map-Bonus,Tile:2,Tile:8,Map,Tile:10,Malus,Tile:5-Tile:hidden1,Tile:hidden2,Tile:nugget
Map 12 3 1
Map 12 5 0
Malus 0 0 1
Bonus 0 0 0
Drop 4 0 1
Tile:5_flip 6 5 0
Tile:6_flip 4 5 1
Tile:7 6 4 0
Tile:8 5 4 1
Tile:7_flip 5 6 0
Tile:11 5 3 1
Tile:0 6 6 0
Drop 2 0 1
Tile:8 7 6 0
Map 12 7 1
Tile:0 8 6 0
Tile:6 7 7 1
Tile:9_flip 9 6 0
Tile:15 4 6 1
Tile:7_flip 9 7 0
Tile:5_flip 4 7 1
Tile:5_flip 10 7 0
Tile:0 4 4 1
Tile:10 10 6 0
Tile:6_flip 3 5 1
Tile:10 10 5 0
Tile:1 3 4 1
Tile:10 9 5 0
Tile:5 9 4 1
Tile:7 10 4 0
Tile:3 8 7 1
Tile:9 7 5 0
Tile:8 3 7 1
Tile:9 7 4 0
Map 12 5 1
Tile:6_flip 6 7 0
Tile:0 6 3 1
Tile:9_flip 8 4 0
Tile:12_flip 2 4 1
Tile:7 8 3 0
Tile:13 7 3 1
Destroy 8 7 0
Tile:14_flip 7 2 1
Destroy 7 3 0
Drop 4 0 1
Tile:2_flip 6 8 0
Tile:9_flip 3 8 1
Drop 3 0 0
Tile:8 7 3 1
Drop 2 0 0
Tile:8 2 7 1
Drop 1 0 0
Tile:4 2 6 1
Malus 0 0 0
Bonus 0 0 1
GAMEOVER DRAW
# Game ended: Thu Apr 09 02:27:00 EDT 2020
