# Server version 0.08 running on localhost:8123
# Game ID: 1063
# Board class: Saboteur.SaboteurBoard
# Timeout: 2000000000
# First Move Timeout: 30000
# Date: Sat Apr 11 14:30:33 EDT 2020
# Player 1: Player-0, '260729805', running on localhost
# Player 2: Player-1, 'RandomPlayer', running on localhost
START Player-0 260729805
START Player-1 RandomPlayer
BoardInit:Tile:3,Tile:9,Tile:2,Map,Tile:5,Bonus,Tile:11,Map,Tile:6,Tile:8,Tile:7,Malus,Tile:6,Tile:7,Tile:9,Tile:13,Destroy,Tile:14,Tile:8,Tile:10,Tile:10,Tile:5,Tile:0,Bonus,Map,Bonus,Map,Tile:8,Tile:8,Tile:1,Malus,Tile:7,Destroy,Tile:12,Tile:7,Tile:15,Tile:0,Tile:10,Tile:6,Map,Map-Tile:8,Tile:0,Tile:9,Tile:9,Tile:6,Tile:0,Tile:7-Tile:5,Bonus,Tile:6,Tile:4,Tile:5,Tile:9,Destroy-Tile:hidden1,Tile:nugget,Tile:hidden2
Tile:9_flip 5 4 1
Tile:6 6 5 0
Tile:8 5 3 1
Tile:5 6 4 0
Tile:9 4 5 1
Tile:9_flip 7 5 0
Tile:0 4 3 1
Tile:9 7 6 0
Tile:5 3 3 1
Tile:5 4 4 0
Tile:0 8 6 1
Tile:8 9 6 0
Tile:11 5 6 1
Malus 0 0 0
Drop 0 0 1
Destroy 5 6 0
Drop 5 0 1
Tile:7 10 6 0
Destroy 6 4 1
Tile:4_flip 10 7 0
Drop 2 0 1
Tile:10 9 7 0
Drop 0 0 1
Tile:5 9 5 0
Drop 2 0 1
Tile:14 10 5 0
Drop 3 0 1
Tile:13 9 8 0
Drop 5 0 1
Tile:8 7 7 0
Map 12 3 1
Tile:1 10 8 0
Drop 4 0 1
Tile:7 8 7 0
Drop 3 0 1
Tile:12 11 8 0
Destroy 10 7 1
Tile:15 9 9 0
Drop 0 0 1
Tile:10 7 8 0
Drop 4 0 1
Drop 6 0 0
Map 12 7 1
Drop 5 0 0
Drop 4 0 1
Drop 4 0 0
Drop 3 0 1
Drop 3 0 0
Drop 0 0 1
Drop 2 0 0
Drop 0 0 1
Drop 1 0 0
Drop 1 0 1
Drop 0 0 0
Drop 0 0 1
GAMEOVER DRAW
# Game ended: Sat Apr 11 14:30:34 EDT 2020
