# Server version 0.08 running on localhost:8123
# Game ID: 566
# Board class: Saboteur.SaboteurBoard
# Timeout: 2000000000
# First Move Timeout: 30000
# Date: Sun Apr 05 20:35:28 EDT 2020
# Player 1: Player-0, '260729805', running on localhost
# Player 2: Player-1, 'RandomPlayer', running on localhost
START Player-0 260729805
START Player-1 RandomPlayer
BoardInit:Tile:6,Tile:14,Tile:8,Tile:0,Map,Bonus,Tile:0,Tile:15,Destroy,Tile:9,Tile:7,Tile:9,Tile:9,Tile:1,Destroy,Tile:7,Map,Tile:4,Tile:10,Tile:6,Tile:10,Tile:5,Tile:8,Bonus,Tile:9,Map,Tile:8,Tile:6,Tile:0,Tile:10,Tile:7,Tile:5,Map,Map,Malus,Tile:7,Tile:7,Bonus,Tile:6,Malus,Tile:6-Tile:8,Tile:12,Tile:0,Tile:11,Destroy,Bonus,Map-Tile:13,Tile:8,Tile:5,Tile:3,Tile:5,Tile:2,Tile:9-Tile:hidden1,Tile:nugget,Tile:hidden2
Tile:12 6 5 1
Tile:5 5 4 0
Tile:11 5 6 1
Tile:5_flip 6 4 0
Destroy 6 4 1
Tile:0 6 4 0
Tile:8 5 7 1
Tile:8 7 4 0
Tile:6_flip 7 3 1
Tile:9_flip 8 4 0
Map 12 5 1
Tile:9 8 5 0
Destroy 7 3 1
Tile:9_flip 9 5 0
Tile:9 7 3 1
Tile:13 9 6 0
Tile:7 10 6 1
Tile:7_flip 8 6 0
Destroy 8 6 1
Tile:4 9 4 0
Map 12 3 1
Tile:6 8 6 0
Tile:10 7 2 1
Tile:5 7 6 0
Tile:8 7 1 1
Tile:3_flip 9 7 0
Tile:8 4 5 1
Map 12 3 0
Tile:8 6 1 1
Tile:6_flip 8 3 0
Tile:10 7 7 1
Tile:10 7 8 0
Tile:9 3 5 1
Tile:5_flip 9 3 0
Drop 4 0 1
Map 12 5 0
Tile:7 7 0 1
Tile:7 9 2 0
Map 12 3 1
Tile:2 8 1 0
Tile:7 6 7 1
Tile:14 9 1 0
Tile:6 4 7 1
Tile:15 9 0 0
Tile:0 3 7 1
Drop 1 0 0
Drop 3 0 1
Drop 3 0 0
Tile:0 2 7 1
Drop 2 0 0
Tile:6 5 1 1
Drop 1 0 0
Map 12 3 1
Drop 0 0 0
Drop 0 0 1
GAMEOVER DRAW
# Game ended: Sun Apr 05 20:36:37 EDT 2020
