# Server version 0.08 running on macbook-pro-5.local:8123
# Game ID: 828
# Board class: Saboteur.SaboteurBoard
# Timeout: 2000000000
# First Move Timeout: 30000
# Date: Thu Apr 09 02:38:47 EDT 2020
# Player 1: Player-0, '260729805', running on macbook-pro-5.local
# Player 2: Player-1, 'RandomPlayer', running on macbook-pro-5.local
START Player-0 260729805
START Player-1 RandomPlayer
BoardInit:Tile:14,Tile:9,Tile:8,Tile:6,Tile:8,Bonus,Tile:4,Bonus,Tile:9,Bonus,Tile:8,Tile:7,Map,Map,Tile:10,Tile:5,Tile:1,Tile:2,Tile:10,Tile:12,Tile:7,Tile:15,Bonus,Map,Tile:7,Tile:0,Malus,Tile:6,Tile:6,Tile:0,Destroy,Tile:3,Tile:5,Tile:11,Destroy,Tile:0,Tile:6,Tile:0,Map,Tile:9,Tile:8-Tile:10,Tile:9,Tile:7,Tile:7,Tile:9,Map,Tile:6-Tile:8,Tile:13,Map,Tile:5,Destroy,Tile:5,Malus-Tile:hidden1,Tile:hidden2,Tile:nugget
Tile:6 6 5 1
Map 12 3 0
Drop 5 0 1
Tile:5_flip 7 5 0
Tile:9 4 5 1
Tile:5 7 4 0
Tile:7_flip 4 6 1
Tile:6 8 4 0
Tile:7 6 4 1
Tile:8 9 4 0
Tile:8 5 4 1
Tile:9_flip 10 4 0
Tile:8 4 4 1
Tile:7_flip 10 5 0
Tile:14_flip 5 3 1
Destroy 10 4 0
Tile:10 8 3 1
Map 12 5 0
Drop 0 0 1
Tile:5_flip 9 5 0
Tile:8 3 4 1
Tile:12_flip 8 5 0
Tile:4_flip 3 5 1
Tile:13 11 5 0
Tile:7 8 2 1
Tile:2_flip 11 6 0
Tile:7 12 6 1
Tile:0 10 6 0
Tile:9_flip 3 3 1
Tile:6_flip 10 4 0
Tile:1 9 6 1
Tile:0 7 2 0
Destroy 8 2 1
Tile:3 11 4 0
Tile:6 2 3 1
Tile:15 9 3 0
Destroy 9 4 1
Tile:0 8 6 0
Tile:6_flip 8 2 1
Tile:0 6 2 0
Tile:10 4 3 1
Tile:9_flip 9 2 0
Tile:5_flip 5 6 1
Drop 5 0 0
Map 12 3 1
Drop 4 0 0
Tile:8 9 4 1
Drop 3 0 0
Drop 0 0 1
Drop 2 0 0
Drop 1 0 1
Drop 1 0 0
Map 12 3 1
Malus 0 0 0
Bonus 0 0 1
GAMEOVER DRAW
# Game ended: Thu Apr 09 02:38:48 EDT 2020
