# Server version 0.08 running on localhost:8123
# Game ID: 797
# Board class: Saboteur.SaboteurBoard
# Timeout: 2000000000
# First Move Timeout: 30000
# Date: Thu Apr 09 02:12:59 EDT 2020
# Player 1: Player-0, '260729805', running on localhost
# Player 2: Player-1, 'RandomPlayer', running on localhost
START Player-0 260729805
START Player-1 RandomPlayer
BoardInit:Tile:10,Tile:4,Tile:0,Tile:2,Tile:9,Tile:6,Map,Tile:8,Tile:11,Tile:15,Tile:5,Tile:7,Tile:6,Tile:8,Map,Tile:1,Tile:5,Tile:13,Tile:8,Tile:7,Map,Map,Malus,Tile:9,Bonus,Tile:9,Bonus,Tile:10,Bonus,Tile:9,Tile:7,Tile:0,Tile:9,Tile:0,Destroy,Tile:6,Tile:8,Destroy,Tile:8,Tile:6,Tile:14-Tile:5,Tile:6,Tile:0,Tile:7,Destroy,Tile:5,Bonus-Tile:12,Tile:7,Malus,Map,Map,Tile:10,Tile:3-Tile:nugget,Tile:hidden1,Tile:hidden2
Tile:6_flip 5 4 1
Tile:7 6 5 0
Tile:5 4 5 1
Tile:10 6 6 0
Tile:0 4 4 1
Tile:12 6 4 0
Drop 2 0 1
Tile:6 6 7 0
Tile:10 4 6 1
Tile:8 7 7 0
Tile:9_flip 7 8 1
Tile:4 7 6 0
Tile:5 6 8 1
Tile:7 8 7 0
Tile:6 3 4 1
Tile:8 7 9 0
Tile:0 5 7 1
Tile:3_flip 8 8 0
Map 12 3 1
Tile:2 9 8 0
Map 12 5 1
Tile:7 8 9 0
Tile:7_flip 9 9 1
Tile:1 10 8 0
Tile:11 3 3 1
Tile:9 8 10 0
Destroy 8 7 1
Tile:9_flip 8 7 0
Tile:8 8 11 1
Tile:10 8 6 0
Drop 3 0 1
Tile:9 8 5 0
Tile:7 9 10 1
Tile:0 9 5 0
Drop 0 0 1
Tile:0 10 5 0
Tile:5_flip 4 3 1
Tile:6 11 5 0
Drop 4 0 1
Tile:15 12 4 0
Tile:8 4 7 1
Tile:6 12 6 0
Destroy 4 6 1
Destroy 10 8 0
Tile:8 9 11 1
Tile:13 13 5 0
Tile:14_flip 13 4 1
Drop 3 0 0
Drop 0 0 1
Drop 2 0 0
Drop 0 0 1
Drop 1 0 0
Drop 1 0 1
Malus 0 0 0
Bonus 0 0 1
GAMEOVER DRAW
# Game ended: Thu Apr 09 02:13:00 EDT 2020
