# Server version 0.08 running on localhost:8123
# Game ID: 506
# Board class: Saboteur.SaboteurBoard
# Timeout: 2000000000
# First Move Timeout: 30000
# Date: Sun Apr 05 18:19:56 EDT 2020
# Player 1: Player-0, '260729805', running on localhost
# Player 2: Player-1, 'RandomPlayer', running on localhost
START Player-0 260729805
START Player-1 RandomPlayer
BoardInit:Tile:9,Map,Tile:5,Tile:6,Tile:5,Tile:15,Tile:9,Tile:14,Tile:9,Tile:7,Tile:7,Bonus,Tile:12,Tile:0,Malus,Malus,Tile:8,Tile:8,Bonus,Destroy,Destroy,Bonus,Tile:9,Tile:8,Tile:7,Tile:10,Tile:13,Tile:11,Tile:3,Tile:5,Tile:10,Destroy,Tile:4,Map,Map,Tile:1,Tile:0,Tile:7,Bonus,Map,Tile:0-Tile:2,Tile:6,Tile:6,Tile:7,Tile:5,Tile:0,Map-Tile:10,Tile:6,Tile:8,Tile:6,Tile:8,Map,Tile:9-Tile:hidden1,Tile:nugget,Tile:hidden2
Tile:0 6 5 1
Map 12 3 0
Drop 1 0 1
Map 12 5 0
Drop 2 0 1
Tile:6 7 5 0
Tile:5_flip 5 6 1
Tile:6 8 5 0
Tile:9 5 4 1
Tile:6 9 5 0
Tile:6 4 6 1
Tile:7_flip 3 6 0
Drop 0 0 1
Tile:14 10 5 0
Tile:9_flip 5 3 1
Tile:0 6 4 0
Tile:9 10 4 1
Tile:15 10 3 0
Tile:5_flip 11 4 1
Tile:10 11 3 0
Malus 0 0 1
Bonus 0 0 0
Destroy 5 3 1
Tile:8 11 2 0
Tile:5 11 1 1
Tile:8 12 2 0
Tile:8 5 3 1
Tile:9_flip 9 4 0
Tile:7 13 2 1
Tile:8 13 3 0
Tile:9_flip 7 4 1
Tile:8 13 4 0
Tile:3_flip 12 4 1
Tile:10 13 5 0
Tile:7 3 5 1
Destroy 12 4 0
Tile:12_flip 2 5 1
Tile:5_flip 13 6 0
Tile:13 12 1 1
Tile:7_flip 12 4 0
Tile:4 7 3 1
Tile:11 12 6 0
Map 12 7 1
Destroy 12 6 0
Tile:0 12 6 1
Tile:1 11 6 0
Tile:10 9 3 1
Drop 3 0 0
Drop 0 0 1
Drop 2 0 0
Map 12 5 1
Drop 1 0 0
Drop 1 0 1
Malus 0 0 0
Bonus 0 0 1
GAMEOVER DRAW
# Game ended: Sun Apr 05 18:20:35 EDT 2020
