# Server version 0.08 running on localhost:8123
# Game ID: 755
# Board class: Saboteur.SaboteurBoard
# Timeout: 2000000000
# First Move Timeout: 30000
# Date: Thu Apr 09 01:43:24 EDT 2020
# Player 1: Player-0, '260729805', running on localhost
# Player 2: Player-1, 'RandomPlayer', running on localhost
START Player-0 260729805
START Player-1 RandomPlayer
BoardInit:Tile:1,Tile:8,Destroy,Map,Tile:6,Map,Tile:3,Tile:8,Tile:9,Map,Tile:0,Tile:9,Tile:9,Tile:4,Tile:2,Malus,Tile:10,Tile:5,Bonus,Malus,Tile:0,Tile:6,Map,Tile:13,Tile:11,Bonus,Bonus,Tile:10,Tile:7,Destroy,Tile:5,Tile:5,Map,Tile:7,Tile:14,Tile:15,Tile:12,Tile:5,Tile:7,Tile:7,Tile:8-Tile:9,Tile:8,Tile:0,Tile:9,Tile:7,Tile:6,Map-Bonus,Tile:6,Destroy,Tile:0,Tile:6,Tile:10,Tile:8-Tile:hidden2,Tile:nugget,Tile:hidden1
Tile:6_flip 6 5 1
Tile:6 7 5 0
Tile:9 7 4 1
Tile:0 8 5 0
Destroy 7 5 1
Map 12 3 0
Tile:8 7 3 1
Map 12 5 0
Tile:9 5 6 1
Tile:6 7 5 0
Drop 4 0 1
Tile:8 9 5 0
Tile:0 4 5 1
Tile:10 9 4 0
Drop 3 0 1
Tile:8 9 6 0
Tile:2 6 3 1
Tile:8 10 6 0
Tile:0 11 6 1
Tile:5_flip 12 6 0
GAMEOVER WINNER 0
# Game ended: Thu Apr 09 01:43:24 EDT 2020
