# Server version 0.08 running on localhost:8123
# Game ID: 287
# Board class: Saboteur.SaboteurBoard
# Timeout: 2000000000
# First Move Timeout: 30000
# Date: Fri Apr 03 03:06:43 EDT 2020
# Player 1: Player-0, '260729805', running on localhost
# Player 2: Player-1, 'Human', running on localhost
START Player-0 260729805
START Player-1 Human
BoardInit:Tile:0,Tile:6,Tile:0,Tile:8,Tile:5,Tile:8,Tile:0,Tile:6,Tile:5,Bonus,Tile:7,Malus,Malus,Tile:12,Bonus,Tile:6,Tile:9,Tile:15,Tile:10,Tile:7,Tile:7,Tile:5,Map,Tile:7,Destroy,Tile:1,Bonus,Tile:11,Bonus,Tile:8,Tile:13,Tile:3,Tile:10,Tile:0,Tile:10,Map,Destroy,Tile:5,Map,Tile:9,Tile:2-Tile:8,Tile:9,Map,Tile:6,Tile:6,Tile:9,Map-Tile:4,Tile:8,Tile:14,Map,Destroy,Tile:9,Tile:7-Tile:hidden2,Tile:hidden1,Tile:nugget
Tile:6 6 5 1
Map 12 3 0
Tile:0 7 5 1
Tile:8 8 5 0
Tile:9 8 6 1
Tile:9_flip 9 5 0
Map 12 5 1
Tile:4 9 4 0
Map 12 3 1
Tile:6 9 6 0
Tile:6 10 6 1
Tile:7 8 4 0
Tile:9 10 5 1
Tile:8 11 5 0
Tile:0 4 5 1
Tile:8 11 6 0
