# Server version 0.08 running on localhost:8123
# Game ID: 1013
# Board class: Saboteur.SaboteurBoard
# Timeout: 2000000000
# First Move Timeout: 30000
# Date: Sat Apr 11 13:27:38 EDT 2020
# Player 1: Player-0, '260729805', running on localhost
# Player 2: Player-1, 'RandomPlayer', running on localhost
START Player-0 260729805
START Player-1 RandomPlayer
BoardInit:Map,Tile:5,Tile:6,Tile:7,Tile:12,Malus,Tile:7,Tile:6,Destroy,Tile:15,Tile:11,Tile:2,Destroy,Map,Map,Tile:6,Tile:0,Bonus,Tile:5,Tile:9,Destroy,Tile:0,Tile:6,Tile:8,Tile:0,Tile:7,Tile:14,Tile:4,Map,Tile:8,Tile:10,Tile:9,Tile:10,Tile:1,Tile:3,Tile:8,Tile:9,Bonus,Bonus,Map,Tile:7-Tile:8,Tile:5,Tile:9,Tile:5,Bonus,Tile:7,Tile:9-Tile:0,Tile:6,Tile:13,Tile:8,Map,Malus,Tile:10-Tile:hidden1,Tile:nugget,Tile:hidden2
Tile:9 4 5 1
Malus 0 0 0
Drop 5 0 1
Tile:0 6 5 0
Map 12 5 1
Tile:6 7 5 0
Drop 3 0 1
Malus 0 0 0
Drop 1 0 1
Tile:8 8 5 0
Drop 1 0 1
Tile:5_flip 9 5 0
Drop 0 0 1
Tile:10 8 6 0
Drop 3 0 1
Tile:7_flip 8 7 0
Destroy 6 5 1
Tile:6 6 5 0
Destroy 7 5 1
Tile:6 7 5 0
Map 12 7 1
Tile:9_flip 9 7 0
Destroy 9 7 1
Tile:0 9 7 0
Drop 2 0 1
Tile:8 10 7 0
Drop 0 0 1
Tile:7 11 7 0
Drop 5 0 1
Tile:4_flip 11 8 0
Map 12 3 1
Tile:8 10 6 0
Drop 6 0 1
Tile:9_flip 10 8 0
Drop 3 0 1
Tile:2_flip 11 6 0
Drop 3 0 1
Tile:8 12 6 0
Drop 6 0 1
Tile:13 13 6 0
Drop 4 0 1
Tile:15 13 7 0
Drop 5 0 1
Tile:1 9 8 0
Drop 4 0 1
Drop 4 0 0
Drop 2 0 1
Drop 3 0 0
Drop 0 0 1
Drop 2 0 0
Drop 0 0 1
Drop 1 0 0
Drop 1 0 1
Drop 0 0 0
Drop 0 0 1
GAMEOVER DRAW
# Game ended: Sat Apr 11 13:27:39 EDT 2020
