# Server version 0.08 running on localhost:8123
# Game ID: 754
# Board class: Saboteur.SaboteurBoard
# Timeout: 2000000000
# First Move Timeout: 30000
# Date: Thu Apr 09 01:43:19 EDT 2020
# Player 1: Player-0, '260729805', running on localhost
# Player 2: Player-1, 'RandomPlayer', running on localhost
START Player-0 260729805
START Player-1 RandomPlayer
BoardInit:Map,Malus,Tile:6,Tile:7,Tile:0,Tile:0,Tile:3,Tile:7,Tile:8,Tile:8,Tile:9,Map,Tile:9,Tile:0,Tile:7,Tile:7,Tile:1,Tile:9,Tile:8,Bonus,Tile:4,Tile:12,Tile:9,Tile:5,Tile:10,Map,Bonus,Tile:8,Tile:5,Map,Tile:10,Tile:5,Tile:2,Destroy,Destroy,Tile:6,Destroy,Tile:8,Tile:15,Tile:6,Bonus-Map,Bonus,Tile:6,Tile:14,Map,Malus,Tile:10-Tile:7,Tile:11,Tile:6,Tile:9,Tile:5,Tile:0,Tile:13-Tile:hidden2,Tile:nugget,Tile:hidden1
Map 12 7 1
Tile:7 6 5 0
Tile:14_flip 4 5 1
Tile:6 6 6 0
Tile:10 5 4 1
Tile:5_flip 7 6 0
Drop 2 0 1
Tile:9 7 5 0
Drop 0 0 1
Tile:0 8 5 0
Tile:6 4 6 1
Tile:7 9 5 0
Tile:3 5 3 1
Map 12 3 0
Tile:0 3 6 1
Tile:7_flip 9 6 0
Tile:9 2 6 1
Tile:0 10 6 0
Tile:8 2 5 1
Tile:7 7 4 0
Tile:1 1 5 1
Tile:8 5 6 0
Tile:8 4 3 1
Tile:9 5 7 0
Tile:9 3 3 1
Tile:0 6 7 0
Tile:6 3 4 1
Map 12 5 0
Tile:9 0 5 1
Tile:8 5 8 0
Tile:10 3 2 1
Tile:5_flip 5 9 0
Tile:5 2 4 1
Tile:5_flip 4 4 0
Tile:10 0 4 1
Destroy 5 3 0
Tile:7 7 7 1
Tile:6 7 8 0
Destroy 5 8 1
Tile:8 8 8 0
Drop 2 0 1
Tile:6 9 8 0
Destroy 8 8 1
Tile:12_flip 6 4 0
Tile:2_flip 8 8 1
Tile:11_flip 10 8 0
Map 12 5 1
Tile:13 10 9 0
Malus 0 0 1
Bonus 0 0 0
Drop 1 0 1
Drop 1 0 0
Drop 1 0 1
Malus 0 0 0
Bonus 0 0 1
GAMEOVER DRAW
# Game ended: Thu Apr 09 01:43:20 EDT 2020
