# Server version 0.08 running on localhost:8123
# Game ID: 170
# Board class: Saboteur.SaboteurBoard
# Timeout: 2000000000
# First Move Timeout: 30000
# Date: Tue Mar 31 21:00:39 EDT 2020
# Player 1: Player-0, '260729805', running on localhost
# Player 2: Player-1, 'Human', running on localhost
START Player-0 260729805
START Player-1 Human
BoardInit:Tile:5,Map,Tile:9,Map,Tile:0,Tile:5,Tile:10,Tile:8,Map,Tile:0,Tile:13,Tile:9,Bonus,Tile:0,Tile:12,Malus,Tile:8,Tile:6,Tile:8,Tile:9,Map,Tile:8,Tile:7,Bonus,Tile:9,Tile:7,Tile:4,Tile:1,Tile:11,Tile:6,Tile:3,Tile:6,Tile:2,Tile:8,Bonus,Tile:10,Tile:14,Tile:7,Tile:6,Tile:15,Bonus-Tile:10,Tile:5,Tile:6,Malus,Destroy,Destroy,Tile:5-Destroy,Tile:0,Tile:7,Tile:7,Map,Map,Tile:9-Tile:hidden2,Tile:hidden1,Tile:nugget
Tile:6 6 5 1
Map 12 5 0
Tile:5 6 4 1
Map 12 5 0
Tile:10 5 4 1
Map 12 5 0
Tile:0 7 4 1
Map 12 5 0
Tile:9 5 3 1
Tile:0 8 4 0
