# Server version 0.08 running on localhost:8123
# Game ID: 1043
# Board class: Saboteur.SaboteurBoard
# Timeout: 2000000000
# First Move Timeout: 30000
# Date: Sat Apr 11 14:08:08 EDT 2020
# Player 1: Player-0, '260729805', running on localhost
# Player 2: Player-1, 'RandomPlayer', running on localhost
START Player-0 260729805
START Player-1 RandomPlayer
BoardInit:Tile:8,Tile:5,Tile:5,Tile:8,Tile:12,Tile:1,Tile:0,Tile:3,Tile:4,Map,Tile:8,Tile:6,Tile:9,Tile:9,Bonus,Bonus,Tile:7,Tile:6,Map,Tile:0,Tile:5,Tile:0,Map,Tile:6,Tile:2,Tile:15,Destroy,Malus,Map,Tile:9,Tile:6,Tile:0,Tile:7,Bonus,Tile:7,Tile:10,Tile:11,Destroy,Tile:10,Map,Tile:9-Malus,Tile:13,Tile:9,Bonus,Tile:7,Destroy,Tile:10-Tile:6,Tile:8,Tile:8,Tile:5,Tile:7,Map,Tile:14-Tile:hidden2,Tile:hidden1,Tile:nugget
Tile:13 4 5 1
Map 12 3 0
Tile:7_flip 3 5 1
Tile:6 6 5 0
Tile:5_flip 5 6 1
Tile:7 7 5 0
Tile:8 7 6 1
Tile:8 8 6 0
Tile:9_flip 3 4 1
Tile:8 9 6 0
Tile:4_flip 9 7 1
Map 12 5 0
Tile:8 5 4 1
Tile:8 10 6 0
Tile:9_flip 6 4 1
Tile:9 9 5 0
Tile:10 6 3 1
Tile:5 9 4 0
Tile:7_flip 4 6 1
Tile:6 10 4 0
Malus 0 0 1
Bonus 0 0 0
Drop 1 0 1
Tile:6 7 7 0
Drop 4 0 1
Tile:5 6 7 0
Tile:12 11 4 1
Tile:6 6 8 0
Destroy 6 3 1
Malus 0 0 0
Bonus 0 0 1
Tile:9_flip 8 7 0
Tile:5 4 4 1
Tile:0 7 8 0
Tile:6_flip 10 5 1
Tile:0 11 5 0
Tile:2_flip 8 8 1
Tile:10 12 6 0
GAMEOVER WINNER 0
# Game ended: Sat Apr 11 14:09:25 EDT 2020
