# Server version 0.08 running on localhost:8123
# Game ID: 1005
# Board class: Saboteur.SaboteurBoard
# Timeout: 2000000000
# First Move Timeout: 30000
# Date: Sat Apr 11 13:16:57 EDT 2020
# Player 1: Player-0, '260729805', running on localhost
# Player 2: Player-1, 'Human', running on localhost
START Player-0 260729805
START Player-1 Human
BoardInit:Tile:7,Tile:3,Tile:5,Tile:9,Tile:6,Bonus,Tile:4,Map,Tile:2,Tile:7,Malus,Malus,Tile:9,Tile:0,Bonus,Tile:10,Tile:8,Map,Tile:10,Tile:7,Tile:14,Tile:8,Bonus,Bonus,Destroy,Tile:12,Tile:6,Destroy,Tile:0,Tile:6,Tile:6,Map,Tile:0,Tile:11,Tile:8,Tile:0,Tile:5,Tile:8,Tile:13,Tile:9,Tile:9-Tile:9,Tile:7,Tile:10,Tile:1,Map,Tile:5,Tile:7-Map,Tile:15,Tile:8,Tile:5,Tile:6,Destroy,Map-Tile:hidden2,Tile:hidden1,Tile:nugget
Tile:7 6 5 1
Map 12 3 0
Tile:9 6 6 1
Map 12 5 0
Tile:7 7 6 1
Destroy 7 6 0
Tile:6 7 6 1
Tile:5_flip 8 6 0
Tile:5 8 5 1
Tile:6 9 5 0
Tile:7 10 5 1
Tile:7_flip 10 6 0
Drop 5 0 1
Malus 0 0 0
Malus 0 0 1
Bonus 0 0 0
Map 12 7 1
Tile:0 11 6 0
Bonus 0 0 1
Tile:3 12 6 0
GAMEOVER USER CANCEL UNDECIDED
# Game ended: Sat Apr 11 13:17:54 EDT 2020
