# Server version 0.08 running on macbook-pro-5.local:8123
# Game ID: 614
# Board class: Saboteur.SaboteurBoard
# Timeout: 2000000000
# First Move Timeout: 30000
# Date: Wed Apr 08 23:26:31 EDT 2020
# Player 1: Player-0, '260729805', running on macbook-pro-5.local
# Player 2: Player-1, 'RandomPlayer', running on macbook-pro-5.local
START Player-0 260729805
START Player-1 RandomPlayer
BoardInit:Tile:8,Tile:6,Tile:10,Bonus,Tile:14,Tile:8,Tile:2,Tile:12,Tile:4,Tile:11,Destroy,Map,Tile:6,Tile:9,Tile:0,Tile:9,Tile:5,Map,Tile:8,Tile:7,Tile:13,Map,Malus,Tile:7,Tile:5,Tile:10,Tile:5,Map,Tile:8,Bonus,Tile:7,Tile:9,Destroy,Tile:5,Tile:15,Map,Tile:3,Map,Tile:9,Malus,Tile:9-Tile:8,Tile:6,Bonus,Tile:0,Bonus,Tile:0,Tile:7-Tile:7,Tile:10,Destroy,Tile:6,Tile:1,Tile:6,Tile:0-Tile:hidden2,Tile:nugget,Tile:hidden1
Drop 2 0 1
Tile:7 6 5 0
Tile:6_flip 4 5 1
Tile:6 6 6 0
Drop 4 0 1
Tile:6 7 6 0
Drop 2 0 1
Tile:0 8 6 0
Tile:2 9 6 1
Tile:10 7 5 0
Drop 0 0 1
Tile:6_flip 7 4 0
Destroy 6 6 1
Tile:8 6 6 0
Tile:0 8 4 1
Tile:9_flip 9 4 0
Tile:4_flip 9 5 1
Tile:9 9 3 0
Tile:6 6 4 1
Destroy 9 5 0
Tile:8 5 6 1
Tile:7 9 2 0
Tile:0 10 6 1
Tile:12_flip 8 2 0
Tile:5_flip 10 3 1
Tile:7_flip 9 5 0
Tile:8 5 4 1
Tile:10 10 2 0
Tile:14 6 7 1
Tile:11 10 1 0
Tile:13 6 3 1
Tile:1 11 1 0
Tile:7_flip 9 7 1
Tile:9 5 3 0
Tile:8 3 5 1
Tile:5 5 2 0
Destroy 9 6 1
Drop 6 0 0
Tile:5_flip 10 5 1
