# Server version 0.08 running on localhost:8123
# Game ID: 335
# Board class: Saboteur.SaboteurBoard
# Timeout: 2000000000
# First Move Timeout: 30000
# Date: Fri Apr 03 23:37:48 EDT 2020
# Player 1: Player-0, '260729805', running on localhost
# Player 2: Player-1, 'Human', running on localhost
START Player-0 260729805
START Player-1 Human
BoardInit:Map,Tile:9,Tile:8,Tile:5,Tile:1,Tile:5,Tile:7,Destroy,Tile:5,Tile:3,Tile:8,Map,Tile:6,Malus,Tile:8,Destroy,Tile:6,Tile:7,Destroy,Bonus,Tile:15,Tile:10,Tile:13,Map,Tile:10,Tile:8,Malus,Tile:11,Tile:2,Tile:7,Tile:4,Tile:7,Map,Tile:8,Tile:0,Tile:9,Tile:9,Tile:10,Tile:14,Tile:0,Map-Map,Tile:7,Tile:6,Tile:0,Tile:6,Tile:9,Tile:5-Tile:12,Tile:9,Tile:6,Tile:0,Bonus,Bonus,Bonus-Tile:hidden2,Tile:hidden1,Tile:nugget
Tile:6 6 5 1
Tile:12 7 5 0
Map 12 7 1
Tile:6_flip 6 4 0
Map 12 5 1
Tile:0 7 4 0
Tile:8 8 4 1
Tile:5_flip 9 4 0
Tile:5 9 3 1
Tile:5 5 4 0
Tile:6 10 3 1
Tile:3 11 3 0
Drop 3 0 1
Map 12 3 0
Tile:8 10 2 1
Destroy 11 3 0
Tile:8 11 3 1
Tile:9 12 4 0
Tile:9 12 6 1
GAMEOVER WINNER 1
# Game ended: Fri Apr 03 23:38:26 EDT 2020
