# Server version 0.08 running on localhost:8123
# Game ID: 5
# Board class: Saboteur.SaboteurBoard
# Timeout: 20000
# First Move Timeout: 30000
# Date: Tue Mar 24 18:40:04 EDT 2020
# Player 1: Player-0, '260729805', running on localhost
# Player 2: Player-1, 'RandomPlayer', running on localhost
START Player-0 260729805
START Player-1 RandomPlayer
BoardInit:Tile:8,Tile:0,Map,Destroy,Bonus,Tile:7,Tile:5,Destroy,Tile:8,Tile:2,Tile:8,Tile:7,Tile:7,Map,Tile:10,Tile:0,Map,Bonus,Tile:6,Tile:6,Tile:11,Tile:8,Tile:9,Tile:3,Tile:6,Tile:5,Tile:1,Tile:9,Map,Map,Tile:5,Tile:7,Tile:0,Tile:6,Bonus,Tile:0,Tile:4,Map,Tile:7,Tile:10,Tile:9-Tile:9,Tile:5,Tile:14,Malus,Tile:9,Tile:8,Malus-Destroy,Tile:13,Tile:10,Bonus,Tile:12,Tile:15,Tile:6-Tile:nugget,Tile:hidden2,Tile:hidden1
Tile:9_flip 5 6 1
Drop 3 0 0
Tile:8 5 4 1
Drop 1 0 0
Tile:14_flip 4 4 1
Destroy 5 6 0
Tile:5_flip 6 4 1
Drop 2 0 0
Map 12 3 1
Tile:6_flip 6 5 0
Tile:9_flip 6 3 1
Tile:7_flip 4 5 0
Drop 6 0 1
Destroy 5 4 0
Tile:8 5 4 1
Drop 1 0 0
Tile:8 6 6 1
Drop 0 0 0
Drop 1 0 1
Tile:2_flip 6 7 0
Tile:5 5 3 1
Drop 4 0 0
Map 12 5 1
Map 12 7 0
Tile:7_flip 5 7 1
Tile:6_flip 7 7 0
Tile:9 7 8 1
Destroy 6 7 0
Tile:11_flip 7 5 1
Drop 6 0 0
Drop 3 0 1
Tile:8 8 8 0
Tile:10 7 4 1
Tile:5_flip 8 9 0
Drop 4 0 1
Tile:6 7 6 0
Tile:5_flip 9 8 1
Tile:3_flip 7 9 0
Tile:1 8 6 1
Tile:0 9 6 0
Tile:7 8 7 1
Map 12 5 0
Tile:6 6 7 1
Tile:10 7 3 0
Drop 4 0 1
Drop 3 0 0
Tile:9_flip 6 2 1
Tile:7_flip 5 2 0
Drop 0 0 1
Drop 2 0 0
Drop 0 0 1
Tile:7 10 6 0
Drop 1 0 1
Drop 0 0 0
Drop 0 0 1
GAMEOVER DRAW
# Game ended: Tue Mar 24 18:40:04 EDT 2020
