# Server version 0.08 running on localhost:8123
# Game ID: 667
# Board class: Saboteur.SaboteurBoard
# Timeout: 2000000000
# First Move Timeout: 30000
# Date: Thu Apr 09 00:58:31 EDT 2020
# Player 1: Player-0, '260729805', running on localhost
# Player 2: Player-1, 'RandomPlayer', running on localhost
START Player-0 260729805
START Player-1 RandomPlayer
BoardInit:Tile:6,Tile:7,Tile:8,Tile:10,Tile:15,Tile:4,Tile:5,Tile:0,Map,Map,Tile:7,Tile:7,Tile:7,Destroy,Tile:14,Tile:8,Bonus,Tile:7,Malus,Tile:5,Map,Tile:9,Tile:8,Bonus,Tile:6,Tile:0,Tile:1,Destroy,Tile:0,Tile:13,Tile:9,Tile:5,Tile:5,Malus,Tile:10,Tile:11,Tile:3,Tile:8,Bonus,Tile:6,Tile:6-Map,Bonus,Tile:8,Tile:10,Tile:9,Tile:6,Map-Tile:12,Tile:9,Tile:0,Destroy,Tile:9,Tile:2,Map-Tile:hidden2,Tile:nugget,Tile:hidden1
Tile:6_flip 4 5 1
Map 12 3 0
Tile:9_flip 6 5 1
Tile:7 6 4 0
Tile:8 5 6 1
Tile:9_flip 6 6 0
Tile:8 5 4 1
Tile:0 4 4 0
Map 12 7 1
Tile:9 4 6 0
Map 12 3 1
Map 12 5 0
Tile:15 5 3 1
Tile:7_flip 6 7 0
Drop 2 0 1
Tile:10 5 7 0
Drop 1 0 1
Tile:0 7 7 0
Tile:5 5 2 1
Tile:7 8 7 0
Map 12 7 1
Tile:5_flip 4 7 0
Tile:7_flip 8 8 1
Tile:8 9 8 0
Drop 4 0 1
Destroy 5 4 0
Tile:14_flip 9 7 1
Destroy 5 6 0
Drop 2 0 1
Destroy 9 7 0
Tile:0 3 4 1
Tile:13 5 4 0
Tile:9_flip 5 8 1
Tile:4 9 7 0
Tile:1 4 8 1
Tile:12_flip 3 5 0
Drop 3 0 1
Tile:9_flip 10 8 0
Tile:3_flip 10 9 1
Tile:11 10 7 0
Tile:6 11 7 1
Tile:2 10 6 0
Tile:6 3 7 1
Drop 5 0 0
Drop 4 0 1
Tile:8 11 6 0
Tile:7 3 6 1
Tile:0 12 6 0
Tile:5 11 5 1
Tile:5_flip 13 6 0
Map 12 3 1
Drop 1 0 0
Drop 1 0 1
Drop 0 0 0
Drop 0 0 1
GAMEOVER DRAW
# Game ended: Thu Apr 09 00:58:34 EDT 2020
