# Server version 0.08 running on localhost:8123
# Game ID: 89
# Board class: Saboteur.SaboteurBoard
# Timeout: 20000
# First Move Timeout: 30000
# Date: Mon Mar 30 18:39:29 EDT 2020
# Player 1: Player-0, '260729805', running on localhost
# Player 2: Player-1, 'RandomPlayer', running on localhost
START Player-0 260729805
START Player-1 RandomPlayer
BoardInit:Tile:9,Map,Tile:8,Tile:9,Tile:8,Destroy,Tile:6,Tile:9,Map,Map,Map,Destroy,Tile:2,Tile:10,Tile:7,Tile:6,Bonus,Tile:7,Tile:0,Tile:3,Tile:0,Bonus,Tile:8,Tile:9,Tile:6,Tile:10,Map,Tile:1,Tile:7,Tile:5,Destroy,Tile:12,Tile:5,Tile:15,Tile:5,Tile:11,Tile:13,Tile:4,Tile:14,Tile:9,Tile:7-Bonus,Malus,Tile:6,Bonus,Tile:10,Tile:5,Map-Tile:0,Tile:8,Tile:0,Tile:8,Tile:7,Malus,Tile:6-Tile:nugget,Tile:hidden2,Tile:hidden1
Tile:5_flip 5 6 1
Drop 6 0 0
Drop 1 0 1
Drop 6 0 0
Tile:6 4 6 1
Drop 6 0 0
Tile:8 3 6 1
Drop 6 0 0
Tile:8 5 4 1
Drop 6 0 0
Drop 0 0 1
Drop 6 0 0
Tile:6 4 4 1
Drop 6 0 0
Tile:9 3 7 1
