# Server version 0.08 running on localhost:8123
# Game ID: 129
# Board class: Saboteur.SaboteurBoard
# Timeout: 20000
# First Move Timeout: 30000
# Date: Tue Mar 31 00:47:10 EDT 2020
# Player 1: Player-0, '260729805', running on localhost
# Player 2: Player-1, 'RandomPlayer', running on localhost
START Player-0 260729805
START Player-1 RandomPlayer
BoardInit:Tile:8,Tile:7,Tile:8,Tile:0,Bonus,Tile:9,Bonus,Tile:0,Tile:9,Bonus,Tile:7,Tile:7,Tile:14,Tile:9,Tile:15,Tile:2,Map,Tile:5,Tile:9,Map,Map,Tile:6,Tile:10,Tile:0,Destroy,Tile:3,Tile:5,Malus,Malus,Tile:9,Tile:6,Map,Tile:10,Tile:6,Destroy,Bonus,Map,Tile:5,Tile:6,Tile:13,Tile:10-Tile:4,Tile:12,Tile:7,Tile:8,Tile:0,Tile:7,Destroy-Tile:11,Tile:1,Tile:8,Tile:6,Tile:8,Map,Tile:5-Tile:nugget,Tile:hidden2,Tile:hidden1
Drop 2 0 1
Map 12 5 0
Tile:8 5 6 1
Tile:11_flip 6 5 0
Tile:8 4 6 1
Tile:8 6 6 0
Tile:8 5 7 1
Tile:1 7 6 0
Drop 0 0 1
Tile:6 8 6 0
Destroy 8 6 1
Tile:8 8 6 0
Tile:7_flip 3 6 1
Tile:5_flip 9 6 0
Tile:9 8 5 1
Tile:7 9 5 0
Tile:7 3 5 1
Tile:9 8 4 0
Tile:12_flip 2 5 1
Tile:0 9 4 0
Drop 4 0 1
Map 12 5 0
Tile:14_flip 4 5 1
Tile:0 10 4 0
Drop 4 0 1
Tile:7 11 4 0
Tile:10 8 7 1
Tile:9 11 5 0
Tile:5 5 4 1
Tile:2_flip 11 6 0
Destroy 5 6 1
Tile:5_flip 12 6 0
Map 12 3 1
Map 12 5 0
Map 12 5 1
Tile:3_flip 10 6 0
Drop 3 0 1
Tile:6_flip 8 3 0
Tile:6 7 3 1
Tile:0 9 3 0
Tile:6 6 7 1
Tile:6 10 3 0
Tile:10 10 2 1
Tile:5_flip 11 3 0
Destroy 9 3 1
Tile:9 11 2 0
Tile:10 10 1 1
Tile:13 12 2 0
Drop 0 0 1
Drop 2 0 0
Map 12 3 1
Drop 1 0 0
Drop 1 0 1
Drop 0 0 0
Drop 0 0 1
GAMEOVER DRAW
# Game ended: Tue Mar 31 00:47:13 EDT 2020
