# Server version 0.08 running on localhost:8123
# Game ID: 1048
# Board class: Saboteur.SaboteurBoard
# Timeout: 2000000000
# First Move Timeout: 30000
# Date: Sat Apr 11 14:17:21 EDT 2020
# Player 1: Player-0, '260729805', running on localhost
# Player 2: Player-1, 'RandomPlayer', running on localhost
START Player-0 260729805
START Player-1 RandomPlayer
BoardInit:Tile:8,Malus,Tile:7,Map,Tile:5,Tile:7,Tile:5,Map,Tile:15,Tile:14,Map,Tile:7,Tile:7,Bonus,Tile:6,Tile:5,Map,Tile:0,Destroy,Tile:9,Map,Tile:10,Tile:8,Tile:1,Tile:9,Tile:10,Tile:11,Tile:6,Tile:6,Destroy,Tile:13,Tile:8,Tile:9,Tile:0,Tile:3,Tile:0,Tile:8,Bonus,Bonus,Tile:9,Tile:4-Map,Tile:7,Tile:5,Tile:8,Tile:10,Tile:9,Malus-Destroy,Tile:6,Tile:0,Tile:12,Tile:2,Bonus,Tile:6-Tile:hidden2,Tile:hidden1,Tile:nugget
Tile:9_flip 5 4 1
Tile:6 6 5 0
Tile:5 4 4 1
Tile:0 7 5 0
Tile:7_flip 4 5 1
Map 12 5 0
Tile:7_flip 5 6 1
Tile:6 8 5 0
Tile:5 5 3 1
Tile:7 9 5 0
Drop 1 0 1
Tile:12 6 6 0
Tile:15 6 4 1
Destroy 6 6 0
Map 12 3 1
Tile:7_flip 9 6 0
Tile:10 8 4 1
Tile:5 8 3 0
Tile:8 6 3 1
Tile:0 10 6 0
Destroy 5 6 1
Malus 0 0 0
Drop 0 0 1
Tile:9_flip 11 6 0
Drop 3 0 1
Tile:10 11 7 0
Map 12 7 1
Tile:10 11 8 0
Drop 5 0 1
Tile:6_flip 11 5 0
Drop 3 0 1
Tile:2 13 5 0
Drop 6 0 1
Tile:8 12 4 0
Drop 0 0 1
Tile:0 11 4 0
Drop 4 0 1
Tile:0 13 4 0
Drop 0 0 1
Tile:14 13 6 0
Drop 4 0 1
Tile:9 12 6 0
GAMEOVER WINNER 0
# Game ended: Sat Apr 11 14:17:52 EDT 2020
