# Server version 0.08 running on localhost:8123
# Game ID: 534
# Board class: Saboteur.SaboteurBoard
# Timeout: 2000000000
# First Move Timeout: 30000
# Date: Sun Apr 05 19:15:01 EDT 2020
# Player 1: Player-0, '260729805', running on localhost
# Player 2: Player-1, 'RandomPlayer', running on localhost
START Player-0 260729805
START Player-1 RandomPlayer
BoardInit:Tile:4,Malus,Tile:6,Destroy,Tile:6,Tile:9,Tile:7,Tile:0,Tile:9,Destroy,Tile:14,Map,Tile:8,Tile:15,Tile:12,Tile:10,Bonus,Tile:5,Tile:8,Tile:6,Tile:6,Tile:6,Tile:5,Tile:1,Tile:11,Bonus,Tile:10,Malus,Bonus,Tile:0,Tile:0,Tile:5,Tile:5,Tile:8,Tile:7,Map,Tile:8,Destroy,Bonus,Tile:2,Tile:0-Tile:9,Map,Tile:3,Map,Tile:13,Tile:9,Tile:7-Tile:9,Tile:10,Tile:8,Map,Tile:7,Tile:7,Map-Tile:hidden2,Tile:nugget,Tile:hidden1
Tile:3 5 4 1
Map 12 3 0
Map 12 7 1
Map 12 5 0
Tile:13 4 5 1
Tile:7_flip 5 6 0
Tile:9_flip 4 6 1
Destroy 5 4 0
Tile:9_flip 5 4 1
Tile:0 6 5 0
Tile:7_flip 3 6 1
Destroy 4 5 0
Tile:6_flip 5 3 1
Tile:7_flip 4 4 0
Tile:7 7 5 1
Tile:15 7 6 0
Tile:14 6 3 1
Drop 6 0 0
Tile:6_flip 4 3 1
Tile:5_flip 7 7 0
Tile:9 3 5 1
Tile:9 6 7 0
Map 12 5 1
Tile:10 6 2 0
Drop 4 0 1
Tile:8 6 8 0
Tile:6 3 3 1
Tile:9 6 1 0
Tile:8 3 2 1
Tile:6_flip 7 8 0
Tile:10 3 1 1
Tile:6 8 8 0
Tile:0 7 1 1
Tile:0 9 8 0
Tile:5_flip 4 2 1
Tile:8 10 8 0
Tile:12_flip 2 3 1
Tile:5_flip 10 9 0
Tile:11_flip 6 9 1
Destroy 7 5 0
Tile:7_flip 4 7 1
Tile:1 9 9 0
Tile:5_flip 8 1 1
Tile:2 7 5 0
Tile:4 3 4 1
Drop 4 0 0
Tile:0 8 9 1
Drop 3 0 0
Tile:8 6 0 1
Drop 2 0 0
Drop 0 0 1
Drop 1 0 0
Drop 1 0 1
Malus 0 0 0
Bonus 0 0 1
GAMEOVER DRAW
# Game ended: Sun Apr 05 19:15:39 EDT 2020
