# Server version 0.08 running on localhost:8123
# Game ID: 313
# Board class: Saboteur.SaboteurBoard
# Timeout: 2000000000
# First Move Timeout: 30000
# Date: Fri Apr 03 03:38:09 EDT 2020
# Player 1: Player-0, '260729805', running on localhost
# Player 2: Player-1, 'RandomPlayer', running on localhost
START Player-0 260729805
START Player-1 RandomPlayer
BoardInit:Tile:8,Tile:7,Tile:0,Malus,Tile:6,Map,Map,Malus,Bonus,Tile:14,Tile:10,Tile:10,Tile:13,Tile:6,Tile:15,Tile:5,Map,Tile:7,Tile:5,Tile:2,Tile:10,Tile:0,Tile:7,Tile:9,Map,Tile:9,Tile:8,Tile:5,Bonus,Tile:0,Tile:7,Tile:1,Tile:8,Tile:5,Tile:12,Tile:7,Tile:0,Tile:3,Tile:8,Map,Tile:9-Tile:4,Bonus,Destroy,Bonus,Tile:6,Tile:9,Tile:8-Destroy,Tile:9,Tile:6,Tile:6,Destroy,Map,Tile:11-Tile:nugget,Tile:hidden2,Tile:hidden1
Drop 2 0 1
Map 12 3 0
Tile:4_flip 5 6 1
Tile:9_flip 6 5 0
Tile:8 4 5 1
Tile:6_flip 6 4 0
Drop 4 0 1
Map 12 3 0
Tile:9 5 4 1
Tile:6 7 4 0
Tile:6 3 5 1
Tile:7 8 4 0
Tile:6_flip 5 3 1
Tile:10 8 5 0
Tile:0 2 5 1
Tile:6 8 6 0
Tile:10 4 6 1
Tile:5_flip 9 6 0
Tile:15 4 4 1
Tile:7_flip 7 6 0
Drop 4 0 1
Destroy 9 6 0
Tile:10 3 4 1
Tile:0 9 6 0
Tile:5_flip 4 7 1
Tile:9_flip 10 6 0
Map 12 7 1
Tile:9 7 3 0
Drop 2 0 1
Tile:5_flip 8 3 0
Drop 0 0 1
Destroy 10 6 0
Tile:8 4 3 1
Tile:0 10 6 0
Drop 4 0 1
Tile:5 8 2 0
Tile:7_flip 3 7 1
Tile:7 9 2 0
Tile:7 3 6 1
Malus 0 0 0
Drop 2 0 1
Map 12 3 0
Map 12 7 1
Malus 0 0 0
Drop 4 0 1
Tile:11 9 3 0
Drop 3 0 1
Tile:3_flip 9 4 0
Drop 2 0 1
Tile:14 10 4 0
Drop 0 0 1
Tile:2 4 2 0
Drop 1 0 1
Tile:1 5 2 0
Drop 0 0 1
GAMEOVER DRAW
# Game ended: Fri Apr 03 03:38:10 EDT 2020
