# Server version 0.08 running on macbook-pro-5.local:8123
# Game ID: 592
# Board class: Saboteur.SaboteurBoard
# Timeout: 2000000000
# First Move Timeout: 30000
# Date: Wed Apr 08 22:50:54 EDT 2020
# Player 1: Player-0, '260729805', running on macbook-pro-5.local
# Player 2: Player-1, 'RandomPlayer', running on macbook-pro-5.local
START Player-0 260729805
START Player-1 RandomPlayer
BoardInit:Tile:10,Tile:0,Tile:9,Tile:7,Tile:3,Tile:8,Malus,Tile:8,Tile:8,Destroy,Tile:2,Destroy,Destroy,Tile:4,Tile:8,Tile:10,Tile:8,Tile:6,Bonus,Tile:7,Map,Map,Map,Tile:14,Tile:0,Tile:8,Tile:8,Destroy,Bonus,Tile:9,Tile:12,Tile:8,Tile:8,Tile:1,Destroy,Tile:8,Tile:8,Tile:9,Map,Tile:13,Tile:8,Tile:8,Tile:8,Destroy,Destroy,Destroy,Tile:8,Destroy,Tile:6,Tile:15,Tile:0,Tile:8,Tile:8,Tile:7,Tile:8,Tile:7,Tile:11,Destroy,Tile:8,Tile:6,Tile:7,Tile:6,Tile:5,Tile:5,Malus-Tile:10,Tile:0,Map,Tile:5,Bonus,Tile:8,Bonus-Map,Tile:5,Tile:9,Tile:8,Tile:6,Destroy,Tile:9-Tile:hidden2,Tile:nugget,Tile:hidden1
Tile:5 4 5 1
Map 12 3 0
Drop 1 0 1
Tile:5_flip 6 5 0
Map 12 5 1
Tile:6_flip 6 4 0
Tile:10 4 6 1
Tile:0 7 4 0
Tile:9 4 7 1
Tile:7 8 4 0
Drop 4 0 1
Tile:9 8 5 0
Tile:8 5 7 1
Tile:8 9 5 0
Tile:2_flip 4 8 1
Tile:9 9 4 0
Tile:8 3 8 1
Tile:8 10 4 0
Tile:8 8 6 1
Tile:6 9 6 0
Tile:8 5 8 1
Tile:8 10 6 0
Destroy 8 4 1
Map 12 5 0
Map 12 7 1
Tile:7 8 4 0
Tile:10 3 7 1
Tile:10 9 3 0
Tile:8 3 9 1
Tile:8 9 2 0
Drop 3 0 1
Tile:9_flip 10 2 0
Tile:12_flip 2 9 1
Tile:8 8 7 0
Tile:8 8 8 1
Destroy 4 8 0
Tile:0 9 7 1
Tile:8 10 1 0
Destroy 4 5 1
Tile:9_flip 11 1 0
Tile:8 5 4 1
Destroy 2 9 0
Tile:8 9 1 1
Tile:13 4 8 0
Drop 5 0 1
Tile:8 10 5 0
Map 12 5 1
Destroy 5 4 0
Tile:8 11 5 1
GAMEOVER WINNER 1
# Game ended: Wed Apr 08 22:50:56 EDT 2020
