# Server version 0.08 running on localhost:8123
# Game ID: 437
# Board class: Saboteur.SaboteurBoard
# Timeout: 2000000000
# First Move Timeout: 30000
# Date: Sat Apr 04 22:56:38 EDT 2020
# Player 1: Player-0, '260729805', running on localhost
# Player 2: Player-1, 'RandomPlayer', running on localhost
START Player-0 260729805
START Player-1 RandomPlayer
BoardInit:Tile:5,Tile:11,Tile:8,Tile:9,Tile:8,Map,Tile:10,Tile:5,Tile:1,Tile:8,Tile:7,Tile:0,Destroy,Tile:6,Tile:12,Tile:7,Tile:9,Tile:6,Map,Tile:7,Tile:0,Tile:8,Tile:10,Tile:2,Bonus,Tile:14,Malus,Bonus,Tile:7,Tile:9,Tile:6,Malus,Tile:3,Tile:5,Bonus,Map,Tile:15,Tile:13,Tile:5,Tile:9,Tile:0-Map,Tile:4,Destroy,Tile:9,Map,Destroy,Tile:10-Tile:6,Tile:0,Map,Tile:7,Tile:6,Tile:8,Bonus-Tile:hidden1,Tile:hidden2,Tile:nugget
Map 12 3 1
Map 12 3 0
Drop 1 0 1
Tile:6 6 5 0
Tile:8 4 5 1
Tile:0 7 5 0
Tile:9 4 4 1
Map 12 5 0
Tile:10 4 3 1
Tile:7 8 5 0
Drop 0 0 1
Tile:6 8 6 0
Tile:7 5 4 1
Tile:5_flip 9 6 0
Destroy 7 5 1
Tile:0 7 5 0
Destroy 8 6 1
Tile:6 8 6 0
Drop 5 0 1
Tile:6_flip 7 6 0
Tile:10 4 2 1
Tile:9 9 5 0
Tile:9_flip 4 1 1
Tile:8 9 4 0
Tile:8 7 7 1
Tile:8 10 4 0
Tile:5 6 7 1
Tile:8 9 3 0
Drop 6 0 1
Tile:7 8 7 0
Tile:7_flip 3 5 1
Tile:9 8 8 0
Drop 6 0 1
Tile:7 9 8 0
Tile:3 4 0 1
Tile:5 8 3 0
Tile:0 6 6 1
Map 12 7 0
Drop 2 0 1
Tile:11 9 9 0
Tile:10 7 8 1
Tile:9_flip 8 9 0
Tile:15 3 4 1
Tile:2 10 9 0
Tile:0 3 1 1
Tile:14 11 9 0
Tile:1 2 1 1
Tile:13 10 10 0
Tile:5_flip 4 6 1
Drop 2 0 0
Map 12 3 1
Drop 1 0 0
Drop 1 0 1
Drop 0 0 0
Drop 0 0 1
GAMEOVER DRAW
# Game ended: Sat Apr 04 22:56:39 EDT 2020
