# Server version 0.08 running on 192.168.1.5:8123
# Game ID: 402
# Board class: Saboteur.SaboteurBoard
# Timeout: 2000000000
# First Move Timeout: 30000
# Date: Sat Apr 04 20:40:47 EDT 2020
# Player 1: Player-0, '260729805', running on 192.168.1.5
# Player 2: Player-1, 'Human', running on 192.168.1.5
START Player-0 260729805
START Player-1 Human
BoardInit:Tile:7,Destroy,Tile:15,Tile:6,Tile:5,Tile:6,Tile:0,Tile:0,Tile:5,Tile:0,Malus,Tile:11,Tile:9,Tile:6,Tile:3,Map,Tile:10,Destroy,Tile:8,Tile:13,Map,Tile:5,Map,Tile:4,Tile:7,Tile:12,Tile:9,Tile:9,Destroy,Tile:8,Tile:10,Tile:0,Tile:6,Tile:7,Map,Tile:7,Tile:8,Tile:1,Tile:2,Tile:5,Tile:7-Malus,Tile:9,Tile:8,Tile:8,Bonus,Map,Bonus-Tile:14,Tile:6,Tile:9,Tile:10,Map,Bonus,Bonus-Tile:nugget,Tile:hidden1,Tile:hidden2
Tile:8 6 5 1
Map 12 3 0
Map 12 5 1
Tile:6 7 5 0
Tile:7 8 5 1
Tile:6 8 6 0
Tile:8 9 6 1
Tile:6 10 6 0
Tile:0 11 6 1
Tile:9_flip 12 6 0
Drop 4 0 1
Tile:10 12 4 0
GAMEOVER WINNER 0
# Game ended: Sat Apr 04 20:41:03 EDT 2020
