# Server version 0.08 running on macbook-pro-5.local:8123
# Game ID: 602
# Board class: Saboteur.SaboteurBoard
# Timeout: 2000000000
# First Move Timeout: 30000
# Date: Wed Apr 08 23:06:13 EDT 2020
# Player 1: Player-0, '260729805', running on macbook-pro-5.local
# Player 2: Player-1, 'RandomPlayer', running on macbook-pro-5.local
START Player-0 260729805
START Player-1 RandomPlayer
BoardInit:Tile:7,Tile:6,Tile:8,Tile:8,Tile:8,Tile:8,Map,Destroy,Map,Map,Tile:9,Tile:8,Tile:7,Tile:13,Tile:15,Tile:14,Tile:8,Destroy,Map,Tile:8,Tile:9,Destroy,Tile:0,Destroy,Map,Bonus,Tile:9,Tile:8,Tile:8,Tile:7,Tile:5,Tile:8,Destroy,Tile:6,Tile:8,Tile:10,Tile:12,Tile:9,Destroy,Tile:6,Tile:0,Tile:8,Tile:0,Tile:8,Tile:9,Tile:10,Tile:8,Tile:10,Destroy,Destroy,Tile:5,Tile:8,Tile:6,Bonus,Tile:8,Tile:2,Tile:7,Map,Bonus,Tile:5,Tile:8,Tile:8,Tile:0,Tile:5,Tile:3-Destroy,Tile:7,Tile:1,Destroy,Bonus,Tile:6,Tile:8-Destroy,Tile:11,Malus,Tile:4,Tile:8,Malus,Tile:8-Tile:nugget,Tile:hidden2,Tile:hidden1
Tile:6_flip 4 5 1
Tile:8 6 5 0
Tile:8 6 6 1
Tile:6 7 5 0
Tile:1 3 5 1
Tile:8 8 5 0
Tile:8 8 6 1
Tile:8 9 5 0
Tile:8 9 4 1
Tile:8 10 4 0
Destroy 3 5 1
Map 12 3 0
Tile:7 11 4 1
Tile:8 9 3 0
Map 12 7 1
Tile:4_flip 11 5 0
Tile:7 9 2 1
Destroy 11 5 0
Destroy 6 5 1
Tile:11 11 5 0
Tile:15 4 6 1
Tile:8 6 5 0
Tile:9 5 6 1
Destroy 11 5 0
Tile:7 10 3 1
Destroy 4 6 0
Tile:9_flip 10 5 1
Tile:13 10 6 0
Drop 0 0 1
Tile:8 8 3 0
Tile:8 10 7 1
Tile:7_flip 7 3 0
Tile:9_flip 8 7 1
Tile:8 8 2 0
Tile:5 7 4 1
Tile:6 9 6 0
Destroy 9 6 1
Tile:10 11 5 0
Tile:8 8 4 1
Tile:9 8 1 0
Drop 1 0 1
Tile:6 9 1 0
Destroy 7 5 1
Tile:14_flip 3 5 0
Tile:8 7 5 1
Destroy 9 4 0
Tile:9_flip 3 6 1
Tile:8 9 4 0
Map 12 3 1
Destroy 10 5 0
Drop 3 0 1
Tile:8 7 2 0
Destroy 10 6 1
Tile:8 8 8 0
Tile:12_flip 9 7 1
Tile:10 5 4 0
Tile:6_flip 7 7 1
Destroy 11 4 0
Tile:8 8 0 1
Tile:2 11 4 0
Tile:7_flip 2 6 1
Tile:5_flip 3 7 0
Tile:0 6 2 1
Tile:8 7 8 0
Tile:0 12 4 1
Tile:10 6 4 0
Tile:5_flip 10 5 1
