# Server version 0.08 running on macbook-pro-5.local:8123
# Game ID: 650
# Board class: Saboteur.SaboteurBoard
# Timeout: 2000000000
# First Move Timeout: 30000
# Date: Thu Apr 09 00:44:49 EDT 2020
# Player 1: Player-0, '260729805', running on macbook-pro-5.local
# Player 2: Player-1, 'RandomPlayer', running on macbook-pro-5.local
START Player-0 260729805
START Player-1 RandomPlayer
BoardInit:Tile:0,Tile:6,Tile:6,Tile:2,Destroy,Malus,Tile:10,Map,Tile:5,Tile:0,Tile:0,Tile:7,Tile:11,Bonus,Tile:3,Tile:8,Tile:8,Tile:10,Tile:8,Tile:7,Map,Tile:0,Tile:9,Tile:7,Tile:12,Tile:9,Bonus,Tile:7,Tile:8,Tile:9,Tile:9,Map,Tile:6,Destroy,Bonus,Map,Bonus,Tile:14,Map,Tile:8,Tile:1-Malus,Tile:4,Tile:13,Tile:15,Tile:5,Tile:6,Tile:7-Tile:6,Tile:9,Tile:5,Tile:5,Map,Tile:10,Destroy-Tile:hidden1,Tile:nugget,Tile:hidden2
Tile:5 4 5 1
Map 12 3 0
Drop 1 0 1
Tile:6 6 5 0
Tile:6_flip 5 4 1
Tile:5_flip 7 5 0
Destroy 4 5 1
Tile:5 7 4 0
Tile:0 4 5 1
Tile:6 8 4 0
Tile:7_flip 4 4 1
Tile:0 9 4 0
Drop 6 0 1
Tile:2_flip 5 6 0
Tile:6_flip 4 6 1
Destroy 5 6 0
Tile:3_flip 3 6 1
Tile:7 10 4 0
Tile:11_flip 6 4 1
Drop 6 0 0
Tile:5 8 3 1
Drop 6 0 0
Tile:15 4 3 1
Tile:0 9 3 0
Tile:8 4 2 1
Drop 6 0 0
Map 12 7 1
Drop 6 0 0
Tile:9_flip 6 3 1
Drop 6 0 0
Tile:12_flip 3 2 1
Drop 6 0 0
Tile:8 5 6 1
Tile:9 5 7 0
Tile:9_flip 10 5 1
Destroy 6 4 0
Tile:6_flip 5 2 1
Tile:10 10 6 0
Tile:13 4 1 1
Tile:14_flip 9 5 0
Drop 0 0 1
Drop 6 0 0
Drop 0 0 1
Drop 5 0 0
Tile:8 3 5 1
Drop 4 0 0
Tile:1 2 5 1
Drop 3 0 0
Map 12 7 1
Drop 2 0 0
Drop 0 0 1
Drop 1 0 0
Drop 1 0 1
Malus 0 0 0
Bonus 0 0 1
GAMEOVER DRAW
# Game ended: Thu Apr 09 00:44:49 EDT 2020
