# Server version 0.08 running on localhost:8123
# Game ID: 378
# Board class: Saboteur.SaboteurBoard
# Timeout: 2000000000
# First Move Timeout: 30000
# Date: Sat Apr 04 00:30:53 EDT 2020
# Player 1: Player-0, '260729805', running on localhost
# Player 2: Player-1, 'RandomPlayer', running on localhost
START Player-0 260729805
START Player-1 RandomPlayer
BoardInit:Destroy,Tile:11,Tile:8,Malus,Bonus,Map,Tile:8,Tile:9,Tile:6,Tile:9,Tile:5,Tile:9,Tile:0,Tile:5,Tile:6,Destroy,Destroy,Malus,Tile:0,Tile:6,Tile:9,Tile:13,Tile:1,Tile:5,Tile:5,Tile:10,Map,Tile:7,Tile:4,Tile:7,Tile:0,Tile:8,Map,Bonus,Tile:15,Tile:8,Tile:10,Tile:14,Tile:6,Tile:10,Tile:7-Tile:8,Map,Bonus,Tile:0,Tile:9,Map,Tile:7-Tile:12,Tile:7,Bonus,Tile:2,Tile:6,Map,Tile:3-Tile:nugget,Tile:hidden2,Tile:hidden1
Tile:8 5 6 1
Map 12 3 0
Tile:9 4 6 1
Tile:12 6 5 0
Tile:7_flip 4 7 1
Tile:7 6 6 0
Tile:8 5 4 1
Tile:6 6 4 0
Destroy 6 6 1
Tile:2 7 4 0
Tile:8 4 5 1
Tile:3 8 4 0
Map 12 5 1
Tile:11 8 5 0
Tile:0 9 5 1
Tile:5 6 3 0
Tile:0 6 6 1
Destroy 9 5 0
Destroy 6 3 1
Drop 6 0 0
Tile:5_flip 7 6 1
Tile:9 6 3 0
Tile:6_flip 4 4 1
Tile:9 6 2 0
Tile:6_flip 9 5 1
Tile:9_flip 7 2 0
Tile:5_flip 5 7 1
Tile:10 7 5 0
Drop 3 0 1
Tile:5 7 1 0
Tile:4 5 3 1
Tile:7 8 1 0
Tile:0 3 4 1
Tile:8 2 4 0
Map 12 3 1
Tile:7_flip 8 2 0
Drop 6 0 1
Tile:8 9 2 0
Tile:10 9 3 1
Tile:6 10 2 0
Tile:1 3 5 1
Tile:10 10 1 0
Drop 5 0 1
Tile:13 9 6 0
Map 12 5 1
Tile:14 10 6 0
Tile:7_flip 9 4 1
Drop 3 0 0
Tile:9_flip 10 5 1
Drop 2 0 0
Map 12 3 1
Drop 1 0 0
Drop 1 0 1
Drop 0 0 0
Drop 0 0 1
GAMEOVER DRAW
# Game ended: Sat Apr 04 00:30:53 EDT 2020
