# Server version 0.08 running on localhost:8123
# Game ID: 794
# Board class: Saboteur.SaboteurBoard
# Timeout: 2000000000
# First Move Timeout: 30000
# Date: Thu Apr 09 02:11:54 EDT 2020
# Player 1: Player-0, '260729805', running on localhost
# Player 2: Player-1, 'RandomPlayer', running on localhost
START Player-0 260729805
START Player-1 RandomPlayer
BoardInit:Tile:4,Tile:13,Tile:1,Tile:15,Tile:10,Tile:7,Tile:6,Tile:7,Map,Tile:6,Tile:6,Tile:5,Tile:9,Tile:8,Destroy,Tile:10,Tile:11,Map,Tile:12,Tile:6,Tile:5,Tile:7,Tile:14,Malus,Map,Tile:9,Destroy,Tile:2,Tile:0,Map,Tile:5,Tile:0,Tile:8,Tile:9,Tile:9,Tile:10,Bonus,Tile:8,Tile:7,Tile:3,Tile:8-Bonus,Tile:5,Destroy,Tile:7,Malus,Bonus,Tile:0-Tile:9,Tile:8,Map,Bonus,Tile:0,Map,Tile:6-Tile:nugget,Tile:hidden2,Tile:hidden1
Drop 5 0 1
Tile:0 6 5 0
Drop 1 0 1
Tile:6 7 5 0
Tile:1 4 5 1
Tile:9_flip 8 5 0
Tile:4_flip 8 6 1
Tile:7 8 4 0
Tile:7_flip 3 5 1
Tile:8 7 4 0
Drop 2 0 1
Tile:7 7 3 0
Tile:0 6 4 1
Tile:6 6 3 0
Destroy 8 4 1
Tile:8 8 4 0
Destroy 6 3 1
Tile:5_flip 9 4 0
Tile:6_flip 5 4 1
Tile:10 9 3 0
Tile:10 8 3 1
Tile:6_flip 9 2 0
Tile:5 8 2 1
Tile:7 10 2 0
Drop 4 0 1
Tile:15 10 3 0
Drop 0 0 1
Tile:9 10 4 0
Map 12 5 1
Tile:13 11 4 0
Tile:9_flip 11 5 1
Tile:2 12 4 0
Tile:12_flip 4 4 1
Tile:0 13 4 0
Destroy 8 3 1
Tile:9 11 6 0
Tile:8 12 6 1
Tile:10 8 3 0
Tile:0 13 6 1
Tile:8 10 5 0
Tile:9 11 7 1
Tile:3_flip 11 8 0
Drop 0 0 1
Drop 5 0 0
Tile:5 9 5 1
Drop 4 0 0
Tile:14_flip 11 3 1
Drop 3 0 0
Drop 3 0 1
Drop 2 0 0
Drop 0 0 1
Drop 1 0 0
Tile:7 12 8 1
Drop 0 0 0
Drop 0 0 1
GAMEOVER DRAW
# Game ended: Thu Apr 09 02:11:55 EDT 2020
