# Server version 0.08 running on localhost:8123
# Game ID: 48
# Board class: Saboteur.SaboteurBoard
# Timeout: 20000
# First Move Timeout: 30000
# Date: Sun Mar 29 22:55:33 EDT 2020
# Player 1: Player-0, '260729805', running on localhost
# Player 2: Player-1, 'RandomPlayer', running on localhost
START Player-0 260729805
START Player-1 RandomPlayer
BoardInit:Destroy,Tile:5,Tile:8,Tile:5,Tile:3,Tile:6,Tile:5,Tile:6,Tile:8,Tile:10,Tile:7,Malus,Tile:9,Tile:4,Bonus,Tile:15,Tile:1,Tile:13,Destroy,Tile:9,Tile:10,Map,Tile:0,Tile:10,Tile:12,Tile:8,Tile:7,Map,Bonus,Tile:0,Tile:7,Destroy,Tile:9,Map,Tile:6,Tile:14,Map,Bonus,Tile:8,Malus,Tile:7-Map,Tile:6,Tile:2,Tile:0,Tile:9,Tile:7,Bonus-Tile:8,Tile:11,Tile:6,Tile:9,Map,Tile:0,Tile:5-Tile:hidden1,Tile:nugget,Tile:hidden2
Tile:9_flip 6 5 1
Tile:9_flip 5 4 0
Tile:6_flip 4 5 1
Tile:6 3 5 0
Drop 2 0 1
Tile:11 5 6 0
Destroy 4 5 1
Drop 5 0 0
Tile:2_flip 4 4 1
Tile:6 2 5 0
Tile:5 4 3 1
Tile:10 6 4 0
Tile:7 5 3 1
Tile:5 3 4 0
Tile:3 2 4 1
Tile:5 1 4 0
Map 12 3 1
Drop 0 0 0
Tile:8 6 6 1
Malus 0 0 0
Destroy 5 4 1
Tile:15 6 7 0
Drop 5 0 1
Tile:9_flip 7 6 0
Drop 0 0 1
Tile:6 1 5 0
Drop 0 0 1
Map 12 5 0
Drop 6 0 1
Drop 5 0 0
Drop 4 0 1
Drop 3 0 0
Drop 6 0 1
Map 12 3 0
Drop 4 0 1
Drop 5 0 0
Drop 3 0 1
Tile:14 5 7 0
Map 12 5 1
Tile:4_flip 6 8 0
Drop 4 0 1
Tile:0 0 5 0
Bonus 0 0 1
Tile:0 4 5 0
Tile:7_flip 4 7 1
Drop 3 0 0
Tile:9 7 5 1
Map 12 3 0
Tile:6_flip 8 5 1
Tile:10 6 3 0
Drop 1 0 1
Malus 0 0 0
Bonus 0 0 1
Tile:13 6 2 0
Tile:7 6 1 1
GAMEOVER DRAW
# Game ended: Sun Mar 29 22:55:34 EDT 2020
