# Server version 0.08 running on macbook-pro-5.local:8123
# Game ID: 644
# Board class: Saboteur.SaboteurBoard
# Timeout: 2000000000
# First Move Timeout: 30000
# Date: Thu Apr 09 00:37:49 EDT 2020
# Player 1: Player-0, '260729805', running on macbook-pro-5.local
# Player 2: Player-1, 'RandomPlayer', running on macbook-pro-5.local
START Player-0 260729805
START Player-1 RandomPlayer
BoardInit:Tile:9,Tile:8,Tile:5,Tile:8,Tile:7,Tile:0,Tile:13,Tile:5,Tile:11,Tile:5,Tile:7,Map,Malus,Bonus,Map,Tile:9,Tile:7,Tile:6,Tile:3,Tile:0,Tile:0,Bonus,Tile:8,Tile:7,Tile:7,Tile:5,Tile:10,Tile:4,Tile:14,Map,Tile:8,Tile:12,Tile:8,Tile:1,Tile:10,Tile:6,Tile:9,Destroy,Tile:9,Bonus,Bonus-Tile:10,Destroy,Tile:6,Tile:2,Map,Destroy,Tile:6-Tile:15,Tile:0,Tile:9,Map,Malus,Map,Tile:6-Tile:hidden2,Tile:nugget,Tile:hidden1
Tile:2 4 5 1
Map 12 3 0
Tile:6_flip 6 5 1
Map 12 5 0
Tile:6 4 6 1
Tile:0 7 5 0
Tile:9 3 6 1
Tile:6 8 5 0
Tile:5 8 4 1
Tile:0 9 5 0
Drop 3 0 1
Tile:15 5 4 0
Tile:11_flip 5 6 1
Drop 6 0 0
Tile:13 3 5 1
Drop 6 0 0
Tile:10 6 6 1
Drop 6 0 0
Tile:7_flip 2 5 1
Drop 6 0 0
Tile:7 10 5 1
Tile:9 10 6 0
Tile:7 2 4 1
Tile:5_flip 9 4 0
Drop 2 0 1
Tile:8 9 3 0
Tile:7_flip 8 3 1
Tile:8 9 2 0
Destroy 2 4 1
Tile:4_flip 6 7 0
Tile:3 11 6 1
Tile:5_flip 11 7 0
Tile:10 9 1 1
Tile:12 10 2 0
Tile:14_flip 9 0 1
Drop 6 0 0
Drop 3 0 1
Tile:5 8 2 0
Tile:9_flip 10 0 1
Destroy 6 5 0
Drop 4 0 1
Drop 6 0 0
Tile:0 10 3 1
Drop 5 0 0
Map 12 7 1
Drop 4 0 0
Tile:8 3 4 1
Drop 3 0 0
Tile:9 10 7 1
Drop 2 0 0
Tile:10 5 7 1
Drop 1 0 0
Map 12 3 1
Malus 0 0 0
Bonus 0 0 1
GAMEOVER DRAW
# Game ended: Thu Apr 09 00:38:56 EDT 2020
