# Server version 0.08 running on localhost:8123
# Game ID: 713
# Board class: Saboteur.SaboteurBoard
# Timeout: 2000000000
# First Move Timeout: 30000
# Date: Thu Apr 09 01:27:02 EDT 2020
# Player 1: Player-0, '260729805', running on localhost
# Player 2: Player-1, 'RandomPlayer', running on localhost
START Player-0 260729805
START Player-1 RandomPlayer
BoardInit:Tile:6,Tile:10,Tile:1,Map,Tile:8,Tile:12,Tile:9,Tile:9,Tile:7,Tile:11,Tile:10,Tile:6,Destroy,Malus,Map,Tile:0,Malus,Tile:4,Tile:0,Tile:5,Tile:9,Tile:5,Tile:8,Tile:14,Tile:6,Tile:13,Bonus,Destroy,Tile:6,Tile:5,Tile:8,Tile:8,Map,Destroy,Tile:7,Tile:15,Tile:7,Tile:5,Bonus,Tile:0,Bonus-Tile:7,Map,Tile:7,Tile:8,Tile:10,Tile:0,Tile:6-Tile:3,Tile:9,Bonus,Tile:9,Map,Tile:2,Map-Tile:hidden2,Tile:hidden1,Tile:nugget
Tile:6 5 6 1
Map 12 3 0
Tile:0 6 6 1
Map 12 5 0
Tile:1 7 6 1
Tile:9 5 4 0
Tile:6 6 4 1
Tile:9_flip 7 4 0
Tile:8 6 3 1
Tile:9_flip 7 3 0
Tile:8 8 6 1
Tile:10 7 2 0
Tile:7 7 1 1
Tile:6 7 5 0
Destroy 6 4 1
Tile:12_flip 4 6 0
Tile:7 8 5 1
Tile:0 6 5 0
Drop 3 0 1
Tile:4_flip 8 7 0
Map 12 7 1
Tile:5_flip 9 6 0
Drop 5 0 1
Tile:5 9 5 0
Tile:10 6 2 1
Drop 6 0 0
Tile:9 6 1 1
Drop 6 0 0
Drop 3 0 1
Destroy 8 7 0
Tile:10 6 0 1
Tile:5_flip 8 7 0
Map 12 5 1
Tile:8 5 3 0
Drop 4 0 1
Destroy 7 6 0
Tile:6 7 7 1
Drop 6 0 0
Malus 0 0 1
Bonus 0 0 0
Drop 0 0 1
Tile:5 6 7 0
Tile:7_flip 6 8 1
Tile:0 7 8 0
Map 12 5 1
Tile:3 8 8 0
Tile:7_flip 4 3 1
Tile:2_flip 8 9 0
Tile:8 10 5 1
Tile:11 10 6 0
Drop 0 0 1
Drop 1 0 0
Drop 1 0 1
Drop 0 0 0
Drop 0 0 1
GAMEOVER DRAW
# Game ended: Thu Apr 09 01:27:02 EDT 2020
