# Server version 0.08 running on 192.168.1.5:8123
# Game ID: 207
# Board class: Saboteur.SaboteurBoard
# Timeout: 2000000000
# First Move Timeout: 30000
# Date: Wed Apr 01 01:07:33 EDT 2020
# Player 1: Player-0, '260729805', running on 192.168.1.5
# Player 2: Player-1, 'RandomPlayer', running on 192.168.1.5
START Player-0 260729805
START Player-1 RandomPlayer
BoardInit:Tile:5,Tile:10,Tile:7,Tile:1,Tile:8,Map,Tile:8,Tile:14,Tile:0,Malus,Tile:5,Tile:9,Bonus,Tile:8,Tile:10,Tile:0,Tile:6,Destroy,Malus,Map,Tile:5,Map,Tile:12,Tile:6,Tile:2,Tile:9,Tile:6,Tile:6,Tile:8,Tile:7,Tile:3,Tile:11,Bonus,Tile:6,Bonus,Tile:13,Tile:0,Tile:4,Destroy,Bonus,Map-Destroy,Tile:7,Tile:9,Tile:9,Map,Map,Tile:15-Tile:7,Tile:9,Tile:5,Tile:7,Tile:10,Tile:8,Tile:0-Tile:hidden2,Tile:hidden1,Tile:nugget
Map 12 5 1
Tile:7 6 5 0
Tile:9_flip 6 6 1
Tile:9 6 7 0
Tile:15 5 4 1
Tile:8 7 7 0
Tile:7 8 7 1
Tile:7_flip 8 8 0
Tile:8 6 8 1
Tile:0 9 8 0
Map 12 5 1
Tile:5_flip 10 8 0
Tile:9 7 6 1
Tile:9 10 7 0
Tile:5_flip 8 6 1
Tile:8 11 7 0
GAMEOVER WINNER 0
# Game ended: Wed Apr 01 01:07:46 EDT 2020
