# Server version 0.08 running on localhost:8123
# Game ID: 974
# Board class: Saboteur.SaboteurBoard
# Timeout: 2000000000
# First Move Timeout: 30000
# Date: Sat Apr 11 02:36:30 EDT 2020
# Player 1: Player-0, '260729805', running on localhost
# Player 2: Player-1, 'RandomPlayer', running on localhost
START Player-0 260729805
START Player-1 RandomPlayer
BoardInit:Tile:0,Tile:8,Map,Tile:8,Map,Tile:0,Tile:9,Tile:6,Tile:9,Tile:9,Tile:14,Tile:10,Tile:5,Tile:2,Tile:9,Tile:7,Tile:7,Destroy,Tile:9,Tile:11,Tile:8,Tile:10,Malus,Tile:10,Tile:6,Tile:6,Tile:5,Bonus,Map,Tile:6,Tile:3,Destroy,Tile:7,Bonus,Map,Tile:5,Tile:6,Tile:8,Tile:1,Map,Tile:4-Tile:8,Tile:5,Tile:0,Tile:12,Tile:13,Tile:7,Malus-Map,Bonus,Bonus,Destroy,Tile:7,Tile:15,Tile:0-Tile:hidden2,Tile:hidden1,Tile:nugget
Drop 3 0 1
Tile:7 6 5 0
Tile:0 4 5 1
Destroy 4 5 0
Tile:13 6 6 1
Tile:8 5 4 0
Malus 0 0 1
Bonus 0 0 0
Tile:9 4 5 1
Tile:0 6 4 0
Tile:9 4 4 1
Tile:0 7 4 0
Tile:7_flip 4 6 1
Tile:6 8 4 0
Tile:14_flip 8 3 1
Tile:8 9 4 0
Tile:5 5 3 1
Tile:7 10 4 0
Tile:9 10 5 1
Destroy 10 4 0
Tile:7_flip 10 6 1
Tile:9_flip 10 4 0
Tile:8 10 3 1
Tile:10 9 5 0
Map 12 5 1
Tile:10 9 6 0
Tile:0 6 3 1
Tile:6 11 5 0
Tile:6 9 7 1
Tile:10 12 4 0
Drop 3 0 1
Map 12 7 0
Tile:9 10 2 1
Destroy 12 4 0
Tile:5_flip 7 6 1
Tile:6 11 3 0
Tile:5 8 7 1
Tile:5_flip 12 6 0
Map 12 7 1
Tile:8 13 5 0
Tile:6_flip 10 7 1
Map 12 7 0
Tile:3 13 4 1
Tile:2 11 7 0
Tile:7 4 3 1
Tile:15 11 8 0
Tile:4_flip 10 8 1
Tile:11 11 9 0
Tile:1 13 3 1
Drop 2 0 0
Malus 0 0 1
Bonus 0 0 0
Drop 0 0 1
Drop 0 0 0
Map 12 7 1
GAMEOVER DRAW
# Game ended: Sat Apr 11 02:36:32 EDT 2020
