# Server version 0.08 running on macbook-pro-5.local:8123
# Game ID: 884
# Board class: Saboteur.SaboteurBoard
# Timeout: 2000000000
# First Move Timeout: 30000
# Date: Sat Apr 11 00:32:51 EDT 2020
# Player 1: Player-0, '260729805', running on macbook-pro-5.local
# Player 2: Player-1, 'Human', running on macbook-pro-5.local
START Player-0 260729805
START Player-1 Human
BoardInit:Bonus,Tile:9,Tile:7,Tile:7,Tile:1,Map,Tile:0,Tile:0,Tile:13,Malus,Tile:10,Map,Tile:8,Map,Map,Tile:6,Tile:7,Tile:2,Tile:5,Tile:10,Tile:4,Tile:8,Tile:8,Tile:8,Tile:8,Tile:8,Map,Tile:6,Tile:12,Map,Malus,Tile:8,Bonus,Malus,Map,Tile:9,Tile:8,Tile:14,Tile:8,Tile:8,Destroy,Tile:3,Tile:9,Tile:8,Destroy,Tile:8,Tile:6,Tile:5,Tile:7,Destroy,Tile:5,Bonus,Bonus,Map,Map,Tile:8,Map,Tile:0,Tile:6,Tile:8,Map,Tile:8,Tile:10,Map,Tile:9,Tile:0,Map,Tile:15,Tile:8,Tile:11,Tile:8-Malus,Tile:7,Tile:5,Malus,Bonus,Tile:8,Bonus-Tile:9,Tile:6,Tile:8,Tile:8,Bonus,Tile:8,Map-Tile:hidden2,Tile:hidden1,Tile:nugget
Tile:8 6 5 1
Map 12 5 0
Tile:7 7 5 1
Tile:6 7 6 0
Tile:7 8 6 1
Tile:7_flip 8 7 0
Drop 6 0 1
Map 12 3 0
Tile:0 9 7 1
Tile:9 6 6 0
Malus 0 0 1
Bonus 0 0 0
Drop 5 0 1
Malus 0 0 0
Bonus 0 0 1
Map 12 7 0
Tile:8 10 7 1
Map 12 7 0
Tile:7 11 7 1
