# Server version 0.08 running on localhost:8123
# Game ID: 808
# Board class: Saboteur.SaboteurBoard
# Timeout: 2000000000
# First Move Timeout: 30000
# Date: Thu Apr 09 02:24:07 EDT 2020
# Player 1: Player-0, '260729805', running on localhost
# Player 2: Player-1, 'RandomPlayer', running on localhost
START Player-0 260729805
START Player-1 RandomPlayer
BoardInit:Tile:5,Tile:14,Tile:6,Tile:4,Tile:6,Tile:13,Tile:9,Map,Bonus,Destroy,Bonus,Tile:0,Tile:7,Tile:5,Destroy,Tile:7,Tile:1,Tile:7,Map,Tile:2,Destroy,Bonus,Tile:7,Map,Tile:9,Tile:6,Tile:5,Malus,Tile:7,Map,Tile:6,Tile:11,Map,Tile:8,Tile:10,Tile:15,Tile:9,Map,Tile:3,Tile:8,Tile:12-Tile:0,Tile:9,Tile:0,Tile:6,Tile:5,Tile:8,Tile:10-Tile:10,Tile:0,Tile:9,Bonus,Tile:8,Malus,Tile:8-Tile:nugget,Tile:hidden2,Tile:hidden1
Tile:5_flip 6 5 1
Tile:10 6 4 0
Tile:0 4 5 1
Tile:9 6 3 0
Drop 1 0 1
Tile:0 7 3 0
Tile:8 6 2 1
Tile:8 8 3 0
Tile:9_flip 5 6 1
Map 12 3 0
Tile:6_flip 9 3 1
Tile:8 9 4 0
Tile:6 5 2 1
Tile:0 10 4 0
Drop 3 0 1
Tile:5_flip 10 3 0
Tile:5 4 6 1
Tile:7 11 4 0
Destroy 5 6 1
Tile:7 10 2 0
Tile:10 5 4 1
Tile:4_flip 11 5 0
Tile:1 4 2 1
Destroy 11 5 0
Destroy 5 2 1
Tile:14 11 5 0
Tile:6_flip 3 5 1
Tile:6 9 2 0
Tile:5 2 5 1
Tile:2 10 5 0
Tile:9 6 1 1
Tile:13 9 1 0
Tile:6_flip 9 0 1
Tile:11 9 5 0
Tile:7_flip 8 1 1
Tile:8 8 4 0
Tile:10 3 6 1
Tile:15 10 6 0
Tile:9_flip 2 6 1
Drop 6 0 0
Tile:3 5 3 1
Tile:8 6 0 0
Tile:7_flip 3 2 1
Drop 5 0 0
Tile:12 10 0 1
Drop 4 0 0
Map 12 3 1
Drop 3 0 0
Drop 1 0 1
Drop 2 0 0
Tile:7_flip 4 7 1
Drop 1 0 0
Map 12 3 1
Drop 0 0 0
Drop 0 0 1
GAMEOVER DRAW
# Game ended: Thu Apr 09 02:24:42 EDT 2020
