# Server version 0.08 running on macbook-pro-5.local:8123
# Game ID: 907
# Board class: Saboteur.SaboteurBoard
# Timeout: 2000000000
# First Move Timeout: 30000
# Date: Sat Apr 11 01:45:14 EDT 2020
# Player 1: Player-0, '260729805', running on macbook-pro-5.local
# Player 2: Player-1, 'Human', running on macbook-pro-5.local
START Player-0 260729805
START Player-1 Human
BoardInit:Tile:8,Map,Map,Tile:14,Map,Tile:8,Tile:8,Tile:9,Tile:4,Tile:14,Tile:14,Bonus,Tile:9,Tile:14,Tile:8,Tile:14,Tile:8,Bonus,Tile:0,Destroy,Tile:9,Map,Tile:5,Tile:10,Map,Tile:0,Tile:9,Tile:2,Destroy,Malus,Tile:8,Malus,Tile:14,Tile:6,Destroy,Tile:14,Tile:14,Bonus,Map,Map,Tile:14,Tile:10,Tile:7,Bonus,Tile:14,Tile:13,Map,Tile:14,Map,Tile:3,Bonus,Malus,Tile:14,Map,Tile:5,Map,Bonus,Tile:0,Tile:14,Map,Tile:14,Bonus,Tile:9,Tile:8,Tile:15,Tile:14,Map,Tile:12,Tile:0,Destroy,Map,Map,Tile:8,Tile:14,Map,Tile:14,Tile:7,Tile:6,Tile:14,Tile:14,Map,Tile:8,Tile:8,Map,Tile:11,Tile:1,Map,Tile:5,Map,Tile:14-Tile:10,Map,Malus,Tile:14,Malus,Tile:6,Tile:6-Map,Tile:7,Tile:7,Tile:5,Map,Tile:6,Tile:7-Tile:hidden1,Tile:nugget,Tile:hidden2
Tile:6 6 5 1
Map 12 3 0
Tile:6 7 5 1
Map 12 5 0
Tile:8 8 5 1
Tile:7 9 5 0
Map 12 7 1
Tile:7_flip 9 6 0
Map 12 5 1
Tile:5_flip 10 6 0
Drop 6 0 1
Tile:6_flip 8 4 0
Drop 2 0 1
Tile:9_flip 8 6 0
Tile:9 10 5 1
Tile:8 11 5 0
GAMEOVER WINNER 0
# Game ended: Sat Apr 11 01:45:43 EDT 2020
