# Server version 0.08 running on localhost:8123
# Game ID: 409
# Board class: Saboteur.SaboteurBoard
# Timeout: 2000000000
# First Move Timeout: 30000
# Date: Sat Apr 04 02:01:43 EDT 2020
# Player 1: Player-0, '260729805', running on localhost
# Player 2: Player-1, 'Human', running on localhost
START Player-0 260729805
START Player-1 Human
BoardInit:Tile:8,Tile:9,Tile:15,Bonus,Destroy,Malus,Tile:0,Tile:8,Map,Tile:7,Tile:6,Tile:7,Tile:2,Tile:0,Tile:8,Tile:6,Tile:0,Map,Tile:9,Tile:8,Destroy,Tile:6,Tile:5,Map,Tile:10,Tile:5,Tile:6,Tile:7,Tile:13,Tile:9,Tile:1,Destroy,Tile:4,Bonus,Tile:7,Tile:5,Tile:9,Tile:5,Tile:8,Tile:0,Bonus-Tile:10,Map,Bonus,Tile:11,Map,Tile:10,Tile:12-Malus,Map,Tile:3,Tile:7,Tile:6,Tile:9,Tile:14-Tile:nugget,Tile:hidden1,Tile:hidden2
Map 12 5 1
Map 12 3 0
Tile:8 6 5 1
Malus 0 0 0
Bonus 0 0 1
Tile:3 5 4 0
Tile:10 6 6 1
Tile:7 7 5 0
Tile:10 7 6 1
Tile:9 7 7 0
Tile:0 8 7 1
Tile:9_flip 9 7 0
Tile:6 9 8 1
Tile:8 9 6 0
Drop 3 0 1
Tile:6 4 4 0
Tile:8 10 6 1
Tile:14 5 6 0
Tile:0 11 6 1
Tile:7 12 6 0
Tile:9 10 5 1
Tile:6_flip 11 7 0
Destroy 12 6 1
Tile:7_flip 11 8 0
