# Server version 0.08 running on localhost:8123
# Game ID: 380
# Board class: Saboteur.SaboteurBoard
# Timeout: 2000000000
# First Move Timeout: 30000
# Date: Sat Apr 04 00:31:05 EDT 2020
# Player 1: Player-0, '260729805', running on localhost
# Player 2: Player-1, 'RandomPlayer', running on localhost
START Player-0 260729805
START Player-1 RandomPlayer
BoardInit:Tile:10,Bonus,Tile:11,Tile:12,Tile:14,Bonus,Tile:5,Destroy,Map,Tile:6,Tile:2,Tile:8,Tile:7,Tile:8,Tile:8,Tile:6,Map,Destroy,Tile:0,Tile:6,Tile:7,Tile:6,Tile:13,Tile:9,Map,Tile:0,Tile:1,Tile:9,Bonus,Tile:8,Tile:4,Tile:9,Tile:5,Tile:6,Malus,Tile:0,Tile:15,Tile:7,Tile:3,Destroy,Tile:8-Tile:7,Map,Tile:10,Map,Map,Tile:5,Tile:10-Tile:7,Tile:0,Bonus,Tile:9,Malus,Tile:5,Tile:9-Tile:nugget,Tile:hidden1,Tile:hidden2
Drop 3 0 1
Tile:7 6 5 0
Tile:7 5 4 1
Tile:5_flip 6 6 0
Drop 3 0 1
Tile:0 4 5 0
Drop 2 0 1
Tile:12_flip 4 4 0
Drop 3 0 1
Destroy 6 5 0
Tile:11 5 6 1
Tile:6_flip 6 5 0
Map 12 3 1
Drop 6 0 0
Map 12 3 1
Drop 6 0 0
Tile:5_flip 5 7 1
Tile:6 7 5 0
Tile:2 8 5 1
Destroy 8 5 0
Drop 4 0 1
Tile:9_flip 8 5 0
Tile:10 8 4 1
Tile:9 8 6 0
Tile:14_flip 4 7 1
Tile:9_flip 9 6 0
Tile:10 4 8 1
Tile:6 9 7 0
Drop 5 0 1
Tile:9 9 5 0
Drop 3 0 1
Tile:8 8 3 0
Tile:13 10 7 1
Tile:9 9 4 0
Tile:5 10 6 1
Tile:6 10 4 0
Map 12 5 1
Tile:6_flip 9 3 0
Tile:7_flip 3 5 1
Tile:7_flip 8 7 0
Tile:4 8 2 1
Tile:0 7 3 0
Tile:1 10 5 1
Tile:0 6 3 0
Tile:3 10 3 1
Destroy 10 4 0
Drop 3 0 1
Drop 3 0 0
Drop 3 0 1
Drop 2 0 0
Tile:0 5 3 1
Drop 1 0 0
Malus 0 0 1
Bonus 0 0 0
Drop 0 0 1
GAMEOVER DRAW
# Game ended: Sat Apr 04 00:31:05 EDT 2020
