# Server version 0.08 running on localhost:8123
# Game ID: 511
# Board class: Saboteur.SaboteurBoard
# Timeout: 2000000000
# First Move Timeout: 30000
# Date: Sun Apr 05 18:25:58 EDT 2020
# Player 1: Player-0, '260729805', running on localhost
# Player 2: Player-1, 'RandomPlayer', running on localhost
START Player-0 260729805
START Player-1 RandomPlayer
BoardInit:Tile:10,Destroy,Malus,Tile:1,Tile:0,Malus,Bonus,Tile:5,Map,Bonus,Tile:13,Tile:6,Map,Map,Tile:11,Tile:7,Tile:9,Tile:5,Tile:0,Tile:7,Tile:0,Destroy,Tile:0,Tile:10,Tile:8,Map,Tile:6,Tile:8,Tile:6,Tile:9,Tile:7,Tile:14,Tile:8,Tile:6,Map,Tile:3,Tile:15,Bonus,Tile:9,Tile:7,Tile:10-Destroy,Tile:8,Tile:12,Tile:9,Tile:9,Tile:6,Map-Tile:5,Bonus,Tile:5,Tile:7,Tile:8,Tile:4,Tile:2-Tile:hidden1,Tile:nugget,Tile:hidden2
Tile:6_flip 6 5 1
Tile:5_flip 6 6 0
Tile:9 5 6 1
Tile:5_flip 7 5 0
Tile:8 4 5 1
Tile:7_flip 5 7 0
Tile:0 6 7 1
Tile:2 7 7 0
Tile:9_flip 7 8 1
Tile:5_flip 4 6 0
Drop 1 0 1
Destroy 7 7 0
Destroy 7 5 1
Tile:6_flip 7 7 0
Drop 2 0 1
Map 12 3 0
Map 12 7 1
Tile:7_flip 3 6 0
Tile:11 3 5 1
Tile:5_flip 8 7 0
Tile:10 3 4 1
Tile:8 8 6 0
Tile:13 8 5 1
Tile:7_flip 7 6 0
Tile:9_flip 9 5 1
Tile:10 7 9 0
Drop 3 0 1
Map 12 5 0
Drop 5 0 1
Tile:8 9 6 0
Tile:6_flip 7 5 1
Tile:9_flip 10 6 0
Tile:6_flip 6 8 1
Destroy 8 5 0
Tile:0 5 8 1
Tile:6 10 7 0
Tile:7 9 4 1
Tile:1 11 7 0
Tile:0 4 8 1
Tile:3_flip 9 7 0
Tile:8 5 4 1
Tile:7_flip 7 10 0
Map 12 5 1
Tile:4 10 5 0
Tile:10 5 3 1
Tile:14 8 10 0
Tile:9_flip 5 2 1
Drop 3 0 0
Map 12 3 1
Drop 2 0 0
Tile:15 8 9 1
Drop 1 0 0
Map 12 3 1
Drop 0 0 0
Drop 0 0 1
GAMEOVER DRAW
# Game ended: Sun Apr 05 18:27:05 EDT 2020
