# Server version 0.08 running on macbook-pro-5.local:8123
# Game ID: 1021
# Board class: Saboteur.SaboteurBoard
# Timeout: 2000000000
# First Move Timeout: 30000
# Date: Sat Apr 11 13:43:18 EDT 2020
# Player 1: Player-0, '260729805', running on localhost
# Player 2: Player-1, 'RandomPlayer', running on localhost
START Player-0 260729805
START Player-1 RandomPlayer
BoardInit:Tile:3,Tile:0,Bonus,Tile:5,Tile:0,Tile:9,Tile:10,Tile:2,Tile:8,Tile:9,Tile:6,Tile:7,Bonus,Tile:11,Tile:6,Tile:12,Tile:9,Tile:7,Tile:8,Tile:8,Tile:9,Tile:1,Tile:8,Map,Tile:0,Map,Tile:9,Tile:5,Destroy,Tile:14,Tile:7,Tile:6,Tile:8,Tile:4,Bonus,Tile:0,Tile:6,Tile:5,Tile:13,Tile:5,Tile:10-Tile:7,Map,Map,Tile:6,Bonus,Destroy,Map-Tile:15,Destroy,Malus,Tile:10,Map,Malus,Tile:7-Tile:nugget,Tile:hidden1,Tile:hidden2
Tile:7_flip 5 6 1
Map 12 3 0
Drop 1 0 1
Tile:7 6 5 0
Tile:3 5 4 1
Destroy 5 4 0
Drop 5 0 1
Tile:5 5 4 0
Tile:6 6 4 1
Tile:9_flip 7 4 0
Destroy 5 6 1
Tile:10 7 3 0
Tile:8 7 2 1
Tile:9_flip 8 2 0
Tile:10 8 3 1
Tile:7_flip 8 4 0
Tile:0 9 4 1
Tile:0 10 4 0
Drop 5 0 1
Tile:7 8 1 0
Map 12 3 1
Malus 0 0 0
Drop 5 0 1
Malus 0 0 0
Drop 0 0 1
Tile:8 11 4 0
Map 12 7 1
Tile:12 12 4 0
Drop 6 0 1
Tile:5 11 3 0
GAMEOVER WINNER 0
# Game ended: Sat Apr 11 13:43:28 EDT 2020
