# Server version 0.08 running on macbook-pro-5.local:8123
# Game ID: 726
# Board class: Saboteur.SaboteurBoard
# Timeout: 2000000000
# First Move Timeout: 30000
# Date: Thu Apr 09 01:33:15 EDT 2020
# Player 1: Player-0, '260729805', running on macbook-pro-5.local
# Player 2: Player-1, 'RandomPlayer', running on macbook-pro-5.local
START Player-0 260729805
START Player-1 RandomPlayer
BoardInit:Tile:6,Tile:8,Tile:14,Tile:0,Tile:5,Tile:7,Tile:8,Map,Tile:0,Tile:9,Tile:4,Tile:9,Tile:7,Malus,Tile:10,Tile:15,Tile:5,Tile:6,Malus,Tile:8,Destroy,Map,Tile:6,Tile:2,Tile:6,Tile:3,Tile:9,Tile:0,Bonus,Bonus,Tile:8,Tile:5,Tile:5,Tile:1,Tile:13,Tile:11,Map,Destroy,Map,Tile:12,Tile:10-Tile:7,Tile:7,Map,Tile:7,Map,Bonus,Tile:10-Tile:0,Bonus,Tile:9,Tile:9,Tile:6,Tile:8,Destroy-Tile:hidden1,Tile:hidden2,Tile:nugget
Tile:7_flip 4 5 1
Tile:0 6 5 0
Tile:7 5 4 1
Tile:6 7 5 0
Map 12 7 1
Tile:0 8 5 0
Tile:7 9 5 1
Tile:7_flip 9 6 0
Map 12 7 1
Tile:9_flip 10 6 0
Tile:8 4 4 1
Tile:9 7 4 0
Tile:10 10 7 1
Tile:8 10 8 0
Tile:5 4 3 1
Tile:8 10 9 0
Tile:0 3 4 1
Tile:9_flip 11 9 0
Drop 3 0 1
Tile:6 9 8 0
Tile:5_flip 5 3 1
Tile:9 11 10 0
Tile:10 10 5 1
Tile:8 12 10 0
Tile:6 11 11 1
Tile:2 13 10 0
Tile:14_flip 10 11 1
Destroy 13 10 0
Tile:7 11 8 1
Tile:15 12 9 0
Tile:9_flip 12 11 1
Tile:3 9 7 0
Tile:6_flip 9 9 1
Tile:5 12 8 0
Tile:8 8 9 1
Tile:0 13 8 0
Tile:13 7 9 1
Tile:1 13 10 0
Destroy 11 11 1
Destroy 12 8 0
Tile:5_flip 8 10 1
Tile:11 12 8 0
Tile:10 12 12 1
Tile:12_flip 8 7 0
Map 12 5 1
Drop 4 0 0
Map 12 3 1
Drop 3 0 0
Tile:6_flip 5 2 1
Drop 2 0 0
Drop 0 0 1
Drop 1 0 0
Malus 0 0 1
Bonus 0 0 0
Drop 0 0 1
GAMEOVER DRAW
# Game ended: Thu Apr 09 01:33:21 EDT 2020
