# Server version 0.08 running on macbook-pro-5.local:8123
# Game ID: 961
# Board class: Saboteur.SaboteurBoard
# Timeout: 2000000000
# First Move Timeout: 30000
# Date: Sat Apr 11 02:28:17 EDT 2020
# Player 1: Player-0, '260729805', running on macbook-pro-5.local
# Player 2: Player-1, 'RandomPlayer', running on macbook-pro-5.local
START Player-0 260729805
START Player-1 RandomPlayer
BoardInit:Map,Tile:1,Tile:8,Tile:2,Tile:5,Tile:6,Tile:9,Tile:6,Tile:9,Map,Tile:0,Tile:0,Tile:4,Tile:7,Tile:8,Tile:15,Map,Bonus,Malus,Tile:14,Tile:5,Tile:9,Destroy,Tile:9,Tile:8,Bonus,Tile:10,Tile:3,Tile:7,Tile:8,Destroy,Tile:10,Tile:10,Tile:13,Bonus,Tile:12,Tile:0,Map,Tile:0,Tile:7,Tile:7-Tile:6,Tile:9,Destroy,Malus,Tile:8,Map,Tile:6-Tile:5,Map,Tile:5,Tile:6,Tile:11,Tile:7,Bonus-Tile:hidden1,Tile:nugget,Tile:hidden2
Map 12 7 1
Map 12 3 0
Tile:9_flip 5 4 1
Tile:5_flip 6 5 0
Tile:6 4 5 1
Tile:5 6 4 0
Tile:6_flip 4 4 1
Tile:6 7 4 0
Tile:9_flip 7 3 1
Tile:7 8 4 0
Tile:5_flip 8 5 1
Map 12 5 0
Drop 0 0 1
Tile:6_flip 7 2 0
Drop 2 0 1
Tile:6 8 2 0
Tile:8 3 4 1
Tile:0 9 2 0
Tile:9_flip 5 3 1
Tile:7 10 2 0
Tile:8 2 4 1
Tile:14_flip 7 5 0
Tile:5 8 1 1
Tile:9 6 2 0
Destroy 8 1 1
Tile:9 8 1 0
Tile:4_flip 7 6 1
Tile:1 9 1 0
Tile:0 4 3 1
Tile:2_flip 10 1 0
Tile:8 3 3 1
Tile:8 8 0 0
Tile:8 2 3 1
Tile:10 5 6 0
Tile:7_flip 3 5 1
Tile:11_flip 11 1 0
Tile:10 11 0 1
Tile:12 9 0 0
Tile:0 1 4 1
Tile:15 11 2 0
Tile:10 11 3 1
Tile:7_flip 11 4 0
Tile:7 3 2 1
Tile:3 12 4 0
Destroy 8 0 1
Tile:13 8 0 0
Tile:0 0 4 1
Drop 3 0 0
Drop 3 0 1
Drop 2 0 0
Map 12 7 1
Drop 1 0 0
Drop 0 0 1
Drop 0 0 0
Malus 0 0 1
GAMEOVER DRAW
# Game ended: Sat Apr 11 02:28:18 EDT 2020
