# Server version 0.08 running on localhost:8123
# Game ID: 919
# Board class: Saboteur.SaboteurBoard
# Timeout: 2000000000
# First Move Timeout: 30000
# Date: Sat Apr 11 01:59:52 EDT 2020
# Player 1: Player-0, '260729805', running on localhost
# Player 2: Player-1, 'RandomPlayer', running on localhost
START Player-0 260729805
START Player-1 RandomPlayer
BoardInit:Tile:7,Map,Tile:5,Bonus,Tile:2,Tile:6,Map,Tile:14,Bonus,Tile:5,Tile:7,Tile:13,Malus,Tile:7,Malus,Destroy,Destroy,Tile:5,Tile:9,Tile:1,Tile:0,Tile:4,Tile:8,Tile:9,Tile:10,Tile:7,Tile:7,Map,Tile:15,Tile:0,Map,Tile:8,Tile:6,Tile:3,Tile:11,Tile:8,Tile:10,Tile:9,Tile:9,Destroy,Tile:6-Tile:12,Tile:6,Map,Tile:5,Tile:8,Bonus,Tile:6-Tile:0,Tile:10,Tile:0,Bonus,Tile:9,Map,Tile:8-Tile:hidden1,Tile:nugget,Tile:hidden2
Tile:6 5 6 1
Map 12 3 0
Tile:6 4 5 1
Map 12 5 0
Tile:7 4 4 1
Tile:0 6 5 0
Tile:8 3 4 1
Tile:0 7 5 0
Map 12 5 1
Tile:6 8 5 0
Tile:5 5 4 1
Tile:5_flip 9 5 0
Map 12 5 1
Tile:10 9 4 0
Tile:7 8 4 1
Tile:7 9 3 0
Tile:2 3 3 1
Destroy 9 3 0
Tile:12_flip 7 4 1
Tile:5 9 3 0
Tile:5 2 3 1
Tile:9 3 5 0
Destroy 6 5 1
Tile:4_flip 3 6 0
Tile:0 6 6 1
Tile:9_flip 6 4 0
Tile:8 10 3 1
Tile:7 7 6 0
Tile:9_flip 11 3 1
Tile:14 11 4 0
Tile:10 6 3 1
Tile:8 7 7 0
Tile:7 6 2 1
Tile:8 8 7 0
Tile:6_flip 9 7 1
Tile:3_flip 10 4 0
Tile:11 5 2 1
Tile:8 9 8 0
Tile:10 10 2 1
Tile:9_flip 10 8 0
Map 12 7 1
Destroy 10 8 0
Tile:9 5 1 1
Tile:0 10 8 0
Tile:6 8 8 1
Tile:13 10 1 0
Drop 3 0 1
Tile:1 11 1 0
Malus 0 0 1
Bonus 0 0 0
Tile:15 5 0 1
Drop 1 0 0
Drop 1 0 1
Drop 0 0 0
Drop 0 0 1
GAMEOVER DRAW
# Game ended: Sat Apr 11 01:59:53 EDT 2020
