# Server version 0.08 running on localhost:8123
# Game ID: 405
# Board class: Saboteur.SaboteurBoard
# Timeout: 2000000000
# First Move Timeout: 30000
# Date: Sat Apr 04 20:43:10 EDT 2020
# Player 1: Player-0, '260729805', running on localhost
# Player 2: Player-1, 'RandomPlayer', running on localhost
START Player-0 260729805
START Player-1 RandomPlayer
BoardInit:Tile:6,Map,Tile:10,Tile:8,Tile:3,Tile:7,Bonus,Tile:8,Tile:15,Bonus,Bonus,Tile:0,Map,Tile:7,Tile:5,Destroy,Tile:10,Tile:8,Tile:0,Tile:5,Map,Tile:4,Tile:9,Tile:13,Tile:8,Bonus,Tile:2,Tile:9,Tile:10,Map,Tile:5,Tile:9,Tile:5,Destroy,Tile:0,Tile:6,Tile:1,Tile:6,Map,Tile:14,Tile:6-Tile:7,Tile:7,Map,Tile:9,Tile:12,Tile:7,Tile:6-Tile:8,Tile:11,Malus,Tile:0,Destroy,Tile:9,Malus-Tile:hidden1,Tile:hidden2,Tile:nugget
Tile:9_flip 6 5 1
Tile:0 4 5 0
Tile:7_flip 6 6 1
Map 12 3 0
Tile:7 7 6 1
Destroy 7 6 0
Tile:3 5 4 1
Tile:7 7 6 0
Drop 0 0 1
Tile:11 7 7 0
Tile:10 5 6 1
Drop 6 0 0
Tile:7_flip 7 8 1
Tile:0 3 5 0
Tile:12_flip 4 4 1
Tile:7_flip 5 7 0
Tile:6 8 7 1
Destroy 8 7 0
Tile:6 8 7 1
Drop 6 0 0
Tile:15 8 6 1
Tile:9 6 4 0
Tile:5_flip 9 7 1
Tile:8 7 4 0
Drop 0 0 1
Tile:8 8 4 0
Map 12 7 1
Tile:8 9 4 0
Tile:2 9 3 1
Tile:9_flip 10 4 0
Tile:9 7 3 1
Map 12 5 0
Tile:10 9 5 1
Tile:9 9 6 0
Tile:5 7 2 1
Tile:5_flip 10 6 0
Tile:8 8 3 1
Tile:4_flip 7 5 0
Tile:0 8 8 1
Tile:6_flip 8 2 0
Tile:10 8 5 1
Tile:6 9 2 0
Tile:6_flip 10 3 1
Destroy 10 6 0
Drop 4 0 1
Tile:13 10 6 0
Tile:5 9 1 1
Tile:14 11 3 0
Drop 1 0 1
Drop 2 0 0
Tile:0 2 5 1
Drop 1 0 0
Map 12 3 1
Malus 0 0 0
Bonus 0 0 1
GAMEOVER DRAW
# Game ended: Sat Apr 04 20:43:11 EDT 2020
