# Server version 0.08 running on localhost:8123
# Game ID: 829
# Board class: Saboteur.SaboteurBoard
# Timeout: 2000000000
# First Move Timeout: 30000
# Date: Thu Apr 09 16:05:38 EDT 2020
# Player 1: Player-0, '260729805', running on localhost
# Player 2: Player-1, 'RandomPlayer', running on localhost
START Player-0 260729805
START Player-1 RandomPlayer
BoardInit:Tile:10,Tile:6,Tile:15,Tile:0,Tile:13,Tile:12,Tile:2,Tile:0,Tile:8,Tile:5,Destroy,Tile:10,Tile:9,Tile:7,Tile:0,Tile:7,Tile:9,Map,Tile:6,Tile:6,Bonus,Tile:4,Map,Map,Tile:8,Malus,Tile:7,Tile:8,Tile:8,Tile:0,Map,Tile:9,Tile:7,Destroy,Malus,Map,Bonus,Tile:8,Bonus,Tile:14,Map-Tile:11,Tile:6,Destroy,Tile:5,Tile:9,Tile:1,Tile:5-Bonus,Tile:9,Tile:7,Tile:3,Tile:5,Tile:10,Tile:6-Tile:nugget,Tile:hidden1,Tile:hidden2
Tile:6_flip 6 5 1
Tile:7 7 5 0
Drop 1 0 1
Tile:5_flip 7 6 0
Tile:10 5 4 1
Tile:6 6 6 0
Tile:13 5 3 1
Tile:6 5 6 0
Tile:1 4 5 1
Tile:0 6 3 0
Tile:9_flip 5 2 1
Tile:0 7 3 0
Tile:8 3 5 1
Tile:5_flip 8 3 0
Drop 3 0 1
Tile:7 8 2 0
Tile:0 4 6 1
Tile:7_flip 7 2 0
Tile:9 4 2 1
Map 12 3 0
Tile:9_flip 7 1 1
Tile:9 7 0 0
Destroy 8 3 1
Tile:6 8 3 0
Drop 4 0 1
Tile:10 5 1 0
Tile:5 2 5 1
Tile:10 5 0 0
Tile:11 6 1 1
Tile:8 9 3 0
Tile:2_flip 4 3 1
Tile:0 10 3 0
Tile:7 11 3 1
Tile:9 11 4 0
Tile:8 12 4 1
Destroy 5 2 0
Tile:7_flip 2 6 1
Tile:3 13 4 0
Tile:8 5 2 1
Tile:8 11 5 0
Drop 2 0 1
Tile:4_flip 13 5 0
Drop 6 0 1
Tile:12_flip 10 5 0
Drop 4 0 1
Tile:14 9 4 0
Map 12 5 1
Drop 3 0 0
Drop 1 0 1
Drop 2 0 0
Tile:5_flip 6 2 1
Drop 1 0 0
Malus 0 0 1
Bonus 0 0 0
Drop 0 0 1
GAMEOVER DRAW
# Game ended: Thu Apr 09 16:05:41 EDT 2020
