# Server version 0.08 running on localhost:8123
# Game ID: 944
# Board class: Saboteur.SaboteurBoard
# Timeout: 2000000000
# First Move Timeout: 30000
# Date: Sat Apr 11 02:16:17 EDT 2020
# Player 1: Player-0, '260729805', running on localhost
# Player 2: Player-1, '260729805', running on localhost
START Player-0 260729805
START Player-1 260729805
BoardInit:Tile:13,Tile:6,Tile:5,Tile:5,Tile:0,Map,Tile:0,Tile:6,Tile:15,Bonus,Malus,Tile:12,Tile:8,Tile:7,Map,Destroy,Tile:6,Map,Tile:9,Map,Tile:5,Tile:3,Bonus,Map,Tile:9,Tile:7,Tile:8,Destroy,Tile:10,Tile:8,Bonus,Tile:11,Tile:0,Tile:0,Tile:7,Malus,Map,Tile:1,Tile:10,Destroy,Tile:10-Tile:8,Tile:2,Tile:14,Tile:9,Tile:9,Bonus,Tile:7-Tile:7,Tile:8,Tile:6,Tile:4,Tile:5,Tile:6,Tile:9-Tile:hidden1,Tile:hidden2,Tile:nugget
Tile:7 6 5 1
Tile:7_flip 6 6 0
Tile:8 7 6 1
Tile:6 8 6 0
Tile:5_flip 9 6 1
Tile:5 9 5 0
Tile:9_flip 8 5 1
Map 12 3 0
Tile:9 8 4 1
Tile:6 9 4 0
Tile:0 10 4 1
Tile:6_flip 9 3 0
Malus 0 0 1
Bonus 0 0 0
Tile:8 8 3 1
Tile:5 8 2 0
Map 12 3 1
Destroy 10 4 0
Tile:0 10 4 1
Map 12 5 0
Tile:6 9 2 1
Tile:8 7 7 0
Tile:9_flip 10 2 1
Tile:6_flip 8 7 0
Tile:5 10 1 1
Tile:12 9 7 0
Tile:9_flip 11 1 1
Tile:9 8 8 0
Tile:8 11 0 1
Destroy 11 0 0
Tile:10 9 1 1
Tile:7 9 8 0
Tile:2_flip 9 9 1
Tile:8 8 9 0
Tile:0 7 3 1
Tile:4_flip 8 10 0
Tile:7 11 0 1
Malus 0 0 0
Bonus 0 0 1
Tile:7_flip 7 9 0
Map 12 5 1
Destroy 11 0 0
Tile:10 11 0 1
Tile:0 6 7 0
Tile:10 9 0 1
Tile:3 10 9 0
Tile:14_flip 7 5 1
Tile:11 10 10 0
Tile:13 11 10 1
Tile:1 12 10 0
Tile:15 11 9 1
Drop 1 0 0
Drop 1 0 1
Drop 0 0 0
Drop 0 0 1
GAMEOVER DRAW
# Game ended: Sat Apr 11 02:16:24 EDT 2020
