# Server version 0.08 running on localhost:8123
# Game ID: 373
# Board class: Saboteur.SaboteurBoard
# Timeout: 2000000000
# First Move Timeout: 30000
# Date: Sat Apr 04 00:29:42 EDT 2020
# Player 1: Player-0, '260729805', running on localhost
# Player 2: Player-1, 'RandomPlayer', running on localhost
START Player-0 260729805
START Player-1 RandomPlayer
BoardInit:Tile:10,Destroy,Tile:7,Tile:0,Tile:9,Tile:6,Tile:10,Tile:13,Tile:5,Tile:9,Tile:12,Tile:7,Tile:9,Map,Tile:7,Bonus,Destroy,Malus,Tile:8,Map,Map,Tile:6,Tile:6,Map,Tile:10,Tile:14,Map,Tile:8,Destroy,Tile:0,Tile:5,Tile:2,Tile:8,Tile:8,Tile:9,Tile:7,Tile:0,Bonus,Tile:1,Tile:15,Bonus-Tile:7,Tile:11,Map,Malus,Tile:8,Tile:6,Tile:5-Tile:9,Tile:4,Tile:6,Tile:3,Tile:0,Bonus,Tile:5-Tile:nugget,Tile:hidden2,Tile:hidden1
Map 12 3 1
Tile:6 6 5 0
Tile:5_flip 5 6 1
Tile:4 6 4 0
Tile:6_flip 7 5 1
Tile:0 8 5 0
Tile:8 4 5 1
Tile:5_flip 9 5 0
Tile:9_flip 9 4 1
Tile:6_flip 9 3 0
Tile:10 5 4 1
Tile:0 8 4 0
Tile:7_flip 7 4 1
Tile:7 7 3 0
Tile:11 4 6 1
Map 12 3 0
Tile:7_flip 4 7 1
Destroy 9 5 0
Tile:7 5 3 1
Tile:13 9 5 0
Destroy 9 3 1
Tile:9 7 6 0
Tile:9_flip 4 4 1
Tile:9 7 7 0
Tile:12 8 6 1
Tile:6_flip 8 7 0
Tile:8 3 4 1
Tile:3_flip 9 6 0
Tile:5 3 3 1
Tile:8 8 8 0
Destroy 6 5 1
Tile:0 2 4 0
Map 12 3 1
Tile:14 10 6 0
Tile:6_flip 10 5 1
Tile:8 6 5 0
Tile:9 8 9 1
Tile:7 9 7 0
Tile:5_flip 11 5 1
Tile:2 9 3 0
Tile:8 9 9 1
Tile:15 9 10 0
Tile:10 11 4 1
Drop 5 0 0
Drop 4 0 1
Drop 4 0 0
Tile:0 5 7 1
Drop 3 0 0
Malus 0 0 1
Bonus 0 0 0
Drop 1 0 1
Drop 1 0 0
Tile:10 8 10 1
Drop 0 0 0
Drop 0 0 1
GAMEOVER DRAW
# Game ended: Sat Apr 04 00:29:43 EDT 2020
