# Server version 0.08 running on localhost:8123
# Game ID: 392
# Board class: Saboteur.SaboteurBoard
# Timeout: 2000000000
# First Move Timeout: 30000
# Date: Sat Apr 04 16:59:55 EDT 2020
# Player 1: Player-0, '260729805', running on localhost
# Player 2: Player-1, 'RandomPlayer', running on localhost
START Player-0 260729805
START Player-1 RandomPlayer
BoardInit:Tile:6,Map,Tile:7,Tile:8,Tile:5,Map,Tile:11,Tile:10,Tile:2,Tile:8,Tile:4,Tile:9,Tile:7,Tile:5,Tile:10,Tile:6,Tile:5,Tile:1,Tile:9,Tile:6,Tile:15,Tile:9,Tile:7,Bonus,Destroy,Tile:0,Tile:14,Bonus,Tile:5,Tile:13,Tile:7,Tile:9,Tile:3,Map,Bonus,Map,Tile:8,Tile:9,Tile:0,Destroy,Tile:0-Tile:0,Bonus,Tile:8,Tile:8,Malus,Tile:10,Map-Map,Tile:6,Malus,Tile:12,Tile:7,Destroy,Tile:6-Tile:hidden2,Tile:hidden1,Tile:nugget
Tile:10 5 4 1
Map 12 3 0
Tile:6_flip 6 5 1
Map 12 5 0
Tile:8 7 5 1
Tile:6 8 5 0
Tile:5_flip 9 5 1
Map 12 7 0
Tile:7_flip 6 6 1
Tile:7 9 4 0
Tile:0 4 5 1
Tile:6_flip 8 4 0
Tile:8 7 4 1
Tile:12_flip 6 4 0
Tile:2 3 5 1
Tile:5_flip 7 6 0
Tile:10 7 3 1
Tile:6_flip 7 2 0
Tile:5 2 5 1
Destroy 9 5 0
Drop 4 0 1
Tile:8 9 5 0
Tile:9_flip 5 6 1
Tile:10 9 6 0
Map 12 5 1
Tile:8 9 7 0
Destroy 9 5 1
Tile:9_flip 9 5 0
Tile:14_flip 6 2 1
Tile:9 9 8 0
Tile:7 8 2 1
Tile:6 10 8 0
Drop 6 0 1
Tile:9 9 9 0
Tile:7 5 3 1
Map 12 7 0
Tile:3 10 7 1
Map 12 7 0
Tile:5 4 6 1
Tile:9 8 7 0
Tile:15 5 7 1
Tile:0 10 9 0
Tile:11_flip 4 7 1
Tile:1 11 9 0
Tile:0 11 8 1
Tile:13 12 8 0
Tile:8 4 3 1
Destroy 12 8 0
Drop 2 0 1
Drop 2 0 0
Malus 0 0 1
Bonus 0 0 0
Drop 1 0 1
Malus 0 0 0
Bonus 0 0 1
GAMEOVER DRAW
# Game ended: Sat Apr 04 16:59:56 EDT 2020
