# Server version 0.08 running on localhost:8123
# Game ID: 304
# Board class: Saboteur.SaboteurBoard
# Timeout: 2000000000
# First Move Timeout: 30000
# Date: Fri Apr 03 03:29:57 EDT 2020
# Player 1: Player-0, '260729805', running on localhost
# Player 2: Player-1, 'Human', running on localhost
START Player-0 260729805
START Player-1 Human
BoardInit:Bonus,Map,Malus,Tile:5,Tile:0,Tile:15,Tile:14,Tile:9,Map,Tile:3,Tile:9,Tile:10,Tile:7,Tile:8,Tile:6,Tile:6,Bonus,Tile:2,Tile:9,Tile:5,Tile:6,Tile:7,Tile:10,Tile:11,Tile:5,Map,Tile:8,Map,Tile:12,Tile:7,Tile:7,Tile:6,Tile:0,Malus,Map,Tile:9,Destroy,Tile:13,Bonus,Tile:7,Tile:8-Bonus,Tile:8,Tile:8,Tile:9,Tile:0,Tile:1,Tile:6-Destroy,Map,Destroy,Tile:4,Tile:0,Tile:5,Tile:10-Tile:hidden1,Tile:hidden2,Tile:nugget
Tile:0 6 5 1
Map 12 3 0
Tile:6 7 5 1
Map 12 3 0
Tile:8 8 5 1
Tile:0 9 5 0
Tile:8 8 6 1
Tile:4 8 4 0
Tile:0 9 6 1
Tile:5_flip 10 6 0
Map 12 5 1
Tile:10 8 7 0
Tile:9 8 8 1
Tile:5_flip 9 8 0
