# Server version 0.08 running on macbook-pro-5.local:8123
# Game ID: 521
# Board class: Saboteur.SaboteurBoard
# Timeout: 2000000000
# First Move Timeout: 30000
# Date: Sun Apr 05 18:47:17 EDT 2020
# Player 1: Player-0, '260729805', running on macbook-pro-5.local
# Player 2: Player-1, 'Human', running on macbook-pro-5.local
START Player-0 260729805
START Player-1 Human
BoardInit:Tile:5,Tile:0,Tile:8,Tile:7,Tile:6,Tile:5,Destroy,Tile:1,Tile:0,Tile:6,Tile:9,Malus,Tile:15,Bonus,Tile:10,Tile:3,Tile:0,Tile:6,Map,Tile:2,Tile:12,Tile:9,Malus,Map,Map,Destroy,Tile:7,Tile:11,Tile:7,Tile:8,Bonus,Tile:8,Map,Tile:10,Tile:5,Tile:0,Bonus,Tile:13,Tile:8,Destroy,Tile:4-Tile:10,Map,Tile:7,Tile:14,Bonus,Tile:6,Tile:7-Tile:9,Tile:5,Tile:6,Tile:8,Tile:9,Map,Tile:9-Tile:nugget,Tile:hidden2,Tile:hidden1
Tile:7 6 5 1
Map 12 3 0
Tile:10 6 6 1
Tile:6_flip 5 4 0
Tile:6 6 4 1
Tile:5_flip 7 4 0
Tile:5 7 3 1
Tile:0 8 3 0
Tile:8 9 3 1
Tile:7_flip 9 4 0
Destroy 6 4 1
Tile:5_flip 10 4 0
Map 12 3 1
Tile:6 6 4 0
