# Server version 0.08 running on localhost:8123
# Game ID: 923
# Board class: Saboteur.SaboteurBoard
# Timeout: 2000000000
# First Move Timeout: 30000
# Date: Sat Apr 11 02:01:29 EDT 2020
# Player 1: Player-0, '260729805', running on localhost
# Player 2: Player-1, 'RandomPlayer', running on localhost
START Player-0 260729805
START Player-1 RandomPlayer
BoardInit:Tile:10,Map,Tile:11,Bonus,Destroy,Tile:9,Tile:7,Map,Tile:8,Tile:3,Bonus,Tile:6,Tile:8,Tile:9,Map,Tile:14,Tile:6,Map,Tile:5,Tile:8,Tile:10,Tile:15,Tile:5,Tile:4,Tile:6,Map,Tile:1,Tile:0,Tile:7,Tile:6,Tile:7,Malus,Tile:8,Bonus,Bonus,Malus,Tile:0,Map,Destroy,Tile:9,Tile:10-Tile:7,Tile:2,Tile:12,Destroy,Tile:13,Tile:5,Tile:9-Tile:0,Tile:0,Tile:6,Tile:7,Tile:9,Tile:8,Tile:5-Tile:nugget,Tile:hidden2,Tile:hidden1
Tile:5_flip 6 5 1
Tile:6_flip 6 4 0
Tile:2_flip 7 4 1
Map 12 3 0
Drop 2 0 1
Tile:5 5 4 0
Destroy 6 5 1
Tile:7_flip 5 6 0
Tile:10 7 3 1
Tile:0 6 6 0
Tile:7_flip 4 5 1
Tile:0 7 6 0
Tile:12 8 6 1
Tile:6 6 5 0
Drop 2 0 1
Tile:9_flip 8 4 0
Tile:7 4 4 1
Tile:9 8 3 0
Tile:6 9 3 1
Tile:3 10 3 0
Tile:8 8 2 1
Tile:8 10 4 0
Map 12 7 1
Tile:14 11 4 0
Tile:5 11 3 1
Tile:15 10 5 0
Tile:5_flip 8 5 1
Tile:4_flip 10 6 0
Drop 5 0 1
Tile:0 7 5 0
Tile:9_flip 8 1 1
Tile:9_flip 9 2 0
Tile:7_flip 7 1 1
Malus 0 0 0
Drop 0 0 1
Tile:8 8 0 0
Drop 3 0 1
Malus 0 0 0
Bonus 0 0 1
Drop 6 0 0
Destroy 7 3 1
Tile:9 9 1 0
Drop 5 0 1
Tile:6 10 1 0
Drop 4 0 1
Drop 4 0 0
Drop 2 0 1
Drop 3 0 0
Drop 0 0 1
Drop 2 0 0
Drop 0 0 1
Drop 1 0 0
Drop 1 0 1
Drop 0 0 0
Drop 0 0 1
GAMEOVER DRAW
# Game ended: Sat Apr 11 02:01:29 EDT 2020
