# Server version 0.08 running on localhost:8123
# Game ID: 422
# Board class: Saboteur.SaboteurBoard
# Timeout: 2000000000
# First Move Timeout: 30000
# Date: Sat Apr 04 21:32:10 EDT 2020
# Player 1: Player-0, '260729805', running on localhost
# Player 2: Player-1, 'Human', running on localhost
START Player-0 260729805
START Player-1 Human
BoardInit:Tile:9,Tile:8,Bonus,Map,Tile:0,Tile:10,Destroy,Tile:9,Tile:7,Destroy,Tile:0,Tile:6,Tile:12,Tile:6,Tile:7,Tile:3,Map,Tile:15,Tile:10,Tile:8,Tile:5,Tile:5,Tile:7,Bonus,Tile:6,Tile:13,Tile:0,Tile:10,Tile:6,Map,Map,Tile:7,Tile:8,Tile:9,Malus,Tile:11,Tile:5,Tile:1,Tile:5,Tile:8,Tile:6-Bonus,Map,Tile:0,Tile:9,Tile:8,Destroy,Tile:9-Tile:7,Map,Tile:14,Bonus,Tile:2,Tile:4,Malus-Tile:nugget,Tile:hidden2,Tile:hidden1
Tile:8 6 5 1
Map 12 3 0
Tile:9 6 6 1
Tile:7 7 5 0
Map 12 7 1
Tile:4 6 4 0
Destroy 7 5 1
Tile:14 7 5 0
Tile:0 7 6 1
Tile:2 8 6 0
Destroy 8 6 1
Destroy 7 5 0
Tile:0 8 6 1
Tile:6 9 6 0
Tile:0 10 6 1
Tile:6_flip 9 5 0
Tile:7 11 6 1
Tile:8 11 7 0
Drop 4 0 1
Tile:10 12 6 0
Drop 6 0 1
Tile:9 12 4 0
GAMEOVER WINNER 0
# Game ended: Sat Apr 04 21:33:37 EDT 2020
