# Server version 0.08 running on localhost:8123
# Game ID: 546
# Board class: Saboteur.SaboteurBoard
# Timeout: 2000000000
# First Move Timeout: 30000
# Date: Sun Apr 05 19:37:42 EDT 2020
# Player 1: Player-0, '260729805', running on localhost
# Player 2: Player-1, 'RandomPlayer', running on localhost
START Player-0 260729805
START Player-1 RandomPlayer
BoardInit:Map,Tile:5,Tile:0,Tile:9,Tile:1,Tile:6,Tile:10,Map,Tile:11,Tile:4,Tile:0,Map,Tile:7,Tile:7,Tile:9,Tile:7,Tile:7,Tile:7,Tile:9,Tile:8,Bonus,Destroy,Tile:3,Tile:12,Tile:15,Tile:10,Bonus,Tile:14,Destroy,Tile:0,Bonus,Tile:6,Tile:9,Tile:8,Map,Map,Tile:0,Tile:2,Tile:6,Tile:5,Tile:8-Tile:6,Tile:6,Destroy,Tile:5,Tile:10,Tile:8,Tile:13-Malus,Map,Tile:9,Bonus,Tile:8,Malus,Tile:5-Tile:hidden1,Tile:hidden2,Tile:nugget
Tile:8 5 6 1
Map 12 3 0
Tile:6 6 5 1
Malus 0 0 0
Drop 6 0 1
Drop 5 0 0
Destroy 6 5 1
Tile:9_flip 6 6 0
Map 12 5 1
Map 12 5 0
Drop 4 0 1
Tile:9_flip 6 5 0
Drop 0 0 1
Tile:8 4 5 0
Drop 0 0 1
Tile:6 5 7 0
Drop 5 0 1
Tile:5_flip 6 7 0
Drop 3 0 1
Tile:7 4 4 0
Drop 2 0 1
Tile:7_flip 3 4 0
Drop 3 0 1
Destroy 6 7 0
Drop 5 0 1
GAMEOVER USER CANCEL UNDECIDED
# Game ended: Sun Apr 05 19:55:32 EDT 2020
