# Server version 0.08 running on localhost:8123
# Game ID: 351
# Board class: Saboteur.SaboteurBoard
# Timeout: 2000000000
# First Move Timeout: 30000
# Date: Sat Apr 04 00:09:35 EDT 2020
# Player 1: Player-0, '260729805', running on localhost
# Player 2: Player-1, 'RandomPlayer', running on localhost
START Player-0 260729805
START Player-1 RandomPlayer
BoardInit:Tile:8,Map,Map,Tile:1,Bonus,Tile:9,Destroy,Tile:9,Tile:8,Bonus,Tile:6,Map,Tile:0,Bonus,Tile:5,Tile:8,Tile:5,Tile:11,Tile:6,Tile:15,Tile:8,Malus,Tile:6,Tile:10,Tile:9,Tile:5,Tile:14,Tile:10,Tile:7,Map,Tile:0,Malus,Tile:7,Tile:13,Tile:7,Tile:5,Tile:4,Tile:7,Tile:9,Destroy,Tile:0-Tile:0,Map,Tile:7,Tile:9,Destroy,Tile:3,Tile:6-Map,Tile:8,Tile:12,Tile:6,Tile:10,Tile:2,Bonus-Tile:hidden2,Tile:nugget,Tile:hidden1
Tile:6 5 6 1
Tile:12 6 5 0
Tile:7 6 6 1
Tile:6 6 7 0
Map 12 3 1
Tile:2 7 7 0
Map 12 7 1
Tile:1 8 7 0
Destroy 5 6 1
Drop 6 0 0
Tile:8 7 8 1
Drop 6 0 0
Tile:9 5 7 1
Drop 6 0 0
Tile:3 8 8 1
Drop 6 0 0
Tile:8 5 4 1
Drop 6 0 0
Tile:5_flip 8 9 1
Tile:11_flip 9 7 0
Tile:5_flip 6 4 1
Tile:8 6 3 0
Tile:6_flip 9 6 1
Tile:9_flip 7 3 0
Tile:0 6 8 1
Tile:10 7 4 0
Tile:9_flip 7 2 1
Tile:10 7 5 0
Drop 6 0 1
Tile:10 7 1 0
Destroy 5 4 1
Tile:5 5 4 0
Tile:0 8 6 1
Tile:15 9 8 0
Tile:7_flip 9 9 1
Tile:13 10 6 0
Tile:7_flip 5 8 1
Tile:5 6 2 0
Tile:6_flip 10 9 1
Tile:7 7 0 0
Tile:9 5 6 1
Destroy 10 6 0
Tile:6 7 9 1
Drop 5 0 0
Tile:7 10 6 1
Drop 4 0 0
Tile:0 5 3 1
Drop 3 0 0
Tile:0 4 3 1
Drop 2 0 0
Tile:8 4 5 1
Drop 1 0 0
Tile:4_flip 10 7 1
Drop 0 0 0
Drop 0 0 1
GAMEOVER DRAW
# Game ended: Sat Apr 04 00:09:35 EDT 2020
