# Server version 0.08 running on localhost:8123
# Game ID: 588
# Board class: Saboteur.SaboteurBoard
# Timeout: 2000000000
# First Move Timeout: 30000
# Date: Sun Apr 05 20:59:03 EDT 2020
# Player 1: Player-0, '260729805', running on localhost
# Player 2: Player-1, '260729805', running on localhost
START Player-0 260729805
START Player-1 260729805
BoardInit:Bonus,Tile:6,Tile:0,Tile:0,Tile:5,Tile:11,Tile:5,Tile:1,Tile:7,Tile:7,Tile:15,Tile:6,Tile:9,Tile:8,Tile:5,Bonus,Tile:6,Map,Tile:3,Tile:0,Tile:7,Tile:5,Map,Tile:10,Bonus,Tile:9,Tile:2,Tile:7,Tile:9,Bonus,Destroy,Tile:14,Map,Map,Tile:9,Tile:13,Tile:6,Tile:10,Tile:12,Map,Destroy-Tile:8,Map,Tile:7,Malus,Tile:6,Tile:0,Tile:10-Tile:8,Malus,Tile:8,Destroy,Tile:4,Tile:9,Tile:8-Tile:hidden1,Tile:hidden2,Tile:nugget
Map 12 3 1
Tile:8 6 5 0
Tile:7 7 5 1
Tile:6 7 6 0
Tile:6 8 6 1
Tile:0 9 6 0
Tile:0 10 6 1
Tile:9 8 5 0
Tile:0 9 5 1
Tile:8 8 4 0
Tile:5_flip 9 4 1
Tile:7 9 3 0
Tile:5 8 3 1
Tile:6 7 4 0
Tile:7 7 3 1
Tile:8 6 6 0
Tile:5 6 4 1
Tile:8 6 7 0
Tile:6_flip 7 7 1
Map 12 5 0
Tile:8 7 8 1
Tile:0 8 7 0
Tile:7 9 7 1
Tile:5_flip 9 8 0
Map 12 5 1
Tile:10 7 9 0
Tile:9 6 8 1
Tile:9 7 10 0
Tile:10 5 4 1
Tile:7 8 10 0
Tile:9 5 6 1
Tile:4_flip 8 11 0
Destroy 8 11 1
Tile:1 8 8 0
Map 12 7 1
Destroy 8 8 0
Tile:9 8 11 1
Drop 6 0 0
Tile:6_flip 8 8 1
Tile:10 6 9 0
Tile:12 9 11 1
Drop 4 0 0
Destroy 9 11 1
Tile:11_flip 9 11 0
Tile:15 9 10 1
Drop 4 0 0
Tile:3 9 9 1
Drop 3 0 0
Tile:2_flip 9 12 1
Drop 2 0 0
Drop 2 0 1
Drop 1 0 0
Drop 1 0 1
Malus 0 0 0
Malus 0 0 1
GAMEOVER DRAW
# Game ended: Sun Apr 05 20:59:03 EDT 2020
