# Server version 0.08 running on macbook-pro-5.local:8123
# Game ID: 827
# Board class: Saboteur.SaboteurBoard
# Timeout: 2000000000
# First Move Timeout: 30000
# Date: Thu Apr 09 02:38:39 EDT 2020
# Player 1: Player-0, '260729805', running on macbook-pro-5.local
# Player 2: Player-1, 'RandomPlayer', running on macbook-pro-5.local
START Player-0 260729805
START Player-1 RandomPlayer
BoardInit:Tile:4,Tile:7,Bonus,Tile:7,Tile:8,Bonus,Destroy,Destroy,Destroy,Tile:0,Map,Tile:7,Tile:9,Tile:6,Tile:9,Tile:8,Tile:8,Tile:5,Tile:15,Tile:3,Map,Tile:6,Tile:5,Map,Tile:7,Tile:9,Malus,Tile:13,Tile:2,Tile:6,Tile:7,Tile:10,Tile:8,Bonus,Malus,Map,Tile:0,Tile:12,Tile:9,Bonus,Tile:8-Tile:11,Map,Tile:0,Tile:5,Tile:9,Tile:6,Tile:5-Tile:10,Tile:1,Tile:6,Tile:0,Tile:10,Map,Tile:14-Tile:hidden1,Tile:hidden2,Tile:nugget
Tile:6_flip 4 5 1
Map 12 3 0
Tile:5_flip 5 6 1
Tile:6 6 5 0
Tile:9_flip 6 4 1
Tile:0 7 5 0
Drop 2 0 1
Tile:7 8 5 0
Tile:8 3 5 1
Tile:7_flip 8 6 0
Tile:4_flip 3 6 1
Tile:14_flip 6 3 0
Destroy 6 5 1
Tile:7 3 4 0
Tile:11_flip 9 6 1
Destroy 3 6 0
Tile:9_flip 7 3 1
Tile:6 6 5 0
Map 12 5 1
Tile:5 5 4 0
Tile:9 3 6 1
Tile:10 9 5 0
Tile:15 7 2 1
Tile:10 9 4 0
Destroy 6 5 1
Map 12 5 0
Tile:5 2 4 1
Tile:8 6 5 0
Map 12 5 1
Tile:9 6 6 0
Tile:7_flip 7 4 1
Tile:6 6 7 0
Tile:7_flip 2 5 1
Tile:0 7 7 0
Tile:8 9 7 1
Tile:6 10 7 0
Tile:5_flip 11 7 1
Tile:10 11 6 0
Tile:2 11 5 1
Tile:12 7 6 0
Drop 4 0 1
Tile:3_flip 10 5 0
Tile:9 7 1 1
Tile:13 9 8 0
Map 12 7 1
Tile:1 10 8 0
Tile:8 9 3 1
Drop 3 0 0
Tile:8 4 6 1
Drop 2 0 0
Drop 1 0 1
Drop 1 0 0
Tile:0 8 7 1
Drop 0 0 0
Drop 0 0 1
GAMEOVER DRAW
# Game ended: Thu Apr 09 02:38:41 EDT 2020
