# Server version 0.08 running on localhost:8123
# Game ID: 382
# Board class: Saboteur.SaboteurBoard
# Timeout: 2000000000
# First Move Timeout: 30000
# Date: Sat Apr 04 00:31:20 EDT 2020
# Player 1: Player-0, '260729805', running on localhost
# Player 2: Player-1, 'RandomPlayer', running on localhost
START Player-0 260729805
START Player-1 RandomPlayer
BoardInit:Tile:8,Bonus,Tile:6,Tile:7,Tile:13,Tile:10,Tile:7,Tile:8,Bonus,Destroy,Tile:8,Tile:9,Map,Tile:0,Map,Tile:5,Tile:9,Tile:11,Tile:5,Tile:9,Malus,Tile:3,Tile:8,Tile:7,Map,Tile:7,Destroy,Tile:0,Tile:6,Tile:2,Tile:9,Tile:9,Map,Tile:5,Map,Bonus,Tile:6,Tile:1,Tile:6,Tile:4,Tile:7-Tile:8,Tile:14,Tile:0,Map,Tile:6,Tile:12,Tile:10-Tile:15,Destroy,Malus,Tile:5,Tile:0,Bonus,Tile:10-Tile:nugget,Tile:hidden2,Tile:hidden1
Map 12 3 1
Tile:5_flip 6 5 0
Tile:8 5 6 1
Tile:0 6 6 0
Tile:0 4 6 1
Tile:7 7 6 0
Tile:10 5 4 1
Destroy 7 6 0
Tile:8 7 6 1
Tile:15 7 5 0
Tile:7_flip 7 7 1
Destroy 7 5 0
Tile:6_flip 8 6 1
Drop 6 0 0
Drop 5 0 1
Tile:0 9 6 0
Tile:14 5 7 1
Tile:5_flip 10 6 0
Tile:6_flip 10 5 1
Tile:8 11 5 0
Drop 3 0 1
Tile:9_flip 12 4 0
GAMEOVER WINNER 0
# Game ended: Sat Apr 04 00:31:20 EDT 2020
