# Server version 0.08 running on macbook-pro-5.local:8123
# Game ID: 674
# Board class: Saboteur.SaboteurBoard
# Timeout: 2000000000
# First Move Timeout: 30000
# Date: Thu Apr 09 01:05:34 EDT 2020
# Player 1: Player-0, '260729805', running on macbook-pro-5.local
# Player 2: Player-1, 'RandomPlayer', running on macbook-pro-5.local
START Player-0 260729805
START Player-1 RandomPlayer
BoardInit:Tile:6,Tile:6,Tile:9,Destroy,Tile:9,Tile:6,Tile:7,Tile:7,Tile:8,Map,Bonus,Tile:3,Tile:5,Map,Tile:9,Tile:8,Tile:8,Tile:5,Tile:0,Tile:0,Tile:6,Tile:13,Tile:5,Tile:7,Bonus,Tile:9,Tile:7,Map,Malus,Destroy,Tile:14,Tile:8,Map,Tile:2,Destroy,Tile:5,Tile:9,Tile:4,Tile:12,Map,Tile:0-Tile:1,Malus,Tile:10,Tile:15,Tile:6,Tile:0,Tile:10-Map,Tile:7,Tile:10,Tile:8,Bonus,Tile:11,Bonus-Tile:hidden1,Tile:nugget,Tile:hidden2
Tile:10 5 6 1
Map 12 3 0
Drop 1 0 1
Tile:7 6 5 0
Tile:9 6 6 1
Tile:6 7 6 0
Tile:10 5 4 1
Tile:10 7 5 0
Tile:6_flip 4 5 1
Tile:6 8 6 0
Tile:8 9 6 1
Map 12 5 0
Tile:9 9 7 1
Tile:7 10 6 0
Tile:5_flip 4 6 1
Tile:8 9 5 0
Tile:1 3 5 1
Tile:8 9 4 0
Tile:9 8 5 1
Destroy 9 6 0
Drop 3 0 1
Tile:11 8 4 0
Tile:6 6 7 1
Tile:13 9 6 0
Tile:6_flip 3 6 1
Tile:3 7 4 0
Tile:8 5 7 1
Tile:9_flip 10 4 0
Tile:7_flip 6 4 1
Tile:0 7 7 0
Drop 3 0 1
Destroy 9 6 0
Tile:14_flip 8 3 1
Tile:8 9 6 0
Tile:5_flip 10 7 1
Tile:7 8 7 0
Drop 3 0 1
Tile:2 9 3 0
Destroy 8 5 1
Tile:4 5 3 0
Tile:9 8 8 1
Drop 6 0 0
Drop 0 0 1
Drop 5 0 0
Drop 4 0 1
Drop 4 0 0
Tile:0 4 7 1
Drop 3 0 0
Drop 2 0 1
Drop 2 0 0
Malus 0 0 1
Bonus 0 0 0
Drop 0 0 1
Drop 0 0 0
Drop 0 0 1
GAMEOVER DRAW
# Game ended: Thu Apr 09 01:05:35 EDT 2020
