# Server version 0.08 running on localhost:8123
# Game ID: 880
# Board class: Saboteur.SaboteurBoard
# Timeout: 2000000000
# First Move Timeout: 30000
# Date: Sat Apr 11 00:27:27 EDT 2020
# Player 1: Player-0, '260729805', running on localhost
# Player 2: Player-1, 'Human', running on localhost
START Player-0 260729805
START Player-1 Human
BoardInit:Destroy,Tile:8,Tile:5,Tile:8,Map,Bonus,Tile:0,Map,Tile:10,Tile:8,Tile:9,Tile:7,Tile:12,Destroy,Tile:6,Tile:9,Tile:8,Tile:15,Tile:9,Destroy,Bonus,Tile:3,Tile:8,Tile:1,Tile:8,Tile:4,Tile:14,Tile:0,Tile:5,Map,Map,Tile:0,Tile:10,Tile:7,Tile:8,Map,Tile:8,Malus,Malus,Map,Malus,Tile:8,Tile:8,Tile:6,Tile:8,Tile:8,Tile:6,Tile:11,Tile:8,Tile:8,Tile:8,Tile:13,Tile:8,Map,Bonus,Map,Tile:7,Tile:7,Tile:6,Map,Tile:10,Tile:8,Bonus,Map,Malus,Bonus,Map,Map,Bonus,Bonus,Map-Tile:5,Tile:9,Tile:5,Tile:9,Tile:2,Tile:7,Tile:8-Map,Malus,Tile:8,Tile:0,Tile:8,Tile:8,Tile:6-Tile:hidden2,Tile:nugget,Tile:hidden1
Tile:7 6 5 1
Malus 0 0 0
Drop 4 0 1
Tile:6 6 6 0
Drop 6 0 1
Tile:0 7 6 0
Map 12 7 1
Tile:8 8 6 0
Drop 2 0 1
Tile:8 9 6 0
Drop 6 0 1
Tile:8 10 6 0
Drop 6 0 1
Tile:7 11 6 0
Drop 6 0 1
Tile:8 11 7 0
Drop 6 0 1
Tile:9 12 6 0
GAMEOVER WINNER 0
# Game ended: Sat Apr 11 00:28:06 EDT 2020
