# Server version 0.08 running on macbook-pro-5.local:8123
# Game ID: 728
# Board class: Saboteur.SaboteurBoard
# Timeout: 2000000000
# First Move Timeout: 30000
# Date: Thu Apr 09 01:33:45 EDT 2020
# Player 1: Player-0, '260729805', running on macbook-pro-5.local
# Player 2: Player-1, 'RandomPlayer', running on macbook-pro-5.local
START Player-0 260729805
START Player-1 RandomPlayer
BoardInit:Tile:12,Tile:5,Bonus,Destroy,Tile:0,Tile:1,Tile:7,Tile:8,Map,Tile:8,Map,Tile:9,Map,Tile:0,Tile:10,Bonus,Tile:10,Map,Tile:7,Destroy,Tile:9,Tile:10,Tile:8,Tile:4,Tile:13,Tile:7,Tile:6,Map,Map,Tile:6,Tile:15,Tile:9,Tile:6,Tile:5,Tile:0,Tile:5,Tile:6,Tile:7,Tile:3,Tile:7,Tile:0-Tile:9,Malus,Tile:5,Tile:6,Tile:2,Malus,Tile:9-Tile:8,Bonus,Bonus,Tile:14,Tile:11,Tile:8,Destroy-Tile:hidden2,Tile:nugget,Tile:hidden1
Tile:5_flip 5 6 1
Tile:8 6 5 0
Tile:9 6 4 1
Tile:5_flip 7 5 0
Tile:9_flip 7 4 1
Tile:8 7 3 0
Drop 2 0 1
Tile:14 8 3 0
Tile:7_flip 6 6 1
Tile:8 7 2 0
Tile:6_flip 4 5 1
Tile:8 8 2 0
Tile:12 7 6 1
Tile:9_flip 9 2 0
Map 12 7 1
Destroy 7 6 0
Map 12 3 1
Destroy 8 3 0
Tile:10 5 4 1
Tile:11 4 6 0
Tile:10 9 3 1
Destroy 4 6 0
Tile:9_flip 8 1 1
Tile:1 7 6 0
Tile:0 3 5 1
Tile:4 5 3 0
Tile:8 6 2 1
Drop 6 0 0
Tile:7 8 6 1
Drop 6 0 0
Tile:6_flip 8 0 1
Drop 6 0 0
Tile:15 8 7 1
Drop 6 0 0
Map 12 5 1
Drop 6 0 0
Tile:6 5 2 1
Drop 6 0 0
Tile:6_flip 7 0 1
Drop 6 0 0
Tile:13 4 6 1
Drop 6 0 0
Tile:0 9 0 1
Drop 5 0 0
Malus 0 0 1
Bonus 0 0 0
Drop 3 0 1
Drop 3 0 0
Map 12 5 1
Drop 2 0 0
Tile:0 2 5 1
Drop 1 0 0
Malus 0 0 1
Bonus 0 0 0
Drop 0 0 1
GAMEOVER DRAW
# Game ended: Thu Apr 09 01:33:46 EDT 2020
