# Server version 0.08 running on macbook-pro-5.local:8123
# Game ID: 752
# Board class: Saboteur.SaboteurBoard
# Timeout: 2000000000
# First Move Timeout: 30000
# Date: Thu Apr 09 01:43:09 EDT 2020
# Player 1: Player-0, '260729805', running on localhost
# Player 2: Player-1, 'RandomPlayer', running on localhost
START Player-0 260729805
START Player-1 RandomPlayer
BoardInit:Tile:14,Tile:9,Tile:9,Tile:8,Bonus,Tile:7,Bonus,Tile:10,Tile:9,Tile:8,Tile:5,Bonus,Map,Map,Tile:6,Tile:7,Tile:5,Tile:6,Tile:9,Map,Malus,Tile:8,Tile:5,Tile:9,Tile:10,Destroy,Tile:15,Tile:6,Tile:7,Malus,Tile:6,Tile:2,Tile:10,Map,Tile:0,Tile:0,Tile:7,Tile:6,Tile:11,Tile:1,Tile:4-Tile:7,Destroy,Bonus,Tile:0,Tile:0,Map,Tile:8-Tile:3,Destroy,Tile:13,Tile:5,Tile:8,Tile:12,Map-Tile:hidden2,Tile:hidden1,Tile:nugget
Map 12 3 1
Map 12 3 0
Tile:0 6 5 1
Tile:5_flip 7 5 0
Tile:8 5 6 1
Tile:8 7 4 0
Tile:14_flip 4 6 1
Tile:7 8 4 0
Tile:9 8 5 1
Tile:9_flip 9 5 0
Tile:9 7 3 1
Tile:8 9 6 0
Tile:0 6 4 1
Tile:8 10 6 0
Destroy 7 3 1
Map 12 5 0
Drop 5 0 1
Tile:7_flip 9 7 0
Tile:5 5 4 1
Tile:6 8 6 0
Tile:6_flip 7 6 1
Tile:10 9 4 0
Tile:7_flip 5 7 1
Tile:8 7 7 0
Tile:5_flip 10 7 1
Tile:9 9 3 0
Tile:5 10 5 1
Tile:12 11 5 0
Drop 2 0 1
Tile:6 7 8 0
Tile:9_flip 4 7 1
Destroy 11 5 0
Tile:6 4 5 1
Destroy 4 6 0
Drop 4 0 1
Tile:3 11 5 0
Tile:7 8 7 1
Tile:0 6 7 0
Tile:10 4 4 1
Tile:6 8 8 0
Tile:7_flip 3 7 1
Tile:2 9 8 0
Tile:11_flip 4 3 1
Tile:1 10 8 0
Tile:0 10 3 1
Tile:13 9 9 0
Tile:10 7 3 1
Drop 3 0 0
Malus 0 0 1
Bonus 0 0 0
Tile:4 3 6 1
Drop 1 0 0
Drop 1 0 1
Drop 0 0 0
Drop 0 0 1
GAMEOVER DRAW
# Game ended: Thu Apr 09 01:43:09 EDT 2020
