# Server version 0.08 running on macbook-pro-5.local:8123
# Game ID: 1053
# Board class: Saboteur.SaboteurBoard
# Timeout: 2000000000
# First Move Timeout: 30000
# Date: Sat Apr 11 14:22:52 EDT 2020
# Player 1: Player-0, '260729805', running on macbook-pro-5.local
# Player 2: Player-1, 'RandomPlayer', running on macbook-pro-5.local
START Player-0 260729805
START Player-1 RandomPlayer
BoardInit:Tile:8,Malus,Tile:5,Tile:5,Map,Tile:8,Tile:9,Map,Tile:10,Bonus,Tile:6,Bonus,Tile:11,Tile:6,Tile:6,Tile:14,Map,Tile:0,Tile:7,Tile:7,Tile:5,Tile:0,Tile:6,Tile:9,Tile:2,Tile:3,Tile:12,Tile:15,Tile:10,Tile:4,Tile:0,Destroy,Destroy,Map,Map,Tile:7,Tile:9,Tile:9,Tile:1,Tile:13,Tile:7-Map,Tile:8,Destroy,Tile:8,Tile:0,Tile:10,Tile:5-Tile:9,Bonus,Tile:8,Tile:7,Bonus,Tile:6,Malus-Tile:nugget,Tile:hidden2,Tile:hidden1
Map 12 7 1
Malus 0 0 0
Drop 1 0 1
Malus 0 0 0
Drop 4 0 1
Tile:7 6 5 0
Map 12 5 1
Tile:6 6 6 0
Drop 1 0 1
Tile:9_flip 7 6 0
Drop 4 0 1
Tile:8 7 7 0
Drop 0 0 1
Tile:8 8 7 0
Drop 0 0 1
Tile:6 9 7 0
Drop 5 0 1
Tile:5 9 6 0
Drop 3 0 1
Tile:0 10 6 0
Map 12 7 1
Tile:7 11 6 0
Drop 0 0 1
Tile:0 10 7 0
Drop 2 0 1
Tile:9_flip 11 7 0
Drop 0 0 1
Tile:14 11 8 0
Drop 5 0 1
Tile:15 8 6 0
Drop 0 0 1
Tile:4_flip 8 8 0
Drop 6 0 1
Tile:3 8 5 0
Destroy 9 6 1
Drop 6 0 0
Drop 2 0 1
Destroy 11 8 0
Map 12 5 1
Tile:9 11 8 0
Drop 2 0 1
Tile:7 12 8 0
Drop 0 0 1
Tile:13 12 9 0
Drop 4 0 1
Drop 4 0 0
Drop 2 0 1
Drop 3 0 0
Drop 0 0 1
Drop 2 0 0
Drop 0 0 1
Drop 1 0 0
Drop 1 0 1
Drop 0 0 0
Drop 0 0 1
GAMEOVER DRAW
# Game ended: Sat Apr 11 14:22:53 EDT 2020
