# Server version 0.08 running on macbook-pro-5.local:8123
# Game ID: 701
# Board class: Saboteur.SaboteurBoard
# Timeout: 2000000000
# First Move Timeout: 30000
# Date: Thu Apr 09 01:23:03 EDT 2020
# Player 1: Player-0, '260729805', running on macbook-pro-5.local
# Player 2: Player-1, 'RandomPlayer', running on macbook-pro-5.local
START Player-0 260729805
START Player-1 RandomPlayer
BoardInit:Tile:9,Bonus,Tile:10,Map,Tile:7,Tile:10,Bonus,Tile:5,Tile:10,Malus,Tile:1,Tile:9,Tile:12,Tile:5,Tile:11,Tile:0,Tile:8,Tile:0,Map,Tile:6,Map,Tile:8,Destroy,Map,Tile:6,Destroy,Map,Map,Tile:0,Malus,Tile:14,Tile:7,Tile:5,Tile:7,Tile:6,Tile:15,Tile:8,Tile:9,Tile:4,Tile:2,Tile:8-Tile:6,Tile:8,Tile:7,Bonus,Bonus,Destroy,Tile:13-Tile:5,Tile:6,Tile:9,Tile:3,Tile:9,Tile:7,Tile:0-Tile:nugget,Tile:hidden1,Tile:hidden2
Drop 2 0 1
Tile:5_flip 6 5 0
Drop 1 0 1
Tile:6_flip 6 4 0
Tile:13 4 5 1
Map 12 3 0
Tile:7_flip 5 6 1
Tile:7 7 4 0
Tile:6_flip 3 5 1
Tile:0 6 6 0
Destroy 3 5 1
Tile:9 7 5 0
Tile:9 5 4 1
Tile:5_flip 7 6 0
Tile:10 5 3 1
Tile:5_flip 8 5 0
Tile:11 8 4 1
Tile:9 5 2 0
Drop 5 0 1
Tile:0 6 2 0
Tile:1 3 5 1
Tile:9_flip 7 2 0
Tile:8 2 5 1
Tile:6 7 3 0
Tile:10 4 4 1
Tile:8 8 3 0
Destroy 5 4 1
Tile:10 8 2 0
Drop 2 0 1
Destroy 8 4 0
Map 12 3 1
Tile:0 9 3 0
Map 12 7 1
Tile:7 4 3 0
Tile:6_flip 7 1 1
Tile:7 8 1 0
Tile:5 1 5 1
Tile:15 8 4 0
Drop 2 0 1
Tile:9 5 4 0
Tile:0 6 1 1
Tile:3 10 3 0
Tile:4_flip 1 6 1
Tile:2_flip 10 4 0
Drop 4 0 1
Drop 4 0 0
Tile:6_flip 3 3 1
Drop 3 0 0
Tile:14 3 4 1
Drop 2 0 0
Tile:8 2 4 1
Drop 1 0 0
Drop 1 0 1
Drop 0 0 0
Drop 0 0 1
GAMEOVER DRAW
# Game ended: Thu Apr 09 01:23:03 EDT 2020
