# Server version 0.08 running on macbook-pro-5.local:8123
# Game ID: 649
# Board class: Saboteur.SaboteurBoard
# Timeout: 2000000000
# First Move Timeout: 30000
# Date: Thu Apr 09 00:44:40 EDT 2020
# Player 1: Player-0, '260729805', running on macbook-pro-5.local
# Player 2: Player-1, 'RandomPlayer', running on macbook-pro-5.local
START Player-0 260729805
START Player-1 RandomPlayer
BoardInit:Tile:9,Tile:6,Tile:8,Bonus,Map,Tile:3,Bonus,Tile:10,Tile:5,Destroy,Destroy,Tile:9,Destroy,Tile:12,Tile:1,Map,Tile:0,Tile:14,Tile:4,Tile:7,Tile:5,Map,Tile:5,Map,Tile:8,Tile:8,Tile:6,Tile:6,Tile:9,Tile:7,Tile:0,Bonus,Tile:8,Malus,Tile:6,Tile:13,Tile:5,Tile:2,Map,Tile:9,Tile:8-Tile:15,Tile:9,Tile:0,Map,Bonus,Tile:10,Tile:7-Tile:0,Tile:6,Malus,Tile:10,Tile:11,Tile:7,Tile:7-Tile:hidden1,Tile:hidden2,Tile:nugget
Tile:9 5 4 1
Tile:0 6 5 0
Drop 1 0 1
Tile:6 7 5 0
Tile:9_flip 5 6 1
Tile:7 8 5 0
Drop 2 0 1
Tile:7_flip 8 6 0
Tile:7_flip 4 6 1
Tile:6 9 6 0
Tile:10 5 7 1
Tile:11 4 5 0
Drop 0 0 1
Destroy 4 5 0
Tile:8 10 6 1
Tile:12 6 4 0
Map 12 7 1
Map 12 3 0
Destroy 7 5 1
Tile:14_flip 4 5 0
Tile:1 7 5 1
Tile:3 5 3 0
Tile:5_flip 5 8 1
Drop 6 0 0
Map 12 7 1
Drop 6 0 0
Destroy 5 8 1
Drop 6 0 0
Tile:5 4 3 1
Drop 6 0 0
Tile:9 10 5 1
Tile:9_flip 11 5 0
Tile:8 10 4 1
Tile:10 5 8 0
Tile:4_flip 5 9 1
Drop 6 0 0
Tile:5_flip 4 4 1
Tile:13 9 4 0
Tile:5_flip 11 6 1
Tile:2 10 3 0
Tile:6_flip 11 4 1
Drop 6 0 0
Tile:0 11 3 1
Drop 5 0 0
Drop 4 0 1
Drop 4 0 0
Tile:8 12 4 1
Drop 3 0 0
Tile:0 3 4 1
Drop 2 0 0
Tile:6 2 4 1
Drop 1 0 0
Tile:8 13 4 1
Malus 0 0 0
Bonus 0 0 1
GAMEOVER DRAW
# Game ended: Thu Apr 09 00:44:43 EDT 2020
