# Server version 0.08 running on macbook-pro-5.local:8123
# Game ID: 730
# Board class: Saboteur.SaboteurBoard
# Timeout: 2000000000
# First Move Timeout: 30000
# Date: Thu Apr 09 01:34:03 EDT 2020
# Player 1: Player-0, '260729805', running on macbook-pro-5.local
# Player 2: Player-1, 'RandomPlayer', running on macbook-pro-5.local
START Player-0 260729805
START Player-1 RandomPlayer
BoardInit:Tile:6,Tile:8,Map,Tile:3,Tile:15,Bonus,Tile:7,Tile:0,Tile:6,Tile:9,Tile:5,Destroy,Tile:13,Tile:8,Tile:8,Destroy,Tile:1,Tile:14,Bonus,Tile:5,Tile:6,Tile:6,Tile:10,Tile:2,Malus,Tile:10,Tile:9,Destroy,Tile:9,Tile:11,Tile:6,Tile:5,Tile:5,Map,Bonus,Tile:12,Tile:7,Tile:0,Map,Bonus,Tile:9-Tile:9,Tile:0,Tile:0,Map,Tile:7,Malus,Map-Tile:10,Tile:4,Map,Tile:7,Tile:7,Tile:8,Tile:8-Tile:hidden2,Tile:nugget,Tile:hidden1
Drop 3 0 1
Tile:7 6 5 0
Tile:9 5 6 1
Tile:7_flip 5 7 0
Tile:6 4 5 1
Tile:8 6 7 0
Tile:7_flip 3 5 1
Tile:8 7 7 0
Tile:7_flip 7 8 1
Tile:0 8 7 0
Drop 1 0 1
Tile:8 9 7 0
Tile:6_flip 4 4 1
Tile:4 9 6 0
Drop 3 0 1
Destroy 9 6 0
Drop 5 0 1
Tile:3 5 4 0
Tile:15 6 8 1
Destroy 5 4 0
Map 12 7 1
Tile:14_flip 9 6 0
Tile:8 9 8 1
Drop 6 0 0
Tile:1 8 8 1
Tile:2 5 4 0
Tile:6 6 4 1
Drop 6 0 0
Drop 6 0 1
Destroy 6 5 0
Tile:5_flip 9 9 1
Tile:11_flip 10 7 0
Tile:9_flip 7 6 1
Drop 6 0 0
Tile:10 6 3 1
Drop 6 0 0
Tile:6_flip 7 4 1
Tile:12 6 5 0
Tile:5 3 4 1
Drop 6 0 0
Drop 6 0 1
Drop 6 0 0
Malus 0 0 1
Bonus 0 0 0
Tile:7 6 2 1
Drop 4 0 0
Tile:9_flip 10 8 1
Drop 3 0 0
Drop 3 0 1
Drop 2 0 0
Tile:0 8 9 1
Drop 1 0 0
Malus 0 0 1
Drop 0 0 0
Drop 0 0 1
GAMEOVER DRAW
# Game ended: Thu Apr 09 01:34:05 EDT 2020
