# Server version 0.08 running on macbook-pro-5.local:8123
# Game ID: 742
# Board class: Saboteur.SaboteurBoard
# Timeout: 2000000000
# First Move Timeout: 30000
# Date: Thu Apr 09 01:37:43 EDT 2020
# Player 1: Player-0, '260729805', running on macbook-pro-5.local
# Player 2: Player-1, 'RandomPlayer', running on macbook-pro-5.local
START Player-0 260729805
START Player-1 RandomPlayer
BoardInit:Map,Tile:6,Tile:0,Tile:0,Tile:11,Tile:2,Tile:8,Tile:5,Tile:10,Tile:6,Tile:0,Tile:10,Bonus,Tile:5,Tile:9,Destroy,Tile:7,Tile:6,Tile:0,Tile:6,Tile:15,Tile:8,Tile:8,Tile:9,Tile:12,Destroy,Map,Tile:7,Bonus,Tile:9,Destroy,Tile:8,Tile:4,Tile:5,Tile:1,Tile:10,Tile:5,Bonus,Tile:14,Map,Map-Map,Malus,Tile:3,Tile:8,Malus,Tile:6,Tile:9-Tile:9,Tile:7,Tile:7,Bonus,Tile:13,Tile:7,Map-Tile:hidden1,Tile:hidden2,Tile:nugget
Tile:9 5 4 1
Map 12 3 0
Tile:8 5 3 1
Tile:7 6 5 0
Tile:0 6 4 1
Tile:7 7 4 0
Tile:6 5 6 1
Tile:7_flip 7 5 0
Map 12 5 1
Tile:6 8 5 0
Tile:11 8 4 1
Tile:0 9 5 0
Tile:3_flip 4 5 1
Tile:5_flip 6 6 0
Malus 0 0 1
Bonus 0 0 0
Tile:0 4 6 1
Tile:6 6 3 0
Drop 1 0 1
Tile:5_flip 7 3 0
Tile:7 4 4 1
Tile:9 7 2 0
Tile:15 6 2 1
Tile:8 8 2 0
Tile:8 9 2 1
Tile:9_flip 10 2 0
Tile:8 8 1 1
Tile:10 9 3 0
Tile:10 8 0 1
Tile:13 10 5 0
Tile:12_flip 3 4 1
Tile:2 11 5 0
Tile:0 4 3 1
Destroy 11 5 0
Destroy 7 2 1
Tile:6 11 5 0
Tile:9 7 1 1
Destroy 11 5 0
Tile:5_flip 11 5 1
Tile:6_flip 11 4 0
Drop 2 0 1
Map 12 5 0
Tile:14 9 4 1
Tile:7_flip 10 6 0
Tile:4 7 0 1
Tile:9_flip 12 4 0
Map 12 3 1
Tile:5 10 4 0
Drop 2 0 1
Tile:10 8 3 0
Malus 0 0 1
Bonus 0 0 0
Drop 1 0 1
Tile:8 3 6 0
Drop 0 0 1
GAMEOVER DRAW
# Game ended: Thu Apr 09 01:37:51 EDT 2020
