# Server version 0.08 running on localhost:8123
# Game ID: 973
# Board class: Saboteur.SaboteurBoard
# Timeout: 2000000000
# First Move Timeout: 30000
# Date: Sat Apr 11 02:36:25 EDT 2020
# Player 1: Player-0, '260729805', running on localhost
# Player 2: Player-1, 'RandomPlayer', running on localhost
START Player-0 260729805
START Player-1 RandomPlayer
BoardInit:Tile:6,Bonus,Tile:8,Destroy,Tile:7,Tile:7,Tile:5,Tile:6,Tile:3,Tile:10,Tile:7,Tile:10,Tile:2,Tile:8,Tile:0,Tile:8,Bonus,Tile:9,Bonus,Destroy,Tile:9,Bonus,Malus,Map,Malus,Tile:7,Tile:9,Tile:0,Tile:12,Tile:9,Tile:4,Tile:11,Tile:5,Tile:8,Map,Map,Tile:13,Tile:6,Tile:8,Tile:5,Map-Tile:5,Tile:15,Tile:0,Tile:6,Tile:6,Tile:1,Tile:9-Map,Tile:14,Tile:10,Map,Tile:7,Destroy,Tile:0-Tile:hidden2,Tile:nugget,Tile:hidden1
Tile:6 4 5 1
Destroy 4 5 0
Tile:1 4 5 1
Tile:7 6 5 0
Tile:6_flip 3 5 1
Destroy 6 5 0
Tile:6 2 5 1
Tile:0 6 5 0
Tile:9_flip 7 5 1
Tile:7 7 4 0
Tile:7_flip 6 4 1
Tile:6 7 6 0
Tile:3 2 4 1
Tile:10 6 3 0
Tile:2 6 2 1
Tile:8 8 6 0
Tile:15 3 6 1
Tile:8 9 6 0
Tile:5 8 5 1
Tile:9_flip 10 6 0
Tile:0 1 4 1
Destroy 10 6 0
Tile:8 9 5 1
Tile:10 9 4 0
Tile:7 9 3 1
Tile:10 9 7 0
Tile:0 0 4 1
Tile:7 10 6 0
Tile:9_flip 5 6 1
Tile:0 8 3 0
Tile:12_flip 6 6 1
Tile:9 9 8 0
Tile:4 5 4 1
Tile:14 10 8 0
Tile:9 3 7 1
Tile:8 9 9 0
Tile:5_flip 3 8 1
Tile:11_flip 8 7 0
Tile:5 7 7 1
Tile:6_flip 10 9 0
Tile:8 9 10 1
Tile:5_flip 11 9 0
Drop 6 0 1
Drop 5 0 0
Drop 4 0 1
Drop 4 0 0
Tile:13 5 7 1
Drop 3 0 0
Drop 0 0 1
Drop 2 0 0
Drop 0 0 1
Drop 1 0 0
Drop 0 0 1
Drop 0 0 0
Malus 0 0 1
GAMEOVER DRAW
# Game ended: Sat Apr 11 02:36:25 EDT 2020
