# Server version 0.08 running on localhost:8123
# Game ID: 982
# Board class: Saboteur.SaboteurBoard
# Timeout: 2000000000
# First Move Timeout: 30000
# Date: Sat Apr 11 02:38:50 EDT 2020
# Player 1: Player-0, '260729805', running on localhost
# Player 2: Player-1, 'RandomPlayer', running on localhost
START Player-0 260729805
START Player-1 RandomPlayer
BoardInit:Tile:9,Tile:14,Tile:10,Map,Tile:9,Tile:6,Map,Tile:10,Tile:6,Tile:2,Malus,Tile:8,Destroy,Destroy,Tile:12,Tile:7,Tile:8,Bonus,Tile:5,Tile:9,Bonus,Malus,Tile:9,Tile:15,Tile:6,Tile:0,Tile:0,Map,Map,Tile:8,Tile:3,Tile:6,Tile:13,Map,Tile:7,Bonus,Bonus,Tile:5,Tile:10,Destroy,Tile:1-Tile:4,Tile:6,Tile:5,Tile:7,Tile:7,Tile:0,Tile:0-Tile:9,Tile:5,Tile:8,Tile:8,Tile:7,Map,Tile:11-Tile:hidden2,Tile:nugget,Tile:hidden1
Tile:0 6 5 1
Tile:5_flip 7 5 0
Tile:7_flip 4 5 1
Tile:7 7 4 0
Tile:9 5 4 1
Tile:9 5 6 0
Tile:7 5 3 1
Tile:6 6 4 0
Tile:10 5 7 1
Tile:10 6 3 0
Tile:6_flip 6 6 1
Tile:8 6 2 0
Tile:6_flip 7 2 1
Tile:8 8 2 0
Tile:9_flip 9 2 1
Destroy 9 2 0
Malus 0 0 1
Drop 4 0 0
Drop 1 0 1
Bonus 0 0 0
Tile:4 6 1 1
Tile:8 9 2 0
Drop 1 0 1
Malus 0 0 0
Destroy 6 1 1
Tile:9_flip 10 2 0
Drop 0 0 1
Tile:7_flip 10 3 0
Drop 6 0 1
Tile:0 11 3 0
Bonus 0 0 1
Tile:8 12 4 0
GAMEOVER WINNER 0
# Game ended: Sat Apr 11 02:38:50 EDT 2020
