# Server version 0.08 running on macbook-pro-5.local:8123
# Game ID: 873
# Board class: Saboteur.SaboteurBoard
# Timeout: 2000000000
# First Move Timeout: 30000
# Date: Sat Apr 11 00:15:24 EDT 2020
# Player 1: Player-0, '260729805', running on macbook-pro-5.local
# Player 2: Player-1, 'Human', running on macbook-pro-5.local
START Player-0 260729805
START Player-1 Human
BoardInit:Tile:8,Tile:5,Tile:8,Tile:8,Tile:12,Map,Tile:7,Tile:8,Bonus,Bonus,Tile:8,Tile:5,Tile:7,Tile:9,Map,Tile:6,Malus,Map,Bonus,Bonus,Malus,Malus,Map,Tile:6,Tile:0,Destroy,Tile:8,Map,Tile:10,Tile:8,Tile:8,Map,Tile:8,Tile:5,Tile:3,Malus,Tile:8,Malus,Tile:8,Tile:8,Tile:8,Map,Tile:14,Map,Tile:7,Tile:8,Bonus,Tile:7,Tile:6,Tile:7,Tile:6,Tile:8,Tile:9,Tile:0,Map,Tile:5,Tile:10,Map,Tile:10,Map,Tile:9,Destroy,Tile:8,Destroy,Tile:11,Tile:9,Tile:4,Tile:8,Map,Tile:1,Tile:6-Tile:9,Bonus,Tile:15,Tile:8,Map,Bonus,Tile:0-Tile:8,Tile:8,Tile:2,Tile:0,Tile:8,Map,Tile:13-Tile:hidden2,Tile:nugget,Tile:hidden1
Tile:0 6 5 1
Tile:0 7 5 0
Tile:8 8 5 1
Tile:5_flip 9 5 0
Tile:8 9 4 1
Tile:8 10 4 0
Drop 6 0 1
Tile:8 9 3 0
Drop 6 0 1
Tile:8 9 2 0
Drop 2 0 1
Tile:8 10 2 0
Drop 0 0 1
Tile:5 8 4 0
Drop 6 0 1
Tile:8 8 6 0
Drop 4 0 1
Tile:6_flip 9 6 0
Tile:8 9 7 1
