# Server version 0.08 running on macbook-pro-5.local:8123
# Game ID: 1046
# Board class: Saboteur.SaboteurBoard
# Timeout: 2000000000
# First Move Timeout: 30000
# Date: Sat Apr 11 14:16:39 EDT 2020
# Player 1: Player-0, '260729805', running on macbook-pro-5.local
# Player 2: Player-1, 'RandomPlayer', running on macbook-pro-5.local
START Player-0 260729805
START Player-1 RandomPlayer
BoardInit:Map,Tile:1,Tile:7,Tile:6,Tile:11,Tile:3,Tile:4,Tile:7,Bonus,Tile:5,Tile:9,Tile:15,Tile:12,Tile:6,Bonus,Tile:6,Destroy,Tile:8,Tile:0,Malus,Tile:2,Map,Bonus,Tile:9,Tile:7,Tile:14,Map,Tile:8,Destroy,Tile:8,Tile:8,Tile:7,Malus,Bonus,Map,Tile:5,Tile:0,Tile:0,Tile:13,Tile:9,Tile:9-Tile:10,Tile:10,Tile:7,Tile:5,Tile:0,Map,Tile:5-Tile:8,Tile:10,Map,Tile:6,Destroy,Tile:9,Tile:6-Tile:hidden2,Tile:nugget,Tile:hidden1
Drop 3 0 1
Map 12 3 0
Map 12 5 1
Tile:6 6 5 0
Tile:10 6 4 1
Tile:6 7 5 0
Drop 6 0 1
Tile:6 8 5 0
Tile:5_flip 5 6 1
Tile:8 9 5 0
Tile:7_flip 4 5 1
Tile:10 9 4 0
Tile:4 9 3 1
Destroy 9 3 0
Tile:0 10 5 1
Tile:6 11 5 0
GAMEOVER WINNER 0
# Game ended: Sat Apr 11 14:16:40 EDT 2020
