# Server version 0.08 running on macbook-pro-5.local:8123
# Game ID: 741
# Board class: Saboteur.SaboteurBoard
# Timeout: 2000000000
# First Move Timeout: 30000
# Date: Thu Apr 09 01:37:29 EDT 2020
# Player 1: Player-0, '260729805', running on macbook-pro-5.local
# Player 2: Player-1, 'RandomPlayer', running on macbook-pro-5.local
START Player-0 260729805
START Player-1 RandomPlayer
BoardInit:Tile:8,Tile:0,Tile:6,Bonus,Tile:1,Tile:6,Bonus,Tile:4,Destroy,Malus,Tile:9,Tile:9,Map,Tile:7,Tile:9,Tile:5,Tile:5,Tile:12,Tile:7,Tile:7,Tile:7,Tile:10,Tile:5,Tile:8,Tile:0,Bonus,Map,Malus,Bonus,Tile:15,Tile:8,Map,Tile:10,Tile:9,Tile:3,Tile:7,Tile:13,Tile:0,Tile:9,Tile:14,Tile:6-Tile:8,Tile:5,Tile:11,Tile:8,Tile:10,Tile:0,Map-Map,Destroy,Tile:6,Map,Tile:2,Tile:6,Destroy-Tile:hidden1,Tile:hidden2,Tile:nugget
Tile:10 5 6 1
Map 12 3 0
Tile:0 6 5 1
Map 12 5 0
Tile:8 4 5 1
Tile:6 7 5 0
Tile:8 7 4 1
Tile:6 8 5 0
Tile:6_flip 8 4 1
Tile:0 9 5 0
Drop 3 0 1
Tile:6 9 4 0
Tile:5 7 3 1
Tile:9_flip 10 4 0
Destroy 4 5 1
Tile:7 9 3 0
Tile:9 10 3 1
Tile:5_flip 11 3 0
Drop 5 0 1
Tile:4 10 2 0
Tile:5 4 5 1
Tile:7_flip 6 4 0
Tile:11_flip 10 5 1
Tile:10 10 6 0
Drop 4 0 1
Tile:8 5 7 0
Tile:5 4 7 1
Destroy 10 2 0
Tile:1 8 3 1
Tile:2_flip 10 7 0
Tile:7 6 3 1
Tile:12 11 7 0
Map 12 7 1
Destroy 11 7 0
Drop 4 0 1
Tile:9_flip 11 7 0
Drop 3 0 1
Tile:15 11 6 0
Tile:13 11 8 1
Tile:7 12 8 0
Tile:9 4 8 1
Tile:14 12 9 0
Tile:0 6 7 1
Tile:0 10 8 0
Tile:8 5 8 1
Drop 4 0 0
Tile:6_flip 5 3 1
Drop 3 0 0
Map 12 3 1
Drop 2 0 0
Tile:3 7 7 1
Drop 1 0 0
Tile:10 5 9 1
Drop 0 0 0
Drop 0 0 1
GAMEOVER DRAW
# Game ended: Thu Apr 09 01:37:37 EDT 2020
