# Server version 0.08 running on localhost:8123
# Game ID: 17
# Board class: Saboteur.SaboteurBoard
# Timeout: 20000
# First Move Timeout: 30000
# Date: Fri Mar 27 14:31:45 EDT 2020
# Player 1: Player-0, '260729805', running on localhost
# Player 2: Player-1, 'RandomPlayer', running on localhost
START Player-0 260729805
START Player-1 RandomPlayer
BoardInit:Tile:9,Tile:12,Tile:7,Tile:8,Tile:6,Tile:8,Tile:14,Malus,Tile:7,Tile:15,Bonus,Tile:9,Tile:6,Map,Map,Tile:6,Tile:5,Destroy,Tile:6,Tile:8,Destroy,Tile:1,Tile:0,Bonus,Map,Tile:10,Tile:10,Bonus,Tile:5,Tile:0,Tile:13,Tile:6,Tile:7,Map,Map,Tile:9,Tile:9,Malus,Tile:3,Tile:5,Bonus-Tile:10,Tile:5,Tile:2,Map,Tile:8,Tile:4,Tile:0-Tile:0,Tile:9,Destroy,Tile:11,Tile:8,Tile:7,Tile:7-Tile:nugget,Tile:hidden2,Tile:hidden1
Tile:2_flip 6 5 1
Tile:9 4 5 0
Drop 5 0 1
Tile:11_flip 5 4 0
Tile:4_flip 4 6 1
Tile:8 7 5 0
Map 12 5 1
Drop 4 0 0
Tile:6_flip 7 4 1
Tile:7_flip 5 6 0
Tile:7 8 5 1
Tile:0 6 6 0
Tile:9_flip 7 6 1
Tile:9 6 4 0
Tile:6 8 4 1
Tile:7 5 3 0
Tile:10 8 3 1
Malus 0 0 0
Map 12 7 1
Map 12 3 0
Drop 2 0 1
Drop 3 0 0
Destroy 8 3 1
Destroy 6 4 0
Drop 5 0 1
Tile:6_flip 4 4 0
Map 12 5 1
Destroy 7 4 0
Drop 6 0 1
Tile:8 3 4 0
Drop 1 0 1
Tile:8 9 4 0
Drop 4 0 1
Tile:10 8 6 0
Drop 0 0 1
Tile:0 10 4 0
Map 12 7 1
Tile:9_flip 8 3 0
Drop 0 0 1
Tile:6 7 3 0
Drop 4 0 1
Tile:5 6 4 0
Bonus 0 0 1
Tile:1 2 4 0
Drop 5 0 1
Drop 0 0 0
Tile:3_flip 9 5 1
Map 12 5 0
Tile:9_flip 3 3 1
Malus 0 0 0
Drop 0 0 1
Drop 0 0 0
Drop 1 0 1
Drop 0 0 0
Drop 0 0 1
GAMEOVER DRAW
# Game ended: Fri Mar 27 14:31:45 EDT 2020
