# Server version 0.08 running on localhost:8123
# Game ID: 1041
# Board class: Saboteur.SaboteurBoard
# Timeout: 2000000000
# First Move Timeout: 30000
# Date: Sat Apr 11 14:04:27 EDT 2020
# Player 1: Player-0, '260729805', running on localhost
# Player 2: Player-1, 'Human', running on localhost
START Player-0 260729805
START Player-1 Human
BoardInit:Tile:6,Tile:10,Tile:1,Map,Tile:5,Tile:7,Malus,Tile:14,Tile:6,Bonus,Destroy,Tile:8,Tile:0,Tile:9,Bonus,Tile:9,Tile:5,Tile:6,Tile:6,Tile:8,Destroy,Tile:7,Map,Tile:9,Map,Tile:7,Tile:13,Tile:7,Tile:0,Tile:7,Destroy,Tile:11,Tile:0,Tile:5,Tile:8,Tile:4,Bonus,Tile:15,Tile:6,Tile:9,Tile:3-Map,Map,Tile:2,Tile:8,Tile:8,Tile:10,Tile:9-Tile:12,Malus,Map,Bonus,Tile:10,Tile:5,Tile:0-Tile:nugget,Tile:hidden2,Tile:hidden1
Tile:8 6 5 1
Malus 0 0 0
Map 12 5 1
Tile:0 7 5 0
Map 12 3 1
Tile:5 6 4 0
Drop 6 0 1
Tile:7 8 5 0
Malus 0 0 1
Bonus 0 0 0
Drop 5 0 1
Tile:10 8 6 0
Destroy 6 4 1
Tile:10 8 7 0
Drop 0 0 1
Tile:8 8 8 0
Bonus 0 0 1
Map 12 3 0
Tile:6 9 8 1
Tile:9 9 7 0
Tile:0 10 7 1
Tile:8 11 7 0
Destroy 10 7 1
Tile:6 10 7 0
Tile:9 10 6 1
Tile:9 12 6 0
Drop 6 0 1
