# Server version 0.08 running on macbook-pro-5.local:8123
# Game ID: 838
# Board class: Saboteur.SaboteurBoard
# Timeout: 2000000000
# First Move Timeout: 30000
# Date: Thu Apr 09 16:33:35 EDT 2020
# Player 1: Player-0, '260729805', running on macbook-pro-5.local
# Player 2: Player-1, 'RandomPlayer', running on macbook-pro-5.local
START Player-0 260729805
START Player-1 RandomPlayer
BoardInit:Tile:14,Tile:9,Malus,Tile:10,Map,Tile:0,Tile:2,Destroy,Tile:8,Tile:10,Tile:7,Tile:15,Map,Tile:7,Tile:9,Tile:1,Tile:13,Destroy,Tile:12,Tile:9,Tile:5,Tile:6,Map,Tile:0,Tile:8,Tile:8,Tile:10,Bonus,Bonus,Tile:7,Destroy,Tile:6,Tile:11,Tile:5,Bonus,Map,Tile:6,Tile:6,Tile:7,Tile:7,Bonus-Tile:9,Malus,Map,Tile:8,Tile:5,Map,Tile:6-Tile:5,Tile:3,Tile:9,Tile:8,Tile:4,Tile:0,Tile:0-Tile:nugget,Tile:hidden1,Tile:hidden2
Tile:6 6 5 1
Tile:3_flip 4 5 0
Tile:5 4 4 1
Tile:9_flip 7 5 0
Tile:14_flip 6 4 1
Tile:4_flip 7 6 0
Tile:9_flip 5 4 1
Drop 5 0 0
Tile:8 7 4 1
Tile:5_flip 5 6 0
Drop 4 0 1
Tile:0 4 6 0
Tile:8 5 3 1
Tile:0 8 4 0
Drop 3 0 1
Destroy 6 4 0
Map 12 3 1
Tile:8 3 6 0
Tile:9_flip 3 7 1
Tile:9 2 7 0
Tile:13 2 8 1
Tile:0 6 3 0
Tile:12_flip 4 3 1
Tile:7 5 2 0
Tile:7 3 5 1
Tile:6_flip 7 3 0
Tile:2_flip 8 3 1
Tile:0 4 2 0
Map 12 3 1
Destroy 4 3 0
Malus 0 0 1
Bonus 0 0 0
Destroy 7 6 1
Drop 6 0 0
Tile:11 2 5 1
Tile:9 7 6 0
Tile:8 8 6 1
Tile:8 2 6 0
Tile:6 3 8 1
Tile:5_flip 4 8 0
Tile:5_flip 7 7 1
Tile:6_flip 3 2 0
Drop 0 0 1
Tile:7_flip 6 7 0
Tile:10 2 9 1
Tile:15 8 2 0
Map 12 7 1
Tile:7_flip 3 3 0
Tile:7_flip 2 2 1
Tile:1 9 4 0
Drop 0 0 1
Tile:10 2 1 0
Drop 1 0 1
Map 12 5 0
Drop 0 0 1
GAMEOVER DRAW
# Game ended: Thu Apr 09 16:33:35 EDT 2020
