# Server version 0.08 running on macbook-pro-5.local:8123
# Game ID: 903
# Board class: Saboteur.SaboteurBoard
# Timeout: 2000000000
# First Move Timeout: 30000
# Date: Sat Apr 11 01:20:41 EDT 2020
# Player 1: Player-0, '260729805', running on macbook-pro-5.local
# Player 2: Player-1, 'Human', running on macbook-pro-5.local
START Player-0 260729805
START Player-1 Human
BoardInit:Malus,Destroy,Tile:8,Tile:4,Tile:11,Map,Map,Destroy,Map,Destroy,Bonus,Destroy,Tile:8,Bonus,Map,Map,Tile:8,Tile:8,Destroy,Destroy,Bonus,Tile:0,Tile:8,Destroy,Tile:7,Tile:0,Bonus,Tile:9,Tile:10,Tile:5,Map,Tile:7,Tile:8,Tile:6,Tile:0,Tile:6,Tile:10,Map,Tile:6,Tile:8,Tile:9,Tile:3,Map,Destroy,Tile:15,Tile:8,Destroy,Map,Tile:5,Tile:0,Destroy,Map,Tile:13,Bonus,Malus,Malus,Tile:8,Map,Tile:8,Destroy,Map,Tile:7,Tile:8,Bonus,Tile:2,Tile:1,Map,Tile:14,Map,Map,Tile:7,Destroy,Map,Tile:8,Tile:8,Destroy,Tile:5,Map,Map,Tile:9,Tile:10,Tile:8,Tile:5,Tile:8,Tile:8,Tile:7,Tile:6,Map,Tile:8,Map,Tile:12,Malus-Destroy,Map,Map,Malus,Tile:8,Tile:9,Tile:6-Destroy,Bonus,Tile:8,Map,Tile:8,Tile:9,Tile:8-Tile:nugget,Tile:hidden2,Tile:hidden1
Tile:8 6 5 1
Map 12 3 0
Tile:9 6 6 1
Tile:8 7 5 0
Tile:8 7 6 1
Tile:8 8 5 0
Tile:6 8 6 1
Destroy 8 6 0
Tile:11 8 4 1
Destroy 8 5 0
Map 12 7 1
Destroy 7 6 0
Map 12 5 1
Destroy 7 5 0
