# Server version 0.08 running on localhost:8123
# Game ID: 135
# Board class: Saboteur.SaboteurBoard
# Timeout: 20000
# First Move Timeout: 30000
# Date: Tue Mar 31 00:58:21 EDT 2020
# Player 1: Player-0, '260729805', running on localhost
# Player 2: Player-1, 'RandomPlayer', running on localhost
START Player-0 260729805
START Player-1 RandomPlayer
BoardInit:Tile:12,Tile:2,Tile:0,Tile:6,Tile:9,Tile:7,Tile:5,Tile:0,Tile:9,Bonus,Bonus,Bonus,Tile:10,Tile:11,Tile:6,Tile:9,Tile:8,Tile:4,Map,Tile:14,Tile:6,Tile:0,Destroy,Tile:7,Malus,Tile:6,Tile:13,Tile:5,Destroy,Map,Tile:3,Malus,Tile:8,Destroy,Tile:8,Tile:10,Tile:6,Tile:0,Tile:5,Tile:7,Map-Tile:15,Tile:5,Tile:7,Map,Map,Map,Tile:10-Tile:1,Tile:7,Tile:9,Tile:8,Bonus,Tile:8,Tile:9-Tile:hidden2,Tile:nugget,Tile:hidden1
Drop 3 0 1
Tile:1 6 5 0
Tile:12 7 5 1
Tile:7 5 4 0
Map 12 3 1
Tile:9 5 6 0
Tile:7 6 6 1
Tile:8 6 7 0
Tile:0 7 7 1
Tile:8 8 7 0
Tile:9 5 7 1
Tile:9_flip 9 7 0
Tile:9 9 6 1
Tile:2 10 6 0
Tile:5_flip 8 8 1
Tile:6 11 6 0
Tile:15 10 7 1
Tile:7 11 5 0
Tile:6 5 8 1
Tile:0 12 6 0
Tile:10 8 6 1
Tile:11_flip 13 6 0
Tile:5 4 4 1
Tile:9 13 5 0
Destroy 5 4 1
Tile:4 13 4 0
Tile:8 4 5 1
Tile:0 10 5 0
Tile:10 8 5 1
Tile:14 13 7 0
Map 12 3 1
Map 12 5 0
Malus 0 0 1
Drop 6 0 0
Destroy 4 5 1
Destroy 11 5 0
Tile:8 5 4 1
Drop 6 0 0
Tile:13 4 5 1
Drop 6 0 0
Tile:6 10 8 1
Drop 6 0 0
Tile:8 11 8 1
Drop 5 0 0
Drop 5 0 1
Drop 4 0 0
Tile:3_flip 9 8 1
Drop 3 0 0
Tile:5_flip 6 4 1
Drop 2 0 0
Tile:6_flip 4 8 1
Drop 1 0 0
Map 12 3 1
Bonus 0 0 0
Drop 0 0 1
GAMEOVER DRAW
# Game ended: Tue Mar 31 00:58:23 EDT 2020
