# Server version 0.08 running on localhost:8123
# Game ID: 567
# Board class: Saboteur.SaboteurBoard
# Timeout: 2000000000
# First Move Timeout: 30000
# Date: Sun Apr 05 20:37:05 EDT 2020
# Player 1: Player-0, '260729805', running on localhost
# Player 2: Player-1, 'Human', running on localhost
START Player-0 260729805
START Player-1 Human
BoardInit:Tile:9,Tile:0,Tile:8,Map,Tile:10,Tile:5,Tile:5,Tile:9,Tile:15,Tile:0,Tile:8,Tile:6,Tile:14,Tile:6,Tile:9,Tile:9,Tile:3,Bonus,Destroy,Tile:7,Tile:6,Tile:2,Tile:10,Tile:11,Destroy,Destroy,Tile:13,Tile:0,Tile:7,Malus,Tile:7,Tile:0,Tile:12,Tile:8,Map,Bonus,Map,Tile:10,Tile:6,Malus,Map-Map,Tile:8,Tile:5,Tile:5,Tile:8,Tile:7,Tile:7-Tile:1,Map,Bonus,Tile:9,Tile:6,Tile:4,Bonus-Tile:nugget,Tile:hidden1,Tile:hidden2
Tile:8 6 5 1
Map 12 3 0
Tile:8 7 5 1
Tile:6 8 5 0
Tile:8 8 4 1
Tile:0 9 4 0
Tile:7 10 4 1
Tile:5 8 3 0
Tile:10 10 5 1
Tile:9 10 6 0
Tile:15 10 7 1
Tile:0 9 3 0
Tile:7 11 6 1
Tile:9 11 7 0
Tile:14_flip 12 6 1
Tile:6 13 7 0
Tile:8 13 6 1
Tile:6_flip 13 5 0
