# Server version 0.08 running on localhost:8123
# Game ID: 840
# Board class: Saboteur.SaboteurBoard
# Timeout: 2000000000
# First Move Timeout: 30000
# Date: Thu Apr 09 16:39:24 EDT 2020
# Player 1: Player-0, '260729805', running on localhost
# Player 2: Player-1, 'RandomPlayer', running on localhost
START Player-0 260729805
START Player-1 RandomPlayer
BoardInit:Tile:7,Tile:0,Tile:8,Tile:5,Map,Tile:3,Map,Tile:6,Tile:8,Malus,Tile:9,Tile:7,Tile:8,Tile:5,Map,Tile:7,Tile:7,Tile:8,Destroy,Tile:6,Bonus,Tile:14,Tile:2,Tile:1,Bonus,Tile:5,Map,Tile:0,Tile:6,Tile:10,Tile:9,Tile:4,Tile:0,Tile:10,Map,Bonus,Destroy,Tile:9,Tile:7,Tile:6,Malus-Bonus,Tile:8,Destroy,Tile:11,Tile:9,Tile:10,Tile:13-Tile:5,Tile:6,Tile:0,Map,Tile:15,Tile:9,Tile:12-Tile:nugget,Tile:hidden2,Tile:hidden1
Tile:8 5 6 1
Map 12 3 0
Tile:10 5 7 1
Tile:5_flip 6 5 0
Tile:13 4 5 1
Tile:6_flip 6 4 0
Drop 2 0 1
Tile:0 7 4 0
Tile:9 5 8 1
Tile:0 8 4 0
Tile:8 5 4 1
Tile:5_flip 9 4 0
Tile:7_flip 4 6 1
Tile:6_flip 9 3 0
Map 12 5 1
Tile:7 10 3 0
Destroy 7 4 1
Tile:7 6 6 0
Tile:9 10 4 1
Tile:5_flip 11 4 0
Tile:7_flip 10 5 1
Tile:9 11 3 0
Map 12 5 1
Tile:8 7 4 0
GAMEOVER WINNER 0
# Game ended: Thu Apr 09 16:39:25 EDT 2020
