# Server version 0.08 running on localhost:8123
# Game ID: 513
# Board class: Saboteur.SaboteurBoard
# Timeout: 2000000000
# First Move Timeout: 30000
# Date: Sun Apr 05 18:29:00 EDT 2020
# Player 1: Player-0, '260729805', running on localhost
# Player 2: Player-1, 'RandomPlayer', running on localhost
START Player-0 260729805
START Player-1 RandomPlayer
BoardInit:Tile:0,Destroy,Tile:8,Map,Tile:10,Tile:10,Map,Tile:13,Tile:5,Tile:9,Tile:7,Destroy,Tile:1,Malus,Tile:15,Tile:9,Map,Tile:8,Tile:7,Tile:6,Tile:11,Bonus,Tile:10,Tile:6,Tile:8,Map,Map,Tile:5,Tile:9,Tile:7,Tile:6,Tile:3,Malus,Tile:0,Tile:6,Tile:0,Tile:9,Tile:12,Tile:8,Destroy,Tile:4-Tile:14,Tile:5,Tile:7,Map,Tile:7,Tile:9,Tile:6-Bonus,Tile:2,Tile:8,Tile:5,Tile:0,Bonus,Bonus-Tile:nugget,Tile:hidden2,Tile:hidden1
Tile:6 6 5 1
Tile:5_flip 7 5 0
Tile:7 5 4 1
Tile:0 4 5 0
Tile:7_flip 3 5 1
Map 12 3 0
Drop 4 0 1
Destroy 5 4 0
Tile:9_flip 5 4 1
Tile:2_flip 5 6 0
Tile:8 5 3 1
Tile:13 7 4 0
Tile:5 3 4 1
Destroy 5 6 0
Drop 5 0 1
Drop 6 0 0
Tile:14 6 3 1
Tile:8 5 6 0
Drop 5 0 1
Tile:10 5 7 0
Map 12 7 1
Tile:9 5 8 0
Tile:7 6 2 1
Tile:9_flip 6 8 0
Tile:5 4 6 1
Tile:8 6 9 0
Drop 3 0 1
Tile:6_flip 6 6 0
Tile:8 5 9 1
Tile:6_flip 7 6 0
Tile:9_flip 6 10 1
Tile:5_flip 8 6 0
Tile:10 4 7 1
Tile:7_flip 7 7 0
Tile:11_flip 4 8 1
Tile:0 8 7 0
Tile:10 6 11 1
Tile:0 9 7 0
Tile:9_flip 7 9 1
Tile:3 10 7 0
Tile:6 4 9 1
Destroy 10 7 0
Tile:8 5 10 1
Tile:12 10 7 0
Tile:6 3 8 1
Drop 4 0 0
Tile:4 8 5 1
Drop 3 0 0
Map 12 3 1
Drop 2 0 0
Tile:1 4 4 1
Drop 1 0 0
Malus 0 0 1
Bonus 0 0 0
Map 12 5 1
GAMEOVER DRAW
# Game ended: Sun Apr 05 18:29:33 EDT 2020
