# Server version 0.08 running on localhost:8123
# Game ID: 445
# Board class: Saboteur.SaboteurBoard
# Timeout: 2000000000
# First Move Timeout: 30000
# Date: Sun Apr 05 14:41:14 EDT 2020
# Player 1: Player-0, '260729805', running on localhost
# Player 2: Player-1, 'RandomPlayer', running on localhost
START Player-0 260729805
START Player-1 RandomPlayer
BoardInit:Tile:9,Tile:5,Destroy,Tile:7,Tile:8,Map,Tile:8,Tile:6,Tile:0,Tile:13,Map,Tile:9,Tile:7,Tile:11,Tile:5,Tile:8,Tile:0,Tile:5,Destroy,Tile:9,Bonus,Tile:6,Destroy,Tile:10,Tile:6,Map,Tile:9,Tile:10,Tile:0,Malus,Tile:15,Map,Tile:3,Malus,Bonus,Tile:14,Tile:6,Map,Tile:6,Map,Bonus-Tile:10,Bonus,Tile:1,Tile:5,Tile:8,Tile:8,Tile:7-Tile:9,Tile:12,Tile:2,Tile:4,Tile:7,Tile:0,Tile:7-Tile:hidden2,Tile:hidden1,Tile:nugget
Tile:5_flip 6 5 1
Tile:4 6 4 0
Drop 1 0 1
Tile:7 5 4 0
Tile:8 5 6 1
Tile:12 6 6 0
Drop 2 0 1
Map 12 3 0
Tile:1 4 5 1
Tile:5 4 6 0
Tile:7_flip 4 7 1
Tile:6 5 7 0
Destroy 5 6 1
Tile:0 4 4 0
Drop 1 0 1
Tile:7_flip 3 4 0
Tile:10 3 3 1
Tile:7 3 2 0
Tile:5 3 5 1
Tile:5 2 2 0
Tile:8 5 6 1
Tile:9_flip 2 3 0
Drop 5 0 1
Tile:9_flip 2 4 0
Map 12 5 1
Tile:9_flip 2 5 0
Tile:0 1 4 1
Map 12 5 0
Destroy 6 5 1
Tile:8 2 6 0
Tile:0 1 3 1
Tile:10 2 7 0
Tile:6_flip 1 5 1
Tile:10 2 8 0
Tile:7 6 7 1
Tile:6 6 8 0
Tile:9 1 6 1
Tile:2 7 8 0
Tile:6_flip 5 8 1
Tile:13 8 8 0
Drop 2 0 1
Tile:11_flip 9 8 0
Tile:3 8 7 1
Tile:14_flip 9 7 0
Tile:6 0 5 1
Drop 4 0 0
Tile:15 7 9 1
Drop 3 0 0
Drop 0 0 1
Drop 2 0 0
Drop 0 0 1
Drop 1 0 0
Drop 1 0 1
Malus 0 0 0
Bonus 0 0 1
GAMEOVER DRAW
# Game ended: Sun Apr 05 14:41:15 EDT 2020
