# Server version 0.08 running on localhost:8123
# Game ID: 937
# Board class: Saboteur.SaboteurBoard
# Timeout: 2000000000
# First Move Timeout: 30000
# Date: Sat Apr 11 02:06:37 EDT 2020
# Player 1: Player-0, '260729805', running on localhost
# Player 2: Player-1, 'RandomPlayer', running on localhost
START Player-0 260729805
START Player-1 RandomPlayer
BoardInit:Tile:5,Tile:9,Tile:5,Tile:6,Tile:4,Map,Tile:9,Tile:0,Map,Tile:6,Tile:7,Tile:1,Tile:10,Malus,Bonus,Tile:5,Tile:8,Tile:2,Destroy,Tile:9,Tile:14,Tile:7,Tile:6,Tile:6,Tile:9,Tile:7,Tile:8,Tile:6,Bonus,Tile:10,Tile:9,Tile:10,Tile:0,Malus,Tile:3,Bonus,Bonus,Tile:8,Tile:0,Map,Tile:8-Map,Tile:8,Tile:15,Tile:0,Tile:5,Tile:7,Destroy-Tile:13,Destroy,Map,Tile:7,Tile:12,Tile:11,Map-Tile:hidden2,Tile:nugget,Tile:hidden1
Map 12 7 1
Map 12 3 0
Tile:5_flip 5 6 1
Map 12 5 0
Tile:7_flip 4 6 1
Destroy 4 6 0
Drop 3 0 1
Tile:7 6 5 0
Tile:5 5 4 1
Tile:6 6 4 0
Drop 1 0 1
Tile:0 7 4 0
Tile:5 6 3 1
Tile:12 8 4 0
Tile:8 4 5 1
Malus 0 0 0
Drop 0 0 1
Tile:6 7 3 0
Bonus 0 0 1
Tile:1 8 3 0
Tile:7_flip 6 6 1
Tile:9_flip 7 6 0
Tile:9_flip 7 2 1
Tile:5 7 5 0
Tile:8 4 6 1
Tile:7 8 5 0
Tile:9 8 6 1
Tile:9_flip 9 6 0
Tile:6 7 7 1
Tile:6 9 7 0
Tile:8 8 7 1
Tile:10 9 5 0
Tile:4 4 4 1
Tile:10 9 4 0
Destroy 8 6 1
Malus 0 0 0
Bonus 0 0 1
Tile:7 9 3 0
Tile:3_flip 8 8 1
Tile:8 7 1 0
Drop 2 0 1
Tile:11 8 6 0
Tile:9 3 6 1
Tile:2 9 8 0
Tile:0 10 7 1
Tile:6 8 1 0
Map 12 7 1
Tile:13 11 7 0
Tile:0 6 7 1
Drop 2 0 0
Tile:8 6 1 1
Drop 1 0 0
Tile:10 9 9 1
Drop 0 0 0
Drop 0 0 1
GAMEOVER DRAW
# Game ended: Sat Apr 11 02:06:37 EDT 2020
