# Server version 0.08 running on 192.168.1.5:8123
# Game ID: 92
# Board class: Saboteur.SaboteurBoard
# Timeout: 20000
# First Move Timeout: 30000
# Date: Mon Mar 30 19:04:38 EDT 2020
# Player 1: Player-0, '260729805', running on 192.168.1.5
# Player 2: Player-1, 'RandomPlayer', running on 192.168.1.5
START Player-0 260729805
START Player-1 RandomPlayer
BoardInit:Map,Tile:6,Tile:0,Tile:8,Bonus,Map,Tile:12,Bonus,Malus,Malus,Tile:4,Destroy,Tile:10,Tile:13,Map,Tile:5,Tile:5,Map,Tile:9,Tile:6,Bonus,Tile:9,Map,Bonus,Map,Tile:7,Tile:7,Tile:6,Tile:9,Tile:2,Tile:7,Tile:6,Tile:8,Tile:7,Tile:7,Tile:6,Tile:8,Tile:0,Tile:10,Tile:3,Tile:5-Tile:5,Tile:9,Destroy,Tile:14,Tile:0,Tile:10,Tile:8-Tile:0,Tile:9,Tile:8,Tile:15,Tile:1,Destroy,Tile:11-Tile:hidden1,Tile:hidden2,Tile:nugget
Tile:5 4 5 1
Drop 6 0 0
Tile:9 4 6 1
Drop 6 0 0
Tile:0 6 5 1
Drop 6 0 0
Tile:14_flip 5 4 1
Drop 6 0 0
Tile:8 5 6 1
Drop 6 0 0
Destroy 6 5 1
Drop 6 0 0
Drop 0 0 1
Drop 6 0 0
Tile:12 6 5 1
Drop 6 0 0
Tile:0 6 6 1
Drop 6 0 0
Map 12 3 1
Drop 6 0 0
Tile:4_flip 5 7 1
Drop 6 0 0
Tile:5_flip 6 4 1
Drop 6 0 0
Tile:9_flip 4 7 1
Drop 6 0 0
Map 12 5 1
Drop 6 0 0
Map 12 5 1
Drop 6 0 0
Tile:7 7 6 1
Drop 6 0 0
Map 12 5 1
Drop 6 0 0
Tile:9_flip 7 7 1
Drop 6 0 0
Tile:8 4 8 1
Drop 6 0 0
Tile:8 6 3 1
Drop 6 0 0
Drop 4 0 1
Drop 6 0 0
Tile:5_flip 7 8 1
