# Server version 0.08 running on macbook-pro-5.local:8123
# Game ID: 613
# Board class: Saboteur.SaboteurBoard
# Timeout: 2000000000
# First Move Timeout: 30000
# Date: Wed Apr 08 23:26:16 EDT 2020
# Player 1: Player-0, '260729805', running on macbook-pro-5.local
# Player 2: Player-1, 'RandomPlayer', running on macbook-pro-5.local
START Player-0 260729805
START Player-1 RandomPlayer
BoardInit:Tile:9,Tile:7,Tile:13,Tile:8,Bonus,Malus,Tile:6,Tile:10,Map,Tile:2,Tile:0,Tile:8,Tile:6,Map,Tile:8,Destroy,Bonus,Tile:0,Map,Tile:5,Bonus,Tile:6,Tile:7,Map,Destroy,Tile:5,Tile:12,Tile:0,Tile:14,Tile:3,Map,Tile:9,Tile:0,Tile:11,Tile:8,Tile:5,Map,Malus,Tile:7,Destroy,Tile:5-Tile:9,Tile:9,Tile:8,Tile:1,Tile:7,Tile:10,Tile:9-Tile:7,Bonus,Tile:15,Tile:4,Tile:6,Tile:6,Tile:10-Tile:hidden1,Tile:hidden2,Tile:nugget
Tile:9_flip 5 4 1
Tile:7 6 5 0
Tile:9 6 6 1
Tile:6 7 6 0
Tile:1 8 6 1
Tile:6_flip 5 3 0
Tile:9 7 5 1
Tile:7 7 4 0
Tile:6 9 6 1
Tile:8 6 3 0
Drop 3 0 1
Tile:10 6 2 0
Tile:8 9 5 1
Tile:10 6 1 0
Tile:6_flip 4 3 1
Tile:8 6 0 0
Tile:8 4 5 1
Destroy 8 6 0
Tile:0 3 5 1
Tile:0 8 5 0
Tile:7 10 6 1
Tile:5 9 4 0
Tile:13 2 5 1
Tile:6 10 4 0
Drop 0 0 1
Drop 6 0 0
Tile:7_flip 6 4 1
Tile:5_flip 7 3 0
Drop 6 0 1
Tile:0 8 6 0
Destroy 10 4 1
Drop 6 0 0
Map 12 3 1
Tile:9_flip 10 4 0
Tile:0 3 3 1
Drop 6 0 0
Drop 3 0 1
Tile:5 7 2 0
Tile:8 8 2 1
Tile:15 10 3 0
Tile:14 5 6 1
Destroy 10 3 0
Tile:5_flip 10 7 1
Tile:4 10 3 0
Drop 4 0 1
Tile:2_flip 10 5 0
Map 12 5 1
Drop 3 0 0
Map 12 3 1
Drop 2 0 0
Tile:7 2 4 1
Drop 1 0 0
Drop 1 0 1
Drop 0 0 0
Drop 0 0 1
GAMEOVER DRAW
# Game ended: Wed Apr 08 23:26:20 EDT 2020
