# Server version 0.08 running on localhost:8123
# Game ID: 640
# Board class: Saboteur.SaboteurBoard
# Timeout: 2000000000
# First Move Timeout: 30000
# Date: Thu Apr 09 00:32:44 EDT 2020
# Player 1: Player-0, '260729805', running on localhost
# Player 2: Player-1, 'Human', running on localhost
START Player-0 260729805
START Player-1 Human
BoardInit:Tile:9,Tile:1,Destroy,Tile:10,Tile:5,Tile:8,Tile:5,Tile:0,Tile:8,Tile:0,Tile:7,Tile:9,Bonus,Tile:8,Tile:11,Map,Map,Tile:6,Bonus,Destroy,Bonus,Tile:6,Map,Tile:5,Bonus,Tile:4,Tile:7,Map,Tile:9,Tile:0,Malus,Tile:9,Tile:6,Tile:10,Tile:14,Tile:15,Tile:8,Tile:0,Tile:9,Tile:7,Map-Tile:6,Tile:8,Tile:7,Map,Malus,Tile:12,Destroy-Tile:6,Tile:3,Tile:2,Tile:7,Tile:13,Tile:10,Tile:5-Tile:hidden2,Tile:nugget,Tile:hidden1
Tile:7 6 5 1
Tile:6 6 6 0
Tile:8 7 6 1
Tile:7 8 6 0
Tile:9 8 7 1
Tile:5_flip 9 7 0
Tile:5 9 6 1
Tile:3_flip 5 6 0
Tile:6 10 6 1
Tile:2 5 4 0
Tile:8 10 5 1
Tile:13 4 5 0
