# Server version 0.08 running on 192.168.1.5:8123
# Game ID: 132
# Board class: Saboteur.SaboteurBoard
# Timeout: 20000
# First Move Timeout: 30000
# Date: Tue Mar 31 00:51:40 EDT 2020
# Player 1: Player-0, '260729805', running on 192.168.1.5
# Player 2: Player-1, 'RandomPlayer', running on 192.168.1.5
START Player-0 260729805
START Player-1 RandomPlayer
BoardInit:Tile:0,Bonus,Tile:9,Tile:0,Tile:10,Map,Tile:8,Tile:14,Tile:9,Tile:8,Tile:5,Tile:7,Tile:6,Malus,Tile:6,Tile:13,Destroy,Tile:0,Tile:7,Malus,Map,Tile:10,Tile:0,Map,Tile:7,Tile:1,Bonus,Tile:9,Tile:6,Tile:11,Tile:4,Tile:6,Tile:2,Map,Tile:9,Tile:8,Tile:9,Tile:5,Bonus,Tile:7,Destroy-Tile:6,Tile:5,Tile:8,Destroy,Tile:8,Tile:12,Tile:15-Map,Tile:7,Tile:5,Tile:3,Map,Bonus,Tile:10-Tile:hidden1,Tile:nugget,Tile:hidden2
Tile:6 6 5 1
Drop 4 0 0
Tile:5 5 4 1
Drop 4 0 0
Destroy 5 4 1
Drop 4 0 0
Tile:10 5 6 1
Drop 4 0 0
Drop 2 0 1
Drop 4 0 0
Tile:0 7 5 1
Drop 4 0 0
Tile:9 6 4 1
Drop 4 0 0
Tile:9_flip 5 4 1
Drop 4 0 0
Tile:6_flip 4 4 1
Drop 4 0 0
Tile:6 7 4 1
Drop 4 0 0
Tile:8 8 4 1
Drop 4 0 0
Tile:8 8 5 1
Drop 4 0 0
Tile:5_flip 8 6 1
Drop 4 0 0
Destroy 5 4 1
Drop 4 0 0
Tile:8 9 4 1
Drop 4 0 0
Tile:0 7 6 1
Drop 4 0 0
Tile:7 5 4 1
Drop 4 0 0
Tile:2_flip 4 5 1
Drop 4 0 0
Tile:9_flip 9 5 1
Drop 4 0 0
Tile:9_flip 9 3 1
Drop 4 0 0
Tile:6_flip 3 5 1
Drop 4 0 0
Tile:7 6 3 1
Drop 4 0 0
Destroy 4 4 1
Drop 4 0 0
Tile:4_flip 5 7 1
Drop 3 0 0
Tile:15 7 3 1
Tile:7_flip 5 3 0
Map 12 3 1
Tile:5 5 2 0
Drop 1 0 1
Drop 0 0 0
Drop 0 0 1
GAMEOVER DRAW
# Game ended: Tue Mar 31 00:51:42 EDT 2020
