# Server version 0.08 running on localhost:8123
# Game ID: 448
# Board class: Saboteur.SaboteurBoard
# Timeout: 2000000000
# First Move Timeout: 30000
# Date: Sun Apr 05 15:01:42 EDT 2020
# Player 1: Player-0, '260729805', running on localhost
# Player 2: Player-1, 'RandomPlayer', running on localhost
START Player-0 260729805
START Player-1 RandomPlayer
BoardInit:Map,Tile:6,Malus,Tile:8,Map,Tile:6,Tile:9,Tile:3,Destroy,Tile:5,Tile:0,Tile:0,Tile:6,Bonus,Bonus,Tile:7,Tile:2,Tile:9,Tile:9,Bonus,Map,Tile:0,Tile:7,Tile:6,Bonus,Malus,Tile:0,Tile:8,Tile:5,Tile:15,Tile:9,Tile:7,Tile:14,Tile:8,Tile:10,Map,Tile:4,Tile:7,Tile:10,Tile:6,Tile:7-Destroy,Tile:10,Tile:5,Tile:8,Map,Tile:11,Tile:9-Tile:12,Tile:1,Map,Tile:8,Destroy,Tile:13,Tile:5-Tile:nugget,Tile:hidden1,Tile:hidden2
Tile:9 5 4 1
Map 12 3 0
Tile:8 6 4 1
Tile:5_flip 7 4 0
Tile:11 6 3 1
Tile:6_flip 7 3 0
Map 12 3 1
Tile:6 8 3 0
Tile:9_flip 8 2 1
Tile:12 9 3 0
Drop 0 0 1
Tile:5_flip 6 5 0
Tile:5 8 1 1
Tile:0 9 1 0
Destroy 6 4 1
Tile:1 10 1 0
Tile:10 6 2 1
Tile:7_flip 5 6 0
Tile:6_flip 6 6 1
Tile:8 7 6 0
Tile:2_flip 4 5 1
Tile:8 8 6 0
Tile:9 3 5 1
Tile:9_flip 9 6 0
Map 12 7 1
Tile:6_flip 9 5 0
Tile:0 10 5 1
Tile:0 11 5 0
Tile:7 3 4 1
Tile:8 12 4 0
GAMEOVER WINNER 0
# Game ended: Sun Apr 05 15:01:43 EDT 2020
