# Server version 0.08 running on localhost:8123
# Game ID: 100
# Board class: Saboteur.SaboteurBoard
# Timeout: 20000
# First Move Timeout: 30000
# Date: Mon Mar 30 21:55:21 EDT 2020
# Player 1: Player-0, '260729805', running on localhost
# Player 2: Player-1, 'RandomPlayer', running on localhost
START Player-0 260729805
START Player-1 RandomPlayer
BoardInit:Tile:12,Tile:5,Destroy,Bonus,Tile:13,Tile:0,Tile:6,Bonus,Tile:3,Map,Tile:4,Bonus,Destroy,Map,Tile:9,Tile:0,Tile:10,Map,Tile:7,Tile:9,Malus,Tile:10,Tile:6,Tile:8,Tile:10,Destroy,Tile:6,Map,Tile:8,Tile:9,Map,Tile:5,Malus,Tile:9,Tile:14,Map,Tile:7,Tile:7,Tile:1,Bonus,Tile:8-Tile:7,Tile:5,Tile:6,Tile:15,Tile:8,Tile:5,Tile:7-Tile:2,Tile:9,Tile:11,Tile:8,Tile:6,Tile:0,Tile:0-Tile:hidden2,Tile:hidden1,Tile:nugget
Tile:6 4 5 1
Tile:6_flip 6 5 0
Tile:7 5 4 1
Tile:9 5 6 0
Tile:5 4 4 1
Tile:0 7 5 0
Drop 2 0 1
Drop 2 0 0
Destroy 4 4 1
Tile:2 3 5 0
Tile:6 3 6 1
Drop 1 0 0
Tile:3 4 6 1
Drop 6 0 0
Tile:13 4 7 1
Tile:5 2 6 0
Destroy 4 5 1
Tile:0 4 5 0
Tile:12_flip 2 5 1
Tile:0 4 4 0
Tile:8 4 8 1
Tile:11 2 7 0
Tile:7_flip 4 9 1
Map 12 5 0
Drop 2 0 1
Tile:8 3 8 0
Tile:15 3 9 1
Destroy 4 7 0
Drop 0 0 1
Tile:9_flip 3 10 0
Tile:6 3 4 1
Tile:9 3 3 0
Tile:10 3 2 1
Tile:5_flip 6 6 0
Tile:6 2 10 1
Drop 0 0 0
Tile:8 1 10 1
Map 12 3 0
Tile:7 1 9 1
Tile:7_flip 3 11 0
Tile:7_flip 1 11 1
Tile:10 2 9 0
Drop 0 0 1
Map 12 7 0
Tile:14_flip 3 1 1
Map 12 3 0
Tile:8 4 1 1
Tile:9 4 2 0
Tile:10 4 0 1
Map 12 3 0
Map 12 3 1
Drop 0 0 0
Tile:1 2 4 1
Drop 0 0 0
Malus 0 0 1
GAMEOVER DRAW
# Game ended: Mon Mar 30 21:55:31 EDT 2020
