# Server version 0.08 running on localhost:8123
# Game ID: 319
# Board class: Saboteur.SaboteurBoard
# Timeout: 2000000000
# First Move Timeout: 30000
# Date: Fri Apr 03 03:40:40 EDT 2020
# Player 1: Player-0, '260729805', running on localhost
# Player 2: Player-1, 'RandomPlayer', running on localhost
START Player-0 260729805
START Player-1 RandomPlayer
BoardInit:Tile:9,Tile:5,Tile:3,Destroy,Tile:8,Tile:9,Tile:9,Tile:6,Tile:9,Map,Tile:6,Tile:0,Tile:5,Tile:10,Malus,Map,Tile:0,Bonus,Tile:0,Tile:10,Tile:2,Tile:7,Map,Tile:5,Tile:1,Destroy,Map,Tile:4,Tile:5,Tile:6,Tile:8,Malus,Tile:12,Tile:0,Map,Tile:11,Tile:7,Tile:7,Tile:6,Tile:7,Map-Bonus,Tile:13,Tile:15,Tile:9,Tile:8,Tile:7,Tile:14-Tile:10,Bonus,Bonus,Tile:8,Tile:8,Tile:6,Destroy-Tile:hidden2,Tile:nugget,Tile:hidden1
Tile:14 5 6 1
Tile:8 6 5 0
Tile:13 7 5 1
Tile:10 6 6 0
Tile:9 7 6 1
Tile:8 6 4 0
Tile:9_flip 8 6 1
Tile:6_flip 7 4 0
Tile:8 4 6 1
Tile:5_flip 8 4 0
Tile:9_flip 4 7 1
Map 12 3 0
Drop 2 0 1
Tile:9 8 3 0
Tile:9_flip 9 3 1
Tile:10 9 4 0
Tile:8 8 7 1
Map 12 3 0
Tile:5 3 7 1
Tile:6 9 5 0
Tile:15 6 3 1
Tile:10 9 2 0
Tile:3_flip 6 7 1
Tile:7 9 1 0
Tile:2 9 7 1
Tile:0 8 1 0
Tile:6_flip 5 4 1
Tile:5 7 1 0
Tile:1 4 4 1
Tile:4 8 2 0
Tile:0 3 6 1
Tile:6_flip 8 5 0
Tile:8 10 7 1
Destroy 9 5 0
Tile:5 6 2 1
Tile:0 11 7 0
Drop 3 0 1
Destroy 11 7 0
Tile:0 11 7 1
Destroy 11 7 0
Tile:7_flip 9 8 1
Tile:11_flip 11 7 0
Tile:6 9 5 1
Tile:7 10 6 0
Tile:12_flip 9 6 1
Tile:7_flip 4 8 0
Map 12 3 1
Drop 3 0 0
Malus 0 0 1
Bonus 0 0 0
Map 12 3 1
Drop 1 0 0
Map 12 3 1
Drop 0 0 0
Drop 0 0 1
GAMEOVER DRAW
# Game ended: Fri Apr 03 03:40:40 EDT 2020
