# Server version 0.08 running on 192.168.1.5:8123
# Game ID: 154
# Board class: Saboteur.SaboteurBoard
# Timeout: 2000000000
# First Move Timeout: 30000
# Date: Tue Mar 31 01:54:46 EDT 2020
# Player 1: Player-0, '260729805', running on 192.168.1.5
# Player 2: Player-1, 'Human', running on 192.168.1.5
START Player-0 260729805
START Player-1 Human
BoardInit:Tile:7,Malus,Tile:6,Tile:0,Tile:2,Tile:9,Tile:8,Tile:15,Bonus,Tile:4,Tile:3,Tile:10,Tile:9,Map,Map,Tile:7,Tile:6,Tile:9,Tile:5,Tile:5,Tile:5,Tile:12,Tile:1,Tile:0,Tile:6,Tile:10,Map,Bonus,Tile:9,Tile:8,Tile:7,Tile:11,Tile:13,Tile:8,Tile:0,Bonus,Tile:10,Tile:7,Malus,Map,Tile:8-Tile:7,Tile:6,Tile:9,Destroy,Bonus,Tile:5,Tile:8-Map,Destroy,Tile:0,Destroy,Tile:6,Map,Tile:14-Tile:nugget,Tile:hidden1,Tile:hidden2
Tile:8 6 5 1
Tile:0 7 5 0
Tile:6 8 5 1
Tile:6 9 5 0
Tile:6 10 5 1
Map 12 3 0
Drop 6 0 1
Map 12 3 0
Tile:8 11 5 1
Destroy 11 5 0
