# Server version 0.08 running on localhost:8123
# Game ID: 27
# Board class: Saboteur.SaboteurBoard
# Timeout: 20000
# First Move Timeout: 30000
# Date: Sat Mar 28 19:43:43 EDT 2020
# Player 1: Player-0, '260729805', running on localhost
# Player 2: Player-1, 'RandomPlayer', running on localhost
START Player-0 260729805
START Player-1 RandomPlayer
BoardInit:Tile:6,Bonus,Tile:9,Tile:8,Map,Tile:7,Tile:9,Tile:2,Tile:1,Tile:10,Bonus,Tile:7,Tile:10,Tile:5,Tile:7,Tile:5,Tile:15,Tile:0,Tile:9,Malus,Map,Tile:0,Tile:14,Tile:8,Tile:6,Destroy,Tile:9,Bonus,Tile:9,Tile:5,Tile:6,Tile:8,Tile:4,Tile:10,Tile:5,Tile:7,Destroy,Tile:13,Tile:3,Bonus,Map-Tile:8,Tile:6,Tile:7,Tile:6,Malus,Tile:11,Tile:8-Map,Tile:0,Map,Tile:12,Tile:0,Map,Destroy-Tile:nugget,Tile:hidden1,Tile:hidden2
Tile:11_flip 6 5 1
Map 12 3 0
Tile:6 4 5 1
Tile:0 3 5 0
Tile:8 5 4 1
Map 12 7 0
Tile:9_flip 6 6 1
Drop 2 0 0
Tile:8 6 4 1
Tile:2_flip 6 7 0
Drop 4 0 1
Tile:8 4 4 0
Tile:7 4 3 1
Destroy 4 5 0
Tile:9_flip 7 7 1
Tile:12_flip 2 5 0
Tile:10 5 3 1
Tile:7_flip 5 6 0
Drop 1 0 1
Tile:5 5 2 0
Tile:9 3 3 1
Tile:0 5 7 0
Tile:6_flip 4 7 1
Tile:5_flip 4 8 0
Tile:14_flip 3 7 1
Drop 0 0 0
Tile:6_flip 6 2 1
Tile:10 3 2 0
Tile:6_flip 3 1 1
Tile:7 7 2 0
Map 12 7 1
Drop 2 0 0
Tile:1 4 1 1
Tile:8 4 5 0
Tile:9 7 6 1
Destroy 4 1 0
Tile:5 7 5 1
Drop 3 0 0
Destroy 5 2 1
Tile:10 7 8 0
Tile:4_flip 7 9 1
Tile:8 3 8 0
Drop 0 0 1
Tile:13 8 5 0
Tile:3_flip 3 4 1
Tile:0 7 4 0
Tile:7_flip 3 9 1
Tile:7_flip 2 1 0
Tile:15 6 3 1
Malus 0 0 0
Map 12 3 1
Drop 0 0 0
Drop 1 0 1
Drop 0 0 0
Drop 0 0 1
GAMEOVER DRAW
# Game ended: Sat Mar 28 19:43:43 EDT 2020
