# Server version 0.08 running on localhost:8123
# Game ID: 414
# Board class: Saboteur.SaboteurBoard
# Timeout: 2000000000
# First Move Timeout: 30000
# Date: Sat Apr 04 02:07:29 EDT 2020
# Player 1: Player-0, '260729805', running on localhost
# Player 2: Player-1, 'Human', running on localhost
START Player-0 260729805
START Player-1 Human
BoardInit:Tile:8,Tile:0,Map,Tile:1,Tile:9,Malus,Tile:6,Tile:15,Tile:8,Destroy,Tile:10,Map,Map,Tile:7,Tile:9,Bonus,Tile:9,Tile:3,Map,Tile:5,Tile:5,Destroy,Tile:8,Tile:6,Map,Tile:8,Tile:10,Bonus,Tile:2,Tile:6,Tile:7,Tile:7,Tile:5,Tile:12,Tile:13,Tile:0,Tile:7,Tile:0,Tile:14,Tile:10,Malus-Tile:9,Tile:11,Destroy,Map,Tile:0,Tile:6,Bonus-Tile:6,Bonus,Tile:8,Tile:5,Tile:9,Tile:4,Tile:7-Tile:nugget,Tile:hidden1,Tile:hidden2
Tile:0 6 5 1
Tile:9_flip 7 5 0
Tile:6 7 6 1
Tile:8 5 6 0
Map 12 5 1
Tile:6_flip 4 6 0
Map 12 7 1
Tile:0 6 6 0
Tile:6 8 6 1
Tile:4 8 5 0
Tile:8 9 6 1
Destroy 9 6 0
Tile:8 9 6 1
Drop 4 0 0
Drop 1 0 1
Tile:7_flip 5 7 0
Drop 2 0 1
Tile:15 4 7 0
Tile:9 9 7 1
Drop 5 0 0
Drop 0 0 1
Tile:5 3 6 0
Drop 6 0 1
Tile:7 10 6 0
Tile:8 10 7 1
Tile:6_flip 5 4 0
Map 12 3 1
Destroy 8 5 0
Drop 6 0 1
Tile:8 7 4 0
Drop 6 0 1
Drop 3 0 0
Drop 6 0 1
Map 12 7 0
Drop 6 0 1
Tile:6 4 5 0
Drop 6 0 1
Tile:1 6 7 0
Tile:7 11 7 1
Tile:0 6 4 0
Tile:9 11 8 1
Tile:0 7 7 0
Drop 6 0 1
Tile:7 8 7 0
GAMEOVER USER CANCEL UNDECIDED
# Game ended: Sat Apr 04 02:09:03 EDT 2020
