# Server version 0.08 running on localhost:8123
# Game ID: 293
# Board class: Saboteur.SaboteurBoard
# Timeout: 2000000000
# First Move Timeout: 30000
# Date: Fri Apr 03 03:11:20 EDT 2020
# Player 1: Player-0, '260729805', running on localhost
# Player 2: Player-1, 'Human', running on localhost
START Player-0 260729805
START Player-1 Human
BoardInit:Tile:6,Tile:9,Tile:9,Bonus,Tile:9,Map,Map,Tile:8,Tile:9,Tile:5,Tile:13,Malus,Map,Tile:7,Tile:15,Malus,Tile:7,Bonus,Bonus,Destroy,Destroy,Tile:0,Tile:6,Bonus,Tile:12,Tile:2,Tile:8,Tile:7,Tile:10,Tile:5,Tile:7,Tile:4,Map,Tile:0,Tile:10,Tile:0,Tile:1,Tile:8,Tile:3,Tile:5,Tile:6-Tile:0,Map,Tile:6,Tile:7,Tile:8,Tile:5,Map-Tile:6,Tile:9,Tile:14,Destroy,Tile:10,Tile:8,Tile:11-Tile:hidden1,Tile:nugget,Tile:hidden2
Tile:8 6 5 1
Tile:6 7 5 0
Tile:6 8 5 1
Tile:9_flip 9 5 0
Tile:6 9 6 1
Tile:8 10 6 0
Map 12 5 1
Map 12 3 0
Tile:9 10 7 1
Tile:8 11 7 0
Map 12 3 1
Tile:10 12 6 0
GAMEOVER WINNER 0
# Game ended: Fri Apr 03 03:12:06 EDT 2020
