# Server version 0.08 running on macbook-pro-5.local:8123
# Game ID: 806
# Board class: Saboteur.SaboteurBoard
# Timeout: 2000000000
# First Move Timeout: 30000
# Date: Thu Apr 09 02:18:17 EDT 2020
# Player 1: Player-0, '260729805', running on macbook-pro-5.local
# Player 2: Player-1, 'Human', running on macbook-pro-5.local
START Player-0 260729805
START Player-1 Human
BoardInit:Tile:11,Destroy,Tile:9,Tile:10,Tile:0,Bonus,Bonus,Tile:5,Bonus,Destroy,Tile:3,Malus,Tile:9,Tile:7,Tile:8,Tile:0,Tile:5,Tile:6,Tile:0,Tile:6,Tile:15,Tile:9,Map,Map,Tile:4,Tile:7,Tile:10,Malus,Destroy,Tile:7,Tile:1,Tile:9,Tile:6,Tile:7,Map,Tile:6,Tile:2,Tile:9,Map,Tile:5,Tile:0-Tile:7,Tile:10,Tile:5,Tile:14,Tile:13,Tile:8,Tile:6-Tile:12,Map,Tile:8,Map,Bonus,Tile:8,Tile:8-Tile:hidden2,Tile:hidden1,Tile:nugget
Tile:8 6 5 1
Tile:8 7 5 0
Tile:13 8 5 1
Tile:8 7 6 0
Tile:6 8 6 1
Tile:8 9 6 0
Tile:9 9 7 1
Tile:10 9 8 0
Tile:0 10 7 1
Tile:5_flip 11 7 0
Tile:5 11 6 1
Tile:12 12 6 0
Drop 6 0 1
Destroy 8 5 0
Tile:9 9 5 1
Tile:7 10 5 0
Tile:8 9 4 1
Tile:0 10 4 0
Drop 3 0 1
Tile:6 11 4 0
Tile:5 11 3 1
Tile:6 12 4 0
