# Server version 0.08 running on 192.168.1.5:8123
# Game ID: 173
# Board class: Saboteur.SaboteurBoard
# Timeout: 2000000000
# First Move Timeout: 30000
# Date: Tue Mar 31 21:15:07 EDT 2020
# Player 1: Player-0, '260729805', running on 192.168.1.5
# Player 2: Player-1, 'RandomPlayer', running on 192.168.1.5
START Player-0 260729805
START Player-1 RandomPlayer
BoardInit:Tile:5,Tile:5,Tile:8,Bonus,Tile:15,Tile:0,Tile:7,Malus,Tile:2,Tile:10,Tile:12,Map,Tile:0,Tile:5,Tile:9,Tile:7,Tile:8,Destroy,Tile:9,Malus,Tile:13,Tile:10,Map,Bonus,Tile:4,Destroy,Tile:0,Tile:1,Tile:7,Tile:9,Tile:9,Map,Tile:3,Map,Tile:6,Tile:0,Map,Tile:9,Tile:6,Tile:6,Tile:5-Tile:6,Tile:6,Map,Tile:7,Bonus,Tile:8,Tile:10-Tile:7,Destroy,Tile:8,Tile:8,Bonus,Tile:14,Tile:11-Tile:hidden2,Tile:hidden1,Tile:nugget
Tile:8 5 4 1
Tile:7 6 5 0
Tile:6 4 4 1
Tile:8 6 6 0
Tile:10 6 7 1
Tile:8 7 6 0
Tile:7 4 3 1
Tile:5_flip 8 6 0
Tile:7_flip 3 4 1
Tile:0 6 4 0
Tile:15 5 3 1
Tile:10 8 5 0
Tile:5 5 2 1
Map 12 5 0
Map 12 3 1
Tile:5 8 4 0
Tile:0 6 2 1
Tile:7 9 4 0
Tile:9 9 5 1
Tile:14 10 5 0
Tile:6 5 6 1
Destroy 10 5 0
Tile:2_flip 7 2 1
Tile:11_flip 10 5 0
Tile:13 7 1 1
Destroy 10 5 0
Tile:9_flip 7 4 1
Tile:10 9 6 0
Tile:8 8 1 1
Tile:1 10 5 0
Tile:12 9 1 1
Tile:9_flip 11 5 0
Tile:9_flip 11 6 1
Destroy 11 5 0
Tile:4 7 0 1
Map 12 5 0
Tile:6 8 2 1
GAMEOVER USER CANCEL UNDECIDED
# Game ended: Tue Mar 31 21:15:30 EDT 2020
