# Server version 0.08 running on macbook-pro-5.local:8123
# Game ID: 729
# Board class: Saboteur.SaboteurBoard
# Timeout: 2000000000
# First Move Timeout: 30000
# Date: Thu Apr 09 01:33:51 EDT 2020
# Player 1: Player-0, '260729805', running on macbook-pro-5.local
# Player 2: Player-1, 'RandomPlayer', running on macbook-pro-5.local
START Player-0 260729805
START Player-1 RandomPlayer
BoardInit:Tile:1,Tile:6,Tile:6,Tile:9,Tile:10,Tile:7,Bonus,Map,Destroy,Tile:7,Tile:7,Bonus,Tile:0,Map,Bonus,Tile:6,Tile:9,Malus,Tile:8,Tile:8,Tile:10,Tile:0,Tile:7,Map,Tile:4,Tile:8,Tile:5,Destroy,Tile:6,Tile:12,Tile:13,Tile:8,Tile:2,Tile:6,Tile:11,Tile:9,Destroy,Malus,Tile:7,Tile:14,Tile:9-Map,Tile:5,Tile:15,Tile:3,Map,Tile:9,Bonus-Tile:5,Map,Tile:0,Tile:8,Tile:5,Tile:10,Tile:0-Tile:nugget,Tile:hidden1,Tile:hidden2
Map 12 5 1
Tile:5_flip 6 5 0
Tile:5 4 5 1
Tile:5 6 4 0
Drop 4 0 1
Tile:0 7 4 0
Tile:10 5 6 1
Tile:0 8 4 0
Map 12 7 1
Tile:6 9 4 0
Tile:3 10 4 1
Tile:7 9 3 0
Drop 0 0 1
Tile:7_flip 8 3 0
Tile:9_flip 5 4 1
Tile:8 8 2 0
Tile:0 4 4 1
Tile:6 9 2 0
Tile:9_flip 5 3 1
Tile:9_flip 10 2 0
Tile:7_flip 10 3 1
Tile:8 11 3 0
GAMEOVER WINNER 0
# Game ended: Thu Apr 09 01:33:51 EDT 2020
