# Server version 0.08 running on macbook-pro-5.local:8123
# Game ID: 692
# Board class: Saboteur.SaboteurBoard
# Timeout: 2000000000
# First Move Timeout: 30000
# Date: Thu Apr 09 01:17:17 EDT 2020
# Player 1: Player-0, '260729805', running on macbook-pro-5.local
# Player 2: Player-1, 'RandomPlayer', running on macbook-pro-5.local
START Player-0 260729805
START Player-1 RandomPlayer
BoardInit:Malus,Map,Tile:9,Destroy,Bonus,Tile:10,Tile:5,Tile:3,Tile:13,Bonus,Tile:5,Tile:9,Tile:14,Tile:8,Tile:8,Tile:7,Tile:5,Tile:4,Map,Destroy,Tile:1,Tile:6,Tile:0,Tile:7,Tile:5,Tile:0,Tile:9,Destroy,Tile:6,Tile:12,Tile:11,Map,Map,Tile:8,Tile:7,Tile:6,Malus,Tile:6,Tile:9,Tile:7,Tile:6-Tile:15,Tile:8,Bonus,Bonus,Tile:10,Tile:0,Tile:8-Tile:0,Tile:10,Map,Tile:7,Tile:9,Tile:2,Map-Tile:hidden1,Tile:hidden2,Tile:nugget
Tile:8 5 4 1
Map 12 3 0
Drop 5 0 1
Map 12 5 0
Tile:9 5 6 1
Tile:0 6 6 0
Tile:0 4 5 1
Tile:7 7 6 0
Tile:5 5 3 1
Tile:10 7 7 0
Drop 1 0 1
Tile:9 7 8 0
Tile:5 3 5 1
Tile:9_flip 8 8 0
Tile:15 8 7 1
Tile:10 8 6 0
Tile:13 6 4 1
Tile:7 6 3 0
Tile:8 5 7 1
Destroy 8 7 0
Tile:10 7 9 1
Tile:8 7 10 0
Tile:14 7 11 1
Tile:6 6 5 0
Tile:5 6 10 1
Tile:7 6 7 0
Tile:5_flip 5 8 1
Tile:0 7 5 0
Drop 5 0 1
Destroy 6 4 0
Tile:6 4 8 1
Tile:4_flip 6 8 0
Tile:11 3 6 1
Destroy 6 8 0
Tile:9_flip 8 10 1
Tile:8 6 4 0
Tile:7_flip 6 11 1
Tile:6_flip 8 5 0
Tile:1 4 4 1
Tile:3 4 6 0
Tile:9 4 7 1
Tile:2_flip 7 4 0
Map 12 5 1
Tile:12 8 4 0
Tile:6_flip 3 8 1
Tile:7_flip 8 11 0
Map 12 5 1
Tile:6 3 4 0
Drop 0 0 1
Drop 2 0 0
Drop 0 0 1
Drop 1 0 0
Malus 0 0 1
Drop 0 0 0
Drop 0 0 1
GAMEOVER DRAW
# Game ended: Thu Apr 09 01:17:18 EDT 2020
