# Server version 0.08 running on localhost:8123
# Game ID: 278
# Board class: Saboteur.SaboteurBoard
# Timeout: 2000000000
# First Move Timeout: 30000
# Date: Fri Apr 03 02:31:06 EDT 2020
# Player 1: Player-0, '260729805', running on localhost
# Player 2: Player-1, 'Human', running on localhost
START Player-0 260729805
START Player-1 Human
BoardInit:Tile:9,Destroy,Tile:10,Tile:9,Map,Tile:7,Tile:0,Destroy,Tile:8,Map,Map,Map,Bonus,Tile:6,Tile:6,Tile:12,Tile:7,Tile:0,Tile:7,Bonus,Tile:2,Tile:7,Bonus,Tile:3,Tile:10,Tile:9,Tile:6,Tile:10,Tile:1,Tile:14,Map,Tile:8,Map,Bonus,Tile:7,Tile:15,Tile:0,Tile:5,Tile:5,Tile:5,Tile:8-Tile:9,Tile:8,Tile:9,Tile:5,Malus,Tile:4,Tile:8-Tile:6,Tile:6,Tile:0,Tile:11,Tile:13,Malus,Destroy-Tile:hidden1,Tile:nugget,Tile:hidden2
Tile:8 6 5 1
Tile:6 7 5 0
Tile:8 8 5 1
Tile:6 9 5 0
Malus 0 0 1
Destroy 9 5 0
Map 12 5 1
Destroy 8 5 0
Tile:9 7 4 1
Destroy 7 5 0
Tile:8 7 5 1
Map 12 3 0
Tile:0 8 4 1
Map 12 3 0
Map 12 3 1
Drop 6 0 0
Tile:6 9 4 1
Drop 6 0 0
Drop 6 0 1
Drop 6 0 0
Drop 6 0 1
Bonus 0 0 0
Drop 6 0 1
Tile:0 10 4 0
Drop 2 0 1
Tile:9 9 3 0
Drop 5 0 1
Tile:7 8 5 0
Tile:6 10 3 1
Tile:7 11 3 0
Drop 6 0 1
Tile:9 10 2 0
Drop 6 0 1
Tile:10 9 2 0
Drop 4 0 1
Tile:8 8 6 0
Drop 6 0 1
Tile:11_flip 9 6 0
Drop 5 0 1
Tile:5 10 1 0
Tile:0 11 2 1
Tile:5_flip 12 2 0
GAMEOVER USER CANCEL UNDECIDED
# Game ended: Fri Apr 03 02:33:16 EDT 2020
