# Server version 0.08 running on localhost:8123
# Game ID: 309
# Board class: Saboteur.SaboteurBoard
# Timeout: 2000000000
# First Move Timeout: 30000
# Date: Fri Apr 03 03:37:27 EDT 2020
# Player 1: Player-0, '260729805', running on localhost
# Player 2: Player-1, 'RandomPlayer', running on localhost
START Player-0 260729805
START Player-1 RandomPlayer
BoardInit:Tile:6,Tile:9,Tile:8,Tile:8,Tile:9,Tile:0,Destroy,Tile:2,Tile:9,Tile:7,Bonus,Tile:14,Tile:9,Tile:15,Tile:7,Tile:5,Malus,Destroy,Tile:1,Tile:13,Tile:5,Tile:7,Tile:6,Tile:5,Tile:0,Tile:0,Map,Tile:8,Map,Tile:10,Tile:7,Tile:6,Map,Tile:7,Tile:8,Bonus,Tile:6,Destroy,Tile:8,Bonus,Map-Tile:11,Map,Malus,Tile:10,Tile:9,Tile:12,Tile:10-Tile:0,Tile:3,Tile:6,Tile:4,Map,Bonus,Tile:5-Tile:nugget,Tile:hidden2,Tile:hidden1
Tile:11 5 6 1
Map 12 3 0
Tile:9_flip 5 4 1
Tile:0 6 5 0
Tile:8 4 5 1
Tile:6 7 5 0
Tile:10 4 6 1
Tile:5_flip 8 5 0
Tile:9_flip 4 7 1
Tile:4 8 4 0
Drop 3 0 1
Tile:9_flip 7 4 0
Tile:6_flip 5 3 1
Tile:8 7 3 0
Map 12 7 1
Tile:0 8 3 0
Tile:7_flip 6 4 1
Tile:7 9 3 0
Tile:9 4 8 1
Tile:5 7 2 0
Destroy 8 5 1
Destroy 9 3 0
Drop 1 0 1
Tile:7 9 3 0
Tile:9 9 4 1
Tile:5_flip 10 4 0
Tile:5 10 3 1
Tile:0 11 3 0
GAMEOVER WINNER 0
# Game ended: Fri Apr 03 03:37:28 EDT 2020
