# Server version 0.08 running on localhost:8123
# Game ID: 383
# Board class: Saboteur.SaboteurBoard
# Timeout: 2000000000
# First Move Timeout: 30000
# Date: Sat Apr 04 00:31:28 EDT 2020
# Player 1: Player-0, '260729805', running on localhost
# Player 2: Player-1, 'RandomPlayer', running on localhost
START Player-0 260729805
START Player-1 RandomPlayer
BoardInit:Tile:3,Tile:11,Map,Tile:7,Tile:5,Tile:8,Tile:1,Bonus,Tile:7,Map,Malus,Tile:5,Tile:13,Map,Destroy,Tile:9,Tile:10,Tile:15,Bonus,Tile:10,Tile:6,Tile:9,Tile:6,Destroy,Tile:0,Bonus,Tile:8,Tile:7,Tile:7,Map,Bonus,Tile:9,Map,Tile:8,Tile:8,Tile:0,Tile:9,Tile:0,Tile:12,Destroy,Malus-Tile:4,Tile:8,Tile:14,Tile:2,Tile:6,Map,Tile:5-Tile:0,Tile:6,Tile:10,Tile:9,Tile:7,Tile:6,Tile:5-Tile:hidden1,Tile:hidden2,Tile:nugget
Tile:6 5 6 1
Tile:0 6 5 0
Map 12 3 1
Tile:6 7 5 0
Map 12 5 1
Tile:7 8 5 0
Drop 6 0 1
Tile:6 8 6 0
Drop 0 0 1
Tile:5_flip 9 6 0
Drop 1 0 1
Map 12 3 0
Tile:2 4 5 1
Tile:5 9 5 0
Tile:3 10 5 1
Map 12 5 0
Destroy 8 5 1
Tile:7 8 5 0
Drop 1 0 1
Tile:11 10 6 0
Malus 0 0 1
Bonus 0 0 0
Drop 1 0 1
Tile:10 7 4 0
Tile:10 7 3 1
Tile:9 7 2 0
Tile:0 3 5 1
Tile:8 8 2 0
Tile:6 2 5 1
Tile:9 8 3 0
Tile:13 1 5 1
Map 12 7 0
Tile:7_flip 8 4 1
Tile:9_flip 9 3 0
Drop 0 0 1
Tile:9_flip 9 2 0
Tile:6 11 6 1
Tile:10 9 1 0
Tile:9 11 5 1
Tile:8 9 0 0
Tile:8 10 0 1
Tile:7 11 0 0
Drop 0 0 1
Tile:0 7 6 0
Tile:8 11 4 1
Destroy 11 5 0
Tile:7_flip 1 6 1
Tile:0 6 6 0
Tile:12 12 4 1
Destroy 12 4 0
Drop 1 0 1
Tile:15 11 5 0
Malus 0 0 1
Bonus 0 0 0
Drop 0 0 1
GAMEOVER DRAW
# Game ended: Sat Apr 04 00:31:28 EDT 2020
