# Server version 0.08 running on macbook-pro-5.local:8123
# Game ID: 606
# Board class: Saboteur.SaboteurBoard
# Timeout: 2000000000
# First Move Timeout: 30000
# Date: Wed Apr 08 23:13:46 EDT 2020
# Player 1: Player-0, '260729805', running on macbook-pro-5.local
# Player 2: Player-1, 'RandomPlayer', running on macbook-pro-5.local
START Player-0 260729805
START Player-1 RandomPlayer
BoardInit:Tile:15,Tile:9,Tile:2,Map,Map,Map,Bonus,Map,Tile:7,Tile:8,Destroy,Tile:8,Destroy,Tile:3,Tile:9,Tile:8,Tile:11,Destroy,Tile:8,Destroy,Tile:8,Bonus,Destroy,Tile:6,Destroy,Destroy,Tile:9,Tile:1,Tile:8,Tile:10,Tile:8,Tile:0,Tile:5,Tile:12,Tile:10,Tile:6,Tile:4,Bonus,Malus,Tile:7,Tile:8,Tile:8,Tile:6,Tile:8,Tile:8,Tile:7,Tile:6,Tile:9,Tile:0,Destroy,Tile:6,Tile:8,Map,Tile:8,Tile:9,Tile:14,Destroy,Tile:8,Destroy,Tile:8,Tile:8,Map,Tile:7,Destroy,Tile:8-Tile:8,Tile:5,Malus,Tile:5,Tile:0,Tile:5,Tile:8-Tile:8,Tile:7,Tile:8,Tile:0,Tile:10,Bonus,Tile:13-Tile:hidden2,Tile:nugget,Tile:hidden1
Tile:5 4 5 1
Tile:7 6 5 0
Drop 1 0 1
Tile:8 6 6 0
Tile:8 4 6 1
Map 12 3 0
Tile:2 7 6 1
Map 12 5 0
Drop 2 0 1
Tile:8 6 7 0
Drop 0 0 1
Tile:9_flip 7 7 0
Drop 2 0 1
Tile:10 7 8 0
Destroy 6 6 1
Tile:8 6 6 0
Tile:8 3 6 1
Tile:8 7 9 0
Drop 3 0 1
Tile:0 8 9 0
Map 12 5 1
Tile:8 9 9 0
Tile:9_flip 7 10 1
Destroy 7 6 0
Tile:0 6 9 1
Tile:6_flip 9 8 0
Tile:11 3 7 1
Destroy 3 7 0
Destroy 6 7 1
Tile:1 5 9 0
Drop 4 0 1
Drop 2 0 0
Tile:8 5 4 1
Tile:0 6 10 0
Tile:5 5 10 1
Tile:12_flip 4 9 0
Destroy 4 5 1
Tile:6 9 10 0
Tile:8 4 5 1
Tile:13 7 6 0
Tile:8 7 11 1
Tile:3 5 3 0
Tile:10 7 5 1
Tile:10 4 7 0
Tile:4_flip 4 8 1
Tile:8 10 10 0
Tile:6 8 6 1
Destroy 7 8 0
Tile:6_flip 9 6 1
Tile:9_flip 7 4 0
Tile:0 6 4 1
Destroy 5 9 0
Tile:8 7 8 1
Drop 4 0 0
Tile:8 10 9 1
Tile:8 11 10 0
Tile:9 5 11 1
Tile:8 4 4 0
Tile:6 5 12 1
Tile:7_flip 9 7 0
Tile:8 8 11 1
Tile:8 10 6 0
Tile:9 10 11 1
Tile:14_flip 4 3 0
Tile:8 10 8 1
