# Server version 0.08 running on macbook-pro-5.local:8123
# Game ID: 847
# Board class: Saboteur.SaboteurBoard
# Timeout: 2000000000
# First Move Timeout: 30000
# Date: Thu Apr 09 16:53:01 EDT 2020
# Player 1: Player-0, '260729805', running on localhost
# Player 2: Player-1, 'RandomPlayer', running on localhost
START Player-0 260729805
START Player-1 RandomPlayer
BoardInit:Bonus,Tile:11,Tile:14,Tile:0,Tile:9,Tile:7,Tile:9,Tile:8,Tile:10,Malus,Tile:1,Tile:8,Tile:4,Bonus,Tile:0,Tile:0,Tile:5,Tile:10,Destroy,Tile:13,Tile:7,Map,Map,Tile:6,Map,Tile:12,Tile:8,Tile:7,Tile:9,Tile:6,Map,Tile:3,Tile:9,Tile:7,Tile:6,Tile:5,Malus,Map,Destroy,Tile:10,Map-Tile:2,Tile:8,Bonus,Tile:6,Tile:0,Tile:9,Tile:5-Tile:15,Tile:5,Tile:8,Destroy,Tile:7,Bonus,Tile:6-Tile:hidden1,Tile:nugget,Tile:hidden2
Tile:6 5 6 1
Tile:5_flip 6 5 0
Tile:8 4 5 1
Tile:7 6 6 0
Tile:14_flip 6 4 1
Destroy 4 5 0
Tile:9_flip 5 4 1
Tile:6 6 7 0
Tile:5 4 5 1
Tile:0 7 7 0
Tile:0 7 4 1
Tile:7 8 7 0
Tile:9 8 8 1
Tile:8 9 8 0
Tile:9 9 7 1
Tile:8 9 6 0
Tile:4_flip 9 9 1
Tile:0 10 6 0
Tile:5 5 7 1
Tile:8 9 5 0
Tile:1 4 4 1
Tile:10 9 4 0
Tile:2_flip 4 6 1
Map 12 3 0
Drop 5 0 1
Tile:6 10 8 0
Destroy 4 4 1
Tile:12_flip 8 5 0
Tile:0 4 4 1
Tile:7 9 3 0
Tile:10 5 3 1
Tile:6 8 3 0
Tile:9_flip 8 2 1
Tile:11_flip 11 6 0
Tile:9 11 7 1
Tile:7_flip 7 3 0
Map 12 3 1
Tile:5_flip 11 8 0
Tile:8 11 5 1
Tile:15 12 6 0
Destroy 9 3 1
Tile:10 12 8 0
Drop 0 0 1
Tile:13 11 4 0
Tile:6_flip 9 3 1
Tile:3 12 4 0
Drop 3 0 1
Drop 3 0 0
Drop 2 0 1
Drop 2 0 0
Drop 1 0 1
Drop 1 0 0
Drop 0 0 1
Drop 0 0 0
Drop 0 0 1
GAMEOVER DRAW
# Game ended: Thu Apr 09 16:58:53 EDT 2020
