# Server version 0.08 running on macbook-pro-5.local:8123
# Game ID: 604
# Board class: Saboteur.SaboteurBoard
# Timeout: 2000000000
# First Move Timeout: 30000
# Date: Wed Apr 08 23:09:26 EDT 2020
# Player 1: Player-0, '260729805', running on macbook-pro-5.local
# Player 2: Player-1, 'RandomPlayer', running on macbook-pro-5.local
START Player-0 260729805
START Player-1 RandomPlayer
BoardInit:Tile:0,Tile:9,Map,Destroy,Tile:8,Destroy,Tile:7,Tile:8,Map,Tile:1,Tile:7,Destroy,Tile:6,Bonus,Tile:7,Destroy,Tile:10,Destroy,Tile:8,Tile:8,Tile:8,Tile:8,Tile:14,Malus,Tile:7,Tile:6,Tile:9,Tile:8,Map,Tile:9,Tile:8,Tile:6,Malus,Tile:0,Tile:9,Tile:15,Bonus,Tile:11,Map,Tile:8,Tile:6,Tile:8,Destroy,Tile:10,Tile:8,Tile:8,Tile:0,Tile:2,Tile:5,Tile:7,Tile:8,Destroy,Map,Map,Tile:8,Destroy,Tile:13,Bonus,Destroy,Destroy,Tile:8,Tile:8,Tile:9,Tile:5,Tile:8-Tile:5,Tile:3,Tile:8,Tile:12,Destroy,Tile:8,Tile:0-Bonus,Tile:6,Tile:8,Tile:5,Tile:8,Tile:10,Tile:4-Tile:hidden1,Tile:hidden2,Tile:nugget
Tile:3_flip 4 5 1
Tile:6 6 5 0
Tile:0 7 5 1
Tile:5_flip 8 5 0
Tile:8 6 4 1
Tile:8 8 4 0
Tile:8 8 3 1
Tile:8 9 4 0
Tile:7 9 3 1
Tile:9_flip 10 4 0
Map 12 7 1
Tile:10 9 5 0
Tile:7 4 4 1
Tile:8 9 6 0
Tile:8 3 4 1
Destroy 4 5 0
Tile:7_flip 3 5 1
Tile:4_flip 9 7 0
Tile:6 4 5 1
Destroy 9 7 0
Tile:5 5 4 1
Tile:8 10 6 0
Tile:10 5 6 1
Tile:8 9 7 0
Destroy 5 6 1
Tile:1 8 6 0
Tile:14_flip 3 3 1
Tile:6 9 8 0
Tile:0 10 8 1
Destroy 4 5 0
Tile:12 4 3 1
Tile:8 6 3 0
Tile:8 8 2 1
Tile:9 10 5 0
Tile:7_flip 2 4 1
Tile:0 11 5 0
Tile:9 12 6 1
GAMEOVER WINNER 1
# Game ended: Wed Apr 08 23:09:27 EDT 2020
