# Server version 0.08 running on localhost:8123
# Game ID: 126
# Board class: Saboteur.SaboteurBoard
# Timeout: 20000
# First Move Timeout: 30000
# Date: Tue Mar 31 00:38:52 EDT 2020
# Player 1: Player-0, '260729805', running on localhost
# Player 2: Player-1, 'RandomPlayer', running on localhost
START Player-0 260729805
START Player-1 RandomPlayer
BoardInit:Bonus,Bonus,Map,Map,Tile:10,Bonus,Map,Tile:5,Tile:0,Tile:7,Tile:3,Tile:9,Bonus,Tile:5,Tile:0,Tile:8,Tile:8,Tile:7,Tile:9,Tile:14,Tile:9,Tile:10,Tile:6,Tile:6,Tile:7,Tile:8,Tile:5,Tile:12,Malus,Tile:0,Destroy,Tile:6,Tile:6,Tile:9,Tile:10,Map,Tile:7,Malus,Tile:4,Tile:6,Tile:7-Tile:9,Tile:0,Tile:2,Tile:8,Tile:8,Tile:13,Tile:1-Tile:15,Map,Tile:11,Destroy,Destroy,Tile:5,Map-Tile:hidden2,Tile:hidden1,Tile:nugget
Tile:2 4 5 1
Destroy 4 5 0
Tile:9 5 6 1
Tile:15 5 4 0
Drop 4 0 1
Map 12 3 0
Tile:0 4 5 1
Destroy 4 5 0
Tile:13 6 5 1
Tile:11 5 3 0
Drop 1 0 1
Tile:5 5 2 0
Tile:8 6 3 1
Map 12 3 0
Map 12 5 1
Map 12 3 0
Map 12 7 1
Tile:5_flip 5 7 0
Tile:0 7 5 1
Tile:5 4 7 0
Tile:9 6 4 1
Tile:9_flip 4 8 0
Tile:8 8 5 1
Tile:14_flip 3 8 0
Tile:6 7 3 1
Tile:8 3 9 0
Tile:10 3 10 1
Tile:6 2 9 0
Tile:7_flip 1 9 1
Tile:7 2 8 0
Tile:5_flip 3 11 1
Tile:7 6 2 0
Tile:3 8 3 1
Tile:10 7 2 0
Destroy 1 9 1
Tile:8 1 9 0
Drop 6 0 1
Tile:12_flip 0 9 0
Tile:6 4 9 1
Tile:0 2 11 0
Tile:9_flip 8 6 1
Tile:6 1 10 0
Drop 0 0 1
Tile:9 1 8 0
Tile:7_flip 4 5 1
Map 12 3 0
Tile:7 5 9 1
Malus 0 0 0
Drop 0 0 1
Tile:6 6 6 0
Drop 0 0 1
Drop 0 0 0
Malus 0 0 1
Bonus 0 0 0
Drop 0 0 1
GAMEOVER DRAW
# Game ended: Tue Mar 31 00:38:53 EDT 2020
