# Server version 0.08 running on localhost:8123
# Game ID: 296
# Board class: Saboteur.SaboteurBoard
# Timeout: 2000000000
# First Move Timeout: 30000
# Date: Fri Apr 03 03:14:55 EDT 2020
# Player 1: Player-0, '260729805', running on localhost
# Player 2: Player-1, 'Human', running on localhost
START Player-0 260729805
START Player-1 Human
BoardInit:Tile:6,Tile:12,Tile:6,Tile:9,Tile:3,Destroy,Bonus,Map,Tile:0,Tile:9,Tile:7,Tile:9,Tile:5,Tile:13,Tile:6,Map,Destroy,Malus,Tile:7,Map,Tile:11,Tile:10,Bonus,Bonus,Map,Tile:0,Tile:14,Malus,Tile:4,Bonus,Tile:7,Tile:5,Tile:8,Tile:7,Tile:15,Destroy,Tile:2,Tile:6,Tile:8,Tile:0,Map-Map,Tile:9,Tile:8,Tile:5,Tile:6,Tile:10,Tile:7-Tile:5,Tile:8,Tile:8,Tile:10,Tile:0,Tile:1,Tile:9-Tile:hidden1,Tile:hidden2,Tile:nugget
Tile:6 6 5 1
Tile:5_flip 7 5 0
Map 12 3 1
Tile:8 7 4 0
Tile:8 7 3 1
Tile:8 8 4 0
Tile:6 9 4 1
Tile:0 10 4 0
Tile:6 11 4 1
Map 12 3 0
Drop 3 0 1
Tile:9_flip 12 4 0
Drop 6 0 1
Tile:10 12 6 0
GAMEOVER WINNER 0
# Game ended: Fri Apr 03 03:15:24 EDT 2020
