# Server version 0.08 running on macbook-pro-5.local:8123
# Game ID: 865
# Board class: Saboteur.SaboteurBoard
# Timeout: 2000000000
# First Move Timeout: 30000
# Date: Fri Apr 10 23:42:19 EDT 2020
# Player 1: Player-0, '260729805', running on macbook-pro-5.local
# Player 2: Player-1, 'RandomPlayer', running on macbook-pro-5.local
START Player-0 260729805
START Player-1 RandomPlayer
BoardInit:Tile:8,Tile:8,Tile:10,Tile:1,Destroy,Bonus,Tile:14,Tile:6,Tile:8,Map,Map,Tile:6,Malus,Tile:7,Tile:15,Tile:5,Tile:9,Tile:7,Bonus,Tile:7,Tile:9,Malus,Tile:0,Tile:11,Destroy,Destroy,Tile:8,Tile:3,Tile:7,Tile:9,Tile:8,Tile:8,Tile:8,Tile:13,Tile:5,Tile:0,Tile:9,Tile:8,Bonus,Map,Tile:8,Tile:8,Tile:8,Tile:5,Malus,Tile:12,Tile:4,Tile:8,Tile:2,Tile:10,Tile:0,Tile:8,Map,Tile:10,Bonus,Tile:8,Tile:6,Malus,Tile:8,Tile:8,Map,Tile:8,Tile:6-Tile:8,Tile:5,Bonus,Malus,Tile:9,Map,Tile:0-Bonus,Bonus,Tile:8,Tile:6,Tile:8,Tile:7,Tile:8-Tile:nugget,Tile:hidden2,Tile:hidden1
Tile:5_flip 6 5 1
Tile:6_flip 6 4 0
Tile:8 5 6 1
Tile:7 7 4 0
Drop 4 0 1
Tile:8 5 4 0
Drop 2 0 1
Tile:8 5 3 0
Map 12 3 1
Tile:6_flip 6 6 0
Tile:8 7 6 1
Map 12 3 0
Tile:8 4 4 1
Tile:6 8 6 0
Tile:14_flip 4 3 1
Tile:7 9 6 0
Tile:15 5 2 1
Tile:5 8 5 0
Destroy 4 3 1
Tile:7_flip 9 7 0
Tile:10 5 7 1
Tile:8 7 7 0
Tile:9_flip 5 8 1
Malus 0 0 0
Drop 2 0 1
Tile:8 10 7 0
Drop 3 0 1
Tile:1 4 8 0
Destroy 7 7 1
Tile:11 4 3 0
Bonus 0 0 1
Tile:3_flip 6 7 0
Drop 4 0 1
Tile:8 11 7 0
Tile:8 5 1 1
Tile:13 4 5 0
Tile:7_flip 4 1 1
Tile:7_flip 10 8 0
Tile:9_flip 12 8 1
Tile:8 3 4 0
Tile:9 4 0 1
Destroy 8 5 0
Tile:8 4 6 1
Tile:9 10 6 0
Tile:8 3 5 1
Tile:8 13 7 0
Tile:0 6 3 1
Tile:5 12 6 0
Malus 0 0 1
Bonus 0 0 0
Drop 3 0 1
Tile:8 8 5 0
Tile:2_flip 7 3 1
Tile:10 8 4 0
Drop 1 0 1
Tile:8 8 3 0
Tile:4 4 2 1
Tile:8 9 3 0
Tile:0 2 5 1
Malus 0 0 0
Drop 1 0 1
Tile:8 10 3 0
Drop 2 0 1
Tile:8 11 3 0
GAMEOVER WINNER 0
# Game ended: Fri Apr 10 23:42:20 EDT 2020
