# Server version 0.08 running on macbook-pro-5.local:8123
# Game ID: 634
# Board class: Saboteur.SaboteurBoard
# Timeout: 2000000000
# First Move Timeout: 30000
# Date: Thu Apr 09 00:16:58 EDT 2020
# Player 1: Player-0, '260729805', running on macbook-pro-5.local
# Player 2: Player-1, 'Human', running on macbook-pro-5.local
START Player-0 260729805
START Player-1 Human
BoardInit:Destroy,Tile:0,Malus,Tile:13,Tile:6,Destroy,Tile:0,Tile:6,Tile:3,Tile:9,Malus,Bonus,Tile:10,Tile:7,Tile:0,Bonus,Tile:8,Tile:7,Tile:2,Tile:6,Tile:12,Destroy,Bonus,Tile:9,Tile:8,Tile:9,Tile:5,Tile:4,Tile:5,Map,Map,Tile:5,Tile:8,Map,Tile:7,Tile:7,Tile:15,Tile:6,Tile:14,Map,Tile:8-Tile:0,Tile:5,Tile:9,Tile:7,Tile:6,Tile:10,Tile:1-Map,Map,Tile:8,Bonus,Tile:10,Tile:9,Tile:11-Tile:hidden1,Tile:nugget,Tile:hidden2
Tile:6 6 5 1
Map 12 3 0
Tile:7 7 5 1
Map 12 5 0
Tile:9 7 6 1
Tile:0 8 6 0
Tile:6 9 6 1
Tile:8 10 6 0
Drop 3 0 1
Tile:6_flip 9 5 0
Drop 6 0 1
