# Server version 0.08 running on localhost:8123
# Game ID: 787
# Board class: Saboteur.SaboteurBoard
# Timeout: 2000000000
# First Move Timeout: 30000
# Date: Thu Apr 09 02:10:23 EDT 2020
# Player 1: Player-0, '260729805', running on localhost
# Player 2: Player-1, 'RandomPlayer', running on localhost
START Player-0 260729805
START Player-1 RandomPlayer
BoardInit:Tile:9,Tile:2,Tile:13,Bonus,Tile:1,Destroy,Tile:14,Tile:6,Tile:8,Map,Map,Tile:6,Tile:5,Tile:7,Tile:0,Tile:9,Tile:15,Destroy,Tile:10,Tile:9,Tile:7,Tile:11,Tile:0,Tile:3,Tile:10,Map,Map,Tile:5,Tile:5,Tile:9,Tile:7,Tile:10,Tile:6,Tile:7,Tile:5,Bonus,Destroy,Tile:4,Tile:6,Tile:8,Malus-Tile:7,Bonus,Tile:0,Tile:9,Tile:8,Map,Tile:6-Bonus,Map,Malus,Tile:8,Tile:12,Tile:8,Tile:0-Tile:nugget,Tile:hidden2,Tile:hidden1
Tile:6 5 6 1
Map 12 3 0
Tile:8 6 6 1
Tile:0 7 6 0
Map 12 5 1
Tile:8 8 6 0
Tile:9 8 5 1
Tile:8 9 5 0
Tile:14 6 7 1
Tile:6 10 5 0
Tile:0 5 7 1
Tile:12 11 5 0
Tile:7 8 4 1
Tile:6_flip 10 4 0
Tile:5_flip 8 7 1
Tile:7_flip 7 4 0
Tile:8 4 7 1
Tile:9 9 4 0
Tile:13 9 3 1
Destroy 11 5 0
Tile:0 4 5 1
Tile:9_flip 11 5 0
Tile:9_flip 6 5 1
Destroy 9 3 0
Map 12 3 1
Tile:2 11 4 0
Tile:10 6 4 1
Tile:11_flip 12 4 0
Tile:15 4 8 1
Tile:5 9 3 0
Tile:1 3 5 1
Tile:9 11 6 0
Tile:7_flip 11 7 1
Tile:10 7 3 0
Tile:5_flip 9 6 1
Tile:7 12 6 0
Tile:10 4 9 1
Tile:3 7 2 0
Tile:6_flip 2 5 1
Tile:4_flip 12 8 0
Tile:0 1 5 1
Tile:8 13 7 0
Destroy 9 3 1
Drop 5 0 0
Tile:5 3 7 1
Drop 4 0 0
Tile:6_flip 4 6 1
Drop 3 0 0
Tile:7_flip 2 6 1
Drop 2 0 0
Map 12 3 1
Drop 1 0 0
Malus 0 0 1
Bonus 0 0 0
Drop 0 0 1
GAMEOVER DRAW
# Game ended: Thu Apr 09 02:10:25 EDT 2020
