# Server version 0.08 running on macbook-pro-5.local:8123
# Game ID: 717
# Board class: Saboteur.SaboteurBoard
# Timeout: 2000000000
# First Move Timeout: 30000
# Date: Thu Apr 09 01:29:24 EDT 2020
# Player 1: Player-0, '260729805', running on macbook-pro-5.local
# Player 2: Player-1, 'RandomPlayer', running on macbook-pro-5.local
START Player-0 260729805
START Player-1 RandomPlayer
BoardInit:Tile:6,Map,Tile:6,Tile:11,Tile:8,Tile:7,Map,Tile:7,Tile:10,Bonus,Map,Tile:7,Map,Tile:6,Tile:13,Tile:9,Bonus,Tile:4,Tile:0,Bonus,Tile:9,Tile:8,Tile:8,Bonus,Tile:6,Tile:0,Tile:9,Tile:0,Malus,Tile:15,Map,Tile:3,Tile:10,Tile:5,Destroy,Tile:9,Tile:0,Tile:5,Tile:5,Tile:6,Tile:10-Tile:8,Tile:7,Tile:9,Tile:5,Malus,Tile:14,Tile:8-Destroy,Tile:2,Tile:7,Destroy,Tile:1,Map,Tile:12-Tile:hidden1,Tile:nugget,Tile:hidden2
Tile:14_flip 4 5 1
Map 12 3 0
Tile:5_flip 6 5 1
Map 12 5 0
Tile:9 6 4 1
Tile:7 7 4 0
Tile:8 5 6 1
Tile:7_flip 7 5 0
Tile:6_flip 6 6 1
Tile:7 8 5 0
Tile:8 6 7 1
Destroy 4 5 0
Tile:10 5 4 1
Tile:7_flip 8 6 0
Tile:6 4 5 1
Tile:6 9 6 0
Tile:13 6 3 1
Tile:9_flip 10 6 0
Tile:7 7 6 1
Destroy 6 3 0
Map 12 5 1
Tile:4 9 5 0
Tile:8 10 7 1
Tile:8 10 8 0
Tile:9_flip 6 3 1
Tile:12 11 7 0
Tile:6 10 9 1
Tile:0 9 7 0
Tile:9_flip 4 4 1
Tile:11 10 5 0
Tile:0 11 8 1
Tile:2 11 5 0
Tile:8 6 8 1
Tile:3_flip 11 6 0
Map 12 3 1
Tile:1 12 6 0
Drop 6 0 1
Tile:0 13 6 0
Tile:10 6 2 1
Tile:15 10 4 0
Drop 4 0 1
Tile:5 10 3 0
Tile:0 12 8 1
Tile:9_flip 11 3 0
Drop 4 0 1
GAMEOVER USER CANCEL UNDECIDED
# Game ended: Thu Apr 09 01:30:14 EDT 2020
