# Server version 0.08 running on localhost:8123
# Game ID: 1018
# Board class: Saboteur.SaboteurBoard
# Timeout: 2000000000
# First Move Timeout: 30000
# Date: Sat Apr 11 13:31:21 EDT 2020
# Player 1: Player-0, '260729805', running on localhost
# Player 2: Player-1, 'RandomPlayer', running on localhost
START Player-0 260729805
START Player-1 RandomPlayer
BoardInit:Map,Destroy,Tile:7,Tile:5,Destroy,Tile:14,Tile:6,Tile:5,Map,Tile:8,Tile:7,Tile:4,Tile:8,Bonus,Tile:10,Destroy,Tile:8,Tile:6,Tile:6,Bonus,Tile:0,Tile:0,Tile:7,Tile:3,Tile:5,Tile:8,Map,Tile:10,Tile:2,Tile:0,Map,Malus,Map,Tile:9,Tile:13,Tile:15,Tile:9,Bonus,Tile:11,Malus,Tile:6-Tile:9,Tile:7,Tile:7,Tile:9,Tile:5,Tile:1,Tile:0-Tile:8,Tile:6,Map,Tile:9,Tile:12,Bonus,Tile:10-Tile:hidden1,Tile:hidden2,Tile:nugget
Tile:7 5 4 1
Tile:6 6 5 0
Tile:7_flip 4 5 1
Destroy 4 5 0
Drop 2 0 1
Tile:12 7 5 0
Map 12 7 1
Tile:5 6 4 0
Drop 2 0 1
Tile:5_flip 7 4 0
Tile:9 7 3 1
Tile:8 8 3 0
Tile:7_flip 8 4 1
Tile:9_flip 9 4 0
Tile:6 4 4 1
Tile:10 9 5 0
Tile:7_flip 5 6 1
Destroy 9 4 0
Drop 1 0 1
Tile:8 9 4 0
Destroy 7 4 1
Tile:6_flip 6 6 0
Tile:9_flip 9 3 1
Tile:0 7 6 0
Tile:8 9 2 1
Tile:4_flip 6 7 0
Tile:5_flip 7 4 1
Tile:8 9 6 0
Tile:6_flip 10 6 1
Tile:10 9 7 0
Tile:7 7 2 1
Tile:0 10 4 0
Tile:10 10 7 1
Malus 0 0 0
Map 12 7 1
Tile:9_flip 11 6 0
Drop 2 0 1
Tile:3_flip 11 7 0
Map 12 7 1
Tile:14 10 8 0
Drop 6 0 1
Malus 0 0 0
Drop 4 0 1
Tile:15 11 5 0
Drop 1 0 1
Drop 4 0 0
Map 12 5 1
Drop 3 0 0
Drop 0 0 1
Drop 2 0 0
Drop 0 0 1
Drop 1 0 0
Drop 1 0 1
Drop 0 0 0
Drop 0 0 1
GAMEOVER DRAW
# Game ended: Sat Apr 11 13:31:22 EDT 2020
