# Server version 0.08 running on localhost:8123
# Game ID: 413
# Board class: Saboteur.SaboteurBoard
# Timeout: 2000000000
# First Move Timeout: 30000
# Date: Sat Apr 04 20:44:55 EDT 2020
# Player 1: Player-0, '260729805', running on localhost
# Player 2: Player-1, 'Human', running on localhost
START Player-0 260729805
START Player-1 Human
BoardInit:Map,Tile:0,Tile:12,Tile:11,Tile:6,Tile:9,Tile:7,Tile:10,Destroy,Tile:6,Tile:6,Tile:8,Map,Map,Tile:10,Bonus,Tile:5,Tile:6,Destroy,Malus,Tile:14,Destroy,Tile:8,Tile:0,Tile:0,Tile:7,Tile:10,Tile:5,Malus,Map,Tile:8,Tile:9,Bonus,Tile:5,Tile:5,Map,Bonus,Tile:6,Tile:7,Tile:15,Tile:13-Tile:9,Tile:0,Tile:8,Tile:7,Map,Tile:1,Tile:9-Tile:8,Tile:4,Tile:9,Tile:3,Bonus,Tile:7,Tile:2-Tile:hidden1,Tile:nugget,Tile:hidden2
Tile:7 6 5 1
Tile:4_flip 6 6 0
Map 12 5 1
Tile:7 5 4 0
Map 12 7 1
Tile:0 4 5 0
Drop 5 0 1
Tile:11_flip 5 6 0
Drop 3 0 1
Tile:3_flip 5 7 0
Destroy 6 6 1
Tile:6 4 4 0
Tile:9 6 6 1
Tile:2 7 6 0
Tile:6 6 7 1
Map 12 3 0
Tile:6 7 7 1
Drop 6 0 0
Tile:0 8 7 1
Tile:6 9 7 0
Tile:8 10 7 1
Tile:8 11 7 0
Map 12 3 1
Tile:9 12 6 0
GAMEOVER WINNER 0
# Game ended: Sat Apr 04 20:49:11 EDT 2020
