# Server version 0.08 running on macbook-pro-5.local:8123
# Game ID: 1045
# Board class: Saboteur.SaboteurBoard
# Timeout: 2000000000
# First Move Timeout: 30000
# Date: Sat Apr 11 14:14:09 EDT 2020
# Player 1: Player-0, '260729805', running on macbook-pro-5.local
# Player 2: Player-1, 'RandomPlayer', running on macbook-pro-5.local
START Player-0 260729805
START Player-1 RandomPlayer
BoardInit:Tile:1,Tile:9,Tile:10,Tile:5,Map,Tile:10,Destroy,Tile:6,Tile:7,Tile:10,Tile:5,Tile:3,Tile:0,Tile:6,Tile:12,Tile:6,Bonus,Tile:8,Tile:5,Tile:6,Tile:7,Tile:0,Tile:9,Bonus,Tile:8,Tile:6,Tile:7,Malus,Tile:7,Tile:8,Tile:9,Tile:0,Tile:14,Tile:0,Map,Destroy,Tile:15,Destroy,Tile:7,Tile:2,Bonus-Malus,Map,Map,Map,Tile:8,Tile:11,Tile:9-Tile:8,Map,Tile:13,Tile:4,Tile:9,Bonus,Tile:5-Tile:nugget,Tile:hidden1,Tile:hidden2
Tile:11_flip 6 5 1
Map 12 3 0
Tile:8 5 4 1
Tile:5 5 3 0
Drop 4 0 1
Tile:8 6 3 0
Map 12 3 1
Tile:9_flip 7 3 0
Destroy 7 3 1
Tile:9_flip 7 3 0
Drop 2 0 1
Tile:10 7 2 0
Tile:1 4 5 1
Tile:10 7 4 0
Drop 3 0 1
Tile:5 7 1 0
Drop 0 0 1
Tile:6 8 1 0
Drop 1 0 1
Tile:8 9 1 0
Drop 4 0 1
Tile:6 10 1 0
Tile:5_flip 6 6 1
Tile:6 11 1 0
Tile:7_flip 5 6 1
Tile:6 9 2 0
Tile:0 10 2 1
Tile:6_flip 11 0 0
Tile:8 12 0 1
Malus 0 0 0
Drop 3 0 1
Tile:8 12 1 0
Bonus 0 0 1
Tile:0 13 1 0
Tile:9_flip 6 4 1
Tile:0 13 0 0
Tile:9_flip 12 2 1
GAMEOVER WINNER 1
# Game ended: Sat Apr 11 14:15:32 EDT 2020
