# Server version 0.08 running on macbook-pro-5.local:8123
# Game ID: 987
# Board class: Saboteur.SaboteurBoard
# Timeout: 2000000000
# First Move Timeout: 30000
# Date: Sat Apr 11 02:40:20 EDT 2020
# Player 1: Player-0, '260729805', running on macbook-pro-5.local
# Player 2: Player-1, 'RandomPlayer', running on macbook-pro-5.local
START Player-0 260729805
START Player-1 RandomPlayer
BoardInit:Tile:9,Bonus,Tile:7,Tile:4,Tile:0,Tile:6,Malus,Tile:7,Tile:10,Tile:13,Tile:2,Tile:7,Tile:0,Tile:8,Tile:3,Malus,Map,Tile:6,Tile:8,Tile:10,Tile:0,Bonus,Tile:5,Bonus,Tile:8,Destroy,Tile:10,Tile:9,Map,Tile:0,Tile:14,Tile:5,Tile:12,Destroy,Tile:8,Map,Destroy,Tile:6,Tile:9,Tile:6,Tile:7-Tile:9,Tile:5,Map,Tile:7,Map,Bonus,Tile:5-Tile:11,Tile:15,Tile:6,Tile:9,Map,Tile:1,Tile:8-Tile:nugget,Tile:hidden2,Tile:hidden1
Tile:5 5 4 1
Tile:6 6 5 0
Tile:7 6 4 1
Tile:9_flip 7 5 0
Tile:7_flip 5 6 1
Tile:4 7 4 0
Tile:9_flip 7 6 1
Tile:6 7 7 0
Tile:5 6 7 1
Tile:7 8 7 0
Drop 3 0 1
Tile:8 8 8 0
Map 12 5 1
Tile:7 9 8 0
Tile:0 6 6 1
Tile:8 9 9 0
Drop 0 0 1
Malus 0 0 0
Drop 5 0 1
Tile:6 10 9 0
Drop 1 0 1
Tile:10 10 8 0
Map 12 3 1
Tile:11 10 7 0
Drop 5 0 1
Tile:1 11 7 0
Drop 0 0 1
Destroy 10 9 0
Drop 5 0 1
Tile:9_flip 10 9 0
Map 12 3 1
Tile:0 7 8 0
Drop 6 0 1
Tile:5_flip 10 10 0
Drop 3 0 1
Destroy 10 10 0
Drop 3 0 1
Tile:15 10 6 0
Destroy 5 4 1
Tile:6 10 10 0
Drop 2 0 1
Tile:6 11 10 0
Drop 0 0 1
Tile:13 10 5 0
Drop 4 0 1
Drop 4 0 0
Drop 2 0 1
Drop 3 0 0
Drop 0 0 1
Drop 2 0 0
Drop 0 0 1
Drop 1 0 0
Drop 1 0 1
Drop 0 0 0
Drop 0 0 1
GAMEOVER DRAW
# Game ended: Sat Apr 11 02:40:20 EDT 2020
