# Server version 0.08 running on localhost:8123
# Game ID: 846
# Board class: Saboteur.SaboteurBoard
# Timeout: 2000000000
# First Move Timeout: 30000
# Date: Thu Apr 09 16:48:02 EDT 2020
# Player 1: Player-0, '260729805', running on localhost
# Player 2: Player-1, 'RandomPlayer', running on localhost
START Player-0 260729805
START Player-1 RandomPlayer
BoardInit:Map,Map,Map,Tile:5,Destroy,Tile:14,Tile:10,Map,Tile:10,Tile:8,Tile:6,Tile:6,Tile:5,Tile:3,Tile:11,Map,Tile:5,Tile:9,Tile:0,Tile:0,Tile:7,Bonus,Tile:6,Malus,Tile:4,Tile:7,Tile:0,Tile:9,Malus,Tile:9,Tile:7,Tile:9,Tile:2,Bonus,Bonus,Tile:10,Tile:12,Tile:7,Destroy,Tile:9,Bonus-Tile:13,Tile:6,Tile:15,Tile:8,Tile:8,Map,Tile:5-Tile:8,Tile:0,Destroy,Tile:8,Tile:6,Tile:7,Tile:1-Tile:hidden1,Tile:hidden2,Tile:nugget
Map 12 7 1
Tile:0 6 5 0
Tile:8 4 5 1
Map 12 3 0
Tile:8 3 5 1
Tile:6 7 5 0
Tile:6 4 6 1
Tile:7 8 5 0
Tile:5_flip 5 6 1
Map 12 5 0
Map 12 5 1
Tile:5_flip 8 6 0
Tile:6_flip 5 4 1
Tile:6_flip 7 6 0
Destroy 4 6 1
Tile:8 7 7 0
Tile:11 7 4 1
Destroy 5 6 0
Tile:10 5 6 1
Tile:8 7 8 0
Tile:5 4 4 1
Tile:0 8 7 0
Drop 5 0 1
Tile:8 9 7 0
Tile:5 9 6 1
Tile:9_flip 10 6 0
Tile:13 3 6 1
Tile:7_flip 9 8 0
Tile:7_flip 6 8 1
Tile:9_flip 10 8 0
Drop 2 0 1
Tile:9 10 9 0
Tile:7_flip 5 7 1
Tile:9_flip 11 9 0
Tile:4_flip 10 10 1
Tile:14_flip 11 8 0
Tile:15 10 5 1
Tile:10 11 10 0
Tile:2_flip 12 8 1
Tile:7 8 8 0
Tile:6 13 8 1
Tile:9 13 7 0
Drop 5 0 1
Tile:3 13 6 0
Drop 4 0 1
Tile:1 12 6 0
Tile:0 2 6 1
Drop 3 0 0
Map 12 3 1
Drop 2 0 0
Drop 0 0 1
Drop 1 0 0
Drop 1 0 1
Drop 0 0 0
Drop 0 0 1
GAMEOVER DRAW
# Game ended: Thu Apr 09 16:48:51 EDT 2020
