# Server version 0.08 running on localhost:8123
# Game ID: 388
# Board class: Saboteur.SaboteurBoard
# Timeout: 2000000000
# First Move Timeout: 30000
# Date: Sat Apr 04 02:20:01 EDT 2020
# Player 1: Player-0, '260729805', running on localhost
# Player 2: Player-1, 'RandomPlayer', running on localhost
START Player-0 260729805
START Player-1 RandomPlayer
BoardInit:Tile:5,Map,Tile:10,Tile:6,Tile:9,Tile:0,Map,Destroy,Tile:0,Tile:6,Tile:9,Tile:8,Map,Tile:9,Map,Tile:8,Tile:1,Malus,Tile:11,Tile:4,Destroy,Tile:6,Tile:7,Tile:3,Bonus,Tile:5,Tile:7,Malus,Tile:6,Bonus,Tile:10,Tile:10,Tile:7,Bonus,Tile:8,Tile:2,Destroy,Tile:13,Tile:5,Tile:8,Bonus-Tile:15,Tile:5,Tile:7,Tile:6,Tile:7,Tile:9,Tile:9-Tile:0,Tile:12,Map,Tile:8,Tile:14,Tile:0,Map-Tile:hidden1,Tile:hidden2,Tile:nugget
Tile:9 4 5 1
Map 12 3 0
Tile:5 4 4 1
Map 12 5 0
Tile:10 5 6 1
Map 12 7 0
Tile:7 6 5 1
Tile:6 5 7 0
Tile:9_flip 5 4 1
Tile:0 6 7 0
Tile:5 5 3 1
Tile:12 7 7 0
Tile:0 6 3 1
Tile:0 7 3 0
Drop 1 0 1
Tile:0 8 3 0
Tile:15 4 6 1
Tile:6 9 3 0
Tile:7_flip 4 7 1
Destroy 7 7 0
Map 12 5 1
Tile:8 7 7 0
Destroy 4 6 1
Tile:8 8 7 0
Tile:1 10 3 1
Tile:9_flip 9 7 0
Tile:9 7 6 1
Tile:8 9 6 0
Tile:11_flip 9 5 1
Tile:4_flip 9 8 0
Map 12 5 1
Tile:6 10 6 0
Tile:7_flip 7 8 1
Tile:10 7 5 0
Tile:6_flip 9 4 1
Tile:5_flip 8 8 0
Tile:10 4 6 1
Tile:3 10 4 0
Destroy 6 7 1
Tile:14 11 3 0
Drop 4 0 1
Tile:8 9 2 0
Tile:9 9 1 1
Tile:2 8 6 0
Tile:5 8 4 1
Tile:13 6 7 0
Tile:7 10 1 1
Drop 3 0 0
Drop 2 0 1
Drop 2 0 0
Map 12 3 1
Drop 1 0 0
Drop 1 0 1
Malus 0 0 0
Bonus 0 0 1
GAMEOVER DRAW
# Game ended: Sat Apr 04 02:20:02 EDT 2020
