# Server version 0.08 running on macbook-pro-5.local:8123
# Game ID: 775
# Board class: Saboteur.SaboteurBoard
# Timeout: 2000000000
# First Move Timeout: 30000
# Date: Thu Apr 09 02:04:21 EDT 2020
# Player 1: Player-0, '260729805', running on macbook-pro-5.local
# Player 2: Player-1, 'Human', running on macbook-pro-5.local
START Player-0 260729805
START Player-1 Human
BoardInit:Tile:6,Tile:15,Tile:10,Tile:8,Tile:0,Tile:5,Destroy,Tile:12,Tile:0,Tile:11,Bonus,Tile:9,Tile:14,Tile:7,Tile:1,Tile:3,Map,Map,Tile:10,Destroy,Tile:0,Tile:6,Map,Map,Map,Bonus,Tile:8,Tile:9,Tile:4,Tile:7,Tile:5,Tile:9,Tile:9,Tile:8,Tile:9,Tile:7,Tile:6,Tile:5,Malus,Tile:13,Bonus-Tile:5,Tile:8,Destroy,Tile:0,Map,Bonus,Tile:2-Tile:7,Tile:7,Tile:6,Malus,Tile:10,Tile:6,Tile:8-Tile:nugget,Tile:hidden1,Tile:hidden2
Tile:0 6 5 1
Tile:7 7 5 0
Tile:8 7 6 1
Tile:7 8 6 0
Tile:6 8 7 1
Tile:6 9 7 0
Tile:0 10 7 1
Tile:6 11 7 0
Tile:10 12 6 1
Tile:10 12 4 0
GAMEOVER WINNER 0
# Game ended: Thu Apr 09 02:04:35 EDT 2020
