# Server version 0.08 running on localhost:8123
# Game ID: 140
# Board class: Saboteur.SaboteurBoard
# Timeout: 20000
# First Move Timeout: 30000
# Date: Tue Mar 31 01:12:47 EDT 2020
# Player 1: Player-0, '260729805', running on localhost
# Player 2: Player-1, 'RandomPlayer', running on localhost
START Player-0 260729805
START Player-1 RandomPlayer
BoardInit:Bonus,Bonus,Tile:9,Tile:10,Tile:0,Tile:7,Tile:6,Tile:11,Tile:1,Map,Tile:7,Tile:5,Tile:8,Destroy,Map,Malus,Map,Malus,Tile:2,Tile:13,Tile:9,Tile:9,Tile:3,Tile:8,Map,Tile:6,Tile:5,Tile:14,Tile:15,Tile:10,Tile:7,Tile:0,Bonus,Bonus,Tile:6,Tile:6,Tile:10,Tile:7,Tile:12,Tile:8,Tile:5-Tile:4,Tile:0,Destroy,Destroy,Tile:0,Map,Tile:7-Tile:8,Tile:9,Map,Tile:5,Tile:8,Tile:6,Tile:9-Tile:hidden1,Tile:hidden2,Tile:nugget
Tile:4 5 4 1
Tile:8 5 6 0
Tile:7_flip 5 7 1
Tile:9 4 5 0
Drop 4 0 1
Map 12 3 0
Tile:0 6 6 1
Tile:5_flip 6 5 0
Tile:9_flip 4 4 1
Tile:8 4 3 0
Destroy 4 3 1
Tile:6 3 4 0
Tile:7 6 7 1
Tile:9 3 3 0
Tile:0 7 6 1
Tile:10 3 2 0
Destroy 4 5 1
Tile:7 3 1 0
Tile:1 2 4 1
Tile:11 1 4 0
Tile:2_flip 4 6 1
GAMEOVER USER CANCEL UNDECIDED
# Game ended: Tue Mar 31 01:14:17 EDT 2020
