# Server version 0.08 running on macbook-pro-5.local:8123
# Game ID: 623
# Board class: Saboteur.SaboteurBoard
# Timeout: 2000000000
# First Move Timeout: 30000
# Date: Wed Apr 08 23:59:19 EDT 2020
# Player 1: Player-0, '260729805', running on macbook-pro-5.local
# Player 2: Player-1, 'Human', running on macbook-pro-5.local
START Player-0 260729805
START Player-1 Human
BoardInit:Tile:8,Tile:8,Tile:6,Tile:5,Map,Tile:6,Map,Bonus,Tile:9,Tile:9,Tile:0,Tile:12,Tile:3,Tile:7,Tile:8,Tile:13,Destroy,Tile:14,Tile:5,Map,Tile:15,Tile:10,Tile:2,Tile:8,Tile:6,Tile:7,Tile:5,Tile:8,Tile:9,Tile:0,Tile:6,Tile:1,Tile:7,Tile:4,Destroy,Destroy,Tile:11,Tile:0,Map,Tile:6,Bonus-Tile:7,Malus,Malus,Tile:10,Tile:0,Tile:9,Tile:10-Bonus,Map,Tile:5,Map,Tile:7,Tile:9,Bonus-Tile:nugget,Tile:hidden1,Tile:hidden2
Tile:0 6 5 1
Map 12 3 0
Tile:8 7 5 1
Tile:5_flip 8 5 0
Tile:9 8 4 1
Tile:7 9 4 0
Map 12 5 1
Tile:5 8 3 0
Tile:6 9 3 1
Tile:6_flip 9 2 0
