# Server version 0.08 running on macbook-pro-5.local:8123
# Game ID: 959
# Board class: Saboteur.SaboteurBoard
# Timeout: 2000000000
# First Move Timeout: 30000
# Date: Sat Apr 11 02:24:53 EDT 2020
# Player 1: Player-0, '260729805', running on macbook-pro-5.local
# Player 2: Player-1, 'RandomPlayer', running on macbook-pro-5.local
START Player-0 260729805
START Player-1 RandomPlayer
BoardInit:Tile:12,Tile:9,Map,Map,Tile:2,Map,Tile:0,Tile:1,Tile:6,Bonus,Map,Tile:7,Tile:14,Tile:7,Tile:8,Tile:8,Tile:0,Tile:8,Bonus,Tile:10,Tile:3,Tile:7,Tile:6,Bonus,Tile:10,Tile:0,Destroy,Tile:0,Tile:15,Tile:6,Tile:9,Tile:11,Tile:7,Tile:9,Tile:6,Tile:5,Tile:5,Tile:8,Tile:6,Tile:13,Destroy-Malus,Bonus,Tile:4,Tile:8,Malus,Tile:9,Tile:5-Tile:10,Tile:7,Destroy,Tile:5,Tile:9,Map,Map-Tile:hidden2,Tile:nugget,Tile:hidden1
Drop 2 0 1
Map 12 3 0
Malus 0 0 1
Drop 6 0 0
Tile:8 6 5 1
Drop 6 0 0
Tile:2_flip 7 5 1
Drop 6 0 0
Tile:9_flip 7 4 1
Drop 6 0 0
Drop 1 0 1
Bonus 0 0 0
Tile:5_flip 8 5 1
Map 12 5 0
Drop 1 0 1
Tile:7_flip 6 6 0
Drop 1 0 1
Destroy 7 5 0
Map 12 5 1
Tile:5_flip 7 6 0
Tile:8 7 5 1
Tile:10 8 4 0
Tile:14_flip 6 4 1
Tile:9 8 3 0
Tile:3 5 4 1
Tile:8 9 3 0
Tile:6 10 3 1
Tile:7 11 3 0
Tile:10 9 4 1
Tile:10 9 5 0
Drop 3 0 1
Tile:8 9 6 0
Tile:6_flip 9 2 1
Tile:7 10 6 0
Tile:9 4 5 1
Tile:9 9 7 0
Tile:6 10 7 1
Tile:7 11 7 0
Tile:7 7 3 1
Tile:8 10 2 0
Drop 1 0 1
Tile:5 8 6 0
Drop 0 0 1
Tile:6 9 8 0
Destroy 9 8 1
Tile:0 6 3 0
Tile:5_flip 9 8 1
Tile:0 8 8 0
Drop 3 0 1
Tile:11 10 1 0
Tile:6_flip 4 4 1
Tile:13 11 1 0
Drop 1 0 1
Drop 0 0 0
Tile:0 5 3 1
GAMEOVER DRAW
# Game ended: Sat Apr 11 02:25:12 EDT 2020
