# Server version 0.08 running on localhost:8123
# Game ID: 587
# Board class: Saboteur.SaboteurBoard
# Timeout: 2000000000
# First Move Timeout: 30000
# Date: Sun Apr 05 20:58:56 EDT 2020
# Player 1: Player-0, '260729805', running on localhost
# Player 2: Player-1, 'RandomPlayer', running on localhost
START Player-0 260729805
START Player-1 RandomPlayer
BoardInit:Destroy,Tile:8,Tile:6,Tile:8,Malus,Tile:9,Bonus,Tile:8,Tile:0,Map,Tile:2,Tile:9,Tile:9,Tile:9,Map,Bonus,Tile:6,Tile:15,Tile:8,Tile:4,Tile:5,Tile:7,Tile:6,Tile:7,Tile:8,Tile:6,Tile:0,Tile:7,Destroy,Tile:10,Tile:12,Tile:9,Tile:6,Map,Map,Tile:5,Map,Malus,Tile:0,Bonus,Map-Destroy,Tile:7,Tile:13,Tile:5,Tile:5,Tile:14,Tile:7-Tile:3,Bonus,Tile:1,Tile:0,Tile:10,Tile:10,Tile:11-Tile:nugget,Tile:hidden1,Tile:hidden2
Tile:7 5 4 1
Tile:0 6 5 0
Tile:14_flip 4 5 1
Tile:8 7 5 0
Tile:7 8 5 1
Tile:10 8 6 0
Tile:5_flip 7 6 1
Tile:10 8 7 0
Tile:6 5 6 1
Tile:8 8 8 0
Destroy 7 5 1
Map 12 3 0
Tile:0 7 8 1
Tile:8 7 5 0
Destroy 5 6 1
Tile:9 7 4 0
Tile:2_flip 8 4 1
Tile:9 7 3 0
Tile:6_flip 7 2 1
Tile:9_flip 8 3 0
Tile:13 8 2 1
Tile:4_flip 8 9 0
Tile:8 9 8 1
Tile:7 10 8 0
Tile:5_flip 9 4 1
Tile:7_flip 6 2 0
Tile:5 6 6 1
Tile:6 10 9 0
Tile:6_flip 6 8 1
Tile:7 11 9 0
Map 12 7 1
Tile:10 9 7 0
Tile:9_flip 9 2 1
Tile:9 9 6 0
Destroy 8 7 1
Tile:11 9 3 0
Tile:6_flip 5 8 1
Tile:5 6 1 0
Tile:8 11 10 1
Tile:3 9 1 0
Drop 2 0 1
Tile:1 10 6 0
Tile:12_flip 4 4 1
Tile:15 8 7 0
Tile:0 10 3 1
Drop 4 0 0
Map 12 3 1
Drop 3 0 0
Malus 0 0 1
Bonus 0 0 0
Map 12 3 1
Drop 1 0 0
Map 12 3 1
Drop 0 0 0
Drop 0 0 1
GAMEOVER DRAW
# Game ended: Sun Apr 05 20:58:56 EDT 2020
