# Server version 0.08 running on macbook-pro-5.local:8123
# Game ID: 898
# Board class: Saboteur.SaboteurBoard
# Timeout: 2000000000
# First Move Timeout: 30000
# Date: Sat Apr 11 01:05:47 EDT 2020
# Player 1: Player-0, '260729805', running on macbook-pro-5.local
# Player 2: Player-1, 'Human', running on macbook-pro-5.local
START Player-0 260729805
START Player-1 Human
BoardInit:Tile:5,Tile:8,Tile:10,Tile:8,Tile:5,Bonus,Map,Tile:9,Map,Tile:6,Tile:7,Tile:8,Tile:8,Map,Tile:0,Tile:7,Tile:15,Tile:8,Tile:8,Tile:13,Bonus,Tile:9,Tile:9,Map,Map,Tile:8,Bonus,Tile:1,Tile:0,Map,Map,Tile:8,Bonus,Map,Tile:8,Map,Tile:0,Bonus,Tile:8,Map,Tile:8,Tile:11,Tile:8,Malus,Tile:9,Map,Tile:8,Tile:8,Tile:6,Tile:6,Tile:8,Map,Malus,Tile:10,Tile:8,Map,Tile:7,Bonus,Map,Tile:4,Tile:7,Tile:6,Map,Map,Tile:8,Tile:14,Tile:7,Map,Destroy,Tile:2,Map,Map,Tile:0,Map,Destroy,Map,Malus,Destroy,Tile:5,Tile:8-Tile:8,Map,Tile:8,Bonus,Tile:10,Tile:8,Tile:12-Tile:6,Map,Tile:3,Malus,Malus,Tile:5,Tile:9-Tile:nugget,Tile:hidden2,Tile:hidden1
Tile:8 6 5 1
Map 12 3 0
Tile:8 7 5 1
Tile:6 8 5 0
Tile:8 9 5 1
Malus 0 0 0
Bonus 0 0 1
Malus 0 0 0
Map 12 7 1
Tile:5_flip 10 5 0
Map 12 5 1
Tile:6_flip 10 4 0
Map 12 3 1
Tile:9_flip 11 4 0
Drop 5 0 1
Tile:8 11 3 0
GAMEOVER WINNER 0
# Game ended: Sat Apr 11 01:06:10 EDT 2020
