# Server version 0.08 running on localhost:8123
# Game ID: 1044
# Board class: Saboteur.SaboteurBoard
# Timeout: 2000000000
# First Move Timeout: 30000
# Date: Sat Apr 11 14:10:38 EDT 2020
# Player 1: Player-0, '260729805', running on localhost
# Player 2: Player-1, 'Human', running on localhost
START Player-0 260729805
START Player-1 Human
BoardInit:Tile:10,Tile:7,Tile:14,Tile:7,Map,Tile:13,Tile:6,Tile:2,Tile:0,Tile:9,Bonus,Tile:6,Destroy,Tile:8,Tile:10,Destroy,Tile:0,Tile:0,Tile:7,Tile:4,Tile:5,Tile:9,Tile:12,Tile:15,Map,Tile:8,Tile:0,Tile:6,Tile:8,Map,Tile:9,Map,Tile:1,Tile:11,Tile:5,Map,Tile:9,Tile:5,Tile:9,Tile:3,Tile:7-Bonus,Tile:6,Tile:8,Tile:6,Tile:10,Malus,Bonus-Destroy,Malus,Map,Tile:5,Tile:8,Bonus,Tile:7-Tile:hidden1,Tile:nugget,Tile:hidden2
Tile:6 6 5 1
Map 12 3 0
Tile:6 7 5 1
Tile:7 8 5 0
Tile:8 8 6 1
Tile:7 9 6 0
Map 12 7 1
Tile:7_flip 9 7 0
Tile:6 10 7 1
Tile:8 11 7 0
Drop 5 0 1
