# Server version 0.08 running on localhost:8123
# Game ID: 108
# Board class: Saboteur.SaboteurBoard
# Timeout: 20000
# First Move Timeout: 30000
# Date: Tue Mar 31 00:02:03 EDT 2020
# Player 1: Player-0, '260729805', running on localhost
# Player 2: Player-1, 'RandomPlayer', running on localhost
START Player-0 260729805
START Player-1 RandomPlayer
BoardInit:Tile:7,Tile:14,Map,Tile:1,Tile:7,Tile:15,Tile:6,Map,Tile:5,Map,Tile:2,Tile:13,Tile:6,Tile:5,Tile:0,Tile:11,Tile:10,Map,Tile:8,Tile:3,Tile:8,Tile:9,Tile:9,Destroy,Tile:7,Destroy,Tile:5,Malus,Bonus,Tile:12,Tile:5,Tile:8,Tile:4,Tile:7,Tile:0,Tile:8,Tile:6,Map,Destroy,Tile:10,Malus-Tile:9,Tile:9,Tile:6,Bonus,Bonus,Tile:0,Tile:8-Bonus,Tile:0,Map,Tile:6,Tile:7,Tile:9,Tile:10-Tile:nugget,Tile:hidden1,Tile:hidden2
Tile:8 5 4 1
Tile:7_flip 4 4 0
Tile:7 4 3 1
Drop 1 0 0
Tile:6 6 4 1
Tile:6_flip 4 5 0
Tile:9 5 6 1
Tile:14 4 6 0
Tile:0 3 3 1
Tile:1 3 6 0
Drop 3 0 1
Drop 1 0 0
Tile:7 7 4 1
Drop 4 0 0
Tile:6 2 6 1
Tile:10 2 5 0
Tile:6 5 7 1
Tile:5 5 3 0
Tile:2 1 6 1
Tile:9_flip 6 3 0
Tile:0 2 3 1
Tile:3 2 4 0
Tile:8 1 3 1
Tile:13 1 4 0
Tile:5 4 7 1
Destroy 1 3 0
Tile:8 6 6 1
Destroy 5 7 0
Tile:9_flip 7 6 1
Tile:9_flip 6 7 0
Tile:9_flip 6 2 1
Tile:11 6 1 0
Tile:5_flip 6 8 1
Tile:8 7 5 0
Tile:5 6 0 1
Map 12 5 0
Tile:7_flip 0 6 1
Tile:7_flip 0 4 0
Tile:6 8 5 1
Tile:8 7 0 0
Tile:4 0 5 1
Tile:12_flip 3 5 0
Tile:0 9 5 1
Tile:10 7 7 0
Destroy 6 7 1
Drop 3 0 0
Tile:10 6 7 1
Tile:15 4 8 0
Drop 2 0 1
Drop 2 0 0
Drop 0 0 1
Map 12 7 0
Malus 0 0 1
Drop 0 0 0
Drop 0 0 1
GAMEOVER DRAW
# Game ended: Tue Mar 31 00:02:04 EDT 2020
