# Server version 0.08 running on localhost:8123
# Game ID: 768
# Board class: Saboteur.SaboteurBoard
# Timeout: 2000000000
# First Move Timeout: 30000
# Date: Thu Apr 09 01:53:06 EDT 2020
# Player 1: Player-0, '260729805', running on localhost
# Player 2: Player-1, 'RandomPlayer', running on localhost
START Player-0 260729805
START Player-1 RandomPlayer
BoardInit:Map,Tile:13,Tile:0,Malus,Bonus,Tile:5,Tile:9,Tile:6,Tile:0,Tile:0,Map,Tile:7,Tile:7,Map,Tile:11,Tile:6,Tile:6,Tile:10,Tile:5,Tile:0,Tile:9,Bonus,Tile:10,Tile:8,Map,Tile:9,Tile:8,Tile:12,Tile:7,Bonus,Tile:3,Malus,Tile:1,Tile:5,Tile:7,Map,Tile:14,Tile:15,Tile:6,Tile:2,Tile:4-Tile:8,Bonus,Destroy,Destroy,Tile:9,Tile:5,Tile:10-Tile:8,Tile:6,Destroy,Tile:7,Map,Tile:8,Tile:9-Tile:hidden1,Tile:hidden2,Tile:nugget
Tile:5 4 5 1
Tile:6 6 5 0
Tile:9 5 4 1
Tile:7 7 5 0
Destroy 5 4 1
Tile:8 7 6 0
Tile:8 8 6 1
Tile:5_flip 9 6 0
Tile:0 6 6 1
Tile:6_flip 9 5 0
Tile:9 8 7 1
Tile:0 10 5 0
Drop 6 0 1
Tile:7 11 5 0
Drop 2 0 1
Tile:8 11 6 0
Destroy 4 5 1
Tile:6 11 7 0
GAMEOVER WINNER 0
# Game ended: Thu Apr 09 01:53:07 EDT 2020
