# Server version 0.08 running on localhost:8123
# Game ID: 417
# Board class: Saboteur.SaboteurBoard
# Timeout: 2000000000
# First Move Timeout: 30000
# Date: Sat Apr 04 02:09:28 EDT 2020
# Player 1: Player-0, '260729805', running on localhost
# Player 2: Player-1, 'RandomPlayer', running on localhost
START Player-0 260729805
START Player-1 RandomPlayer
BoardInit:Tile:6,Tile:15,Tile:8,Tile:8,Tile:0,Tile:3,Malus,Tile:7,Tile:11,Tile:0,Map,Tile:9,Tile:9,Tile:10,Map,Map,Tile:14,Tile:13,Tile:5,Tile:5,Tile:9,Destroy,Map,Tile:8,Tile:5,Tile:8,Tile:8,Bonus,Tile:12,Tile:2,Bonus,Tile:9,Tile:5,Destroy,Tile:7,Tile:7,Tile:0,Bonus,Bonus,Tile:0,Map-Tile:9,Tile:6,Destroy,Tile:10,Tile:7,Tile:7,Tile:6-Tile:4,Map,Tile:6,Tile:6,Tile:1,Tile:10,Malus-Tile:hidden1,Tile:hidden2,Tile:nugget
Tile:6_flip 6 5 1
Map 12 3 0
Tile:9 5 6 1
Tile:1 7 5 0
Tile:7_flip 4 5 1
Tile:6 5 7 0
Tile:10 4 4 1
Tile:6_flip 8 5 0
Tile:6_flip 9 5 1
Tile:3 6 7 0
Tile:6_flip 4 7 1
Tile:10 6 8 0
Tile:11_flip 4 8 1
Tile:0 3 8 0
Tile:9 6 9 1
Tile:10 5 4 0
Tile:8 2 8 1
Tile:9 2 9 0
Drop 0 0 1
Tile:15 9 6 0
Tile:14_flip 5 3 1
Drop 0 0 0
Tile:5_flip 6 3 1
Tile:5_flip 6 6 0
Tile:0 10 5 1
Tile:8 2 7 0
Tile:5 2 6 1
Tile:13 6 2 0
Tile:9_flip 6 10 1
Malus 0 0 0
Map 12 3 1
Tile:7 3 6 0
Map 12 5 1
Drop 4 0 0
Malus 0 0 1
Destroy 6 2 0
Bonus 0 0 1
Destroy 7 5 0
Tile:8 7 5 1
Bonus 0 0 0
Drop 2 0 1
Tile:2 1 7 0
Tile:7_flip 4 9 1
Tile:9_flip 11 5 0
Tile:7 3 9 1
Tile:0 7 9 0
Tile:0 5 10 1
Tile:8 1 8 0
Tile:5 7 4 1
Tile:7_flip 7 6 0
Map 12 3 1
Tile:8 6 11 0
Map 12 3 1
Map 12 5 0
Drop 0 0 1
GAMEOVER DRAW
# Game ended: Sat Apr 04 02:09:28 EDT 2020
