# Server version 0.08 running on localhost:8123
# Game ID: 9
# Board class: Saboteur.SaboteurBoard
# Timeout: 20000
# First Move Timeout: 30000
# Date: Tue Mar 24 18:45:09 EDT 2020
# Player 1: Player-0, '260729805', running on localhost
# Player 2: Player-1, 'RandomPlayer', running on localhost
START Player-0 260729805
START Player-1 RandomPlayer
BoardInit:Tile:9,Tile:14,Tile:2,Tile:8,Tile:7,Destroy,Tile:12,Malus,Bonus,Tile:11,Tile:10,Map,Map,Tile:4,Tile:7,Tile:6,Bonus,Tile:0,Tile:5,Tile:6,Destroy,Tile:7,Tile:8,Bonus,Malus,Tile:15,Tile:8,Tile:9,Tile:10,Map,Tile:1,Tile:5,Map,Tile:5,Tile:6,Bonus,Map,Map,Tile:9,Tile:6,Destroy-Tile:0,Tile:8,Tile:10,Tile:0,Tile:9,Tile:9,Tile:7-Tile:8,Tile:0,Tile:13,Tile:7,Tile:5,Tile:3,Tile:6-Tile:hidden2,Tile:nugget,Tile:hidden1
Tile:9_flip 5 4 1
Drop 5 0 0
Tile:7 6 5 1
Tile:14 5 6 0
Drop 1 0 1
Tile:5 4 6 0
Tile:9 4 7 1
Tile:6_flip 5 3 0
Tile:0 4 5 1
Destroy 6 5 0
Drop 3 0 1
Tile:11_flip 6 5 0
Tile:7_flip 4 3 1
Tile:13 4 8 0
Tile:0 3 5 1
Tile:7 5 7 0
Tile:9 4 9 1
Tile:4_flip 6 6 0
Tile:12_flip 3 8 1
Tile:0 4 4 0
Tile:5 2 5 1
Tile:6 2 6 0
Tile:10 6 4 1
Tile:6_flip 6 3 0
Tile:7 3 6 1
Map 12 5 0
Destroy 4 9 1
Tile:8 5 8 0
Tile:8 7 3 1
Tile:9_flip 4 2 0
Drop 2 0 1
Tile:15 7 4 0
Tile:1 8 3 1
Tile:5 3 2 0
Map 12 3 1
Map 12 3 0
Drop 3 0 1
Drop 3 0 0
Map 12 5 1
Tile:8 9 3 0
Tile:9 4 9 1
Drop 6 0 0
Tile:8 6 8 1
Map 12 7 0
Drop 4 0 1
Drop 3 0 0
Tile:10 6 9 1
Tile:0 3 4 0
Tile:10 7 5 1
Malus 0 0 0
Destroy 5 4 1
Drop 0 0 0
Drop 0 0 1
Drop 0 0 0
Bonus 0 0 1
GAMEOVER DRAW
# Game ended: Tue Mar 24 18:45:09 EDT 2020
