# Server version 0.08 running on macbook-pro-5.local:8123
# Game ID: 960
# Board class: Saboteur.SaboteurBoard
# Timeout: 2000000000
# First Move Timeout: 30000
# Date: Sat Apr 11 02:26:18 EDT 2020
# Player 1: Player-0, '260729805', running on macbook-pro-5.local
# Player 2: Player-1, 'RandomPlayer', running on macbook-pro-5.local
START Player-0 260729805
START Player-1 RandomPlayer
BoardInit:Tile:5,Tile:10,Tile:7,Tile:7,Tile:0,Tile:8,Tile:9,Tile:6,Bonus,Tile:12,Tile:6,Bonus,Tile:1,Tile:7,Tile:15,Tile:3,Tile:11,Tile:8,Tile:0,Tile:5,Tile:10,Tile:14,Tile:8,Tile:9,Tile:9,Tile:6,Tile:7,Map,Map,Map,Tile:6,Map,Tile:0,Tile:10,Tile:13,Tile:8,Tile:5,Tile:2,Tile:9,Destroy,Map-Tile:8,Malus,Destroy,Tile:7,Bonus,Tile:0,Tile:4-Tile:6,Map,Destroy,Bonus,Malus,Tile:9,Tile:5-Tile:hidden1,Tile:hidden2,Tile:nugget
Tile:8 5 4 1
Malus 0 0 0
Malus 0 0 1
Bonus 0 0 0
Drop 0 0 1
Tile:6 6 5 0
Drop 3 0 1
Tile:5_flip 7 5 0
Drop 5 0 1
Tile:7 7 4 0
Drop 4 0 1
Tile:6_flip 6 4 0
Drop 3 0 1
Tile:9 5 6 0
Drop 2 0 1
Tile:7 6 6 0
Drop 6 0 1
Tile:10 6 7 0
Drop 2 0 1
Tile:8 6 8 0
Drop 4 0 1
Tile:8 7 8 0
Drop 5 0 1
Destroy 7 8 0
Drop 0 0 1
Tile:9_flip 7 8 0
Drop 5 0 1
Tile:5 7 7 0
Drop 2 0 1
Tile:12 8 7 0
Bonus 0 0 1
Map 12 3 0
Tile:7_flip 4 4 1
Map 12 5 0
Tile:9_flip 5 7 1
Tile:10 7 9 0
Tile:6_flip 5 3 1
Tile:8 7 10 0
Tile:11_flip 7 11 1
Tile:6 8 10 0
Tile:9 4 3 1
Destroy 8 10 0
Map 12 7 1
Tile:3 8 10 0
Tile:13 7 12 1
Tile:14 6 9 0
Tile:5 6 11 1
Tile:2 8 12 0
Tile:0 6 10 1
Drop 2 0 0
Tile:10 4 2 1
Drop 1 0 0
Map 12 3 1
Drop 0 0 0
Drop 0 0 1
GAMEOVER DRAW
# Game ended: Sat Apr 11 02:26:19 EDT 2020
