# Server version 0.08 running on localhost:8123
# Game ID: 722
# Board class: Saboteur.SaboteurBoard
# Timeout: 2000000000
# First Move Timeout: 30000
# Date: Thu Apr 09 01:30:52 EDT 2020
# Player 1: Player-0, '260729805', running on localhost
# Player 2: Player-1, 'Human', running on localhost
START Player-0 260729805
START Player-1 Human
BoardInit:Tile:0,Map,Tile:5,Tile:7,Map,Tile:7,Tile:8,Map,Destroy,Tile:0,Map,Tile:11,Tile:8,Tile:9,Tile:7,Malus,Tile:6,Tile:14,Tile:6,Tile:5,Tile:3,Malus,Tile:9,Tile:7,Map,Tile:6,Tile:9,Destroy,Tile:6,Tile:12,Tile:9,Map,Tile:5,Tile:2,Tile:10,Tile:8,Tile:13,Tile:0,Tile:10,Tile:1,Tile:0-Tile:5,Tile:8,Tile:7,Tile:6,Tile:10,Tile:15,Tile:4-Bonus,Bonus,Tile:8,Destroy,Bonus,Tile:9,Bonus-Tile:hidden1,Tile:hidden2,Tile:nugget
Tile:4 5 4 1
Tile:8 6 5 0
Tile:10 6 4 1
Tile:9_flip 7 5 0
Tile:5 7 4 1
Tile:7 8 4 0
Map 12 7 1
Tile:7_flip 8 5 0
Tile:5 6 3 1
Destroy 5 4 0
Tile:15 5 4 1
Tile:0 9 5 0
Drop 6 0 1
Tile:11 7 6 0
Destroy 5 4 1
Tile:9_flip 6 6 0
Tile:7 8 6 1
Drop 6 0 0
Tile:7 10 5 1
Tile:14 10 6 0
Tile:6 8 7 1
Tile:5_flip 6 7 0
Tile:6 9 7 1
Drop 6 0 0
Drop 5 0 1
Tile:7_flip 5 7 0
Drop 6 0 1
Tile:6 7 3 0
Tile:0 8 3 1
Destroy 10 6 0
Tile:9 10 6 1
Tile:12 11 6 0
Tile:8 5 6 1
Drop 6 0 0
Tile:8 4 6 1
Tile:2_flip 10 7 0
Tile:6 3 6 1
Tile:8 9 3 0
Tile:8 2 6 1
Drop 6 0 0
Tile:6 1 6 1
Tile:1 10 3 0
Tile:0 0 6 1
Drop 5 0 0
GAMEOVER USER CANCEL UNDECIDED
# Game ended: Thu Apr 09 01:32:36 EDT 2020
