# Server version 0.08 running on localhost:8123
# Game ID: 90
# Board class: Saboteur.SaboteurBoard
# Timeout: 20000
# First Move Timeout: 30000
# Date: Mon Mar 30 18:40:08 EDT 2020
# Player 1: Player-0, '260729805', running on localhost
# Player 2: Player-1, 'RandomPlayer', running on localhost
START Player-0 260729805
START Player-1 RandomPlayer
BoardInit:Map,Bonus,Malus,Tile:5,Tile:8,Tile:6,Bonus,Tile:8,Destroy,Tile:9,Tile:7,Tile:0,Tile:0,Tile:9,Tile:7,Tile:1,Tile:6,Tile:8,Tile:2,Map,Destroy,Map,Bonus,Tile:14,Tile:8,Bonus,Tile:13,Tile:11,Tile:12,Destroy,Tile:10,Tile:4,Tile:10,Map,Tile:15,Tile:9,Tile:8,Tile:5,Tile:6,Tile:6,Map-Tile:7,Tile:7,Tile:9,Tile:9,Tile:5,Malus,Tile:6-Tile:10,Tile:5,Tile:0,Tile:0,Map,Tile:3,Tile:7-Tile:hidden1,Tile:nugget,Tile:hidden2
Tile:6 6 5 1
Drop 6 0 0
Drop 1 0 1
Drop 6 0 0
Tile:9 4 5 1
Drop 6 0 0
Tile:9_flip 5 6 1
Drop 6 0 0
Map 12 5 1
Drop 6 0 0
Drop 2 0 1
Drop 6 0 0
Tile:5 6 4 1
Drop 6 0 0
Tile:7 7 5 1
Drop 6 0 0
Tile:7_flip 7 6 1
Drop 6 0 0
Tile:7 5 4 1
Drop 6 0 0
Tile:2_flip 5 7 1
Drop 6 0 0
Tile:6 4 6 1
Drop 6 0 0
Destroy 7 5 1
Drop 6 0 0
Tile:0 3 6 1
Drop 6 0 0
Tile:13 2 6 1
Drop 6 0 0
Drop 3 0 1
Drop 6 0 0
Tile:8 7 5 1
