# Server version 0.08 running on localhost:8123
# Game ID: 543
# Board class: Saboteur.SaboteurBoard
# Timeout: 2000000000
# First Move Timeout: 30000
# Date: Sun Apr 05 19:35:24 EDT 2020
# Player 1: Player-0, '260729805', running on localhost
# Player 2: Player-1, 'RandomPlayer', running on localhost
START Player-0 260729805
START Player-1 RandomPlayer
BoardInit:Tile:0,Tile:7,Destroy,Tile:9,Bonus,Tile:6,Map,Malus,Tile:12,Map,Tile:0,Tile:8,Tile:15,Bonus,Tile:5,Destroy,Map,Tile:6,Tile:1,Tile:5,Tile:13,Tile:8,Tile:9,Map,Tile:8,Tile:5,Tile:7,Tile:4,Tile:6,Tile:7,Tile:11,Tile:14,Tile:8,Tile:0,Tile:9,Tile:6,Malus,Map,Tile:10,Tile:6,Tile:3-Map,Bonus,Tile:0,Bonus,Tile:7,Destroy,Tile:10-Tile:9,Tile:7,Tile:10,Tile:9,Tile:5,Tile:2,Tile:8-Tile:hidden1,Tile:nugget,Tile:hidden2
Drop 5 0 1
Tile:8 5 4 0
Tile:7 6 4 1
Tile:7_flip 4 5 0
Destroy 4 5 1
Tile:9 5 6 0
Tile:10 5 7 1
Tile:9_flip 5 8 0
Tile:0 4 5 1
Tile:6 3 5 0
Tile:12_flip 4 8 1
Map 12 3 0
Drop 0 0 1
Tile:8 6 5 0
Tile:0 2 5 1
Tile:9 3 4 0
Tile:5 3 3 1
Tile:5_flip 7 5 0
Map 12 7 1
Destroy 5 4 0
Map 12 7 1
Tile:5_flip 4 4 0
Drop 5 0 1
Tile:10 7 4 0
Tile:9_flip 7 3 1
Map 12 5 0
Tile:13 4 3 1
Tile:8 5 9 0
Tile:8 1 5 1
Tile:6 0 5 0
Tile:7 5 3 1
Tile:2_flip 6 9 0
Tile:11 4 2 1
Tile:7_flip 6 3 0
Tile:6_flip 4 9 1
Tile:4 6 2 0
Tile:9 7 2 1
Tile:7 4 1 0
Tile:15 0 4 1
Tile:14_flip 1 4 0
Tile:8 6 6 1
Tile:6 7 9 0
Tile:3 0 3 1
Tile:6 1 6 0
Tile:10 7 8 1
Tile:5_flip 2 4 0
Tile:0 2 6 1
Tile:0 0 6 0
Drop 2 0 1
Drop 2 0 0
Drop 0 0 1
Drop 1 0 0
Malus 0 0 1
Drop 0 0 0
Drop 0 0 1
GAMEOVER DRAW
# Game ended: Sun Apr 05 19:36:27 EDT 2020
