# Server version 0.08 running on localhost:8123
# Game ID: 510
# Board class: Saboteur.SaboteurBoard
# Timeout: 2000000000
# First Move Timeout: 30000
# Date: Sun Apr 05 18:25:24 EDT 2020
# Player 1: Player-0, '260729805', running on localhost
# Player 2: Player-1, 'RandomPlayer', running on localhost
START Player-0 260729805
START Player-1 RandomPlayer
BoardInit:Tile:9,Tile:9,Tile:13,Bonus,Bonus,Malus,Tile:6,Map,Map,Tile:8,Tile:10,Tile:9,Tile:7,Tile:14,Tile:6,Tile:10,Tile:11,Map,Tile:9,Tile:9,Tile:8,Tile:5,Map,Destroy,Tile:8,Tile:8,Tile:10,Tile:7,Tile:12,Bonus,Destroy,Tile:0,Map,Destroy,Tile:2,Bonus,Tile:6,Tile:0,Tile:3,Tile:4,Tile:15-Tile:6,Tile:0,Tile:5,Tile:5,Tile:0,Tile:6,Tile:7-Tile:7,Tile:1,Tile:5,Tile:7,Tile:8,Malus,Map-Tile:hidden2,Tile:nugget,Tile:hidden1
Tile:5_flip 5 6 1
Map 12 3 0
Tile:5 5 4 1
Tile:5_flip 6 5 0
Tile:13 4 5 1
Tile:7_flip 4 6 0
Tile:9_flip 4 4 1
Tile:7_flip 3 5 0
Tile:6_flip 4 3 1
Map 12 5 0
Tile:0 3 3 1
Tile:1 5 3 0
Tile:6_flip 3 4 1
Drop 6 0 0
Tile:7 6 4 1
Tile:14 6 3 0
Tile:6_flip 6 2 1
Drop 6 0 0
Tile:7_flip 2 3 1
Tile:8 7 2 0
Tile:6_flip 2 4 1
Tile:9_flip 8 2 0
Drop 1 0 1
Tile:8 8 3 0
Tile:11_flip 7 1 1
Tile:9_flip 9 3 0
Tile:0 1 4 1
Tile:8 9 4 0
Drop 0 0 1
