# Server version 0.08 running on macbook-pro-5.local:8123
# Game ID: 935
# Board class: Saboteur.SaboteurBoard
# Timeout: 2000000000
# First Move Timeout: 30000
# Date: Sat Apr 11 02:06:01 EDT 2020
# Player 1: Player-0, '260729805', running on macbook-pro-5.local
# Player 2: Player-1, 'RandomPlayer', running on macbook-pro-5.local
START Player-0 260729805
START Player-1 RandomPlayer
BoardInit:Tile:5,Tile:6,Tile:0,Map,Tile:10,Tile:8,Map,Tile:10,Tile:12,Tile:7,Tile:6,Tile:7,Tile:0,Tile:6,Malus,Tile:10,Tile:6,Tile:7,Tile:7,Tile:2,Tile:8,Tile:0,Tile:9,Bonus,Bonus,Tile:9,Tile:7,Malus,Destroy,Tile:5,Destroy,Tile:8,Destroy,Tile:9,Tile:15,Tile:1,Map,Map,Tile:6,Tile:8,Bonus-Tile:11,Tile:5,Tile:9,Tile:3,Tile:4,Tile:0,Tile:14-Bonus,Tile:9,Map,Tile:5,Tile:8,Tile:13,Map-Tile:hidden2,Tile:nugget,Tile:hidden1
Tile:9 5 4 1
Map 12 3 0
Tile:0 4 5 1
Map 12 5 0
Tile:14 5 6 1
Tile:5_flip 6 5 0
Tile:5 5 3 1
Tile:6_flip 6 4 0
Tile:5_flip 6 3 1
Tile:9_flip 7 4 0
Tile:4_flip 7 5 1
Tile:10 7 3 0
Tile:11 6 2 1
Tile:7 7 2 0
Drop 2 0 1
Tile:7 6 1 0
Tile:3_flip 3 5 1
Tile:6 5 1 0
Tile:0 4 1 1
Tile:7 5 0 0
Tile:12_flip 4 0 1
Tile:8 3 4 0
Tile:6_flip 3 1 1
Tile:0 4 6 0
Tile:7 3 3 1
Tile:8 2 4 0
Tile:8 2 3 1
Tile:10 2 5 0
Tile:6_flip 3 6 1
Malus 0 0 0
Destroy 3 6 1
Tile:9 2 6 0
Destroy 5 4 1
Tile:8 5 4 0
Destroy 6 3 1
Tile:5_flip 6 3 0
Drop 0 0 1
Tile:9 2 7 0
Map 12 5 1
Drop 5 0 0
Drop 4 0 1
Tile:8 3 7 0
Drop 4 0 1
Drop 3 0 0
Drop 1 0 1
Drop 1 0 0
Drop 4 0 1
Drop 3 0 0
Drop 2 0 1
Drop 2 0 0
Drop 0 0 1
Drop 1 0 0
Drop 1 0 1
Drop 0 0 0
Drop 0 0 1
GAMEOVER DRAW
# Game ended: Sat Apr 11 02:06:01 EDT 2020
