# Server version 0.08 running on macbook-pro-5.local:8123
# Game ID: 893
# Board class: Saboteur.SaboteurBoard
# Timeout: 2000000000
# First Move Timeout: 30000
# Date: Sat Apr 11 00:51:59 EDT 2020
# Player 1: Player-0, '260729805', running on macbook-pro-5.local
# Player 2: Player-1, 'Human', running on macbook-pro-5.local
START Player-0 260729805
START Player-1 Human
BoardInit:Tile:5,Tile:12,Malus,Map,Tile:6,Map,Tile:7,Bonus,Tile:8,Tile:10,Bonus,Malus,Destroy,Malus,Bonus,Tile:0,Map,Malus,Tile:8,Tile:6,Tile:8,Map,Map,Tile:8,Tile:8,Tile:9,Map,Tile:1,Map,Map,Map,Map,Bonus,Tile:5,Tile:8,Map,Map,Map,Tile:9,Bonus,Tile:2,Map,Tile:6,Map,Malus,Map,Tile:6,Tile:8,Tile:8,Map,Tile:7,Tile:8,Tile:8,Tile:7,Tile:0,Tile:13,Tile:9,Tile:8,Tile:7,Tile:8,Tile:3,Map,Destroy,Map,Tile:8,Tile:10,Tile:8,Tile:15,Tile:8,Tile:8,Tile:8,Tile:8,Tile:4,Tile:0,Tile:11,Tile:14,Tile:0,Tile:5,Map,Tile:7-Tile:5,Destroy,Tile:8,Tile:9,Map,Bonus,Map-Tile:8,Tile:10,Tile:9,Tile:8,Bonus,Map,Tile:6-Tile:nugget,Tile:hidden2,Tile:hidden1
Map 12 5 1
Tile:6 6 5 0
Tile:8 7 5 1
Tile:8 8 5 0
Tile:9 8 6 1
Tile:9_flip 9 5 0
Tile:6 9 6 1
Tile:10 9 4 0
Tile:7 10 6 1
Tile:8 9 3 0
Tile:8 8 3 1
Tile:10 9 2 0
