# Server version 0.08 running on localhost:8123
# Game ID: 855
# Board class: Saboteur.SaboteurBoard
# Timeout: 2000000000
# First Move Timeout: 30000
# Date: Fri Apr 10 23:13:20 EDT 2020
# Player 1: Player-0, '260729805', running on localhost
# Player 2: Player-1, 'Human', running on localhost
START Player-0 260729805
START Player-1 Human
BoardInit:Malus,Tile:0,Tile:8,Malus,Malus,Map,Malus,Tile:7,Malus,Tile:8,Bonus,Map,Malus,Tile:10,Tile:12,Tile:5,Tile:7,Tile:8,Tile:8,Tile:3,Tile:9,Malus,Tile:8,Malus,Malus,Tile:7,Tile:8,Tile:8,Destroy,Tile:8,Tile:11,Tile:8,Tile:8,Tile:14,Tile:1,Tile:10,Tile:13,Destroy,Tile:8,Malus,Malus,Tile:6,Map,Tile:5,Malus,Malus,Tile:8,Tile:6,Map,Tile:8,Map,Map,Tile:15,Tile:9,Tile:8,Tile:9,Bonus,Tile:8,Tile:8,Bonus,Tile:8,Tile:6,Tile:0,Tile:10,Tile:0,Destroy,Tile:9,Tile:5,Malus,Tile:7,Tile:8,Tile:8,Tile:6,Malus,Malus,Malus,Tile:6-Tile:8,Malus,Malus,Tile:2,Tile:7,Tile:9,Malus-Tile:0,Tile:8,Tile:5,Bonus,Malus,Malus,Tile:4-Tile:hidden2,Tile:hidden1,Tile:nugget
Tile:7 6 5 1
Tile:5_flip 6 6 0
Drop 3 0 1
Tile:8 5 4 0
Drop 4 0 1
Tile:0 6 4 0
Tile:8 7 4 1
Map 12 3 0
Tile:8 8 4 1
Tile:0 9 4 0
Drop 6 0 1
Tile:7 10 4 0
Tile:9 10 5 1
Map 12 5 0
Drop 6 0 1
Tile:8 10 6 0
Drop 6 0 1
Tile:5_flip 11 5 0
Drop 5 0 1
Malus 0 0 0
Drop 4 0 1
Malus 0 0 0
Drop 3 0 1
Malus 0 0 0
Drop 2 0 1
Malus 0 0 0
Drop 1 0 1
Malus 0 0 0
Drop 5 0 1
Tile:7 11 6 0
