# Server version 0.08 running on localhost:8123
# Game ID: 581
# Board class: Saboteur.SaboteurBoard
# Timeout: 2000000000
# First Move Timeout: 30000
# Date: Sun Apr 05 20:58:01 EDT 2020
# Player 1: Player-0, '260729805', running on localhost
# Player 2: Player-1, 'RandomPlayer', running on localhost
START Player-0 260729805
START Player-1 RandomPlayer
BoardInit:Tile:9,Tile:5,Bonus,Tile:0,Destroy,Tile:6,Tile:6,Tile:7,Tile:9,Tile:4,Tile:5,Tile:15,Tile:8,Tile:7,Tile:8,Map,Tile:11,Tile:3,Map,Tile:6,Tile:10,Tile:12,Destroy,Tile:7,Tile:1,Tile:14,Tile:7,Tile:9,Tile:5,Tile:13,Malus,Tile:10,Bonus,Tile:0,Tile:8,Destroy,Tile:5,Tile:10,Tile:6,Map,Tile:7-Bonus,Tile:9,Tile:9,Tile:2,Tile:8,Tile:0,Tile:8-Bonus,Map,Tile:6,Map,Map,Malus,Tile:0-Tile:hidden1,Tile:nugget,Tile:hidden2
Tile:9_flip 5 6 1
Map 12 3 0
Drop 1 0 1
Map 12 5 0
Tile:9_flip 5 4 1
Tile:6 6 5 0
Tile:8 7 5 1
Tile:0 8 5 0
Tile:6_flip 5 3 1
Tile:5_flip 9 5 0
Tile:2 6 3 1
Tile:6_flip 9 4 0
Tile:9 6 4 1
Tile:0 10 4 0
Destroy 6 4 1
Tile:7_flip 8 4 0
Drop 5 0 1
Tile:7 8 3 0
Tile:0 4 5 1
Tile:4 7 4 0
Tile:11 4 3 1
Tile:6 7 6 0
Tile:8 3 5 1
Tile:12 8 6 0
Destroy 9 5 1
Tile:7_flip 5 7 0
Tile:5 3 4 1
Tile:14 9 5 0
Map 12 3 1
Tile:9_flip 6 7 0
Tile:8 3 6 1
Drop 6 0 0
Tile:10 3 7 1
Tile:10 6 4 0
Drop 4 0 1
Tile:0 4 6 0
Tile:7_flip 6 8 1
Destroy 9 5 0
Tile:1 11 4 1
Tile:10 3 8 0
Tile:6 12 4 1
Tile:3 7 8 0
Drop 0 0 1
Tile:15 7 9 0
Drop 4 0 1
Drop 4 0 0
Tile:8 2 6 1
Drop 3 0 0
Drop 2 0 1
Drop 2 0 0
Malus 0 0 1
Bonus 0 0 0
Drop 1 0 1
Drop 0 0 0
Drop 0 0 1
GAMEOVER DRAW
# Game ended: Sun Apr 05 20:58:01 EDT 2020
