# Server version 0.08 running on localhost:8123
# Game ID: 13
# Board class: Saboteur.SaboteurBoard
# Timeout: 20000
# First Move Timeout: 30000
# Date: Tue Mar 24 19:42:17 EDT 2020
# Player 1: Player-0, '260729805', running on localhost
# Player 2: Player-1, 'RandomPlayer', running on localhost
START Player-0 260729805
START Player-1 RandomPlayer
BoardInit:Tile:8,Map,Tile:15,Tile:9,Destroy,Tile:6,Bonus,Tile:7,Tile:5,Tile:14,Tile:11,Tile:8,Tile:7,Tile:6,Tile:6,Tile:3,Tile:9,Tile:9,Tile:8,Tile:8,Destroy,Map,Tile:0,Map,Map,Tile:10,Tile:7,Tile:5,Tile:2,Tile:13,Bonus,Bonus,Tile:10,Tile:0,Tile:5,Map,Tile:7,Malus,Map,Tile:10,Tile:0-Tile:6,Bonus,Destroy,Tile:5,Tile:9,Tile:8,Tile:12-Tile:0,Tile:4,Malus,Tile:1,Tile:6,Tile:9,Tile:7-Tile:nugget,Tile:hidden2,Tile:hidden1
Tile:6 6 5 1
Tile:6 7 5 0
Tile:8 6 4 1
Tile:9 4 5 0
Tile:9_flip 6 3 1
Drop 1 0 0
Tile:12_flip 5 3 1
Tile:9_flip 5 6 0
Tile:8 7 4 1
Tile:7 6 2 0
Destroy 7 4 1
Tile:7 7 4 0
Destroy 5 3 1
Tile:8 5 7 0
Tile:7 8 5 1
Tile:6 5 3 0
Tile:11 8 6 1
Tile:6_flip 5 4 0
Drop 1 0 1
Tile:14_flip 4 4 0
Tile:5 5 2 1
Tile:1 6 7 0
Destroy 5 3 1
Tile:3_flip 4 6 0
Drop 4 0 1
Tile:9 8 7 0
Drop 0 0 1
Map 12 5 0
Tile:6 8 8 1
Map 12 3 0
Tile:2 7 8 1
Tile:0 4 7 0
Map 12 3 1
Map 12 5 0
Tile:8 9 7 1
Drop 0 0 0
Tile:7_flip 5 3 1
Drop 3 0 0
Tile:0 6 8 1
Tile:8 5 8 0
Tile:5_flip 7 7 1
Map 12 5 0
Tile:0 10 7 1
Tile:5_flip 9 8 0
Drop 1 0 1
Drop 3 0 0
Map 12 3 1
Tile:0 4 8 0
Drop 3 0 1
Tile:10 5 9 0
Drop 1 0 1
Tile:10 7 9 0
Tile:10 7 10 1
Drop 0 0 0
Drop 0 0 1
GAMEOVER DRAW
# Game ended: Tue Mar 24 19:42:17 EDT 2020
