# Server version 0.08 running on localhost:8123
# Game ID: 58
# Board class: Saboteur.SaboteurBoard
# Timeout: 20000
# First Move Timeout: 30000
# Date: Sun Mar 29 23:18:29 EDT 2020
# Player 1: Player-0, '260729805', running on localhost
# Player 2: Player-1, 'RandomPlayer', running on localhost
START Player-0 260729805
START Player-1 RandomPlayer
BoardInit:Map,Tile:0,Map,Tile:9,Tile:4,Tile:0,Destroy,Tile:0,Tile:2,Tile:9,Tile:13,Tile:15,Tile:5,Malus,Tile:7,Tile:11,Tile:6,Map,Tile:8,Bonus,Tile:6,Tile:1,Tile:5,Malus,Tile:10,Destroy,Tile:5,Tile:0,Map,Tile:14,Bonus,Tile:10,Tile:6,Destroy,Tile:7,Tile:7,Tile:7,Tile:8,Tile:9,Tile:10,Tile:8-Map,Tile:8,Tile:9,Bonus,Tile:8,Tile:6,Bonus-Map,Tile:3,Tile:12,Tile:7,Tile:6,Tile:5,Tile:9-Tile:nugget,Tile:hidden2,Tile:hidden1
Tile:9_flip 5 4 1
Drop 5 0 0
Tile:6_flip 5 3 1
Tile:6_flip 4 5 0
Tile:8 6 3 1
Tile:12_flip 4 4 0
Tile:4_flip 4 6 1
Tile:9_flip 7 3 0
Destroy 4 5 1
Tile:9 7 2 0
Drop 2 0 1
Tile:9_flip 7 4 0
Tile:2_flip 8 2 1
Tile:0 4 3 0
Map 12 7 1
Tile:3_flip 5 6 0
Tile:7 7 1 1
Tile:15 6 2 0
Map 12 3 1
Tile:0 9 2 0
Map 12 7 1
Tile:7 6 5 0
Drop 1 0 1
Tile:11_flip 6 6 0
Tile:8 10 2 1
Tile:1 11 2 0
Tile:6_flip 12 2 1
Destroy 6 2 0
Tile:13 3 3 1
Drop 5 0 0
Tile:5 8 1 1
Tile:0 2 3 0
Drop 6 0 1
Drop 1 0 0
Tile:10 7 5 1
Tile:14 3 4 0
Tile:7_flip 6 4 1
Drop 3 0 0
Tile:6_flip 6 1 1
Destroy 6 5 0
Tile:7 6 5 1
Tile:10 6 2 0
Tile:5 5 1 1
Tile:10 10 3 0
Tile:9_flip 10 4 1
Map 12 5 0
Tile:5_flip 9 1 1
Drop 0 0 0
Map 12 3 1
Drop 2 0 0
Tile:6_flip 9 0 1
Tile:7 3 2 0
Tile:8 13 2 1
Drop 0 0 0
Drop 0 0 1
GAMEOVER DRAW
# Game ended: Sun Mar 29 23:19:14 EDT 2020
