# Server version 0.08 running on macbook-pro-5.local:8123
# Game ID: 596
# Board class: Saboteur.SaboteurBoard
# Timeout: 2000000000
# First Move Timeout: 30000
# Date: Wed Apr 08 22:55:07 EDT 2020
# Player 1: Player-0, '260729805', running on macbook-pro-5.local
# Player 2: Player-1, 'RandomPlayer', running on macbook-pro-5.local
START Player-0 260729805
START Player-1 RandomPlayer
BoardInit:Tile:8,Tile:6,Tile:8,Tile:15,Map,Tile:8,Tile:0,Tile:5,Malus,Destroy,Tile:8,Tile:8,Destroy,Destroy,Tile:5,Destroy,Tile:9,Destroy,Tile:13,Tile:4,Tile:8,Destroy,Tile:7,Destroy,Destroy,Tile:9,Map,Map,Tile:8,Tile:9,Tile:10,Tile:0,Destroy,Tile:6,Tile:9,Tile:8,Tile:9,Tile:0,Bonus,Tile:8,Tile:8,Tile:8,Tile:8,Tile:8,Tile:8,Tile:3,Tile:1,Tile:10,Tile:5,Tile:8,Tile:8,Tile:12,Tile:11,Tile:7,Destroy,Tile:10,Map,Bonus,Bonus,Tile:7,Tile:0,Tile:8,Tile:5,Bonus,Tile:7-Tile:6,Malus,Tile:8,Tile:8,Tile:8,Map,Tile:6-Tile:14,Tile:6,Map,Destroy,Tile:8,Tile:7,Tile:2-Tile:hidden2,Tile:hidden1,Tile:nugget
Tile:8 4 5 1
Tile:6 6 5 0
Tile:6 7 5 1
Tile:7 8 5 0
Tile:8 7 4 1
Tile:6 8 6 0
Tile:8 5 6 1
Tile:8 9 6 0
Tile:8 6 4 1
Tile:5_flip 10 6 0
Drop 1 0 1
Tile:8 9 7 0
Malus 0 0 1
Destroy 10 6 0
Destroy 9 6 1
Drop 3 0 0
Tile:5_flip 10 7 1
Drop 2 0 0
Tile:9_flip 5 7 1
Drop 0 0 0
Tile:0 6 6 1
Drop 6 0 0
Tile:8 9 6 1
Drop 6 0 0
Map 12 7 1
Drop 6 0 0
Tile:8 4 7 1
Drop 6 0 0
Tile:8 10 6 1
Destroy 10 6 0
Tile:13 5 8 1
Destroy 5 8 0
Tile:10 9 5 1
Drop 6 0 0
Tile:6 9 8 1
Drop 6 0 0
Drop 6 0 1
Drop 6 0 0
Map 12 5 1
Drop 6 0 0
Destroy 9 6 1
Drop 6 0 0
Tile:7 4 4 1
Destroy 6 5 0
Tile:8 4 6 1
Map 12 5 0
Destroy 6 4 1
Map 12 3 0
Tile:8 3 4 1
Drop 6 0 0
Tile:5 8 7 1
Destroy 8 6 0
Tile:1 10 8 1
Drop 4 0 0
Tile:11_flip 9 4 1
Drop 0 0 0
Tile:9_flip 7 3 1
Drop 0 0 0
Tile:8 10 6 1
Bonus 0 0 0
Tile:8 5 8 1
Tile:7_flip 8 6 0
Tile:8 7 2 1
Tile:8 7 1 0
Tile:5 10 5 1
Tile:8 11 5 0
Drop 6 0 1
Tile:12 11 8 0
Drop 1 0 1
Tile:7_flip 3 6 0
Tile:0 8 4 1
Tile:8 6 8 0
Destroy 9 8 1
Tile:10 9 3 0
Map 12 7 1
Tile:8 3 3 0
Drop 1 0 1
Drop 0 0 0
Malus 0 0 1
GAMEOVER DRAW
# Game ended: Wed Apr 08 22:55:08 EDT 2020
