# Server version 0.08 running on macbook-pro-5.local:8123
# Game ID: 1042
# Board class: Saboteur.SaboteurBoard
# Timeout: 2000000000
# First Move Timeout: 30000
# Date: Sat Apr 11 14:06:45 EDT 2020
# Player 1: Player-0, '260729805', running on macbook-pro-5.local
# Player 2: Player-1, 'Human', running on macbook-pro-5.local
START Player-0 260729805
START Player-1 Human
BoardInit:Malus,Map,Tile:0,Tile:8,Tile:11,Tile:5,Tile:8,Destroy,Tile:7,Tile:8,Map,Tile:8,Map,Tile:10,Tile:10,Tile:9,Tile:10,Tile:9,Bonus,Tile:4,Tile:5,Map,Tile:6,Bonus,Tile:5,Tile:14,Tile:15,Bonus,Map,Tile:0,Tile:5,Tile:7,Tile:6,Tile:7,Tile:12,Tile:3,Tile:1,Tile:6,Tile:7,Map,Tile:0-Tile:8,Tile:9,Tile:0,Tile:7,Tile:2,Destroy,Malus-Tile:6,Tile:6,Destroy,Tile:9,Tile:13,Tile:9,Bonus-Tile:hidden2,Tile:hidden1,Tile:nugget
Tile:0 6 5 1
Tile:6 7 5 0
Tile:8 8 5 1
Map 12 3 0
Tile:0 9 5 1
Tile:6 8 6 0
Tile:7 10 5 1
Tile:9 10 6 0
Tile:8 11 6 1
Tile:9_flip 12 6 0
GAMEOVER WINNER 0
# Game ended: Sat Apr 11 14:08:01 EDT 2020
