# Server version 0.08 running on macbook-pro-5.local:8123
# Game ID: 837
# Board class: Saboteur.SaboteurBoard
# Timeout: 2000000000
# First Move Timeout: 30000
# Date: Thu Apr 09 16:33:00 EDT 2020
# Player 1: Player-0, '260729805', running on macbook-pro-5.local
# Player 2: Player-1, 'RandomPlayer', running on macbook-pro-5.local
START Player-0 260729805
START Player-1 RandomPlayer
BoardInit:Tile:0,Tile:6,Tile:15,Map,Tile:0,Tile:11,Tile:9,Tile:1,Map,Tile:10,Tile:8,Tile:5,Tile:2,Tile:6,Destroy,Tile:7,Tile:10,Tile:7,Tile:14,Tile:0,Bonus,Malus,Tile:9,Bonus,Tile:8,Tile:6,Map,Map,Tile:0,Tile:9,Tile:8,Tile:8,Tile:9,Bonus,Tile:9,Tile:7,Tile:5,Bonus,Malus,Tile:6,Tile:5-Map,Tile:3,Tile:5,Tile:12,Tile:13,Tile:8,Destroy-Tile:7,Map,Tile:6,Tile:10,Tile:7,Tile:4,Destroy-Tile:hidden2,Tile:hidden1,Tile:nugget
Drop 3 0 1
Drop 3 0 0
Drop 1 0 1
Tile:6_flip 5 4 0
Drop 4 0 1
Tile:6 4 5 0
Tile:0 6 4 1
Drop 2 0 0
Tile:13 5 6 1
Tile:11 4 4 0
Drop 0 0 1
Tile:1 4 6 0
Tile:9 3 5 1
Drop 0 0 0
Tile:8 5 7 1
Destroy 5 6 0
Tile:8 6 7 1
Tile:7 7 4 0
Drop 1 0 1
Tile:7 6 6 0
Destroy 5 4 1
Tile:5 4 3 0
Tile:10 3 4 1
Tile:4_flip 7 5 0
Drop 2 0 1
Map 12 7 0
Tile:8 5 4 1
Tile:6 6 8 0
Drop 6 0 1
Drop 3 0 0
Tile:2_flip 3 6 1
Drop 3 0 0
Tile:9_flip 3 3 1
Map 12 3 0
Tile:0 7 7 1
Tile:8 5 6 0
Tile:9 2 3 1
Tile:7 8 7 0
Tile:9 5 8 1
Tile:9_flip 3 2 0
Drop 4 0 1
Drop 6 0 0
Tile:14 2 4 1
Map 12 5 0
Tile:5 2 2 1
Tile:0 2 6 0
Tile:0 7 8 1
Tile:6 5 9 0
Tile:5 3 1 1
Drop 2 0 0
Tile:5_flip 4 1 1
Tile:10 4 0 0
Malus 0 0 1
Bonus 0 0 0
Drop 0 0 1
GAMEOVER DRAW
# Game ended: Thu Apr 09 16:33:01 EDT 2020
