# Server version 0.08 running on localhost:8123
# Game ID: 504
# Board class: Saboteur.SaboteurBoard
# Timeout: 2000000000
# First Move Timeout: 30000
# Date: Sun Apr 05 18:17:20 EDT 2020
# Player 1: Player-0, '260729805', running on localhost
# Player 2: Player-1, 'Human', running on localhost
START Player-0 260729805
START Player-1 Human
BoardInit:Tile:5,Tile:7,Tile:7,Tile:9,Bonus,Tile:6,Tile:15,Destroy,Tile:6,Tile:7,Tile:4,Tile:6,Tile:8,Destroy,Tile:11,Tile:10,Tile:7,Tile:9,Tile:14,Tile:10,Tile:9,Map,Bonus,Bonus,Tile:0,Map,Bonus,Map,Tile:5,Tile:8,Map,Tile:9,Malus,Tile:6,Tile:5,Tile:1,Tile:7,Tile:8,Destroy,Tile:0,Tile:8-Tile:0,Tile:2,Map,Tile:6,Tile:5,Tile:13,Malus-Tile:12,Tile:0,Tile:9,Map,Tile:3,Tile:8,Tile:10-Tile:nugget,Tile:hidden1,Tile:hidden2
Tile:6 6 5 1
Map 12 3 0
Tile:0 7 5 1
Tile:0 8 5 0
Tile:7 9 5 1
Tile:7_flip 9 6 0
Drop 0 0 1
Tile:6 10 6 0
Tile:5 10 5 1
Tile:8 11 5 0
Drop 5 0 1
Tile:9 12 4 0
GAMEOVER WINNER 0
# Game ended: Sun Apr 05 18:19:14 EDT 2020
