# Server version 0.08 running on localhost:8123
# Game ID: 63
# Board class: Saboteur.SaboteurBoard
# Timeout: 20000
# First Move Timeout: 30000
# Date: Mon Mar 30 00:11:11 EDT 2020
# Player 1: Player-0, '260729805', running on localhost
# Player 2: Player-1, 'RandomPlayer', running on localhost
START Player-0 260729805
START Player-1 RandomPlayer
BoardInit:Tile:6,Tile:5,Map,Map,Malus,Bonus,Tile:0,Tile:6,Tile:9,Tile:8,Tile:8,Tile:7,Tile:0,Tile:8,Tile:2,Tile:9,Tile:5,Malus,Tile:6,Tile:12,Tile:5,Tile:7,Map,Tile:10,Tile:9,Tile:10,Tile:9,Bonus,Tile:7,Tile:3,Tile:6,Map,Destroy,Tile:8,Tile:1,Tile:15,Tile:7,Map,Tile:13,Tile:8,Tile:10-Bonus,Tile:0,Destroy,Bonus,Tile:6,Tile:14,Tile:7-Tile:4,Destroy,Tile:0,Tile:5,Tile:9,Tile:11,Map-Tile:hidden1,Tile:nugget,Tile:hidden2
Tile:14_flip 4 5 1
Tile:11_flip 4 6 0
Tile:0 6 5 1
Tile:9 3 6 0
Tile:6_flip 7 5 1
Map 12 7 0
Destroy 4 5 1
Drop 4 0 0
Tile:0 8 5 1
Destroy 8 5 0
Tile:6_flip 5 4 1
Tile:6_flip 8 5 0
Tile:8 4 7 1
Tile:4_flip 8 6 0
Tile:0 9 5 1
Tile:7_flip 3 7 0
Tile:7 3 5 1
Tile:8 2 5 0
Tile:5 4 5 1
Tile:9_flip 7 6 0
Tile:2_flip 4 4 1
Map 12 5 0
Tile:9_flip 2 6 1
Drop 5 0 0
Drop 2 0 1
Tile:5_flip 2 7 0
Tile:9_flip 4 8 1
Tile:10 5 6 0
Tile:6_flip 1 6 1
Drop 6 0 0
Tile:9_flip 5 7 1
Tile:0 1 5 0
Tile:6_flip 10 5 1
Tile:8 7 7 0
Tile:7 8 7 1
Tile:10 4 3 0
Destroy 9 5 1
Tile:7_flip 1 7 0
Tile:1 9 5 1
Tile:8 10 6 0
Tile:5 6 6 1
Drop 4 0 0
Map 12 3 1
Tile:3_flip 0 6 0
Drop 4 0 1
Drop 0 0 0
Tile:10 7 8 1
Tile:8 11 5 0
Tile:7_flip 5 8 1
Drop 1 0 0
Drop 0 0 1
Malus 0 0 0
Drop 0 0 1
Map 12 7 0
Malus 0 0 1
GAMEOVER DRAW
# Game ended: Mon Mar 30 00:11:11 EDT 2020
