# Server version 0.08 running on localhost:8123
# Game ID: 83
# Board class: Saboteur.SaboteurBoard
# Timeout: 20000
# First Move Timeout: 30000
# Date: Mon Mar 30 01:03:36 EDT 2020
# Player 1: Player-0, '260729805', running on localhost
# Player 2: Player-1, 'RandomPlayer', running on localhost
START Player-0 260729805
START Player-1 RandomPlayer
BoardInit:Tile:6,Tile:8,Tile:5,Tile:7,Tile:5,Destroy,Tile:4,Destroy,Map,Bonus,Tile:6,Map,Tile:9,Tile:7,Tile:9,Map,Bonus,Tile:9,Malus,Tile:15,Tile:8,Tile:12,Bonus,Map,Tile:8,Malus,Tile:2,Tile:5,Tile:0,Tile:9,Tile:7,Tile:10,Tile:7,Tile:7,Map,Tile:11,Tile:5,Tile:0,Bonus,Tile:14,Tile:6-Tile:10,Destroy,Map,Tile:0,Tile:8,Tile:10,Tile:1-Tile:6,Tile:8,Tile:0,Tile:6,Tile:13,Tile:9,Tile:3-Tile:hidden2,Tile:nugget,Tile:hidden1
Tile:8 5 6 1
Drop 6 0 0
Tile:0 4 6 1
Drop 6 0 0
Tile:1 6 5 1
Drop 6 0 0
Tile:5_flip 5 7 1
Drop 6 0 0
Destroy 5 6 1
Drop 6 0 0
Drop 1 0 1
Drop 6 0 0
Tile:6 7 5 1
Drop 6 0 0
Map 12 5 1
Drop 6 0 0
Tile:5 3 6 1
