# Server version 0.08 running on localhost:8123
# Game ID: 238
# Board class: Saboteur.SaboteurBoard
# Timeout: 2000000000
# First Move Timeout: 30000
# Date: Wed Apr 01 22:55:37 EDT 2020
# Player 1: Player-0, '260729805', running on localhost
# Player 2: Player-1, '260729805', running on localhost
START Player-0 260729805
START Player-1 260729805
BoardInit:Tile:9,Tile:15,Destroy,Malus,Tile:7,Tile:7,Tile:7,Destroy,Bonus,Tile:5,Bonus,Map,Tile:2,Tile:6,Tile:8,Tile:9,Tile:6,Map,Malus,Tile:9,Map,Map,Tile:0,Tile:8,Tile:11,Tile:10,Tile:0,Tile:8,Tile:6,Destroy,Tile:7,Tile:5,Bonus,Tile:8,Tile:0,Tile:14,Tile:6,Map,Tile:3,Tile:5,Tile:13-Tile:1,Tile:9,Tile:9,Tile:12,Tile:7,Bonus,Map-Tile:5,Tile:10,Tile:8,Tile:10,Tile:6,Tile:0,Tile:4-Tile:hidden1,Tile:hidden2,Tile:nugget
Tile:9_flip 6 5 1
Tile:8 6 6 0
Tile:9_flip 7 6 1
Tile:6 7 7 0
Tile:7 8 7 1
Tile:5_flip 8 8 0
Map 12 3 1
Tile:0 7 8 0
Tile:9 7 5 1
Destroy 6 6 0
Tile:7_flip 6 6 1
Tile:7 8 5 0
Tile:7_flip 8 6 1
Tile:5_flip 9 6 0
Destroy 6 6 1
Tile:6 6 6 0
Tile:8 7 4 1
Tile:9 9 5 0
Tile:6 10 5 1
Tile:10 10 4 0
Tile:12 8 4 1
Tile:9_flip 11 5 0
Tile:2_flip 11 6 1
Tile:10 11 4 0
Tile:1 12 6 1
Tile:8 11 3 0
GAMEOVER USER CANCEL UNDECIDED
# Game ended: Wed Apr 01 22:56:44 EDT 2020
