# Server version 0.08 running on localhost:8123
# Game ID: 995
# Board class: Saboteur.SaboteurBoard
# Timeout: 2000000000
# First Move Timeout: 30000
# Date: Sat Apr 11 13:06:58 EDT 2020
# Player 1: Player-0, '260729805', running on localhost
# Player 2: Player-1, 'RandomPlayer', running on localhost
START Player-0 260729805
START Player-1 RandomPlayer
BoardInit:Tile:9,Tile:5,Tile:6,Tile:5,Tile:6,Tile:3,Tile:7,Tile:7,Tile:7,Tile:0,Tile:8,Tile:6,Tile:1,Tile:10,Bonus,Tile:15,Map,Tile:4,Tile:0,Tile:6,Destroy,Tile:9,Tile:8,Tile:0,Tile:8,Tile:8,Tile:13,Tile:2,Malus,Destroy,Bonus,Tile:9,Bonus,Tile:9,Tile:5,Tile:14,Map,Tile:6,Tile:10,Tile:7,Map-Tile:8,Tile:0,Destroy,Malus,Tile:7,Tile:12,Map-Tile:9,Tile:11,Map,Tile:5,Bonus,Map,Tile:10-Tile:hidden2,Tile:hidden1,Tile:nugget
Tile:12 6 5 1
Map 12 3 0
Drop 1 0 1
Map 12 5 0
Tile:8 4 5 1
Tile:5_flip 5 6 0
Drop 4 0 1
Tile:5 5 4 0
Drop 2 0 1
Tile:5_flip 6 4 0
Destroy 4 5 1
Tile:7 6 3 0
Drop 6 0 1
Tile:0 5 3 0
Drop 1 0 1
Drop 4 0 0
Tile:6 4 3 1
Drop 6 0 0
Tile:7_flip 4 6 1
Tile:4 4 2 0
Tile:1 3 3 1
Drop 1 0 0
Map 12 5 1
Tile:9 4 5 0
Destroy 4 5 1
Tile:9 4 5 0
Tile:7 4 4 1
Drop 6 0 0
Drop 2 0 1
Drop 6 0 0
Drop 0 0 1
Destroy 4 2 0
Malus 0 0 1
Bonus 0 0 0
Tile:6_flip 4 2 1
Tile:6 5 2 0
Tile:13 2 3 1
Tile:10 5 1 0
Map 12 5 1
Tile:10 5 0 0
Tile:0 1 3 1
Tile:6 6 2 0
Tile:8 7 2 1
Tile:9 7 3 0
Map 12 3 1
Tile:9_flip 8 3 0
Tile:10 6 1 1
Tile:6 8 4 0
Tile:5 3 4 1
Tile:0 9 4 0
Tile:8 8 2 1
Tile:7 10 4 0
Drop 1 0 1
Tile:14 10 5 0
Drop 0 0 1
GAMEOVER DRAW
# Game ended: Sat Apr 11 13:06:58 EDT 2020
