# Server version 0.08 running on macbook-pro-5.local:8123
# Game ID: 778
# Board class: Saboteur.SaboteurBoard
# Timeout: 2000000000
# First Move Timeout: 30000
# Date: Thu Apr 09 02:07:44 EDT 2020
# Player 1: Player-0, '260729805', running on macbook-pro-5.local
# Player 2: Player-1, 'RandomPlayer', running on macbook-pro-5.local
START Player-0 260729805
START Player-1 RandomPlayer
BoardInit:Tile:5,Tile:10,Tile:5,Tile:0,Tile:7,Tile:6,Tile:9,Tile:0,Tile:6,Tile:9,Bonus,Tile:8,Tile:10,Tile:5,Tile:0,Tile:8,Bonus,Tile:2,Tile:14,Destroy,Tile:9,Map,Tile:9,Tile:5,Tile:6,Destroy,Tile:4,Malus,Tile:1,Tile:7,Bonus,Tile:8,Map,Tile:13,Tile:8,Map,Map,Tile:11,Tile:3,Destroy,Tile:6-Malus,Tile:0,Map,Bonus,Tile:9,Tile:10,Tile:7-Map,Tile:7,Tile:15,Tile:12,Tile:8,Tile:6,Tile:7-Tile:nugget,Tile:hidden2,Tile:hidden1
Drop 2 0 1
Map 12 3 0
Tile:9_flip 6 5 1
Tile:7 6 4 0
Tile:5_flip 6 6 1
Tile:6_flip 5 4 0
Tile:0 4 4 1
Tile:7_flip 5 6 0
Tile:7_flip 3 4 1
Tile:0 4 5 0
Tile:9 3 3 1
Tile:6 4 3 0
Tile:5 4 2 1
Tile:0 5 3 0
Tile:10 3 2 1
Tile:5_flip 6 3 0
Tile:6 5 2 1
Tile:8 6 2 0
Tile:7 7 2 1
Tile:10 7 3 0
Tile:10 5 1 1
Tile:9 7 4 0
Tile:14_flip 3 5 1
Tile:8 8 4 0
Tile:9 3 1 1
Tile:8 9 4 0
Tile:9_flip 5 0 1
Tile:5_flip 10 4 0
Tile:4 10 3 1
Destroy 10 3 0
Tile:6_flip 3 0 1
Tile:7 10 3 0
Tile:1 4 0 1
Tile:8 9 3 0
Malus 0 0 1
Destroy 4 0 0
Map 12 7 1
Drop 5 0 0
Map 12 5 1
Drop 5 0 0
Tile:8 4 0 1
Destroy 3 5 0
Tile:0 3 5 1
Drop 5 0 0
Drop 4 0 1
Drop 4 0 0
Drop 3 0 1
Drop 3 0 0
Tile:6 2 0 1
Drop 2 0 0
Drop 0 0 1
Drop 1 0 0
Drop 1 0 1
Drop 0 0 0
Drop 0 0 1
GAMEOVER DRAW
# Game ended: Thu Apr 09 02:07:45 EDT 2020
