# Server version 0.08 running on localhost:8123
# Game ID: 408
# Board class: Saboteur.SaboteurBoard
# Timeout: 2000000000
# First Move Timeout: 30000
# Date: Sat Apr 04 01:58:47 EDT 2020
# Player 1: Player-0, '260729805', running on localhost
# Player 2: Player-1, 'Human', running on localhost
START Player-0 260729805
START Player-1 Human
BoardInit:Tile:9,Bonus,Tile:6,Tile:10,Tile:9,Tile:7,Map,Tile:7,Tile:9,Tile:3,Map,Tile:8,Tile:6,Tile:0,Tile:10,Tile:0,Destroy,Tile:6,Destroy,Tile:0,Tile:5,Bonus,Tile:14,Malus,Tile:11,Tile:5,Tile:6,Tile:4,Tile:13,Map,Tile:8,Tile:8,Tile:0,Map,Malus,Destroy,Map,Tile:2,Tile:1,Tile:7,Bonus-Tile:9,Tile:7,Tile:5,Tile:9,Map,Tile:7,Tile:6-Tile:10,Tile:5,Tile:15,Tile:12,Tile:8,Bonus,Tile:8-Tile:hidden1,Tile:hidden2,Tile:nugget
Tile:6 6 5 1
Tile:8 7 5 0
Tile:7 8 5 1
Tile:8 8 6 0
Tile:6 9 6 1
Tile:10 5 4 0
Tile:7 10 6 1
Tile:5 9 5 0
Map 12 3 1
Tile:15 5 3 0
Map 12 5 1
Tile:12 10 5 0
Tile:9 7 4 1
Tile:10 10 7 0
Tile:6 8 4 1
Tile:7 5 2 0
Drop 5 0 1
Tile:7_flip 4 2 0
Destroy 10 5 1
Tile:3 4 1 0
Drop 1 0 1
Tile:8 3 1 0
Drop 3 0 1
Tile:0 2 1 0
Drop 6 0 1
Tile:0 1 1 0
Drop 6 0 1
Tile:5_flip 10 5 0
Tile:5 10 4 1
Tile:6 10 8 0
Tile:6 11 4 1
Map 12 3 0
Tile:13 4 5 1
Tile:8 12 4 0
Tile:8 12 6 1
GAMEOVER WINNER 1
# Game ended: Sat Apr 04 02:00:31 EDT 2020
