# Server version 0.08 running on localhost:8123
# Game ID: 835
# Board class: Saboteur.SaboteurBoard
# Timeout: 2000000000
# First Move Timeout: 30000
# Date: Thu Apr 09 16:30:49 EDT 2020
# Player 1: Player-0, '260729805', running on localhost
# Player 2: Player-1, 'RandomPlayer', running on localhost
START Player-0 260729805
START Player-1 RandomPlayer
BoardInit:Malus,Destroy,Tile:0,Map,Tile:10,Tile:7,Tile:0,Tile:10,Tile:7,Tile:11,Tile:6,Bonus,Tile:9,Tile:9,Tile:15,Tile:7,Tile:6,Map,Tile:5,Tile:9,Destroy,Map,Tile:6,Tile:9,Tile:14,Tile:8,Tile:13,Tile:0,Map,Bonus,Map,Bonus,Map,Tile:8,Tile:3,Tile:8,Bonus,Tile:10,Destroy,Tile:5,Tile:8-Tile:7,Malus,Tile:4,Tile:5,Tile:6,Tile:9,Tile:1-Tile:6,Tile:12,Tile:7,Tile:0,Tile:8,Tile:2,Tile:5-Tile:hidden2,Tile:hidden1,Tile:nugget
Tile:9 4 5 1
Tile:8 5 6 0
Tile:5_flip 6 6 1
Tile:2_flip 4 6 0
Tile:7 6 5 1
Tile:12_flip 3 6 0
Malus 0 0 1
Drop 0 0 0
Drop 1 0 1
Drop 3 0 0
Drop 1 0 1
Drop 1 0 0
Drop 4 0 1
Drop 6 0 0
Tile:7 5 4 1
Map 12 7 0
Tile:9 5 7 1
Drop 5 0 0
Tile:4_flip 5 8 1
Drop 3 0 0
Tile:0 6 7 1
Map 12 7 0
Tile:6 7 7 1
Map 12 7 0
Drop 0 0 1
Drop 2 0 0
Destroy 5 4 1
Drop 0 0 0
Drop 2 0 1
Drop 5 0 0
Tile:10 4 4 1
Bonus 0 0 0
Tile:13 4 3 1
Tile:9_flip 5 3 0
Drop 0 0 1
Tile:8 3 3 0
Map 12 3 1
Tile:9 7 6 0
Tile:14_flip 7 5 1
Drop 6 0 0
Drop 2 0 1
Tile:0 2 3 0
Tile:6 8 6 1
Drop 3 0 0
Tile:3_flip 1 3 1
Tile:11 5 4 0
Destroy 3 3 1
Tile:5 4 2 0
Drop 3 0 1
Tile:5_flip 9 6 0
Tile:5_flip 6 4 1
Tile:8 1 2 0
Map 12 3 1
Tile:7 5 2 0
Drop 0 0 1
GAMEOVER DRAW
# Game ended: Thu Apr 09 16:32:00 EDT 2020
