# Server version 0.08 running on localhost:8123
# Game ID: 346
# Board class: Saboteur.SaboteurBoard
# Timeout: 2000000000
# First Move Timeout: 30000
# Date: Sat Apr 04 00:02:22 EDT 2020
# Player 1: Player-0, '260729805', running on localhost
# Player 2: Player-1, 'Human', running on localhost
START Player-0 260729805
START Player-1 Human
BoardInit:Tile:14,Tile:1,Tile:10,Tile:8,Tile:5,Tile:0,Malus,Tile:7,Bonus,Tile:3,Tile:9,Tile:6,Tile:5,Tile:5,Map,Map,Tile:9,Tile:9,Tile:10,Destroy,Tile:15,Tile:7,Tile:13,Map,Tile:6,Tile:0,Tile:5,Tile:7,Tile:10,Tile:8,Tile:2,Map,Tile:6,Tile:6,Destroy,Tile:9,Destroy,Tile:0,Tile:6,Tile:0,Map-Tile:9,Tile:8,Bonus,Malus,Tile:11,Tile:8,Bonus-Tile:7,Tile:4,Map,Tile:12,Tile:7,Bonus,Tile:8-Tile:hidden2,Tile:hidden1,Tile:nugget
Tile:8 6 5 1
Tile:7 7 5 0
Tile:8 7 6 1
Tile:12 8 6 0
Tile:10 7 7 1
Tile:4_flip 7 8 0
Tile:5 6 4 1
Tile:0 7 4 0
Tile:9 5 6 1
Tile:7 8 4 0
Drop 4 0 1
Tile:7 5 4 0
Drop 2 0 1
Tile:6 6 6 0
Tile:9 5 7 1
Tile:5 4 5 0
Map 12 7 1
Tile:3_flip 8 5 0
Tile:9 5 8 1
Tile:1 9 5 0
Tile:10 5 9 1
Tile:9_flip 6 8 0
Drop 3 0 1
Tile:8 5 10 0
Tile:5 4 10 1
Tile:8 6 10 0
Tile:6 7 10 1
Tile:7 8 10 0
Drop 5 0 1
Tile:7 6 7 0
Tile:10 8 11 1
Tile:8 8 12 0
Drop 4 0 1
Tile:0 9 12 0
Tile:6 10 12 1
Tile:6_flip 10 11 0
Destroy 10 11 1
Tile:9 10 11 0
Tile:5 10 10 1
Tile:0 11 10 0
