# Server version 0.08 running on localhost:8123
# Game ID: 461
# Board class: Saboteur.SaboteurBoard
# Timeout: 2000000000
# First Move Timeout: 30000
# Date: Sun Apr 05 15:14:02 EDT 2020
# Player 1: Player-0, 'RandomPlayer', running on localhost
# Player 2: Player-1, '260729805', running on localhost
START Player-0 RandomPlayer
START Player-1 260729805
BoardInit:Tile:9,Tile:7,Tile:8,Map,Map,Tile:8,Tile:10,Tile:0,Map,Tile:5,Bonus,Tile:4,Map,Bonus,Tile:9,Tile:6,Tile:5,Tile:0,Tile:7,Tile:12,Tile:7,Destroy,Bonus,Tile:6,Tile:8,Destroy,Tile:13,Tile:11,Tile:3,Tile:0,Tile:1,Tile:9,Tile:8,Tile:14,Malus,Tile:7,Tile:8,Tile:9,Tile:6,Tile:0,Tile:10-Tile:9,Map,Tile:6,Tile:15,Tile:7,Tile:5,Tile:2-Bonus,Tile:6,Map,Tile:5,Tile:10,Destroy,Malus-Tile:hidden1,Tile:hidden2,Tile:nugget
Map 12 3 1
Tile:5_flip 5 6 0
Tile:6 6 5 1
Drop 1 0 0
Tile:5_flip 7 5 1
Map 12 3 0
Map 12 5 1
Tile:8 4 5 0
Tile:7_flip 4 6 1
Destroy 6 5 0
Map 12 7 1
Map 12 5 0
