# Server version 0.08 running on 192.168.1.5:8123
# Game ID: 355
# Board class: Saboteur.SaboteurBoard
# Timeout: 2000000000
# First Move Timeout: 30000
# Date: Sat Apr 04 00:16:13 EDT 2020
# Player 1: Player-0, '260729805', running on 192.168.1.5
# Player 2: Player-1, 'RandomPlayer', running on 192.168.1.5
START Player-0 260729805
START Player-1 RandomPlayer
BoardInit:Tile:3,Tile:8,Tile:6,Tile:13,Bonus,Tile:0,Tile:11,Bonus,Tile:12,Tile:7,Map,Tile:7,Tile:9,Tile:14,Destroy,Tile:6,Map,Tile:10,Tile:10,Tile:5,Tile:8,Tile:9,Tile:4,Tile:1,Tile:0,Tile:8,Tile:9,Bonus,Tile:5,Destroy,Tile:0,Tile:9,Tile:6,Map,Map,Tile:5,Tile:8,Tile:10,Tile:6,Tile:7,Tile:7-Bonus,Malus,Tile:6,Malus,Tile:15,Tile:0,Destroy-Map,Tile:2,Tile:7,Tile:5,Tile:8,Map,Tile:9-Tile:hidden1,Tile:hidden2,Tile:nugget
Malus 0 0 1
Drop 6 0 0
Drop 5 0 1
Drop 6 0 0
Tile:3 5 4 1
Drop 6 0 0
Malus 0 0 1
Drop 6 0 0
Tile:6 4 4 1
Bonus 0 0 0
Drop 2 0 1
Drop 6 0 0
Tile:12_flip 4 5 1
Drop 6 0 0
Tile:9_flip 6 5 1
Drop 6 0 0
Drop 0 0 1
Drop 6 0 0
Destroy 4 4 1
Drop 6 0 0
Map 12 5 1
Drop 6 0 0
Tile:8 6 6 1
Drop 6 0 0
Tile:10 6 4 1
Drop 6 0 0
Tile:6 5 6 1
Drop 6 0 0
Tile:0 7 6 1
Bonus 0 0 0
Drop 0 0 1
Tile:8 8 6 0
Tile:0 9 6 1
Tile:9_flip 10 6 0
Tile:5 8 5 1
Tile:7 6 3 0
Tile:11_flip 8 7 1
Tile:5 4 6 0
Map 12 7 1
Tile:10 6 7 0
Tile:6 5 3 1
Tile:5 5 2 0
Tile:9_flip 4 7 1
Tile:7_flip 6 8 0
Tile:8 10 7 1
Tile:2 11 7 0
Tile:6_flip 4 3 1
Destroy 11 7 0
Tile:7_flip 4 4 1
Drop 2 0 0
Tile:4_flip 8 8 1
Drop 1 0 0
Map 12 3 1
Drop 0 0 0
Drop 0 0 1
GAMEOVER DRAW
# Game ended: Sat Apr 04 00:16:14 EDT 2020
