# Server version 0.08 running on macbook-pro-5.local:8123
# Game ID: 988
# Board class: Saboteur.SaboteurBoard
# Timeout: 2000000000
# First Move Timeout: 30000
# Date: Sat Apr 11 02:40:24 EDT 2020
# Player 1: Player-0, '260729805', running on macbook-pro-5.local
# Player 2: Player-1, 'RandomPlayer', running on macbook-pro-5.local
START Player-0 260729805
START Player-1 RandomPlayer
BoardInit:Malus,Tile:6,Tile:5,Tile:4,Tile:11,Tile:5,Tile:10,Map,Tile:8,Tile:6,Tile:10,Tile:8,Tile:5,Tile:3,Tile:9,Tile:7,Map,Bonus,Tile:6,Tile:15,Destroy,Tile:0,Tile:8,Bonus,Tile:9,Map,Map,Tile:0,Tile:6,Tile:12,Destroy,Tile:7,Tile:7,Tile:14,Tile:9,Map,Map,Bonus,Bonus,Tile:6,Malus-Tile:8,Tile:9,Tile:0,Tile:10,Destroy,Tile:2,Tile:13-Tile:0,Tile:8,Tile:7,Tile:7,Tile:5,Tile:9,Tile:1-Tile:nugget,Tile:hidden2,Tile:hidden1
Tile:13 5 4 1
Tile:0 6 5 0
Tile:2 5 3 1
Tile:7 7 5 0
Tile:9_flip 6 3 1
Tile:7_flip 7 6 0
Tile:5_flip 6 4 1
Tile:5_flip 8 6 0
Tile:11_flip 5 6 1
Tile:5 8 5 0
Drop 0 0 1
Tile:6 9 5 0
Drop 2 0 1
Tile:6_flip 9 4 0
Drop 3 0 1
Tile:8 10 4 0
Tile:5 4 5 1
Tile:7_flip 8 4 0
Tile:9_flip 11 4 1
Tile:9 11 5 0
Tile:8 4 3 1
Tile:8 12 6 0
Tile:10 11 3 1
Map 12 3 0
Tile:6 4 6 1
Tile:0 13 5 0
Tile:10 11 2 1
Map 12 3 0
Tile:9 11 6 1
Tile:0 13 7 0
Destroy 6 5 1
Tile:4 12 4 0
Tile:0 3 3 1
Tile:7 10 3 0
Destroy 4 3 1
Tile:12_flip 3 6 0
Tile:6 4 4 1
Tile:3 11 1 0
Tile:9 11 7 1
Tile:1 10 1 0
Tile:8 9 1 1
Tile:6 9 3 0
Drop 5 0 1
Tile:14 10 5 0
Tile:7 9 0 1
Tile:15 9 2 0
Map 12 3 1
Drop 3 0 0
Malus 0 0 1
Bonus 0 0 0
Map 12 3 1
Drop 1 0 0
Drop 0 0 1
Drop 0 0 0
Malus 0 0 1
GAMEOVER DRAW
# Game ended: Sat Apr 11 02:40:26 EDT 2020
