# Server version 0.08 running on localhost:8123
# Game ID: 557
# Board class: Saboteur.SaboteurBoard
# Timeout: 2000000000
# First Move Timeout: 30000
# Date: Sun Apr 05 20:14:49 EDT 2020
# Player 1: Player-0, '260729805', running on localhost
# Player 2: Player-1, 'RandomPlayer', running on localhost
START Player-0 260729805
START Player-1 RandomPlayer
BoardInit:Tile:7,Tile:15,Tile:6,Tile:9,Tile:3,Tile:13,Bonus,Tile:8,Tile:1,Bonus,Tile:8,Tile:8,Bonus,Tile:7,Tile:5,Tile:7,Tile:5,Tile:12,Destroy,Malus,Tile:0,Tile:4,Tile:9,Bonus,Tile:6,Tile:5,Tile:8,Tile:7,Tile:14,Tile:0,Tile:9,Tile:9,Tile:7,Tile:5,Map,Map,Tile:0,Tile:6,Destroy,Tile:6,Tile:10-Tile:9,Map,Tile:2,Malus,Tile:8,Map,Tile:10-Destroy,Map,Tile:10,Tile:0,Tile:6,Tile:11,Map-Tile:nugget,Tile:hidden1,Tile:hidden2
Tile:8 4 5 1
Map 12 3 0
Drop 1 0 1
Tile:0 6 5 0
Tile:9_flip 4 6 1
Tile:6 7 5 0
Tile:2_flip 3 5 1
Destroy 3 5 0
Tile:7 5 4 1
Tile:11_flip 8 5 0
Tile:6_flip 4 4 1
Tile:15 8 4 0
Tile:10 7 4 1
Tile:13 8 3 0
Tile:1 3 4 1
Tile:7_flip 5 6 0
Tile:5 3 6 1
