# Server version 0.08 running on 192.168.1.5:8123
# Game ID: 24
# Board class: Saboteur.SaboteurBoard
# Timeout: 20000
# First Move Timeout: 30000
# Date: Sat Mar 28 19:26:21 EDT 2020
# Player 1: Player-0, '260729805', running on 192.168.1.5
# Player 2: Player-1, 'RandomPlayer', running on 192.168.1.5
START Player-0 260729805
START Player-1 RandomPlayer
BoardInit:Bonus,Tile:2,Tile:15,Destroy,Tile:8,Tile:13,Tile:5,Tile:7,Tile:5,Tile:9,Map,Tile:8,Tile:0,Tile:9,Map,Tile:6,Tile:6,Tile:4,Tile:6,Tile:9,Tile:6,Tile:10,Tile:0,Bonus,Destroy,Map,Tile:8,Tile:7,Tile:0,Tile:10,Tile:7,Map,Tile:14,Map,Tile:7,Tile:9,Bonus,Tile:5,Tile:11,Tile:5,Tile:3-Tile:0,Tile:8,Tile:1,Tile:7,Destroy,Malus,Malus-Bonus,Map,Tile:8,Tile:6,Tile:12,Tile:9,Tile:10-Tile:hidden1,Tile:hidden2,Tile:nugget
Tile:7_flip 5 6 1
Tile:6_flip 5 4 0
Tile:8 4 5 1
Tile:12 6 5 0
Malus 0 0 1
Destroy 5 4 0
Tile:15 4 6 1
Drop 2 0 0
Destroy 4 6 1
Map 12 5 0
Drop 4 0 1
Bonus 0 0 0
Tile:1 6 6 1
Tile:9_flip 4 6 0
Tile:5 5 4 1
Tile:2_flip 3 6 0
Tile:5 3 5 1
Tile:6_flip 7 6 0
Tile:6 4 7 1
Tile:8 7 7 0
Tile:0 3 7 1
Tile:9 2 7 0
Tile:6 8 6 1
Tile:9 2 8 0
Tile:0 8 7 1
Tile:10 4 4 0
Destroy 7 6 1
Tile:4 8 5 0
Drop 2 0 1
Tile:9 4 3 0
Drop 3 0 1
Drop 3 0 0
Tile:7 9 7 1
Tile:7 4 2 0
Tile:0 6 7 1
Map 12 5 0
Tile:0 3 2 1
Drop 3 0 0
Drop 2 0 1
Tile:9_flip 7 8 0
Drop 6 0 1
Tile:13 7 6 0
Tile:14_flip 2 2 1
Tile:7_flip 7 9 0
Tile:3_flip 9 8 1
Drop 3 0 0
Tile:8 2 6 1
Tile:5_flip 8 9 0
Tile:7 2 5 1
Tile:10 7 5 0
Drop 0 0 1
Map 12 3 0
Drop 1 0 1
Map 12 7 0
Drop 0 0 1
GAMEOVER DRAW
# Game ended: Sat Mar 28 19:26:21 EDT 2020
