# Server version 0.08 running on localhost:8123
# Game ID: 762
# Board class: Saboteur.SaboteurBoard
# Timeout: 2000000000
# First Move Timeout: 30000
# Date: Thu Apr 09 01:47:32 EDT 2020
# Player 1: Player-0, '260729805', running on localhost
# Player 2: Player-1, 'RandomPlayer', running on localhost
START Player-0 260729805
START Player-1 RandomPlayer
BoardInit:Tile:7,Bonus,Tile:5,Tile:15,Map,Tile:8,Tile:0,Tile:4,Tile:5,Tile:9,Tile:7,Tile:5,Destroy,Tile:7,Destroy,Tile:7,Tile:13,Tile:6,Map,Tile:5,Tile:3,Tile:8,Tile:0,Bonus,Tile:10,Tile:2,Bonus,Tile:0,Map,Malus,Map,Tile:9,Map,Malus,Tile:0,Tile:9,Tile:11,Tile:9,Tile:10,Tile:12,Tile:8-Tile:6,Tile:7,Map,Tile:8,Tile:14,Tile:6,Tile:1-Tile:9,Destroy,Bonus,Tile:8,Tile:6,Tile:10,Tile:6-Tile:nugget,Tile:hidden1,Tile:hidden2
Tile:8 4 5 1
Tile:6 6 5 0
Map 12 7 1
Tile:6 7 5 0
Tile:6_flip 3 5 1
Tile:9_flip 8 5 0
Tile:7 5 4 1
Tile:8 8 4 0
Tile:14_flip 8 3 1
Tile:8 9 4 0
Tile:5 2 5 1
Tile:9_flip 10 4 0
Tile:7 10 3 1
Tile:10 9 5 0
Tile:6 2 6 1
Tile:5_flip 9 6 0
Destroy 8 5 1
Tile:7_flip 5 6 0
Destroy 10 4 1
Tile:6_flip 7 4 0
Map 12 3 1
Tile:5_flip 10 4 0
Tile:13 3 6 1
Tile:8 9 3 0
Drop 2 0 1
Tile:7 9 2 0
Tile:7 6 6 1
Destroy 8 3 0
Tile:3_flip 6 7 1
Tile:0 8 6 0
Map 12 5 1
Tile:2 8 3 0
Map 12 3 1
Tile:9 6 4 0
Drop 4 0 1
Tile:4 6 3 0
Tile:0 7 7 1
Tile:9 4 4 0
Drop 2 0 1
Tile:9_flip 4 6 0
Drop 2 0 1
Tile:12_flip 8 2 0
Tile:8 4 7 1
Drop 2 0 0
Tile:0 8 7 1
Drop 4 0 0
Drop 1 0 1
Drop 3 0 0
Drop 3 0 1
Drop 2 0 0
Tile:11 3 7 1
Drop 1 0 0
Tile:0 9 7 1
Drop 0 0 0
Drop 0 0 1
GAMEOVER DRAW
# Game ended: Thu Apr 09 01:47:45 EDT 2020
