# Server version 0.08 running on localhost:8123
# Game ID: 560
# Board class: Saboteur.SaboteurBoard
# Timeout: 2000000000
# First Move Timeout: 30000
# Date: Sun Apr 05 20:23:25 EDT 2020
# Player 1: Player-0, '260729805', running on localhost
# Player 2: Player-1, 'RandomPlayer', running on localhost
START Player-0 260729805
START Player-1 RandomPlayer
BoardInit:Tile:9,Tile:0,Tile:9,Tile:1,Destroy,Tile:7,Tile:0,Bonus,Tile:8,Tile:14,Tile:7,Tile:6,Tile:13,Tile:12,Tile:2,Map,Map,Map,Malus,Tile:7,Tile:7,Tile:6,Tile:9,Bonus,Tile:3,Tile:10,Tile:8,Map,Tile:4,Tile:0,Tile:5,Bonus,Tile:11,Tile:6,Tile:10,Bonus,Tile:10,Tile:5,Map,Destroy,Tile:6-Tile:8,Tile:6,Tile:0,Tile:5,Tile:9,Tile:7,Destroy-Tile:8,Tile:5,Map,Tile:9,Tile:15,Tile:8,Malus-Tile:hidden1,Tile:nugget,Tile:hidden2
Tile:9_flip 5 4 1
Map 12 3 0
Tile:9 5 6 1
Tile:5_flip 6 5 0
Tile:6_flip 5 3 1
Tile:0 6 6 0
Drop 2 0 1
Tile:7 7 6 0
Tile:9 4 3 1
Tile:15 7 7 0
Destroy 4 3 1
Drop 6 0 0
Tile:8 4 4 1
Tile:6 6 3 0
Tile:7_flip 7 8 1
Tile:12 7 3 0
Tile:7_flip 3 4 1
Map 12 5 0
Destroy 7 6 1
Tile:8 7 6 0
Tile:8 6 2 1
Tile:9_flip 8 6 0
Tile:13 4 5 1
Tile:8 8 5 0
Tile:2_flip 7 2 1
Tile:7 9 5 0
Tile:7 3 3 1
Tile:10 9 6 0
Tile:9_flip 8 4 1
Tile:6 9 7 0
Tile:0 2 3 1
Tile:0 7 4 0
Tile:8 6 1 1
Tile:1 8 2 0
Tile:5 6 0 1
Tile:6_flip 7 1 0
Tile:0 5 1 1
Drop 6 0 0
Tile:11_flip 8 8 1
Tile:5 8 3 0
Tile:3 10 7 1
Destroy 8 2 0
Tile:6 7 0 1
Drop 5 0 0
Drop 4 0 1
Drop 4 0 0
Map 12 3 1
Drop 3 0 0
Tile:10 4 6 1
Drop 2 0 0
Tile:4_flip 4 7 1
Drop 1 0 0
Map 12 7 1
Malus 0 0 0
Malus 0 0 1
GAMEOVER DRAW
# Game ended: Sun Apr 05 20:24:03 EDT 2020
