# Server version 0.08 running on macbook-pro-5.local:8123
# Game ID: 691
# Board class: Saboteur.SaboteurBoard
# Timeout: 2000000000
# First Move Timeout: 30000
# Date: Thu Apr 09 01:16:34 EDT 2020
# Player 1: Player-0, '260729805', running on macbook-pro-5.local
# Player 2: Player-1, 'RandomPlayer', running on macbook-pro-5.local
START Player-0 260729805
START Player-1 RandomPlayer
BoardInit:Tile:0,Map,Map,Tile:6,Bonus,Tile:8,Malus,Map,Tile:0,Bonus,Tile:14,Tile:12,Tile:2,Tile:0,Tile:9,Tile:10,Tile:11,Tile:7,Tile:13,Tile:3,Tile:6,Tile:5,Tile:5,Tile:6,Bonus,Tile:0,Tile:8,Tile:5,Tile:10,Map,Bonus,Destroy,Tile:9,Tile:9,Malus,Tile:15,Tile:10,Map,Tile:7,Tile:6,Tile:7-Tile:7,Tile:9,Destroy,Tile:8,Tile:8,Tile:1,Destroy-Map,Tile:9,Tile:4,Tile:7,Tile:5,Tile:8,Tile:6-Tile:hidden2,Tile:nugget,Tile:hidden1
Tile:9_flip 5 4 1
Map 12 3 0
Tile:7 5 3 1
Map 12 5 0
Tile:0 4 5 1
Tile:7 6 5 0
Destroy 5 3 1
Tile:5_flip 6 6 0
Tile:8 5 6 1
Tile:6 4 4 0
Drop 1 0 1
Tile:6_flip 4 6 0
Destroy 4 4 1
Tile:9 5 3 0
Drop 2 0 1
Tile:0 4 4 0
Tile:0 3 5 1
Tile:8 6 3 0
Tile:8 4 7 1
Tile:7_flip 6 4 0
Tile:14 5 7 1
Tile:8 7 4 0
Tile:2 3 7 1
Tile:10 7 5 0
Drop 3 0 1
Tile:6_flip 7 3 0
Tile:5_flip 8 3 1
Tile:0 3 6 0
Map 12 5 1
Tile:5 8 2 0
Malus 0 0 1
Bonus 0 0 0
Tile:9 7 6 1
Tile:5_flip 8 6 0
Tile:10 4 8 1
Tile:9 8 5 0
Tile:13 6 2 1
Destroy 5 7 0
Tile:6 7 7 1
Tile:3 8 4 0
Tile:10 6 1 1
Tile:12 7 2 0
Drop 0 0 1
Tile:4_flip 3 8 0
Tile:7_flip 2 7 1
Tile:6_flip 8 7 0
Tile:9 2 5 1
Tile:15 8 8 0
Tile:7 6 0 1
Drop 2 0 0
Tile:8 2 4 1
Drop 1 0 0
Malus 0 0 1
Drop 0 0 0
Drop 0 0 1
GAMEOVER DRAW
# Game ended: Thu Apr 09 01:16:35 EDT 2020
