# Server version 0.08 running on localhost:8123
# Game ID: 955
# Board class: Saboteur.SaboteurBoard
# Timeout: 2000000000
# First Move Timeout: 30000
# Date: Sat Apr 11 02:21:49 EDT 2020
# Player 1: Player-0, '260729805', running on localhost
# Player 2: Player-1, 'RandomPlayer', running on localhost
START Player-0 260729805
START Player-1 RandomPlayer
BoardInit:Tile:7,Tile:0,Tile:7,Tile:7,Tile:10,Tile:5,Tile:6,Destroy,Tile:10,Tile:8,Tile:15,Tile:13,Tile:8,Tile:6,Tile:6,Tile:0,Bonus,Tile:14,Tile:5,Tile:4,Tile:2,Bonus,Bonus,Tile:5,Tile:8,Tile:8,Tile:3,Tile:12,Destroy,Tile:7,Malus,Map,Tile:9,Map,Map,Tile:6,Map,Map,Tile:6,Tile:7,Tile:9-Tile:9,Tile:0,Tile:10,Tile:9,Tile:0,Destroy,Map-Tile:8,Tile:11,Malus,Tile:5,Bonus,Tile:9,Tile:1-Tile:nugget,Tile:hidden1,Tile:hidden2
Drop 3 0 1
Tile:5_flip 6 5 0
Tile:7_flip 5 6 1
Tile:0 6 6 0
Tile:10 5 4 1
Tile:7 7 6 0
Tile:9 6 4 1
Tile:5_flip 7 4 0
Map 12 7 1
Tile:8 7 3 0
Destroy 7 3 1
Tile:9 7 3 0
Drop 4 0 1
Tile:8 8 3 0
Tile:7_flip 8 4 1
Tile:6 9 4 0
Tile:10 6 3 1
Tile:0 10 4 0
Drop 1 0 1
Malus 0 0 0
Drop 2 0 1
Destroy 10 4 0
Drop 3 0 1
Tile:4 8 2 0
Drop 0 0 1
Tile:5_flip 10 4 0
Drop 5 0 1
Tile:8 10 3 0
Drop 6 0 1
Tile:12 11 3 0
Bonus 0 0 1
Tile:7 10 2 0
Tile:8 6 2 1
Map 12 3 0
Destroy 8 2 1
Tile:13 9 3 0
Drop 6 0 1
Tile:6_flip 9 2 0
Tile:5_flip 7 7 1
Tile:11 8 2 0
Drop 6 0 1
Tile:7 7 2 0
Tile:8 6 1 1
Tile:14_flip 8 1 0
Map 12 3 1
Tile:1 9 1 0
Tile:10 5 3 1
Drop 3 0 0
Tile:9 5 2 1
Drop 2 0 0
Tile:2 5 1 1
Drop 1 0 0
Drop 1 0 1
Drop 0 0 0
Malus 0 0 1
GAMEOVER DRAW
# Game ended: Sat Apr 11 02:21:50 EDT 2020
