# Server version 0.08 running on localhost:8123
# Game ID: 1055
# Board class: Saboteur.SaboteurBoard
# Timeout: 2000000000
# First Move Timeout: 30000
# Date: Sat Apr 11 14:24:45 EDT 2020
# Player 1: Player-0, '260729805', running on localhost
# Player 2: Player-1, 'RandomPlayer', running on localhost
START Player-0 260729805
START Player-1 RandomPlayer
BoardInit:Tile:0,Tile:1,Tile:7,Map,Malus,Tile:8,Tile:6,Tile:6,Tile:5,Bonus,Tile:9,Bonus,Tile:11,Bonus,Tile:15,Map,Tile:8,Bonus,Tile:6,Tile:9,Tile:9,Tile:13,Tile:5,Tile:0,Tile:3,Tile:14,Destroy,Tile:2,Tile:8,Map,Tile:5,Map,Malus,Tile:9,Tile:0,Tile:8,Tile:9,Tile:8,Tile:0,Tile:7,Tile:7-Map,Tile:4,Tile:10,Tile:10,Tile:6,Tile:5,Tile:7-Tile:10,Destroy,Map,Tile:6,Tile:12,Destroy,Tile:7-Tile:hidden1,Tile:nugget,Tile:hidden2
Tile:6 6 5 1
Map 12 3 0
Tile:7 5 4 1
Tile:6 7 5 0
Tile:7_flip 4 5 1
Map 12 5 0
Map 12 5 1
Tile:7 8 5 0
Tile:4 6 4 1
Destroy 6 4 0
Tile:5 7 4 1
Tile:10 8 6 0
Tile:6 5 6 1
Tile:8 8 7 0
Tile:5_flip 8 4 1
Tile:6 9 7 0
Tile:11 9 6 1
Tile:12_flip 7 7 0
Tile:0 10 7 1
Tile:1 10 6 0
Tile:10 6 4 1
Destroy 9 6 0
Tile:9 8 3 1
Tile:9_flip 11 7 0
Tile:9_flip 8 2 1
Tile:0 9 3 0
Tile:15 8 1 1
Tile:13 11 6 0
Tile:8 4 4 1
Tile:14 12 6 0
Tile:8 3 4 1
Tile:2 11 5 0
Destroy 12 6 1
Drop 6 0 0
Tile:5_flip 8 8 1
Tile:9_flip 12 6 0
Tile:0 10 3 1
Tile:8 11 3 0
Tile:6_flip 4 6 1
Tile:8 12 4 0
GAMEOVER WINNER 0
# Game ended: Sat Apr 11 14:26:12 EDT 2020
