# Server version 0.08 running on macbook-pro-5.local:8123
# Game ID: 673
# Board class: Saboteur.SaboteurBoard
# Timeout: 2000000000
# First Move Timeout: 30000
# Date: Thu Apr 09 01:05:27 EDT 2020
# Player 1: Player-0, '260729805', running on macbook-pro-5.local
# Player 2: Player-1, 'RandomPlayer', running on macbook-pro-5.local
START Player-0 260729805
START Player-1 RandomPlayer
BoardInit:Map,Tile:6,Bonus,Bonus,Tile:10,Tile:9,Tile:9,Tile:0,Tile:4,Tile:6,Tile:6,Map,Tile:12,Tile:7,Tile:8,Tile:0,Destroy,Tile:8,Bonus,Malus,Tile:1,Tile:5,Tile:0,Tile:9,Tile:7,Tile:2,Tile:10,Map,Tile:9,Tile:10,Map,Map,Tile:5,Tile:15,Tile:9,Tile:6,Tile:13,Tile:7,Malus,Bonus,Destroy-Map,Tile:14,Tile:7,Tile:8,Tile:7,Destroy,Tile:8-Tile:3,Tile:11,Tile:0,Tile:8,Tile:6,Tile:5,Tile:5-Tile:nugget,Tile:hidden1,Tile:hidden2
Tile:7_flip 4 5 1
Tile:0 6 5 0
Tile:8 4 4 1
Tile:6_flip 5 4 0
Drop 4 0 1
Tile:5_flip 6 4 0
Map 12 5 1
Tile:5_flip 7 5 0
Destroy 4 5 1
Tile:9 7 4 0
Map 12 7 1
Tile:6 4 5 0
Tile:9_flip 7 3 1
Map 12 3 0
Tile:7_flip 5 6 1
Tile:6_flip 6 3 0
Tile:8 8 4 1
Tile:7_flip 8 5 0
Tile:14 9 5 1
Tile:8 9 4 0
Tile:6_flip 6 6 1
Tile:3 7 6 0
Destroy 9 5 1
Tile:11_flip 9 5 0
Tile:0 5 3 1
Tile:9 8 3 0
Tile:1 3 4 1
Tile:2 9 3 0
Tile:12_flip 3 5 1
Tile:8 10 4 0
Tile:4_flip 10 5 1
Tile:5 4 3 0
Drop 1 0 1
Tile:10 8 2 0
Tile:9_flip 8 1 1
Tile:15 7 2 0
Tile:9 7 1 1
Tile:6_flip 8 0 0
Tile:5_flip 7 7 1
Drop 6 0 0
Map 12 3 1
Drop 6 0 0
Drop 5 0 1
Drop 5 0 0
Drop 4 0 1
Drop 4 0 0
Destroy 5 3 1
Drop 3 0 0
Tile:7 10 3 1
Drop 2 0 0
Drop 0 0 1
Drop 1 0 0
Tile:10 9 6 1
Drop 0 0 0
Drop 0 0 1
GAMEOVER DRAW
# Game ended: Thu Apr 09 01:05:29 EDT 2020
