# Server version 0.08 running on localhost:8123
# Game ID: 906
# Board class: Saboteur.SaboteurBoard
# Timeout: 2000000000
# First Move Timeout: 30000
# Date: Sat Apr 11 01:39:35 EDT 2020
# Player 1: Player-0, '260729805', running on localhost
# Player 2: Player-1, 'RandomPlayer', running on localhost
START Player-0 260729805
START Player-1 RandomPlayer
BoardInit:Tile:0,Malus,Tile:0,Map,Map,Tile:14,Tile:7,Tile:14,Tile:8,Map,Tile:8,Malus,Tile:14,Tile:14,Bonus,Tile:14,Map,Tile:6,Tile:10,Map,Tile:9,Map,Tile:6,Map,Tile:6,Map,Map,Map,Tile:14,Tile:8,Map,Tile:9,Bonus,Tile:14,Destroy,Tile:15,Tile:3,Map,Tile:14,Tile:6,Tile:7,Tile:5,Tile:14,Tile:8,Tile:14,Map,Tile:14,Tile:14,Map,Tile:11,Bonus,Map,Tile:8,Tile:2,Tile:7,Tile:13,Tile:5,Map,Tile:7,Bonus,Malus,Tile:14,Tile:10,Tile:14,Tile:14,Tile:14,Tile:0,Tile:8,Tile:12,Tile:14,Bonus,Malus,Tile:6,Malus,Tile:14,Tile:0,Tile:5,Map,Map,Tile:14,Map,Tile:4,Destroy,Tile:14,Tile:9,Tile:5,Tile:10,Map,Tile:14,Map-Bonus,Map,Destroy,Tile:8,Tile:9,Destroy,Tile:9-Tile:1,Tile:8,Tile:8,Map,Tile:7,Tile:8,Bonus-Tile:nugget,Tile:hidden1,Tile:hidden2
Map 12 7 1
Map 12 3 0
Tile:9 5 6 1
Malus 0 0 0
Drop 2 0 1
Tile:7 6 5 0
Destroy 5 6 1
Tile:8 6 6 0
Drop 1 0 1
Drop 6 0 0
Drop 1 0 1
Drop 5 0 0
Drop 6 0 1
Malus 0 0 0
Map 12 5 1
Drop 6 0 0
Drop 6 0 1
Drop 6 0 0
Map 12 7 1
Tile:6 7 6 0
Drop 2 0 1
Tile:1 8 6 0
Drop 3 0 1
Drop 6 0 0
Drop 5 0 1
Drop 6 0 0
Drop 0 0 1
Drop 6 0 0
Drop 4 0 1
Drop 6 0 0
Map 12 3 1
Tile:8 5 4 0
Map 12 3 1
Tile:9 7 5 0
Drop 0 0 1
Tile:14 9 6 0
Destroy 7 6 1
Tile:15 9 5 0
Drop 0 0 1
Drop 6 0 0
Drop 4 0 1
Tile:8 7 6 0
Drop 0 0 1
Tile:8 7 4 0
Drop 5 0 1
Tile:8 8 4 0
Drop 6 0 1
Drop 6 0 0
Drop 2 0 1
Tile:14_flip 8 3 0
Map 12 7 1
Tile:11_flip 9 3 0
Drop 4 0 1
Drop 6 0 0
Drop 1 0 1
Tile:2 9 2 0
Drop 1 0 1
Tile:13 10 2 0
Drop 6 0 1
Drop 6 0 0
Bonus 0 0 1
Tile:5_flip 8 5 0
Malus 0 0 1
Bonus 0 0 0
Drop 5 0 1
Tile:14 11 2 0
Drop 4 0 1
Tile:14_flip 11 1 0
Drop 1 0 1
Tile:14 12 1 0
Drop 2 0 1
Tile:14_flip 12 0 0
Drop 5 0 1
Malus 0 0 0
Drop 2 0 1
Malus 0 0 0
Drop 6 0 1
Tile:8 9 4 0
Drop 2 0 1
Drop 6 0 0
Bonus 0 0 1
Tile:14 10 4 0
Drop 1 0 1
Tile:4 7 3 0
Map 12 5 1
Tile:14 13 0 0
Destroy 8 3 1
Tile:5 8 3 0
Map 12 7 1
Drop 6 0 0
Drop 6 0 1
Drop 6 0 0
Drop 2 0 1
Tile:6 6 4 0
Drop 1 0 1
Drop 4 0 0
Drop 1 0 1
Drop 3 0 0
Drop 1 0 1
Drop 2 0 0
Drop 1 0 1
Drop 1 0 0
Drop 0 0 1
Drop 0 0 0
GAMEOVER DRAW
# Game ended: Sat Apr 11 01:39:40 EDT 2020
