# Server version 0.08 running on macbook-pro-5.local:8123
# Game ID: 942
# Board class: Saboteur.SaboteurBoard
# Timeout: 2000000000
# First Move Timeout: 30000
# Date: Sat Apr 11 02:08:46 EDT 2020
# Player 1: Player-0, '260729805', running on macbook-pro-5.local
# Player 2: Player-1, 'RandomPlayer', running on macbook-pro-5.local
START Player-0 260729805
START Player-1 RandomPlayer
BoardInit:Tile:9,Tile:9,Tile:11,Map,Destroy,Map,Tile:7,Tile:10,Tile:10,Tile:9,Tile:0,Tile:6,Bonus,Bonus,Tile:4,Tile:5,Tile:6,Map,Tile:2,Tile:9,Tile:0,Tile:7,Tile:3,Tile:13,Tile:10,Tile:6,Tile:0,Tile:14,Tile:5,Destroy,Tile:8,Tile:7,Map,Tile:15,Bonus,Tile:0,Bonus,Tile:12,Malus,Tile:6,Tile:8-Map,Tile:5,Tile:9,Tile:8,Tile:8,Tile:8,Tile:6-Malus,Tile:1,Destroy,Map,Tile:7,Tile:5,Tile:7-Tile:hidden2,Tile:hidden1,Tile:nugget
Tile:6 6 5 1
Malus 0 0 0
Map 12 3 1
Destroy 6 5 0
Drop 4 0 1
Tile:7 6 5 0
Drop 3 0 1
Tile:5_flip 6 6 0
Drop 0 0 1
Tile:7 5 4 0
Drop 1 0 1
Tile:9 5 6 0
Drop 6 0 1
Tile:6 5 7 0
Drop 2 0 1
Tile:9 4 5 0
Drop 5 0 1
Tile:5 4 4 0
Drop 3 0 1
Tile:1 6 7 0
Drop 4 0 1
Tile:9_flip 7 7 0
Destroy 7 7 1
Tile:7 7 7 0
Drop 2 0 1
Drop 6 0 0
Drop 0 0 1
Tile:10 7 8 0
Drop 5 0 1
Drop 6 0 0
Drop 0 0 1
Destroy 5 7 0
Drop 6 0 1
Tile:6 5 7 0
Drop 3 0 1
Drop 6 0 0
Bonus 0 0 1
Map 12 3 0
Map 12 5 1
Map 12 5 0
Drop 6 0 1
Tile:7_flip 7 9 0
Tile:2_flip 8 9 1
Tile:0 9 9 0
Drop 4 0 1
Tile:6 10 9 0
Drop 3 0 1
Tile:12_flip 4 7 0
Tile:6 11 9 1
Drop 2 0 0
Tile:8 11 8 1
Drop 1 0 0
Tile:0 12 8 1
Drop 0 0 0
Tile:0 12 9 1
GAMEOVER DRAW
# Game ended: Sat Apr 11 02:08:46 EDT 2020
