# Server version 0.08 running on 192.168.1.5:8123
# Game ID: 28
# Board class: Saboteur.SaboteurBoard
# Timeout: 20000
# First Move Timeout: 30000
# Date: Sun Mar 29 20:04:54 EDT 2020
# Player 1: Player-0, '260729805', running on 192.168.1.5
# Player 2: Player-1, 'RandomPlayer', running on 192.168.1.5
START Player-0 260729805
START Player-1 RandomPlayer
BoardInit:Destroy,Tile:1,Tile:9,Tile:14,Map,Map,Malus,Tile:9,Tile:8,Tile:8,Tile:12,Tile:7,Tile:0,Map,Tile:6,Tile:10,Tile:10,Tile:5,Malus,Tile:10,Tile:0,Tile:6,Tile:9,Tile:5,Tile:8,Tile:9,Map,Destroy,Bonus,Tile:5,Tile:15,Map,Tile:8,Tile:6,Bonus,Tile:0,Tile:9,Tile:6,Tile:5,Tile:0,Tile:7-Tile:4,Tile:7,Tile:7,Tile:6,Tile:8,Destroy,Tile:2-Tile:13,Map,Tile:7,Tile:3,Tile:11,Bonus,Bonus-Tile:hidden2,Tile:nugget,Tile:hidden1
Tile:8 4 5 1
Tile:11_flip 4 4 0
Tile:4_flip 5 6 1
Map 12 5 0
Tile:9_flip 6 5 1
Tile:13 3 5 0
Drop 6 0 1
Drop 2 0 0
Destroy 6 5 1
Tile:9 5 4 0
Drop 1 0 1
Tile:1 6 5 0
Tile:8 4 3 1
Tile:14 4 6 0
Tile:0 2 5 1
Tile:3 4 2 0
Tile:6_flip 7 5 1
Tile:7 5 3 0
Destroy 6 5 1
Tile:8 6 4 0
Tile:2 1 5 1
Tile:10 6 3 0
Tile:6_flip 3 4 1
Tile:7_flip 7 6 0
Tile:9_flip 8 5 1
Tile:5_flip 7 4 0
Tile:12_flip 3 3 1
Map 12 3 0
Tile:0 3 2 1
Tile:9 3 6 0
Tile:8 8 6 1
Tile:10 7 3 0
Tile:7_flip 3 7 1
Tile:6 6 5 0
Drop 2 0 1
Drop 3 0 0
Tile:10 8 4 1
Tile:6_flip 9 6 0
Tile:9 7 2 1
Tile:0 10 6 0
Tile:15 9 7 1
Tile:6 0 5 0
Tile:8 7 1 1
Tile:5 7 0 0
Tile:7 8 1 1
Tile:0 6 1 0
Drop 1 0 1
Drop 2 0 0
Drop 3 0 1
Drop 2 0 0
Drop 0 0 1
Map 12 7 0
Drop 1 0 1
Drop 0 0 0
Drop 0 0 1
GAMEOVER DRAW
# Game ended: Sun Mar 29 20:04:54 EDT 2020
