# Server version 0.08 running on localhost:8123
# Game ID: 641
# Board class: Saboteur.SaboteurBoard
# Timeout: 2000000000
# First Move Timeout: 30000
# Date: Thu Apr 09 00:35:52 EDT 2020
# Player 1: Player-0, '260729805', running on localhost
# Player 2: Player-1, 'Human', running on localhost
START Player-0 260729805
START Player-1 Human
BoardInit:Tile:8,Map,Tile:5,Map,Tile:2,Destroy,Map,Tile:13,Tile:8,Tile:4,Tile:12,Bonus,Tile:6,Tile:10,Map,Bonus,Tile:0,Malus,Tile:9,Tile:0,Tile:5,Tile:6,Tile:15,Tile:8,Tile:5,Tile:6,Tile:3,Map,Tile:9,Tile:0,Tile:8,Tile:9,Tile:7,Tile:10,Tile:6,Tile:11,Tile:7,Tile:1,Tile:9,Bonus,Bonus-Destroy,Tile:8,Tile:6,Tile:5,Tile:7,Tile:14,Tile:7-Destroy,Tile:7,Tile:10,Tile:9,Tile:0,Map,Malus-Tile:hidden1,Tile:hidden2,Tile:nugget
Tile:8 6 5 1
Map 12 3 0
Tile:7 7 5 1
Map 12 5 0
Tile:6 7 6 1
Tile:7 8 6 0
Tile:8 8 7 1
Tile:0 9 7 0
Map 12 7 1
Tile:13 5 6 0
Tile:7 10 7 1
Destroy 5 6 0
Tile:8 10 8 1
Tile:4_flip 5 6 0
Tile:6 11 8 1
Tile:9 11 7 0
GAMEOVER WINNER 0
# Game ended: Thu Apr 09 00:36:41 EDT 2020
