# Server version 0.08 running on localhost:8123
# Game ID: 813
# Board class: Saboteur.SaboteurBoard
# Timeout: 2000000000
# First Move Timeout: 30000
# Date: Thu Apr 09 02:26:25 EDT 2020
# Player 1: Player-0, '260729805', running on localhost
# Player 2: Player-1, 'RandomPlayer', running on localhost
START Player-0 260729805
START Player-1 RandomPlayer
BoardInit:Tile:6,Map,Tile:0,Tile:5,Tile:13,Tile:7,Tile:6,Bonus,Tile:9,Tile:10,Tile:0,Tile:8,Tile:9,Bonus,Tile:9,Tile:11,Tile:4,Tile:8,Tile:10,Destroy,Malus,Map,Tile:7,Tile:6,Bonus,Map,Tile:8,Tile:5,Destroy,Tile:3,Tile:15,Tile:9,Tile:0,Tile:6,Tile:7,Tile:14,Tile:1,Tile:0,Tile:9,Tile:10,Tile:8-Tile:6,Tile:5,Bonus,Map,Map,Tile:7,Destroy-Tile:5,Tile:12,Tile:2,Tile:8,Malus,Tile:7,Map-Tile:nugget,Tile:hidden2,Tile:hidden1
Tile:5 4 5 1
Map 12 3 0
Drop 1 0 1
Tile:5_flip 6 5 0
Tile:6_flip 5 4 1
Tile:7 6 4 0
Tile:6 4 4 1
Tile:5_flip 5 6 0
Map 12 7 1
Tile:7 4 3 0
Tile:0 3 3 1
Tile:8 4 6 0
Drop 4 0 1
Tile:10 4 7 0
Drop 3 0 1
Tile:8 4 8 0
Destroy 4 6 1
Tile:12_flip 3 4 0
Tile:9 4 9 1
Tile:8 5 8 0
Tile:4 5 7 1
Destroy 5 7 0
Tile:0 2 3 1
Drop 5 0 0
Drop 4 0 1
Tile:6 6 8 0
Tile:9_flip 5 9 1
Drop 6 0 0
Drop 6 0 1
Tile:5_flip 7 8 0
Drop 2 0 1
Drop 6 0 0
Tile:15 7 7 1
Tile:9 7 6 0
Destroy 5 4 1
Tile:6_flip 5 4 0
Malus 0 0 1
Bonus 0 0 0
Tile:7_flip 5 10 1
Tile:0 8 6 0
Tile:9 1 3 1
Tile:10 7 5 0
Tile:7 9 6 1
Tile:2_flip 9 7 0
Drop 4 0 1
Tile:14 10 7 0
Drop 1 0 1
Drop 3 0 0
Map 12 3 1
Drop 2 0 0
Tile:0 3 8 1
Drop 1 0 0
Tile:7 1 2 1
Malus 0 0 0
Drop 0 0 1
GAMEOVER DRAW
# Game ended: Thu Apr 09 02:26:25 EDT 2020
