# Server version 0.08 running on macbook-pro-5.local:8123
# Game ID: 986
# Board class: Saboteur.SaboteurBoard
# Timeout: 2000000000
# First Move Timeout: 30000
# Date: Sat Apr 11 02:40:14 EDT 2020
# Player 1: Player-0, '260729805', running on macbook-pro-5.local
# Player 2: Player-1, 'RandomPlayer', running on macbook-pro-5.local
START Player-0 260729805
START Player-1 RandomPlayer
BoardInit:Tile:5,Map,Map,Map,Tile:0,Bonus,Tile:9,Tile:6,Tile:7,Tile:7,Tile:7,Tile:10,Tile:5,Tile:6,Tile:14,Tile:9,Tile:7,Tile:11,Tile:0,Tile:6,Tile:13,Tile:0,Tile:5,Tile:3,Tile:8,Tile:5,Tile:8,Bonus,Map,Tile:8,Tile:9,Tile:10,Malus,Tile:15,Destroy,Tile:9,Destroy,Tile:6,Map,Tile:12,Tile:1-Tile:10,Tile:6,Map,Malus,Tile:9,Tile:0,Tile:8-Bonus,Tile:2,Tile:7,Bonus,Tile:4,Destroy,Tile:8-Tile:hidden1,Tile:nugget,Tile:hidden2
Tile:8 5 4 1
Destroy 5 4 0
Tile:9_flip 6 5 1
Tile:7 6 4 0
Malus 0 0 1
Bonus 0 0 0
Tile:6_flip 5 4 1
Tile:8 6 6 0
Tile:0 4 4 1
Tile:6 7 6 0
Tile:9 5 6 1
Tile:7 8 6 0
Tile:5 3 4 1
Tile:10 8 7 0
Tile:5 4 5 1
Tile:6 8 8 0
Tile:7_flip 5 7 1
Tile:9_flip 9 8 0
Tile:10 9 7 1
Tile:4 9 6 0
Tile:14 6 7 1
Tile:6 9 9 0
Tile:0 7 8 1
Tile:0 10 9 0
Drop 0 0 1
Tile:2 11 9 0
Tile:5_flip 4 6 1
Tile:5 7 5 0
Tile:0 6 8 1
Tile:11_flip 12 9 0
Tile:7_flip 12 10 1
Tile:8 12 8 0
Tile:9_flip 11 10 1
Tile:10 11 11 0
Tile:7_flip 11 8 1
Tile:3 11 7 0
Drop 6 0 1
Tile:9 10 7 0
Destroy 7 5 1
Tile:6_flip 8 9 0
Malus 0 0 1
Bonus 0 0 0
Tile:8 13 10 1
Tile:12_flip 7 9 0
Drop 2 0 1
Tile:15 10 6 0
Tile:13 8 10 1
Drop 3 0 0
Tile:1 9 10 1
Drop 2 0 0
Map 12 3 1
Drop 1 0 0
Map 12 7 1
Drop 0 0 0
Map 12 5 1
GAMEOVER DRAW
# Game ended: Sat Apr 11 02:40:14 EDT 2020
