# Server version 0.08 running on 192.168.1.5:8123
# Game ID: 101
# Board class: Saboteur.SaboteurBoard
# Timeout: 20000
# First Move Timeout: 30000
# Date: Mon Mar 30 22:44:26 EDT 2020
# Player 1: Player-0, '260729805', running on 192.168.1.5
# Player 2: Player-1, 'RandomPlayer', running on 192.168.1.5
START Player-0 260729805
START Player-1 RandomPlayer
BoardInit:Bonus,Tile:6,Tile:6,Map,Tile:9,Tile:0,Bonus,Tile:9,Tile:6,Tile:7,Tile:0,Tile:7,Tile:9,Tile:7,Tile:10,Map,Tile:5,Tile:4,Tile:13,Tile:14,Destroy,Tile:11,Tile:3,Tile:0,Bonus,Tile:1,Tile:15,Tile:8,Tile:8,Tile:0,Bonus,Destroy,Tile:6,Destroy,Map,Tile:8,Malus,Map,Tile:8,Tile:9,Tile:9-Tile:6,Tile:5,Tile:7,Map,Tile:10,Tile:8,Tile:10-Tile:5,Tile:5,Tile:2,Tile:7,Tile:12,Malus,Map-Tile:nugget,Tile:hidden2,Tile:hidden1
Tile:8 5 4 1
Drop 5 0 0
Tile:7 6 5 1
Tile:2_flip 4 4 0
Tile:6_flip 4 5 1
Tile:5_flip 6 4 0
Tile:9_flip 5 3 1
Tile:6 6 6 0
Tile:6 3 4 1
Tile:9 6 3 0
Tile:6 5 6 1
Map 12 7 0
Tile:10 6 2 1
Tile:12_flip 2 4 0
Drop 3 0 1
Tile:0 7 6 0
Tile:9_flip 5 2 1
Tile:7 3 3 0
Drop 1 0 1
Drop 1 0 0
Drop 4 0 1
Tile:5 4 3 0
Tile:0 3 5 1
Tile:7_flip 2 3 0
Tile:13 6 1 1
Tile:14_flip 5 1 0
Destroy 6 4 1
Tile:11_flip 2 2 0
Tile:5_flip 7 1 1
Tile:0 8 6 0
Tile:10 2 1 1
Tile:8 9 6 0
Tile:3 10 6 1
Destroy 10 6 0
Tile:6_flip 2 5 1
Destroy 6 6 0
Tile:8 4 6 1
Tile:8 4 7 0
Tile:5 6 0 1
Tile:7_flip 4 2 0
Tile:15 9 7 1
Tile:9 9 8 0
Tile:8 9 9 1
Tile:7 10 9 0
Tile:9_flip 10 6 1
Drop 3 0 0
Drop 0 0 1
Tile:4 9 5 0
Map 12 3 1
Tile:1 3 7 0
Drop 0 0 1
Map 12 3 0
Malus 0 0 1
Map 12 5 0
Drop 0 0 1
GAMEOVER DRAW
# Game ended: Mon Mar 30 22:44:33 EDT 2020
