# Server version 0.08 running on macbook-pro-5.local:8123
# Game ID: 1057
# Board class: Saboteur.SaboteurBoard
# Timeout: 2000000000
# First Move Timeout: 30000
# Date: Sat Apr 11 14:28:39 EDT 2020
# Player 1: Player-0, '260729805', running on macbook-pro-5.local
# Player 2: Player-1, 'RandomPlayer', running on macbook-pro-5.local
START Player-0 260729805
START Player-1 RandomPlayer
BoardInit:Tile:8,Tile:8,Tile:8,Destroy,Tile:6,Tile:7,Destroy,Bonus,Tile:7,Tile:9,Tile:7,Tile:0,Tile:5,Tile:0,Tile:14,Tile:15,Tile:10,Tile:4,Tile:11,Map,Malus,Destroy,Map,Tile:6,Map,Tile:2,Tile:8,Tile:1,Tile:12,Tile:6,Tile:9,Tile:9,Tile:5,Tile:0,Bonus,Tile:6,Tile:8,Bonus,Map,Tile:10,Tile:3-Map,Tile:9,Tile:5,Tile:13,Tile:5,Tile:7,Tile:7-Bonus,Tile:9,Tile:6,Tile:0,Tile:10,Map,Malus-Tile:nugget,Tile:hidden2,Tile:hidden1
Tile:13 4 5 1
Malus 0 0 0
Map 12 3 1
Tile:6 6 5 0
Drop 4 0 1
Destroy 4 5 0
Drop 5 0 1
Tile:0 7 5 0
Drop 0 0 1
Tile:9_flip 8 5 0
Drop 1 0 1
Tile:10 8 4 0
Drop 6 0 1
Tile:8 8 6 0
Destroy 8 6 1
Tile:9 8 6 0
Drop 5 0 1
Tile:7 9 6 0
Drop 3 0 1
Tile:0 4 5 0
Drop 2 0 1
Tile:0 3 5 0
Drop 3 0 1
Tile:4_flip 9 7 0
Drop 5 0 1
Destroy 9 7 0
Drop 0 0 1
Tile:6 9 7 0
Drop 5 0 1
Tile:2 10 7 0
Map 12 3 1
Tile:6 8 7 0
Drop 6 0 1
Tile:9 8 3 0
Drop 3 0 1
Tile:0 9 3 0
Drop 4 0 1
Tile:6 10 3 0
Drop 0 0 1
Tile:1 11 3 0
Drop 2 0 1
Tile:10 10 2 0
Map 12 7 1
Tile:15 10 8 0
Drop 4 0 1
Drop 4 0 0
Drop 3 0 1
Drop 3 0 0
Drop 0 0 1
Drop 2 0 0
Drop 0 0 1
Drop 1 0 0
Drop 1 0 1
Drop 0 0 0
Drop 0 0 1
GAMEOVER DRAW
# Game ended: Sat Apr 11 14:28:40 EDT 2020
