# Server version 0.08 running on localhost:8123
# Game ID: 793
# Board class: Saboteur.SaboteurBoard
# Timeout: 2000000000
# First Move Timeout: 30000
# Date: Thu Apr 09 02:11:49 EDT 2020
# Player 1: Player-0, '260729805', running on localhost
# Player 2: Player-1, 'RandomPlayer', running on localhost
START Player-0 260729805
START Player-1 RandomPlayer
BoardInit:Tile:7,Tile:9,Tile:3,Tile:7,Tile:1,Map,Tile:0,Tile:7,Tile:4,Tile:15,Destroy,Tile:5,Tile:6,Tile:10,Tile:6,Destroy,Bonus,Tile:10,Bonus,Tile:9,Tile:8,Tile:7,Tile:8,Tile:14,Tile:13,Malus,Map,Tile:6,Bonus,Tile:8,Tile:0,Tile:9,Destroy,Tile:5,Tile:5,Tile:9,Tile:7,Tile:12,Tile:6,Tile:8,Bonus-Map,Tile:6,Tile:5,Map,Tile:0,Tile:10,Map-Tile:9,Malus,Tile:11,Tile:0,Map,Tile:8,Tile:2-Tile:hidden2,Tile:nugget,Tile:hidden1
Tile:5 4 5 1
Tile:0 6 5 0
Map 12 5 1
Tile:9_flip 7 5 0
Tile:6 7 6 1
Tile:7 8 6 0
Tile:3 5 4 1
Tile:8 8 7 0
Tile:10 5 6 1
Tile:7 9 7 0
Tile:7_flip 8 8 1
Tile:9_flip 9 8 0
Drop 2 0 1
Tile:5_flip 9 9 0
Tile:0 8 9 1
Tile:10 7 4 0
Destroy 8 8 1
Destroy 5 4 0
Drop 1 0 1
Tile:10 7 3 0
Map 12 3 1
Tile:9 7 2 0
Tile:4_flip 5 7 1
Tile:7 8 2 0
Drop 4 0 1
Tile:11 8 3 0
Tile:6 8 8 1
Tile:2 9 3 0
Drop 6 0 1
Tile:6_flip 7 7 0
Tile:8 7 9 1
Tile:8 7 8 0
Tile:13 6 8 1
Tile:9 6 7 0
Destroy 8 9 1
Tile:5 6 6 0
Tile:0 8 9 1
Tile:9 7 1 0
Tile:6_flip 5 8 1
Tile:12 8 1 0
Tile:7_flip 9 4 1
Tile:8 10 4 0
Tile:8 10 3 1
Tile:14 11 4 0
Tile:6 10 5 1
Tile:15 10 2 0
Tile:5_flip 4 6 1
Drop 3 0 0
Tile:0 3 6 1
Drop 2 0 0
Drop 0 0 1
Drop 1 0 0
Drop 1 0 1
Malus 0 0 0
Bonus 0 0 1
GAMEOVER DRAW
# Game ended: Thu Apr 09 02:11:49 EDT 2020
