# Server version 0.08 running on localhost:8123
# Game ID: 947
# Board class: Saboteur.SaboteurBoard
# Timeout: 2000000000
# First Move Timeout: 30000
# Date: Sat Apr 11 02:17:08 EDT 2020
# Player 1: Player-0, '260729805', running on localhost
# Player 2: Player-1, 'RandomPlayer', running on localhost
START Player-0 260729805
START Player-1 RandomPlayer
BoardInit:Destroy,Tile:6,Tile:7,Tile:7,Tile:14,Tile:12,Malus,Tile:0,Bonus,Tile:8,Tile:15,Tile:0,Map,Tile:6,Tile:5,Map,Map,Map,Tile:6,Tile:0,Malus,Tile:8,Tile:4,Tile:5,Tile:5,Tile:7,Tile:11,Map,Tile:9,Tile:1,Tile:9,Tile:5,Bonus,Tile:7,Destroy,Destroy,Tile:6,Tile:7,Tile:10,Tile:6,Tile:3-Tile:8,Tile:10,Tile:8,Tile:9,Tile:2,Tile:0,Tile:9-Tile:9,Tile:13,Bonus,Tile:8,Map,Bonus,Tile:10-Tile:hidden2,Tile:nugget,Tile:hidden1
Tile:8 4 5 1
Tile:9_flip 6 5 0
Tile:9 6 4 1
Tile:6 7 4 0
Tile:2 8 4 1
Tile:7_flip 6 6 0
Tile:14_flip 6 3 1
Tile:8 7 6 0
Tile:7 9 4 1
Tile:0 8 6 0
Drop 3 0 1
Tile:8 9 6 0
Tile:8 9 5 1
Tile:0 10 6 0
Destroy 10 6 1
Tile:6 10 6 0
Tile:5_flip 11 6 1
Tile:10 11 5 0
Map 12 7 1
Tile:12_flip 3 5 0
Tile:10 5 6 1
Tile:13 9 7 0
Tile:15 5 4 1
Tile:8 7 7 0
Tile:0 8 7 1
Tile:5_flip 7 8 0
Tile:6_flip 6 8 1
Tile:7_flip 8 5 0
Tile:11_flip 7 3 1
Tile:0 6 7 0
Drop 2 0 1
Tile:1 10 7 0
Tile:5_flip 4 6 1
Tile:5_flip 6 9 0
Tile:9_flip 10 5 1
Tile:7 11 7 0
Tile:4 5 3 1
Destroy 11 6 0
Destroy 10 7 1
Tile:7_flip 11 8 0
Tile:9 5 7 1
Tile:6 12 8 0
Tile:6 11 6 1
Drop 5 0 0
Tile:10 7 2 1
Drop 4 0 0
Tile:3_flip 5 9 1
Drop 3 0 0
Drop 0 0 1
Drop 2 0 0
Drop 0 0 1
Drop 1 0 0
Malus 0 0 1
Bonus 0 0 0
Drop 0 0 1
GAMEOVER DRAW
# Game ended: Sat Apr 11 02:17:09 EDT 2020
