# Server version 0.08 running on 192.168.1.5:8123
# Game ID: 394
# Board class: Saboteur.SaboteurBoard
# Timeout: 2000000000
# First Move Timeout: 30000
# Date: Sat Apr 04 20:03:36 EDT 2020
# Player 1: Player-0, '260729805', running on 192.168.1.5
# Player 2: Player-1, 'Human', running on 192.168.1.5
START Player-0 260729805
START Player-1 Human
BoardInit:Destroy,Tile:12,Tile:0,Tile:4,Tile:3,Tile:6,Map,Tile:1,Tile:6,Tile:7,Tile:8,Tile:6,Tile:7,Tile:10,Tile:0,Tile:14,Malus,Malus,Tile:7,Tile:11,Tile:10,Tile:2,Map,Map,Bonus,Map,Tile:7,Tile:9,Map,Tile:9,Tile:9,Tile:10,Tile:6,Tile:8,Destroy,Tile:8,Tile:5,Tile:9,Tile:8,Bonus,Tile:5-Tile:8,Tile:0,Bonus,Tile:13,Tile:15,Map,Tile:5-Tile:0,Tile:9,Tile:5,Tile:6,Tile:7,Destroy,Bonus-Tile:hidden2,Tile:nugget,Tile:hidden1
Tile:8 6 5 1
Tile:0 7 5 0
Tile:0 8 5 1
Tile:7 9 5 0
Map 12 5 1
Tile:4_flip 9 6 0
Destroy 9 6 1
Tile:5_flip 9 6 0
Map 12 7 1
Tile:6_flip 8 6 0
Tile:6 8 7 1
Tile:12 9 7 0
Tile:8 7 7 1
Tile:6 7 8 0
Tile:0 8 8 1
Tile:7 9 8 0
Tile:5 6 4 1
Tile:6 9 9 0
Tile:0 10 9 1
Tile:1 11 9 0
Malus 0 0 1
Bonus 0 0 0
Drop 1 0 1
Tile:9 6 7 0
Map 12 3 1
Map 12 3 0
Drop 2 0 1
Map 12 5 0
Drop 1 0 1
Tile:10 6 6 0
Tile:7 5 4 1
Tile:9 6 8 0
Tile:9 6 9 1
Tile:9 6 10 0
Tile:6 7 10 1
Tile:8 8 10 0
Destroy 11 9 1
Tile:8 11 9 0
Tile:5 11 8 1
Tile:9_flip 12 8 0
Tile:8 12 6 1
GAMEOVER WINNER 1
# Game ended: Sat Apr 04 20:06:22 EDT 2020
