# Server version 0.08 running on localhost:8123
# Game ID: 328
# Board class: Saboteur.SaboteurBoard
# Timeout: 2000000000
# First Move Timeout: 30000
# Date: Fri Apr 03 23:19:08 EDT 2020
# Player 1: Player-0, '260729805', running on localhost
# Player 2: Player-1, 'Human', running on localhost
START Player-0 260729805
START Player-1 Human
BoardInit:Tile:0,Tile:10,Tile:2,Destroy,Tile:8,Tile:10,Map,Tile:8,Map,Tile:0,Tile:0,Tile:15,Tile:5,Tile:6,Tile:9,Tile:6,Map,Tile:12,Tile:13,Bonus,Tile:3,Tile:14,Tile:1,Map,Tile:6,Tile:8,Tile:7,Tile:8,Tile:7,Tile:7,Tile:11,Tile:0,Tile:6,Tile:6,Tile:5,Tile:4,Tile:9,Tile:9,Tile:8,Map,Destroy-Bonus,Malus,Tile:5,Malus,Tile:10,Bonus,Bonus-Tile:9,Tile:7,Map,Tile:7,Tile:9,Destroy,Tile:5-Tile:nugget,Tile:hidden1,Tile:hidden2
Tile:5 5 4 1
Map 12 3 0
Tile:0 6 5 1
Tile:7 7 5 0
Malus 0 0 1
Destroy 7 5 0
Drop 5 0 1
Destroy 6 5 0
Map 12 7 1
Drop 6 0 0
Tile:8 6 4 1
Drop 6 0 0
Tile:0 7 4 1
Drop 6 0 0
Tile:5 6 3 1
Drop 6 0 0
Map 12 5 1
Drop 6 0 0
Drop 6 0 1
Drop 6 0 0
Drop 6 0 1
Bonus 0 0 0
Drop 6 0 1
Tile:9_flip 8 4 0
Drop 6 0 1
Map 12 5 0
Tile:9 8 5 1
Tile:9_flip 9 5 0
Tile:6 9 6 1
Tile:8 10 6 0
Tile:7 11 6 1
Tile:8 11 7 0
Tile:10 12 6 1
Tile:10 12 4 0
GAMEOVER WINNER 0
# Game ended: Fri Apr 03 23:20:57 EDT 2020
