# Server version 0.08 running on localhost:8123
# Game ID: 943
# Board class: Saboteur.SaboteurBoard
# Timeout: 2000000000
# First Move Timeout: 30000
# Date: Sat Apr 11 02:10:01 EDT 2020
# Player 1: Player-0, '260729805', running on localhost
# Player 2: Player-1, 'RandomPlayer', running on localhost
START Player-0 260729805
START Player-1 RandomPlayer
BoardInit:Malus,Map,Tile:13,Tile:6,Tile:9,Tile:11,Tile:8,Destroy,Tile:7,Tile:10,Tile:7,Tile:14,Tile:1,Tile:9,Tile:4,Bonus,Tile:5,Tile:0,Tile:0,Tile:12,Tile:6,Tile:9,Tile:15,Tile:5,Tile:6,Tile:10,Tile:2,Tile:9,Tile:6,Tile:8,Map,Bonus,Destroy,Tile:7,Map,Tile:8,Tile:0,Destroy,Tile:3,Tile:8,Tile:0-Bonus,Tile:5,Map,Malus,Tile:10,Tile:7,Tile:5-Map,Tile:7,Tile:6,Tile:8,Tile:9,Map,Bonus-Tile:nugget,Tile:hidden1,Tile:hidden2
Drop 2 0 1
Map 12 3 0
Malus 0 0 1
Bonus 0 0 0
Tile:7 6 5 1
Tile:7_flip 6 6 0
Tile:5 4 5 1
Tile:6 7 6 0
Tile:5_flip 5 6 1
Destroy 7 6 0
Drop 3 0 1
Tile:6 7 6 0
Tile:7_flip 4 6 1
Tile:8 8 6 0
Malus 0 0 1
Drop 5 0 0
Tile:9_flip 8 7 1
Bonus 0 0 0
Tile:5 7 5 1
Tile:0 9 6 0
Drop 4 0 1
Tile:9_flip 10 6 0
Tile:7 5 4 1
Tile:9_flip 8 5 0
Tile:10 10 5 1
Tile:10 10 4 0
Tile:6_flip 10 3 1
Tile:9_flip 11 3 0
Tile:4 8 4 1
Tile:9 9 3 0
Tile:8 8 8 1
Tile:10 9 4 0
Tile:0 4 4 1
Tile:8 9 2 0
Tile:2_flip 10 2 1
Tile:5 9 1 0
Destroy 9 1 1
Tile:8 9 1 0
Tile:6 7 8 1
Destroy 11 3 0
Tile:3 9 8 1
Tile:8 11 3 0
GAMEOVER WINNER 0
# Game ended: Sat Apr 11 02:10:02 EDT 2020
