# Server version 0.08 running on localhost:8123
# Game ID: 761
# Board class: Saboteur.SaboteurBoard
# Timeout: 2000000000
# First Move Timeout: 30000
# Date: Thu Apr 09 01:46:58 EDT 2020
# Player 1: Player-0, '260729805', running on localhost
# Player 2: Player-1, 'RandomPlayer', running on localhost
START Player-0 260729805
START Player-1 RandomPlayer
BoardInit:Bonus,Bonus,Tile:9,Tile:11,Tile:4,Tile:8,Tile:6,Tile:6,Tile:5,Tile:0,Tile:9,Map,Tile:8,Tile:7,Tile:6,Map,Destroy,Tile:2,Tile:7,Tile:0,Malus,Tile:8,Map,Tile:6,Tile:8,Tile:0,Tile:5,Destroy,Bonus,Map,Bonus,Tile:3,Tile:7,Tile:9,Tile:9,Malus,Tile:0,Tile:10,Tile:5,Destroy,Tile:8-Tile:13,Tile:12,Map,Tile:7,Tile:5,Tile:6,Tile:7-Tile:1,Map,Tile:10,Tile:15,Tile:9,Tile:14,Tile:10-Tile:nugget,Tile:hidden2,Tile:hidden1
Tile:6_flip 4 5 1
Map 12 3 0
Tile:7 5 4 1
Tile:9_flip 6 5 0
Tile:5_flip 6 6 1
Tile:10 6 4 0
Drop 2 0 1
Tile:10 6 3 0
Tile:9_flip 4 6 1
Tile:6_flip 6 2 0
Tile:6 4 7 1
Tile:0 7 2 0
Tile:9 5 2 1
Tile:8 8 2 0
Tile:8 9 2 1
Tile:7 10 2 0
Tile:4 8 1 1
Tile:15 9 3 0
Tile:6_flip 5 1 1
Tile:14 9 4 0
Tile:7 5 7 1
Tile:0 6 1 0
Tile:12_flip 3 5 1
Tile:8 4 1 0
Destroy 6 5 1
Tile:6 4 4 0
Tile:13 6 5 1
Tile:0 3 4 0
Tile:5 3 7 1
Destroy 9 3 0
Tile:7_flip 8 4 1
Tile:11 10 3 0
Map 12 3 1
Tile:1 11 3 0
Tile:7 4 0 1
Tile:9 10 4 0
Tile:8 4 3 1
Tile:2 11 4 0
Tile:9_flip 8 3 1
Tile:10 11 5 0
Tile:0 3 3 1
Destroy 11 3 0
Tile:5 9 1 1
Tile:3 12 4 0
Tile:5_flip 10 1 1
Drop 4 0 0
Tile:8 7 5 1
Drop 3 0 0
Drop 2 0 1
Drop 2 0 0
Drop 0 0 1
Drop 1 0 0
Malus 0 0 1
Bonus 0 0 0
Drop 0 0 1
GAMEOVER DRAW
# Game ended: Thu Apr 09 01:47:25 EDT 2020
