# Server version 0.08 running on localhost:8123
# Game ID: 472
# Board class: Saboteur.SaboteurBoard
# Timeout: 2000000000
# First Move Timeout: 30000
# Date: Sun Apr 05 15:34:29 EDT 2020
# Player 1: Player-0, '260729805', running on localhost
# Player 2: Player-1, 'RandomPlayer', running on localhost
START Player-0 260729805
START Player-1 RandomPlayer
BoardInit:Bonus,Tile:3,Bonus,Tile:13,Tile:7,Tile:6,Tile:9,Tile:15,Tile:7,Tile:0,Tile:8,Map,Tile:14,Tile:5,Tile:6,Map,Bonus,Tile:0,Tile:5,Destroy,Tile:2,Tile:7,Tile:12,Tile:6,Map,Tile:4,Tile:5,Tile:9,Tile:9,Tile:10,Map,Tile:6,Destroy,Tile:0,Tile:1,Map,Tile:11,Destroy,Tile:9,Tile:7,Tile:8-Bonus,Tile:8,Tile:10,Malus,Tile:5,Tile:7,Map-Tile:10,Tile:9,Tile:8,Tile:8,Tile:0,Tile:6,Malus-Tile:hidden1,Tile:nugget,Tile:hidden2
Drop 2 0 1
Tile:0 6 5 0
Malus 0 0 1
Drop 6 0 0
Map 12 5 1
Drop 6 0 0
Drop 6 0 1
Drop 6 0 0
Tile:5_flip 5 6 1
Drop 6 0 0
Tile:8 5 4 1
Drop 6 0 0
Drop 0 0 1
Map 12 3 0
Tile:9 4 5 1
Drop 6 0 0
Tile:8 4 4 1
Map 12 5 0
Drop 3 0 1
Drop 6 0 0
Tile:7 7 5 1
Destroy 7 5 0
Tile:6 4 6 1
Drop 6 0 0
Drop 0 0 1
Drop 6 0 0
Tile:2_flip 3 4 1
Drop 6 0 0
Drop 5 0 1
Drop 6 0 0
Tile:5_flip 7 5 1
Drop 6 0 0
Tile:14 6 4 1
Drop 6 0 0
Drop 0 0 1
Drop 6 0 0
Drop 3 0 1
Drop 6 0 0
Map 12 3 1
Destroy 6 4 0
Drop 4 0 1
Drop 6 0 0
Tile:5_flip 6 4 1
Drop 5 0 0
Tile:11 7 4 1
Drop 4 0 0
Destroy 4 4 1
Drop 3 0 0
Tile:8 2 4 1
Drop 2 0 0
Tile:9_flip 2 5 1
Drop 1 0 0
Tile:12_flip 3 6 1
Drop 0 0 0
Drop 0 0 1
GAMEOVER DRAW
# Game ended: Sun Apr 05 15:34:44 EDT 2020
