# Server version 0.08 running on localhost:8123
# Game ID: 366
# Board class: Saboteur.SaboteurBoard
# Timeout: 2000000000
# First Move Timeout: 30000
# Date: Sat Apr 04 00:27:03 EDT 2020
# Player 1: Player-0, '260729805', running on localhost
# Player 2: Player-1, 'RandomPlayer', running on localhost
START Player-0 260729805
START Player-1 RandomPlayer
BoardInit:Tile:4,Malus,Tile:2,Tile:13,Tile:12,Destroy,Tile:10,Tile:6,Tile:9,Map,Tile:9,Bonus,Map,Tile:8,Map,Tile:1,Tile:8,Tile:5,Tile:6,Destroy,Tile:8,Bonus,Destroy,Tile:0,Tile:0,Tile:7,Tile:9,Tile:14,Tile:0,Tile:8,Map,Tile:6,Map,Bonus,Tile:7,Tile:5,Tile:0,Tile:15,Tile:6,Tile:10,Malus-Bonus,Tile:9,Tile:9,Map,Tile:11,Tile:5,Tile:7-Tile:5,Tile:10,Tile:3,Tile:8,Tile:7,Tile:6,Tile:7-Tile:nugget,Tile:hidden2,Tile:hidden1
Tile:11 5 6 1
Tile:7 6 5 0
Tile:5 4 5 1
Tile:5_flip 6 6 0
Tile:9_flip 4 6 1
Tile:6_flip 5 4 0
Tile:12_flip 3 6 1
Tile:7_flip 4 4 0
Tile:7_flip 5 7 1
Tile:6 6 4 0
Tile:9 4 3 1
Map 12 3 0
Drop 4 0 1
Tile:3 7 4 0
Tile:2_flip 5 3 1
Destroy 7 4 0
Drop 1 0 1
Tile:13 7 4 0
Drop 1 0 1
Tile:5_flip 4 7 0
Tile:6_flip 6 7 1
Tile:8 6 3 0
Tile:9_flip 6 8 1
Tile:8 7 3 0
Tile:9_flip 6 2 1
Tile:10 7 2 0
Drop 3 0 1
Tile:0 8 3 0
Drop 0 0 1
Tile:7 9 3 0
Destroy 6 2 1
Tile:8 9 4 0
Tile:0 10 4 1
Tile:6 9 5 0
Drop 5 0 1
Destroy 10 4 0
Drop 3 0 1
Tile:5_flip 10 4 0
Tile:7 5 2 1
Tile:1 8 5 0
Tile:6_flip 4 2 1
Tile:10 7 1 0
Malus 0 0 1
Bonus 0 0 0
Map 12 7 1
Tile:14 7 7 0
Tile:0 3 7 1
Tile:15 7 6 0
Map 12 5 1
Drop 2 0 0
Tile:8 6 9 1
Drop 1 0 0
Tile:0 10 5 1
Malus 0 0 0
Map 12 5 1
GAMEOVER DRAW
# Game ended: Sat Apr 04 00:27:03 EDT 2020
