# Server version 0.08 running on localhost:8123
# Game ID: 434
# Board class: Saboteur.SaboteurBoard
# Timeout: 2000000000
# First Move Timeout: 30000
# Date: Sat Apr 04 22:51:05 EDT 2020
# Player 1: Player-0, '260729805', running on localhost
# Player 2: Player-1, 'RandomPlayer', running on localhost
START Player-0 260729805
START Player-1 RandomPlayer
BoardInit:Tile:1,Tile:7,Tile:12,Tile:5,Tile:9,Tile:0,Tile:6,Bonus,Tile:15,Malus,Tile:6,Bonus,Destroy,Tile:10,Tile:8,Tile:9,Tile:6,Bonus,Tile:8,Tile:7,Tile:5,Map,Map,Tile:8,Tile:7,Destroy,Tile:9,Tile:7,Tile:6,Tile:2,Tile:8,Tile:7,Map,Destroy,Map,Tile:5,Bonus,Tile:9,Tile:9,Tile:10,Tile:6-Map,Tile:3,Tile:0,Tile:14,Tile:0,Tile:4,Tile:11-Tile:10,Tile:0,Malus,Tile:8,Map,Tile:5,Tile:13-Tile:hidden1,Tile:hidden2,Tile:nugget
Tile:14 6 5 1
Map 12 3 0
Tile:11_flip 6 4 1
Tile:5 5 4 0
Drop 3 0 1
Tile:7_flip 5 6 0
Tile:12_flip 4 5 1
Tile:0 6 6 0
Tile:9 6 3 1
Tile:5_flip 7 6 0
Tile:15 7 5 1
Tile:13 7 3 0
Map 12 7 1
Tile:0 8 3 0
Tile:6_flip 7 2 1
Drop 6 0 0
Tile:6_flip 9 3 1
Drop 6 0 0
Tile:1 8 2 1
Drop 6 0 0
Tile:6_flip 10 3 1
Tile:8 11 3 0
Tile:8 6 2 1
Map 12 5 0
Tile:5_flip 9 4 1
Tile:10 10 4 0
Tile:7_flip 11 4 1
Tile:8 12 4 0
Tile:9 11 2 1
Destroy 12 4 0
Tile:6_flip 12 2 1
Tile:7 12 4 0
Destroy 6 5 1
Tile:2 8 4 0
Drop 4 0 1
Destroy 12 4 0
Tile:4 6 1 1
Tile:5_flip 6 5 0
Tile:0 9 2 1
Tile:9_flip 12 4 0
Tile:8 5 2 1
Tile:10 8 5 0
Tile:6_flip 13 2 1
Tile:7_flip 8 6 0
Drop 4 0 1
Tile:7 9 6 0
Tile:9_flip 11 1 1
Drop 3 0 0
Tile:8 13 3 1
Drop 2 0 0
Tile:3 5 1 1
Drop 1 0 0
Map 12 7 1
Malus 0 0 0
Map 12 5 1
GAMEOVER DRAW
# Game ended: Sat Apr 04 22:51:06 EDT 2020
