# Server version 0.08 running on localhost:8123
# Game ID: 817
# Board class: Saboteur.SaboteurBoard
# Timeout: 2000000000
# First Move Timeout: 30000
# Date: Thu Apr 09 02:27:19 EDT 2020
# Player 1: Player-0, '260729805', running on localhost
# Player 2: Player-1, 'RandomPlayer', running on localhost
START Player-0 260729805
START Player-1 RandomPlayer
BoardInit:Tile:10,Tile:5,Tile:6,Tile:2,Malus,Bonus,Map,Tile:6,Map,Tile:15,Destroy,Tile:5,Map,Destroy,Tile:13,Tile:10,Tile:8,Tile:0,Tile:4,Map,Tile:8,Tile:3,Tile:8,Tile:9,Map,Tile:0,Tile:14,Map,Destroy,Bonus,Bonus,Tile:9,Tile:10,Tile:6,Tile:9,Tile:5,Tile:6,Tile:11,Tile:9,Tile:0,Tile:5-Tile:8,Tile:9,Tile:7,Tile:7,Tile:1,Malus,Tile:12-Tile:7,Tile:6,Tile:8,Tile:7,Bonus,Tile:7,Tile:0-Tile:hidden1,Tile:nugget,Tile:hidden2
Tile:7 5 4 1
Tile:7 6 5 0
Drop 1 0 1
Tile:6 6 6 0
Tile:6 5 6 1
Tile:7 7 6 0
Tile:12_flip 4 5 1
Tile:7_flip 7 7 0
Tile:1 8 7 1
Tile:0 9 7 0
Tile:8 10 7 1
Tile:5_flip 11 7 0
Destroy 5 4 1
Tile:6_flip 11 6 0
Map 12 3 1
Tile:5_flip 12 6 0
Map 12 7 1
Tile:8 5 4 0
Drop 1 0 1
Tile:0 6 4 0
Tile:13 7 4 1
Map 12 5 0
Tile:7_flip 7 5 1
Tile:10 5 3 0
Tile:8 10 8 1
Tile:9 10 6 0
Tile:8 10 5 1
Tile:0 11 5 0
Map 12 7 1
Destroy 7 4 0
Drop 2 0 1
Tile:2 10 4 0
Destroy 6 4 1
Tile:9 5 2 0
Drop 4 0 1
Tile:6 11 4 0
Tile:8 12 4 1
Tile:5_flip 13 4 0
Tile:6 9 5 1
Tile:15 11 3 0
Tile:10 11 2 1
Tile:0 6 4 0
Map 12 7 1
Tile:3 13 3 0
Drop 4 0 1
Tile:11 9 4 0
Tile:5 11 1 1
Drop 3 0 0
Tile:9_flip 6 2 1
Drop 2 0 0
Tile:10 9 3 1
Drop 1 0 0
Malus 0 0 1
Bonus 0 0 0
Drop 0 0 1
GAMEOVER DRAW
# Game ended: Thu Apr 09 02:27:24 EDT 2020
