# Server version 0.08 running on localhost:8123
# Game ID: 917
# Board class: Saboteur.SaboteurBoard
# Timeout: 2000000000
# First Move Timeout: 30000
# Date: Sat Apr 11 01:59:11 EDT 2020
# Player 1: Player-0, '260729805', running on localhost
# Player 2: Player-1, 'RandomPlayer', running on localhost
START Player-0 260729805
START Player-1 RandomPlayer
BoardInit:Map,Tile:0,Tile:13,Tile:5,Tile:9,Tile:5,Map,Tile:8,Tile:3,Tile:6,Tile:14,Tile:7,Map,Bonus,Tile:2,Tile:12,Tile:7,Tile:8,Tile:6,Tile:0,Tile:8,Tile:0,Tile:10,Tile:8,Bonus,Tile:15,Tile:9,Tile:6,Map,Tile:0,Tile:6,Map,Destroy,Tile:7,Bonus,Tile:5,Destroy,Tile:7,Tile:4,Tile:9,Tile:10-Malus,Tile:6,Map,Tile:10,Destroy,Tile:9,Tile:8-Tile:5,Tile:1,Tile:11,Tile:7,Bonus,Tile:9,Malus-Tile:hidden1,Tile:nugget,Tile:hidden2
Tile:6 5 6 1
Tile:5_flip 6 5 0
Drop 1 0 1
Tile:7 6 6 0
Tile:13 4 6 1
Tile:5 6 4 0
Drop 6 0 1
Tile:0 7 4 0
Tile:9 4 5 1
Tile:5_flip 8 4 0
Map 12 5 1
Tile:6_flip 8 3 0
Map 12 5 1
Tile:7 9 3 0
Drop 5 0 1
Tile:9 9 4 0
Tile:3 5 4 1
Tile:8 10 4 0
Tile:7_flip 4 7 1
Malus 0 0 0
Destroy 4 6 1
Tile:8 11 4 0
Map 12 3 1
Tile:0 12 4 0
Drop 5 0 1
Tile:8 11 5 0
GAMEOVER WINNER 0
# Game ended: Sat Apr 11 01:59:11 EDT 2020
