# Server version 0.08 running on localhost:8123
# Game ID: 1072
# Board class: Saboteur.SaboteurBoard
# Timeout: 2000000000
# First Move Timeout: 30000
# Date: Sun Apr 12 20:32:11 EDT 2020
# Player 1: Player-0, '260729805', running on localhost
# Player 2: Player-1, 'RandomPlayer', running on localhost
START Player-0 260729805
START Player-1 RandomPlayer
BoardInit:Tile:5,Tile:8,Tile:13,Tile:0,Tile:1,Tile:3,Tile:9,Tile:7,Tile:0,Tile:8,Tile:8,Tile:6,Tile:8,Bonus,Tile:12,Tile:2,Malus,Map,Tile:6,Tile:15,Tile:4,Tile:7,Tile:6,Map,Bonus,Tile:10,Destroy,Tile:10,Map,Bonus,Tile:7,Tile:11,Tile:9,Destroy,Tile:9,Map,Tile:5,Tile:9,Destroy,Tile:9,Tile:0-Malus,Map,Tile:7,Tile:5,Tile:10,Tile:14,Map-Bonus,Tile:7,Tile:5,Tile:8,Tile:0,Tile:6,Tile:6-Tile:hidden1,Tile:hidden2,Tile:nugget
Drop 3 0 1
Tile:7 6 5 0
Map 12 3 1
Tile:6 6 6 0
Map 12 5 1
Tile:0 7 6 0
Tile:13 5 6 1
Tile:6 8 6 0
Tile:9 4 6 1
Tile:8 9 6 0
Drop 0 0 1
Tile:8 10 6 0
Tile:10 5 7 1
Tile:8 9 5 0
Tile:8 5 4 1
Tile:5 9 4 0
Tile:8 10 7 1
Tile:0 11 7 0
GAMEOVER WINNER 0
# Game ended: Sun Apr 12 20:32:12 EDT 2020
