# Server version 0.08 running on localhost:8123
# Game ID: 6
# Board class: Saboteur.SaboteurBoard
# Timeout: 20000
# First Move Timeout: 30000
# Date: Tue Mar 24 18:41:17 EDT 2020
# Player 1: Player-0, '260729805', running on localhost
# Player 2: Player-1, 'RandomPlayer', running on localhost
START Player-0 260729805
START Player-1 RandomPlayer
BoardInit:Tile:5,Tile:9,Map,Destroy,Tile:2,Tile:7,Tile:0,Tile:6,Map,Tile:5,Bonus,Tile:10,Tile:9,Destroy,Tile:7,Map,Tile:8,Malus,Tile:8,Tile:8,Map,Tile:12,Tile:5,Destroy,Tile:15,Tile:6,Tile:8,Tile:1,Tile:4,Map,Tile:6,Tile:7,Tile:8,Bonus,Tile:0,Tile:0,Tile:6,Tile:7,Tile:6,Tile:13,Tile:9-Bonus,Malus,Tile:3,Map,Tile:7,Tile:9,Tile:10-Tile:10,Tile:9,Tile:0,Tile:14,Bonus,Tile:11,Tile:5-Tile:hidden1,Tile:nugget,Tile:hidden2
Map 12 7 1
Tile:5 5 4 0
Tile:7_flip 4 5 1
Tile:0 6 4 0
Tile:3 4 4 1
Tile:9 5 6 0
Tile:9 3 4 1
Tile:11_flip 6 6 0
Map 12 7 1
Destroy 4 5 0
Tile:10 5 7 1
Drop 3 0 0
Tile:2_flip 4 5 1
Drop 4 0 0
Tile:9_flip 7 4 1
Tile:14_flip 3 3 0
Tile:7 6 5 1
Tile:5_flip 5 8 0
Tile:8 7 3 1
Destroy 6 6 0
Map 12 5 1
Tile:8 6 6 0
Map 12 7 1
Map 12 3 0
Tile:5 4 8 1
Destroy 6 5 0
Tile:8 7 5 1
Tile:10 6 7 0
Tile:0 6 3 1
Tile:10 6 8 0
Tile:15 4 9 1
Tile:6 6 9 0
Tile:6 4 3 1
Tile:7 7 2 0
Tile:8 3 5 1
Tile:7 8 3 0
Tile:5 5 9 1
Tile:0 6 2 0
Tile:6 5 3 1
Tile:1 7 9 0
Drop 6 0 1
Drop 4 0 0
Tile:9_flip 8 9 1
Tile:13 8 10 0
Drop 4 0 1
Tile:7_flip 8 4 0
Tile:0 9 10 1
Tile:12_flip 7 10 0
Malus 0 0 1
Bonus 0 0 0
Tile:4 4 2 1
Malus 0 0 0
Drop 0 0 1
Map 12 7 0
Bonus 0 0 1
GAMEOVER DRAW
# Game ended: Tue Mar 24 18:41:17 EDT 2020
