# Server version 0.08 running on 192.168.1.5:8123
# Game ID: 396
# Board class: Saboteur.SaboteurBoard
# Timeout: 2000000000
# First Move Timeout: 30000
# Date: Sat Apr 04 20:11:22 EDT 2020
# Player 1: Player-0, '260729805', running on 192.168.1.5
# Player 2: Player-1, 'Human', running on 192.168.1.5
START Player-0 260729805
START Player-1 Human
BoardInit:Map,Tile:2,Tile:7,Bonus,Map,Tile:14,Tile:7,Tile:6,Map,Tile:0,Tile:0,Tile:3,Tile:8,Tile:0,Map,Tile:6,Tile:8,Tile:12,Map,Tile:10,Tile:6,Map,Tile:10,Tile:7,Destroy,Tile:1,Malus,Tile:13,Tile:8,Tile:8,Tile:5,Tile:6,Tile:9,Destroy,Bonus,Tile:5,Tile:9,Tile:5,Tile:0,Tile:8,Malus-Tile:9,Bonus,Tile:7,Tile:9,Tile:15,Tile:6,Tile:4-Destroy,Tile:5,Bonus,Tile:9,Tile:10,Tile:7,Tile:11-Tile:nugget,Tile:hidden1,Tile:hidden2
Tile:6 6 5 1
Tile:7 7 5 0
Tile:9 7 6 1
Tile:5 6 4 0
Tile:7 8 6 1
Destroy 8 6 0
Map 12 5 1
Tile:11_flip 8 6 0
Tile:9 7 7 1
Tile:6 8 7 0
Map 12 7 1
Tile:0 9 7 0
Map 12 3 1
Tile:14_flip 8 5 0
Tile:8 10 7 1
Tile:0 11 7 0
Tile:0 4 5 1
Tile:3_flip 7 8 0
GAMEOVER USER CANCEL UNDECIDED
# Game ended: Sat Apr 04 20:21:19 EDT 2020
