# Server version 0.08 running on localhost:8123
# Game ID: 377
# Board class: Saboteur.SaboteurBoard
# Timeout: 2000000000
# First Move Timeout: 30000
# Date: Sat Apr 04 00:30:48 EDT 2020
# Player 1: Player-0, '260729805', running on localhost
# Player 2: Player-1, 'RandomPlayer', running on localhost
START Player-0 260729805
START Player-1 RandomPlayer
BoardInit:Tile:8,Map,Tile:6,Bonus,Tile:0,Tile:2,Bonus,Tile:0,Destroy,Tile:9,Tile:6,Tile:7,Tile:5,Tile:8,Destroy,Tile:5,Map,Tile:6,Tile:0,Tile:15,Map,Tile:6,Tile:9,Bonus,Tile:5,Tile:9,Tile:8,Tile:8,Bonus,Tile:8,Destroy,Tile:7,Map,Tile:0,Tile:11,Map,Tile:10,Tile:1,Tile:14,Tile:5,Malus-Tile:7,Tile:10,Map,Tile:13,Tile:7,Tile:9,Tile:6-Tile:3,Tile:9,Tile:10,Tile:7,Malus,Tile:12,Tile:4-Tile:hidden1,Tile:nugget,Tile:hidden2
Tile:7_flip 4 5 1
Tile:7 6 5 0
Tile:9 6 6 1
Map 12 3 0
Tile:6_flip 7 6 1
Tile:12 8 6 0
Tile:8 5 4 1
Tile:4_flip 7 7 0
Map 12 7 1
Tile:0 6 4 0
Tile:10 5 6 1
Tile:3 7 4 0
Destroy 6 5 1
Tile:7 6 5 0
Tile:5_flip 6 7 1
Tile:2 5 3 0
Drop 5 0 1
Tile:5 4 4 0
Tile:6 6 3 1
Tile:6 5 7 0
Tile:0 4 3 1
Tile:9 4 7 0
Tile:7_flip 3 3 1
Tile:10 4 8 0
Destroy 4 7 1
Tile:9 4 7 0
Drop 3 0 1
Tile:8 4 9 0
Tile:13 4 10 1
Tile:9_flip 5 9 0
Map 12 3 1
Tile:8 5 10 0
Drop 6 0 1
Tile:8 6 10 0
Tile:5 6 9 1
Tile:6 7 9 0
Drop 6 0 1
Map 12 5 0
Tile:8 4 11 1
Tile:7 8 9 0
Map 12 5 1
Tile:5 7 8 0
Tile:9 3 9 1
Tile:0 8 8 0
Drop 2 0 1
Tile:1 9 8 0
Tile:14 8 10 1
Tile:15 6 2 0
Tile:10 3 2 1
Drop 2 0 0
Drop 0 0 1
Drop 1 0 0
Malus 0 0 1
Malus 0 0 0
Bonus 0 0 1
GAMEOVER DRAW
# Game ended: Sat Apr 04 00:30:48 EDT 2020
