# Server version 0.08 running on macbook-pro-5.local:8123
# Game ID: 660
# Board class: Saboteur.SaboteurBoard
# Timeout: 2000000000
# First Move Timeout: 30000
# Date: Thu Apr 09 00:55:17 EDT 2020
# Player 1: Player-0, 'RandomPlayer', running on localhost
# Player 2: Player-1, '260729805', running on localhost
START Player-0 RandomPlayer
START Player-1 260729805
BoardInit:Tile:5,Tile:12,Tile:4,Bonus,Tile:9,Tile:8,Tile:1,Tile:5,Tile:0,Tile:9,Tile:5,Tile:9,Tile:2,Tile:3,Tile:10,Destroy,Tile:6,Malus,Tile:8,Map,Tile:7,Tile:7,Map,Tile:10,Tile:11,Tile:0,Bonus,Destroy,Tile:9,Tile:8,Tile:9,Tile:6,Tile:7,Map,Tile:13,Tile:14,Tile:5,Tile:15,Map,Tile:6,Map-Tile:10,Bonus,Tile:8,Tile:7,Tile:7,Map,Malus-Destroy,Tile:0,Tile:0,Bonus,Tile:8,Tile:6,Tile:6-Tile:hidden2,Tile:nugget,Tile:hidden1
Map 12 3 1
Tile:8 4 5 0
Tile:7 6 5 1
Tile:6_flip 4 4 0
Tile:7 5 4 1
Tile:6 5 6 0
Tile:5_flip 6 6 1
Drop 6 0 0
Tile:8 4 6 1
Drop 0 0 0
Tile:0 3 5 1
Tile:9_flip 4 7 0
Tile:5 3 6 1
Tile:12_flip 3 4 0
Tile:9 3 7 1
Tile:3_flip 4 8 0
Tile:10 3 8 1
Tile:9 3 9 0
Tile:6_flip 4 9 1
Drop 3 0 0
Tile:8 5 9 1
Destroy 3 9 0
Tile:7_flip 3 9 1
Tile:5_flip 6 9 0
Map 12 5 1
Tile:7_flip 2 5 0
Tile:10 2 4 1
Map 12 3 0
Tile:4 6 8 1
Drop 3 0 0
Tile:9_flip 5 8 1
Tile:10 2 3 0
Tile:9 5 10 1
Drop 1 0 0
Tile:7 6 10 1
Drop 0 0 0
Tile:11_flip 4 10 1
Drop 6 0 0
Tile:5 5 7 1
Destroy 6 5 0
Tile:1 6 7 1
Drop 2 0 0
Tile:2 6 5 1
Tile:6 7 5 0
Tile:13 8 5 1
Tile:6_flip 7 7 0
Drop 4 0 1
Tile:0 8 7 0
Drop 3 0 1
Map 12 7 0
Drop 2 0 1
Tile:15 5 11 0
Drop 1 0 1
Drop 0 0 0
Drop 0 0 1
GAMEOVER DRAW
# Game ended: Thu Apr 09 00:55:19 EDT 2020
