# Server version 0.08 running on localhost:8123
# Game ID: 301
# Board class: Saboteur.SaboteurBoard
# Timeout: 2000000000
# First Move Timeout: 30000
# Date: Fri Apr 03 03:25:36 EDT 2020
# Player 1: Player-0, '260729805', running on localhost
# Player 2: Player-1, 'Human', running on localhost
START Player-0 260729805
START Player-1 Human
BoardInit:Destroy,Tile:10,Destroy,Tile:5,Tile:6,Tile:8,Map,Tile:9,Tile:2,Tile:12,Tile:0,Tile:4,Tile:7,Malus,Map,Tile:7,Tile:0,Tile:9,Tile:10,Map,Bonus,Bonus,Destroy,Malus,Tile:9,Tile:13,Tile:7,Bonus,Tile:6,Tile:6,Tile:0,Tile:9,Tile:8,Tile:7,Tile:6,Tile:0,Map,Tile:9,Tile:8,Tile:8,Tile:11-Tile:5,Bonus,Map,Tile:15,Tile:10,Tile:1,Tile:5-Tile:7,Tile:14,Tile:3,Tile:8,Tile:5,Map,Tile:6-Tile:hidden1,Tile:hidden2,Tile:nugget
Map 12 5 1
Map 12 3 0
Drop 4 0 1
Tile:7 6 5 0
Tile:5 5 4 1
Tile:8 6 6 0
Tile:6 7 6 1
Tile:5_flip 8 6 0
Tile:5 8 5 1
Tile:6 9 5 0
Drop 6 0 1
Tile:10 9 4 0
Destroy 9 4 1
Tile:5 9 4 0
Destroy 9 4 1
Tile:8 9 4 0
Map 12 3 1
Tile:9_flip 10 4 0
Tile:7 9 3 1
Tile:12_flip 8 4 0
