# Server version 0.08 running on localhost:8123
# Game ID: 451
# Board class: Saboteur.SaboteurBoard
# Timeout: 2000000000
# First Move Timeout: 30000
# Date: Sun Apr 05 15:03:28 EDT 2020
# Player 1: Player-0, '260729805', running on localhost
# Player 2: Player-1, 'RandomPlayer', running on localhost
START Player-0 260729805
START Player-1 RandomPlayer
BoardInit:Tile:2,Tile:5,Tile:8,Tile:0,Tile:10,Tile:6,Tile:9,Tile:7,Tile:6,Tile:9,Tile:15,Tile:7,Tile:10,Tile:8,Map,Tile:4,Map,Tile:0,Tile:8,Tile:8,Map,Malus,Tile:7,Destroy,Tile:7,Destroy,Tile:0,Bonus,Tile:5,Destroy,Tile:6,Bonus,Map,Map,Tile:9,Bonus,Map,Malus,Tile:3,Tile:7,Tile:5-Tile:9,Tile:6,Tile:5,Tile:8,Tile:9,Tile:12,Tile:14-Tile:13,Tile:10,Tile:0,Tile:1,Bonus,Tile:6,Tile:11-Tile:nugget,Tile:hidden2,Tile:hidden1
Tile:14 5 6 1
Tile:0 6 5 0
Drop 1 0 1
Tile:6 7 5 0
Tile:9_flip 8 5 1
Tile:5_flip 8 6 0
Tile:9 4 5 1
Tile:6_flip 4 4 0
Tile:8 8 4 1
Tile:0 9 4 0
Tile:5_flip 10 4 1
Tile:7_flip 3 4 0
Tile:8 4 6 1
Tile:7_flip 4 7 0
Tile:6_flip 7 4 1
Tile:1 6 4 0
Tile:12 5 7 1
Tile:13 5 4 0
Tile:10 8 3 1
Tile:0 7 6 0
Tile:15 5 3 1
Tile:10 3 3 0
Map 12 3 1
Tile:9 10 3 0
Tile:7 10 2 1
Tile:8 11 3 0
GAMEOVER WINNER 0
# Game ended: Sun Apr 05 15:03:28 EDT 2020
