# Server version 0.08 running on macbook-pro-5.local:8123
# Game ID: 702
# Board class: Saboteur.SaboteurBoard
# Timeout: 2000000000
# First Move Timeout: 30000
# Date: Thu Apr 09 01:23:08 EDT 2020
# Player 1: Player-0, '260729805', running on macbook-pro-5.local
# Player 2: Player-1, 'RandomPlayer', running on macbook-pro-5.local
START Player-0 260729805
START Player-1 RandomPlayer
BoardInit:Map,Tile:10,Tile:15,Tile:10,Tile:13,Tile:10,Tile:0,Map,Tile:9,Tile:8,Tile:6,Bonus,Tile:4,Tile:7,Tile:8,Tile:8,Tile:0,Tile:3,Tile:5,Bonus,Map,Tile:0,Tile:6,Tile:7,Tile:0,Malus,Bonus,Map,Tile:9,Tile:5,Tile:5,Destroy,Tile:7,Tile:9,Malus,Tile:14,Map,Tile:12,Tile:11,Destroy,Map-Destroy,Tile:7,Tile:8,Tile:7,Tile:6,Tile:5,Tile:6-Tile:2,Tile:8,Tile:1,Tile:9,Bonus,Tile:9,Tile:6-Tile:hidden2,Tile:hidden1,Tile:nugget
Tile:7_flip 5 6 1
Tile:6 6 5 0
Drop 1 0 1
Tile:8 7 5 0
Destroy 7 5 1
Tile:9_flip 7 5 0
Tile:15 7 4 1
Tile:9 7 6 0
Tile:5 7 3 1
Map 12 3 0
Tile:9_flip 8 6 1
Tile:10 8 5 0
Tile:7 6 4 1
Tile:10 8 4 0
Tile:13 8 3 1
Tile:7 6 6 0
Tile:6 6 7 1
Tile:8 7 7 0
Drop 1 0 1
Tile:8 8 7 0
Tile:6_flip 8 2 1
Tile:10 8 8 0
Drop 5 0 1
Tile:0 5 7 0
Tile:0 7 2 1
Tile:7 9 7 0
Tile:0 4 7 1
Tile:3_flip 9 8 0
Tile:0 3 7 1
Map 12 5 0
Tile:8 5 4 1
Tile:5_flip 7 8 0
Map 12 3 1
Destroy 7 4 0
Tile:6 9 2 1
Tile:9 8 9 0
Tile:6_flip 9 3 1
Tile:2 9 9 0
Tile:5 4 5 1
Tile:14 4 6 0
Tile:9_flip 10 8 1
Destroy 9 8 0
Tile:4 10 7 1
Tile:12_flip 6 8 0
Tile:7_flip 9 8 1
Tile:1 10 2 0
Tile:11_flip 8 10 1
Drop 3 0 0
Malus 0 0 1
Bonus 0 0 0
Map 12 3 1
Drop 1 0 0
Map 12 3 1
Drop 0 0 0
Drop 0 0 1
GAMEOVER DRAW
# Game ended: Thu Apr 09 01:23:09 EDT 2020
