# Server version 0.08 running on localhost:8123
# Game ID: 115
# Board class: Saboteur.SaboteurBoard
# Timeout: 20000
# First Move Timeout: 30000
# Date: Tue Mar 31 00:16:21 EDT 2020
# Player 1: Player-0, '260729805', running on localhost
# Player 2: Player-1, 'RandomPlayer', running on localhost
START Player-0 260729805
START Player-1 RandomPlayer
BoardInit:Tile:6,Tile:6,Tile:3,Tile:0,Map,Tile:11,Tile:6,Tile:13,Tile:5,Tile:8,Tile:10,Tile:9,Tile:9,Tile:8,Tile:1,Malus,Tile:6,Bonus,Map,Tile:10,Tile:15,Malus,Tile:6,Tile:7,Tile:7,Tile:8,Destroy,Destroy,Tile:8,Bonus,Tile:9,Tile:10,Tile:5,Tile:2,Map,Tile:8,Map,Destroy,Map,Tile:9,Tile:7-Tile:12,Bonus,Tile:7,Tile:0,Tile:14,Map,Tile:5-Bonus,Tile:4,Tile:9,Tile:7,Tile:0,Tile:5,Tile:0-Tile:hidden1,Tile:hidden2,Tile:nugget
Tile:7 5 4 1
Tile:9_flip 5 6 0
Tile:14_flip 4 4 1
Tile:5 4 6 0
Tile:6 6 5 1
Tile:4 6 4 0
Tile:3_flip 5 7 1
Tile:7 6 7 0
Tile:5_flip 4 7 1
Tile:11 3 7 0
Tile:6 4 5 1
Tile:0 7 5 0
Tile:0 3 5 1
Tile:6 3 8 0
Tile:12 4 8 1
