# Server version 0.08 running on macbook-pro-5.local:8123
# Game ID: 899
# Board class: Saboteur.SaboteurBoard
# Timeout: 2000000000
# First Move Timeout: 30000
# Date: Sat Apr 11 01:06:15 EDT 2020
# Player 1: Player-0, '260729805', running on macbook-pro-5.local
# Player 2: Player-1, 'Human', running on macbook-pro-5.local
START Player-0 260729805
START Player-1 Human
BoardInit:Tile:3,Tile:8,Tile:8,Map,Map,Tile:8,Tile:5,Tile:8,Tile:0,Tile:8,Malus,Tile:7,Tile:7,Map,Tile:6,Tile:14,Map,Tile:4,Map,Tile:0,Tile:9,Tile:8,Bonus,Malus,Tile:8,Map,Tile:10,Tile:5,Map,Tile:10,Tile:8,Tile:11,Map,Bonus,Tile:8,Tile:8,Destroy,Map,Tile:8,Tile:8,Map,Map,Tile:6,Tile:6,Map,Tile:2,Tile:8,Map,Bonus,Tile:9,Tile:0,Tile:8,Tile:10,Malus,Map,Malus,Map,Tile:12,Map,Tile:6,Tile:7,Map,Bonus,Map,Tile:13,Tile:7,Destroy,Tile:8,Tile:1,Tile:7,Bonus,Malus,Tile:9,Tile:8,Tile:8,Tile:9,Tile:8,Tile:8,Tile:5,Map-Map,Map,Map,Tile:9,Tile:0,Tile:6,Tile:8-Tile:8,Bonus,Map,Tile:5,Tile:15,Destroy,Bonus-Tile:nugget,Tile:hidden1,Tile:hidden2
Tile:8 6 5 1
Map 12 3 0
Tile:6 7 5 1
Tile:5_flip 8 5 0
Tile:8 8 4 1
Tile:8 9 4 0
Tile:9 9 5 1
Tile:8 10 4 0
Tile:5 10 3 1
Tile:8 11 3 0
GAMEOVER WINNER 0
# Game ended: Sat Apr 11 01:06:26 EDT 2020
