# Server version 0.08 running on macbook-pro-5.local:8123
# Game ID: 836
# Board class: Saboteur.SaboteurBoard
# Timeout: 2000000000
# First Move Timeout: 30000
# Date: Thu Apr 09 16:32:25 EDT 2020
# Player 1: Player-0, '260729805', running on macbook-pro-5.local
# Player 2: Player-1, 'RandomPlayer', running on macbook-pro-5.local
START Player-0 260729805
START Player-1 RandomPlayer
BoardInit:Tile:3,Tile:7,Tile:8,Tile:8,Tile:6,Tile:5,Tile:11,Tile:9,Bonus,Tile:6,Tile:9,Destroy,Tile:10,Tile:13,Tile:9,Bonus,Map,Tile:9,Tile:8,Tile:7,Tile:0,Map,Tile:15,Tile:6,Bonus,Tile:8,Tile:0,Tile:9,Tile:2,Map,Tile:7,Bonus,Tile:5,Tile:4,Tile:8,Tile:5,Malus,Map,Tile:14,Map,Tile:10-Tile:7,Tile:7,Tile:0,Tile:0,Tile:1,Tile:6,Destroy-Tile:12,Tile:6,Malus,Map,Tile:10,Tile:5,Destroy-Tile:hidden2,Tile:nugget,Tile:hidden1
Tile:7_flip 4 5 1
Drop 2 0 0
Drop 1 0 1
Drop 1 0 0
Tile:7 6 5 1
Destroy 4 5 0
Tile:6_flip 5 4 1
Tile:5_flip 6 4 0
Tile:6 6 6 1
Drop 2 0 0
Tile:11 4 5 1
Tile:9 5 6 0
Tile:1 7 6 1
Tile:8 8 6 0
Destroy 8 6 1
Drop 2 0 0
Drop 1 0 1
Tile:5_flip 5 7 0
Tile:9_flip 4 6 1
Tile:9 4 7 0
Map 12 3 1
Destroy 7 6 0
Tile:0 7 6 1
Tile:12_flip 3 6 0
Tile:15 6 3 1
Tile:6 4 8 0
Tile:8 4 4 1
Map 12 5 0
Tile:0 5 8 1
Tile:13 6 8 0
Tile:10 4 3 1
Tile:7 4 2 0
Tile:0 3 8 1
Map 12 5 0
Tile:5 3 2 1
Tile:6_flip 2 8 0
Tile:8 7 8 1
Tile:9_flip 8 6 0
Drop 6 0 1
Map 12 3 0
Tile:9_flip 6 2 1
Tile:8 6 1 0
Tile:2_flip 2 9 1
Tile:5_flip 3 3 0
Tile:10 8 7 1
Drop 3 0 0
Tile:14_flip 1 8 1
Tile:4 6 7 0
Tile:8 6 0 1
Map 12 7 0
Tile:7 3 9 1
Drop 0 0 0
Drop 1 0 1
Drop 0 0 0
Drop 0 0 1
GAMEOVER DRAW
# Game ended: Thu Apr 09 16:32:25 EDT 2020
