# Server version 0.08 running on localhost:8123
# Game ID: 482
# Board class: Saboteur.SaboteurBoard
# Timeout: 2000000000
# First Move Timeout: 30000
# Date: Sun Apr 05 17:13:44 EDT 2020
# Player 1: Player-0, '260729805', running on localhost
# Player 2: Player-1, 'RandomPlayer', running on localhost
START Player-0 260729805
START Player-1 RandomPlayer
BoardInit:Tile:8,Tile:3,Tile:6,Tile:0,Tile:6,Bonus,Tile:7,Tile:9,Map,Tile:8,Tile:9,Bonus,Destroy,Tile:8,Tile:12,Bonus,Destroy,Tile:5,Map,Tile:5,Tile:9,Tile:0,Tile:1,Malus,Tile:2,Tile:7,Bonus,Tile:6,Tile:10,Tile:7,Map,Tile:10,Map,Tile:0,Tile:8,Tile:7,Tile:5,Tile:5,Tile:6,Map,Tile:0-Tile:6,Malus,Tile:10,Map,Tile:7,Tile:9,Destroy-Tile:15,Tile:11,Tile:4,Tile:14,Tile:9,Tile:8,Tile:13-Tile:nugget,Tile:hidden1,Tile:hidden2
Tile:6 6 5 1
Tile:11_flip 7 5 0
Tile:8 5 6 1
Tile:15 7 4 0
Map 12 3 1
Tile:0 6 6 0
Tile:7 5 4 1
Tile:14 7 6 0
Tile:6_flip 7 3 1
Tile:13 4 6 0
Map 12 7 1
Tile:3_flip 3 6 0
Tile:9_flip 3 5 1
Tile:4 6 4 0
Tile:9_flip 8 3 1
Drop 6 0 0
Destroy 7 4 1
Tile:9 4 4 0
Destroy 8 3 1
Tile:5_flip 8 3 0
Tile:7 4 3 1
Tile:9 7 4 0
Drop 5 0 1
Tile:8 3 3 0
Destroy 4 3 1
Tile:8 4 3 0
Tile:6 6 3 1
Tile:0 8 4 0
Tile:1 9 4 1
Tile:5_flip 10 4 0
Drop 3 0 1
Tile:6_flip 10 3 0
Tile:2 11 3 1
Tile:10 11 4 0
Drop 0 0 1
Tile:7_flip 9 3 0
Tile:10 3 4 1
Tile:0 5 3 0
Tile:5 8 2 1
Tile:7_flip 2 3 0
Tile:8 11 5 1
Map 12 3 0
Tile:6_flip 9 2 1
Tile:7_flip 11 6 0
Tile:0 12 6 1
Tile:5_flip 13 6 0
Drop 3 0 1
Drop 3 0 0
Tile:10 4 7 1
Drop 2 0 0
Tile:12 10 2 1
Drop 1 0 0
Map 12 3 1
Drop 0 0 0
Drop 0 0 1
GAMEOVER DRAW
# Game ended: Sun Apr 05 17:14:08 EDT 2020
