# Server version 0.08 running on localhost:8123
# Game ID: 845
# Board class: Saboteur.SaboteurBoard
# Timeout: 2000000000
# First Move Timeout: 30000
# Date: Thu Apr 09 16:46:01 EDT 2020
# Player 1: Player-0, '260729805', running on localhost
# Player 2: Player-1, 'Human', running on localhost
START Player-0 260729805
START Player-1 Human
BoardInit:Tile:8,Destroy,Map,Tile:15,Tile:8,Destroy,Tile:11,Tile:2,Map,Tile:6,Tile:5,Tile:6,Tile:5,Destroy,Tile:4,Tile:6,Map,Tile:7,Tile:0,Tile:7,Tile:7,Tile:9,Malus,Tile:7,Tile:3,Tile:9,Tile:1,Tile:6,Tile:10,Tile:10,Tile:12,Tile:0,Tile:0,Map,Bonus,Bonus,Tile:5,Tile:5,Tile:8,Tile:8,Map-Tile:9,Tile:9,Tile:13,Bonus,Bonus,Malus,Tile:8-Tile:0,Tile:7,Map,Tile:14,Tile:6,Tile:10,Tile:9-Tile:nugget,Tile:hidden2,Tile:hidden1
Tile:8 6 5 1
Map 12 3 0
Tile:8 7 5 1
Tile:0 8 5 0
Tile:9 7 6 1
Tile:7 9 5 0
Tile:9 9 6 1
Tile:6 10 6 0
Drop 6 0 1
Tile:10 10 5 0
Drop 0 0 1
Tile:6_flip 10 4 0
Map 12 5 1
Tile:6 11 4 0
