# Server version 0.08 running on localhost:8123
# Game ID: 770
# Board class: Saboteur.SaboteurBoard
# Timeout: 2000000000
# First Move Timeout: 30000
# Date: Thu Apr 09 01:53:38 EDT 2020
# Player 1: Player-0, '260729805', running on localhost
# Player 2: Player-1, 'Human', running on localhost
START Player-0 260729805
START Player-1 Human
BoardInit:Tile:7,Map,Tile:8,Tile:9,Bonus,Tile:13,Tile:5,Destroy,Map,Tile:5,Malus,Tile:9,Tile:6,Tile:10,Destroy,Tile:9,Bonus,Map,Tile:0,Tile:8,Map,Map,Bonus,Tile:6,Tile:0,Tile:11,Tile:8,Tile:5,Tile:3,Tile:8,Malus,Tile:7,Tile:10,Tile:9,Tile:9,Tile:14,Tile:6,Tile:1,Tile:0,Tile:0,Tile:4-Tile:10,Tile:7,Destroy,Tile:7,Bonus,Tile:7,Tile:2-Tile:6,Tile:6,Tile:5,Map,Tile:15,Tile:12,Tile:8-Tile:hidden2,Tile:nugget,Tile:hidden1
Tile:7 6 5 1
Tile:6 6 6 0
Tile:7 7 6 1
Tile:6 7 7 0
Tile:7 8 7 1
Tile:5_flip 8 8 0
Destroy 8 8 1
Tile:8 8 8 0
Tile:8 9 8 1
Tile:9_flip 10 8 0
Map 12 7 1
Tile:5 10 7 0
Tile:7 5 4 1
Tile:9_flip 11 7 0
Tile:5 11 6 1
Tile:10 11 8 0
Destroy 11 6 1
Tile:9 11 6 0
Tile:10 11 5 1
Tile:12 12 6 0
Drop 3 0 1
Destroy 12 6 0
Tile:6 12 6 1
GAMEOVER WINNER 1
# Game ended: Thu Apr 09 01:56:27 EDT 2020
