# Server version 0.08 running on localhost:8123
# Game ID: 802
# Board class: Saboteur.SaboteurBoard
# Timeout: 2000000000
# First Move Timeout: 30000
# Date: Thu Apr 09 02:14:31 EDT 2020
# Player 1: Player-0, '260729805', running on localhost
# Player 2: Player-1, 'RandomPlayer', running on localhost
START Player-0 260729805
START Player-1 RandomPlayer
BoardInit:Map,Tile:15,Tile:6,Tile:12,Tile:9,Tile:7,Tile:9,Bonus,Tile:7,Tile:10,Map,Destroy,Destroy,Tile:5,Map,Tile:7,Tile:10,Destroy,Tile:0,Tile:10,Tile:5,Tile:8,Tile:8,Tile:5,Bonus,Tile:6,Tile:0,Tile:8,Bonus,Tile:14,Tile:2,Tile:6,Map,Map,Tile:5,Tile:8,Tile:7,Tile:1,Map,Tile:13,Tile:0-Tile:9,Tile:8,Malus,Malus,Tile:6,Tile:4,Tile:11-Tile:9,Bonus,Tile:6,Tile:9,Tile:3,Tile:0,Tile:7-Tile:nugget,Tile:hidden2,Tile:hidden1
Tile:4_flip 5 6 1
Tile:6 6 5 0
Tile:11 5 4 1
Tile:0 7 5 0
Tile:6_flip 8 5 1
Tile:7 9 5 0
Tile:6_flip 4 5 1
Tile:7_flip 9 6 0
Tile:9 5 3 1
Tile:9_flip 10 6 0
Drop 3 0 1
Tile:9 10 5 0
Tile:7 11 5 1
Tile:10 11 6 0
Tile:9_flip 8 6 1
Tile:5_flip 11 7 0
Map 12 7 1
Tile:7 10 4 0
Drop 1 0 1
Destroy 5 4 0
Destroy 5 6 1
Tile:10 8 7 0
Drop 5 0 1
Tile:8 10 7 0
Tile:10 6 4 1
Tile:5_flip 10 8 0
Tile:5 3 5 1
Tile:6 9 4 0
Tile:9 4 6 1
Tile:8 9 3 0
Tile:8 5 6 1
Tile:12 10 3 0
Tile:2_flip 8 3 1
Tile:6 9 8 0
Tile:8 6 3 1
Destroy 10 3 0
Tile:0 7 3 1
Tile:8 9 2 0
Tile:7 6 2 1
Tile:14 10 3 0
Tile:5_flip 5 7 1
Tile:3 10 2 0
Map 12 3 1
Tile:1 8 4 0
Tile:0 7 6 1
Tile:15 9 1 0
Drop 3 0 1
Tile:13 8 2 0
Malus 0 0 1
Bonus 0 0 0
Map 12 3 1
Drop 1 0 0
Drop 1 0 1
Drop 0 0 0
Drop 0 0 1
GAMEOVER DRAW
# Game ended: Thu Apr 09 02:14:33 EDT 2020
