# Server version 0.08 running on localhost:8123
# Game ID: 127
# Board class: Saboteur.SaboteurBoard
# Timeout: 20000
# First Move Timeout: 30000
# Date: Tue Mar 31 00:41:24 EDT 2020
# Player 1: Player-0, '260729805', running on localhost
# Player 2: Player-1, 'RandomPlayer', running on localhost
START Player-0 260729805
START Player-1 RandomPlayer
BoardInit:Tile:0,Tile:9,Map,Bonus,Map,Tile:10,Tile:6,Destroy,Tile:8,Tile:6,Tile:6,Tile:14,Tile:13,Tile:8,Tile:8,Bonus,Bonus,Tile:6,Tile:5,Tile:11,Destroy,Tile:10,Map,Malus,Tile:7,Tile:1,Tile:8,Destroy,Tile:7,Malus,Tile:9,Tile:9,Bonus,Tile:7,Tile:5,Tile:8,Tile:9,Tile:0,Tile:6,Tile:3,Tile:9-Tile:0,Tile:5,Tile:12,Tile:2,Tile:7,Tile:4,Tile:0-Tile:7,Map,Map,Map,Tile:10,Tile:5,Tile:15-Tile:hidden1,Tile:nugget,Tile:hidden2
Tile:0 4 5 1
Drop 0 0 0
Tile:5 5 4 1
Drop 0 0 0
Drop 4 0 1
Drop 0 0 0
Tile:12 6 5 1
Drop 0 0 0
Tile:6_flip 3 5 1
Drop 0 0 0
Drop 1 0 1
Drop 0 0 0
Drop 6 0 1
Drop 0 0 0
Tile:13 5 6 1
Drop 0 0 0
Drop 1 0 1
Drop 0 0 0
Map 12 7 1
Drop 0 0 0
Tile:8 5 7 1
Drop 0 0 0
Tile:5 4 6 1
Drop 0 0 0
Tile:8 6 7 1
Malus 0 0 0
Map 12 7 1
Drop 0 0 0
Destroy 3 5 1
Drop 0 0 0
Drop 3 0 1
Malus 0 0 0
Drop 4 0 1
Drop 0 0 0
Drop 4 0 1
Drop 0 0 0
Drop 3 0 1
Drop 0 0 0
Bonus 0 0 1
Drop 0 0 0
Drop 4 0 1
Drop 0 0 0
Drop 5 0 1
Drop 0 0 0
Drop 4 0 1
Drop 0 0 0
Drop 3 0 1
Drop 0 0 0
Drop 0 0 1
Drop 0 0 0
Drop 0 0 1
Drop 0 0 0
Drop 1 0 1
Drop 0 0 0
Drop 0 0 1
GAMEOVER DRAW
# Game ended: Tue Mar 31 00:41:25 EDT 2020
