# Server version 0.08 running on localhost:8123
# Game ID: 325
# Board class: Saboteur.SaboteurBoard
# Timeout: 2000000000
# First Move Timeout: 30000
# Date: Fri Apr 03 23:07:47 EDT 2020
# Player 1: Player-0, '260729805', running on localhost
# Player 2: Player-1, 'Human', running on localhost
START Player-0 260729805
START Player-1 Human
BoardInit:Tile:8,Tile:9,Tile:10,Tile:8,Map,Tile:6,Malus,Tile:5,Bonus,Tile:9,Destroy,Tile:0,Destroy,Tile:2,Tile:7,Tile:14,Map,Tile:13,Tile:10,Tile:15,Tile:5,Tile:6,Tile:10,Map,Tile:6,Tile:7,Tile:8,Map,Bonus,Tile:8,Tile:0,Tile:0,Tile:5,Tile:5,Bonus,Malus,Map,Tile:7,Tile:7,Map,Tile:9-Tile:4,Tile:0,Tile:6,Tile:6,Destroy,Tile:3,Tile:1-Tile:9,Tile:11,Tile:7,Tile:12,Bonus,Tile:8,Tile:9-Tile:hidden2,Tile:nugget,Tile:hidden1
Tile:6 6 5 1
Tile:7 7 5 0
Tile:8 7 6 1
Tile:12 8 6 0
Destroy 8 6 1
Tile:11_flip 8 6 0
Tile:6 7 7 1
Tile:6 8 7 0
Tile:0 9 7 1
Tile:5 6 4 0
Map 12 7 1
Drop 6 0 0
Destroy 8 6 1
Tile:0 7 4 0
Destroy 7 4 1
Tile:2 8 6 0
Tile:7 10 7 1
Tile:14 9 6 0
Map 12 5 1
Tile:13 9 5 0
Tile:10 10 8 1
Tile:9 10 9 0
Tile:1 11 9 1
Tile:8 10 10 0
Tile:5 9 10 1
Map 12 3 0
Tile:6 10 11 1
Tile:9_flip 11 11 0
Drop 1 0 1
Map 12 3 0
