# Server version 0.08 running on localhost:8123
# Game ID: 65
# Board class: Saboteur.SaboteurBoard
# Timeout: 20000
# First Move Timeout: 30000
# Date: Mon Mar 30 00:14:09 EDT 2020
# Player 1: Player-0, '260729805', running on localhost
# Player 2: Player-1, 'RandomPlayer', running on localhost
START Player-0 260729805
START Player-1 RandomPlayer
BoardInit:Tile:5,Destroy,Map,Destroy,Tile:7,Tile:0,Tile:0,Tile:6,Tile:6,Map,Tile:10,Tile:9,Tile:4,Tile:10,Tile:6,Tile:7,Tile:11,Tile:13,Tile:9,Tile:8,Tile:5,Tile:8,Tile:2,Malus,Map,Map,Tile:0,Bonus,Tile:7,Malus,Tile:15,Tile:10,Tile:12,Map,Tile:7,Tile:9,Tile:8,Bonus,Tile:6,Bonus,Destroy-Tile:5,Tile:5,Tile:9,Tile:0,Tile:6,Tile:3,Tile:8-Tile:7,Tile:9,Map,Tile:8,Bonus,Tile:14,Tile:1-Tile:hidden1,Tile:nugget,Tile:hidden2
Tile:9 5 6 1
Tile:9_flip 5 7 0
Tile:6 6 6 1
Tile:8 6 5 0
Tile:8 5 4 1
Drop 1 0 0
Tile:7_flip 4 4 1
Tile:1 4 5 0
Map 12 5 1
Drop 0 0 0
Tile:6_flip 7 6 1
Destroy 7 6 0
Tile:5_flip 7 5 1
Tile:9 4 7 0
Tile:3 6 4 1
Tile:6_flip 3 5 0
Tile:4_flip 4 8 1
