# Server version 0.08 running on macbook-pro-5.local:8123
# Game ID: 745
# Board class: Saboteur.SaboteurBoard
# Timeout: 2000000000
# First Move Timeout: 30000
# Date: Thu Apr 09 01:39:27 EDT 2020
# Player 1: Player-0, '260729805', running on macbook-pro-5.local
# Player 2: Player-1, 'RandomPlayer', running on macbook-pro-5.local
START Player-0 260729805
START Player-1 RandomPlayer
BoardInit:Bonus,Tile:10,Map,Map,Tile:7,Tile:6,Tile:0,Tile:10,Tile:10,Map,Tile:0,Tile:8,Tile:6,Tile:5,Tile:8,Tile:0,Bonus,Map,Malus,Map,Tile:7,Tile:8,Destroy,Tile:3,Tile:9,Tile:2,Destroy,Tile:8,Tile:6,Tile:9,Tile:14,Tile:1,Tile:5,Tile:7,Destroy,Tile:7,Bonus,Tile:11,Tile:5,Tile:12,Tile:9-Tile:6,Tile:7,Tile:9,Tile:4,Tile:8,Bonus,Tile:6-Malus,Tile:5,Tile:0,Tile:9,Tile:13,Tile:15,Map-Tile:hidden2,Tile:nugget,Tile:hidden1
Tile:9 5 4 1
Map 12 3 0
Tile:8 5 3 1
Tile:5_flip 6 5 0
Tile:6 4 3 1
Map 12 5 0
Tile:6_flip 6 4 1
Tile:0 7 4 0
Map 12 7 1
Tile:6 8 4 0
Drop 1 0 1
Tile:9_flip 9 4 0
Tile:7 5 2 1
Tile:10 9 5 0
Tile:6 6 3 1
Tile:5_flip 9 6 0
Tile:0 7 3 1
Tile:10 9 3 0
Tile:8 4 2 1
Tile:0 8 6 0
Drop 4 0 1
Tile:8 9 2 0
Tile:7_flip 7 6 1
Tile:8 10 2 0
Drop 2 0 1
Tile:13 10 1 0
Tile:7 11 2 1
Tile:15 11 3 0
Tile:9 4 5 1
Tile:8 9 1 0
Destroy 11 3 1
Tile:9_flip 11 3 0
Destroy 9 1 1
Tile:2_flip 11 1 0
Tile:5 3 3 1
Tile:7 8 3 0
Destroy 9 2 1
Tile:7_flip 5 6 0
Tile:6_flip 10 0 1
Tile:11 9 2 0
Tile:5 4 1 1
Tile:12 6 6 0
Tile:9 6 2 1
Tile:3 11 0 0
Drop 1 0 1
Tile:1 7 2 0
Drop 1 0 1
Drop 3 0 0
Malus 0 0 1
Drop 2 0 0
Tile:14 4 6 1
Drop 1 0 0
Drop 1 0 1
Malus 0 0 0
Bonus 0 0 1
GAMEOVER DRAW
# Game ended: Thu Apr 09 01:39:28 EDT 2020
