# Server version 0.08 running on macbook-pro-5.local:8123
# Game ID: 608
# Board class: Saboteur.SaboteurBoard
# Timeout: 2000000000
# First Move Timeout: 30000
# Date: Wed Apr 08 23:19:39 EDT 2020
# Player 1: Player-0, '260729805', running on macbook-pro-5.local
# Player 2: Player-1, 'RandomPlayer', running on macbook-pro-5.local
START Player-0 260729805
START Player-1 RandomPlayer
BoardInit:Tile:8,Tile:0,Tile:8,Tile:9,Tile:0,Tile:13,Tile:9,Destroy,Tile:8,Tile:8,Tile:10,Tile:8,Tile:8,Tile:5,Map,Destroy,Bonus,Tile:5,Tile:5,Tile:0,Tile:8,Tile:12,Map,Malus,Destroy,Tile:10,Bonus,Tile:5,Tile:8,Bonus,Destroy,Tile:8,Destroy,Tile:10,Tile:7,Tile:9,Tile:6,Tile:8,Map,Tile:6,Tile:8,Tile:14,Tile:8,Tile:8,Tile:8,Tile:6,Destroy,Tile:3,Malus,Tile:1,Tile:6,Destroy,Tile:8,Destroy,Tile:8,Tile:4,Map,Destroy,Tile:9,Tile:9,Destroy,Tile:8,Tile:7,Tile:8,Map-Tile:7,Tile:15,Tile:7,Destroy,Tile:0,Tile:8,Tile:2-Bonus,Tile:8,Tile:8,Tile:7,Map,Tile:6,Tile:11-Tile:hidden2,Tile:hidden1,Tile:nugget
Tile:7 6 5 1
Map 12 3 0
Tile:15 5 6 1
Tile:7_flip 6 6 0
Tile:8 5 4 1
Tile:6 7 6 0
Tile:8 5 7 1
Tile:0 8 6 0
Destroy 6 5 1
Tile:8 6 5 0
Tile:9_flip 6 4 1
Tile:8 9 6 0
Tile:0 4 4 1
Tile:9_flip 10 6 0
Tile:8 5 8 1
Tile:5 9 5 0
Map 12 7 1
Tile:8 9 7 0
Tile:8 7 5 1
Tile:5_flip 8 5 0
Tile:0 4 8 1
Tile:8 9 8 0
Tile:2 8 8 1
Tile:0 10 8 0
Tile:8 9 9 1
Destroy 8 8 0
Destroy 8 6 1
Tile:10 8 4 0
Tile:8 6 8 1
Tile:11_flip 10 5 0
Tile:5 8 9 1
Destroy 10 5 0
Destroy 9 9 1
Tile:13 10 5 0
Destroy 10 8 1
Tile:12 11 5 0
Tile:7 7 8 1
Tile:5 10 4 0
Tile:6_flip 3 4 1
Tile:8 10 7 0
Tile:7_flip 4 7 1
Tile:6 11 4 0
Tile:8 6 3 1
Tile:9_flip 12 4 0
Tile:8 6 2 1
Tile:10 11 3 0
Map 12 7 1
Tile:8 11 7 0
Destroy 11 3 1
Tile:6_flip 8 6 0
GAMEOVER WINNER 0
# Game ended: Wed Apr 08 23:21:15 EDT 2020
