# Server version 0.08 running on localhost:8123
# Game ID: 714
# Board class: Saboteur.SaboteurBoard
# Timeout: 2000000000
# First Move Timeout: 30000
# Date: Thu Apr 09 01:28:16 EDT 2020
# Player 1: Player-0, '260729805', running on localhost
# Player 2: Player-1, 'RandomPlayer', running on localhost
START Player-0 260729805
START Player-1 RandomPlayer
BoardInit:Tile:6,Map,Tile:5,Tile:5,Destroy,Tile:0,Tile:10,Map,Bonus,Tile:0,Map,Tile:0,Tile:6,Tile:4,Destroy,Tile:0,Bonus,Malus,Tile:5,Tile:8,Tile:3,Tile:6,Tile:2,Tile:6,Tile:9,Bonus,Tile:12,Tile:7,Malus,Tile:10,Tile:11,Tile:8,Map,Tile:5,Map,Tile:7,Destroy,Tile:7,Tile:9,Tile:1,Tile:9-Tile:8,Tile:10,Tile:8,Tile:7,Map,Tile:13,Tile:6-Tile:7,Tile:9,Tile:15,Tile:14,Tile:8,Tile:9,Bonus-Tile:hidden1,Tile:nugget,Tile:hidden2
Tile:6 6 5 1
Tile:7 7 5 0
Tile:8 5 6 1
Map 12 3 0
Tile:7_flip 5 7 1
Tile:5_flip 7 6 0
Tile:6_flip 6 6 1
Tile:0 4 5 0
Tile:5 6 4 1
Map 12 5 0
Tile:8 6 7 1
Tile:0 7 4 0
Tile:10 5 4 1
Tile:0 8 4 0
Destroy 6 6 1
Tile:9_flip 9 4 0
Tile:10 5 3 1
Tile:4_flip 9 5 0
Tile:6_flip 5 2 1
Tile:14_flip 4 6 0
Destroy 5 6 1
Tile:15 9 3 0
Tile:13 9 2 1
Drop 6 0 0
Tile:5_flip 6 2 1
Drop 6 0 0
Tile:2_flip 4 2 1
Drop 6 0 0
Map 12 3 1
Drop 6 0 0
Drop 3 0 1
Drop 6 0 0
Malus 0 0 1
Bonus 0 0 0
Drop 5 0 1
Drop 6 0 0
Tile:9_flip 4 7 1
Drop 6 0 0
Map 12 3 1
Drop 6 0 0
Destroy 9 2 1
Tile:1 7 7 0
Tile:9 4 1 1
Drop 5 0 0
Drop 4 0 1
Drop 4 0 0
Tile:9 6 1 1
Drop 3 0 0
Map 12 3 1
Drop 2 0 0
Tile:12 5 1 1
Drop 1 0 0
Drop 1 0 1
Drop 0 0 0
Drop 0 0 1
GAMEOVER DRAW
# Game ended: Thu Apr 09 01:28:19 EDT 2020
