# Server version 0.08 running on localhost:8123
# Game ID: 662
# Board class: Saboteur.SaboteurBoard
# Timeout: 2000000000
# First Move Timeout: 30000
# Date: Thu Apr 09 00:55:41 EDT 2020
# Player 1: Player-0, '260729805', running on localhost
# Player 2: Player-1, 'RandomPlayer', running on localhost
START Player-0 260729805
START Player-1 RandomPlayer
BoardInit:Tile:8,Tile:11,Map,Tile:12,Map,Tile:6,Tile:9,Tile:6,Bonus,Tile:8,Tile:2,Malus,Tile:5,Tile:8,Tile:0,Tile:6,Tile:5,Destroy,Tile:7,Tile:15,Map,Tile:0,Destroy,Tile:10,Map,Tile:5,Tile:9,Tile:5,Tile:6,Tile:10,Tile:8,Bonus,Tile:1,Tile:7,Tile:9,Bonus,Tile:7,Tile:8,Tile:3,Tile:0,Tile:4-Map,Map,Tile:7,Bonus,Tile:10,Tile:6,Destroy-Tile:9,Tile:14,Malus,Tile:13,Tile:0,Tile:9,Tile:7-Tile:nugget,Tile:hidden1,Tile:hidden2
Drop 2 0 1
Tile:0 6 5 0
Tile:6 5 6 1
Tile:7 6 6 0
Tile:10 6 7 1
Tile:9_flip 7 5 0
Map 12 3 1
Tile:9 7 6 0
Map 12 7 1
Tile:6 8 6 0
Tile:8 4 6 1
Tile:6_flip 4 5 0
Tile:2_flip 4 7 1
Tile:8 9 6 0
Tile:9_flip 10 6 1
Tile:12 5 7 0
Map 12 5 1
Tile:14_flip 8 5 0
Tile:5 3 7 1
Destroy 5 7 0
Tile:7_flip 7 7 1
Tile:13 9 5 0
Tile:5_flip 3 8 1
Tile:11 5 4 0
Map 12 3 1
Tile:6_flip 8 7 0
Destroy 7 5 1
Tile:15 5 3 0
Tile:0 2 8 1
Tile:8 9 7 0
Map 12 3 1
Tile:0 3 6 0
Tile:8 10 7 1
Tile:5_flip 11 7 0
Tile:6 6 4 1
Tile:7 7 5 0
Destroy 5 6 1
Tile:10 10 8 0
Tile:9_flip 6 8 1
Tile:5 11 6 0
Tile:7 12 6 1
Tile:10 9 8 0
Tile:9_flip 5 7 1
Tile:8 6 9 0
Drop 4 0 1
Tile:0 13 7 0
Tile:1 7 9 1
Drop 3 0 0
Map 12 3 1
Drop 2 0 0
Tile:4 5 2 1
Drop 1 0 0
Drop 1 0 1
Malus 0 0 0
Bonus 0 0 1
GAMEOVER DRAW
# Game ended: Thu Apr 09 00:55:44 EDT 2020
