# Server version 0.08 running on localhost:8123
# Game ID: 978
# Board class: Saboteur.SaboteurBoard
# Timeout: 2000000000
# First Move Timeout: 30000
# Date: Sat Apr 11 02:38:15 EDT 2020
# Player 1: Player-0, '260729805', running on localhost
# Player 2: Player-1, 'RandomPlayer', running on localhost
START Player-0 260729805
START Player-1 RandomPlayer
BoardInit:Tile:5,Map,Tile:7,Tile:8,Tile:7,Tile:8,Tile:9,Tile:8,Map,Tile:8,Tile:0,Tile:13,Tile:7,Tile:9,Map,Tile:0,Tile:5,Destroy,Tile:14,Tile:10,Tile:8,Tile:10,Tile:9,Malus,Tile:9,Bonus,Tile:5,Malus,Tile:6,Tile:11,Tile:6,Destroy,Tile:7,Tile:1,Map,Tile:12,Tile:15,Tile:10,Tile:4,Destroy,Bonus-Map,Tile:2,Tile:5,Tile:0,Bonus,Tile:6,Tile:7-Tile:3,Bonus,Tile:0,Tile:9,Tile:6,Tile:6,Map-Tile:nugget,Tile:hidden1,Tile:hidden2
Tile:6_flip 6 5 1
Tile:0 7 5 0
Tile:7 8 5 1
Tile:6 8 6 0
Tile:2_flip 9 6 1
Tile:6_flip 7 6 0
Tile:7_flip 5 6 1
Tile:9 7 7 0
Tile:0 8 7 1
Tile:8 7 8 0
Tile:7_flip 7 9 1
Tile:8 8 9 0
Tile:0 4 5 1
Tile:8 9 9 0
Tile:7_flip 9 10 1
Tile:8 9 8 0
Tile:5_flip 10 10 1
Tile:0 10 8 0
Tile:9 6 8 1
Destroy 10 10 0
Tile:5 9 5 1
Tile:9_flip 10 10 0
Map 12 5 1
Tile:10 10 11 0
Tile:9 10 12 1
Malus 0 0 0
Bonus 0 0 1
Tile:10 8 10 0
Tile:9_flip 11 8 1
Malus 0 0 0
Map 12 7 1
Tile:3 11 7 0
Map 12 3 1
Destroy 10 12 0
Drop 3 0 1
Tile:13 10 5 0
Drop 2 0 1
Tile:12_flip 3 5 0
Map 12 5 1
Tile:10 11 9 0
Drop 2 0 1
Destroy 10 11 0
Drop 5 0 1
Tile:11_flip 11 5 0
Drop 4 0 1
Tile:1 10 7 0
Drop 3 0 1
Drop 3 0 0
Drop 2 0 1
Drop 2 0 0
Drop 0 0 1
Drop 1 0 0
Bonus 0 0 1
Drop 0 0 0
Tile:14 10 6 1
GAMEOVER DRAW
# Game ended: Sat Apr 11 02:38:15 EDT 2020
