# Server version 0.08 running on 192.168.1.5:8123
# Game ID: 230
# Board class: Saboteur.SaboteurBoard
# Timeout: 2000000000
# First Move Timeout: 30000
# Date: Wed Apr 01 22:20:40 EDT 2020
# Player 1: Player-0, '260729805', running on 192.168.1.5
# Player 2: Player-1, 'RandomPlayer', running on 192.168.1.5
START Player-0 260729805
START Player-1 RandomPlayer
BoardInit:Tile:8,Tile:9,Destroy,Tile:7,Tile:6,Tile:6,Tile:0,Destroy,Map,Tile:11,Tile:8,Tile:0,Tile:7,Map,Tile:7,Bonus,Tile:10,Tile:6,Bonus,Tile:13,Tile:10,Tile:12,Tile:8,Tile:3,Tile:15,Map,Tile:4,Tile:6,Map,Destroy,Map,Tile:8,Tile:9,Tile:9,Malus,Tile:7,Tile:8,Map,Tile:9,Tile:0,Bonus-Tile:10,Tile:5,Malus,Tile:5,Tile:5,Tile:5,Tile:6-Tile:14,Bonus,Tile:9,Tile:7,Tile:0,Tile:1,Tile:2-Tile:hidden1,Tile:nugget,Tile:hidden2
Tile:6 5 6 1
Tile:9_flip 6 5 0
Tile:5 4 5 1
Tile:7 6 4 0
Tile:5 5 4 1
Tile:9_flip 6 6 0
Drop 6 0 1
Tile:7_flip 6 7 0
Destroy 5 6 1
Tile:0 7 7 0
Drop 4 0 1
Tile:6 8 7 0
Malus 0 0 1
Drop 6 0 0
Tile:8 5 6 1
Map 12 5 0
Tile:10 8 6 1
Drop 6 0 0
Tile:7 8 5 1
Drop 6 0 0
Tile:5_flip 5 7 1
Drop 6 0 0
Tile:7_flip 4 7 1
Drop 6 0 0
Drop 0 0 1
Drop 6 0 0
Map 12 3 1
Drop 6 0 0
Drop 2 0 1
Drop 6 0 0
Tile:0 9 7 1
Drop 6 0 0
Map 12 7 1
Drop 6 0 0
Drop 3 0 1
Drop 6 0 0
Drop 3 0 1
Drop 6 0 0
Drop 3 0 1
Drop 6 0 0
Drop 2 0 1
Drop 6 0 0
Tile:9 4 6 1
Drop 5 0 0
Drop 4 0 1
Drop 4 0 0
Drop 4 0 1
Drop 3 0 0
Drop 0 0 1
Drop 2 0 0
Drop 0 0 1
Drop 1 0 0
Drop 0 0 1
Drop 0 0 0
Tile:8 10 7 1
GAMEOVER DRAW
# Game ended: Wed Apr 01 22:20:57 EDT 2020
