# Server version 0.08 running on localhost:8123
# Game ID: 812
# Board class: Saboteur.SaboteurBoard
# Timeout: 2000000000
# First Move Timeout: 30000
# Date: Thu Apr 09 02:26:15 EDT 2020
# Player 1: Player-0, '260729805', running on localhost
# Player 2: Player-1, 'RandomPlayer', running on localhost
START Player-0 260729805
START Player-1 RandomPlayer
BoardInit:Tile:10,Tile:7,Tile:3,Tile:7,Map,Tile:8,Map,Tile:0,Tile:5,Tile:8,Tile:6,Tile:6,Bonus,Tile:11,Tile:4,Tile:9,Malus,Tile:1,Tile:9,Tile:8,Tile:14,Map,Tile:5,Bonus,Bonus,Map,Tile:8,Destroy,Malus,Tile:13,Map,Tile:0,Map,Tile:7,Tile:9,Tile:0,Tile:0,Tile:10,Tile:2,Tile:9,Tile:5-Tile:10,Tile:9,Tile:5,Tile:6,Tile:7,Tile:15,Bonus-Tile:6,Tile:6,Tile:8,Destroy,Destroy,Tile:7,Tile:12-Tile:hidden1,Tile:hidden2,Tile:nugget
Tile:7_flip 5 6 1
Tile:6 6 5 0
Tile:6_flip 6 4 1
Tile:6 7 5 0
Tile:5 4 5 1
Tile:7 8 5 0
Tile:3 7 4 1
Tile:7_flip 8 6 0
Map 12 3 1
Tile:7 9 6 0
Drop 1 0 1
Tile:8 9 7 0
Tile:15 9 8 1
Tile:0 8 7 0
Drop 1 0 1
Tile:6 7 7 0
Drop 1 0 1
Tile:9_flip 10 7 0
Tile:6 6 7 1
Tile:8 5 4 0
Malus 0 0 1
Destroy 9 8 0
Tile:5 5 7 1
Map 12 3 0
Tile:9_flip 5 3 1
Bonus 0 0 0
Tile:10 10 6 1
Map 12 5 0
Tile:14_flip 4 3 1
Tile:8 10 8 0
Tile:8 11 8 1
Tile:8 12 8 0
GAMEOVER WINNER 0
# Game ended: Thu Apr 09 02:26:15 EDT 2020
