# Server version 0.08 running on localhost:8123
# Game ID: 508
# Board class: Saboteur.SaboteurBoard
# Timeout: 2000000000
# First Move Timeout: 30000
# Date: Sun Apr 05 18:22:08 EDT 2020
# Player 1: Player-0, '260729805', running on localhost
# Player 2: Player-1, 'RandomPlayer', running on localhost
START Player-0 260729805
START Player-1 RandomPlayer
BoardInit:Map,Tile:9,Tile:7,Tile:14,Destroy,Tile:8,Tile:6,Tile:3,Tile:0,Bonus,Tile:15,Tile:7,Tile:8,Tile:12,Tile:9,Map,Tile:6,Tile:2,Destroy,Tile:11,Tile:10,Tile:5,Tile:13,Tile:8,Tile:5,Tile:5,Tile:8,Tile:10,Tile:1,Bonus,Tile:0,Tile:9,Malus,Tile:7,Bonus,Bonus,Tile:10,Map,Destroy,Map,Tile:0-Malus,Tile:6,Tile:5,Tile:6,Tile:7,Tile:6,Map-Tile:9,Tile:0,Tile:9,Tile:8,Map,Tile:4,Tile:7-Tile:hidden2,Tile:nugget,Tile:hidden1
Tile:5_flip 5 6 1
Map 12 7 0
Tile:6 4 6 1
Tile:8 4 5 0
Drop 2 0 1
Tile:7 5 4 0
Destroy 5 6 1
Tile:9_flip 6 5 0
Tile:6_flip 3 6 1
Tile:8 3 7 0
Tile:6 2 7 1
Tile:9 2 6 0
Tile:0 4 7 1
Tile:14_flip 4 4 0
Tile:6_flip 5 7 1
Tile:7_flip 3 5 0
Tile:8 3 8 1
Tile:12 4 8 0
Drop 1 0 1
Drop 1 0 0
Map 12 5 1
Tile:11_flip 2 5 0
Tile:9 1 7 1
Tile:2_flip 1 8 0
Tile:6_flip 2 8 1
Tile:8 0 8 0
Drop 0 0 1
Drop 3 0 0
Tile:8 2 9 1
Drop 6 0 0
Tile:7 0 7 1
Tile:9 6 6 0
Tile:5_flip 2 10 1
Tile:9_flip 6 7 0
Destroy 3 8 1
Tile:5 1 5 0
Tile:10 3 4 1
Drop 3 0 0
Tile:15 5 8 1
Drop 2 0 0
Malus 0 0 1
Bonus 0 0 0
Tile:10 2 4 1
Tile:3_flip 0 9 0
Tile:0 1 10 1
Drop 4 0 0
Tile:0 1 9 1
Tile:7 2 3 0
Tile:1 1 3 1
Tile:0 3 9 0
Tile:13 0 3 1
Map 12 3 0
Destroy 2 8 1
Drop 0 0 0
Drop 0 0 1
GAMEOVER DRAW
# Game ended: Sun Apr 05 18:22:10 EDT 2020
