# Server version 0.08 running on macbook-pro-5.local:8123
# Game ID: 622
# Board class: Saboteur.SaboteurBoard
# Timeout: 2000000000
# First Move Timeout: 30000
# Date: Wed Apr 08 23:53:49 EDT 2020
# Player 1: Player-0, '260729805', running on macbook-pro-5.local
# Player 2: Player-1, 'RandomPlayer', running on macbook-pro-5.local
START Player-0 260729805
START Player-1 RandomPlayer
BoardInit:Tile:5,Tile:11,Tile:10,Tile:0,Tile:5,Tile:6,Map,Map,Tile:9,Tile:6,Tile:3,Tile:0,Tile:9,Tile:8,Tile:7,Tile:2,Tile:7,Destroy,Tile:9,Bonus,Tile:9,Bonus,Malus,Destroy,Tile:8,Bonus,Tile:10,Tile:0,Tile:5,Map,Tile:12,Tile:14,Tile:0,Tile:5,Tile:7,Tile:6,Map,Map,Tile:10,Tile:7,Map-Tile:1,Tile:8,Tile:4,Tile:7,Tile:6,Tile:9,Bonus-Destroy,Tile:13,Tile:8,Tile:8,Malus,Tile:15,Tile:6-Tile:hidden1,Tile:hidden2,Tile:nugget
Tile:9 4 5 1
Tile:6 6 5 0
Tile:6 4 6 1
Tile:8 7 5 0
Tile:10 7 4 1
Tile:0 8 5 0
Tile:5 3 6 1
Tile:6 9 5 0
Tile:7 5 4 1
Map 12 3 0
Tile:5_flip 10 5 1
