# Server version 0.08 running on localhost:8123
# Game ID: 591
# Board class: Saboteur.SaboteurBoard
# Timeout: 2000000000
# First Move Timeout: 30000
# Date: Wed Apr 08 22:35:24 EDT 2020
# Player 1: Player-0, '260729805', running on localhost
# Player 2: Player-1, 'RandomPlayer', running on localhost
START Player-0 260729805
START Player-1 RandomPlayer
BoardInit:Tile:4,Tile:7,Destroy,Tile:8,Tile:8,Tile:9,Destroy,Tile:0,Map,Destroy,Tile:8,Map,Tile:5,Tile:7,Tile:6,Tile:7,Tile:8,Tile:8,Tile:12,Tile:9,Tile:8,Tile:8,Map,Malus,Tile:8,Tile:13,Map,Bonus,Tile:5,Tile:8,Tile:9,Bonus,Destroy,Tile:8,Tile:10,Malus,Tile:6,Tile:8,Destroy,Tile:3,Tile:7,Bonus,Tile:14,Tile:1,Tile:0,Tile:8,Tile:8,Bonus,Destroy,Destroy,Destroy,Tile:10,Map,Tile:6,Destroy,Map,Tile:8,Tile:6,Tile:8,Tile:5,Tile:8,Tile:0,Tile:8,Tile:11,Tile:9-Tile:2,Destroy,Tile:7,Tile:15,Tile:5,Tile:8,Tile:8-Tile:6,Tile:9,Tile:8,Tile:10,Destroy,Tile:0,Tile:8-Tile:nugget,Tile:hidden2,Tile:hidden1
Tile:8 5 4 1
Tile:6 6 5 0
Drop 1 0 1
Tile:0 7 5 0
Tile:5 4 4 1
Tile:7 8 5 0
Drop 6 0 1
Tile:9 8 6 0
Destroy 4 4 1
Tile:0 9 6 0
Tile:8 5 6 1
Tile:8 10 6 0
Tile:7_flip 10 7 1
Map 12 3 0
Drop 5 0 1
Tile:8 11 7 0
Tile:2_flip 11 8 1
Tile:7 12 6 0
Tile:6_flip 11 6 1
Tile:7 13 7 0
Tile:5 4 5 1
Tile:8 12 8 0
Tile:4_flip 5 7 1
Tile:10 8 7 0
Tile:8 4 6 1
Tile:9_flip 6 4 0
Tile:8 10 5 1
Tile:8 10 4 0
Tile:15 4 7 1
Tile:9 9 4 0
Destroy 4 5 1
Tile:8 9 3 0
Tile:5_flip 8 8 1
Tile:8 9 2 0
Destroy 9 3 1
Tile:8 9 3 0
Tile:9_flip 10 3 1
Destroy 5 7 0
Tile:12_flip 8 2 1
Tile:8 10 2 0
Tile:8 4 5 1
Destroy 8 2 0
Destroy 8 7 1
Tile:13 10 1 0
Drop 0 0 1
Tile:3 11 1 0
Tile:0 8 3 1
Tile:8 9 1 0
Tile:7_flip 9 5 1
Tile:1 11 5 0
Destroy 12 6 1
Destroy 11 1 0
Tile:14 13 8 1
Tile:10 9 0 0
Tile:8 12 9 1
Tile:6_flip 12 6 0
Destroy 11 5 1
Drop 6 0 0
Destroy 5 6 1
Tile:6 8 2 0
Tile:8 8 1 1
Tile:5_flip 11 5 0
Tile:10 8 7 1
Tile:0 7 3 0
Tile:6 4 8 1
Tile:11_flip 11 1 0
Tile:8 5 8 1
Drop 5 0 0
Tile:9 5 9 1
Drop 4 0 0
Tile:8 11 4 1
Drop 3 0 0
Tile:8 12 4 1
GAMEOVER WINNER 1
# Game ended: Wed Apr 08 22:35:34 EDT 2020
