# Server version 0.08 running on localhost:8123
# Game ID: 541
# Board class: Saboteur.SaboteurBoard
# Timeout: 2000000000
# First Move Timeout: 30000
# Date: Sun Apr 05 19:32:20 EDT 2020
# Player 1: Player-0, '260729805', running on localhost
# Player 2: Player-1, 'RandomPlayer', running on localhost
START Player-0 260729805
START Player-1 RandomPlayer
BoardInit:Map,Tile:6,Tile:8,Tile:0,Tile:8,Map,Tile:10,Tile:7,Tile:11,Tile:0,Tile:3,Tile:2,Bonus,Tile:6,Tile:0,Bonus,Tile:7,Tile:9,Tile:8,Destroy,Tile:9,Destroy,Tile:15,Tile:1,Bonus,Tile:0,Tile:9,Tile:9,Destroy,Map,Tile:7,Tile:7,Tile:10,Malus,Tile:7,Tile:13,Tile:10,Tile:6,Tile:9,Map,Tile:4-Map,Tile:6,Malus,Tile:14,Tile:5,Tile:8,Tile:5-Bonus,Map,Tile:5,Tile:8,Tile:12,Tile:6,Tile:5-Tile:nugget,Tile:hidden1,Tile:hidden2
Tile:8 5 6 1
Map 12 3 0
Drop 1 0 1
Tile:6_flip 6 6 0
Tile:8 6 7 1
Tile:12 7 6 0
Drop 4 0 1
Tile:8 4 5 0
Drop 2 0 1
Tile:5_flip 6 5 0
Tile:10 6 8 1
