# Server version 0.08 running on 192.168.1.5:8123
# Game ID: 25
# Board class: Saboteur.SaboteurBoard
# Timeout: 20000
# First Move Timeout: 30000
# Date: Sat Mar 28 19:27:58 EDT 2020
# Player 1: Player-0, '260729805', running on 192.168.1.5
# Player 2: Player-1, 'RandomPlayer', running on 192.168.1.5
START Player-0 260729805
START Player-1 RandomPlayer
BoardInit:Bonus,Tile:13,Tile:0,Map,Map,Tile:7,Tile:7,Bonus,Destroy,Tile:10,Map,Tile:5,Tile:5,Malus,Tile:9,Bonus,Tile:2,Tile:9,Tile:8,Tile:0,Tile:0,Tile:8,Tile:10,Tile:1,Tile:6,Tile:8,Tile:7,Map,Tile:11,Tile:6,Tile:6,Tile:6,Bonus,Map,Tile:4,Tile:7,Tile:9,Tile:8,Malus,Tile:14,Tile:3-Tile:0,Tile:8,Tile:5,Tile:6,Tile:12,Tile:15,Tile:9-Tile:7,Tile:5,Tile:9,Tile:10,Destroy,Destroy,Map-Tile:nugget,Tile:hidden2,Tile:hidden1
Tile:15 5 6 1
Drop 3 0 0
Tile:12_flip 4 5 1
Drop 1 0 0
Tile:9 5 4 1
Tile:7 6 5 0
Tile:0 6 4 1
Drop 4 0 0
Tile:6 7 4 1
Destroy 5 6 0
Drop 2 0 1
Tile:7_flip 6 6 0
Tile:5_flip 7 6 1
Destroy 6 6 0
Drop 2 0 1
Map 12 5 0
Destroy 7 4 1
Tile:9_flip 5 6 0
Tile:9_flip 7 4 1
Map 12 7 0
Tile:5_flip 5 7 1
Tile:9 6 6 0
Tile:8 4 7 1
Tile:5_flip 4 8 0
Drop 4 0 1
Drop 2 0 0
Tile:2 4 6 1
Tile:1 3 7 0
Tile:7 5 3 1
Map 12 5 0
Drop 2 0 1
Tile:6_flip 3 8 0
Drop 6 0 1
Tile:10 7 5 0
Tile:7_flip 3 6 1
Drop 2 0 0
Tile:11 6 7 1
Drop 3 0 0
Tile:9 2 8 1
Tile:6 6 8 0
Tile:6 7 8 1
Drop 2 0 0
Tile:3_flip 4 3 1
Map 12 5 0
Drop 1 0 1
Tile:14_flip 5 8 0
Tile:4_flip 3 9 1
Tile:8 5 9 0
Tile:10 5 10 1
Tile:7 3 5 0
Tile:0 8 8 1
Drop 0 0 0
Malus 0 0 1
Drop 0 0 0
Drop 0 0 1
GAMEOVER DRAW
# Game ended: Sat Mar 28 19:27:58 EDT 2020
