# Server version 0.08 running on macbook-pro-5.local:8123
# Game ID: 771
# Board class: Saboteur.SaboteurBoard
# Timeout: 2000000000
# First Move Timeout: 30000
# Date: Thu Apr 09 01:57:04 EDT 2020
# Player 1: Player-0, '260729805', running on localhost
# Player 2: Player-1, 'Human', running on localhost
START Player-0 260729805
START Player-1 Human
BoardInit:Tile:5,Tile:0,Map,Tile:7,Tile:0,Tile:8,Tile:7,Tile:6,Tile:6,Tile:9,Destroy,Tile:6,Map,Tile:0,Tile:7,Destroy,Tile:8,Tile:4,Tile:9,Tile:11,Tile:10,Tile:5,Tile:6,Map,Tile:8,Map,Tile:6,Destroy,Tile:5,Tile:9,Tile:13,Tile:5,Bonus,Tile:10,Tile:10,Bonus,Map,Tile:15,Malus,Tile:0,Tile:9-Tile:3,Map,Bonus,Tile:8,Tile:7,Tile:2,Tile:1-Bonus,Tile:12,Tile:14,Malus,Tile:9,Tile:7,Tile:8-Tile:nugget,Tile:hidden1,Tile:hidden2
Tile:8 6 5 1
Tile:7 7 5 0
Map 12 7 1
Tile:9 7 6 0
Drop 4 0 1
Tile:0 8 6 0
Tile:0 9 6 1
Tile:7 10 6 0
Drop 0 0 1
Tile:6 10 7 0
Map 12 5 1
Tile:8 11 7 0
Drop 3 0 1
