# Server version 0.08 running on localhost:8123
# Game ID: 353
# Board class: Saboteur.SaboteurBoard
# Timeout: 2000000000
# First Move Timeout: 30000
# Date: Sat Apr 04 00:13:53 EDT 2020
# Player 1: Player-0, '260729805', running on localhost
# Player 2: Player-1, 'RandomPlayer', running on localhost
START Player-0 260729805
START Player-1 RandomPlayer
BoardInit:Tile:6,Tile:6,Tile:6,Tile:0,Destroy,Tile:7,Malus,Tile:0,Tile:8,Tile:15,Destroy,Map,Tile:10,Tile:1,Tile:9,Destroy,Map,Bonus,Map,Tile:8,Tile:5,Tile:13,Tile:7,Tile:7,Tile:0,Bonus,Tile:8,Map,Map,Tile:9,Tile:10,Tile:5,Tile:8,Tile:3,Tile:2,Tile:11,Tile:9,Tile:9,Tile:5,Tile:0,Tile:5-Tile:7,Tile:7,Tile:6,Tile:12,Tile:14,Tile:10,Tile:4-Bonus,Bonus,Malus,Tile:6,Map,Tile:9,Tile:8-Tile:hidden1,Tile:nugget,Tile:hidden2
Tile:10 5 4 1
Tile:6 6 5 0
Tile:14_flip 6 4 1
Tile:6 7 5 0
Tile:7 5 3 1
Tile:0 8 5 0
Tile:6 4 5 1
Tile:7 9 5 0
Tile:6_flip 4 3 1
Tile:0 3 5 0
Destroy 3 5 1
Tile:15 9 6 0
Drop 0 0 1
Drop 6 0 0
Tile:8 3 3 1
Drop 6 0 0
Tile:10 4 4 1
Destroy 9 5 0
Tile:9_flip 7 4 1
Tile:9_flip 9 5 0
Drop 4 0 1
Tile:8 9 4 0
Tile:6_flip 9 3 1
Tile:8 10 4 0
Tile:4_flip 5 6 1
Tile:7_flip 8 4 0
Tile:5_flip 3 4 1
Tile:13 9 7 0
Map 12 3 1
Drop 6 0 0
Tile:0 8 7 1
Tile:9 8 3 0
Tile:8 8 2 1
Tile:5_flip 9 2 0
Tile:10 10 5 1
Tile:3_flip 10 6 0
Tile:2 9 1 1
Tile:11 9 8 0
Tile:12_flip 3 5 1
Tile:9_flip 7 3 0
Drop 1 0 1
Tile:0 2 4 0
Tile:5 1 4 1
Drop 5 0 0
Drop 4 0 1
Drop 4 0 0
Tile:8 9 9 1
Drop 3 0 0
Tile:5 8 1 1
Drop 2 0 0
Malus 0 0 1
Bonus 0 0 0
Tile:7_flip 6 3 1
Drop 0 0 0
Map 12 5 1
GAMEOVER DRAW
# Game ended: Sat Apr 04 00:13:53 EDT 2020
