# Server version 0.08 running on localhost:8123
# Game ID: 795
# Board class: Saboteur.SaboteurBoard
# Timeout: 2000000000
# First Move Timeout: 30000
# Date: Thu Apr 09 02:12:00 EDT 2020
# Player 1: Player-0, '260729805', running on localhost
# Player 2: Player-1, 'RandomPlayer', running on localhost
START Player-0 260729805
START Player-1 RandomPlayer
BoardInit:Tile:14,Tile:7,Map,Tile:5,Tile:0,Tile:0,Bonus,Map,Map,Map,Tile:0,Tile:8,Tile:9,Bonus,Malus,Tile:1,Tile:8,Tile:9,Tile:9,Tile:6,Tile:2,Tile:7,Tile:7,Destroy,Tile:5,Tile:6,Tile:10,Tile:3,Tile:5,Tile:15,Bonus,Tile:0,Tile:10,Destroy,Tile:4,Tile:8,Tile:7,Tile:6,Tile:13,Tile:10,Map-Bonus,Tile:6,Tile:9,Map,Tile:5,Destroy,Tile:6-Tile:8,Tile:11,Tile:7,Tile:9,Tile:8,Tile:12,Malus-Tile:hidden1,Tile:nugget,Tile:hidden2
Tile:6 5 6 1
Tile:7 6 5 0
Destroy 6 5 1
Tile:7 6 5 0
Tile:5 4 6 1
Tile:5_flip 6 6 0
Drop 3 0 1
Tile:0 4 5 0
Map 12 7 1
Tile:8 5 4 0
Tile:9_flip 5 3 1
Tile:9 5 2 0
Map 12 3 1
Tile:8 6 2 0
Tile:9 6 3 1
Tile:8 7 3 0
Tile:14 4 7 1
Tile:12 8 3 0
Tile:8 3 7 1
Tile:9 7 4 0
Tile:9 4 3 1
Tile:6_flip 8 4 0
Tile:2 9 4 1
Tile:7_flip 8 5 0
Drop 0 0 1
Destroy 9 4 0
Tile:0 2 7 1
Tile:6 9 5 0
Tile:7_flip 3 5 1
Tile:11_flip 10 5 0
Tile:5_flip 10 6 1
Tile:3 10 4 0
Tile:5_flip 6 4 1
Tile:0 9 6 0
Malus 0 0 1
Bonus 0 0 0
Drop 3 0 1
Tile:8 9 4 0
Tile:7 7 2 1
Tile:6_flip 6 1 0
Map 12 5 1
Tile:10 9 3 0
Tile:4 3 6 1
Destroy 10 5 0
Drop 2 0 1
Tile:1 8 6 0
Tile:10 4 2 1
Tile:15 9 2 0
Tile:13 5 1 1
Drop 2 0 0
Tile:0 1 7 1
Drop 1 0 0
Map 12 3 1
Malus 0 0 0
Bonus 0 0 1
GAMEOVER DRAW
# Game ended: Thu Apr 09 02:12:00 EDT 2020
