# Server version 0.08 running on localhost:8123
# Game ID: 486
# Board class: Saboteur.SaboteurBoard
# Timeout: 2000000000
# First Move Timeout: 30000
# Date: Sun Apr 05 17:19:29 EDT 2020
# Player 1: Player-0, '260729805', running on localhost
# Player 2: Player-1, 'RandomPlayer', running on localhost
START Player-0 260729805
START Player-1 RandomPlayer
BoardInit:Tile:3,Malus,Bonus,Tile:12,Tile:6,Tile:2,Tile:11,Map,Tile:7,Tile:5,Tile:9,Bonus,Malus,Tile:6,Tile:9,Tile:9,Tile:10,Tile:0,Tile:5,Tile:6,Map,Tile:5,Tile:14,Tile:8,Destroy,Map,Tile:6,Tile:4,Bonus,Tile:8,Destroy,Tile:5,Map,Tile:8,Tile:7,Tile:0,Tile:7,Tile:15,Tile:7,Tile:10,Tile:1-Tile:0,Tile:9,Bonus,Tile:9,Destroy,Tile:8,Map-Tile:8,Tile:10,Tile:6,Tile:7,Tile:13,Map,Tile:0-Tile:nugget,Tile:hidden1,Tile:hidden2
Drop 3 0 1
Map 12 3 0
Tile:8 5 4 1
Tile:6 4 4 0
Tile:3 6 4 1
Tile:7_flip 3 4 0
Drop 2 0 1
Tile:0 4 5 0
Tile:9_flip 6 5 1
Tile:13 6 6 0
Tile:11 4 3 1
Tile:5_flip 7 6 0
Tile:9 7 5 1
Tile:12 8 5 0
Malus 0 0 1
Bonus 0 0 0
Tile:7 5 3 1
Tile:6 6 7 0
Map 12 5 1
Tile:0 7 7 0
Tile:9 5 6 1
Tile:10 7 4 0
Tile:5 7 3 1
Tile:8 5 7 0
Destroy 5 6 1
Tile:9_flip 3 3 0
Destroy 7 5 1
Tile:8 8 3 0
Tile:6_flip 4 2 1
Tile:6 9 3 0
Tile:14_flip 4 7 1
Tile:8 10 3 0
Map 12 3 1
Tile:5_flip 11 3 0
Tile:6_flip 3 5 1
Tile:8 10 4 0
Destroy 3 3 1
Tile:0 11 4 0
Tile:7 3 3 1
Tile:5_flip 12 4 0
Tile:0 9 4 1
Tile:10 11 2 0
Map 12 7 1
Tile:2 2 3 0
Drop 4 0 1
Tile:15 2 4 0
Tile:10 9 2 1
Tile:4 10 2 0
Tile:7_flip 8 4 1
Drop 2 0 0
Tile:1 1 3 1
Drop 1 0 0
Drop 1 0 1
Malus 0 0 0
Bonus 0 0 1
GAMEOVER DRAW
# Game ended: Sun Apr 05 17:19:57 EDT 2020
