# Server version 0.08 running on localhost:8123
# Game ID: 447
# Board class: Saboteur.SaboteurBoard
# Timeout: 2000000000
# First Move Timeout: 30000
# Date: Sun Apr 05 14:59:50 EDT 2020
# Player 1: Player-0, '260729805', running on localhost
# Player 2: Player-1, 'RandomPlayer', running on localhost
START Player-0 260729805
START Player-1 RandomPlayer
BoardInit:Bonus,Tile:0,Bonus,Tile:6,Tile:6,Tile:0,Tile:5,Tile:1,Tile:13,Tile:11,Tile:14,Tile:9,Tile:6,Tile:5,Tile:9,Tile:10,Malus,Map,Tile:10,Tile:7,Tile:7,Tile:7,Destroy,Tile:5,Tile:9,Map,Tile:7,Tile:3,Tile:8,Tile:8,Tile:12,Tile:0,Tile:6,Destroy,Tile:2,Tile:8,Map,Tile:4,Tile:9,Map,Destroy-Tile:8,Bonus,Tile:15,Tile:10,Malus,Bonus,Map-Tile:0,Map,Tile:8,Tile:5,Tile:9,Tile:7,Tile:6-Tile:hidden1,Tile:nugget,Tile:hidden2
Tile:10 5 6 1
Map 12 3 0
Tile:8 6 5 1
Tile:0 7 5 0
Drop 1 0 1
Tile:5_flip 8 5 0
Drop 2 0 1
Tile:6_flip 8 4 0
Tile:6 7 4 1
Tile:0 9 4 0
Tile:5_flip 5 7 1
Tile:6 10 4 0
Tile:13 4 5 1
Tile:7_flip 6 6 0
Tile:14 4 6 1
Tile:0 7 6 0
Tile:9_flip 11 4 1
Tile:5 11 3 0
Tile:6_flip 7 3 1
Map 12 5 0
Tile:10 12 4 1
GAMEOVER WINNER 1
# Game ended: Sun Apr 05 14:59:56 EDT 2020
