# Server version 0.08 running on localhost:8123
# Game ID: 469
# Board class: Saboteur.SaboteurBoard
# Timeout: 2000000000
# First Move Timeout: 30000
# Date: Sun Apr 05 15:29:23 EDT 2020
# Player 1: Player-0, '260729805', running on localhost
# Player 2: Player-1, 'RandomPlayer', running on localhost
START Player-0 260729805
START Player-1 RandomPlayer
BoardInit:Tile:10,Map,Map,Tile:7,Tile:7,Tile:7,Tile:0,Tile:5,Tile:15,Destroy,Map,Destroy,Bonus,Tile:9,Tile:0,Tile:8,Tile:8,Tile:5,Tile:8,Tile:10,Tile:11,Bonus,Tile:13,Tile:0,Tile:5,Tile:6,Tile:6,Tile:9,Tile:8,Tile:3,Malus,Tile:5,Map,Map,Tile:0,Tile:12,Map,Tile:9,Bonus,Tile:7,Tile:6-Tile:6,Tile:14,Tile:1,Tile:9,Tile:9,Tile:6,Tile:10-Destroy,Tile:8,Tile:7,Bonus,Malus,Tile:4,Tile:2-Tile:hidden2,Tile:nugget,Tile:hidden1
Tile:6_flip 6 5 1
Tile:7_flip 6 6 0
Tile:14 7 5 1
Destroy 7 5 0
Drop 2 0 1
Tile:7_flip 4 5 0
Drop 4 0 1
Tile:2 7 6 0
Tile:7 5 4 1
Tile:5_flip 8 6 0
Tile:0 7 5 1
Destroy 7 6 0
Drop 6 0 1
Tile:4_flip 5 6 0
Map 12 7 1
Destroy 5 6 0
Tile:1 7 6 1
Tile:9_flip 5 6 0
Tile:0 4 6 1
Tile:7_flip 3 6 0
Tile:9_flip 8 5 1
Tile:8 4 4 0
Tile:10 3 5 1
Tile:8 8 4 0
Drop 2 0 1
Tile:10 8 3 0
Tile:11_flip 9 4 1
Tile:0 7 4 0
Tile:6_flip 3 4 1
Tile:9 2 4 0
Tile:8 4 3 1
Tile:6 3 3 0
Malus 0 0 1
Bonus 0 0 0
Tile:6 5 7 1
Tile:5_flip 5 3 0
Tile:5 3 2 1
Tile:5_flip 2 5 0
Map 12 5 1
Tile:9 9 3 0
Tile:8 4 2 1
Tile:7_flip 6 4 0
Drop 0 0 1
Tile:3 10 3 0
Tile:13 2 3 1
Tile:12_flip 1 3 0
Tile:6_flip 6 7 1
Drop 3 0 0
Drop 3 0 1
Drop 2 0 0
Tile:8 1 5 1
Drop 1 0 0
Map 12 3 1
Malus 0 0 0
Drop 0 0 1
GAMEOVER DRAW
# Game ended: Sun Apr 05 15:29:34 EDT 2020
