# Server version 0.08 running on localhost:8123
# Game ID: 760
# Board class: Saboteur.SaboteurBoard
# Timeout: 2000000000
# First Move Timeout: 30000
# Date: Thu Apr 09 01:46:22 EDT 2020
# Player 1: Player-0, '260729805', running on localhost
# Player 2: Player-1, 'RandomPlayer', running on localhost
START Player-0 260729805
START Player-1 RandomPlayer
BoardInit:Tile:7,Tile:8,Tile:0,Map,Tile:10,Tile:10,Tile:7,Tile:2,Tile:5,Tile:7,Tile:6,Tile:3,Tile:9,Tile:6,Tile:4,Tile:9,Tile:8,Tile:11,Bonus,Tile:15,Tile:1,Tile:9,Tile:9,Tile:8,Destroy,Tile:0,Tile:0,Tile:7,Map,Tile:5,Tile:0,Map,Tile:6,Destroy,Map,Tile:5,Tile:13,Tile:9,Malus,Tile:5,Tile:6-Tile:8,Bonus,Tile:14,Destroy,Tile:8,Tile:12,Map-Bonus,Bonus,Tile:7,Tile:6,Tile:10,Malus,Map-Tile:hidden2,Tile:nugget,Tile:hidden1
Tile:14 5 6 1
Map 12 3 0
Tile:8 4 6 1
Tile:7 6 5 0
Tile:7_flip 6 6 1
Map 12 5 0
Tile:8 5 4 1
Tile:6 7 6 0
Destroy 5 4 1
Tile:8 8 6 0
Tile:5 7 5 1
Tile:7 9 6 0
Drop 6 0 1
Tile:10 9 7 0
Tile:0 3 6 1
Tile:6_flip 8 5 0
Drop 1 0 1
Tile:10 9 8 0
Drop 1 0 1
Tile:9_flip 8 7 0
Tile:10 4 7 1
Tile:2_flip 9 5 0
Tile:9 4 5 1
Tile:9 9 9 0
Tile:8 4 8 1
Tile:8 10 9 0
Tile:4_flip 4 9 1
Tile:0 11 9 0
Tile:9_flip 5 4 1
Tile:7 10 5 0
Tile:0 5 8 1
Tile:5 10 8 0
Tile:7_flip 10 6 1
Tile:3 11 6 0
Drop 0 0 1
Destroy 11 6 0
Tile:1 7 7 1
Tile:5_flip 11 6 0
Destroy 7 7 1
Tile:9 11 5 0
Tile:6_flip 2 6 1
Tile:5 11 4 0
Tile:6_flip 7 7 1
Tile:11_flip 12 4 0
Drop 4 0 1
Tile:15 9 4 0
Map 12 7 1
Drop 3 0 0
Tile:0 1 6 1
Drop 2 0 0
Drop 1 0 1
Drop 1 0 0
Malus 0 0 1
Bonus 0 0 0
Drop 0 0 1
GAMEOVER DRAW
# Game ended: Thu Apr 09 01:46:29 EDT 2020
