# Server version 0.08 running on localhost:8123
# Game ID: 932
# Board class: Saboteur.SaboteurBoard
# Timeout: 2000000000
# First Move Timeout: 30000
# Date: Sat Apr 11 02:04:35 EDT 2020
# Player 1: Player-0, '260729805', running on localhost
# Player 2: Player-1, 'Human', running on localhost
START Player-0 260729805
START Player-1 Human
BoardInit:Tile:10,Tile:6,Tile:9,Tile:3,Tile:0,Malus,Tile:6,Tile:7,Tile:5,Tile:0,Tile:5,Tile:9,Tile:7,Destroy,Tile:10,Tile:8,Tile:6,Tile:2,Bonus,Map,Tile:7,Tile:5,Map,Tile:15,Tile:13,Tile:14,Tile:4,Tile:0,Tile:6,Bonus,Malus,Tile:9,Destroy,Tile:10,Tile:11,Tile:0,Tile:7,Destroy,Map,Tile:8,Map-Tile:8,Tile:8,Tile:8,Tile:7,Tile:1,Tile:6,Bonus-Map,Tile:12,Tile:9,Map,Tile:5,Bonus,Tile:9-Tile:nugget,Tile:hidden1,Tile:hidden2
Tile:6 6 5 1
Map 12 3 0
Tile:8 7 5 1
Tile:5_flip 8 5 0
Tile:8 8 4 1
Tile:6 9 4 0
Tile:9 9 3 1
Malus 0 0 0
Bonus 0 0 1
Tile:7 10 4 0
Tile:0 10 3 1
Tile:0 11 3 0
GAMEOVER WINNER 0
# Game ended: Sat Apr 11 02:04:53 EDT 2020
