# Server version 0.08 running on localhost:8123
# Game ID: 814
# Board class: Saboteur.SaboteurBoard
# Timeout: 2000000000
# First Move Timeout: 30000
# Date: Thu Apr 09 02:26:31 EDT 2020
# Player 1: Player-0, '260729805', running on localhost
# Player 2: Player-1, 'RandomPlayer', running on localhost
START Player-0 260729805
START Player-1 RandomPlayer
BoardInit:Tile:7,Tile:14,Tile:6,Bonus,Tile:4,Bonus,Tile:7,Tile:9,Map,Tile:13,Tile:9,Tile:2,Tile:8,Tile:10,Tile:0,Tile:1,Tile:0,Tile:3,Tile:5,Tile:8,Tile:6,Tile:5,Map,Tile:5,Tile:0,Tile:0,Tile:10,Map,Destroy,Tile:11,Bonus,Map,Tile:9,Tile:6,Tile:15,Bonus,Map,Tile:10,Tile:12,Destroy,Tile:7-Tile:7,Tile:5,Tile:8,Malus,Map,Tile:8,Malus-Tile:9,Tile:7,Tile:6,Destroy,Tile:8,Tile:6,Tile:9-Tile:hidden1,Tile:hidden2,Tile:nugget
Drop 3 0 1
Tile:7 6 5 0
Tile:8 4 5 1
Tile:6 6 6 0
Tile:5 4 4 1
Tile:6 7 6 0
Malus 0 0 1
Bonus 0 0 0
Tile:6_flip 5 4 1
Tile:9_flip 8 6 0
Tile:7_flip 5 6 1
Tile:8 8 5 0
Drop 4 0 1
Tile:9_flip 9 5 0
Tile:4_flip 4 6 1
Tile:9 9 6 0
Tile:8 10 6 1
Tile:10 10 5 0
Tile:0 6 4 1
Destroy 4 6 0
Tile:9 8 4 1
Tile:8 10 4 0
Tile:5 7 5 1
Tile:5_flip 11 4 0
Map 12 5 1
Tile:5 11 3 0
Tile:0 11 6 1
Tile:0 12 6 0
Drop 0 0 1
Map 12 5 0
Tile:6_flip 12 2 1
Tile:14 13 6 0
Destroy 8 5 1
Tile:13 10 7 0
Drop 3 0 1
Tile:6_flip 11 7 0
Tile:9_flip 4 6 1
Tile:2_flip 11 8 0
Map 12 5 1
Tile:10 8 7 0
Tile:8 9 4 1
Destroy 11 8 0
Drop 0 0 1
Tile:3_flip 11 8 0
Drop 5 0 1
Tile:1 12 8 0
Tile:12_flip 11 2 1
Tile:11_flip 13 8 0
Tile:15 4 7 1
Drop 2 0 0
Tile:10 12 4 1
Drop 1 0 0
Drop 0 0 1
Drop 0 0 0
Drop 0 0 1
GAMEOVER DRAW
# Game ended: Thu Apr 09 02:26:40 EDT 2020
