# Server version 0.08 running on localhost:8123
# Game ID: 428
# Board class: Saboteur.SaboteurBoard
# Timeout: 2000000000
# First Move Timeout: 30000
# Date: Sat Apr 04 22:18:56 EDT 2020
# Player 1: Player-0, '260729805', running on localhost
# Player 2: Player-1, 'Human', running on localhost
START Player-0 260729805
START Player-1 Human
BoardInit:Bonus,Destroy,Tile:7,Tile:7,Tile:14,Map,Map,Tile:6,Map,Malus,Tile:11,Tile:7,Bonus,Tile:10,Tile:8,Tile:1,Tile:10,Tile:2,Tile:9,Tile:3,Destroy,Tile:8,Tile:6,Map,Bonus,Tile:0,Map,Tile:12,Bonus,Tile:13,Tile:6,Tile:6,Tile:10,Tile:4,Tile:5,Tile:0,Malus,Tile:7,Tile:8,Tile:9,Tile:5-Tile:15,Map,Tile:9,Tile:0,Tile:8,Tile:7,Tile:5-Tile:9,Tile:5,Destroy,Tile:9,Tile:6,Tile:0,Tile:8-Tile:hidden1,Tile:hidden2,Tile:nugget
Tile:8 6 5 1
Tile:5_flip 7 5 0
Map 12 3 1
Tile:6_flip 7 4 0
Tile:0 8 4 1
Tile:0 9 4 0
Tile:7 10 4 1
Map 12 3 0
Map 12 5 1
Tile:6_flip 6 4 0
Tile:9 10 5 1
Tile:8 11 5 0
Map 12 7 1
Tile:9 12 6 0
GAMEOVER WINNER 0
# Game ended: Sat Apr 04 22:19:21 EDT 2020
