# Server version 0.08 running on localhost:8123
# Game ID: 130
# Board class: Saboteur.SaboteurBoard
# Timeout: 20000
# First Move Timeout: 30000
# Date: Tue Mar 31 00:49:34 EDT 2020
# Player 1: Player-0, '260729805', running on localhost
# Player 2: Player-1, 'RandomPlayer', running on localhost
START Player-0 260729805
START Player-1 RandomPlayer
BoardInit:Bonus,Tile:6,Tile:3,Tile:6,Tile:7,Tile:13,Tile:8,Map,Bonus,Map,Tile:9,Malus,Destroy,Tile:10,Tile:5,Malus,Tile:9,Tile:10,Destroy,Tile:12,Tile:11,Tile:10,Tile:7,Tile:7,Tile:7,Tile:0,Map,Tile:8,Tile:8,Tile:15,Tile:2,Tile:4,Bonus,Tile:8,Tile:1,Tile:7,Map,Tile:5,Tile:8,Tile:6,Destroy-Tile:9,Map,Tile:9,Tile:5,Tile:14,Tile:0,Tile:0-Tile:6,Tile:5,Tile:9,Tile:6,Bonus,Tile:0,Map-Tile:hidden2,Tile:hidden1,Tile:nugget
Tile:14_flip 4 5 1
Drop 4 0 0
Tile:9 4 6 1
Drop 4 0 0
Map 12 7 1
Drop 4 0 0
Tile:3_flip 4 7 1
Drop 4 0 0
Tile:0 5 7 1
Drop 4 0 0
Tile:5_flip 6 7 1
Drop 4 0 0
Tile:0 6 5 1
Drop 4 0 0
Destroy 4 5 1
Drop 4 0 0
Tile:5_flip 7 5 1
Drop 4 0 0
Tile:9_flip 7 4 1
Drop 4 0 0
Tile:8 4 5 1
Drop 4 0 0
Tile:11_flip 4 4 1
Drop 4 0 0
Tile:7_flip 3 5 1
Drop 4 0 0
Destroy 3 5 1
Drop 4 0 0
Tile:7 7 3 1
Drop 4 0 0
Map 12 7 1
Drop 4 0 0
Tile:7_flip 3 5 1
Drop 4 0 0
Tile:2_flip 5 6 1
Drop 4 0 0
Tile:8 6 3 1
Drop 4 0 0
Tile:9 5 4 1
Drop 4 0 0
Tile:9 5 3 1
Drop 4 0 0
Tile:8 3 4 1
Drop 4 0 0
Tile:1 2 4 1
Drop 4 0 0
Destroy 4 5 1
Tile:6_flip 5 2 0
Map 12 7 1
Tile:5 4 2 0
Drop 0 0 1
Tile:9_flip 4 3 0
Drop 1 0 1
Tile:6_flip 3 3 0
Drop 0 0 1
GAMEOVER DRAW
# Game ended: Tue Mar 31 00:49:36 EDT 2020
