# Server version 0.08 running on localhost:8123
# Game ID: 236
# Board class: Saboteur.SaboteurBoard
# Timeout: 2000000000
# First Move Timeout: 30000
# Date: Wed Apr 01 22:45:47 EDT 2020
# Player 1: Player-0, '260729805', running on localhost
# Player 2: Player-1, 'Human', running on localhost
START Player-0 260729805
START Player-1 Human
BoardInit:Tile:2,Map,Tile:9,Map,Tile:13,Map,Tile:0,Destroy,Tile:7,Tile:5,Tile:1,Tile:15,Tile:9,Tile:7,Tile:0,Tile:5,Tile:7,Bonus,Bonus,Tile:9,Tile:6,Map,Tile:4,Tile:9,Tile:14,Tile:9,Bonus,Map,Tile:5,Tile:10,Tile:8,Tile:6,Tile:12,Tile:8,Tile:8,Map,Tile:3,Tile:7,Tile:6,Malus,Tile:8-Malus,Tile:7,Destroy,Tile:6,Tile:6,Destroy,Tile:0-Tile:0,Tile:5,Tile:8,Bonus,Tile:10,Tile:10,Tile:11-Tile:hidden2,Tile:hidden1,Tile:nugget
Tile:0 6 5 1
Tile:0 7 5 0
Tile:6 8 5 1
Tile:8 9 5 0
Tile:7 8 4 1
Tile:5_flip 10 5 0
Tile:13 4 5 1
Tile:10 10 4 0
Tile:2 3 5 1
Tile:10 9 4 0
Tile:9 2 5 1
Tile:5 10 3 0
Tile:0 7 4 1
Map 12 5 0
Tile:6 11 3 1
Tile:7 11 2 0
Tile:9 12 4 1
Tile:5_flip 9 6 0
Tile:0 6 4 1
Tile:11_flip 13 4 0
Tile:7 9 3 1
Tile:9_flip 13 5 0
GAMEOVER USER CANCEL UNDECIDED
# Game ended: Wed Apr 01 22:52:26 EDT 2020
