# Server version 0.08 running on localhost:8123
# Game ID: 279
# Board class: Saboteur.SaboteurBoard
# Timeout: 2000000000
# First Move Timeout: 30000
# Date: Fri Apr 03 02:33:20 EDT 2020
# Player 1: Player-0, '260729805', running on localhost
# Player 2: Player-1, 'Human', running on localhost
START Player-0 260729805
START Player-1 Human
BoardInit:Tile:6,Tile:0,Bonus,Destroy,Tile:9,Tile:0,Tile:7,Tile:9,Tile:7,Tile:6,Tile:6,Tile:11,Destroy,Map,Map,Tile:10,Map,Map,Tile:14,Tile:5,Bonus,Bonus,Tile:5,Tile:8,Tile:7,Tile:8,Tile:5,Tile:10,Tile:8,Tile:7,Tile:1,Malus,Tile:2,Tile:0,Tile:12,Map,Destroy,Tile:8,Tile:3,Tile:7,Tile:9-Tile:13,Map,Tile:5,Tile:9,Tile:6,Tile:6,Tile:9-Tile:4,Tile:0,Malus,Bonus,Tile:8,Tile:15,Tile:10-Tile:hidden1,Tile:hidden2,Tile:nugget
Tile:6 6 5 1
Tile:0 7 5 0
Tile:6 8 5 1
Tile:8 9 5 0
Map 12 5 1
Tile:4 9 4 0
Tile:6 10 5 1
Tile:0 11 5 0
Drop 0 0 1
Tile:9_flip 12 4 0
Drop 5 0 1
Tile:10 6 4 0
