# Server version 0.08 running on macbook-pro-5.local:8123
# Game ID: 1058
# Board class: Saboteur.SaboteurBoard
# Timeout: 2000000000
# First Move Timeout: 30000
# Date: Sat Apr 11 14:28:47 EDT 2020
# Player 1: Player-0, '260729805', running on macbook-pro-5.local
# Player 2: Player-1, 'RandomPlayer', running on macbook-pro-5.local
START Player-0 260729805
START Player-1 RandomPlayer
BoardInit:Map,Tile:10,Malus,Tile:7,Tile:9,Tile:8,Malus,Tile:6,Tile:15,Tile:8,Tile:8,Tile:9,Tile:5,Destroy,Map,Tile:3,Tile:6,Tile:12,Tile:0,Tile:0,Bonus,Map,Tile:6,Tile:0,Bonus,Destroy,Map,Tile:6,Tile:0,Tile:5,Tile:11,Destroy,Bonus,Tile:8,Tile:9,Tile:5,Tile:7,Tile:7,Tile:10,Tile:13,Tile:9-Tile:8,Bonus,Map,Tile:6,Tile:5,Tile:9,Tile:10-Tile:7,Tile:2,Tile:7,Tile:4,Tile:1,Tile:14,Map-Tile:nugget,Tile:hidden2,Tile:hidden1
Tile:9 4 5 1
Map 12 3 0
Tile:6 5 6 1
Tile:7 6 5 0
Map 12 5 1
Tile:7 5 4 0
Tile:9 4 4 1
Tile:8 6 6 0
Malus 0 0 1
Drop 3 0 0
Tile:15 6 7 1
Drop 6 0 0
Map 12 5 1
Drop 6 0 0
Tile:10 4 3 1
Drop 6 0 0
Drop 6 0 1
Drop 6 0 0
Tile:5_flip 6 8 1
Drop 6 0 0
Tile:5 5 8 1
Drop 6 0 0
Tile:8 4 6 1
Drop 6 0 0
Tile:6_flip 7 6 1
Drop 6 0 0
Tile:8 4 7 1
Destroy 6 8 0
Tile:6 6 8 1
Drop 6 0 0
Drop 0 0 1
Drop 6 0 0
Tile:11_flip 4 8 1
Destroy 4 8 0
Map 12 3 1
Drop 6 0 0
Tile:9_flip 5 9 1
Drop 6 0 0
Malus 0 0 1
Drop 6 0 0
Tile:10 4 8 1
Drop 6 0 0
Tile:0 7 8 1
Drop 2 0 0
Drop 2 0 1
Drop 1 0 0
Tile:7_flip 3 7 1
Drop 0 0 0
Tile:9 3 6 1
Drop 2 0 0
Drop 0 0 1
Drop 1 0 0
Drop 1 0 1
Drop 0 0 0
Drop 0 0 1
GAMEOVER DRAW
# Game ended: Sat Apr 11 14:28:47 EDT 2020
