# Server version 0.08 running on macbook-pro-5.local:8123
# Game ID: 659
# Board class: Saboteur.SaboteurBoard
# Timeout: 2000000000
# First Move Timeout: 30000
# Date: Thu Apr 09 00:54:42 EDT 2020
# Player 1: Player-0, '260729805', running on macbook-pro-5.local
# Player 2: Player-1, 'RandomPlayer', running on macbook-pro-5.local
START Player-0 260729805
START Player-1 RandomPlayer
BoardInit:Tile:10,Map,Tile:7,Destroy,Tile:9,Tile:3,Tile:1,Tile:6,Bonus,Tile:8,Bonus,Tile:12,Tile:14,Tile:13,Tile:8,Tile:0,Tile:8,Tile:8,Destroy,Tile:8,Map,Tile:9,Tile:5,Tile:6,Tile:5,Map,Tile:4,Tile:0,Malus,Map,Tile:9,Map,Tile:10,Tile:6,Tile:7,Tile:2,Tile:7,Tile:5,Malus,Tile:6,Tile:0-Tile:6,Tile:7,Tile:0,Tile:9,Tile:5,Tile:7,Bonus-Bonus,Tile:9,Tile:11,Map,Tile:10,Tile:15,Destroy-Tile:nugget,Tile:hidden2,Tile:hidden1
Tile:5 4 5 1
Map 12 3 0
Tile:7 5 4 1
Tile:9_flip 4 6 0
Drop 1 0 1
Drop 1 0 0
Tile:7_flip 4 7 1
Map 12 3 0
Tile:7_flip 4 4 1
Tile:6_flip 4 3 0
Tile:9_flip 5 7 1
Drop 2 0 0
Drop 6 0 1
Tile:10 5 6 0
Tile:9_flip 6 5 1
Drop 4 0 0
Drop 0 0 1
Destroy 4 7 0
Tile:8 4 7 1
Destroy 4 3 0
Tile:10 6 6 1
Tile:8 5 8 0
Tile:8 4 3 1
Tile:3_flip 3 3 0
Destroy 3 3 1
Tile:13 3 3 0
Tile:5_flip 5 9 1
Tile:6_flip 3 7 0
Tile:4 6 4 1
Tile:0 3 6 0
Tile:1 2 3 1
Drop 2 0 0
Tile:9 1 3 1
Tile:12 5 3 0
Tile:5_flip 6 8 1
Map 12 7 0
Tile:14_flip 4 9 1
Tile:6_flip 3 2 0
Tile:7_flip 3 8 1
Map 12 5 0
Map 12 3 1
Tile:6_flip 2 7 0
Drop 0 0 1
Tile:9 4 10 0
Tile:10 1 4 1
Tile:2_flip 2 2 0
Tile:0 2 6 1
Drop 2 0 0
Tile:7_flip 1 7 1
Tile:5 1 6 0
Drop 0 0 1
Tile:0 5 10 0
Drop 0 0 1
Drop 0 0 0
Malus 0 0 1
GAMEOVER DRAW
# Game ended: Thu Apr 09 00:54:43 EDT 2020
