# Server version 0.08 running on localhost:8123
# Game ID: 774
# Board class: Saboteur.SaboteurBoard
# Timeout: 2000000000
# First Move Timeout: 30000
# Date: Thu Apr 09 02:00:42 EDT 2020
# Player 1: Player-0, '260729805', running on localhost
# Player 2: Player-1, 'RandomPlayer', running on localhost
START Player-0 260729805
START Player-1 RandomPlayer
BoardInit:Destroy,Tile:8,Tile:1,Tile:5,Tile:7,Tile:6,Map,Map,Map,Tile:8,Tile:8,Tile:11,Tile:5,Destroy,Tile:10,Bonus,Tile:6,Tile:8,Tile:13,Tile:9,Tile:9,Tile:12,Map,Tile:0,Tile:4,Tile:6,Tile:5,Tile:9,Tile:7,Tile:5,Bonus,Tile:7,Tile:3,Destroy,Tile:7,Tile:14,Tile:7,Tile:2,Tile:9,Tile:6,Tile:0-Tile:8,Bonus,Tile:9,Tile:0,Tile:0,Map,Tile:15-Malus,Tile:10,Tile:6,Tile:10,Malus,Map,Bonus-Tile:hidden2,Tile:nugget,Tile:hidden1
Tile:8 6 5 1
Map 12 3 0
Tile:9 5 6 1
Tile:6 7 5 0
Tile:15 5 4 1
Tile:5_flip 8 5 0
Drop 6 0 1
Tile:6_flip 8 4 0
Map 12 7 1
Tile:8 9 4 0
Drop 3 0 1
Tile:8 10 4 0
Tile:8 7 4 1
Tile:10 10 5 0
Drop 1 0 1
Tile:10 10 6 0
Drop 0 0 1
Tile:11_flip 11 4 0
Tile:6 4 5 1
Tile:8 10 3 0
Tile:10 5 7 1
Tile:9 11 5 0
Tile:9 3 5 1
Destroy 5 4 0
Tile:5_flip 3 6 1
Tile:0 2 6 0
Map 12 5 1
Tile:6 10 7 0
Tile:0 1 6 1
Tile:9_flip 11 3 0
Tile:13 5 8 1
Tile:5_flip 11 7 0
Tile:5 6 4 1
Tile:7 10 2 0
Tile:7 5 4 1
Destroy 5 8 0
Map 12 7 1
Tile:12_flip 9 7 0
Tile:4 7 3 1
Tile:14_flip 9 3 0
Tile:3_flip 9 2 1
Tile:6 6 6 0
Tile:7 7 6 1
Tile:2 9 1 0
Tile:1 8 1 1
Drop 4 0 0
Tile:7_flip 7 7 1
Drop 3 0 0
Tile:9_flip 3 4 1
Drop 2 0 0
Map 12 5 1
Drop 1 0 0
Drop 1 0 1
Malus 0 0 0
Bonus 0 0 1
GAMEOVER DRAW
# Game ended: Thu Apr 09 02:01:58 EDT 2020
