# Server version 0.08 running on localhost:8123
# Game ID: 1040
# Board class: Saboteur.SaboteurBoard
# Timeout: 2000000000
# First Move Timeout: 30000
# Date: Sat Apr 11 14:03:18 EDT 2020
# Player 1: Player-0, '260729805', running on localhost
# Player 2: Player-1, 'RandomPlayer', running on localhost
START Player-0 260729805
START Player-1 RandomPlayer
BoardInit:Tile:5,Tile:3,Bonus,Tile:0,Tile:14,Tile:5,Tile:7,Tile:5,Tile:8,Tile:7,Map,Tile:0,Tile:0,Tile:5,Tile:8,Tile:6,Tile:6,Tile:6,Tile:8,Destroy,Map,Tile:9,Bonus,Tile:7,Map,Malus,Tile:9,Bonus,Tile:7,Bonus,Tile:6,Tile:1,Tile:9,Destroy,Map,Tile:0,Tile:11,Tile:15,Tile:10,Tile:8,Tile:7-Malus,Map,Tile:12,Tile:6,Tile:9,Destroy,Tile:9-Tile:13,Tile:10,Tile:10,Tile:4,Tile:2,Map,Tile:8-Tile:nugget,Tile:hidden1,Tile:hidden2
Tile:9 4 5 1
Map 12 3 0
Tile:6_flip 5 4 1
Tile:8 6 4 0
Tile:5 4 4 1
Tile:0 7 4 0
Tile:9_flip 8 4 1
Tile:5 8 3 0
Tile:14 6 5 1
Tile:10 8 5 0
Drop 2 0 1
Tile:7 9 3 0
Tile:7_flip 9 4 1
Tile:0 10 4 0
Drop 1 0 1
Tile:10 8 6 0
Destroy 9 4 1
Tile:6 11 4 0
Tile:0 12 4 1
Tile:5 11 3 0
Tile:6 4 6 1
Tile:6 13 4 0
Tile:8 13 3 1
Tile:9 9 4 0
GAMEOVER WINNER 0
# Game ended: Sat Apr 11 14:03:19 EDT 2020
