# Server version 0.08 running on localhost:8123
# Game ID: 1049
# Board class: Saboteur.SaboteurBoard
# Timeout: 2000000000
# First Move Timeout: 30000
# Date: Sat Apr 11 14:18:36 EDT 2020
# Player 1: Player-0, '260729805', running on localhost
# Player 2: Player-1, 'RandomPlayer', running on localhost
START Player-0 260729805
START Player-1 RandomPlayer
BoardInit:Bonus,Tile:6,Tile:0,Destroy,Tile:2,Destroy,Tile:14,Tile:10,Tile:8,Tile:9,Tile:7,Tile:4,Tile:8,Map,Tile:0,Bonus,Tile:5,Tile:11,Map,Malus,Tile:12,Tile:9,Tile:1,Tile:5,Tile:5,Map,Tile:0,Tile:6,Map,Malus,Tile:8,Map,Tile:6,Bonus,Tile:10,Bonus,Map,Tile:8,Destroy,Tile:8,Tile:7-Tile:3,Tile:15,Tile:9,Tile:6,Tile:9,Tile:5,Tile:7-Tile:9,Tile:7,Tile:10,Tile:6,Tile:0,Tile:7,Tile:13-Tile:nugget,Tile:hidden1,Tile:hidden2
Tile:7 5 4 1
Tile:7 6 5 0
Tile:6 6 6 1
Tile:6 7 6 0
Tile:9 5 6 1
Tile:0 8 6 0
Tile:2_flip 9 6 1
Destroy 9 6 0
Tile:9 7 5 1
Tile:9_flip 9 6 0
Tile:5_flip 5 7 1
Tile:10 9 5 0
Drop 4 0 1
Tile:10 9 4 0
Tile:7_flip 4 7 1
Map 12 3 0
Drop 0 0 1
Tile:9 9 3 0
Tile:0 10 3 1
Tile:6 11 3 0
GAMEOVER WINNER 0
# Game ended: Sat Apr 11 14:19:47 EDT 2020
