# Server version 0.08 running on macbook-pro-5.local:8123
# Game ID: 593
# Board class: Saboteur.SaboteurBoard
# Timeout: 2000000000
# First Move Timeout: 30000
# Date: Wed Apr 08 22:52:10 EDT 2020
# Player 1: Player-0, '260729805', running on macbook-pro-5.local
# Player 2: Player-1, 'RandomPlayer', running on macbook-pro-5.local
START Player-0 260729805
START Player-1 RandomPlayer
BoardInit:Tile:8,Tile:8,Tile:8,Tile:5,Tile:9,Tile:8,Destroy,Map,Tile:9,Tile:7,Tile:10,Tile:8,Destroy,Tile:5,Tile:8,Tile:10,Bonus,Tile:3,Bonus,Tile:9,Tile:8,Tile:8,Tile:12,Bonus,Tile:9,Tile:11,Tile:5,Tile:8,Tile:6,Tile:8,Destroy,Bonus,Tile:8,Tile:7,Tile:8,Tile:8,Tile:7,Map,Destroy,Tile:0,Destroy,Destroy,Map,Tile:8,Tile:0,Tile:8,Tile:8,Malus,Tile:1,Tile:2,Malus,Destroy,Tile:10,Tile:0,Map,Tile:6,Destroy,Tile:8,Tile:6,Tile:9,Tile:8,Destroy,Tile:8,Map,Tile:15-Tile:8,Tile:14,Tile:5,Tile:8,Tile:7,Tile:6,Tile:0-Tile:7,Tile:4,Destroy,Tile:6,Tile:13,Map,Destroy-Tile:hidden2,Tile:nugget,Tile:hidden1
Tile:5_flip 5 6 1
Map 12 3 0
Tile:8 4 5 1
Tile:7 6 5 0
Tile:6_flip 5 4 1
Tile:6 6 4 0
Tile:8 6 3 1
Tile:5_flip 7 4 0
Tile:8 4 6 1
Map 12 5 0
Tile:7_flip 5 3 1
Tile:7 7 3 0
Tile:9_flip 6 2 1
Tile:8 6 1 0
Destroy 4 5 1
Tile:5_flip 7 1 0
Tile:14_flip 5 2 1
Tile:10 6 6 0
Tile:0 5 1 1
Tile:8 6 7 0
Tile:8 6 8 1
Tile:8 7 7 0
Tile:9 7 0 1
Tile:9_flip 8 7 0
Drop 4 0 1
Tile:8 8 6 0
Tile:12 8 0 1
Destroy 8 0 0
Tile:9 5 8 1
Tile:8 9 6 0
Destroy 5 2 1
Tile:8 10 6 0
Tile:6 7 8 1
Tile:4 9 5 0
Destroy 5 1 1
Tile:7_flip 9 7 0
Tile:8 8 8 1
Tile:8 8 9 0
Tile:8 4 7 1
Destroy 9 5 0
Tile:5 7 6 1
Tile:0 9 8 0
Destroy 6 7 1
Tile:11 6 7 0
Tile:7 9 9 1
Tile:3 10 5 0
Destroy 6 4 1
Tile:13 10 8 0
Tile:8 4 5 1
Tile:8 8 5 0
Drop 3 0 1
Tile:2_flip 8 0 0
Tile:8 3 7 1
Tile:8 5 2 0
Tile:8 5 1 1
Tile:0 9 0 0
Tile:10 5 9 1
Destroy 4 7 0
Destroy 7 7 1
Tile:8 7 7 0
Tile:6 4 7 1
Tile:6_flip 3 6 0
Drop 0 0 1
Destroy 6 2 0
Drop 5 0 1
Destroy 6 6 0
Tile:10 5 0 1
Tile:9_flip 6 2 0
Tile:1 11 6 1
Map 12 3 0
Tile:15 6 6 1
Drop 3 0 0
Tile:8 3 8 1
Drop 0 0 0
Tile:0 11 8 1
Drop 1 0 0
Drop 1 0 1
Drop 0 0 0
Malus 0 0 1
GAMEOVER DRAW
# Game ended: Wed Apr 08 22:53:26 EDT 2020
