# Server version 0.08 running on macbook-pro-5.local:8123
# Game ID: 886
# Board class: Saboteur.SaboteurBoard
# Timeout: 2000000000
# First Move Timeout: 30000
# Date: Sat Apr 11 00:35:36 EDT 2020
# Player 1: Player-0, '260729805', running on macbook-pro-5.local
# Player 2: Player-1, 'Human', running on macbook-pro-5.local
START Player-0 260729805
START Player-1 Human
BoardInit:Map,Tile:9,Tile:10,Tile:7,Malus,Tile:8,Tile:4,Tile:13,Map,Map,Tile:10,Bonus,Tile:8,Map,Tile:9,Tile:10,Bonus,Tile:8,Tile:8,Malus,Tile:7,Tile:8,Map,Destroy,Tile:5,Tile:8,Tile:6,Map,Tile:0,Bonus,Tile:7,Tile:0,Tile:1,Map,Tile:5,Malus,Tile:9,Tile:6,Tile:12,Tile:8,Tile:8,Tile:6,Tile:8,Tile:11,Tile:8,Bonus,Tile:5,Map,Tile:6,Tile:8,Tile:2,Map,Tile:5,Bonus,Destroy,Tile:3,Tile:9,Map,Destroy,Tile:8,Map,Tile:7,Bonus,Tile:8,Tile:0,Map,Map,Tile:8,Map,Tile:8,Tile:0-Tile:8,Tile:8,Malus,Bonus,Tile:8,Tile:7,Tile:8-Tile:8,Tile:6,Tile:9,Malus,Tile:14,Tile:15,Tile:8-Tile:nugget,Tile:hidden1,Tile:hidden2
Tile:8 6 5 1
Tile:6 7 5 0
Tile:8 8 5 1
Tile:8 9 5 0
Map 12 7 1
Malus 0 0 0
Bonus 0 0 1
Tile:7 9 4 0
Drop 6 0 1
Tile:9 9 6 0
Map 12 5 1
Map 12 5 0
Tile:8 10 6 1
Tile:8 9 7 0
Tile:8 11 6 1
Tile:9_flip 12 6 0
