# Server version 0.08 running on localhost:8123
# Game ID: 288
# Board class: Saboteur.SaboteurBoard
# Timeout: 2000000000
# First Move Timeout: 30000
# Date: Fri Apr 03 03:08:00 EDT 2020
# Player 1: Player-0, '260729805', running on localhost
# Player 2: Player-1, 'RandomPlayer', running on localhost
START Player-0 260729805
START Player-1 RandomPlayer
BoardInit:Tile:15,Tile:9,Tile:5,Destroy,Map,Map,Tile:10,Tile:7,Map,Tile:4,Tile:6,Tile:0,Tile:9,Destroy,Tile:1,Tile:5,Tile:5,Tile:3,Tile:5,Malus,Tile:9,Malus,Tile:8,Tile:7,Tile:8,Tile:6,Map,Destroy,Tile:8,Tile:8,Tile:6,Bonus,Tile:2,Tile:12,Bonus,Tile:9,Tile:11,Tile:7,Tile:13,Bonus,Tile:9-Tile:6,Tile:10,Tile:10,Tile:7,Tile:8,Tile:6,Map-Bonus,Map,Tile:0,Tile:0,Tile:14,Tile:0,Tile:7-Tile:nugget,Tile:hidden2,Tile:hidden1
Tile:6_flip 6 5 1
Map 12 3 0
Tile:6 6 6 1
Tile:0 7 5 0
Tile:8 4 5 1
Tile:0 8 5 0
Tile:5_flip 9 5 1
Map 12 3 0
Map 12 7 1
Tile:7 9 4 0
Tile:10 4 6 1
Tile:0 8 4 0
Drop 0 0 1
Tile:7 7 6 0
Tile:15 7 7 1
Tile:0 7 4 0
Map 12 7 1
Tile:9 5 6 0
Drop 1 0 1
Tile:4 5 4 0
Tile:5_flip 7 8 1
Tile:5_flip 5 7 0
Tile:7_flip 6 4 1
Destroy 9 5 0
Tile:8 9 5 1
Tile:7_flip 9 6 0
Tile:6_flip 6 3 1
Tile:6 10 6 0
Tile:8 10 5 1
Tile:14 11 5 0
Drop 2 0 1
Tile:8 4 7 0
Drop 6 0 1
Destroy 11 5 0
Tile:5_flip 11 6 1
Tile:12 7 3 0
Tile:2_flip 3 7 1
Tile:9_flip 11 5 0
Tile:8 3 5 1
Tile:7_flip 5 3 0
Tile:9 11 4 1
Tile:3 12 4 0
Tile:9 5 2 1
Destroy 12 4 0
Tile:11 11 3 1
Drop 4 0 0
Tile:9 11 2 1
Drop 3 0 0
Map 12 3 1
Drop 2 0 0
Map 12 3 1
Drop 1 0 0
Drop 1 0 1
Drop 0 0 0
Drop 0 0 1
GAMEOVER DRAW
# Game ended: Fri Apr 03 03:08:01 EDT 2020
