# Server version 0.08 running on macbook-pro-5.local:8123
# Game ID: 595
# Board class: Saboteur.SaboteurBoard
# Timeout: 2000000000
# First Move Timeout: 30000
# Date: Wed Apr 08 22:54:56 EDT 2020
# Player 1: Player-0, '260729805', running on macbook-pro-5.local
# Player 2: Player-1, 'RandomPlayer', running on macbook-pro-5.local
START Player-0 260729805
START Player-1 RandomPlayer
BoardInit:Bonus,Destroy,Tile:6,Tile:8,Tile:9,Tile:0,Tile:6,Destroy,Tile:5,Tile:9,Destroy,Tile:8,Tile:8,Tile:7,Destroy,Bonus,Tile:0,Map,Tile:7,Tile:8,Tile:8,Tile:10,Tile:13,Tile:12,Tile:8,Tile:8,Tile:6,Map,Destroy,Tile:7,Tile:8,Tile:7,Malus,Destroy,Malus,Tile:8,Destroy,Tile:9,Tile:8,Tile:8,Destroy,Bonus,Tile:5,Tile:0,Tile:5,Tile:3,Destroy,Bonus,Tile:2,Map,Tile:14,Tile:1,Tile:7,Tile:6,Tile:5,Destroy,Tile:15,Tile:9,Tile:8,Tile:8,Tile:8,Tile:9,Tile:4,Tile:0,Map-Map,Map,Tile:8,Tile:10,Tile:8,Tile:11,Tile:10-Tile:8,Tile:6,Tile:8,Tile:8,Tile:8,Tile:8,Destroy-Tile:hidden2,Tile:hidden1,Tile:nugget
Tile:11_flip 5 6 1
Tile:6 6 5 0
Tile:8 5 7 1
Tile:8 7 5 0
Tile:6_flip 4 6 1
Tile:8 8 5 0
Tile:9_flip 6 4 1
Tile:0 9 5 0
Tile:6_flip 5 4 1
Tile:8 8 4 0
Tile:10 7 6 1
Tile:9 8 6 0
Tile:5_flip 9 4 1
Tile:8 9 3 0
Tile:8 10 5 1
Tile:8 11 5 0
Destroy 10 5 1
Tile:8 10 5 0
Tile:8 12 4 1
Tile:8 12 6 0
GAMEOVER WINNER 0
# Game ended: Wed Apr 08 22:54:57 EDT 2020
