# Server version 0.08 running on localhost:8123
# Game ID: 796
# Board class: Saboteur.SaboteurBoard
# Timeout: 2000000000
# First Move Timeout: 30000
# Date: Thu Apr 09 02:12:04 EDT 2020
# Player 1: Player-0, '260729805', running on localhost
# Player 2: Player-1, 'RandomPlayer', running on localhost
START Player-0 260729805
START Player-1 RandomPlayer
BoardInit:Tile:14,Tile:6,Tile:7,Bonus,Map,Tile:15,Tile:7,Tile:6,Tile:2,Tile:9,Tile:6,Tile:0,Tile:4,Tile:8,Map,Tile:12,Tile:8,Tile:8,Tile:5,Tile:13,Tile:9,Bonus,Malus,Bonus,Bonus,Tile:1,Tile:10,Tile:0,Tile:5,Tile:10,Tile:10,Tile:6,Tile:6,Tile:7,Tile:3,Tile:7,Map,Tile:9,Tile:0,Destroy,Map-Tile:8,Tile:0,Map,Tile:11,Map,Tile:8,Tile:9-Tile:5,Destroy,Tile:9,Malus,Tile:5,Tile:7,Destroy-Tile:hidden1,Tile:nugget,Tile:hidden2
Tile:11 5 6 1
Tile:5_flip 6 5 0
Tile:8 5 7 1
Tile:5 6 4 0
Map 12 5 1
Tile:7 7 4 0
Tile:9 7 5 1
Tile:6 8 5 0
Tile:7 6 6 1
Tile:6 9 5 0
Drop 1 0 1
Tile:9_flip 10 5 0
Tile:14_flip 8 4 1
Tile:9 10 4 0
Tile:4 5 4 1
Tile:8 10 6 0
Tile:8 11 4 1
Tile:0 12 4 0
Tile:8 6 7 1
Tile:8 4 5 0
Tile:6 10 7 1
Tile:15 11 5 0
Tile:7 4 4 1
Tile:12 13 4 0
Tile:5_flip 4 6 1
Destroy 13 4 0
Tile:9_flip 7 7 1
Destroy 8 4 0
Drop 0 0 1
Tile:0 13 4 0
Drop 1 0 1
Tile:10 11 3 0
Map 12 3 1
Tile:6_flip 9 6 0
Tile:5 8 6 1
Tile:7 11 7 0
Tile:6 11 6 1
Tile:7 9 4 0
Tile:3 12 6 1
Tile:9_flip 10 3 0
Tile:10 7 6 1
Destroy 5 4 0
Tile:10 5 4 1
Tile:13 11 2 0
Map 12 7 1
Tile:1 12 2 0
Map 12 5 1
Drop 3 0 0
Malus 0 0 1
Bonus 0 0 0
Drop 1 0 1
Drop 1 0 0
Map 12 3 1
Malus 0 0 0
Bonus 0 0 1
GAMEOVER DRAW
# Game ended: Thu Apr 09 02:12:11 EDT 2020
