# Server version 0.08 running on localhost:8123
# Game ID: 791
# Board class: Saboteur.SaboteurBoard
# Timeout: 2000000000
# First Move Timeout: 30000
# Date: Thu Apr 09 02:11:34 EDT 2020
# Player 1: Player-0, '260729805', running on localhost
# Player 2: Player-1, 'RandomPlayer', running on localhost
START Player-0 260729805
START Player-1 RandomPlayer
BoardInit:Tile:1,Tile:8,Tile:12,Tile:9,Tile:5,Tile:5,Tile:6,Tile:5,Map,Map,Tile:0,Tile:6,Map,Tile:8,Tile:3,Bonus,Bonus,Map,Tile:11,Tile:7,Map,Tile:6,Tile:0,Tile:8,Tile:15,Tile:6,Tile:7,Tile:2,Tile:10,Tile:8,Tile:10,Tile:7,Tile:9,Bonus,Tile:9,Tile:6,Tile:9,Tile:13,Tile:0,Tile:7,Malus-Tile:7,Tile:8,Malus,Tile:4,Tile:9,Tile:0,Tile:14-Map,Tile:5,Destroy,Tile:10,Destroy,Destroy,Bonus-Tile:hidden2,Tile:nugget,Tile:hidden1
Tile:4_flip 5 6 1
Map 12 3 0
Tile:8 4 5 1
Tile:5_flip 6 5 0
Tile:9 4 4 1
Tile:10 6 4 0
Tile:5 3 5 1
Tile:5 6 3 0
Tile:0 7 3 1
Tile:5_flip 8 3 0
Tile:14 4 6 1
Tile:8 8 2 0
Tile:1 7 2 1
Tile:6 9 2 0
Map 12 7 1
Tile:9_flip 10 2 0
Tile:7_flip 3 6 1
Tile:8 10 3 0
Tile:3 9 1 1
Destroy 9 1 0
Tile:11 10 4 1
Tile:7 11 4 0
Tile:12_flip 9 3 1
Tile:6 11 5 0
Tile:6 6 2 1
Tile:8 10 5 0
Tile:0 11 3 1
Destroy 11 3 0
Drop 6 0 1
Tile:6_flip 10 1 0
Malus 0 0 1
Bonus 0 0 0
Tile:10 6 1 1
Tile:7_flip 12 4 0
Tile:9 5 2 1
Tile:8 13 4 0
Tile:9_flip 8 1 1
Tile:6 13 5 0
Tile:9 9 1 1
Destroy 11 5 0
Map 12 7 1
Tile:7 11 1 0
Tile:15 5 1 1
Tile:2_flip 11 5 0
Drop 4 0 1
Tile:13 10 6 0
Tile:0 11 6 1
Drop 3 0 0
Tile:10 9 0 1
Drop 2 0 0
Map 12 5 1
Drop 1 0 0
Malus 0 0 1
Drop 0 0 0
Drop 0 0 1
GAMEOVER DRAW
# Game ended: Thu Apr 09 02:11:37 EDT 2020
