# Server version 0.08 running on localhost:8123
# Game ID: 573
# Board class: Saboteur.SaboteurBoard
# Timeout: 2000000000
# First Move Timeout: 30000
# Date: Sun Apr 05 20:48:26 EDT 2020
# Player 1: Player-0, '260729805', running on localhost
# Player 2: Player-1, 'RandomPlayer', running on localhost
START Player-0 260729805
START Player-1 RandomPlayer
BoardInit:Map,Tile:9,Tile:8,Tile:12,Tile:7,Map,Tile:5,Tile:2,Tile:8,Tile:10,Malus,Tile:1,Tile:8,Tile:10,Tile:15,Tile:7,Bonus,Tile:6,Map,Tile:11,Map,Destroy,Tile:6,Tile:0,Tile:14,Tile:4,Tile:5,Bonus,Tile:6,Tile:0,Tile:6,Tile:10,Tile:9,Map,Tile:13,Destroy,Tile:5,Tile:9,Tile:7,Tile:5,Tile:7-Tile:3,Destroy,Bonus,Malus,Tile:0,Tile:9,Map-Tile:6,Bonus,Tile:9,Tile:8,Tile:7,Tile:8,Tile:0-Tile:hidden1,Tile:nugget,Tile:hidden2
Tile:9_flip 5 6 1
Tile:6 6 5 0
Tile:3_flip 4 6 1
Tile:7 7 5 0
Tile:8 4 5 1
Tile:9 7 6 0
Tile:7 5 4 1
GAMEOVER USER CANCEL UNDECIDED
# Game ended: Sun Apr 05 20:48:33 EDT 2020
