# Server version 0.08 running on localhost:8123
# Game ID: 189
# Board class: Saboteur.SaboteurBoard
# Timeout: 2000000000
# First Move Timeout: 30000
# Date: Tue Mar 31 23:44:03 EDT 2020
# Player 1: Player-0, '260729805', running on localhost
# Player 2: Player-1, 'Human', running on localhost
START Player-0 260729805
START Player-1 Human
BoardInit:Tile:6,Malus,Map,Destroy,Tile:15,Tile:4,Tile:6,Tile:9,Tile:8,Tile:6,Tile:9,Tile:10,Tile:9,Tile:6,Map,Tile:8,Tile:5,Bonus,Tile:8,Tile:0,Tile:8,Bonus,Bonus,Destroy,Tile:0,Map,Tile:0,Tile:12,Tile:7,Tile:3,Map,Tile:5,Tile:5,Tile:7,Tile:10,Tile:5,Map,Tile:11,Tile:14,Tile:2,Destroy-Map,Tile:7,Tile:8,Tile:0,Tile:9,Tile:9,Tile:7-Tile:7,Tile:1,Tile:6,Tile:10,Malus,Tile:13,Bonus-Tile:nugget,Tile:hidden1,Tile:hidden2
Tile:0 6 5 1
Tile:7 7 5 0
Tile:9 7 6 1
Tile:6 8 6 0
Tile:8 9 6 1
Tile:10 9 5 0
Tile:9 9 4 1
Tile:4 9 3 0
Map 12 5 1
Tile:9_flip 10 4 0
Map 12 3 1
Tile:6 10 6 0
Tile:8 11 6 1
Tile:10 11 5 0
Tile:15 5 4 1
Tile:6 12 6 0
Map 12 7 1
Tile:8 13 6 0
Tile:5 11 4 1
GAMEOVER ILLEGAL MOVE: Player 0, CardUsed: (Tile:1), PosOfUse: (12, 4) WINNER 1
# Game ended: Tue Mar 31 23:46:38 EDT 2020
