# Server version 0.08 running on localhost:8123
# Game ID: 429
# Board class: Saboteur.SaboteurBoard
# Timeout: 2000000000
# First Move Timeout: 30000
# Date: Sat Apr 04 22:19:27 EDT 2020
# Player 1: Player-0, '260729805', running on localhost
# Player 2: Player-1, 'RandomPlayer', running on localhost
START Player-0 260729805
START Player-1 RandomPlayer
BoardInit:Tile:10,Tile:3,Map,Tile:9,Tile:7,Tile:0,Tile:7,Tile:7,Tile:11,Tile:5,Tile:6,Tile:8,Tile:6,Tile:9,Map,Tile:7,Tile:5,Tile:9,Tile:4,Tile:6,Malus,Tile:7,Tile:5,Tile:8,Tile:13,Tile:0,Tile:10,Tile:12,Tile:5,Tile:0,Bonus,Tile:8,Tile:6,Malus,Map,Tile:6,Bonus,Tile:10,Destroy,Map,Tile:9-Tile:8,Tile:9,Bonus,Tile:2,Map,Map,Tile:0-Destroy,Tile:8,Tile:14,Bonus,Tile:15,Tile:1,Destroy-Tile:hidden2,Tile:hidden1,Tile:nugget
Map 12 5 1
Tile:14 6 5 0
Tile:8 5 4 1
Tile:3 6 4 0
Tile:2 4 5 1
Destroy 6 4 0
Tile:7_flip 4 6 1
Tile:0 4 4 0
Tile:7_flip 3 5 1
Tile:7 6 4 0
Drop 3 0 1
Tile:5 5 3 0
Map 12 5 1
Tile:1 6 3 0
Drop 1 0 1
Destroy 6 3 0
Drop 0 0 1
Drop 6 0 0
Drop 3 0 1
Drop 6 0 0
Map 12 3 1
Tile:8 5 6 0
Tile:6 6 3 1
Tile:9_flip 7 3 0
Tile:11 5 7 1
Tile:8 7 2 0
Tile:5_flip 5 8 1
Tile:9_flip 8 2 0
Tile:5 8 1 1
Tile:8 9 1 0
Tile:5 6 2 1
Tile:6 10 1 0
Tile:10 7 1 1
Tile:8 11 1 0
Tile:6 6 7 1
Tile:7 11 0 0
Tile:13 7 0 1
Tile:6_flip 10 0 0
Drop 6 0 1
Tile:10 9 2 0
Destroy 3 5 1
Map 12 3 0
Tile:4_flip 9 3 1
Tile:0 3 4 0
Drop 4 0 1
Tile:12_flip 2 4 0
Tile:10 8 3 1
Tile:15 8 4 0
Tile:9 9 0 1
Tile:0 7 7 0
Drop 1 0 1
Drop 1 0 0
Map 12 3 1
Drop 0 0 0
Drop 0 0 1
GAMEOVER DRAW
# Game ended: Sat Apr 04 22:19:27 EDT 2020
