# Server version 0.08 running on localhost:8123
# Game ID: 368
# Board class: Saboteur.SaboteurBoard
# Timeout: 2000000000
# First Move Timeout: 30000
# Date: Sat Apr 04 00:27:33 EDT 2020
# Player 1: Player-0, '260729805', running on localhost
# Player 2: Player-1, 'RandomPlayer', running on localhost
START Player-0 260729805
START Player-1 RandomPlayer
BoardInit:Tile:8,Tile:12,Tile:7,Tile:14,Tile:13,Tile:10,Tile:9,Tile:6,Tile:7,Tile:7,Tile:8,Tile:9,Tile:2,Tile:5,Tile:9,Tile:3,Tile:4,Tile:0,Malus,Map,Tile:10,Tile:5,Destroy,Malus,Destroy,Tile:7,Tile:6,Tile:10,Destroy,Tile:7,Bonus,Tile:6,Tile:8,Bonus,Map,Map,Map,Tile:5,Tile:8,Tile:0,Tile:9-Tile:0,Tile:8,Tile:11,Bonus,Tile:1,Map,Bonus-Tile:15,Map,Tile:9,Tile:6,Tile:5,Tile:6,Tile:0-Tile:hidden2,Tile:nugget,Tile:hidden1
Tile:8 6 5 1
Map 12 3 0
Tile:0 4 5 1
Tile:6 7 5 0
Map 12 5 1
Tile:12 8 5 0
Tile:13 7 4 1
Tile:5 6 4 0
Tile:7_flip 3 5 1
Tile:6 6 6 0
Tile:1 8 4 1
Tile:0 7 6 0
Tile:9_flip 7 3 1
Tile:6_flip 8 6 0
Tile:11 5 6 1
Tile:7 9 6 0
Tile:2_flip 6 3 1
Tile:5 3 4 0
Tile:8 7 2 1
Tile:0 4 4 0
Tile:9_flip 5 4 1
Map 12 5 0
Tile:4 7 1 1
Tile:9 9 7 0
Tile:10 5 7 1
Tile:10 9 8 0
Destroy 8 5 1
Tile:9_flip 8 7 0
Drop 4 0 1
Tile:10 9 9 0
Destroy 9 6 1
Tile:7 9 6 0
Tile:8 6 2 1
Tile:5 7 7 0
Tile:6 7 8 1
Tile:7_flip 9 10 0
Tile:8 10 10 1
Tile:6 11 10 0
Destroy 7 5 1
Tile:5 11 9 0
Tile:7_flip 6 8 1
Tile:0 12 10 0
Tile:8 5 3 1
Tile:14 9 4 0
Drop 4 0 1
Tile:15 9 3 0
Drop 3 0 1
Tile:3 9 2 0
Drop 1 0 1
Drop 2 0 0
Tile:9_flip 8 8 1
Drop 1 0 0
Drop 1 0 1
Malus 0 0 0
Bonus 0 0 1
GAMEOVER DRAW
# Game ended: Sat Apr 04 00:27:33 EDT 2020
