# Server version 0.08 running on localhost:8123
# Game ID: 479
# Board class: Saboteur.SaboteurBoard
# Timeout: 2000000000
# First Move Timeout: 30000
# Date: Sun Apr 05 17:09:36 EDT 2020
# Player 1: Player-0, '260729805', running on localhost
# Player 2: Player-1, 'RandomPlayer', running on localhost
START Player-0 260729805
START Player-1 RandomPlayer
BoardInit:Tile:5,Tile:9,Tile:15,Tile:10,Tile:6,Tile:7,Tile:0,Map,Malus,Malus,Tile:8,Tile:8,Bonus,Tile:7,Tile:7,Tile:6,Tile:9,Map,Tile:5,Bonus,Tile:12,Tile:0,Tile:10,Tile:8,Tile:5,Map,Bonus,Tile:0,Tile:0,Map,Tile:9,Tile:10,Tile:8,Bonus,Tile:1,Tile:9,Tile:8,Tile:7,Tile:13,Tile:6,Destroy-Tile:4,Destroy,Tile:5,Map,Tile:6,Tile:11,Tile:6-Tile:3,Map,Tile:2,Tile:7,Tile:14,Destroy,Tile:9-Tile:nugget,Tile:hidden1,Tile:hidden2
Tile:6 6 5 1
Tile:3_flip 4 5 0
Tile:5 4 4 1
Tile:9_flip 5 4 0
Tile:11_flip 5 3 1
Tile:7_flip 4 3 0
Tile:5 4 2 1
Tile:9 6 4 0
Map 12 3 1
Tile:7 7 4 0
Drop 1 0 1
Tile:10 6 3 0
Tile:8 5 2 1
Drop 2 0 0
Malus 0 0 1
Destroy 6 5 0
Tile:6_flip 6 2 1
Drop 5 0 0
Tile:4_flip 7 5 1
Map 12 7 0
Tile:9_flip 7 2 1
Drop 4 0 0
Tile:7 7 1 1
Bonus 0 0 0
Tile:6_flip 5 1 1
Map 12 3 0
Tile:5_flip 6 5 1
Tile:8 5 6 0
Drop 2 0 1
Tile:2_flip 4 1 0
Tile:0 4 6 1
Malus 0 0 0
Drop 4 0 1
Tile:0 6 6 0
Drop 3 0 1
Map 12 3 0
Drop 3 0 1
Tile:9_flip 4 0 0
Drop 6 0 1
Map 12 7 0
Drop 2 0 1
Drop 2 0 0
Drop 0 0 1
Tile:7_flip 3 6 0
Drop 4 0 1
Drop 3 0 0
Destroy 6 2 1
Tile:6_flip 7 6 0
Drop 0 0 1
Tile:8 3 0 0
Drop 0 0 1
Tile:0 6 1 0
Drop 1 0 1
Tile:10 3 5 0
Drop 0 0 1
GAMEOVER DRAW
# Game ended: Sun Apr 05 17:09:36 EDT 2020
