# Server version 0.08 running on localhost:8123
# Game ID: 990
# Board class: Saboteur.SaboteurBoard
# Timeout: 2000000000
# First Move Timeout: 30000
# Date: Sat Apr 11 12:54:57 EDT 2020
# Player 1: Player-0, '260729805', running on localhost
# Player 2: Player-1, 'Human', running on localhost
START Player-0 260729805
START Player-1 Human
BoardInit:Tile:10,Tile:2,Tile:4,Map,Tile:10,Tile:5,Tile:7,Tile:14,Tile:7,Tile:15,Tile:0,Tile:9,Tile:9,Tile:9,Tile:6,Tile:6,Tile:6,Tile:9,Tile:5,Malus,Tile:12,Bonus,Destroy,Tile:3,Tile:8,Tile:1,Tile:8,Map,Map,Tile:13,Tile:0,Tile:5,Map,Tile:7,Tile:11,Malus,Tile:8,Tile:0,Tile:7,Tile:6,Map-Bonus,Tile:8,Tile:7,Tile:5,Tile:10,Tile:9,Destroy-Tile:8,Bonus,Destroy,Map,Bonus,Tile:0,Tile:6-Tile:nugget,Tile:hidden1,Tile:hidden2
Tile:7 6 5 1
Map 12 3 0
Tile:9 6 6 1
Tile:0 7 6 0
Tile:8 8 6 1
Tile:6 9 6 0
Drop 5 0 1
Tile:5 9 5 0
Tile:7 10 6 1
Tile:8 8 7 0
Tile:10 10 7 1
Destroy 10 7 0
Tile:7_flip 10 7 1
Tile:9_flip 11 7 0
Tile:9 11 6 1
Tile:9_flip 12 6 0
