# Server version 0.08 running on localhost:8123
# Game ID: 888
# Board class: Saboteur.SaboteurBoard
# Timeout: 2000000000
# First Move Timeout: 30000
# Date: Sat Apr 11 00:37:16 EDT 2020
# Player 1: Player-0, '260729805', running on localhost
# Player 2: Player-1, 'Human', running on localhost
START Player-0 260729805
START Player-1 Human
BoardInit:Tile:8,Map,Tile:8,Malus,Tile:11,Map,Map,Tile:6,Tile:0,Tile:8,Map,Tile:3,Tile:7,Tile:8,Malus,Tile:8,Tile:5,Tile:10,Tile:15,Malus,Tile:9,Map,Tile:0,Tile:8,Tile:7,Map,Tile:8,Bonus,Malus,Tile:8,Tile:1,Map,Tile:9,Map,Tile:5,Destroy,Map,Tile:9,Tile:8,Bonus,Bonus,Tile:4,Tile:2,Tile:0,Tile:5,Tile:9,Tile:10,Tile:8,Tile:8,Tile:6,Tile:14,Bonus,Tile:8,Tile:7,Tile:8,Map,Tile:7,Destroy,Tile:8,Bonus,Bonus,Tile:8,Tile:10,Tile:8,Map,Tile:8,Bonus,Tile:8,Map,Malus,Tile:9-Destroy,Tile:8,Tile:12,Tile:13,Tile:6,Tile:6,Map-Tile:7,Tile:8,Tile:0,Map,Tile:8,Tile:5,Tile:6-Tile:nugget,Tile:hidden1,Tile:hidden2
Tile:6 6 5 1
Map 12 5 0
Tile:6 7 5 1
Map 12 3 0
Tile:8 8 5 1
Tile:7 9 5 0
Map 12 7 1
Map 12 3 0
Tile:8 9 6 1
Tile:0 10 6 0
Tile:0 11 6 1
Tile:6_flip 12 6 0
Tile:8 13 6 1
Tile:5 13 5 0
Drop 3 0 1
Tile:6 13 7 0
Map 12 3 1
Tile:8 8 4 0
Destroy 12 6 1
Tile:8 8 3 0
Drop 6 0 1
Tile:8 9 3 0
Drop 5 0 1
Malus 0 0 0
Drop 3 0 1
Malus 0 0 0
Malus 0 0 1
Map 12 3 0
Drop 5 0 1
Bonus 0 0 0
Malus 0 0 1
Map 12 3 0
Drop 6 0 1
Map 12 3 0
Drop 6 0 1
Map 12 3 0
GAMEOVER USER CANCEL UNDECIDED
# Game ended: Sat Apr 11 00:38:27 EDT 2020
