# Server version 0.08 running on 192.168.1.5:8123
# Game ID: 208
# Board class: Saboteur.SaboteurBoard
# Timeout: 2000000000
# First Move Timeout: 30000
# Date: Wed Apr 01 01:07:54 EDT 2020
# Player 1: Player-0, 'RandomPlayer', running on 192.168.1.5
# Player 2: Player-1, '260729805', running on 192.168.1.5
START Player-0 RandomPlayer
START Player-1 260729805
BoardInit:Tile:11,Tile:7,Tile:0,Tile:9,Tile:0,Tile:0,Tile:7,Tile:7,Tile:10,Tile:8,Tile:6,Malus,Tile:0,Tile:15,Map,Tile:10,Tile:5,Tile:10,Tile:6,Map,Tile:7,Tile:3,Tile:6,Tile:4,Tile:12,Bonus,Malus,Tile:5,Tile:9,Bonus,Tile:13,Tile:8,Map,Tile:8,Tile:14,Map,Bonus,Tile:8,Destroy,Tile:7,Tile:5-Tile:6,Bonus,Tile:9,Tile:8,Destroy,Map,Tile:9-Tile:5,Tile:2,Destroy,Map,Tile:6,Tile:1,Tile:9-Tile:hidden2,Tile:nugget,Tile:hidden1
Map 12 3 1
Tile:9 5 6 0
Tile:6 6 5 1
Tile:5_flip 7 5 0
Tile:9 7 4 1
Tile:7 6 4 0
Tile:8 8 4 1
Tile:9_flip 8 3 0
Tile:0 9 4 1
Map 12 5 0
Tile:0 10 4 1
Tile:2 8 2 0
Tile:9_flip 11 4 1
Destroy 8 4 0
Tile:6 8 4 1
Tile:7_flip 11 5 0
GAMEOVER WINNER 0
# Game ended: Wed Apr 01 01:08:11 EDT 2020
