# Server version 0.08 running on localhost:8123
# Game ID: 485
# Board class: Saboteur.SaboteurBoard
# Timeout: 2000000000
# First Move Timeout: 30000
# Date: Sun Apr 05 17:17:02 EDT 2020
# Player 1: Player-0, '260729805', running on localhost
# Player 2: Player-1, 'RandomPlayer', running on localhost
START Player-0 260729805
START Player-1 RandomPlayer
BoardInit:Map,Malus,Tile:9,Tile:7,Destroy,Tile:5,Tile:7,Tile:15,Map,Tile:8,Bonus,Tile:6,Tile:6,Tile:7,Tile:5,Tile:10,Bonus,Map,Tile:9,Tile:3,Tile:6,Map,Tile:11,Tile:4,Map,Tile:10,Tile:2,Tile:9,Map,Tile:9,Tile:7,Tile:1,Tile:8,Tile:0,Tile:5,Tile:14,Tile:12,Tile:8,Tile:8,Malus,Tile:0-Tile:9,Tile:5,Bonus,Tile:13,Tile:6,Destroy,Bonus-Tile:8,Tile:7,Destroy,Tile:0,Tile:6,Tile:0,Tile:10-Tile:nugget,Tile:hidden1,Tile:hidden2
Tile:5 4 5 1
Tile:0 6 5 0
Drop 1 0 1
Tile:6 7 5 0
Tile:13 5 6 1
Tile:0 8 5 0
Tile:9_flip 7 4 1
Tile:5_flip 9 5 0
Drop 0 0 1
Tile:7_flip 6 4 0
Drop 1 0 1
Tile:7_flip 5 7 0
Tile:7 6 6 1
Tile:6_flip 9 4 0
Tile:9_flip 6 7 1
Tile:7_flip 8 4 0
Tile:6 4 6 1
Destroy 6 6 0
Map 12 7 1
Map 12 3 0
Destroy 9 4 1
Tile:8 9 4 0
Map 12 5 1
Tile:8 10 4 0
Tile:6 6 8 1
Tile:10 10 3 0
Tile:11 10 5 1
Tile:10 10 2 0
Tile:9 6 3 1
Tile:9_flip 11 4 0
Destroy 10 2 1
Tile:9 11 3 0
GAMEOVER WINNER 0
# Game ended: Sun Apr 05 17:17:36 EDT 2020
