# Server version 0.08 running on localhost:8123
# Game ID: 372
# Board class: Saboteur.SaboteurBoard
# Timeout: 2000000000
# First Move Timeout: 30000
# Date: Sat Apr 04 00:29:33 EDT 2020
# Player 1: Player-0, '260729805', running on localhost
# Player 2: Player-1, 'RandomPlayer', running on localhost
START Player-0 260729805
START Player-1 RandomPlayer
BoardInit:Tile:8,Tile:2,Tile:6,Tile:6,Tile:7,Tile:7,Tile:9,Tile:6,Tile:8,Tile:7,Tile:8,Tile:9,Tile:13,Bonus,Tile:15,Tile:8,Tile:5,Tile:7,Tile:4,Tile:3,Tile:14,Tile:0,Tile:5,Bonus,Tile:10,Tile:7,Tile:11,Map,Tile:6,Malus,Destroy,Destroy,Tile:12,Tile:5,Map,Tile:8,Tile:10,Tile:0,Tile:1,Map,Bonus-Tile:10,Tile:0,Tile:6,Map,Tile:9,Tile:9,Malus-Bonus,Map,Destroy,Tile:0,Map,Tile:9,Tile:5-Tile:nugget,Tile:hidden1,Tile:hidden2
Tile:9 5 4 1
Map 12 3 0
Tile:9 4 5 1
Tile:5 5 3 0
Tile:8 6 3 1
Tile:0 7 3 0
Tile:6 8 3 1
Tile:7 9 3 0
Malus 0 0 1
Bonus 0 0 0
Tile:8 9 4 1
Tile:7 10 4 0
Tile:6 6 5 1
Tile:6 9 5 0
Tile:10 4 6 1
Tile:6 8 5 0
Tile:8 8 2 1
Destroy 10 4 0
Tile:9_flip 10 4 1
Tile:7 8 1 0
Tile:13 10 5 1
Tile:8 7 5 0
Tile:4 4 4 1
Tile:9 7 6 0
Tile:5_flip 9 2 1
Tile:9 9 1 0
Tile:5 7 1 1
Tile:7 8 6 0
Tile:7_flip 7 2 1
Tile:2 11 5 0
Tile:0 10 1 1
Tile:0 11 1 0
Destroy 5 4 1
Destroy 11 5 0
Tile:14 12 1 1
Tile:5 8 4 0
Tile:11 5 6 1
Tile:8 8 7 0
Tile:10 4 7 1
Tile:0 9 7 0
Drop 0 0 1
Tile:3 11 5 0
Tile:15 6 4 1
Drop 5 0 0
Tile:10 4 8 1
Drop 4 0 0
Drop 1 0 1
Drop 3 0 0
Tile:6_flip 10 7 1
Drop 2 0 0
Tile:1 11 7 1
Drop 1 0 0
Map 12 3 1
Drop 0 0 0
Drop 0 0 1
GAMEOVER DRAW
# Game ended: Sat Apr 04 00:29:34 EDT 2020
