# Server version 0.08 running on localhost:8123
# Game ID: 114
# Board class: Saboteur.SaboteurBoard
# Timeout: 20000
# First Move Timeout: 30000
# Date: Tue Mar 31 00:15:45 EDT 2020
# Player 1: Player-0, '260729805', running on localhost
# Player 2: Player-1, 'RandomPlayer', running on localhost
START Player-0 260729805
START Player-1 RandomPlayer
BoardInit:Tile:8,Bonus,Tile:12,Tile:13,Tile:5,Tile:15,Map,Map,Map,Tile:14,Tile:10,Tile:7,Destroy,Destroy,Map,Tile:2,Bonus,Tile:8,Map,Malus,Tile:6,Tile:8,Tile:10,Bonus,Tile:0,Tile:9,Tile:8,Tile:9,Tile:6,Tile:8,Map,Tile:1,Destroy,Tile:0,Tile:4,Tile:0,Tile:6,Tile:0,Malus,Tile:7,Tile:6-Tile:3,Tile:9,Tile:5,Tile:9,Tile:10,Tile:11,Tile:6-Tile:5,Tile:7,Tile:7,Bonus,Tile:5,Tile:7,Tile:9-Tile:hidden1,Tile:nugget,Tile:hidden2
Tile:9 5 4 1
Tile:9_flip 5 3 0
Tile:6_flip 4 3 1
Tile:7 6 4 0
Tile:3_flip 5 6 1
Tile:13 6 5 0
Tile:9_flip 4 4 1
Tile:7 5 2 0
Tile:12_flip 4 2 1
Tile:5 3 4 0
Tile:10 3 5 1
Drop 3 0 0
Tile:5_flip 6 6 1
Tile:7 7 5 0
Drop 3 0 1
Map 12 3 0
Drop 1 0 1
Tile:7_flip 3 3 0
Map 12 3 1
Destroy 5 6 0
Tile:11 5 6 1
Tile:2_flip 3 6 0
Destroy 6 6 1
Drop 5 0 0
Drop 4 0 1
Tile:5_flip 5 7 0
Tile:5_flip 4 6 1
Tile:9 4 5 0
Tile:6 6 6 1
Tile:8 7 6 0
Tile:10 3 2 1
Drop 0 0 0
Map 12 3 1
Tile:9 7 7 0
Drop 5 0 1
Tile:0 2 6 0
Destroy 5 2 1
Tile:14_flip 1 6 0
Tile:6_flip 5 2 1
Tile:8 1 7 0
Drop 2 0 1
Tile:0 0 7 0
Malus 0 0 1
Bonus 0 0 0
Drop 4 0 1
Tile:0 8 7 0
Tile:6_flip 3 1 1
Tile:7 2 7 0
Tile:10 1 8 1
Tile:15 2 8 0
Tile:4_flip 1 9 1
Tile:1 9 7 0
Tile:8 10 7 1
Tile:8 11 7 0
Drop 0 0 1
GAMEOVER DRAW
# Game ended: Tue Mar 31 00:15:45 EDT 2020
