# Server version 0.08 running on localhost:8123
# Game ID: 580
# Board class: Saboteur.SaboteurBoard
# Timeout: 2000000000
# First Move Timeout: 30000
# Date: Sun Apr 05 20:57:52 EDT 2020
# Player 1: Player-0, '260729805', running on localhost
# Player 2: Player-1, 'RandomPlayer', running on localhost
START Player-0 260729805
START Player-1 RandomPlayer
BoardInit:Map,Tile:15,Destroy,Tile:12,Tile:14,Tile:8,Map,Tile:0,Tile:4,Map,Tile:9,Bonus,Tile:8,Tile:9,Malus,Tile:11,Tile:6,Tile:8,Tile:8,Tile:7,Destroy,Tile:2,Tile:5,Tile:10,Tile:9,Tile:9,Tile:7,Tile:3,Bonus,Tile:6,Tile:7,Tile:5,Tile:1,Tile:5,Tile:0,Bonus,Tile:6,Tile:10,Tile:13,Tile:6,Tile:10-Tile:0,Tile:8,Malus,Map,Map,Tile:7,Map-Destroy,Tile:9,Tile:5,Tile:7,Tile:6,Bonus,Tile:0-Tile:nugget,Tile:hidden1,Tile:hidden2
Map 12 3 1
Tile:5_flip 6 5 0
Map 12 7 1
Tile:7 6 4 0
Tile:7_flip 4 5 1
Tile:6 5 6 0
Tile:0 6 6 1
Tile:0 7 6 0
Tile:8 5 4 1
Tile:0 8 6 0
Map 12 7 1
Map 12 3 0
Tile:14_flip 4 6 1
Tile:9_flip 9 6 0
Tile:9 4 4 1
Tile:8 9 5 0
Drop 1 0 1
Tile:9 9 4 0
Drop 5 0 1
Tile:8 10 4 0
Destroy 6 5 1
Tile:7 9 3 0
Drop 5 0 1
Destroy 4 6 0
Tile:5_flip 6 5 1
Tile:10 9 7 0
Tile:4 10 3 1
Tile:9 8 3 0
Malus 0 0 1
Bonus 0 0 0
Tile:6_flip 5 3 1
Tile:6_flip 8 2 0
Tile:7_flip 9 8 1
Tile:5_flip 9 2 0
Tile:9_flip 8 4 1
Tile:5 9 1 0
Tile:1 7 2 1
Tile:12 10 1 0
Tile:8 11 4 1
Tile:10 11 3 0
Destroy 8 3 1
Tile:6 12 4 0
GAMEOVER WINNER 0
# Game ended: Sun Apr 05 20:57:53 EDT 2020
