# Server version 0.08 running on localhost:8123
# Game ID: 415
# Board class: Saboteur.SaboteurBoard
# Timeout: 2000000000
# First Move Timeout: 30000
# Date: Sat Apr 04 02:09:08 EDT 2020
# Player 1: Player-0, '260729805', running on localhost
# Player 2: Player-1, 'RandomPlayer', running on localhost
START Player-0 260729805
START Player-1 RandomPlayer
BoardInit:Tile:6,Tile:11,Map,Tile:6,Destroy,Tile:7,Tile:7,Tile:5,Map,Tile:8,Malus,Bonus,Malus,Tile:0,Tile:10,Tile:7,Tile:5,Tile:8,Tile:1,Tile:13,Tile:9,Map,Tile:6,Tile:6,Tile:10,Tile:7,Tile:0,Tile:3,Tile:8,Tile:9,Map,Tile:12,Destroy,Tile:9,Bonus,Tile:9,Map,Bonus,Bonus,Map,Tile:15-Tile:5,Tile:0,Tile:8,Tile:8,Tile:0,Tile:4,Tile:5-Tile:7,Tile:2,Tile:6,Destroy,Tile:14,Tile:10,Tile:9-Tile:nugget,Tile:hidden2,Tile:hidden1
Tile:5 4 5 1
Tile:14 5 6 0
Tile:8 4 6 1
Tile:6 4 7 0
Tile:5 3 6 1
Tile:9 3 7 0
Drop 2 0 1
Tile:11 3 8 0
Tile:7 4 8 1
Tile:7_flip 3 9 0
Tile:6_flip 5 7 1
Tile:6_flip 6 5 0
Tile:4_flip 6 6 1
Destroy 6 6 0
Destroy 3 9 1
Tile:8 3 9 0
Tile:0 2 9 1
Tile:5 5 4 0
Tile:8 4 9 1
Tile:2 5 9 0
Map 12 7 1
Tile:7_flip 6 6 0
Tile:9 5 10 1
Tile:8 5 11 0
Tile:5_flip 5 12 1
Tile:6 1 9 0
Tile:1 4 12 1
Tile:7_flip 4 11 0
Tile:0 6 10 1
Tile:7_flip 5 8 0
Tile:6_flip 6 7 1
Tile:13 7 10 0
Map 12 5 1
Tile:0 3 12 0
Destroy 3 9 1
Map 12 3 0
Drop 6 0 1
Tile:12 6 11 0
Tile:8 7 9 1
Tile:9_flip 7 6 0
Malus 0 0 1
Bonus 0 0 0
Tile:10 7 11 1
Tile:10 4 10 0
Tile:10 7 12 1
Tile:9_flip 1 8 0
Tile:15 1 7 1
Map 12 3 0
Malus 0 0 1
Bonus 0 0 0
Map 12 3 1
Tile:9 7 13 0
Map 12 3 1
Tile:3 7 8 0
Drop 0 0 1
GAMEOVER DRAW
# Game ended: Sat Apr 04 02:09:08 EDT 2020
