# Server version 0.08 running on localhost:8123
# Game ID: 807
# Board class: Saboteur.SaboteurBoard
# Timeout: 2000000000
# First Move Timeout: 30000
# Date: Thu Apr 09 02:23:43 EDT 2020
# Player 1: Player-0, '260729805', running on localhost
# Player 2: Player-1, 'RandomPlayer', running on localhost
START Player-0 260729805
START Player-1 RandomPlayer
BoardInit:Tile:0,Tile:10,Tile:9,Malus,Tile:10,Tile:7,Tile:9,Tile:8,Tile:9,Destroy,Tile:9,Tile:6,Map,Tile:6,Tile:7,Tile:8,Tile:0,Tile:15,Bonus,Tile:11,Bonus,Tile:5,Tile:7,Tile:5,Tile:5,Tile:0,Destroy,Map,Tile:5,Tile:13,Tile:4,Tile:10,Tile:0,Map,Map,Tile:7,Tile:8,Tile:6,Bonus,Destroy,Tile:1-Tile:9,Tile:8,Tile:14,Map,Tile:3,Tile:12,Tile:6-Map,Tile:8,Bonus,Tile:7,Tile:6,Tile:2,Malus-Tile:hidden2,Tile:nugget,Tile:hidden1
Map 12 7 1
Map 12 3 0
Tile:3 6 5 1
Tile:7 5 4 0
Tile:9_flip 6 6 1
Tile:6 5 6 0
Drop 2 0 1
Tile:7_flip 6 7 0
Tile:8 4 5 1
Tile:8 7 7 0
Tile:9_flip 8 7 1
Tile:10 8 6 0
Tile:9 7 8 1
Tile:6_flip 8 5 0
Map 12 7 1
Tile:6 9 5 0
Tile:14_flip 7 5 1
Tile:8 9 4 0
Tile:0 3 5 1
Tile:8 10 4 0
Tile:9_flip 10 5 1
Destroy 7 5 0
Tile:9 10 3 1
Tile:5_flip 11 4 0
Tile:7_flip 4 6 1
Tile:5_flip 10 6 0
Tile:10 7 6 1
Tile:0 8 4 0
Tile:6 2 5 1
Map 12 5 0
Tile:5_flip 7 9 1
Tile:2 11 3 0
Tile:7_flip 6 9 1
Tile:10 9 3 0
Tile:5 10 2 1
Tile:15 9 2 0
Tile:4 9 1 1
Tile:7_flip 7 4 0
Destroy 10 2 1
Tile:6 8 8 0
Drop 6 0 1
Destroy 11 3 0
Tile:8 2 4 1
Tile:11_flip 11 3 0
Map 12 3 1
Tile:13 11 2 0
Tile:0 9 8 1
Drop 3 0 0
Tile:1 1 4 1
Drop 2 0 0
Tile:0 0 4 1
Drop 1 0 0
Drop 1 0 1
Drop 0 0 0
Drop 0 0 1
GAMEOVER DRAW
# Game ended: Thu Apr 09 02:23:45 EDT 2020
