# Server version 0.08 running on localhost:8123
# Game ID: 586
# Board class: Saboteur.SaboteurBoard
# Timeout: 2000000000
# First Move Timeout: 30000
# Date: Sun Apr 05 20:58:32 EDT 2020
# Player 1: Player-0, '260729805', running on localhost
# Player 2: Player-1, 'RandomPlayer', running on localhost
START Player-0 260729805
START Player-1 RandomPlayer
BoardInit:Tile:8,Tile:13,Tile:0,Tile:5,Tile:14,Bonus,Tile:5,Tile:7,Tile:7,Tile:3,Bonus,Map,Tile:10,Tile:8,Tile:6,Tile:8,Destroy,Map,Bonus,Tile:10,Map,Tile:7,Tile:10,Tile:12,Map,Malus,Tile:15,Malus,Tile:8,Bonus,Tile:9,Tile:0,Destroy,Tile:9,Map,Tile:5,Tile:0,Tile:6,Tile:7,Tile:6,Tile:0-Tile:1,Tile:9,Tile:8,Tile:11,Destroy,Tile:2,Map-Tile:6,Tile:9,Tile:9,Tile:4,Tile:7,Tile:6,Tile:5-Tile:hidden1,Tile:nugget,Tile:hidden2
Tile:2_flip 6 5 1
Tile:6 5 6 0
Tile:8 5 4 1
Tile:7 6 6 0
Tile:11 4 4 1
Tile:6_flip 6 4 0
Tile:0 7 5 1
Tile:5_flip 7 4 0
Tile:9 6 7 1
Tile:5 7 3 0
Tile:14_flip 4 6 1
Tile:7 8 3 0
Tile:7_flip 4 5 1
Map 12 3 0
Tile:10 4 7 1
Tile:9 8 4 0
Tile:6_flip 9 4 1
Tile:9_flip 10 4 0
Destroy 5 6 1
Map 12 5 0
Map 12 5 1
Tile:8 9 5 0
Drop 1 0 1
Tile:8 9 6 0
Tile:5 8 6 1
Tile:7 10 6 0
Tile:10 8 7 1
Tile:10 9 7 0
Drop 6 0 1
Tile:4_flip 9 8 0
Drop 3 0 1
Tile:3 7 7 0
Tile:9_flip 8 8 1
Tile:13 8 9 0
Destroy 7 3 1
Tile:9 7 3 0
Tile:8 8 10 1
Tile:5 7 2 0
Destroy 8 8 1
Tile:6 8 5 0
Drop 2 0 1
Tile:0 8 2 0
Tile:7_flip 4 8 1
Tile:6 9 2 0
Drop 4 0 1
Tile:12 10 2 0
Drop 1 0 1
Drop 3 0 0
Tile:1 5 8 1
Drop 2 0 0
Drop 1 0 1
Drop 1 0 0
Tile:0 9 10 1
Drop 0 0 0
Map 12 5 1
GAMEOVER DRAW
# Game ended: Sun Apr 05 20:58:33 EDT 2020
