# Server version 0.08 running on macbook-pro-5.local:8123
# Game ID: 975
# Board class: Saboteur.SaboteurBoard
# Timeout: 2000000000
# First Move Timeout: 30000
# Date: Sat Apr 11 02:37:49 EDT 2020
# Player 1: Player-0, '260729805', running on localhost
# Player 2: Player-1, 'RandomPlayer', running on localhost
START Player-0 260729805
START Player-1 RandomPlayer
BoardInit:Tile:7,Tile:4,Tile:10,Tile:8,Tile:0,Tile:9,Tile:7,Tile:5,Tile:5,Bonus,Tile:8,Map,Map,Map,Bonus,Tile:3,Tile:0,Tile:8,Tile:8,Tile:9,Tile:7,Malus,Tile:0,Bonus,Tile:7,Tile:15,Map,Tile:11,Tile:7,Tile:5,Tile:8,Tile:12,Tile:1,Tile:6,Tile:6,Tile:5,Destroy,Malus,Tile:10,Tile:14,Tile:2-Tile:10,Destroy,Tile:6,Map,Map,Tile:9,Tile:0-Tile:9,Bonus,Tile:13,Destroy,Tile:9,Tile:6,Tile:6-Tile:nugget,Tile:hidden2,Tile:hidden1
Tile:10 5 6 1
Destroy 5 6 0
Tile:9_flip 6 5 1
Tile:6 6 6 0
Tile:6 5 6 1
Tile:6 7 6 0
Tile:10 5 4 1
Tile:9_flip 8 6 0
Destroy 6 5 1
Tile:5 8 5 0
Tile:0 4 5 1
Tile:9_flip 9 5 0
Map 12 7 1
Tile:8 9 4 0
Tile:7 6 5 1
Tile:9_flip 10 4 0
Tile:7_flip 10 5 1
Tile:4_flip 9 6 0
Tile:5_flip 11 5 1
Tile:8 9 3 0
Tile:0 4 6 1
Tile:9 9 2 0
Tile:8 3 6 1
Malus 0 0 0
Drop 2 0 1
Tile:13 10 3 0
Drop 0 0 1
Tile:15 11 4 0
Drop 5 0 1
Tile:3 11 3 0
Map 12 7 1
Tile:5 8 3 0
Map 12 3 1
Tile:12_flip 2 6 0
Drop 3 0 1
Tile:6_flip 10 2 0
Drop 3 0 1
Tile:5_flip 11 2 0
Destroy 5 4 1
Malus 0 0 0
Drop 2 0 1
Tile:11 11 1 0
Drop 0 0 1
Tile:14 12 1 0
Drop 4 0 1
Drop 4 0 0
Drop 2 0 1
Drop 3 0 0
Drop 0 0 1
Drop 2 0 0
Drop 0 0 1
Drop 1 0 0
Drop 1 0 1
Drop 0 0 0
Drop 0 0 1
GAMEOVER DRAW
# Game ended: Sat Apr 11 02:37:50 EDT 2020
