# Server version 0.08 running on localhost:8123
# Game ID: 16
# Board class: Saboteur.SaboteurBoard
# Timeout: 20000
# First Move Timeout: 30000
# Date: Tue Mar 24 19:48:07 EDT 2020
# Player 1: Player-0, '260729805', running on localhost
# Player 2: Player-1, 'RandomPlayer', running on localhost
START Player-0 260729805
START Player-1 RandomPlayer
BoardInit:Tile:5,Tile:5,Tile:6,Tile:8,Tile:1,Bonus,Tile:0,Tile:10,Tile:12,Bonus,Tile:9,Tile:14,Tile:11,Tile:9,Destroy,Tile:7,Tile:7,Tile:6,Malus,Tile:0,Tile:9,Tile:0,Destroy,Map,Tile:10,Tile:3,Bonus,Tile:2,Map,Map,Map,Tile:5,Tile:6,Tile:0,Tile:8,Tile:9,Tile:8,Map,Malus,Map,Tile:8-Tile:9,Tile:7,Tile:7,Tile:13,Tile:7,Tile:6,Tile:6-Tile:10,Tile:15,Bonus,Destroy,Tile:8,Tile:5,Tile:4-Tile:hidden2,Tile:hidden1,Tile:nugget
Tile:9_flip 5 6 1
Destroy 5 6 0
Tile:6_flip 4 5 1
Tile:4_flip 4 6 0
Tile:7_flip 3 5 1
Tile:10 5 4 0
Tile:5 5 3 1
Drop 2 0 0
Tile:7_flip 5 6 1
Tile:5_flip 6 6 0
Tile:7 3 4 1
Drop 3 0 0
Drop 6 0 1
Drop 6 0 0
Tile:6_flip 6 3 1
Drop 3 0 0
Drop 1 0 1
Tile:7 6 5 0
Destroy 5 6 1
Tile:9 5 6 0
Drop 4 0 1
Tile:15 5 7 0
Tile:12 7 3 1
Tile:0 2 4 0
Destroy 5 6 1
Drop 4 0 0
Tile:9_flip 5 8 1
Tile:5_flip 5 9 0
Tile:1 1 4 1
Tile:2 0 4 0
Tile:7_flip 4 8 1
Tile:3 4 7 0
Tile:13 0 5 1
Tile:0 3 7 0
Tile:6_flip 1 5 1
Tile:10 1 6 0
Malus 0 0 1
Map 12 3 0
Map 12 5 1
Map 12 5 0
Tile:8 1 7 1
Drop 1 0 0
Tile:8 2 7 1
Drop 5 0 0
Drop 4 0 1
Drop 0 0 0
Tile:0 4 9 1
Drop 3 0 0
Drop 1 0 1
Drop 2 0 0
Map 12 5 1
Drop 0 0 0
Tile:10 1 8 1
Drop 0 0 0
Tile:8 1 9 1
GAMEOVER DRAW
# Game ended: Tue Mar 24 19:48:07 EDT 2020
