# Server version 0.08 running on localhost:8123
# Game ID: 909
# Board class: Saboteur.SaboteurBoard
# Timeout: 2000000000
# First Move Timeout: 30000
# Date: Sat Apr 11 01:45:56 EDT 2020
# Player 1: Player-0, '260729805', running on localhost
# Player 2: Player-1, 'RandomPlayer', running on localhost
START Player-0 260729805
START Player-1 RandomPlayer
BoardInit:Map,Tile:14,Tile:8,Map,Tile:5,Bonus,Tile:10,Malus,Tile:5,Tile:15,Tile:9,Bonus,Tile:6,Map,Map,Map,Tile:8,Map,Tile:8,Bonus,Tile:9,Map,Tile:2,Tile:6,Map,Map,Map,Tile:13,Tile:14,Tile:14,Bonus,Tile:6,Tile:14,Tile:6,Tile:9,Malus,Tile:1,Tile:14,Tile:14,Map,Tile:9,Tile:0,Map,Tile:14,Malus,Tile:14,Tile:5,Tile:4,Map,Tile:14,Tile:8,Tile:8,Tile:5,Tile:14,Tile:8,Tile:11,Map,Bonus,Map,Tile:0,Tile:7,Tile:14,Destroy,Tile:7,Map,Tile:14,Tile:7,Tile:7,Tile:14,Tile:14,Map,Tile:0,Tile:12,Tile:10,Bonus,Tile:14,Destroy,Tile:7,Tile:3,Tile:14,Malus,Tile:14,Tile:14,Map,Map,Tile:14,Tile:8,Tile:14,Tile:14,Tile:8-Map,Tile:9,Tile:8,Map,Bonus,Destroy,Tile:8-Destroy,Tile:6,Tile:10,Tile:0,Map,Malus,Map-Tile:hidden2,Tile:hidden1,Tile:nugget
Tile:9_flip 5 6 1
Malus 0 0 0
Map 12 3 1
Destroy 5 6 0
Drop 4 0 1
Drop 5 0 0
Map 12 5 1
Tile:6 6 5 0
Drop 6 0 1
Malus 0 0 0
Bonus 0 0 1
Drop 6 0 0
Drop 6 0 1
Tile:0 7 5 0
Map 12 7 1
Drop 6 0 0
Drop 3 0 1
Drop 6 0 0
Drop 5 0 1
Drop 6 0 0
Drop 4 0 1
Tile:10 6 4 0
Destroy 7 5 1
Drop 6 0 0
Drop 2 0 1
Tile:6 7 5 0
Drop 3 0 1
Drop 6 0 0
Drop 5 0 1
Tile:13 8 5 0
Map 12 3 1
Tile:14 9 5 0
Drop 4 0 1
Tile:6_flip 6 3 0
Drop 0 0 1
Tile:6 7 3 0
Drop 4 0 1
Malus 0 0 0
Drop 6 0 1
Tile:14_flip 9 4 0
Drop 2 0 1
Drop 6 0 0
Drop 0 0 1
Tile:0 8 3 0
Drop 5 0 1
Tile:14 10 4 0
Malus 0 0 1
Bonus 0 0 0
Drop 5 0 1
Tile:4 7 4 0
Map 12 7 1
Tile:14_flip 10 3 0
Drop 6 0 1
Tile:14 11 3 0
Drop 6 0 1
Tile:14_flip 11 2 0
Drop 3 0 1
Tile:11_flip 12 2 0
Drop 4 0 1
Tile:8 7 2 0
Drop 1 0 1
Tile:0 8 2 0
Map 12 7 1
Tile:14 9 3 0
Drop 5 0 1
Tile:7 9 2 0
Destroy 11 3 1
Tile:14 11 3 0
Map 12 3 1
Tile:7 7 1 0
Drop 1 0 1
Tile:14_flip 12 1 0
Map 12 3 1
Tile:0 6 2 0
Map 12 3 1
Tile:10 5 4 0
Drop 6 0 1
Tile:14 13 1 0
Destroy 9 4 1
Tile:7_flip 5 6 0
Drop 1 0 1
Tile:14_flip 9 4 0
Drop 6 0 1
Tile:14 8 6 0
Drop 4 0 1
Drop 6 0 0
Map 12 5 1
Tile:14_flip 13 0 0
Drop 1 0 1
Tile:14_flip 7 6 0
Drop 6 0 1
Tile:8 5 3 0
Drop 2 0 1
Drop 5 0 0
Drop 1 0 1
Drop 4 0 0
Drop 1 0 1
Drop 3 0 0
Drop 1 0 1
Drop 2 0 0
Drop 1 0 1
Drop 1 0 0
Drop 0 0 1
Drop 0 0 0
GAMEOVER DRAW
# Game ended: Sat Apr 11 01:45:56 EDT 2020
