# Server version 0.08 running on localhost:8123
# Game ID: 964
# Board class: Saboteur.SaboteurBoard
# Timeout: 2000000000
# First Move Timeout: 30000
# Date: Sat Apr 11 02:29:45 EDT 2020
# Player 1: Player-0, '260729805', running on localhost
# Player 2: Player-1, 'RandomPlayer', running on localhost
START Player-0 260729805
START Player-1 RandomPlayer
BoardInit:Malus,Tile:2,Tile:0,Tile:8,Tile:10,Tile:13,Tile:8,Bonus,Tile:1,Tile:5,Tile:12,Tile:0,Tile:9,Tile:6,Tile:3,Tile:7,Tile:15,Tile:7,Map,Map,Tile:14,Tile:0,Tile:9,Map,Tile:11,Tile:5,Tile:4,Tile:6,Tile:6,Bonus,Destroy,Tile:9,Tile:7,Tile:9,Tile:8,Tile:5,Tile:7,Tile:9,Tile:6,Tile:6,Tile:8-Bonus,Tile:10,Bonus,Malus,Map,Tile:8,Tile:5-Tile:10,Map,Map,Tile:7,Tile:0,Destroy,Destroy-Tile:nugget,Tile:hidden1,Tile:hidden2
Tile:5 5 4 1
Map 12 3 0
Malus 0 0 1
Drop 6 0 0
Drop 3 0 1
Drop 6 0 0
Drop 2 0 1
Drop 6 0 0
Tile:0 4 5 1
Bonus 0 0 0
Drop 4 0 1
Destroy 4 5 0
Tile:8 6 4 1
Destroy 6 4 0
Tile:9_flip 6 5 1
Tile:7 6 4 0
Tile:3_flip 5 6 1
Tile:5_flip 6 6 0
Tile:12_flip 4 5 1
Drop 6 0 0
Drop 6 0 1
Drop 6 0 0
Drop 3 0 1
Drop 6 0 0
Drop 5 0 1
Drop 6 0 0
Drop 0 0 1
Drop 6 0 0
Drop 6 0 1
Drop 6 0 0
Drop 1 0 1
Drop 6 0 0
Destroy 5 6 1
Tile:9 5 6 0
Tile:6 5 7 1
Tile:0 6 7 0
Tile:1 4 7 1
Tile:9_flip 7 7 0
Tile:10 7 8 1
Tile:10 7 6 0
Tile:15 7 5 1
Tile:9 7 9 0
Tile:9 7 4 1
Tile:0 8 9 0
Tile:7 7 3 1
Tile:6 9 9 0
Tile:11_flip 7 10 1
Tile:7 9 8 0
Tile:6_flip 8 4 1
Tile:5_flip 10 9 0
Tile:7_flip 8 5 1
Tile:6 9 4 0
Tile:8 9 3 1
Drop 0 0 0
Drop 0 0 1
GAMEOVER DRAW
# Game ended: Sat Apr 11 02:29:45 EDT 2020
