# Server version 0.08 running on localhost:8123
# Game ID: 330
# Board class: Saboteur.SaboteurBoard
# Timeout: 2000000000
# First Move Timeout: 30000
# Date: Fri Apr 03 23:24:47 EDT 2020
# Player 1: Player-0, '260729805', running on localhost
# Player 2: Player-1, 'Human', running on localhost
START Player-0 260729805
START Player-1 Human
BoardInit:Tile:0,Tile:2,Map,Tile:7,Tile:6,Tile:9,Tile:0,Tile:6,Tile:3,Map,Tile:5,Tile:8,Tile:1,Tile:6,Tile:9,Tile:9,Destroy,Tile:11,Map,Tile:6,Bonus,Tile:5,Destroy,Tile:15,Destroy,Tile:9,Malus,Tile:12,Tile:0,Map,Tile:5,Map,Map,Tile:5,Malus,Tile:7,Tile:10,Tile:10,Tile:0,Bonus,Tile:7-Tile:14,Tile:9,Tile:8,Tile:8,Tile:10,Bonus,Bonus-Tile:8,Tile:13,Tile:8,Tile:6,Tile:4,Tile:7,Tile:7-Tile:nugget,Tile:hidden2,Tile:hidden1
Tile:8 6 5 1
Tile:7 7 5 0
Tile:8 7 6 1
Tile:7 8 6 0
Tile:9 8 7 1
Tile:7 9 7 0
Tile:6 9 8 1
Tile:6 10 8 0
Drop 0 0 1
Tile:6 8 8 0
Map 12 7 1
Map 12 3 0
Tile:0 11 8 1
Tile:8 12 8 0
Tile:5 12 6 1
Tile:6 11 7 0
Tile:10 11 6 1
Tile:8 11 5 0
Tile:9 12 4 1
GAMEOVER WINNER 1
# Game ended: Fri Apr 03 23:25:51 EDT 2020
