# Server version 0.08 running on localhost:8123
# Game ID: 553
# Board class: Saboteur.SaboteurBoard
# Timeout: 2000000000
# First Move Timeout: 30000
# Date: Sun Apr 05 20:05:56 EDT 2020
# Player 1: Player-0, '260729805', running on localhost
# Player 2: Player-1, 'RandomPlayer', running on localhost
START Player-0 260729805
START Player-1 RandomPlayer
BoardInit:Tile:0,Tile:6,Bonus,Map,Tile:6,Bonus,Tile:7,Tile:2,Tile:0,Tile:13,Tile:4,Tile:6,Tile:8,Tile:8,Tile:7,Destroy,Tile:10,Tile:5,Tile:9,Tile:15,Map,Tile:10,Tile:5,Malus,Tile:3,Destroy,Tile:0,Tile:8,Destroy,Tile:1,Bonus,Tile:6,Tile:14,Tile:9,Tile:9,Tile:7,Tile:11,Tile:12,Map,Map,Tile:5-Bonus,Tile:8,Map,Tile:7,Tile:10,Map,Tile:9-Malus,Tile:9,Tile:0,Tile:6,Tile:5,Tile:7,Tile:8-Tile:nugget,Tile:hidden1,Tile:hidden2
Tile:8 5 6 1
Tile:0 6 5 0
Tile:9 4 6 1
Tile:6 7 5 0
Map 12 7 1
Map 12 3 0
Drop 2 0 1
Tile:5_flip 8 5 0
Tile:7 6 6 1
Tile:6_flip 8 4 0
Drop 4 0 1
Tile:7_flip 6 7 0
Drop 6 0 1
Tile:6 9 4 0
Map 12 3 1
Tile:2 10 4 0
Drop 0 0 1
Destroy 10 4 0
Drop 3 0 1
Tile:5_flip 10 4 0
Tile:9 7 4 1
Tile:9 9 3 0
Tile:7 10 3 1
Tile:8 9 2 0
Drop 2 0 1
Tile:8 9 1 0
Tile:5_flip 7 7 1
Tile:10 9 0 0
Tile:0 10 2 1
Tile:8 8 2 0
Tile:7 5 4 1
