# Server version 0.08 running on 192.168.1.5:8123
# Game ID: 219
# Board class: Saboteur.SaboteurBoard
# Timeout: 2000000000
# First Move Timeout: 30000
# Date: Wed Apr 01 16:27:21 EDT 2020
# Player 1: Player-0, '260729805', running on 192.168.1.5
# Player 2: Player-1, 'RandomPlayer', running on 192.168.1.5
START Player-0 260729805
START Player-1 RandomPlayer
BoardInit:Tile:9,Tile:7,Tile:15,Bonus,Tile:6,Tile:7,Tile:5,Malus,Tile:7,Tile:8,Map,Tile:8,Bonus,Tile:0,Tile:6,Map,Tile:7,Tile:5,Tile:4,Tile:11,Tile:8,Tile:5,Tile:14,Tile:12,Tile:7,Tile:0,Tile:6,Tile:9,Tile:9,Bonus,Tile:6,Tile:10,Tile:8,Tile:10,Tile:10,Map,Tile:8,Tile:9,Destroy,Tile:0,Bonus-Tile:0,Map,Destroy,Tile:1,Destroy,Map,Tile:13-Map,Tile:9,Tile:3,Tile:2,Tile:5,Malus,Tile:6-Tile:hidden1,Tile:hidden2,Tile:nugget
Tile:13 5 4 1
Map 12 5 0
Tile:9 4 4 1
Tile:6 6 5 0
Map 12 3 1
Tile:9_flip 7 5 0
Tile:6 4 5 1
Tile:5 7 4 0
Destroy 4 5 1
Tile:7 8 4 0
Tile:15 8 5 1
Tile:7_flip 7 6 0
Tile:7 5 3 1
Tile:8 8 6 0
Map 12 7 1
Tile:8 9 6 0
Tile:6_flip 10 6 1
Tile:0 11 6 0
Drop 1 0 1
Tile:5_flip 12 6 0
Tile:0 11 5 1
Tile:11 4 3 0
Tile:7 13 5 1
Tile:3_flip 10 5 0
Tile:14 9 7 1
Tile:5 12 4 0
Destroy 7 5 1
Map 12 3 0
Drop 2 0 1
Tile:9 13 6 0
Tile:7_flip 5 6 1
Tile:12 6 6 0
Drop 4 0 1
Tile:10 13 7 0
Tile:4_flip 10 7 1
Tile:2_flip 13 8 0
Tile:8 10 4 1
Tile:0 12 8 0
Tile:8 10 3 1
Tile:9 11 8 0
Tile:5_flip 11 4 1
Tile:10 11 9 0
Destroy 8 4 1
Tile:0 13 4 0
Tile:6 4 5 1
Drop 4 0 0
Tile:9_flip 7 5 1
Drop 3 0 0
Tile:8 8 7 1
Drop 2 0 0
Tile:10 10 2 1
Drop 1 0 0
Drop 0 0 1
Drop 0 0 0
Drop 0 0 1
GAMEOVER DRAW
# Game ended: Wed Apr 01 16:28:51 EDT 2020
