# Server version 0.08 running on macbook-pro-5.local:8123
# Game ID: 857
# Board class: Saboteur.SaboteurBoard
# Timeout: 2000000000
# First Move Timeout: 30000
# Date: Fri Apr 10 23:20:31 EDT 2020
# Player 1: Player-0, '260729805', running on macbook-pro-5.local
# Player 2: Player-1, 'Human', running on macbook-pro-5.local
START Player-0 260729805
START Player-1 Human
BoardInit:Tile:8,Tile:6,Tile:8,Destroy,Tile:10,Map,Bonus,Tile:8,Malus,Tile:8,Tile:7,Malus,Tile:6,Malus,Tile:6,Tile:4,Bonus,Tile:5,Tile:8,Tile:8,Map,Tile:8,Tile:8,Tile:14,Map,Tile:1,Tile:8,Tile:5,Malus,Malus,Destroy,Bonus,Tile:7,Tile:11,Tile:0,Tile:8,Tile:12,Tile:9,Malus,Map,Malus,Tile:7,Tile:8,Tile:7,Map,Malus,Bonus,Tile:9,Tile:0,Tile:5,Tile:8,Malus,Malus,Tile:8,Tile:8,Tile:9,Tile:7,Tile:0,Tile:8,Tile:0,Tile:10,Tile:10,Malus,Tile:8,Tile:6,Map,Tile:3,Destroy-Tile:8,Tile:2,Tile:15,Tile:9,Tile:5,Tile:8,Tile:6-Tile:8,Tile:8,Tile:8,Tile:9,Malus,Malus,Tile:13-Tile:hidden1,Tile:nugget,Tile:hidden2
Tile:8 6 5 1
Tile:8 7 5 0
Tile:8 8 5 1
Tile:6 9 5 0
Drop 3 0 1
Malus 0 0 0
Drop 6 0 1
Malus 0 0 0
Drop 3 0 1
Map 12 3 0
Drop 5 0 1
Tile:8 9 4 0
Drop 6 0 1
Malus 0 0 0
Drop 5 0 1
Malus 0 0 0
Drop 1 0 1
Tile:8 10 4 0
Drop 6 0 1
Tile:5 9 3 0
Drop 0 0 1
Tile:9 8 4 0
Drop 5 0 1
