# Server version 0.08 running on localhost:8123
# Game ID: 441
# Board class: Saboteur.SaboteurBoard
# Timeout: 2000000000
# First Move Timeout: 30000
# Date: Sun Apr 05 13:17:18 EDT 2020
# Player 1: Player-0, '260729805', running on localhost
# Player 2: Player-1, 'Human', running on localhost
START Player-0 260729805
START Player-1 Human
BoardInit:Tile:10,Tile:9,Map,Destroy,Tile:15,Tile:6,Map,Tile:5,Tile:7,Malus,Tile:7,Tile:9,Bonus,Tile:0,Tile:0,Map,Malus,Tile:12,Tile:0,Tile:9,Tile:13,Map,Tile:7,Tile:2,Tile:4,Tile:6,Tile:8,Tile:5,Tile:14,Tile:5,Tile:6,Tile:11,Tile:7,Tile:8,Tile:6,Bonus,Destroy,Tile:9,Tile:9,Tile:8,Tile:0-Destroy,Tile:5,Tile:10,Bonus,Tile:3,Tile:10,Map-Bonus,Tile:6,Tile:8,Tile:7,Map,Tile:8,Tile:1-Tile:nugget,Tile:hidden2,Tile:hidden1
Map 12 7 1
Map 12 3 0
Drop 4 0 1
Tile:6 6 5 0
Map 12 5 1
Tile:7 7 5 0
Tile:10 7 6 1
Tile:6_flip 6 4 0
Tile:10 7 7 1
Tile:5_flip 7 4 0
Tile:5 7 3 1
Tile:1 8 3 0
Drop 2 0 1
Destroy 8 3 0
Drop 2 0 1
Tile:0 8 3 0
Tile:0 9 3 1
Map 12 3 0
Drop 1 0 1
Tile:12_flip 4 5 0
