# Server version 0.08 running on localhost:8123
# Game ID: 10
# Board class: Saboteur.SaboteurBoard
# Timeout: 20000
# First Move Timeout: 30000
# Date: Tue Mar 24 18:45:52 EDT 2020
# Player 1: Player-0, '260729805', running on localhost
# Player 2: Player-1, 'RandomPlayer', running on localhost
START Player-0 260729805
START Player-1 RandomPlayer
BoardInit:Tile:13,Tile:8,Map,Tile:6,Tile:5,Tile:0,Tile:3,Tile:5,Destroy,Tile:6,Tile:11,Tile:9,Tile:4,Tile:9,Map,Tile:7,Destroy,Tile:8,Tile:0,Map,Tile:9,Tile:0,Tile:5,Tile:14,Bonus,Tile:7,Tile:5,Malus,Tile:10,Tile:9,Tile:6,Tile:7,Bonus,Tile:6,Tile:7,Malus,Bonus,Bonus,Tile:8,Map,Tile:7-Map,Tile:1,Destroy,Map,Tile:10,Tile:9,Tile:6-Tile:8,Tile:12,Tile:0,Tile:10,Tile:2,Tile:15,Tile:8-Tile:hidden2,Tile:nugget,Tile:hidden1
Map 12 5 1
Tile:8 5 6 0
Tile:13 6 5 1
Tile:0 4 6 0
Map 12 5 1
Tile:2 3 6 0
Tile:5_flip 5 7 1
Tile:6_flip 2 6 0
Destroy 6 5 1
Tile:8 3 7 0
Tile:10 5 4 1
Drop 1 0 0
Tile:1 1 6 1
Tile:0 4 7 0
Tile:4_flip 3 8 1
Tile:6 0 6 0
Destroy 4 7 1
Tile:15 5 3 0
Destroy 4 6 1
Tile:7 6 6 0
Tile:9_flip 0 5 1
Tile:9_flip 0 4 0
Tile:0 4 6 1
Tile:8 2 7 0
Map 12 3 1
Tile:9 0 3 0
Tile:6_flip 4 7 1
Tile:8 0 2 0
Drop 0 0 1
Tile:12 1 3 0
Tile:9_flip 5 2 1
Tile:14 2 8 0
Tile:5_flip 1 2 1
Tile:7_flip 4 5 0
Drop 5 0 1
Tile:9 6 7 0
Tile:5_flip 6 5 1
Tile:0 4 2 0
Tile:10 4 4 1
Tile:6_flip 0 1 0
Tile:11_flip 1 1 1
Tile:7 4 3 0
Tile:7_flip 4 8 1
Tile:5 6 4 0
Tile:8 1 8 1
Map 12 3 0
Tile:7_flip 3 3 1
Map 12 7 0
Map 12 7 1
Drop 1 0 0
Drop 0 0 1
Malus 0 0 0
Drop 0 0 1
Drop 0 0 0
Bonus 0 0 1
GAMEOVER DRAW
# Game ended: Tue Mar 24 18:45:52 EDT 2020
