# Server version 0.08 running on localhost:8123
# Game ID: 821
# Board class: Saboteur.SaboteurBoard
# Timeout: 2000000000
# First Move Timeout: 30000
# Date: Thu Apr 09 02:34:43 EDT 2020
# Player 1: Player-0, '260729805', running on localhost
# Player 2: Player-1, 'RandomPlayer', running on localhost
START Player-0 260729805
START Player-1 RandomPlayer
BoardInit:Destroy,Tile:2,Tile:7,Tile:9,Tile:9,Tile:0,Bonus,Bonus,Destroy,Tile:8,Tile:8,Tile:6,Tile:8,Tile:5,Tile:5,Tile:6,Bonus,Tile:8,Map,Tile:12,Tile:9,Map,Tile:7,Tile:11,Tile:9,Tile:6,Tile:6,Tile:4,Map,Tile:7,Tile:1,Tile:9,Map,Tile:5,Tile:0,Tile:10,Tile:7,Map,Tile:8,Tile:13,Tile:10-Tile:0,Destroy,Bonus,Tile:6,Malus,Malus,Tile:10-Map,Tile:7,Tile:14,Tile:15,Tile:3,Tile:5,Tile:0-Tile:nugget,Tile:hidden1,Tile:hidden2
Tile:6_flip 4 5 1
Map 12 3 0
Tile:10 4 6 1
Tile:7 6 5 0
Tile:7_flip 5 6 1
Tile:5_flip 6 6 0
Drop 3 0 1
Tile:9 5 4 0
Destroy 6 6 1
Tile:0 6 4 0
Drop 1 0 1
Tile:0 7 4 0
Tile:9_flip 4 7 1
Tile:6 8 4 0
Tile:8 3 5 1
Tile:5_flip 9 4 0
Tile:8 8 3 1
Tile:6_flip 9 3 0
Destroy 6 5 1
Tile:8 8 2 0
Tile:5 7 2 1
Tile:8 8 1 0
Drop 1 0 1
Tile:12 10 3 0
Tile:0 6 5 1
Tile:14 9 2 0
Drop 3 0 1
Tile:6_flip 9 1 0
Destroy 9 3 1
Tile:4 8 0 0
Tile:9 5 3 1
Tile:7 10 1 0
Tile:9_flip 5 2 1
Tile:9 5 1 0
Drop 3 0 1
Tile:5_flip 6 3 0
Map 12 3 1
Tile:10 6 2 0
Tile:0 7 1 1
Tile:3_flip 10 2 0
Tile:7 6 6 1
Tile:2 11 2 0
Drop 0 0 1
Tile:15 11 3 0
Tile:8 3 4 1
Tile:11_flip 12 2 0
Tile:7 7 5 1
Tile:13 11 4 0
Tile:10 4 8 1
Drop 2 0 0
Tile:1 2 4 1
Drop 1 0 0
Map 12 3 1
Drop 0 0 0
Drop 0 0 1
GAMEOVER DRAW
# Game ended: Thu Apr 09 02:34:49 EDT 2020
