# Server version 0.08 running on localhost:8123
# Game ID: 925
# Board class: Saboteur.SaboteurBoard
# Timeout: 2000000000
# First Move Timeout: 30000
# Date: Sat Apr 11 02:01:58 EDT 2020
# Player 1: Player-0, '260729805', running on localhost
# Player 2: Player-1, 'RandomPlayer', running on localhost
START Player-0 260729805
START Player-1 RandomPlayer
BoardInit:Tile:6,Bonus,Map,Tile:7,Tile:8,Tile:3,Tile:8,Malus,Tile:10,Map,Tile:9,Tile:14,Tile:7,Map,Tile:6,Map,Tile:0,Tile:4,Tile:1,Tile:13,Bonus,Tile:15,Tile:8,Map,Tile:9,Tile:5,Destroy,Bonus,Destroy,Tile:9,Malus,Bonus,Tile:6,Tile:2,Tile:8,Tile:7,Tile:5,Tile:12,Tile:5,Tile:10,Tile:6-Tile:8,Tile:0,Tile:5,Tile:9,Map,Tile:7,Tile:6-Tile:7,Destroy,Tile:0,Tile:0,Tile:9,Tile:11,Tile:10-Tile:nugget,Tile:hidden2,Tile:hidden1
Map 12 3 1
Tile:7 6 5 0
Tile:9 5 6 1
Destroy 5 6 0
Tile:8 4 5 1
Tile:7_flip 6 6 0
Tile:6_flip 3 5 1
Tile:0 7 6 0
Tile:6 8 6 1
Malus 0 0 0
Drop 1 0 1
Tile:0 9 6 0
Drop 4 0 1
Tile:11_flip 10 6 0
Map 12 7 1
Tile:3 10 5 0
Drop 5 0 1
Tile:14 10 7 0
Drop 3 0 1
Tile:4 8 5 0
Drop 2 0 1
Drop 6 0 0
Drop 3 0 1
Drop 6 0 0
Drop 5 0 1
Drop 6 0 0
Drop 0 0 1
Tile:9 5 4 0
Destroy 4 5 1
Tile:10 5 6 0
Drop 0 0 1
Tile:9 5 3 0
Drop 6 0 1
Tile:5_flip 6 4 0
Destroy 5 6 1
Tile:2 9 7 0
Drop 3 0 1
Tile:7 6 3 0
Drop 6 0 1
Tile:12_flip 9 5 0
Drop 2 0 1
Tile:10 5 6 0
Drop 0 0 1
Drop 5 0 0
Drop 4 0 1
Drop 4 0 0
Drop 2 0 1
Drop 3 0 0
Drop 0 0 1
Drop 2 0 0
Drop 0 0 1
Drop 1 0 0
Drop 1 0 1
Drop 0 0 0
Drop 0 0 1
GAMEOVER DRAW
# Game ended: Sat Apr 11 02:01:59 EDT 2020
