# Server version 0.08 running on macbook-pro-5.local:8123
# Game ID: 724
# Board class: Saboteur.SaboteurBoard
# Timeout: 2000000000
# First Move Timeout: 30000
# Date: Thu Apr 09 01:33:03 EDT 2020
# Player 1: Player-0, '260729805', running on macbook-pro-5.local
# Player 2: Player-1, 'RandomPlayer', running on macbook-pro-5.local
START Player-0 260729805
START Player-1 RandomPlayer
BoardInit:Bonus,Tile:10,Bonus,Tile:14,Tile:7,Malus,Tile:0,Tile:0,Malus,Tile:10,Tile:0,Destroy,Tile:12,Tile:3,Tile:13,Tile:8,Tile:9,Tile:7,Map,Tile:5,Tile:2,Tile:9,Map,Tile:6,Tile:1,Tile:6,Tile:6,Tile:8,Bonus,Tile:7,Tile:7,Tile:8,Tile:8,Tile:10,Tile:4,Bonus,Tile:9,Tile:9,Map,Destroy,Tile:7-Tile:9,Destroy,Tile:5,Tile:6,Map,Tile:5,Tile:8-Tile:6,Tile:0,Tile:5,Tile:11,Map,Map,Tile:15-Tile:hidden1,Tile:nugget,Tile:hidden2
Tile:5_flip 6 5 1
Tile:6_flip 6 4 0
Map 12 3 1
Tile:0 7 4 0
Tile:9 4 5 1
Tile:5_flip 8 4 0
Drop 2 0 1
Tile:10 8 3 0
Tile:7_flip 5 6 1
Tile:0 6 6 0
Destroy 6 6 1
Tile:10 8 2 0
Drop 6 0 1
Drop 4 0 0
Tile:6_flip 6 6 1
Tile:11_flip 7 6 0
Tile:13 8 1 1
Tile:8 6 7 0
Tile:8 9 1 1
Destroy 7 6 0
Tile:9 6 8 1
Tile:15 4 6 0
Tile:2_flip 7 8 1
Tile:3 4 4 0
Tile:12 8 8 1
Drop 6 0 0
Malus 0 0 1
Drop 6 0 0
Tile:6_flip 7 6 1
Drop 6 0 0
Tile:0 3 4 1
Drop 6 0 0
Map 12 3 1
Drop 6 0 0
Tile:8 7 7 1
Drop 6 0 0
Tile:7_flip 6 9 1
Bonus 0 0 0
Tile:1 8 7 1
Drop 6 0 0
Tile:4_flip 9 2 1
Destroy 6 5 0
Tile:9 5 4 1
Drop 5 0 0
Drop 4 0 1
Drop 4 0 0
Tile:7 7 9 1
Drop 3 0 0
Map 12 7 1
Drop 2 0 0
Drop 0 0 1
Drop 1 0 0
Drop 1 0 1
Drop 0 0 0
Drop 0 0 1
GAMEOVER DRAW
# Game ended: Thu Apr 09 01:33:04 EDT 2020
