# Server version 0.08 running on macbook-pro-5.local:8123
# Game ID: 601
# Board class: Saboteur.SaboteurBoard
# Timeout: 2000000000
# First Move Timeout: 30000
# Date: Wed Apr 08 23:05:57 EDT 2020
# Player 1: Player-0, '260729805', running on macbook-pro-5.local
# Player 2: Player-1, 'RandomPlayer', running on macbook-pro-5.local
START Player-0 260729805
START Player-1 RandomPlayer
BoardInit:Tile:8,Tile:6,Map,Tile:8,Tile:12,Tile:14,Tile:8,Bonus,Tile:9,Destroy,Destroy,Tile:8,Map,Tile:8,Tile:8,Map,Tile:9,Tile:8,Tile:7,Destroy,Malus,Tile:6,Tile:11,Tile:6,Tile:8,Tile:3,Tile:10,Tile:5,Tile:5,Tile:0,Tile:10,Tile:8,Destroy,Tile:13,Bonus,Tile:4,Tile:2,Tile:6,Tile:5,Destroy,Tile:8,Tile:1,Destroy,Tile:8,Tile:8,Tile:9,Bonus,Map,Destroy,Map,Map,Tile:0,Tile:5,Tile:8,Destroy,Tile:8,Tile:8,Tile:8,Tile:8,Tile:9,Tile:7,Bonus,Tile:0,Tile:8,Tile:8-Destroy,Tile:9,Tile:8,Tile:8,Malus,Tile:0,Tile:10-Tile:7,Destroy,Destroy,Tile:7,Tile:7,Tile:15,Tile:6-Tile:hidden2,Tile:hidden1,Tile:nugget
Tile:9 4 5 1
Tile:7 6 5 0
Destroy 4 5 1
Tile:7_flip 6 6 0
Map 12 3 1
Tile:7 7 6 0
Drop 6 0 1
Tile:6 7 7 0
Drop 0 0 1
Tile:6 8 7 0
Drop 1 0 1
Tile:8 9 7 0
Tile:8 4 5 1
Tile:8 9 6 0
Destroy 9 6 1
Tile:8 9 6 0
Tile:8 9 5 1
Map 12 3 0
Tile:10 5 6 1
Tile:8 10 6 0
Tile:8 10 7 1
Tile:14 11 7 0
Map 12 3 1
Tile:6_flip 9 4 0
Tile:9_flip 4 6 1
Tile:6 10 4 0
Tile:8 10 3 1
Destroy 11 7 0
Tile:7 11 6 1
Tile:5_flip 11 3 0
Tile:11 4 7 1
Tile:0 9 3 0
Tile:8 11 7 1
GAMEOVER WINNER 1
# Game ended: Wed Apr 08 23:05:58 EDT 2020
