# Server version 0.08 running on localhost:8123
# Game ID: 260
# Board class: Saboteur.SaboteurBoard
# Timeout: 2000000000
# First Move Timeout: 30000
# Date: Fri Apr 03 01:31:55 EDT 2020
# Player 1: Player-0, '260729805', running on localhost
# Player 2: Player-1, 'Human', running on localhost
START Player-0 260729805
START Player-1 Human
BoardInit:Tile:5,Tile:9,Tile:13,Tile:10,Tile:3,Tile:5,Tile:6,Tile:6,Destroy,Map,Bonus,Tile:5,Map,Tile:2,Tile:10,Tile:7,Tile:0,Tile:10,Tile:5,Tile:6,Bonus,Map,Tile:0,Tile:6,Tile:9,Destroy,Tile:4,Bonus,Tile:8,Map,Malus,Tile:9,Tile:7,Tile:1,Tile:9,Tile:15,Destroy,Tile:8,Tile:0,Map,Tile:12-Tile:7,Tile:9,Tile:7,Tile:11,Tile:8,Tile:6,Tile:8-Tile:14,Bonus,Map,Tile:8,Malus,Tile:7,Tile:0-Tile:nugget,Tile:hidden1,Tile:hidden2
Tile:8 6 5 1
Map 12 3 0
Tile:8 7 5 1
Tile:8 8 5 0
Tile:6 8 6 1
Tile:7 9 6 0
Tile:9 9 7 1
Tile:9 9 8 0
Tile:6 10 7 1
Tile:6_flip 11 7 0
Destroy 9 8 1
Tile:10 10 6 0
Drop 5 0 1
Tile:5 8 4 0
Drop 4 0 1
Tile:5 6 4 0
Tile:10 12 6 1
Tile:7 9 4 0
Tile:5 4 5 1
Tile:10 9 8 0
