# Server version 0.08 running on localhost:8123
# Game ID: 475
# Board class: Saboteur.SaboteurBoard
# Timeout: 2000000000
# First Move Timeout: 30000
# Date: Sun Apr 05 15:54:44 EDT 2020
# Player 1: Player-0, '260729805', running on localhost
# Player 2: Player-1, 'RandomPlayer', running on localhost
START Player-0 260729805
START Player-1 RandomPlayer
BoardInit:Tile:8,Tile:7,Tile:8,Map,Destroy,Tile:10,Destroy,Bonus,Tile:9,Tile:11,Bonus,Tile:8,Tile:1,Tile:9,Malus,Tile:7,Tile:12,Tile:6,Tile:10,Map,Tile:3,Map,Tile:6,Destroy,Tile:6,Tile:7,Tile:2,Tile:13,Map,Malus,Tile:0,Tile:8,Tile:15,Bonus,Tile:5,Tile:7,Bonus,Tile:4,Tile:6,Tile:14,Tile:9-Tile:7,Tile:5,Tile:0,Tile:10,Tile:9,Tile:0,Map-Tile:5,Tile:8,Tile:6,Map,Tile:9,Tile:0,Tile:5-Tile:hidden2,Tile:nugget,Tile:hidden1
Tile:10 5 4 1
Map 12 3 0
Tile:9 5 3 1
Tile:0 6 3 0
Tile:0 4 5 1
Map 12 5 0
Destroy 6 3 1
Drop 5 0 0
Tile:0 6 3 1
Tile:9 5 6 0
Destroy 5 4 1
Tile:8 5 7 0
Map 12 5 1
Tile:11_flip 6 7 0
Tile:9_flip 5 4 1
Tile:5 4 7 0
Drop 5 0 1
Tile:9 5 8 0
Tile:5 5 2 1
Tile:6 6 2 0
Malus 0 0 1
Bonus 0 0 0
Tile:8 3 5 1
Tile:5_flip 6 5 0
Drop 4 0 1
Drop 3 0 0
Tile:3_flip 4 4 1
Tile:10 4 3 0
Tile:7 6 6 1
Tile:8 6 8 0
Tile:6_flip 7 3 1
Tile:13 5 9 0
Tile:2_flip 7 8 1
Tile:8 6 1 0
Tile:12_flip 5 1 1
Map 12 7 0
Tile:6 3 6 1
Drop 6 0 0
Tile:5_flip 8 3 1
Destroy 4 5 0
Tile:6 6 9 1
Tile:14 4 6 0
Map 12 7 1
Tile:7 7 9 0
Tile:9_flip 8 2 1
Tile:4 3 4 0
Tile:8 5 10 1
Drop 3 0 0
Tile:15 4 8 1
Map 12 7 0
Tile:0 2 5 1
Tile:7 7 1 0
Drop 1 0 1
Malus 0 0 0
Bonus 0 0 1
GAMEOVER DRAW
# Game ended: Sun Apr 05 15:54:44 EDT 2020
