# Server version 0.08 running on macbook-pro-5.local:8123
# Game ID: 676
# Board class: Saboteur.SaboteurBoard
# Timeout: 2000000000
# First Move Timeout: 30000
# Date: Thu Apr 09 01:05:46 EDT 2020
# Player 1: Player-0, '260729805', running on macbook-pro-5.local
# Player 2: Player-1, 'RandomPlayer', running on macbook-pro-5.local
START Player-0 260729805
START Player-1 RandomPlayer
BoardInit:Tile:6,Tile:13,Map,Tile:6,Tile:5,Tile:0,Tile:1,Tile:8,Tile:14,Tile:8,Map,Tile:11,Tile:9,Tile:9,Map,Tile:6,Destroy,Tile:0,Tile:15,Malus,Destroy,Bonus,Tile:5,Tile:7,Tile:12,Tile:9,Tile:3,Tile:7,Tile:5,Tile:10,Bonus,Tile:10,Tile:8,Tile:2,Tile:7,Map,Destroy,Tile:8,Tile:5,Tile:8,Map-Tile:0,Bonus,Tile:6,Map,Tile:9,Tile:7,Tile:4-Tile:6,Tile:9,Bonus,Tile:0,Tile:10,Tile:7,Malus-Tile:nugget,Tile:hidden2,Tile:hidden1
Map 12 7 1
Tile:6 6 5 0
Tile:7_flip 4 5 1
Tile:0 7 5 0
Tile:9_flip 4 4 1
Tile:9 5 4 0
Drop 4 0 1
Tile:7 6 4 0
Tile:1 8 5 1
Tile:6 5 6 0
Tile:5 5 3 1
Tile:0 6 6 0
Tile:6 9 5 1
Tile:10 4 3 0
Map 12 5 1
Tile:8 4 2 0
Tile:0 5 2 1
Tile:6_flip 7 6 0
Drop 1 0 1
Tile:0 8 6 0
Tile:9_flip 4 1 1
Tile:8 7 7 0
Destroy 7 7 1
Tile:9 7 7 0
Destroy 4 1 1
Tile:7 9 6 0
Tile:5 4 1 1
Tile:9 9 7 0
Tile:12 8 7 1
Tile:13 9 4 0
Tile:14_flip 4 6 1
Tile:11_flip 10 4 0
Tile:5_flip 10 5 1
Tile:10 9 8 0
Tile:8 4 7 1
Tile:2_flip 8 4 0
Tile:3 10 7 1
Map 12 3 0
Destroy 7 5 1
Drop 4 0 0
Map 12 3 1
Drop 4 0 0
Tile:7 5 7 1
Drop 4 0 0
Tile:5_flip 5 1 1
Drop 4 0 0
Map 12 3 1
Drop 3 0 0
Drop 1 0 1
Drop 2 0 0
Map 12 3 1
Drop 1 0 0
Drop 1 0 1
Drop 0 0 0
Drop 0 0 1
GAMEOVER DRAW
# Game ended: Thu Apr 09 01:05:47 EDT 2020
