# Server version 0.08 running on localhost:8123
# Game ID: 1023
# Board class: Saboteur.SaboteurBoard
# Timeout: 2000000000
# First Move Timeout: 30000
# Date: Sat Apr 11 13:44:17 EDT 2020
# Player 1: Player-0, '260729805', running on localhost
# Player 2: Player-1, 'RandomPlayer', running on localhost
START Player-0 260729805
START Player-1 RandomPlayer
BoardInit:Tile:7,Tile:10,Bonus,Bonus,Tile:7,Tile:6,Tile:1,Tile:5,Destroy,Tile:9,Map,Destroy,Tile:0,Tile:10,Tile:6,Tile:15,Tile:9,Tile:13,Tile:6,Map,Tile:8,Tile:6,Tile:6,Malus,Tile:0,Tile:10,Map,Tile:4,Tile:5,Tile:2,Tile:7,Tile:11,Tile:7,Tile:0,Malus,Tile:8,Tile:12,Tile:3,Bonus,Map,Tile:9-Tile:8,Map,Tile:8,Tile:5,Tile:7,Tile:9,Tile:0-Tile:14,Bonus,Tile:8,Tile:5,Destroy,Map,Tile:9-Tile:nugget,Tile:hidden2,Tile:hidden1
Tile:9_flip 5 4 1
Map 12 3 0
Tile:7 5 3 1
Destroy 5 3 0
Tile:8 5 6 1
Tile:5_flip 6 5 0
Tile:5_flip 5 7 1
Tile:9 6 4 0
Tile:7_flip 4 4 1
Tile:8 7 4 0
Tile:7_flip 4 7 1
Tile:9_flip 8 4 0
Tile:0 6 6 1
Destroy 8 4 0
Drop 3 0 1
Tile:10 7 3 0
Destroy 6 6 1
Tile:10 7 2 0
Drop 5 0 1
Tile:6 8 4 0
Map 12 7 1
Tile:5_flip 9 4 0
Drop 1 0 1
Tile:6_flip 9 3 0
Tile:8 5 3 1
Malus 0 0 0
Drop 3 0 1
Tile:10 7 5 0
Drop 5 0 1
Tile:4 7 1 0
Map 12 7 1
Tile:14 10 3 0
Map 12 3 1
Tile:15 10 2 0
Drop 3 0 1
Tile:0 6 6 0
Drop 4 0 1
Tile:8 7 6 0
Drop 0 0 1
Tile:13 10 1 0
Drop 4 0 1
Tile:2 11 1 0
Drop 5 0 1
Tile:11 11 2 0
Drop 4 0 1
Tile:3 12 2 0
Drop 2 0 1
Drop 3 0 0
Drop 0 0 1
Drop 2 0 0
Drop 0 0 1
Drop 1 0 0
Drop 1 0 1
Drop 0 0 0
Drop 0 0 1
GAMEOVER DRAW
# Game ended: Sat Apr 11 13:44:18 EDT 2020
