# Server version 0.08 running on macbook-pro-5.local:8123
# Game ID: 688
# Board class: Saboteur.SaboteurBoard
# Timeout: 2000000000
# First Move Timeout: 30000
# Date: Thu Apr 09 01:16:06 EDT 2020
# Player 1: Player-0, '260729805', running on macbook-pro-5.local
# Player 2: Player-1, 'RandomPlayer', running on macbook-pro-5.local
START Player-0 260729805
START Player-1 RandomPlayer
BoardInit:Tile:10,Destroy,Bonus,Tile:8,Tile:12,Tile:5,Tile:7,Tile:15,Tile:13,Map,Map,Tile:9,Tile:3,Map,Tile:8,Tile:4,Tile:11,Tile:7,Tile:7,Tile:1,Map,Tile:0,Tile:6,Tile:5,Tile:9,Tile:8,Map,Tile:2,Tile:6,Tile:5,Malus,Tile:8,Tile:5,Tile:0,Tile:0,Malus,Tile:10,Tile:9,Tile:6,Bonus,Tile:9-Destroy,Destroy,Tile:8,Map,Tile:10,Tile:9,Bonus-Tile:0,Tile:6,Tile:14,Bonus,Tile:7,Tile:6,Tile:7-Tile:nugget,Tile:hidden2,Tile:hidden1
Tile:10 5 6 1
Tile:0 6 5 0
Map 12 3 1
Tile:6 7 5 0
Tile:8 5 7 1
Tile:7 8 5 0
Tile:12_flip 4 5 1
Tile:6 8 6 0
Tile:9_flip 6 7 1
Tile:5 6 6 0
Drop 0 0 1
Map 12 3 0
Destroy 8 5 1
Tile:7 8 5 0
Drop 1 0 1
Tile:8 9 6 0
Drop 1 0 1
Destroy 4 5 0
Tile:7 7 4 1
Tile:4 9 5 0
Tile:8 5 4 1
Tile:1 6 4 0
Tile:11_flip 6 8 1
Tile:14_flip 4 5 0
Tile:6_flip 7 6 1
Tile:15 4 6 0
Drop 3 0 1
Drop 6 0 0
Tile:13 5 8 1
Tile:2_flip 4 4 0
Tile:9 4 7 1
Drop 6 0 0
Map 12 7 1
Tile:9 7 7 0
Tile:6_flip 3 4 1
Drop 6 0 0
Tile:7_flip 2 4 1
Tile:8 4 8 0
Tile:5_flip 3 5 1
Drop 6 0 0
Drop 2 0 1
Drop 6 0 0
Tile:0 8 7 1
Drop 5 0 0
Tile:6 10 6 1
Drop 4 0 0
Tile:10 2 3 1
Drop 3 0 0
Tile:9_flip 4 3 1
Drop 2 0 0
Drop 1 0 1
Drop 1 0 0
Malus 0 0 1
Bonus 0 0 0
Drop 0 0 1
GAMEOVER DRAW
# Game ended: Thu Apr 09 01:16:07 EDT 2020
