# Server version 0.08 running on localhost:8123
# Game ID: 853
# Board class: Saboteur.SaboteurBoard
# Timeout: 2000000000
# First Move Timeout: 30000
# Date: Fri Apr 10 23:08:57 EDT 2020
# Player 1: Player-0, '260729805', running on localhost
# Player 2: Player-1, 'Human', running on localhost
START Player-0 260729805
START Player-1 Human
BoardInit:Tile:8,Tile:8,Tile:14,Malus,Malus,Tile:8,Tile:8,Tile:9,Tile:4,Tile:13,Tile:8,Tile:8,Malus,Malus,Bonus,Tile:9,Tile:12,Malus,Bonus,Tile:7,Tile:2,Tile:9,Destroy,Tile:9,Tile:10,Malus,Tile:8,Tile:8,Tile:1,Tile:8,Map,Tile:6,Bonus,Tile:0,Tile:5,Tile:6,Malus,Tile:11,Tile:5,Tile:8,Map,Malus,Tile:8,Bonus,Malus,Tile:5,Malus,Malus,Tile:8,Tile:8,Destroy,Tile:5,Tile:0,Tile:7,Tile:6,Tile:8,Tile:6,Tile:3,Map,Map,Map,Tile:10,Tile:15,Tile:8,Tile:8,Malus,Malus,Tile:7,Tile:8,Malus,Tile:0,Destroy,Map,Tile:8,Tile:7,Tile:9,Malus-Tile:7,Malus,Malus,Tile:8,Malus,Malus,Tile:10-Malus,Tile:0,Tile:8,Malus,Malus,Tile:8,Tile:6-Tile:nugget,Tile:hidden2,Tile:hidden1
Tile:8 6 5 1
Tile:0 7 5 0
Tile:8 8 5 1
Tile:6 9 5 0
Tile:7 10 5 1
Tile:8 10 6 0
Drop 5 0 1
Tile:8 9 4 0
Drop 4 0 1
Tile:8 9 3 0
