# Server version 0.08 running on localhost:8123
# Game ID: 756
# Board class: Saboteur.SaboteurBoard
# Timeout: 2000000000
# First Move Timeout: 30000
# Date: Thu Apr 09 01:43:31 EDT 2020
# Player 1: Player-0, '260729805', running on localhost
# Player 2: Player-1, 'RandomPlayer', running on localhost
START Player-0 260729805
START Player-1 RandomPlayer
BoardInit:Tile:13,Tile:5,Tile:8,Tile:10,Map,Tile:8,Tile:9,Tile:7,Map,Tile:9,Tile:0,Tile:7,Tile:6,Tile:10,Malus,Tile:5,Tile:7,Map,Tile:3,Bonus,Tile:2,Tile:15,Tile:0,Tile:1,Bonus,Tile:8,Tile:12,Tile:6,Tile:0,Tile:9,Map,Tile:9,Bonus,Destroy,Map,Malus,Destroy,Tile:6,Tile:7,Bonus,Tile:6-Tile:10,Tile:9,Tile:0,Tile:8,Map,Tile:8,Tile:5-Tile:11,Tile:4,Tile:14,Tile:7,Tile:5,Tile:6,Destroy-Tile:hidden1,Tile:hidden2,Tile:nugget
Tile:8 6 5 1
Tile:7 7 5 0
Tile:10 5 4 1
Tile:5_flip 7 6 0
Drop 2 0 1
Tile:6 6 6 0
Drop 2 0 1
Tile:5 6 4 0
Tile:9 5 6 1
Tile:7 5 3 0
Tile:0 7 4 1
Tile:8 8 4 0
Drop 4 0 1
Tile:7 9 4 0
Tile:0 4 5 1
Tile:10 9 5 0
Tile:13 8 3 1
Tile:5_flip 9 6 0
Map 12 7 1
Map 12 3 0
Tile:6_flip 4 3 1
Tile:10 8 5 0
Drop 1 0 1
Tile:9 8 6 0
Tile:0 7 3 1
Destroy 8 3 0
Tile:3_flip 6 3 1
Tile:8 8 3 0
Tile:7_flip 5 7 1
Tile:6 9 3 0
Tile:12_flip 3 5 1
Tile:9 9 2 0
Tile:5 9 1 1
Tile:9_flip 10 2 0
Tile:0 6 7 1
Destroy 6 3 0
Tile:2_flip 10 3 1
Tile:4_flip 8 7 0
Destroy 10 2 1
Tile:6_flip 10 2 0
Map 12 3 1
Tile:11_flip 11 3 0
Tile:6_flip 11 2 1
Tile:14 12 2 0
Tile:7 7 7 1
Tile:1 10 1 0
Drop 3 0 1
Tile:15 8 2 0
Malus 0 0 1
Bonus 0 0 0
Map 12 3 1
Drop 1 0 0
Map 12 3 1
Malus 0 0 0
Bonus 0 0 1
GAMEOVER DRAW
# Game ended: Thu Apr 09 01:43:31 EDT 2020
