# Server version 0.08 running on macbook-pro-5.local:8123
# Game ID: 725
# Board class: Saboteur.SaboteurBoard
# Timeout: 2000000000
# First Move Timeout: 30000
# Date: Thu Apr 09 01:33:09 EDT 2020
# Player 1: Player-0, '260729805', running on macbook-pro-5.local
# Player 2: Player-1, 'RandomPlayer', running on macbook-pro-5.local
START Player-0 260729805
START Player-1 RandomPlayer
BoardInit:Tile:11,Destroy,Tile:8,Tile:7,Tile:7,Tile:8,Tile:0,Map,Tile:7,Tile:8,Map,Tile:9,Destroy,Tile:5,Tile:5,Destroy,Tile:6,Tile:13,Map,Tile:6,Tile:9,Tile:7,Tile:10,Bonus,Map,Tile:12,Bonus,Tile:3,Tile:0,Tile:9,Tile:0,Map,Malus,Tile:6,Bonus,Tile:5,Tile:6,Tile:5,Tile:10,Tile:7,Tile:0-Tile:6,Tile:9,Tile:8,Tile:15,Tile:2,Tile:14,Tile:4-Tile:1,Bonus,Tile:9,Malus,Map,Tile:8,Tile:10-Tile:nugget,Tile:hidden2,Tile:hidden1
Tile:9_flip 5 4 1
Tile:9_flip 6 5 0
Tile:11 5 3 1
Tile:8 6 6 0
Tile:6_flip 7 6 1
Tile:7 8 6 0
Tile:8 6 7 1
Tile:10 8 7 0
Tile:7_flip 5 7 1
Tile:8 8 8 0
Tile:2_flip 4 4 1
Tile:8 9 8 0
Tile:15 9 9 1
Destroy 4 4 0
Tile:0 7 8 1
Tile:1 4 5 0
Destroy 7 8 1
Destroy 4 5 0
Tile:8 9 10 1
Tile:13 5 6 0
Tile:5_flip 6 8 1
Drop 6 0 0
Tile:7_flip 4 4 1
Drop 6 0 0
Tile:9_flip 8 9 1
Drop 6 0 0
Tile:10 6 4 1
Tile:12_flip 4 5 0
Drop 2 0 1
Tile:3 10 8 0
Tile:14 7 7 1
Drop 6 0 0
Tile:6_flip 6 3 1
Drop 6 0 0
Tile:0 7 3 1
Drop 6 0 0
Tile:0 7 9 1
Drop 6 0 0
Tile:6_flip 6 9 1
Drop 6 0 0
Tile:10 9 7 1
Drop 6 0 0
Tile:4_flip 9 11 1
Drop 5 0 0
Drop 4 0 1
Drop 4 0 0
Tile:0 8 3 1
Drop 3 0 0
Map 12 3 1
Drop 2 0 0
Drop 1 0 1
Drop 1 0 0
Malus 0 0 1
Bonus 0 0 0
Map 12 5 1
GAMEOVER DRAW
# Game ended: Thu Apr 09 01:33:10 EDT 2020
