# Server version 0.08 running on localhost:8123
# Game ID: 1017
# Board class: Saboteur.SaboteurBoard
# Timeout: 2000000000
# First Move Timeout: 30000
# Date: Sat Apr 11 13:31:17 EDT 2020
# Player 1: Player-0, '260729805', running on localhost
# Player 2: Player-1, 'RandomPlayer', running on localhost
START Player-0 260729805
START Player-1 RandomPlayer
BoardInit:Map,Malus,Tile:7,Map,Tile:6,Tile:4,Tile:3,Tile:0,Tile:10,Bonus,Tile:12,Tile:8,Tile:8,Bonus,Tile:5,Tile:9,Tile:9,Tile:7,Tile:13,Map,Destroy,Tile:7,Tile:10,Malus,Tile:9,Tile:15,Map,Tile:7,Tile:14,Tile:2,Tile:0,Destroy,Tile:5,Tile:8,Tile:9,Destroy,Tile:7,Tile:8,Tile:5,Map,Bonus-Tile:0,Tile:8,Tile:6,Map,Tile:6,Tile:1,Tile:6-Tile:9,Tile:6,Tile:5,Tile:0,Tile:11,Tile:10,Bonus-Tile:nugget,Tile:hidden1,Tile:hidden2
Tile:6 6 5 1
Tile:6 7 5 0
Tile:6 5 6 1
Malus 0 0 0
Drop 1 0 1
Tile:5_flip 8 5 0
Drop 1 0 1
Tile:4 8 4 0
Map 12 5 1
Tile:9_flip 7 4 0
Drop 4 0 1
Tile:10 7 3 0
Drop 0 0 1
Tile:8 6 4 0
Drop 0 0 1
Tile:0 6 6 0
Drop 5 0 1
Tile:9 7 2 0
Drop 3 0 1
Tile:0 7 6 0
Drop 2 0 1
Tile:7 8 6 0
Destroy 8 5 1
Tile:7_flip 8 7 0
Drop 2 0 1
Malus 0 0 0
Drop 0 0 1
Tile:11_flip 9 7 0
Drop 4 0 1
Tile:7 8 2 0
Map 12 3 1
Tile:15 9 6 0
Drop 6 0 1
Destroy 8 2 0
Drop 3 0 1
Tile:8 8 2 0
Drop 3 0 1
Destroy 8 2 0
Drop 6 0 1
Tile:8 8 2 0
Drop 2 0 1
Tile:2_flip 9 8 0
Drop 5 0 1
Drop 5 0 0
Drop 4 0 1
Drop 4 0 0
Drop 3 0 1
Drop 3 0 0
Drop 2 0 1
Drop 2 0 0
Drop 0 0 1
Drop 1 0 0
Bonus 0 0 1
Drop 0 0 0
Drop 0 0 1
GAMEOVER DRAW
# Game ended: Sat Apr 11 13:31:17 EDT 2020
