# Server version 0.08 running on localhost:8123
# Game ID: 138
# Board class: Saboteur.SaboteurBoard
# Timeout: 20000
# First Move Timeout: 30000
# Date: Tue Mar 31 01:06:04 EDT 2020
# Player 1: Player-0, '260729805', running on localhost
# Player 2: Player-1, 'RandomPlayer', running on localhost
START Player-0 260729805
START Player-1 RandomPlayer
BoardInit:Tile:7,Tile:10,Tile:5,Tile:6,Tile:0,Tile:5,Tile:2,Tile:8,Tile:6,Malus,Tile:9,Tile:9,Tile:13,Map,Map,Destroy,Tile:0,Tile:5,Tile:7,Tile:9,Tile:0,Tile:14,Tile:11,Tile:7,Tile:6,Tile:7,Tile:5,Malus,Bonus,Bonus,Tile:3,Tile:12,Tile:8,Map,Tile:10,Bonus,Tile:4,Map,Tile:7,Tile:6,Tile:8-Map,Tile:9,Tile:10,Map,Destroy,Bonus,Tile:1-Tile:15,Tile:0,Tile:8,Destroy,Tile:8,Tile:6,Tile:9-Tile:nugget,Tile:hidden2,Tile:hidden1
Map 12 3 1
Tile:0 6 5 0
Tile:9_flip 7 5 1
Tile:8 7 4 0
Tile:5_flip 5 6 1
Tile:8 8 4 0
Tile:7 5 4 1
Tile:6 9 4 0
Tile:1 10 4 1
Tile:9 9 3 0
Tile:6_flip 11 4 1
Tile:15 11 5 0
Drop 0 0 1
Destroy 11 5 0
Tile:2_flip 10 3 1
Map 12 5 0
Tile:13 11 5 1
Tile:6 12 4 0
Tile:9_flip 10 2 1
Destroy 11 5 0
Tile:0 11 3 1
Tile:10 11 5 0
Destroy 9 4 1
Tile:8 9 4 0
Tile:0 13 4 1
Tile:5_flip 9 5 0
Tile:11_flip 10 1 1
Tile:9 8 5 0
Map 12 5 1
Tile:5_flip 8 6 0
Tile:6_flip 4 4 1
Tile:9 9 2 0
Tile:0 4 6 1
Tile:7 8 3 0
Tile:8 3 6 1
Map 12 5 0
Tile:3_flip 6 4 1
Tile:14 11 6 0
Tile:5 9 1 1
Map 12 5 0
Tile:7_flip 3 4 1
Tile:7_flip 7 6 0
Tile:8 3 7 1
Tile:6_flip 7 3 0
Drop 4 0 1
Tile:12 4 7 0
Tile:7_flip 4 5 1
Drop 3 0 0
Drop 2 0 1
Drop 2 0 0
Map 12 3 1
Drop 1 0 0
Tile:10 3 3 1
Malus 0 0 0
Bonus 0 0 1
GAMEOVER DRAW
# Game ended: Tue Mar 31 01:06:06 EDT 2020
