# Server version 0.08 running on localhost:8123
# Game ID: 628
# Board class: Saboteur.SaboteurBoard
# Timeout: 2000000000
# First Move Timeout: 30000
# Date: Thu Apr 09 00:06:18 EDT 2020
# Player 1: Player-0, '260729805', running on localhost
# Player 2: Player-1, 'RandomPlayer', running on localhost
START Player-0 260729805
START Player-1 RandomPlayer
BoardInit:Bonus,Tile:10,Malus,Tile:0,Tile:7,Tile:2,Map,Tile:12,Tile:8,Destroy,Tile:11,Bonus,Tile:4,Tile:5,Tile:6,Tile:3,Tile:14,Map,Tile:8,Tile:9,Tile:10,Map,Tile:7,Tile:9,Tile:0,Tile:9,Tile:7,Tile:6,Tile:7,Tile:1,Map,Malus,Tile:8,Tile:10,Tile:0,Bonus,Tile:5,Tile:8,Tile:8,Tile:5,Tile:0-Map,Map,Tile:6,Tile:6,Destroy,Tile:7,Bonus-Tile:9,Destroy,Tile:15,Tile:9,Tile:6,Tile:13,Tile:5-Tile:nugget,Tile:hidden2,Tile:hidden1
Map 12 5 1
Tile:6 6 5 0
Map 12 3 1
Tile:5_flip 7 5 0
Tile:6_flip 5 4 1
Tile:9 7 4 0
Tile:7 6 4 1
Tile:0 8 4 0
Destroy 7 4 1
Tile:9 7 4 0
Tile:8 9 4 1
