# Server version 0.08 running on localhost:8123
# Game ID: 432
# Board class: Saboteur.SaboteurBoard
# Timeout: 2000000000
# First Move Timeout: 30000
# Date: Sat Apr 04 22:49:58 EDT 2020
# Player 1: Player-0, '260729805', running on localhost
# Player 2: Player-1, 'Human', running on localhost
START Player-0 260729805
START Player-1 Human
BoardInit:Tile:9,Tile:6,Map,Tile:8,Tile:5,Tile:0,Tile:9,Map,Tile:6,Malus,Tile:8,Tile:5,Malus,Tile:4,Tile:7,Tile:14,Tile:9,Tile:0,Tile:6,Map,Destroy,Tile:7,Tile:10,Tile:8,Tile:0,Map,Bonus,Tile:1,Bonus,Destroy,Bonus,Tile:8,Tile:12,Tile:11,Tile:7,Tile:10,Bonus,Map,Tile:10,Tile:6,Tile:5-Tile:0,Tile:6,Map,Tile:7,Tile:3,Tile:9,Tile:15-Tile:5,Tile:9,Tile:8,Destroy,Tile:2,Tile:13,Tile:7-Tile:hidden2,Tile:nugget,Tile:hidden1
Map 12 7 1
Tile:7 6 5 0
Tile:9 6 6 1
Tile:5 5 4 0
Map 12 5 1
Tile:6 7 6 0
Tile:6 8 6 1
Tile:0 9 6 0
Tile:7 10 6 1
Map 12 3 0
Tile:9 10 7 1
Tile:8 11 7 0
GAMEOVER USER CANCEL UNDECIDED
# Game ended: Sat Apr 04 22:50:24 EDT 2020
