# Server version 0.08 running on macbook-pro-5.local:8123
# Game ID: 1059
# Board class: Saboteur.SaboteurBoard
# Timeout: 2000000000
# First Move Timeout: 30000
# Date: Sat Apr 11 14:28:51 EDT 2020
# Player 1: Player-0, '260729805', running on macbook-pro-5.local
# Player 2: Player-1, 'RandomPlayer', running on macbook-pro-5.local
START Player-0 260729805
START Player-1 RandomPlayer
BoardInit:Tile:4,Tile:0,Map,Map,Tile:6,Tile:10,Tile:11,Destroy,Tile:7,Map,Map,Malus,Tile:10,Bonus,Tile:15,Tile:8,Map,Destroy,Bonus,Tile:8,Bonus,Tile:3,Tile:12,Tile:1,Tile:5,Tile:0,Map,Tile:14,Tile:6,Tile:6,Tile:5,Tile:0,Tile:7,Tile:8,Tile:7,Tile:6,Tile:13,Tile:5,Tile:0,Tile:8,Tile:9-Tile:8,Tile:9,Tile:2,Tile:10,Tile:5,Tile:6,Tile:7-Tile:9,Destroy,Tile:9,Tile:7,Malus,Tile:9,Bonus-Tile:hidden2,Tile:hidden1,Tile:nugget
Tile:7 5 4 1
Malus 0 0 0
Drop 1 0 1
Tile:7 6 5 0
Drop 2 0 1
Tile:9 6 6 0
Map 12 5 1
Tile:0 7 6 0
Drop 1 0 1
Tile:9_flip 8 6 0
Drop 4 0 1
Tile:9 8 5 0
Drop 4 0 1
Malus 0 0 0
Map 12 7 1
Tile:10 8 4 0
Drop 5 0 1
Tile:8 9 5 0
Drop 3 0 1
Drop 6 0 0
Drop 6 0 1
Tile:8 10 5 0
Map 12 5 1
Tile:3 11 5 0
Drop 5 0 1
Drop 6 0 0
Drop 0 0 1
Destroy 11 5 0
Drop 4 0 1
Tile:0 11 5 0
Drop 4 0 1
Tile:6 12 6 0
Drop 6 0 1
Tile:0 13 5 0
Drop 4 0 1
Tile:8 12 4 0
Drop 3 0 1
Map 12 7 0
Drop 6 0 1
Destroy 5 4 0
Drop 2 0 1
Map 12 7 0
Drop 0 0 1
Tile:8 10 6 0
Drop 4 0 1
Tile:6_flip 11 6 0
Drop 2 0 1
Tile:5_flip 11 7 0
Drop 0 0 1
Tile:14 13 4 0
Drop 0 0 1
Drop 1 0 0
Drop 1 0 1
Drop 0 0 0
Drop 0 0 1
GAMEOVER DRAW
# Game ended: Sat Apr 11 14:28:53 EDT 2020
