# Server version 0.08 running on localhost:8123
# Game ID: 757
# Board class: Saboteur.SaboteurBoard
# Timeout: 2000000000
# First Move Timeout: 30000
# Date: Thu Apr 09 01:43:36 EDT 2020
# Player 1: Player-0, '260729805', running on localhost
# Player 2: Player-1, 'RandomPlayer', running on localhost
START Player-0 260729805
START Player-1 RandomPlayer
BoardInit:Tile:14,Tile:1,Tile:10,Destroy,Tile:9,Tile:8,Tile:8,Map,Tile:10,Bonus,Tile:5,Malus,Tile:7,Tile:0,Tile:8,Tile:9,Map,Tile:0,Tile:6,Tile:9,Tile:13,Tile:9,Tile:7,Tile:8,Map,Map,Tile:0,Tile:9,Tile:5,Map,Bonus,Tile:2,Tile:15,Malus,Tile:6,Tile:7,Tile:7,Tile:5,Map,Destroy,Tile:6-Tile:7,Tile:11,Tile:6,Tile:8,Bonus,Tile:6,Tile:4-Tile:10,Tile:12,Tile:5,Destroy,Tile:3,Bonus,Tile:0-Tile:nugget,Tile:hidden1,Tile:hidden2
Tile:6 5 6 1
Tile:5_flip 6 5 0
Tile:11_flip 5 4 1
Tile:0 6 6 0
Tile:4 6 4 1
Tile:10 5 3 0
Drop 4 0 1
Tile:8 7 6 0
Tile:10 5 2 1
Map 12 3 0
Tile:9 4 6 1
Destroy 6 4 0
Tile:6_flip 5 1 1
Destroy 5 4 0
Tile:7 6 1 1
Tile:0 8 6 0
Tile:8 4 1 1
Tile:9_flip 9 6 0
Tile:8 4 5 1
Tile:0 3 5 0
Drop 6 0 1
Tile:9 9 5 0
Tile:10 5 4 1
Tile:9 9 4 0
Tile:13 4 0 1
Tile:8 10 4 0
Tile:7 4 4 1
Tile:12_flip 3 4 0
Tile:5 9 3 1
Tile:9 9 7 0
Tile:7_flip 9 8 1
Tile:3 10 8 0
Tile:5 3 0 1
Drop 6 0 0
Drop 0 0 1
Drop 6 0 0
Tile:0 5 0 1
Tile:7_flip 6 2 0
Tile:6 3 1 1
Tile:5_flip 7 2 0
Tile:15 7 5 1
Destroy 7 5 0
Map 12 3 1
Drop 3 0 0
Tile:7_flip 2 5 1
Drop 3 0 0
Tile:6_flip 10 3 1
Tile:1 11 3 0
Tile:8 2 1 1
Drop 2 0 0
Map 12 3 1
Drop 1 0 0
Map 12 3 1
Drop 0 0 0
Drop 0 0 1
GAMEOVER DRAW
# Game ended: Thu Apr 09 01:43:36 EDT 2020
