# Server version 0.08 running on localhost:8123
# Game ID: 496
# Board class: Saboteur.SaboteurBoard
# Timeout: 2000000000
# First Move Timeout: 30000
# Date: Sun Apr 05 18:10:18 EDT 2020
# Player 1: Player-0, '260729805', running on localhost
# Player 2: Player-1, 'RandomPlayer', running on localhost
START Player-0 260729805
START Player-1 RandomPlayer
BoardInit:Map,Tile:12,Bonus,Tile:8,Tile:10,Tile:1,Destroy,Tile:6,Tile:7,Tile:7,Tile:9,Tile:8,Tile:0,Tile:10,Tile:6,Tile:14,Tile:7,Destroy,Tile:3,Tile:7,Tile:0,Tile:11,Map,Tile:15,Tile:5,Bonus,Tile:13,Map,Tile:9,Tile:6,Tile:9,Tile:7,Tile:8,Tile:0,Map,Map,Map,Tile:5,Tile:0,Tile:5,Tile:9-Tile:8,Malus,Bonus,Destroy,Tile:10,Tile:4,Tile:6-Tile:9,Malus,Tile:8,Bonus,Tile:2,Tile:5,Tile:6-Tile:hidden2,Tile:hidden1,Tile:nugget
Tile:4_flip 5 6 1
Drop 3 0 0
Drop 1 0 1
Tile:9 5 4 0
Tile:6_flip 6 4 1
Tile:6 6 5 0
Tile:8 4 5 1
Tile:1 7 4 0
Drop 0 0 1
Drop 2 0 0
Tile:10 4 4 1
Tile:6_flip 7 5 0
Destroy 6 5 1
Tile:8 3 5 0
Tile:9_flip 3 6 1
Tile:7 3 4 0
Tile:6 3 7 1
Tile:14_flip 2 6 0
Tile:7 4 7 1
Destroy 5 4 0
Map 12 7 1
