# Server version 0.08 running on localhost:8123
# Game ID: 471
# Board class: Saboteur.SaboteurBoard
# Timeout: 2000000000
# First Move Timeout: 30000
# Date: Sun Apr 05 15:34:05 EDT 2020
# Player 1: Player-0, '260729805', running on localhost
# Player 2: Player-1, 'RandomPlayer', running on localhost
START Player-0 260729805
START Player-1 RandomPlayer
BoardInit:Map,Destroy,Tile:5,Tile:13,Tile:6,Tile:9,Tile:7,Tile:8,Tile:6,Tile:6,Map,Tile:0,Tile:10,Bonus,Malus,Tile:8,Tile:0,Tile:10,Malus,Tile:3,Tile:1,Map,Tile:9,Tile:6,Tile:8,Map,Tile:8,Tile:10,Map,Tile:7,Tile:15,Tile:0,Tile:7,Tile:5,Tile:7,Tile:14,Map,Bonus,Tile:5,Tile:2,Tile:5-Tile:9,Tile:11,Destroy,Destroy,Tile:9,Tile:8,Tile:9-Tile:7,Tile:4,Tile:0,Tile:12,Bonus,Tile:6,Bonus-Tile:hidden1,Tile:hidden2,Tile:nugget
Tile:11_flip 5 6 1
Tile:0 6 5 0
Destroy 6 5 1
Tile:6 6 5 0
Tile:9 5 7 1
Tile:7_flip 5 8 0
Tile:6_flip 4 5 1
Destroy 5 6 0
Tile:5 6 4 1
Tile:12 7 5 0
Tile:9 5 6 1
Tile:6_flip 6 6 0
Tile:6_flip 3 5 1
Tile:0 7 6 0
Tile:8 6 8 1
Tile:13 8 6 0
Tile:7 5 4 1
Tile:4_flip 4 6 0
Tile:10 6 9 1
Tile:9_flip 9 6 0
Tile:9_flip 3 6 1
Tile:8 2 6 0
Destroy 5 7 1
Map 12 3 0
Tile:9_flip 9 5 1
Tile:8 1 6 0
Tile:0 7 4 1
Map 12 5 0
Drop 2 0 1
Tile:10 9 7 0
Tile:8 9 4 1
Tile:10 9 8 0
Tile:8 7 8 1
Tile:6 4 4 0
Tile:15 6 7 1
Tile:0 10 4 0
Tile:7_flip 3 4 1
Tile:5_flip 11 4 0
Tile:7 8 8 1
Tile:7_flip 0 6 0
Drop 6 0 1
Tile:2 8 4 0
Map 12 3 1
Tile:3_flip 9 9 0
Tile:5 2 5 1
Tile:14 10 9 0
Map 12 3 1
Drop 3 0 0
Malus 0 0 1
Bonus 0 0 0
Map 12 3 1
Drop 1 0 0
Map 12 3 1
Drop 0 0 0
Drop 0 0 1
GAMEOVER DRAW
# Game ended: Sun Apr 05 15:34:06 EDT 2020
