# Server version 0.08 running on macbook-pro-5.local:8123
# Game ID: 868
# Board class: Saboteur.SaboteurBoard
# Timeout: 2000000000
# First Move Timeout: 30000
# Date: Fri Apr 10 23:56:52 EDT 2020
# Player 1: Player-0, '260729805', running on macbook-pro-5.local
# Player 2: Player-1, 'Human', running on macbook-pro-5.local
START Player-0 260729805
START Player-1 Human
BoardInit:Tile:12,Tile:8,Map,Malus,Tile:8,Tile:2,Tile:8,Tile:8,Map,Tile:5,Tile:0,Tile:1,Tile:5,Map,Bonus,Tile:14,Tile:8,Tile:8,Tile:0,Bonus,Tile:15,Tile:0,Tile:10,Tile:6,Tile:7,Tile:8,Malus,Tile:13,Bonus,Tile:5,Tile:10,Tile:8,Tile:8,Malus,Tile:4,Tile:9,Tile:8,Tile:3,Bonus,Bonus,Tile:7,Tile:6,Tile:8,Tile:11,Tile:8,Tile:8,Malus,Tile:8,Tile:7,Tile:8,Map,Tile:9,Bonus,Destroy,Bonus,Tile:6,Malus,Tile:8,Tile:0,Destroy,Tile:7,Map,Tile:9-Tile:8,Tile:8,Tile:7,Tile:5,Destroy,Tile:8,Tile:9-Tile:8,Tile:10,Tile:6,Map,Tile:9,Tile:8,Tile:6-Tile:hidden2,Tile:hidden1,Tile:nugget
Tile:8 6 5 1
Map 12 5 0
Tile:8 7 5 1
Tile:6 8 5 0
Tile:8 8 4 1
Tile:6 9 5 0
Tile:8 9 4 1
Malus 0 0 0
Map 12 5 1
Tile:8 10 5 0
Map 12 7 1
Tile:8 11 5 0
Drop 4 0 1
Tile:10 12 4 0
Drop 6 0 1
Map 12 7 0
