# Server version 0.08 running on localhost:8123
# Game ID: 892
# Board class: Saboteur.SaboteurBoard
# Timeout: 2000000000
# First Move Timeout: 30000
# Date: Sat Apr 11 00:49:41 EDT 2020
# Player 1: Player-0, '260729805', running on localhost
# Player 2: Player-1, 'Human', running on localhost
START Player-0 260729805
START Player-1 Human
BoardInit:Map,Tile:9,Tile:13,Malus,Map,Tile:8,Tile:8,Destroy,Tile:8,Tile:8,Tile:10,Tile:3,Tile:6,Tile:9,Map,Tile:8,Map,Tile:10,Tile:4,Bonus,Tile:8,Tile:6,Map,Map,Tile:8,Destroy,Map,Map,Tile:8,Map,Map,Tile:8,Tile:5,Bonus,Tile:8,Tile:6,Tile:14,Map,Tile:8,Tile:9,Map,Tile:8,Tile:5,Tile:15,Tile:6,Tile:9,Map,Tile:7,Tile:0,Bonus,Map,Tile:8,Tile:8,Tile:0,Tile:1,Tile:10,Tile:7,Map,Tile:5,Map,Tile:12,Tile:8,Tile:11,Tile:2,Map,Bonus,Malus,Tile:9,Tile:8,Map,Tile:8,Map,Bonus,Tile:8,Tile:5,Destroy,Map,Tile:8,Tile:8,Tile:7-Tile:0,Map,Malus,Malus,Tile:7,Map,Tile:0-Tile:6,Bonus,Map,Tile:7,Malus,Tile:8,Bonus-Tile:nugget,Tile:hidden2,Tile:hidden1
Tile:0 6 5 1
Malus 0 0 0
Map 12 7 1
Tile:6 7 5 0
Drop 2 0 1
Malus 0 0 0
Map 12 5 1
Tile:7 8 5 0
Map 12 3 1
Tile:8 8 6 0
Map 12 3 1
Tile:9_flip 9 6 0
Drop 6 0 1
Tile:8 9 7 0
Drop 3 0 1
Tile:8 10 7 0
Drop 6 0 1
Tile:8 11 7 0
Drop 6 0 1
Tile:9 12 6 0
Drop 6 0 1
Tile:10 12 4 0
GAMEOVER WINNER 0
# Game ended: Sat Apr 11 00:51:53 EDT 2020
