# Server version 0.08 running on 192.168.1.5:8123
# Game ID: 244
# Board class: Saboteur.SaboteurBoard
# Timeout: 2000000000
# First Move Timeout: 30000
# Date: Wed Apr 01 23:10:10 EDT 2020
# Player 1: Player-0, '260729805', running on 192.168.1.5
# Player 2: Player-1, 'Human', running on 192.168.1.5
START Player-0 260729805
START Player-1 Human
BoardInit:Tile:0,Tile:9,Map,Malus,Tile:9,Tile:8,Tile:5,Tile:7,Tile:7,Bonus,Tile:6,Map,Tile:6,Map,Tile:6,Tile:9,Tile:3,Tile:13,Tile:8,Tile:7,Tile:9,Bonus,Map,Malus,Tile:7,Tile:6,Tile:10,Tile:0,Tile:6,Tile:2,Tile:0,Destroy,Tile:0,Tile:11,Tile:5,Tile:7,Destroy,Tile:8,Tile:8,Destroy,Tile:5-Tile:15,Tile:9,Tile:12,Tile:5,Tile:8,Tile:10,Tile:1-Map,Tile:4,Bonus,Tile:10,Tile:14,Map,Bonus-Tile:hidden1,Tile:nugget,Tile:hidden2
Tile:8 6 5 1
Map 12 5 0
Tile:9 6 4 1
Tile:14 5 6 0
Tile:0 7 5 1
Map 12 3 0
Map 12 7 1
Tile:9 4 6 0
Tile:5 6 3 1
Tile:4_flip 4 7 0
Tile:7 8 5 1
Tile:10 8 6 0
Tile:9 8 7 1
Malus 0 0 0
Drop 3 0 1
Tile:8 7 3 0
Drop 0 0 1
Tile:7 8 3 0
Drop 0 0 1
Map 12 3 0
Drop 5 0 1
Map 12 3 0
Drop 1 0 1
Tile:13 9 7 0
Map 12 5 1
Tile:9 6 6 0
GAMEOVER USER CANCEL UNDECIDED
# Game ended: Wed Apr 01 23:13:11 EDT 2020
