# Server version 0.08 running on macbook-pro-5.local:8123
# Game ID: 1003
# Board class: Saboteur.SaboteurBoard
# Timeout: 2000000000
# First Move Timeout: 30000
# Date: Sat Apr 11 13:14:52 EDT 2020
# Player 1: Player-0, '260729805', running on macbook-pro-5.local
# Player 2: Player-1, 'Human', running on macbook-pro-5.local
START Player-0 260729805
START Player-1 Human
BoardInit:Tile:7,Tile:15,Destroy,Tile:9,Tile:5,Tile:5,Tile:11,Destroy,Malus,Tile:5,Tile:7,Bonus,Bonus,Tile:6,Tile:3,Tile:10,Tile:9,Tile:0,Tile:7,Map,Tile:8,Bonus,Tile:6,Tile:6,Tile:10,Tile:10,Tile:8,Map,Tile:0,Tile:12,Map,Tile:9,Map,Map,Tile:0,Malus,Tile:13,Tile:8,Tile:4,Tile:5,Tile:7-Tile:8,Tile:6,Bonus,Tile:9,Tile:7,Tile:1,Map-Tile:6,Destroy,Tile:0,Tile:9,Tile:14,Tile:2,Tile:8-Tile:nugget,Tile:hidden2,Tile:hidden1
Tile:6 6 5 1
Tile:6 7 5 0
Tile:8 8 5 1
Tile:0 9 5 0
Tile:7 10 5 1
Tile:9 10 6 0
Tile:7 8 4 1
Tile:5_flip 8 6 0
Map 12 5 1
Destroy 10 6 0
Tile:9 10 6 1
Destroy 10 6 0
Drop 3 0 1
Tile:5_flip 10 6 0
Destroy 10 6 1
Tile:6 10 6 0
Drop 6 0 1
Tile:8 7 4 0
Drop 4 0 1
Tile:0 7 6 0
