# Server version 0.08 running on macbook-pro-5.local:8123
# Game ID: 683
# Board class: Saboteur.SaboteurBoard
# Timeout: 2000000000
# First Move Timeout: 30000
# Date: Thu Apr 09 01:10:21 EDT 2020
# Player 1: Player-0, '260729805', running on macbook-pro-5.local
# Player 2: Player-1, 'RandomPlayer', running on macbook-pro-5.local
START Player-0 260729805
START Player-1 RandomPlayer
BoardInit:Tile:8,Tile:5,Destroy,Destroy,Tile:6,Tile:9,Tile:2,Tile:10,Tile:6,Tile:10,Tile:15,Tile:0,Tile:7,Bonus,Map,Bonus,Tile:0,Bonus,Bonus,Tile:3,Tile:8,Tile:6,Tile:8,Tile:13,Tile:12,Tile:8,Tile:1,Tile:11,Tile:9,Tile:6,Tile:8,Map,Tile:7,Tile:4,Tile:14,Malus,Tile:9,Tile:10,Tile:5,Tile:7,Tile:6-Tile:0,Tile:9,Map,Map,Destroy,Tile:5,Tile:7-Tile:7,Tile:5,Tile:0,Tile:9,Map,Map,Malus-Tile:hidden1,Tile:hidden2,Tile:nugget
Tile:0 4 5 1
Map 12 3 0
Map 12 5 1
Map 12 5 0
Tile:9_flip 6 5 1
Tile:7_flip 6 6 0
Tile:6_flip 3 5 1
Tile:5_flip 5 6 0
Tile:7_flip 2 5 1
Tile:0 4 6 0
Destroy 5 6 1
Tile:5_flip 5 6 0
Tile:2 5 4 1
Tile:9_flip 6 4 0
Tile:6 7 6 1
Tile:9 7 5 0
Tile:5_flip 8 6 1
Tile:10 7 4 0
Map 12 5 1
Tile:10 7 3 0
Destroy 4 5 1
Tile:0 4 5 0
Tile:7 2 4 1
Tile:6_flip 8 5 0
Drop 0 0 1
Destroy 5 4 0
Drop 0 0 1
Tile:8 5 4 0
Tile:0 4 4 1
Tile:3_flip 3 4 0
Map 12 3 1
Tile:6 3 6 0
Tile:8 1 4 1
Tile:11_flip 6 3 0
Tile:9_flip 1 5 1
Tile:4 7 2 0
Tile:1 9 5 1
Tile:13 5 3 0
Tile:7_flip 4 3 1
Tile:10 6 2 0
Tile:12 10 5 1
Tile:7 5 2 0
Tile:8 4 2 1
Drop 5 0 0
Tile:9_flip 4 1 1
Drop 4 0 0
Tile:6_flip 0 5 1
Drop 3 0 0
Tile:8 0 6 1
Drop 2 0 0
Drop 1 0 1
Drop 1 0 0
Tile:5 4 0 1
Malus 0 0 0
Bonus 0 0 1
GAMEOVER DRAW
# Game ended: Thu Apr 09 01:10:21 EDT 2020
