# Server version 0.08 running on localhost:8123
# Game ID: 334
# Board class: Saboteur.SaboteurBoard
# Timeout: 2000000000
# First Move Timeout: 30000
# Date: Fri Apr 03 23:34:18 EDT 2020
# Player 1: Player-0, '260729805', running on localhost
# Player 2: Player-1, 'RandomPlayer', running on localhost
START Player-0 260729805
START Player-1 RandomPlayer
BoardInit:Map,Tile:4,Tile:6,Tile:9,Tile:9,Tile:7,Tile:7,Destroy,Bonus,Map,Tile:6,Destroy,Tile:9,Destroy,Tile:6,Tile:2,Tile:12,Tile:8,Bonus,Map,Tile:7,Tile:1,Tile:5,Tile:0,Map,Tile:10,Tile:0,Tile:10,Tile:0,Tile:5,Malus,Tile:8,Tile:14,Tile:6,Tile:8,Tile:5,Tile:11,Tile:3,Tile:8,Tile:10,Bonus-Tile:9,Bonus,Tile:13,Malus,Tile:8,Tile:7,Tile:7-Tile:0,Tile:6,Tile:5,Tile:9,Tile:15,Map,Map-Tile:hidden2,Tile:hidden1,Tile:nugget
Malus 0 0 1
Map 12 3 0
Tile:8 5 4 1
Map 12 3 0
Tile:9_flip 6 5 1
Drop 6 0 0
Map 12 3 1
Drop 6 0 0
Drop 0 0 1
Destroy 6 5 0
Tile:6_flip 4 4 1
Map 12 3 0
Tile:13 6 5 1
Destroy 6 5 0
Tile:7 5 3 1
Destroy 5 4 0
Tile:9 4 5 1
Drop 6 0 0
Drop 5 0 1
Drop 6 0 0
Tile:9 5 6 1
Drop 2 0 0
Tile:7 6 6 1
Map 12 5 0
Tile:12_flip 3 4 1
Drop 6 0 0
Tile:5_flip 5 7 1
Drop 6 0 0
Tile:7_flip 6 7 1
Drop 6 0 0
Tile:0 4 7 1
Drop 6 0 0
Tile:6 4 3 1
Drop 6 0 0
Map 12 5 1
Drop 6 0 0
Tile:14 6 5 1
Drop 6 0 0
Tile:0 7 7 1
Drop 6 0 0
Tile:8 5 4 1
Drop 6 0 0
Drop 6 0 1
Drop 5 0 0
Tile:8 8 7 1
Drop 4 0 0
Tile:7_flip 3 7 1
Drop 3 0 0
Malus 0 0 1
Drop 2 0 0
Drop 1 0 1
Drop 1 0 0
Tile:11 8 8 1
Drop 0 0 0
Drop 0 0 1
GAMEOVER DRAW
# Game ended: Fri Apr 03 23:34:18 EDT 2020
