# Server version 0.08 running on localhost:8123
# Game ID: 294
# Board class: Saboteur.SaboteurBoard
# Timeout: 2000000000
# First Move Timeout: 30000
# Date: Fri Apr 03 03:12:11 EDT 2020
# Player 1: Player-0, '260729805', running on localhost
# Player 2: Player-1, 'Human', running on localhost
START Player-0 260729805
START Player-1 Human
BoardInit:Bonus,Map,Tile:0,Destroy,Tile:9,Tile:5,Tile:6,Tile:10,Tile:7,Tile:7,Tile:0,Destroy,Tile:6,Tile:7,Tile:15,Tile:9,Tile:5,Tile:8,Malus,Tile:10,Bonus,Tile:8,Tile:14,Tile:6,Tile:9,Tile:6,Map,Tile:7,Tile:9,Tile:10,Tile:8,Tile:5,Tile:8,Tile:1,Tile:12,Tile:4,Tile:3,Bonus,Tile:0,Map,Tile:9-Map,Tile:6,Map,Tile:5,Tile:8,Tile:0,Bonus-Malus,Map,Tile:2,Tile:11,Destroy,Tile:7,Tile:13-Tile:nugget,Tile:hidden1,Tile:hidden2
Tile:8 6 5 1
Map 12 3 0
Tile:0 7 5 1
Map 12 3 0
Tile:0 8 5 1
Tile:7 9 5 0
Tile:9 9 6 1
Tile:5_flip 10 6 0
Drop 2 0 1
Tile:10 9 7 0
Map 12 3 1
Tile:7_flip 9 8 0
Tile:0 10 8 1
Destroy 10 6 0
Tile:6 11 8 1
Tile:7 11 7 0
Tile:6 12 8 1
Tile:9 12 6 0
Tile:15 5 4 1
Tile:8 12 4 0
GAMEOVER WINNER 0
# Game ended: Fri Apr 03 03:12:41 EDT 2020
