# Server version 0.08 running on localhost:8123
# Game ID: 125
# Board class: Saboteur.SaboteurBoard
# Timeout: 20000
# First Move Timeout: 30000
# Date: Tue Mar 31 00:36:40 EDT 2020
# Player 1: Player-0, '260729805', running on localhost
# Player 2: Player-1, 'RandomPlayer', running on localhost
START Player-0 260729805
START Player-1 RandomPlayer
BoardInit:Tile:10,Tile:13,Tile:5,Tile:9,Tile:7,Map,Map,Tile:5,Tile:7,Tile:10,Tile:8,Tile:6,Tile:6,Bonus,Tile:15,Tile:10,Tile:9,Tile:11,Tile:7,Tile:6,Map,Tile:9,Tile:4,Malus,Tile:9,Tile:12,Tile:5,Map,Tile:8,Tile:8,Tile:3,Tile:7,Tile:6,Tile:0,Destroy,Map,Tile:0,Tile:8,Tile:1,Tile:9,Destroy-Bonus,Map,Tile:0,Bonus,Tile:2,Tile:5,Tile:8-Tile:14,Destroy,Tile:0,Bonus,Tile:7,Malus,Tile:6-Tile:nugget,Tile:hidden2,Tile:hidden1
Map 12 7 1
Tile:7 5 4 0
Tile:2_flip 6 5 1
Tile:0 4 4 0
Drop 4 0 1
Tile:9 3 4 0
Tile:7_flip 3 5 1
Tile:6_flip 3 3 0
Tile:5_flip 4 3 1
Tile:14 5 6 0
Tile:7_flip 4 6 1
Destroy 3 4 0
Map 12 5 1
Malus 0 0 0
Drop 2 0 1
Tile:13 3 4 0
Drop 1 0 1
Map 12 3 0
Drop 3 0 1
Tile:5 4 2 0
Drop 2 0 1
Tile:10 6 4 0
Map 12 3 1
Tile:6 5 2 0
Drop 5 0 1
Tile:10 5 1 0
Drop 0 0 1
Tile:11 5 0 0
Drop 5 0 1
Tile:6 6 0 0
Drop 0 0 1
Tile:9 6 3 0
Drop 6 0 1
Malus 0 0 0
Drop 3 0 1
Tile:12 7 0 0
Destroy 4 4 1
Map 12 3 0
Drop 6 0 1
Tile:8 4 5 0
Drop 2 0 1
Tile:7 6 2 0
Destroy 5 0 1
Tile:0 7 3 0
Drop 4 0 1
Map 12 3 0
Drop 2 0 1
Tile:8 5 0 0
Drop 0 0 1
Tile:9 4 0 0
Drop 0 0 1
Drop 0 0 0
Drop 1 0 1
Drop 0 0 0
Drop 0 0 1
GAMEOVER DRAW
# Game ended: Tue Mar 31 00:36:41 EDT 2020
