# Server version 0.08 running on localhost:8123
# Game ID: 369
# Board class: Saboteur.SaboteurBoard
# Timeout: 2000000000
# First Move Timeout: 30000
# Date: Sat Apr 04 00:27:42 EDT 2020
# Player 1: Player-0, '260729805', running on localhost
# Player 2: Player-1, 'RandomPlayer', running on localhost
START Player-0 260729805
START Player-1 RandomPlayer
BoardInit:Tile:9,Bonus,Tile:13,Bonus,Tile:0,Tile:15,Tile:9,Tile:7,Tile:8,Tile:14,Destroy,Tile:0,Map,Map,Tile:9,Tile:8,Tile:11,Tile:6,Bonus,Tile:9,Map,Tile:0,Map,Tile:12,Destroy,Tile:6,Destroy,Tile:2,Tile:5,Tile:7,Tile:8,Tile:5,Tile:10,Tile:0,Tile:7,Map,Malus,Tile:7,Tile:8,Tile:5,Tile:3-Tile:6,Tile:7,Tile:10,Tile:5,Tile:6,Tile:8,Malus-Tile:9,Bonus,Tile:6,Tile:10,Tile:1,Map,Tile:4-Tile:nugget,Tile:hidden2,Tile:hidden1
Tile:8 5 4 1
Map 12 3 0
Tile:6_flip 6 4 1
Tile:6 7 4 0
Tile:9_flip 5 6 1
Tile:4 7 3 0
Tile:5_flip 5 7 1
Tile:1 8 4 0
Tile:0 4 6 1
Tile:7 5 3 0
Tile:8 9 4 1
Tile:14 10 4 0
Tile:7_flip 3 6 1
Tile:0 4 5 0
Tile:13 9 5 1
Tile:15 9 6 0
Tile:9_flip 10 3 1
Drop 6 0 0
Tile:9 9 3 1
Tile:6 6 5 0
Tile:11 3 5 1
Tile:9 4 3 0
Tile:6_flip 4 7 1
Tile:10 4 2 0
Tile:10 4 8 1
Tile:9 4 1 0
Destroy 4 5 1
Tile:0 7 5 0
Destroy 4 2 1
Tile:6_flip 8 5 0
Destroy 9 3 1
Tile:12_flip 3 7 0
Map 12 5 1
Tile:5_flip 8 6 0
Map 12 5 1
Tile:0 7 6 0
Tile:8 4 2 1
Tile:7 5 1 0
Tile:7 3 4 1
Tile:7 4 0 0
Tile:5 10 2 1
Tile:5 6 6 0
Tile:10 6 7 1
Drop 4 0 0
Tile:3_flip 4 4 1
Drop 4 0 0
Tile:8 11 2 1
Drop 3 0 0
Drop 3 0 1
Drop 2 0 0
Drop 1 0 1
Drop 1 0 0
Map 12 7 1
Drop 0 0 0
Malus 0 0 1
GAMEOVER DRAW
# Game ended: Sat Apr 04 00:27:42 EDT 2020
