# Server version 0.08 running on macbook-pro-5.local:8123
# Game ID: 690
# Board class: Saboteur.SaboteurBoard
# Timeout: 2000000000
# First Move Timeout: 30000
# Date: Thu Apr 09 01:16:28 EDT 2020
# Player 1: Player-0, '260729805', running on macbook-pro-5.local
# Player 2: Player-1, 'RandomPlayer', running on macbook-pro-5.local
START Player-0 260729805
START Player-1 RandomPlayer
BoardInit:Tile:7,Tile:5,Bonus,Tile:8,Tile:7,Destroy,Tile:8,Tile:2,Tile:14,Tile:8,Map,Malus,Tile:0,Tile:10,Tile:5,Tile:4,Tile:7,Tile:9,Tile:0,Tile:6,Tile:0,Tile:9,Tile:15,Tile:5,Tile:10,Tile:7,Map,Bonus,Map,Tile:6,Tile:6,Map,Bonus,Tile:12,Tile:9,Malus,Tile:5,Tile:3,Map,Tile:8,Map-Tile:6,Tile:9,Tile:10,Tile:11,Tile:7,Tile:0,Tile:8-Tile:13,Destroy,Bonus,Tile:1,Tile:6,Destroy,Tile:9-Tile:hidden2,Tile:nugget,Tile:hidden1
Tile:9_flip 5 4 1
Tile:6 6 5 0
Tile:6_flip 5 3 1
Tile:5_flip 7 5 0
Tile:0 6 3 1
Tile:9 7 4 0
Tile:8 4 4 1
Tile:8 8 4 0
Tile:7_flip 8 5 1
Destroy 7 5 0
Tile:11 5 6 1
Tile:8 7 3 0
Tile:8 8 3 1
Destroy 5 6 0
Tile:7_flip 4 5 1
Tile:10 8 2 0
Tile:7 9 4 1
Tile:4 6 4 0
Tile:10 5 6 1
Tile:9_flip 7 5 0
Tile:7_flip 5 7 1
Tile:6 9 5 0
Map 12 3 1
Tile:9_flip 7 2 0
Tile:0 9 3 1
Destroy 6 4 0
Tile:5 7 1 1
Tile:7 8 1 0
Tile:0 6 2 1
Tile:5 4 3 0
Tile:14 10 3 1
Tile:6 5 2 0
Tile:6 6 7 1
Map 12 3 0
Tile:0 4 2 1
Tile:12 7 7 0
Map 12 5 1
Tile:2_flip 7 6 0
Tile:5 10 2 1
Tile:1 8 6 0
Tile:9_flip 10 5 1
Tile:3 9 6 0
Tile:15 9 7 1
Tile:13 11 2 0
Drop 1 0 1
Tile:8 12 2 0
Map 12 3 1
Drop 3 0 0
Drop 2 0 1
Drop 2 0 0
Map 12 3 1
Drop 1 0 0
Drop 1 0 1
Drop 0 0 0
Drop 0 0 1
GAMEOVER DRAW
# Game ended: Thu Apr 09 01:16:29 EDT 2020
