# Server version 0.08 running on localhost:8123
# Game ID: 467
# Board class: Saboteur.SaboteurBoard
# Timeout: 2000000000
# First Move Timeout: 30000
# Date: Sun Apr 05 15:26:51 EDT 2020
# Player 1: Player-0, 'RandomPlayer', running on localhost
# Player 2: Player-1, '260729805', running on localhost
START Player-0 RandomPlayer
START Player-1 260729805
BoardInit:Tile:10,Tile:10,Tile:8,Malus,Bonus,Tile:5,Map,Tile:6,Tile:8,Tile:7,Tile:7,Tile:0,Tile:6,Tile:9,Map,Tile:6,Bonus,Destroy,Map,Malus,Tile:0,Tile:12,Tile:8,Tile:7,Tile:9,Tile:9,Tile:5,Tile:11,Tile:8,Destroy,Destroy,Tile:5,Tile:0,Map,Tile:1,Tile:2,Tile:8,Tile:14,Tile:3,Tile:9,Tile:9-Tile:6,Tile:7,Bonus,Tile:15,Tile:7,Tile:6,Tile:13-Bonus,Tile:4,Tile:10,Tile:0,Map,Tile:5,Map-Tile:nugget,Tile:hidden2,Tile:hidden1
Tile:6 6 5 1
Tile:4_flip 5 6 0
Tile:6 7 5 1
Tile:5 5 4 0
Tile:7_flip 4 5 1
Tile:10 4 4 0
Tile:15 7 4 1
Map 12 3 0
Map 12 3 1
Tile:5 7 3 0
Tile:7 6 4 1
Drop 1 0 0
Tile:13 8 3 1
Tile:7 8 5 0
Tile:7_flip 8 4 1
Tile:10 8 6 0
Tile:6 9 4 1
Tile:9 4 3 0
Tile:8 10 4 1
Drop 1 0 0
Tile:8 11 4 1
Destroy 8 3 0
Tile:10 11 3 1
Tile:6_flip 8 3 0
Tile:8 12 4 1
Tile:7_flip 11 5 0
Tile:9_flip 13 4 1
Tile:9_flip 4 2 0
Tile:5_flip 13 5 1
Tile:6 5 3 0
Tile:8 13 3 1
Malus 0 0 0
Bonus 0 0 1
Tile:11_flip 4 1 0
Destroy 12 4 1
Destroy 13 5 0
Tile:0 12 4 1
Tile:12 6 3 0
Tile:8 11 2 1
Tile:5 5 2 0
Tile:0 12 2 1
Tile:9 3 1 0
Tile:9_flip 13 2 1
Tile:2_flip 6 2 0
Tile:3 10 3 1
Tile:14_flip 11 1 0
Tile:1 12 1 1
Drop 2 0 0
Drop 3 0 1
Drop 1 0 0
Drop 2 0 1
Map 12 7 0
Drop 1 0 1
Drop 0 0 0
Drop 0 0 1
GAMEOVER DRAW
# Game ended: Sun Apr 05 15:26:52 EDT 2020
