# Server version 0.08 running on localhost:8123
# Game ID: 487
# Board class: Saboteur.SaboteurBoard
# Timeout: 2000000000
# First Move Timeout: 30000
# Date: Sun Apr 05 17:26:19 EDT 2020
# Player 1: Player-0, '260729805', running on localhost
# Player 2: Player-1, 'Human', running on localhost
START Player-0 260729805
START Player-1 Human
BoardInit:Tile:0,Tile:9,Tile:8,Tile:5,Tile:5,Tile:11,Map,Tile:10,Tile:0,Map,Tile:8,Tile:9,Bonus,Tile:6,Malus,Tile:8,Tile:14,Tile:6,Tile:13,Tile:8,Tile:3,Tile:7,Tile:6,Tile:10,Tile:6,Tile:9,Bonus,Bonus,Tile:9,Tile:5,Bonus,Map,Tile:0,Tile:15,Destroy,Destroy,Tile:5,Tile:9,Tile:0,Tile:12,Tile:6-Tile:7,Tile:2,Tile:10,Tile:7,Tile:8,Tile:1,Destroy-Tile:4,Map,Tile:7,Malus,Map,Tile:7,Map-Tile:hidden2,Tile:nugget,Tile:hidden1
Tile:8 6 5 1
Map 12 3 0
Tile:0 7 5 1
Map 12 5 0
Tile:8 8 5 1
Tile:7_flip 6 6 0
Tile:7 9 5 1
Tile:7_flip 9 6 0
Tile:7 10 6 1
Tile:5_flip 8 6 0
Tile:10 10 7 1
Tile:11_flip 5 6 0
Tile:8 10 8 1
Tile:4 8 4 0
Tile:0 11 8 1
Tile:6 12 8 0
Map 12 5 1
