# Server version 0.08 running on localhost:8123
# Game ID: 924
# Board class: Saboteur.SaboteurBoard
# Timeout: 2000000000
# First Move Timeout: 30000
# Date: Sat Apr 11 02:01:36 EDT 2020
# Player 1: Player-0, '260729805', running on localhost
# Player 2: Player-1, 'RandomPlayer', running on localhost
START Player-0 260729805
START Player-1 RandomPlayer
BoardInit:Tile:7,Tile:10,Tile:6,Bonus,Tile:0,Tile:8,Tile:7,Map,Tile:3,Bonus,Tile:6,Tile:6,Tile:0,Tile:10,Malus,Tile:10,Tile:1,Tile:6,Tile:5,Bonus,Destroy,Tile:12,Map,Tile:0,Tile:15,Destroy,Tile:13,Tile:0,Tile:9,Tile:14,Tile:2,Tile:8,Bonus,Tile:9,Tile:8,Tile:7,Destroy,Tile:5,Tile:8,Tile:5,Map-Tile:7,Malus,Map,Tile:11,Tile:5,Tile:7,Tile:9-Tile:6,Tile:9,Tile:9,Tile:4,Tile:8,Map,Map-Tile:nugget,Tile:hidden1,Tile:hidden2
Tile:11 4 5 1
Map 12 3 0
Tile:5 5 4 1
Tile:6 6 4 0
Tile:7 6 5 1
Tile:9_flip 7 4 0
Tile:9 4 6 1
Tile:9 7 3 0
Tile:7_flip 7 5 1
Tile:8 8 3 0
Tile:7 8 5 1
Tile:8 9 3 0
Map 12 7 1
Tile:6 9 4 0
Drop 3 0 1
Tile:10 9 2 0
Tile:6 5 6 1
Tile:10 9 1 0
Drop 1 0 1
Tile:6 10 4 0
Drop 4 0 1
Tile:10 8 2 0
Tile:6 8 6 1
Tile:4 9 0 0
Tile:3 8 1 1
Tile:0 9 6 0
Tile:1 11 4 1
Destroy 9 0 0
Tile:15 7 2 1
Tile:0 12 4 0
Map 12 7 1
Tile:12 10 6 0
Malus 0 0 1
Bonus 0 0 0
Tile:2_flip 13 4 1
Tile:8 13 3 0
Destroy 4 5 1
Tile:9 9 0 0
Tile:9 4 5 1
Tile:7 10 0 0
Destroy 9 4 1
Tile:5 13 2 0
Tile:8 10 3 1
Tile:5_flip 11 3 0
Tile:5 7 1 1
Tile:14_flip 10 2 0
Drop 3 0 1
Drop 3 0 0
Tile:0 7 6 1
Drop 2 0 0
Drop 1 0 1
Drop 1 0 0
Tile:13 6 6 1
Drop 0 0 0
Map 12 5 1
GAMEOVER DRAW
# Game ended: Sat Apr 11 02:01:36 EDT 2020
