# Server version 0.08 running on macbook-pro-5.local:8123
# Game ID: 689
# Board class: Saboteur.SaboteurBoard
# Timeout: 2000000000
# First Move Timeout: 30000
# Date: Thu Apr 09 01:16:17 EDT 2020
# Player 1: Player-0, '260729805', running on macbook-pro-5.local
# Player 2: Player-1, 'RandomPlayer', running on macbook-pro-5.local
START Player-0 260729805
START Player-1 RandomPlayer
BoardInit:Destroy,Tile:13,Tile:5,Tile:8,Tile:6,Tile:14,Tile:8,Destroy,Tile:6,Tile:2,Malus,Tile:0,Tile:4,Tile:7,Tile:9,Tile:10,Tile:7,Tile:10,Tile:11,Tile:8,Tile:7,Tile:7,Bonus,Map,Tile:12,Map,Tile:1,Tile:10,Malus,Map,Map,Tile:9,Tile:3,Tile:0,Tile:8,Tile:6,Tile:9,Tile:5,Tile:9,Destroy,Bonus-Tile:6,Map,Tile:6,Tile:7,Map,Tile:5,Bonus-Tile:5,Tile:8,Tile:9,Tile:0,Tile:0,Tile:15,Bonus-Tile:nugget,Tile:hidden1,Tile:hidden2
Map 12 3 1
Tile:5_flip 6 5 0
Tile:6 4 5 1
Tile:8 6 4 0
Drop 1 0 1
Tile:0 7 4 0
Drop 6 0 1
Tile:0 8 4 0
Map 12 7 1
Tile:9 5 4 0
Tile:5 3 5 1
Tile:8 9 4 0
Tile:8 10 4 1
Destroy 6 4 0
Tile:6_flip 6 4 1
Tile:15 4 4 0
Destroy 3 5 1
Tile:13 5 6 0
Tile:5 3 5 1
Tile:2 6 6 0
Tile:9_flip 10 3 1
Tile:14_flip 4 6 0
Tile:6_flip 9 3 1
Drop 6 0 0
Tile:4_flip 9 5 1
Map 12 3 0
Tile:11 5 7 1
Drop 6 0 0
Drop 2 0 1
Tile:0 8 3 0
Tile:1 7 6 1
Tile:10 10 2 0
Tile:7 5 3 1
Drop 6 0 0
Malus 0 0 1
Bonus 0 0 0
Tile:3_flip 7 3 1
Tile:8 4 3 0
Tile:9_flip 5 8 1
Drop 6 0 0
Tile:9 10 1 1
Destroy 5 4 0
Tile:8 11 4 1
Tile:6 12 4 0
GAMEOVER WINNER 0
# Game ended: Thu Apr 09 01:16:18 EDT 2020
