# Server version 0.08 running on macbook-pro-5.local:8123
# Game ID: 590
# Board class: Saboteur.SaboteurBoard
# Timeout: 2000000000
# First Move Timeout: 30000
# Date: Sun Apr 05 21:01:37 EDT 2020
# Player 1: Player-0, '260729805', running on localhost
# Player 2: Player-1, 'Human', running on localhost
START Player-0 260729805
START Player-1 Human
BoardInit:Tile:7,Tile:9,Destroy,Tile:9,Bonus,Tile:9,Tile:8,Destroy,Destroy,Tile:8,Destroy,Tile:7,Tile:8,Tile:0,Tile:15,Tile:5,Map,Destroy,Map,Tile:6,Malus,Tile:8,Tile:14,Tile:5,Tile:13,Tile:10,Tile:9,Map,Destroy,Destroy,Tile:8,Map,Tile:7,Tile:8,Tile:8,Destroy,Destroy,Destroy,Tile:4,Bonus,Destroy,Tile:6,Tile:8,Tile:5,Bonus,Destroy,Tile:8,Tile:8,Malus,Tile:8,Tile:8,Tile:8,Tile:12,Tile:7,Destroy,Tile:1,Tile:10,Tile:0,Tile:8,Tile:11,Tile:8,Tile:8,Tile:0,Map,Tile:8,Tile:8,Tile:6,Tile:8,Tile:2,Tile:6,Tile:9,Destroy,Destroy,Tile:8,Tile:6-Bonus,Tile:10,Tile:3,Destroy,Destroy,Destroy,Map-Tile:0,Destroy,Tile:7,Tile:5,Destroy,Tile:8,Destroy-Tile:hidden2,Tile:nugget,Tile:hidden1
Map 12 7 1
Tile:0 6 5 0
Drop 6 0 1
Tile:7 7 5 0
Drop 2 0 1
Tile:5_flip 7 6 0
Drop 1 0 1
Tile:8 5 4 0
Destroy 7 6 1
Tile:9 7 6 0
Tile:8 8 6 1
Tile:9_flip 9 6 0
Drop 4 0 1
Tile:7 9 5 0
Tile:8 9 7 1
Tile:9 8 5 0
Destroy 6 5 1
Tile:0 6 5 0
Destroy 6 5 1
Tile:5_flip 6 4 0
Drop 6 0 1
Tile:6_flip 6 5 0
Drop 6 0 1
Tile:8 9 8 0
Drop 6 0 1
Tile:8 10 8 0
Drop 6 0 1
Tile:10 8 4 0
Drop 4 0 1
Map 12 3 0
Drop 4 0 1
Tile:5_flip 10 9 0
Tile:8 10 7 1
Map 12 5 0
Destroy 6 5 1
Tile:8 11 7 0
Destroy 9 6 1
Destroy 11 7 0
Destroy 9 5 1
Drop 6 0 0
Destroy 8 4 1
Drop 6 0 0
Destroy 10 9 1
Tile:6 11 7 0
Tile:8 11 6 1
Tile:5 11 5 0
Tile:8 12 6 1
Destroy 11 5 0
