# Server version 0.08 running on macbook-pro-5.local:8123
# Game ID: 612
# Board class: Saboteur.SaboteurBoard
# Timeout: 2000000000
# First Move Timeout: 30000
# Date: Wed Apr 08 23:25:47 EDT 2020
# Player 1: Player-0, '260729805', running on macbook-pro-5.local
# Player 2: Player-1, 'RandomPlayer', running on macbook-pro-5.local
START Player-0 260729805
START Player-1 RandomPlayer
BoardInit:Tile:14,Tile:12,Tile:9,Tile:6,Tile:15,Tile:6,Destroy,Map,Tile:5,Tile:9,Tile:8,Map,Bonus,Tile:8,Tile:5,Tile:6,Bonus,Map,Tile:8,Tile:3,Tile:5,Map,Bonus,Tile:4,Tile:10,Tile:7,Tile:0,Tile:7,Tile:6,Bonus,Tile:7,Tile:0,Destroy,Tile:9,Map,Malus,Tile:11,Tile:0,Map,Tile:10,Tile:13-Tile:8,Tile:5,Tile:1,Tile:2,Tile:0,Malus,Tile:8-Destroy,Tile:6,Tile:9,Tile:10,Tile:7,Tile:7,Tile:9-Tile:nugget,Tile:hidden1,Tile:hidden2
Tile:2 5 4 1
Tile:6 6 5 0
Tile:8 4 4 1
Tile:7 7 5 0
Tile:9_flip 7 6 1
Tile:7_flip 7 7 0
Drop 4 0 1
Tile:6 8 7 0
Tile:14_flip 4 3 1
Map 12 3 0
Destroy 4 3 1
Tile:6 9 7 0
Tile:5 8 6 1
Tile:9_flip 9 6 0
Tile:0 10 7 1
Tile:8 11 7 0
Tile:8 12 6 1
Tile:10 12 4 0
GAMEOVER WINNER 0
# Game ended: Wed Apr 08 23:26:09 EDT 2020
