# Server version 0.08 running on localhost:8123
# Game ID: 968
# Board class: Saboteur.SaboteurBoard
# Timeout: 2000000000
# First Move Timeout: 30000
# Date: Sat Apr 11 02:34:55 EDT 2020
# Player 1: Player-0, '260729805', running on localhost
# Player 2: Player-1, 'RandomPlayer', running on localhost
START Player-0 260729805
START Player-1 RandomPlayer
BoardInit:Destroy,Tile:5,Tile:6,Bonus,Tile:11,Map,Tile:14,Tile:8,Tile:8,Tile:5,Tile:10,Map,Map,Malus,Tile:8,Bonus,Tile:0,Tile:12,Tile:6,Tile:9,Tile:6,Map,Tile:7,Tile:7,Tile:6,Tile:10,Bonus,Tile:6,Tile:7,Destroy,Tile:5,Tile:0,Tile:0,Tile:13,Tile:2,Tile:7,Tile:8,Tile:9,Tile:7,Malus,Tile:9-Tile:15,Map,Tile:1,Tile:5,Tile:3,Tile:4,Tile:10-Tile:9,Tile:9,Destroy,Tile:0,Bonus,Tile:8,Map-Tile:hidden1,Tile:hidden2,Tile:nugget
Map 12 3 1
Map 12 3 0
Tile:5 5 4 1
Destroy 5 4 0
Tile:6_flip 5 4 1
Tile:0 6 5 0
Tile:3_flip 4 4 1
Map 12 5 0
Tile:1 4 5 1
Tile:5_flip 7 5 0
Tile:15 4 3 1
Tile:5 7 4 0
Destroy 7 4 1
Tile:9 7 4 0
Map 12 7 1
Malus 0 0 0
Drop 5 0 1
Tile:9_flip 8 4 0
Drop 3 0 1
Tile:8 8 3 0
Drop 2 0 1
Tile:9 8 5 0
Drop 0 0 1
Tile:8 9 5 0
Drop 2 0 1
Tile:7 10 5 0
Drop 0 0 1
Tile:10 10 6 0
Drop 6 0 1
Tile:6 10 7 0
Drop 0 0 1
Destroy 10 7 0
Drop 6 0 1
Tile:0 9 3 0
Drop 3 0 1
Tile:12 10 3 0
Drop 3 0 1
Tile:7_flip 10 7 0
Drop 6 0 1
Tile:9_flip 11 7 0
Drop 2 0 1
Malus 0 0 0
Drop 0 0 1
Tile:13 11 8 0
Drop 4 0 1
Drop 4 0 0
Drop 2 0 1
Drop 3 0 0
Drop 0 0 1
Drop 2 0 0
Drop 0 0 1
Drop 1 0 0
Drop 1 0 1
Drop 0 0 0
Drop 0 0 1
GAMEOVER DRAW
# Game ended: Sat Apr 11 02:35:11 EDT 2020
