# Server version 0.08 running on localhost:8123
# Game ID: 362
# Board class: Saboteur.SaboteurBoard
# Timeout: 2000000000
# First Move Timeout: 30000
# Date: Sat Apr 04 00:23:56 EDT 2020
# Player 1: Player-0, '260729805', running on localhost
# Player 2: Player-1, 'Human', running on localhost
START Player-0 260729805
START Player-1 Human
BoardInit:Bonus,Bonus,Map,Tile:0,Bonus,Destroy,Tile:5,Tile:8,Tile:2,Tile:6,Tile:7,Map,Tile:4,Tile:10,Destroy,Tile:14,Tile:0,Tile:11,Tile:8,Malus,Tile:10,Tile:1,Tile:9,Malus,Tile:7,Tile:9,Tile:0,Tile:3,Tile:7,Tile:0,Tile:15,Tile:6,Tile:5,Tile:6,Tile:12,Tile:6,Tile:9,Tile:9,Tile:6,Tile:10,Tile:5-Map,Tile:7,Destroy,Tile:8,Map,Tile:5,Tile:7-Map,Map,Bonus,Tile:9,Tile:13,Tile:8,Tile:8-Tile:hidden2,Tile:hidden1,Tile:nugget
Tile:8 6 5 1
Map 12 3 0
Map 12 5 1
Map 12 5 0
Map 12 3 1
Tile:0 7 5 0
Map 12 7 1
Tile:13 8 5 0
Tile:7 6 4 1
Destroy 8 5 0
Tile:7 8 5 1
Tile:6 8 6 0
Tile:7 9 6 1
Map 12 7 0
Tile:5 4 5 1
Drop 6 0 0
