# Server version 0.08 running on localhost:8123
# Game ID: 958
# Board class: Saboteur.SaboteurBoard
# Timeout: 2000000000
# First Move Timeout: 30000
# Date: Sat Apr 11 02:23:18 EDT 2020
# Player 1: Player-0, '260729805', running on localhost
# Player 2: Player-1, 'RandomPlayer', running on localhost
START Player-0 260729805
START Player-1 RandomPlayer
BoardInit:Tile:14,Destroy,Map,Tile:0,Tile:10,Tile:7,Tile:13,Tile:7,Malus,Tile:5,Tile:15,Map,Tile:6,Tile:2,Destroy,Tile:8,Tile:7,Tile:9,Map,Tile:8,Tile:8,Bonus,Tile:3,Tile:9,Destroy,Tile:9,Tile:6,Tile:5,Tile:5,Tile:8,Tile:0,Tile:6,Tile:1,Tile:8,Malus,Tile:5,Map,Bonus,Tile:9,Tile:6,Tile:4-Bonus,Tile:0,Tile:9,Bonus,Tile:7,Tile:7,Map-Tile:12,Tile:6,Tile:0,Tile:11,Tile:10,Map,Tile:10-Tile:hidden2,Tile:hidden1,Tile:nugget
Tile:9 5 4 1
Map 12 3 0
Drop 1 0 1
Destroy 5 4 0
Map 12 3 1
Tile:6 6 5 0
Tile:7 5 4 1
Tile:0 7 5 0
Drop 0 0 1
Tile:0 8 5 0
Tile:14 5 6 1
Tile:7 9 5 0
Tile:7_flip 4 6 1
Map 12 5 0
Tile:13 4 5 1
Tile:7_flip 9 6 0
Map 12 7 1
Tile:5_flip 10 6 0
Tile:6 3 5 1
Tile:10 6 4 0
Destroy 9 5 1
Tile:8 9 5 0
Drop 5 0 1
Tile:10 9 4 0
Drop 4 0 1
Tile:9 9 3 0
Destroy 4 5 1
Tile:8 9 2 0
Tile:6 10 2 1
Tile:9 10 1 0
Drop 2 0 1
Tile:9_flip 11 1 0
Tile:8 10 5 1
Tile:5_flip 11 5 0
Tile:5_flip 11 2 1
Tile:8 8 2 0
Tile:3 6 3 1
Tile:5 10 4 0
Tile:15 8 3 1
Tile:8 7 2 0
Tile:9_flip 3 4 1
Tile:6_flip 11 0 0
Tile:10 9 1 1
Tile:6 12 0 0
Tile:1 10 3 1
Tile:12 13 0 0
Tile:4_flip 7 3 1
Tile:2 11 3 0
Tile:0 5 3 1
Tile:11_flip 8 1 0
Drop 1 0 1
Drop 1 0 0
Map 12 3 1
Drop 0 0 0
Drop 0 0 1
GAMEOVER DRAW
# Game ended: Sat Apr 11 02:23:21 EDT 2020
