# Server version 0.08 running on macbook-pro-5.local:8123
# Game ID: 682
# Board class: Saboteur.SaboteurBoard
# Timeout: 2000000000
# First Move Timeout: 30000
# Date: Thu Apr 09 01:10:16 EDT 2020
# Player 1: Player-0, '260729805', running on macbook-pro-5.local
# Player 2: Player-1, 'RandomPlayer', running on macbook-pro-5.local
START Player-0 260729805
START Player-1 RandomPlayer
BoardInit:Tile:5,Tile:4,Tile:12,Tile:7,Tile:11,Tile:0,Destroy,Bonus,Bonus,Tile:8,Tile:10,Tile:5,Tile:9,Map,Tile:8,Tile:6,Tile:10,Tile:7,Destroy,Map,Tile:7,Tile:6,Tile:5,Tile:7,Tile:2,Map,Tile:14,Tile:10,Tile:9,Tile:6,Tile:0,Tile:6,Tile:9,Map,Tile:7,Tile:8,Malus,Bonus,Tile:6,Tile:8,Tile:5-Tile:8,Tile:1,Destroy,Tile:9,Tile:0,Malus,Tile:9-Bonus,Tile:13,Map,Tile:15,Tile:3,Map,Tile:0-Tile:nugget,Tile:hidden2,Tile:hidden1
Drop 3 0 1
Map 12 3 0
Malus 0 0 1
Bonus 0 0 0
Tile:8 6 5 1
Tile:0 7 5 0
Tile:9_flip 6 6 1
Tile:7_flip 5 6 0
Tile:5_flip 6 7 1
Tile:0 5 7 0
Destroy 5 7 1
Tile:8 8 5 0
Tile:12_flip 5 7 1
Tile:5_flip 9 5 0
Tile:10 8 6 1
Tile:4 9 4 0
Destroy 8 5 1
Tile:6_flip 8 5 0
Tile:8 5 4 1
Tile:7 6 4 0
Tile:9_flip 5 3 1
Tile:13 8 7 0
Destroy 7 5 1
Tile:6 7 5 0
Drop 2 0 1
Tile:7_flip 7 7 0
Tile:7 5 2 1
Tile:15 7 4 0
Tile:2 4 5 1
Tile:10 4 6 0
Tile:14_flip 3 5 1
Tile:6 4 4 0
Tile:5_flip 3 6 1
Tile:6_flip 4 3 0
Tile:10 7 3 1
Tile:3_flip 4 2 0
Tile:7 4 1 1
Tile:8 3 3 0
Tile:9_flip 9 7 1
Drop 4 0 0
Tile:9 2 3 1
Drop 4 0 0
Tile:6_flip 3 1 1
Drop 4 0 0
Tile:5_flip 9 8 1
Drop 4 0 0
Drop 3 0 1
Drop 3 0 0
Drop 3 0 1
Drop 2 0 0
Drop 1 0 1
Drop 1 0 0
Drop 0 0 1
Drop 0 0 0
Drop 0 0 1
GAMEOVER DRAW
# Game ended: Thu Apr 09 01:10:17 EDT 2020
