# Server version 0.08 running on macbook-pro-5.local:8123
# Game ID: 633
# Board class: Saboteur.SaboteurBoard
# Timeout: 2000000000
# First Move Timeout: 30000
# Date: Thu Apr 09 00:14:26 EDT 2020
# Player 1: Player-0, '260729805', running on macbook-pro-5.local
# Player 2: Player-1, 'Human', running on macbook-pro-5.local
START Player-0 260729805
START Player-1 Human
BoardInit:Bonus,Tile:5,Malus,Tile:8,Tile:6,Tile:9,Tile:7,Tile:9,Tile:8,Bonus,Tile:7,Tile:6,Tile:1,Tile:10,Tile:8,Tile:10,Tile:3,Tile:7,Bonus,Tile:4,Tile:0,Tile:7,Tile:5,Destroy,Tile:0,Destroy,Bonus,Tile:2,Tile:6,Map,Tile:9,Tile:6,Map,Tile:10,Tile:12,Map,Destroy,Tile:0,Tile:8,Tile:9,Map-Tile:8,Tile:14,Malus,Tile:7,Map,Tile:11,Tile:6-Map,Tile:13,Tile:9,Tile:5,Tile:5,Tile:15,Tile:0-Tile:nugget,Tile:hidden1,Tile:hidden2
Tile:6 6 5 1
Map 12 3 0
Tile:7 7 5 1
Tile:5_flip 7 6 0
Tile:8 6 4 1
Tile:5_flip 7 4 0
Map 12 3 1
Tile:5 7 3 0
Tile:7 8 3 1
Tile:9 8 4 0
Tile:6 9 4 1
Tile:0 10 4 0
