# Server version 0.08 running on localhost:8123
# Game ID: 292
# Board class: Saboteur.SaboteurBoard
# Timeout: 2000000000
# First Move Timeout: 30000
# Date: Fri Apr 03 03:08:56 EDT 2020
# Player 1: Player-0, '260729805', running on localhost
# Player 2: Player-1, 'Human', running on localhost
START Player-0 260729805
START Player-1 Human
BoardInit:Map,Map,Map,Tile:8,Map,Tile:5,Bonus,Tile:5,Tile:10,Tile:9,Malus,Tile:14,Destroy,Tile:3,Bonus,Tile:0,Destroy,Tile:8,Bonus,Tile:9,Tile:7,Tile:7,Tile:6,Malus,Tile:12,Tile:8,Tile:9,Tile:7,Map,Destroy,Tile:9,Tile:8,Tile:7,Tile:8,Tile:2,Tile:6,Tile:15,Tile:5,Bonus,Tile:1,Tile:10-Tile:11,Tile:5,Tile:6,Tile:6,Tile:0,Tile:10,Tile:0-Tile:6,Tile:7,Tile:4,Tile:13,Tile:9,Map,Tile:0-Tile:nugget,Tile:hidden1,Tile:hidden2
Tile:0 6 5 1
Map 12 3 0
Tile:0 7 5 1
Map 12 3 0
Map 12 7 1
Tile:6 8 5 0
Map 12 5 1
Tile:7 9 5 0
Tile:10 9 6 1
Tile:4_flip 9 7 0
Drop 0 0 1
Tile:9 8 4 0
Tile:6 9 4 1
Tile:0 10 4 0
Destroy 9 7 1
Tile:8 9 3 0
Tile:6 9 7 1
Tile:5 9 2 0
Drop 0 0 1
Tile:5_flip 10 2 0
Drop 1 0 1
Tile:9 10 1 0
Tile:7 10 7 1
Tile:8 10 8 0
Tile:6 11 8 1
Tile:9 11 7 0
Tile:10 12 6 1
Tile:8 12 8 0
