# Server version 0.08 running on localhost:8123
# Game ID: 424
# Board class: Saboteur.SaboteurBoard
# Timeout: 2000000000
# First Move Timeout: 30000
# Date: Sat Apr 04 21:36:26 EDT 2020
# Player 1: Player-0, '260729805', running on localhost
# Player 2: Player-1, 'Human', running on localhost
START Player-0 260729805
START Player-1 Human
BoardInit:Tile:8,Malus,Map,Tile:13,Tile:15,Tile:14,Tile:7,Tile:10,Tile:0,Tile:9,Map,Tile:9,Tile:2,Tile:8,Tile:4,Tile:0,Map,Tile:1,Tile:10,Tile:8,Destroy,Tile:0,Tile:3,Tile:6,Tile:5,Tile:9,Tile:11,Tile:6,Bonus,Tile:5,Tile:0,Tile:7,Tile:6,Map,Destroy,Tile:9,Tile:12,Tile:8,Map,Map,Tile:8-Tile:7,Malus,Tile:5,Destroy,Tile:10,Bonus,Tile:7-Tile:6,Bonus,Tile:9,Tile:7,Bonus,Tile:6,Tile:5-Tile:nugget,Tile:hidden2,Tile:hidden1
Tile:7 6 5 1
Tile:6 6 6 0
Tile:8 7 6 1
Tile:7 8 6 0
Map 12 7 1
Tile:6 8 7 0
Tile:7 9 7 1
Tile:5_flip 9 8 0
Destroy 9 8 1
Tile:13 9 8 0
Drop 4 0 1
Tile:14 10 8 0
Map 12 5 1
Drop 6 0 0
Drop 6 0 1
Drop 6 0 0
Drop 6 0 1
Tile:0 4 5 0
Tile:5 7 5 1
Tile:1 8 5 0
Drop 0 0 1
Tile:9 7 7 0
Destroy 8 5 1
Tile:10 7 8 0
Tile:0 8 5 1
Tile:9_flip 9 5 0
Tile:7_flip 9 6 1
Tile:8 10 6 0
Tile:5 10 5 1
Tile:0 11 5 0
Tile:10 12 6 1
Tile:9 12 4 0
GAMEOVER WINNER 0
# Game ended: Sat Apr 04 21:38:23 EDT 2020
