# Server version 0.08 running on macbook-pro-5.local:8123
# Game ID: 927
# Board class: Saboteur.SaboteurBoard
# Timeout: 2000000000
# First Move Timeout: 30000
# Date: Sat Apr 11 02:03:30 EDT 2020
# Player 1: Player-0, '260729805', running on localhost
# Player 2: Player-1, 'RandomPlayer', running on localhost
START Player-0 260729805
START Player-1 RandomPlayer
BoardInit:Tile:10,Map,Bonus,Tile:8,Tile:4,Destroy,Tile:15,Bonus,Tile:9,Malus,Map,Tile:7,Tile:7,Tile:6,Tile:5,Tile:3,Tile:10,Tile:8,Tile:13,Tile:8,Tile:2,Tile:0,Bonus,Tile:6,Tile:8,Tile:7,Map,Map,Tile:9,Tile:5,Tile:0,Map,Tile:6,Tile:5,Tile:12,Tile:6,Tile:9,Tile:10,Destroy,Tile:7,Tile:11-Malus,Tile:0,Tile:8,Tile:1,Tile:0,Tile:7,Bonus-Tile:14,Tile:5,Destroy,Tile:6,Tile:9,Tile:9,Map-Tile:nugget,Tile:hidden1,Tile:hidden2
Tile:1 4 5 1
Map 12 3 0
Drop 5 0 1
Tile:5_flip 6 5 0
Tile:10 5 4 1
Tile:6_flip 5 3 0
Drop 3 0 1
Tile:9_flip 6 3 0
Tile:8 6 2 1
Tile:9_flip 7 2 0
Tile:9 6 4 1
Malus 0 0 0
Drop 0 0 1
Tile:7_flip 7 3 0
Map 12 5 1
Tile:6 8 3 0
Drop 1 0 1
Destroy 7 2 0
Drop 3 0 1
Destroy 6 2 0
Drop 2 0 1
Tile:8 6 2 0
Drop 3 0 1
Tile:8 7 2 0
Drop 0 0 1
Tile:8 9 3 0
Drop 5 0 1
Tile:0 10 3 0
Drop 6 0 1
Tile:6 11 3 0
GAMEOVER WINNER 0
# Game ended: Sat Apr 11 02:03:30 EDT 2020
