# Server version 0.08 running on localhost:8123
# Game ID: 363
# Board class: Saboteur.SaboteurBoard
# Timeout: 2000000000
# First Move Timeout: 30000
# Date: Sat Apr 04 00:26:34 EDT 2020
# Player 1: Player-0, 'RandomPlayer', running on localhost
# Player 2: Player-1, '260729805', running on localhost
START Player-0 RandomPlayer
START Player-1 260729805
BoardInit:Tile:1,Tile:14,Tile:12,Tile:9,Tile:11,Tile:10,Tile:10,Tile:9,Tile:6,Destroy,Map,Bonus,Tile:10,Destroy,Tile:13,Tile:0,Map,Map,Tile:9,Tile:4,Map,Tile:0,Tile:8,Tile:0,Tile:0,Tile:8,Tile:2,Tile:7,Tile:8,Tile:15,Tile:8,Malus,Bonus,Tile:8,Tile:9,Tile:6,Tile:5,Tile:5,Tile:3,Tile:7,Map-Tile:6,Tile:5,Malus,Tile:5,Tile:6,Tile:7,Bonus-Tile:7,Tile:6,Destroy,Bonus,Tile:7,Tile:9,Map-Tile:hidden2,Tile:hidden1,Tile:nugget
Tile:6 6 5 1
Tile:7_flip 5 6 0
Tile:7 7 5 1
Tile:7 5 4 0
Tile:5 6 4 1
Tile:9_flip 7 6 0
Tile:12 7 4 1
Drop 2 0 0
Tile:5_flip 7 7 1
Destroy 6 4 0
Tile:6_flip 6 6 1
Tile:9 6 4 0
Map 12 3 1
Tile:6_flip 4 5 0
Tile:6 6 7 1
Drop 5 0 0
Tile:11 6 3 1
Destroy 5 4 0
Map 12 5 1
Tile:14_flip 5 7 0
Tile:10 5 4 1
Map 12 7 0
Map 12 7 1
Map 12 5 0
Tile:10 5 3 1
Drop 2 0 0
Tile:9 5 2 1
Tile:9_flip 4 6 0
Tile:8 6 2 1
Drop 6 0 0
Tile:8 7 2 1
Drop 3 0 0
Tile:8 8 2 1
Tile:4_flip 8 3 0
Tile:0 9 2 1
Tile:0 3 6 0
Tile:9_flip 10 2 1
Tile:6_flip 6 1 0
Tile:5 10 1 1
Tile:5_flip 7 3 0
Tile:1 11 1 1
Tile:8 8 1 0
Tile:13 8 0 1
Tile:8 5 8 0
Tile:2 9 0 1
Tile:7_flip 4 8 0
Tile:3 6 8 1
Drop 2 0 0
Drop 3 0 1
Drop 0 0 0
Drop 2 0 1
Tile:0 3 5 0
Drop 1 0 1
Drop 0 0 0
Malus 0 0 1
GAMEOVER DRAW
# Game ended: Sat Apr 04 00:26:35 EDT 2020
