# Server version 0.08 running on localhost:8123
# Game ID: 315
# Board class: Saboteur.SaboteurBoard
# Timeout: 2000000000
# First Move Timeout: 30000
# Date: Fri Apr 03 03:38:54 EDT 2020
# Player 1: Player-0, '260729805', running on localhost
# Player 2: Player-1, 'RandomPlayer', running on localhost
START Player-0 260729805
START Player-1 RandomPlayer
BoardInit:Tile:8,Tile:15,Tile:8,Tile:6,Tile:11,Tile:9,Map,Tile:0,Tile:5,Tile:1,Tile:9,Bonus,Tile:7,Destroy,Tile:10,Bonus,Tile:4,Map,Destroy,Tile:13,Tile:0,Tile:10,Tile:7,Bonus,Tile:0,Tile:6,Tile:7,Tile:0,Destroy,Malus,Tile:5,Tile:2,Tile:10,Tile:8,Tile:6,Map,Tile:6,Tile:3,Tile:7,Map,Map-Tile:9,Tile:8,Map,Tile:8,Tile:5,Tile:5,Tile:12-Tile:14,Tile:6,Malus,Tile:7,Bonus,Tile:9,Tile:9-Tile:hidden2,Tile:nugget,Tile:hidden1
Tile:5 4 5 1
Tile:6 6 5 0
Tile:8 5 4 1
Tile:7 7 5 0
Tile:8 6 4 1
Tile:9 7 6 0
Tile:5_flip 4 6 1
Tile:9_flip 8 6 0
Drop 0 0 1
Tile:9 8 5 0
Tile:11_flip 6 3 1
Tile:6 9 5 0
Tile:12 7 4 1
Tile:0 4 4 0
Drop 3 0 1
Destroy 9 5 0
Tile:5_flip 7 7 1
Tile:14 9 5 0
Tile:7 6 2 1
Map 12 3 0
Drop 3 0 1
Tile:15 9 4 0
Tile:10 8 7 1
Tile:10 8 4 0
Tile:7_flip 3 4 1
Tile:13 9 3 0
Tile:8 5 2 1
Tile:6_flip 8 3 0
Tile:0 4 2 1
Tile:0 6 7 0
Destroy 7 7 1
Tile:1 5 7 0
Destroy 5 4 1
Tile:2 9 2 0
Tile:0 4 7 1
Tile:8 8 8 0
Tile:7 3 3 1
Map 12 3 0
Tile:6 3 2 1
Tile:3 10 2 0
Drop 6 0 1
Map 12 3 0
Tile:8 10 3 1
Drop 5 0 0
Tile:5 2 3 1
Drop 4 0 0
Tile:6 8 2 1
Drop 3 0 0
Map 12 3 1
Drop 2 0 0
Tile:10 3 1 1
Drop 1 0 0
Tile:4_flip 10 4 1
Malus 0 0 0
Map 12 5 1
GAMEOVER DRAW
# Game ended: Fri Apr 03 03:38:54 EDT 2020
