# Server version 0.08 running on localhost:8123
# Game ID: 361
# Board class: Saboteur.SaboteurBoard
# Timeout: 2000000000
# First Move Timeout: 30000
# Date: Sat Apr 04 00:23:50 EDT 2020
# Player 1: Player-0, '260729805', running on localhost
# Player 2: Player-1, 'RandomPlayer', running on localhost
START Player-0 260729805
START Player-1 RandomPlayer
BoardInit:Tile:5,Bonus,Tile:5,Tile:3,Malus,Tile:9,Map,Tile:13,Tile:9,Tile:8,Destroy,Map,Tile:4,Tile:8,Tile:14,Map,Bonus,Map,Destroy,Tile:10,Tile:9,Tile:0,Tile:7,Tile:8,Tile:6,Tile:7,Map,Tile:10,Tile:15,Tile:8,Tile:9,Bonus,Tile:6,Tile:2,Tile:1,Bonus,Tile:0,Tile:5,Tile:6,Tile:9,Tile:12-Tile:8,Tile:7,Tile:6,Tile:7,Tile:10,Tile:7,Destroy-Tile:0,Tile:6,Tile:0,Malus,Map,Tile:11,Tile:5-Tile:nugget,Tile:hidden1,Tile:hidden2
Tile:7 5 4 1
Map 12 3 0
Tile:6_flip 4 5 1
Tile:0 6 5 0
Tile:10 5 6 1
Tile:6 7 5 0
Tile:7_flip 4 4 1
Tile:0 8 5 0
Tile:5_flip 4 6 1
Tile:5 7 4 0
Destroy 7 4 1
Tile:11_flip 9 5 0
Tile:5 7 4 1
Tile:3 9 4 0
Destroy 9 4 1
Tile:13 9 4 0
Tile:8 10 4 1
Drop 6 0 0
Tile:9 9 6 1
Drop 6 0 0
Tile:4_flip 5 7 1
Tile:9 4 3 0
Tile:14_flip 9 3 1
Tile:8 4 2 0
Tile:7_flip 3 2 1
Tile:8 5 2 0
Malus 0 0 1
Bonus 0 0 0
Destroy 9 5 1
Tile:8 9 5 0
Tile:7_flip 9 7 1
Tile:8 10 6 0
Tile:9 3 5 1
Tile:10 5 1 0
Tile:6_flip 11 6 1
Tile:7 12 6 0
Tile:9 11 7 1
Tile:0 13 7 0
Tile:1 8 4 1
Malus 0 0 0
Map 12 3 1
Tile:2_flip 5 3 0
Drop 4 0 1
Drop 1 0 0
Drop 1 0 1
Tile:9_flip 10 3 0
Drop 3 0 1
Tile:5_flip 6 2 0
Drop 2 0 1
Drop 2 0 0
Drop 0 0 1
Drop 1 0 0
Drop 1 0 1
Drop 0 0 0
Drop 0 0 1
GAMEOVER DRAW
# Game ended: Sat Apr 04 00:23:50 EDT 2020
