# Server version 0.08 running on localhost:8123
# Game ID: 502
# Board class: Saboteur.SaboteurBoard
# Timeout: 2000000000
# First Move Timeout: 30000
# Date: Sun Apr 05 18:15:34 EDT 2020
# Player 1: Player-0, '260729805', running on localhost
# Player 2: Player-1, 'RandomPlayer', running on localhost
START Player-0 260729805
START Player-1 RandomPlayer
BoardInit:Tile:5,Bonus,Tile:5,Tile:7,Tile:0,Tile:10,Tile:6,Tile:9,Tile:9,Tile:10,Destroy,Tile:9,Destroy,Malus,Tile:0,Tile:15,Tile:9,Tile:5,Tile:5,Tile:10,Tile:4,Bonus,Tile:6,Tile:0,Tile:12,Tile:3,Tile:7,Map,Tile:8,Malus,Map,Map,Map,Map,Tile:7,Bonus,Tile:7,Tile:7,Tile:6,Tile:6,Tile:8-Tile:11,Bonus,Tile:6,Tile:13,Tile:8,Tile:9,Tile:0-Tile:8,Map,Tile:2,Tile:1,Tile:14,Destroy,Tile:8-Tile:hidden2,Tile:nugget,Tile:hidden1
Tile:6_flip 6 5 1
Map 12 3 0
Tile:13 4 5 1
Tile:2 7 5 0
Tile:11 6 6 1
Tile:7_flip 6 7 0
Tile:5_flip 8 5 1
Destroy 8 5 0
Tile:6_flip 7 7 1
Tile:1 8 5 0
Tile:9_flip 9 5 1
Tile:14 9 6 0
Tile:5 4 4 1
Drop 6 0 0
Tile:9_flip 5 6 1
Drop 6 0 0
Drop 5 0 1
Tile:15 9 4 0
Destroy 6 5 1
Tile:5_flip 5 7 0
Tile:9 9 3 1
Tile:8 6 5 0
Tile:8 10 3 1
Tile:8 6 4 0
Tile:0 11 3 1
Tile:10 6 3 0
Tile:12 7 4 1
Tile:9 6 2 0
Tile:6 4 6 1
Map 12 5 0
Tile:0 8 6 1
Tile:10 6 1 0
Tile:7 8 7 1
Tile:10 6 0 0
Tile:5 3 5 1
Tile:0 7 2 0
Tile:8 3 6 1
Drop 6 0 0
Tile:7 9 2 1
Tile:7_flip 3 7 0
Tile:6 7 6 1
Tile:6 8 2 0
Map 12 7 1
Tile:3_flip 12 4 0
Tile:7 12 2 1
Drop 4 0 0
Tile:4_flip 10 4 1
Drop 3 0 0
Tile:8 5 4 1
Drop 2 0 0
Tile:0 2 6 1
Drop 1 0 0
Drop 0 0 1
Drop 0 0 0
Drop 0 0 1
GAMEOVER DRAW
# Game ended: Sun Apr 05 18:15:45 EDT 2020
