# Server version 0.08 running on localhost:8123
# Game ID: 758
# Board class: Saboteur.SaboteurBoard
# Timeout: 2000000000
# First Move Timeout: 30000
# Date: Thu Apr 09 01:43:53 EDT 2020
# Player 1: Player-0, '260729805', running on localhost
# Player 2: Player-1, 'RandomPlayer', running on localhost
START Player-0 260729805
START Player-1 RandomPlayer
BoardInit:Map,Tile:6,Tile:7,Tile:7,Tile:0,Tile:5,Tile:7,Tile:1,Tile:10,Tile:8,Malus,Tile:14,Bonus,Bonus,Tile:13,Destroy,Destroy,Bonus,Tile:7,Tile:6,Tile:0,Destroy,Map,Malus,Tile:6,Tile:6,Tile:8,Tile:2,Tile:6,Tile:3,Tile:8,Tile:10,Map,Tile:0,Tile:7,Tile:9,Tile:5,Tile:12,Tile:9,Tile:4,Tile:15-Tile:10,Bonus,Tile:8,Tile:9,Tile:0,Tile:9,Map-Tile:9,Map,Tile:11,Tile:8,Map,Tile:5,Tile:5-Tile:hidden1,Tile:hidden2,Tile:nugget
Tile:9_flip 5 6 1
Map 12 3 0
Tile:10 5 4 1
Map 12 5 0
Tile:8 4 5 1
Tile:5_flip 6 5 0
Drop 2 0 1
Tile:5 6 4 0
Map 12 3 1
Tile:6 7 4 0
Tile:0 3 5 1
Tile:7 8 4 0
Tile:7 4 4 1
Tile:5_flip 8 5 0
Tile:7_flip 5 7 1
Tile:9_flip 6 7 0
Tile:13 4 6 1
Tile:8 6 8 0
Destroy 4 6 1
Tile:8 7 8 0
Tile:7_flip 3 4 1
Tile:6 8 8 0
Tile:10 3 3 1
Tile:11_flip 9 8 0
Drop 4 0 1
Destroy 9 8 0
Tile:6 4 6 1
Tile:6 9 8 0
Tile:0 3 6 1
Tile:1 10 8 0
Drop 3 0 1
Destroy 10 8 0
Tile:6 7 9 1
Tile:10 9 7 0
Drop 3 0 1
Tile:0 10 8 0
Tile:8 2 5 1
Tile:9 9 6 0
Tile:7_flip 6 9 1
Tile:12 10 6 0
Drop 2 0 1
Tile:4 9 5 0
Tile:9_flip 3 2 1
Tile:3 8 7 0
Drop 4 0 1
Tile:2 8 9 0
Tile:8 1 5 1
Tile:14 8 10 0
Drop 1 0 1
Drop 2 0 0
Map 12 3 1
Drop 1 0 0
Tile:15 7 3 1
Drop 0 0 0
Drop 0 0 1
GAMEOVER DRAW
# Game ended: Thu Apr 09 01:43:53 EDT 2020
