# Server version 0.08 running on localhost:8123
# Game ID: 642
# Board class: Saboteur.SaboteurBoard
# Timeout: 2000000000
# First Move Timeout: 30000
# Date: Thu Apr 09 00:37:12 EDT 2020
# Player 1: Player-0, '260729805', running on localhost
# Player 2: Player-1, 'RandomPlayer', running on localhost
START Player-0 260729805
START Player-1 RandomPlayer
BoardInit:Map,Tile:6,Bonus,Tile:0,Tile:7,Map,Tile:3,Tile:5,Tile:0,Tile:7,Tile:8,Tile:9,Tile:8,Map,Tile:11,Map,Map,Tile:7,Bonus,Tile:14,Destroy,Tile:8,Tile:13,Tile:8,Tile:1,Tile:10,Tile:6,Tile:10,Tile:9,Tile:5,Bonus,Tile:10,Destroy,Tile:6,Malus,Tile:5,Tile:6,Destroy,Tile:2,Map,Tile:6-Bonus,Tile:5,Tile:0,Tile:7,Tile:15,Tile:7,Tile:0-Tile:8,Tile:9,Tile:12,Tile:9,Malus,Tile:9,Tile:4-Tile:hidden1,Tile:nugget,Tile:hidden2
Drop 2 0 1
Tile:8 6 5 0
Tile:7 7 5 1
Tile:6 7 6 0
Tile:5 6 4 1
Tile:0 8 6 0
Tile:15 5 6 1
Map 12 3 0
Tile:7_flip 5 7 1
Tile:5_flip 9 6 0
Drop 1 0 1
Tile:4 5 4 0
Tile:0 4 5 1
Tile:12 7 4 0
Map 12 3 1
Map 12 5 0
Tile:3_flip 3 5 1
Drop 6 0 0
Tile:11 9 5 1
Drop 6 0 0
Tile:7 9 4 1
Tile:14_flip 8 4 0
Drop 5 0 1
Drop 6 0 0
Drop 4 0 1
Drop 6 0 0
Destroy 7 4 1
Drop 6 0 0
Tile:8 3 4 1
Drop 6 0 0
Tile:9 3 3 1
Tile:9 6 6 0
Tile:6_flip 4 3 1
Tile:9_flip 6 7 0
Destroy 7 5 1
Tile:9_flip 7 5 0
Tile:13 2 4 1
Tile:9_flip 7 4 0
Tile:1 1 4 1
Destroy 6 5 0
Malus 0 0 1
Drop 6 0 0
Tile:6 10 5 1
Drop 5 0 0
Tile:6 5 3 1
Drop 4 0 0
Tile:8 6 8 1
Drop 3 0 0
Tile:2 11 5 1
Drop 2 0 0
Drop 0 0 1
Drop 1 0 0
Drop 1 0 1
Malus 0 0 0
Bonus 0 0 1
GAMEOVER DRAW
# Game ended: Thu Apr 09 00:37:14 EDT 2020
