# Server version 0.08 running on localhost:8123
# Game ID: 477
# Board class: Saboteur.SaboteurBoard
# Timeout: 2000000000
# First Move Timeout: 30000
# Date: Sun Apr 05 15:56:26 EDT 2020
# Player 1: Player-0, '260729805', running on localhost
# Player 2: Player-1, 'RandomPlayer', running on localhost
START Player-0 260729805
START Player-1 RandomPlayer
BoardInit:Bonus,Tile:9,Bonus,Bonus,Destroy,Tile:0,Tile:9,Tile:12,Tile:6,Destroy,Tile:10,Tile:14,Tile:7,Tile:5,Tile:6,Map,Tile:2,Bonus,Map,Tile:7,Map,Tile:8,Tile:0,Tile:7,Tile:5,Tile:8,Tile:9,Tile:4,Tile:9,Malus,Tile:15,Map,Tile:6,Tile:8,Tile:10,Tile:0,Tile:1,Tile:10,Tile:11,Malus,Map-Tile:9,Tile:7,Tile:8,Tile:6,Tile:0,Tile:6,Tile:5-Tile:7,Tile:5,Map,Tile:8,Destroy,Tile:13,Tile:3-Tile:nugget,Tile:hidden2,Tile:hidden1
Tile:5 5 4 1
Map 12 3 0
Tile:8 5 6 1
Tile:9 4 6 0
Tile:6_flip 4 5 1
Tile:3 6 5 0
Drop 2 0 1
Tile:0 3 5 0
Destroy 4 5 1
Tile:8 4 5 0
Tile:6_flip 2 5 1
Destroy 5 6 0
Tile:6 6 6 1
Tile:13 4 7 0
Tile:9_flip 4 4 1
Tile:5_flip 7 6 0
Tile:6 4 8 1
Destroy 6 5 0
Tile:9_flip 5 8 1
Tile:5_flip 6 4 0
Tile:2_flip 5 9 1
Tile:7 7 5 0
Tile:7_flip 3 8 1
Tile:14_flip 1 5 0
Tile:7_flip 1 6 1
Map 12 5 0
Drop 3 0 1
Tile:8 5 7 0
Map 12 3 1
Tile:12 6 7 0
Drop 3 0 1
Tile:8 3 7 0
Tile:9 6 3 1
Tile:4 6 2 0
Drop 0 0 1
Tile:7 4 3 0
Tile:9_flip 2 6 1
Tile:0 6 9 0
Tile:6 3 4 1
Drop 3 0 0
Drop 1 0 1
Tile:7 7 3 0
Tile:1 4 9 1
Drop 1 0 0
Tile:5 3 9 1
Drop 2 0 0
Tile:11 2 7 1
Drop 2 0 0
Tile:15 2 8 1
Drop 2 0 0
Tile:10 2 9 1
Drop 0 0 0
Map 12 3 1
Map 12 5 0
Drop 0 0 1
GAMEOVER DRAW
# Game ended: Sun Apr 05 15:56:55 EDT 2020
