# Server version 0.08 running on localhost:8123
# Game ID: 186
# Board class: Saboteur.SaboteurBoard
# Timeout: 2000000000
# First Move Timeout: 30000
# Date: Tue Mar 31 22:22:58 EDT 2020
# Player 1: Player-0, '260729805', running on localhost
# Player 2: Player-1, 'Human', running on localhost
START Player-0 260729805
START Player-1 Human
BoardInit:Tile:0,Destroy,Destroy,Tile:14,Destroy,Tile:7,Tile:6,Bonus,Tile:15,Tile:11,Tile:6,Tile:4,Tile:5,Bonus,Tile:5,Map,Tile:8,Tile:6,Tile:0,Bonus,Tile:12,Map,Tile:1,Tile:7,Tile:3,Map,Tile:8,Bonus,Tile:13,Malus,Map,Tile:8,Map,Tile:8,Tile:2,Tile:10,Tile:9,Tile:8,Tile:6,Tile:7,Tile:7-Map,Tile:5,Tile:9,Tile:5,Tile:9,Malus,Tile:10-Tile:0,Tile:9,Tile:10,Tile:0,Tile:6,Tile:9,Tile:7-Tile:nugget,Tile:hidden1,Tile:hidden2
Map 12 5 1
Tile:0 6 5 0
Tile:0 7 5 1
Tile:9_flip 8 5 0
Tile:10 8 6 1
Tile:10 8 4 0
Tile:9 8 7 1
Tile:0 9 7 0
Tile:9 8 3 1
Tile:6 10 7 0
Tile:6 11 7 1
Tile:9 11 6 0
Tile:5 8 2 1
Tile:7 11 5 0
Tile:6 10 5 1
Tile:7 12 6 0
Destroy 11 7 1
Map 12 5 0
Tile:8 10 4 1
Tile:6 11 7 0
Tile:0 9 3 1
Tile:4 10 6 0
Tile:5 5 4 1
GAMEOVER ILLEGAL MOVE: Player 0, CardUsed: (Map), PosOfUse: (12, 7) WINNER 1
# Game ended: Tue Mar 31 22:25:51 EDT 2020
