# Server version 0.08 running on localhost:8123
# Game ID: 1062
# Board class: Saboteur.SaboteurBoard
# Timeout: 2000000000
# First Move Timeout: 30000
# Date: Sat Apr 11 14:30:25 EDT 2020
# Player 1: Player-0, '260729805', running on localhost
# Player 2: Player-1, 'RandomPlayer', running on localhost
START Player-0 260729805
START Player-1 RandomPlayer
BoardInit:Tile:8,Destroy,Tile:6,Tile:13,Tile:1,Tile:6,Tile:6,Malus,Tile:9,Destroy,Tile:7,Tile:5,Bonus,Tile:10,Map,Tile:9,Tile:8,Tile:14,Map,Map,Tile:8,Tile:0,Tile:10,Tile:0,Tile:8,Tile:7,Tile:0,Bonus,Tile:5,Tile:9,Map,Map,Tile:6,Tile:6,Tile:7,Tile:2,Tile:4,Tile:0,Map,Tile:9,Tile:7-Bonus,Tile:11,Malus,Tile:10,Tile:5,Tile:8,Destroy-Tile:5,Tile:9,Bonus,Tile:3,Tile:15,Tile:7,Tile:12-Tile:nugget,Tile:hidden1,Tile:hidden2
Tile:11_flip 5 6 1
Tile:7 6 5 0
Tile:5_flip 5 7 1
Destroy 5 6 0
Tile:6 6 6 1
Tile:9_flip 7 6 0
Tile:8 4 5 1
Tile:6 7 7 0
Destroy 7 7 1
Malus 0 0 0
Drop 4 0 1
Tile:5 7 5 0
Drop 3 0 1
Tile:5 5 4 0
Bonus 0 0 1
Tile:10 7 7 0
Tile:10 7 8 1
Tile:9_flip 8 5 0
Drop 1 0 1
Tile:12 6 4 0
Tile:9 7 9 1
Tile:3_flip 8 6 0
Tile:7_flip 7 10 1
Destroy 6 4 0
Tile:10 4 4 1
Tile:0 8 9 0
Tile:8 8 4 1
Tile:0 9 9 0
Drop 6 0 1
Tile:7 10 9 0
Tile:5 3 5 1
Tile:9 10 10 0
Map 12 3 1
Tile:13 9 6 0
Tile:6 4 7 1
Tile:6 11 10 0
Tile:8 5 6 1
Tile:15 11 9 0
Tile:4_flip 10 11 1
Tile:0 12 10 0
Tile:8 4 6 1
Tile:9_flip 13 10 0
Tile:7_flip 7 4 1
Tile:14_flip 11 8 0
Drop 2 0 1
Tile:2 12 8 0
Tile:7_flip 9 7 1
Drop 3 0 0
Malus 0 0 1
Bonus 0 0 0
Map 12 3 1
Drop 1 0 0
Map 12 3 1
Drop 0 0 0
Drop 0 0 1
GAMEOVER DRAW
# Game ended: Sat Apr 11 14:30:25 EDT 2020
