# Server version 0.08 running on localhost:8123
# Game ID: 124
# Board class: Saboteur.SaboteurBoard
# Timeout: 20000
# First Move Timeout: 30000
# Date: Tue Mar 31 00:35:28 EDT 2020
# Player 1: Player-0, '260729805', running on localhost
# Player 2: Player-1, 'RandomPlayer', running on localhost
START Player-0 260729805
START Player-1 RandomPlayer
BoardInit:Bonus,Tile:6,Tile:9,Malus,Tile:0,Tile:8,Tile:6,Tile:5,Tile:7,Tile:14,Map,Tile:7,Tile:6,Tile:5,Tile:7,Tile:0,Tile:2,Tile:8,Map,Tile:10,Tile:8,Tile:8,Tile:13,Tile:12,Destroy,Tile:9,Bonus,Bonus,Tile:10,Map,Tile:0,Tile:5,Tile:6,Destroy,Tile:3,Tile:9,Tile:9,Tile:7,Tile:0,Map,Map-Bonus,Tile:4,Tile:1,Tile:11,Tile:7,Tile:5,Tile:6-Malus,Tile:9,Tile:8,Map,Tile:15,Destroy,Tile:10-Tile:hidden2,Tile:nugget,Tile:hidden1
Tile:6 4 5 1
Tile:9_flip 4 4 0
Tile:11_flip 6 5 1
Tile:8 4 3 0
Tile:5_flip 5 3 1
Tile:6_flip 4 2 0
Tile:9 3 2 1
Destroy 3 2 0
Tile:0 3 2 1
Malus 0 0 0
Drop 4 0 1
Map 12 3 0
Drop 6 0 1
Tile:15 5 6 0
Drop 5 0 1
Tile:10 5 7 0
Drop 1 0 1
Malus 0 0 0
Drop 3 0 1
Tile:8 5 2 0
Drop 6 0 1
Tile:5 3 3 0
Drop 3 0 1
Tile:14 6 2 0
Drop 5 0 1
Tile:7 5 1 0
Destroy 5 1 1
Tile:5 5 4 0
Drop 2 0 1
Tile:0 3 5 0
Drop 4 0 1
Tile:8 5 1 0
Drop 6 0 1
Tile:10 5 0 0
Drop 4 0 1
Tile:8 6 1 0
Drop 4 0 1
Tile:12 7 1 0
Drop 0 0 1
Tile:9 6 0 0
Drop 2 0 1
Map 12 3 0
Drop 4 0 1
Tile:5_flip 5 8 0
Drop 1 0 1
Destroy 3 3 0
Map 12 5 1
Tile:9 6 6 0
Drop 0 0 1
Tile:7 6 4 0
Drop 0 0 1
Map 12 3 0
Drop 1 0 1
Drop 0 0 0
Drop 0 0 1
GAMEOVER DRAW
# Game ended: Tue Mar 31 00:35:29 EDT 2020
