# Server version 0.08 running on localhost:8123
# Game ID: 128
# Board class: Saboteur.SaboteurBoard
# Timeout: 20000
# First Move Timeout: 30000
# Date: Tue Mar 31 00:43:52 EDT 2020
# Player 1: Player-0, '260729805', running on localhost
# Player 2: Player-1, 'RandomPlayer', running on localhost
START Player-0 260729805
START Player-1 RandomPlayer
BoardInit:Tile:0,Tile:8,Tile:10,Map,Tile:5,Tile:9,Tile:8,Malus,Tile:9,Tile:5,Tile:11,Destroy,Tile:7,Tile:10,Tile:15,Tile:7,Tile:9,Tile:6,Malus,Bonus,Destroy,Tile:5,Map,Tile:9,Tile:6,Tile:5,Tile:7,Tile:0,Tile:6,Tile:0,Tile:2,Tile:3,Destroy,Tile:10,Tile:6,Tile:0,Bonus,Map,Tile:7,Tile:8,Tile:14-Bonus,Tile:7,Tile:6,Tile:4,Bonus,Tile:9,Tile:12-Tile:1,Tile:8,Map,Tile:13,Map,Tile:8,Map-Tile:hidden1,Tile:hidden2,Tile:nugget
Tile:6_flip 5 4 1
Drop 0 0 0
Tile:0 6 5 1
Drop 0 0 0
Tile:9 4 5 1
Drop 0 0 0
Tile:5_flip 6 4 1
Drop 0 0 0
Tile:8 4 4 1
Malus 0 0 0
Drop 4 0 1
Drop 0 0 0
Drop 3 0 1
Drop 0 0 0
Drop 5 0 1
Drop 0 0 0
Drop 1 0 1
Drop 0 0 0
Drop 3 0 1
Drop 0 0 0
Drop 4 0 1
Drop 0 0 0
Bonus 0 0 1
Drop 0 0 0
Drop 4 0 1
Drop 0 0 0
Tile:10 5 6 1
Drop 0 0 0
Tile:7 7 5 1
Drop 0 0 0
Map 12 3 1
Drop 0 0 0
Tile:2_flip 3 4 1
Drop 0 0 0
Destroy 5 6 1
Drop 0 0 0
Destroy 6 5 1
Drop 0 0 0
Tile:6_flip 6 5 1
Drop 0 0 0
Tile:7_flip 2 4 1
Drop 0 0 0
Tile:6_flip 2 3 1
Drop 0 0 0
Tile:14_flip 1 3 1
Drop 0 0 0
Tile:9_flip 6 6 1
Drop 0 0 0
Tile:6 4 6 1
Drop 0 0 0
Tile:4 4 3 1
Drop 0 0 0
Tile:7_flip 6 7 1
Drop 0 0 0
Drop 0 0 1
GAMEOVER DRAW
# Game ended: Tue Mar 31 00:43:53 EDT 2020
