# Server version 0.08 running on localhost:8123
# Game ID: 913
# Board class: Saboteur.SaboteurBoard
# Timeout: 2000000000
# First Move Timeout: 30000
# Date: Sat Apr 11 01:51:12 EDT 2020
# Player 1: Player-0, '260729805', running on localhost
# Player 2: Player-1, 'RandomPlayer', running on localhost
START Player-0 260729805
START Player-1 RandomPlayer
BoardInit:Map,Tile:8,Tile:8,Tile:0,Bonus,Map,Tile:11,Map,Map,Tile:4,Tile:15,Destroy,Bonus,Tile:7,Tile:8,Map,Map,Map,Tile:6,Tile:3,Map,Tile:8,Tile:8,Tile:13,Tile:5,Tile:5,Tile:9,Map,Tile:10,Map,Tile:0,Tile:8,Tile:7,Map,Malus,Bonus,Tile:14,Tile:6,Tile:1,Map,Tile:2,Tile:7,Tile:8,Destroy,Tile:9,Tile:9,Map,Map,Tile:7,Tile:8,Destroy,Tile:8,Destroy,Map,Destroy,Destroy,Tile:10,Map,Map,Tile:7,Malus,Malus,Tile:9,Tile:0,Tile:0,Map,Tile:12,Map,Tile:8,Destroy-Tile:5,Bonus,Tile:6,Destroy,Tile:5,Map,Tile:9-Destroy,Map,Map,Tile:6,Tile:6,Tile:10,Map-Tile:hidden1,Tile:hidden2,Tile:nugget
Tile:5 5 4 1
Map 12 3 0
Tile:6 6 4 1
Map 12 5 0
Map 12 7 1
Destroy 6 4 0
Tile:8 6 4 1
Tile:6 7 4 0
Tile:9 4 5 1
Tile:6 8 4 0
Drop 0 0 1
Tile:4 8 3 0
Tile:15 4 6 1
Destroy 8 3 0
Map 12 3 1
Tile:0 9 4 0
Tile:8 6 3 1
Drop 6 0 0
Tile:5_flip 4 7 1
Drop 6 0 0
Tile:6 5 3 1
Tile:3 10 4 0
Destroy 7 4 1
Tile:8 7 4 0
Tile:11_flip 6 5 1
Tile:13 10 5 0
Tile:8 5 2 1
Tile:10 7 5 0
Tile:9 3 7 1
Drop 6 0 0
Map 12 3 1
Drop 6 0 0
Drop 1 0 1
Tile:8 7 6 0
Tile:7 3 6 1
Drop 6 0 0
Tile:10 7 7 1
Tile:8 8 6 0
Tile:0 11 5 1
Tile:7 9 6 0
Tile:5 4 3 1
Drop 6 0 0
Tile:2 6 2 1
Tile:5_flip 9 7 0
Tile:1 4 2 1
Destroy 9 7 0
Tile:14_flip 5 1 1
Tile:9 9 7 0
Tile:9_flip 9 8 1
Drop 6 0 0
Tile:7 8 3 1
Tile:8 9 9 0
Destroy 9 7 1
Tile:8 9 7 0
Destroy 4 6 1
Drop 6 0 0
Destroy 9 8 1
Destroy 9 7 0
Tile:10 4 6 1
Drop 6 0 0
Drop 3 0 1
Tile:6 9 7 0
Tile:8 8 9 1
Malus 0 0 0
Drop 5 0 1
Tile:7 10 7 0
Map 12 3 1
Drop 6 0 0
Map 12 7 1
Drop 6 0 0
Map 12 5 1
Destroy 10 7 0
Drop 4 0 1
Tile:7 10 7 0
Map 12 3 1
Drop 4 0 0
Drop 0 0 1
Drop 3 0 0
Drop 2 0 1
Drop 2 0 0
Drop 0 0 1
Drop 1 0 0
Drop 0 0 1
Drop 0 0 0
GAMEOVER DRAW
# Game ended: Sat Apr 11 01:51:14 EDT 2020
