# Server version 0.08 running on localhost:8123
# Game ID: 204
# Board class: Saboteur.SaboteurBoard
# Timeout: 2000000000
# First Move Timeout: 30000
# Date: Wed Apr 01 01:05:21 EDT 2020
# Player 1: Player-0, '260729805', running on localhost
# Player 2: Player-1, 'RandomPlayer', running on localhost
START Player-0 260729805
START Player-1 RandomPlayer
BoardInit:Tile:3,Map,Tile:10,Tile:11,Map,Tile:9,Tile:9,Tile:14,Tile:9,Tile:5,Tile:7,Tile:1,Bonus,Tile:5,Destroy,Map,Tile:13,Tile:10,Tile:6,Tile:2,Tile:8,Tile:10,Map,Tile:8,Malus,Tile:0,Tile:4,Tile:15,Tile:0,Tile:0,Tile:0,Tile:6,Bonus,Tile:7,Tile:9,Tile:6,Malus,Tile:7,Tile:8,Tile:5,Tile:7-Tile:8,Tile:5,Tile:6,Bonus,Tile:9,Map,Tile:6-Tile:12,Map,Destroy,Bonus,Destroy,Tile:8,Tile:7-Tile:nugget,Tile:hidden2,Tile:hidden1
Tile:9 4 5 1
Tile:8 6 5 0
Tile:5_flip 5 6 1
Tile:7 7 5 0
Tile:6_flip 6 4 1
Tile:12 7 4 0
Map 12 5 1
Tile:9 7 6 0
Tile:9_flip 7 7 1
Map 12 5 0
Tile:10 6 6 1
Tile:5_flip 8 6 0
Tile:9 5 4 1
Tile:11 8 5 0
Tile:7_flip 4 6 1
Tile:5 5 3 0
Map 12 3 1
Destroy 4 5 0
Destroy 8 6 1
Tile:10 7 8 0
Tile:13 4 5 1
Tile:14 9 5 0
Tile:3_flip 6 7 1
Tile:10 7 9 0
Drop 0 0 1
Tile:8 8 6 0
Tile:8 3 5 1
Tile:0 9 6 0
Tile:6_flip 9 4 1
Tile:1 10 4 0
Tile:0 6 3 1
Tile:2 11 4 0
Tile:0 12 4 1
Tile:6 13 4 0
Drop 3 0 1
Tile:15 13 3 0
Tile:4_flip 3 6 1
GAMEOVER USER CANCEL UNDECIDED
# Game ended: Wed Apr 01 01:05:47 EDT 2020
