# Server version 0.08 running on macbook-pro-5.local:8123
# Game ID: 655
# Board class: Saboteur.SaboteurBoard
# Timeout: 2000000000
# First Move Timeout: 30000
# Date: Thu Apr 09 00:51:47 EDT 2020
# Player 1: Player-0, '260729805', running on macbook-pro-5.local
# Player 2: Player-1, 'RandomPlayer', running on macbook-pro-5.local
START Player-0 260729805
START Player-1 RandomPlayer
BoardInit:Tile:8,Malus,Tile:6,Map,Tile:6,Tile:9,Destroy,Map,Tile:9,Tile:8,Tile:6,Tile:10,Tile:7,Tile:8,Bonus,Tile:7,Tile:0,Tile:4,Tile:0,Tile:9,Tile:0,Map,Tile:6,Tile:1,Bonus,Tile:2,Tile:13,Bonus,Tile:15,Tile:5,Bonus,Tile:9,Tile:8,Destroy,Tile:12,Tile:7,Tile:8,Tile:5,Tile:9,Map,Tile:7-Map,Map,Tile:7,Tile:0,Tile:3,Tile:5,Tile:6-Tile:5,Destroy,Tile:10,Tile:11,Tile:10,Malus,Tile:14-Tile:hidden1,Tile:nugget,Tile:hidden2
Tile:5_flip 6 5 1
Tile:11 4 5 0
Tile:7_flip 4 6 1
Drop 1 0 0
Drop 4 0 1
Malus 0 0 0
Drop 1 0 1
Tile:9_flip 5 6 0
Map 12 5 1
Tile:10 6 4 0
Destroy 4 5 1
Drop 1 0 0
Drop 0 0 1
Tile:8 5 7 0
Drop 0 0 1
Tile:10 5 8 0
Drop 1 0 1
Drop 1 0 0
Drop 3 0 1
Drop 3 0 0
Drop 2 0 1
Tile:7 5 4 0
Drop 3 0 1
Map 12 5 0
Drop 2 0 1
Tile:5 4 4 0
Drop 0 0 1
Tile:9_flip 6 3 0
Drop 6 0 1
Drop 3 0 0
Drop 1 0 1
Tile:5 6 2 0
Drop 6 0 1
Tile:2_flip 5 3 0
Drop 0 0 1
Tile:8 5 9 0
Drop 4 0 1
Tile:9_flip 5 2 0
Drop 0 0 1
Destroy 6 2 0
Drop 4 0 1
Tile:4 5 1 0
Drop 5 0 1
Map 12 7 0
Drop 4 0 1
Drop 3 0 0
Drop 3 0 1
Tile:5 6 2 0
Drop 2 0 1
Tile:1 4 3 0
Drop 0 0 1
Malus 0 0 0
Drop 1 0 1
Drop 0 0 0
Drop 0 0 1
GAMEOVER DRAW
# Game ended: Thu Apr 09 00:51:48 EDT 2020
