# Server version 0.08 running on localhost:8123
# Game ID: 1036
# Board class: Saboteur.SaboteurBoard
# Timeout: 2000000000
# First Move Timeout: 30000
# Date: Sat Apr 11 13:59:31 EDT 2020
# Player 1: Player-0, '260729805', running on localhost
# Player 2: Player-1, 'RandomPlayer', running on localhost
START Player-0 260729805
START Player-1 RandomPlayer
BoardInit:Malus,Tile:2,Tile:9,Tile:6,Tile:7,Destroy,Tile:6,Tile:8,Destroy,Tile:8,Map,Tile:13,Tile:9,Tile:11,Tile:15,Bonus,Tile:5,Map,Tile:7,Tile:6,Tile:5,Tile:1,Tile:10,Tile:8,Destroy,Tile:14,Tile:7,Tile:0,Tile:0,Bonus,Map,Tile:0,Tile:5,Tile:10,Tile:6,Map,Tile:8,Tile:8,Map,Tile:7,Tile:12-Tile:4,Tile:10,Tile:6,Map,Malus,Bonus,Tile:9-Bonus,Tile:9,Tile:5,Tile:0,Tile:7,Tile:3,Tile:9-Tile:nugget,Tile:hidden1,Tile:hidden2
Tile:6_flip 5 4 1
Tile:0 6 5 0
Drop 6 0 1
Tile:7 7 5 0
Tile:10 5 6 1
Tile:6 7 6 0
Tile:9 5 7 1
Tile:9_flip 8 6 0
Tile:7_flip 5 8 1
Tile:9 8 5 0
Tile:6_flip 4 5 1
Tile:8 9 5 0
Destroy 5 8 1
Tile:8 9 4 0
Tile:9 9 6 1
Tile:5 9 3 0
Tile:15 9 7 1
Tile:3 10 5 0
Tile:5_flip 4 6 1
Map 12 3 0
Tile:9_flip 9 8 1
Destroy 10 5 0
Tile:5 8 4 1
Tile:6 10 4 0
Drop 0 0 1
Tile:8 10 6 0
Map 12 3 1
Tile:2 11 4 0
Tile:7_flip 10 7 1
Tile:0 11 7 0
Tile:10 11 5 1
Tile:13 12 4 0
Destroy 9 4 1
Tile:0 13 7 0
Tile:5_flip 6 4 1
Tile:10 12 6 0
Tile:6_flip 8 8 1
Tile:11_flip 13 4 0
Map 12 3 1
Tile:8 13 3 0
Tile:0 4 4 1
Tile:7 13 2 0
Tile:7 10 3 1
Tile:1 12 2 0
Drop 4 0 1
Tile:14_flip 11 2 0
Tile:8 9 4 1
Drop 3 0 0
Tile:12 6 7 1
Drop 2 0 0
Drop 0 0 1
Drop 1 0 0
Map 12 3 1
Drop 0 0 0
Drop 0 0 1
GAMEOVER DRAW
# Game ended: Sat Apr 11 14:00:21 EDT 2020
