# Server version 0.08 running on macbook-pro-5.local:8123
# Game ID: 934
# Board class: Saboteur.SaboteurBoard
# Timeout: 2000000000
# First Move Timeout: 30000
# Date: Sat Apr 11 02:05:55 EDT 2020
# Player 1: Player-0, '260729805', running on macbook-pro-5.local
# Player 2: Player-1, 'RandomPlayer', running on macbook-pro-5.local
START Player-0 260729805
START Player-1 RandomPlayer
BoardInit:Map,Tile:7,Tile:9,Tile:5,Map,Map,Map,Tile:10,Tile:9,Tile:8,Destroy,Map,Tile:0,Tile:6,Tile:7,Tile:7,Tile:6,Tile:8,Tile:5,Tile:1,Malus,Tile:7,Tile:6,Tile:2,Tile:5,Tile:12,Tile:15,Tile:10,Tile:4,Tile:13,Tile:11,Tile:6,Malus,Tile:0,Tile:7,Tile:9,Tile:10,Tile:6,Bonus,Tile:9,Destroy-Tile:9,Tile:5,Tile:0,Bonus,Tile:3,Tile:8,Map-Tile:14,Tile:8,Tile:0,Tile:8,Destroy,Bonus,Bonus-Tile:hidden1,Tile:hidden2,Tile:nugget
Tile:0 6 5 1
Destroy 6 5 0
Tile:8 4 5 1
Tile:0 6 5 0
Tile:3_flip 3 5 1
Tile:7 7 5 0
Drop 6 0 1
Map 12 3 0
Map 12 5 1
Tile:5_flip 7 6 0
Tile:9 4 4 1
Tile:8 5 4 0
Tile:5_flip 6 4 1
Map 12 5 0
Tile:9_flip 3 4 1
Tile:6_flip 6 6 0
Tile:9 4 3 1
Tile:7_flip 6 7 0
Tile:0 7 7 1
Tile:8 8 7 0
Map 12 7 1
Tile:8 9 7 0
Tile:6 2 4 1
Tile:10 9 6 0
Tile:5_flip 9 8 1
Tile:8 9 5 0
Destroy 7 7 1
Tile:7_flip 5 6 0
Tile:5 1 4 1
Tile:10 6 3 0
Tile:7_flip 8 5 1
Tile:14 10 7 0
Tile:15 4 2 1
Tile:6_flip 7 7 0
Tile:4_flip 4 6 1
Tile:2_flip 8 8 0
Tile:11 8 4 1
Tile:9_flip 9 4 0
Tile:10 3 3 1
Tile:6_flip 9 3 0
Tile:6_flip 8 3 1
Tile:9 7 8 0
Destroy 7 5 1
Tile:12_flip 7 3 0
Malus 0 0 1
Bonus 0 0 0
Tile:7 4 1 1
Tile:0 3 1 0
Map 12 3 1
Tile:13 7 9 0
Drop 0 0 1
Tile:1 8 9 0
Malus 0 0 1
Bonus 0 0 0
Drop 0 0 1
GAMEOVER DRAW
# Game ended: Sat Apr 11 02:05:55 EDT 2020
