# Server version 0.08 running on localhost:8123
# Game ID: 499
# Board class: Saboteur.SaboteurBoard
# Timeout: 2000000000
# First Move Timeout: 30000
# Date: Sun Apr 05 18:12:02 EDT 2020
# Player 1: Player-0, '260729805', running on localhost
# Player 2: Player-1, 'Human', running on localhost
START Player-0 260729805
START Player-1 Human
BoardInit:Tile:1,Tile:8,Tile:9,Tile:7,Tile:5,Tile:7,Malus,Tile:5,Bonus,Tile:10,Map,Map,Tile:9,Tile:10,Map,Tile:0,Malus,Tile:2,Tile:0,Bonus,Tile:6,Tile:7,Tile:15,Tile:8,Bonus,Tile:12,Tile:0,Tile:14,Map,Tile:7,Destroy,Destroy,Tile:4,Tile:0,Tile:6,Tile:5,Bonus,Tile:10,Tile:3,Map,Tile:7-Map,Tile:6,Tile:8,Tile:11,Tile:6,Tile:8,Destroy-Tile:8,Tile:13,Tile:9,Tile:9,Tile:9,Tile:5,Tile:6-Tile:nugget,Tile:hidden2,Tile:hidden1
Tile:8 6 5 1
Tile:5_flip 6 6 0
Tile:8 7 5 1
Tile:6 5 6 0
Tile:6 8 5 1
Tile:7_flip 7 6 0
Tile:6 9 5 1
Tile:7_flip 4 6 0
Drop 3 0 1
Tile:5_flip 10 5 0
Tile:9 10 4 1
Tile:13 11 4 0
Tile:5 10 3 1
Map 12 3 0
Destroy 11 4 1
Tile:8 11 3 0
GAMEOVER WINNER 0
# Game ended: Sun Apr 05 18:13:23 EDT 2020
