# Server version 0.08 running on localhost:8123
# Game ID: 533
# Board class: Saboteur.SaboteurBoard
# Timeout: 2000000000
# First Move Timeout: 30000
# Date: Sun Apr 05 19:11:33 EDT 2020
# Player 1: Player-0, '260729805', running on localhost
# Player 2: Player-1, 'RandomPlayer', running on localhost
START Player-0 260729805
START Player-1 RandomPlayer
BoardInit:Tile:8,Map,Tile:2,Tile:4,Tile:10,Tile:1,Map,Tile:7,Tile:3,Tile:5,Tile:7,Tile:6,Tile:9,Malus,Tile:7,Destroy,Tile:6,Tile:8,Tile:6,Tile:5,Tile:14,Tile:5,Tile:5,Tile:8,Bonus,Tile:9,Bonus,Tile:10,Map,Tile:0,Tile:7,Tile:6,Tile:7,Bonus,Tile:0,Tile:9,Tile:8,Tile:9,Tile:6,Tile:0,Malus-Destroy,Map,Tile:12,Tile:13,Tile:11,Map,Tile:8-Tile:15,Tile:0,Map,Tile:9,Destroy,Bonus,Tile:10-Tile:nugget,Tile:hidden2,Tile:hidden1
Map 12 5 1
Map 12 3 0
Tile:12 6 5 1
Tile:0 4 5 0
Tile:11 3 5 1
Destroy 6 5 0
Tile:10 5 6 1
Tile:4 5 4 0
Tile:8 3 4 1
Tile:7_flip 5 7 0
Tile:8 6 7 1
Tile:5_flip 6 5 0
Tile:2 7 7 1
Tile:6 6 8 0
Destroy 6 8 1
Tile:1 8 7 0
Drop 5 0 1
Destroy 8 7 0
Tile:6 3 6 1
Tile:9 6 4 0
Tile:6_flip 2 4 1
Tile:8 7 4 0
Tile:13 7 8 1
Tile:10 7 3 0
Map 12 7 1
Tile:8 8 4 0
Tile:7 4 6 1
Tile:9_flip 9 4 0
Tile:14_flip 2 6 1
Tile:10 9 3 0
Tile:3_flip 9 5 1
Tile:5_flip 8 5 0
Tile:7_flip 7 5 1
Tile:6_flip 9 2 0
Map 12 7 1
Tile:5_flip 10 2 0
Tile:7_flip 2 7 1
Tile:9 10 1 0
Tile:0 8 2 1
Tile:9_flip 11 1 0
Drop 2 0 1
Tile:0 8 7 0
Tile:5_flip 4 7 1
Tile:0 9 7 0
Drop 4 0 1
Tile:15 11 0 0
Tile:8 10 5 1
Drop 3 0 0
Tile:7_flip 1 4 1
Drop 2 0 0
Drop 1 0 1
Drop 1 0 0
Malus 0 0 1
Bonus 0 0 0
Drop 0 0 1
GAMEOVER DRAW
# Game ended: Sun Apr 05 19:12:09 EDT 2020
