# Server version 0.08 running on localhost:8123
# Game ID: 785
# Board class: Saboteur.SaboteurBoard
# Timeout: 2000000000
# First Move Timeout: 30000
# Date: Thu Apr 09 02:10:01 EDT 2020
# Player 1: Player-0, '260729805', running on localhost
# Player 2: Player-1, 'RandomPlayer', running on localhost
START Player-0 260729805
START Player-1 RandomPlayer
BoardInit:Tile:5,Tile:9,Map,Tile:10,Tile:6,Tile:8,Tile:7,Tile:8,Tile:8,Malus,Tile:5,Tile:11,Map,Tile:8,Destroy,Destroy,Tile:0,Map,Bonus,Tile:1,Tile:4,Map,Bonus,Map,Tile:7,Tile:7,Tile:9,Tile:15,Tile:6,Bonus,Tile:13,Tile:12,Tile:14,Tile:7,Tile:10,Tile:6,Tile:9,Tile:6,Tile:5,Destroy,Malus-Tile:3,Tile:9,Tile:0,Map,Tile:8,Tile:2,Bonus-Tile:7,Tile:0,Tile:5,Tile:6,Tile:10,Tile:0,Tile:9-Tile:hidden1,Tile:nugget,Tile:hidden2
Tile:2 5 4 1
Tile:7 6 5 0
Tile:8 5 6 1
Tile:5_flip 6 6 0
Tile:3_flip 5 7 1
Tile:0 4 5 0
Drop 4 0 1
Tile:6_flip 4 6 0
Tile:7 6 7 1
Tile:0 3 5 0
Tile:6_flip 3 6 1
Tile:10 4 7 0
Tile:0 6 4 1
Tile:9 4 8 0
Tile:5_flip 3 7 1
Tile:9 4 9 0
Tile:9_flip 4 10 1
Tile:8 5 9 0
Tile:8 3 10 1
Tile:8 6 9 0
Map 12 3 1
Tile:8 7 9 0
Tile:0 7 4 1
Tile:10 7 8 0
Map 12 7 1
Destroy 5 4 0
Drop 3 0 1
Tile:7 8 9 0
Tile:7_flip 5 10 1
Tile:11_flip 8 4 0
Tile:6_flip 2 6 1
Tile:15 8 5 0
Tile:4 3 9 1
Tile:12_flip 2 5 0
Destroy 4 5 1
Tile:7_flip 8 10 0
Tile:10 4 11 1
Tile:6 9 10 0
Tile:9_flip 6 8 1
Tile:6 10 10 0
Tile:14 7 10 1
Destroy 8 5 0
Tile:13 6 10 1
Tile:1 11 10 0
Tile:5 9 9 1
Drop 4 0 0
Tile:9_flip 10 9 1
Drop 3 0 0
Map 12 3 1
Drop 2 0 0
Drop 0 0 1
Drop 1 0 0
Malus 0 0 1
Malus 0 0 0
Bonus 0 0 1
GAMEOVER DRAW
# Game ended: Thu Apr 09 02:10:01 EDT 2020
