# Server version 0.08 running on localhost:8123
# Game ID: 558
# Board class: Saboteur.SaboteurBoard
# Timeout: 2000000000
# First Move Timeout: 30000
# Date: Sun Apr 05 20:15:33 EDT 2020
# Player 1: Player-0, '260729805', running on localhost
# Player 2: Player-1, 'RandomPlayer', running on localhost
START Player-0 260729805
START Player-1 RandomPlayer
BoardInit:Tile:8,Tile:0,Tile:11,Map,Tile:15,Tile:9,Tile:4,Malus,Tile:7,Tile:5,Tile:9,Tile:8,Tile:0,Tile:9,Tile:12,Bonus,Tile:2,Bonus,Destroy,Map,Tile:10,Tile:1,Tile:6,Tile:9,Tile:6,Tile:0,Tile:8,Map,Tile:6,Tile:5,Tile:14,Tile:7,Tile:7,Bonus,Tile:8,Tile:6,Map,Map,Bonus,Tile:10,Destroy-Tile:5,Tile:9,Tile:3,Tile:5,Tile:6,Malus,Tile:7-Tile:7,Destroy,Tile:0,Tile:13,Tile:10,Tile:8,Map-Tile:hidden2,Tile:hidden1,Tile:nugget
Tile:5_flip 5 6 1
Map 12 3 0
Tile:6_flip 4 5 1
Tile:0 6 5 0
Tile:7 5 4 1
Map 12 5 0
Tile:3_flip 4 4 1
Tile:0 7 5 0
Tile:8 4 6 1
Tile:7_flip 4 7 0
Drop 1 0 1
Tile:5_flip 8 5 0
Tile:9_flip 8 4 1
Destroy 4 4 0
Tile:7 5 7 1
Tile:13 8 3 0
Tile:11 8 2 1
Drop 6 0 0
Tile:2 9 3 1
