# Server version 0.08 running on macbook-pro-5.local:8123
# Game ID: 749
# Board class: Saboteur.SaboteurBoard
# Timeout: 2000000000
# First Move Timeout: 30000
# Date: Thu Apr 09 01:39:52 EDT 2020
# Player 1: Player-0, '260729805', running on macbook-pro-5.local
# Player 2: Player-1, 'RandomPlayer', running on macbook-pro-5.local
START Player-0 260729805
START Player-1 RandomPlayer
BoardInit:Map,Tile:8,Bonus,Tile:8,Tile:5,Tile:10,Destroy,Tile:0,Tile:9,Tile:9,Tile:7,Tile:9,Tile:1,Tile:0,Tile:6,Tile:12,Tile:13,Tile:5,Tile:8,Bonus,Destroy,Tile:10,Tile:6,Tile:10,Tile:8,Tile:7,Tile:4,Tile:7,Tile:14,Tile:5,Bonus,Map,Tile:8,Malus,Tile:6,Tile:9,Tile:6,Map,Tile:5,Malus,Tile:3-Tile:2,Tile:0,Tile:6,Tile:7,Bonus,Destroy,Map-Tile:0,Map,Tile:9,Tile:11,Tile:7,Tile:15,Map-Tile:nugget,Tile:hidden2,Tile:hidden1
Drop 3 0 1
Map 12 3 0
Map 12 5 1
Tile:0 6 5 0
Map 12 3 1
Tile:7 7 5 0
Tile:5 5 4 1
Tile:9 7 6 0
Tile:2 8 6 1
Tile:0 6 4 0
Destroy 8 6 1
Tile:8 8 6 0
Drop 2 0 1
Tile:8 9 6 0
Tile:9 5 6 1
Tile:0 10 6 0
Tile:6 7 4 1
Tile:10 9 5 0
Tile:0 8 4 1
Tile:9_flip 9 4 0
Destroy 6 4 1
Tile:9 9 3 0
Tile:13 11 6 1
Tile:10 9 2 0
Tile:1 6 4 1
Tile:10 9 1 0
Tile:7 6 6 1
Tile:5 9 0 0
Tile:4_flip 6 7 1
Tile:7 10 0 0
Tile:6 4 5 1
Tile:7_flip 10 1 0
Tile:14_flip 7 3 1
Tile:5_flip 11 1 0
Tile:8 12 6 1
Tile:11 11 5 0
Destroy 6 6 1
Tile:9 11 0 0
Tile:6_flip 3 5 1
Tile:12 12 0 0
Tile:5_flip 8 3 1
Tile:15 8 2 0
Drop 0 0 1
Drop 5 0 0
Drop 5 0 1
Drop 4 0 0
Tile:6 11 7 1
Drop 3 0 0
Tile:8 2 5 1
Drop 2 0 0
Tile:8 2 4 1
Drop 1 0 0
Tile:6_flip 11 4 1
Drop 0 0 0
Drop 0 0 1
GAMEOVER DRAW
# Game ended: Thu Apr 09 01:39:53 EDT 2020
