# Server version 0.08 running on localhost:8123
# Game ID: 823
# Board class: Saboteur.SaboteurBoard
# Timeout: 2000000000
# First Move Timeout: 30000
# Date: Thu Apr 09 02:35:30 EDT 2020
# Player 1: Player-0, '260729805', running on localhost
# Player 2: Player-1, 'RandomPlayer', running on localhost
START Player-0 260729805
START Player-1 RandomPlayer
BoardInit:Bonus,Tile:10,Tile:10,Destroy,Tile:12,Tile:0,Tile:6,Tile:9,Tile:1,Bonus,Map,Map,Tile:5,Map,Tile:6,Bonus,Tile:14,Tile:7,Tile:9,Tile:7,Tile:8,Tile:8,Malus,Tile:6,Malus,Tile:8,Tile:5,Tile:15,Tile:4,Map,Tile:11,Bonus,Tile:9,Tile:13,Tile:5,Tile:8,Map,Destroy,Tile:3,Tile:9,Tile:10-Tile:5,Tile:0,Map,Tile:6,Destroy,Tile:7,Tile:6-Tile:0,Tile:2,Tile:7,Tile:9,Tile:7,Tile:0,Tile:8-Tile:hidden1,Tile:hidden2,Tile:nugget
Tile:6 5 6 1
Tile:0 6 5 0
Tile:7_flip 4 5 1
Tile:7 7 5 0
Tile:5 5 4 1
Tile:7_flip 7 6 0
Tile:12_flip 4 6 1
Tile:8 8 6 0
Destroy 7 5 1
Destroy 8 6 0
Drop 1 0 1
Tile:0 6 4 0
Drop 0 0 1
Map 12 3 0
Tile:6 7 4 1
Map 12 5 0
Tile:6_flip 8 6 1
Tile:0 8 4 0
Tile:14_flip 7 3 1
Tile:7 9 4 0
Tile:10 4 4 1
Tile:9 9 5 0
Tile:5_flip 8 7 1
Tile:9_flip 10 5 0
Tile:8 10 6 1
Tile:10 10 7 0
Tile:6 9 6 1
Tile:8 10 8 0
Drop 5 0 1
Tile:7 11 8 0
Tile:5_flip 11 9 1
Tile:8 10 9 0
Tile:1 8 3 1
Tile:6 9 8 0
Tile:4 10 4 1
Tile:2 11 6 0
Tile:9_flip 4 3 1
Tile:8 12 6 0
Drop 2 0 1
Destroy 8 3 0
Drop 4 0 1
Tile:9_flip 13 6 0
Tile:11_flip 10 10 1
Tile:15 13 7 0
Tile:3 4 2 1
Tile:13 13 8 0
Map 12 7 1
Drop 3 0 0
Tile:9_flip 13 9 1
Drop 2 0 0
Map 12 7 1
Drop 1 0 0
Tile:10 13 10 1
Drop 0 0 0
Drop 0 0 1
GAMEOVER DRAW
# Game ended: Thu Apr 09 02:35:40 EDT 2020
