# Server version 0.08 running on localhost:8123
# Game ID: 1052
# Board class: Saboteur.SaboteurBoard
# Timeout: 2000000000
# First Move Timeout: 30000
# Date: Sat Apr 11 14:21:31 EDT 2020
# Player 1: Player-0, '260729805', running on localhost
# Player 2: Player-1, 'RandomPlayer', running on localhost
START Player-0 260729805
START Player-1 RandomPlayer
BoardInit:Tile:2,Malus,Map,Tile:7,Tile:7,Map,Tile:5,Tile:8,Bonus,Tile:0,Tile:0,Tile:10,Destroy,Tile:8,Tile:4,Tile:12,Tile:7,Tile:11,Tile:6,Malus,Tile:9,Tile:0,Tile:9,Tile:6,Tile:10,Map,Bonus,Tile:0,Bonus,Tile:15,Tile:6,Tile:8,Tile:8,Tile:9,Tile:5,Tile:5,Tile:1,Bonus,Tile:9,Map,Tile:6-Map,Tile:14,Tile:7,Tile:13,Tile:5,Destroy,Map-Tile:9,Tile:8,Destroy,Tile:7,Tile:3,Tile:10,Tile:6-Tile:hidden2,Tile:nugget,Tile:hidden1
Map 12 5 1
Tile:7 6 5 0
Tile:13 4 5 1
Destroy 4 5 0
Drop 4 0 1
Tile:6 6 6 0
Tile:7_flip 4 5 1
Map 12 3 0
Tile:14_flip 5 4 1
Tile:9_flip 7 6 0
Tile:5_flip 7 7 1
Tile:10 7 5 0
Tile:2_flip 5 6 1
Tile:8 7 4 0
Drop 5 0 1
Tile:8 8 4 0
Map 12 7 1
Tile:8 9 4 0
Destroy 6 5 1
Tile:10 4 4 0
Tile:7 9 3 1
Tile:7 6 5 0
Tile:6 6 4 1
Tile:0 10 4 0
Tile:4_flip 8 5 1
Malus 0 0 0
Destroy 10 4 1
Malus 0 0 0
Drop 2 0 1
Tile:0 10 4 0
Bonus 0 0 1
Tile:6 11 4 0
Drop 6 0 1
Tile:8 12 4 0
GAMEOVER WINNER 0
# Game ended: Sat Apr 11 14:22:36 EDT 2020
