# Server version 0.08 running on localhost:8123
# Game ID: 1014
# Board class: Saboteur.SaboteurBoard
# Timeout: 2000000000
# First Move Timeout: 30000
# Date: Sat Apr 11 13:28:05 EDT 2020
# Player 1: Player-0, '260729805', running on localhost
# Player 2: Player-1, 'RandomPlayer', running on localhost
START Player-0 260729805
START Player-1 RandomPlayer
BoardInit:Tile:6,Map,Tile:0,Tile:6,Tile:9,Tile:5,Malus,Bonus,Tile:7,Tile:8,Tile:5,Tile:6,Tile:8,Map,Tile:6,Bonus,Bonus,Tile:9,Tile:6,Map,Tile:9,Destroy,Tile:13,Tile:12,Tile:5,Bonus,Tile:5,Tile:3,Tile:1,Map,Tile:7,Tile:7,Tile:10,Map,Tile:8,Tile:7,Tile:9,Tile:8,Destroy,Tile:0,Tile:7-Tile:0,Tile:10,Tile:11,Tile:0,Tile:4,Tile:9,Tile:10-Tile:8,Map,Destroy,Tile:2,Malus,Tile:14,Tile:15-Tile:hidden2,Tile:nugget,Tile:hidden1
Tile:0 4 5 1
Malus 0 0 0
Drop 1 0 1
Destroy 4 5 0
Drop 4 0 1
Tile:6 6 5 0
Drop 5 0 1
Tile:5_flip 7 5 0
Drop 5 0 1
Tile:8 7 4 0
Malus 0 0 1
Bonus 0 0 0
Drop 0 0 1
Tile:8 8 4 0
Drop 0 0 1
Tile:6 9 4 0
Drop 5 0 1
Tile:2 10 4 0
Drop 3 0 1
Tile:9 8 5 0
Drop 2 0 1
Tile:14 10 5 0
Drop 3 0 1
Destroy 9 4 0
Drop 5 0 1
Tile:12_flip 4 5 0
Drop 0 0 1
Tile:15 8 6 0
Drop 6 0 1
Tile:3 11 4 0
Drop 1 0 1
Drop 6 0 0
Drop 4 0 1
Tile:7 8 3 0
Drop 0 0 1
Drop 6 0 0
Drop 4 0 1
Tile:7_flip 5 6 0
Drop 0 0 1
Tile:8 9 5 0
Drop 6 0 1
Tile:0 6 6 0
Drop 0 0 1
Drop 5 0 0
Drop 4 0 1
Drop 4 0 0
Drop 2 0 1
Drop 3 0 0
Drop 0 0 1
Drop 2 0 0
Drop 0 0 1
Drop 1 0 0
Drop 1 0 1
Drop 0 0 0
Drop 0 0 1
GAMEOVER DRAW
# Game ended: Sat Apr 11 13:28:05 EDT 2020
