# Server version 0.08 running on localhost:8123
# Game ID: 624
# Board class: Saboteur.SaboteurBoard
# Timeout: 2000000000
# First Move Timeout: 30000
# Date: Thu Apr 09 00:00:58 EDT 2020
# Player 1: Player-0, '260729805', running on localhost
# Player 2: Player-1, 'RandomPlayer', running on localhost
START Player-0 260729805
START Player-1 RandomPlayer
BoardInit:Tile:6,Tile:9,Tile:7,Tile:7,Tile:10,Tile:12,Map,Map,Bonus,Tile:9,Destroy,Tile:9,Tile:8,Tile:8,Map,Tile:13,Tile:3,Tile:7,Tile:5,Tile:11,Destroy,Tile:9,Tile:7,Malus,Tile:6,Bonus,Tile:14,Tile:10,Bonus,Malus,Tile:6,Tile:9,Tile:0,Tile:5,Tile:10,Tile:8,Tile:4,Tile:6,Tile:8,Tile:2,Tile:6-Tile:5,Tile:7,Tile:5,Tile:8,Map,Bonus,Map-Tile:0,Destroy,Tile:0,Tile:1,Tile:15,Map,Tile:0-Tile:hidden1,Tile:nugget,Tile:hidden2
Tile:5 4 5 1
Map 12 3 0
Tile:7 5 4 1
Tile:0 6 5 0
Tile:8 7 5 1
Tile:0 8 5 0
Tile:10 7 6 1
Tile:0 9 5 0
Tile:6 4 4 1
Tile:12 10 5 0
Tile:5_flip 5 6 1
Map 12 5 0
Map 12 5 1
Tile:7 7 4 0
Destroy 8 5 1
Tile:8 8 5 0
Map 12 3 1
Tile:9 8 4 0
Drop 1 0 1
Tile:7_flip 8 6 0
Tile:8 4 6 1
Tile:9 8 3 0
Destroy 4 5 1
Tile:9_flip 9 3 0
Tile:3_flip 7 7 1
Tile:13 8 2 0
Tile:6_flip 4 3 1
Tile:11_flip 8 1 0
Drop 4 0 1
Destroy 8 2 0
Map 12 3 1
Tile:9 8 0 0
Drop 6 0 1
Drop 0 0 0
Tile:7_flip 7 1 1
Tile:5_flip 5 3 0
Drop 6 0 1
Tile:9 3 3 0
Tile:14_flip 4 5 1
Tile:6 9 0 0
Tile:8 8 2 1
Drop 5 0 0
Tile:4 7 0 1
Tile:2 9 2 0
Tile:6_flip 3 6 1
Tile:10 4 7 0
Map 12 7 1
Drop 2 0 0
Tile:0 7 2 1
Malus 0 0 0
Bonus 0 0 1
Drop 1 0 0
Drop 1 0 1
Tile:15 3 2 0
Drop 0 0 1
GAMEOVER DRAW
# Game ended: Thu Apr 09 00:00:59 EDT 2020
