# Server version 0.08 running on localhost:8123
# Game ID: 290
# Board class: Saboteur.SaboteurBoard
# Timeout: 2000000000
# First Move Timeout: 30000
# Date: Fri Apr 03 03:08:13 EDT 2020
# Player 1: Player-0, '260729805', running on localhost
# Player 2: Player-1, 'RandomPlayer', running on localhost
START Player-0 260729805
START Player-1 RandomPlayer
BoardInit:Tile:3,Tile:6,Tile:11,Tile:9,Destroy,Malus,Tile:8,Tile:6,Tile:6,Bonus,Tile:8,Map,Bonus,Tile:14,Tile:12,Tile:7,Tile:0,Tile:7,Tile:7,Map,Tile:0,Destroy,Destroy,Tile:13,Tile:0,Tile:10,Tile:5,Tile:6,Tile:8,Tile:7,Tile:6,Tile:9,Tile:7,Tile:10,Tile:4,Tile:5,Tile:5,Tile:0,Tile:10,Map,Malus-Map,Tile:9,Tile:2,Tile:9,Tile:15,Bonus,Map-Tile:5,Map,Tile:1,Tile:8,Tile:8,Tile:9,Bonus-Tile:hidden1,Tile:nugget,Tile:hidden2
Tile:9_flip 5 6 1
Map 12 3 0
Tile:9_flip 5 4 1
Tile:5_flip 6 5 0
Tile:3_flip 4 5 1
Tile:9 6 4 0
Tile:2 4 6 1
Tile:8 7 4 0
Tile:15 7 5 1
Tile:8 8 4 0
Drop 1 0 1
Tile:6 9 4 0
Destroy 7 5 1
Map 12 3 0
Tile:11_flip 8 3 1
Tile:9_flip 10 4 0
Tile:6_flip 5 3 1
Tile:6 8 5 0
Tile:0 3 6 1
Tile:7 9 5 0
Tile:12_flip 2 6 1
Map 12 3 0
Tile:8 4 4 1
Tile:7_flip 9 6 0
Tile:7 10 6 1
Destroy 10 4 0
Tile:8 4 3 1
Tile:10 9 3 0
Tile:5 7 3 1
Tile:6 10 4 0
Map 12 3 1
Tile:7 9 2 0
Destroy 8 4 1
Tile:9 7 5 0
Tile:7_flip 3 4 1
Tile:10 7 6 0
Tile:6_flip 4 2 1
Tile:5_flip 7 7 0
Tile:5_flip 5 2 1
Tile:0 6 7 0
Tile:0 11 4 1
Map 12 3 0
Tile:8 3 3 1
Tile:1 12 4 0
Drop 4 0 1
Tile:13 8 4 0
Tile:0 2 3 1
Tile:14_flip 8 2 0
Map 12 5 1
Drop 2 0 0
Tile:4 5 1 1
Drop 1 0 0
Malus 0 0 1
Bonus 0 0 0
Drop 0 0 1
GAMEOVER DRAW
# Game ended: Fri Apr 03 03:08:13 EDT 2020
