# Server version 0.08 running on 192.168.1.5:8123
# Game ID: 151
# Board class: Saboteur.SaboteurBoard
# Timeout: 2000000000
# First Move Timeout: 30000
# Date: Tue Mar 31 01:46:36 EDT 2020
# Player 1: Player-0, '260729805', running on 192.168.1.5
# Player 2: Player-1, 'RandomPlayer', running on 192.168.1.5
START Player-0 260729805
START Player-1 RandomPlayer
BoardInit:Map,Tile:2,Map,Tile:9,Tile:8,Tile:6,Tile:6,Tile:14,Tile:8,Tile:8,Bonus,Tile:10,Tile:5,Tile:9,Tile:7,Malus,Tile:9,Tile:6,Tile:7,Tile:11,Tile:8,Tile:10,Tile:9,Tile:1,Destroy,Tile:4,Tile:10,Tile:13,Map,Tile:12,Malus,Tile:5,Tile:7,Tile:9,Map,Tile:3,Tile:0,Tile:7,Map,Tile:6,Tile:8-Map,Tile:0,Tile:6,Destroy,Tile:0,Tile:15,Destroy-Tile:0,Tile:5,Tile:5,Bonus,Bonus,Bonus,Tile:7-Tile:hidden2,Tile:nugget,Tile:hidden1
Tile:6_flip 5 4 1
Tile:0 6 5 0
Drop 1 0 1
Tile:5 4 4 0
Tile:0 6 4 1
Tile:5_flip 5 6 0
Map 12 5 1
Tile:6 7 5 0
Tile:8 4 6 1
Tile:7 7 4 0
Drop 0 0 1
Tile:8 8 5 0
Destroy 7 5 1
Tile:2 3 6 0
Drop 5 0 1
Tile:9 3 7 0
Tile:8 7 5 1
Tile:14 3 8 0
Tile:9 4 5 1
GAMEOVER USER CANCEL UNDECIDED
# Game ended: Tue Mar 31 01:47:28 EDT 2020
