# Server version 0.08 running on localhost:8123
# Game ID: 280
# Board class: Saboteur.SaboteurBoard
# Timeout: 2000000000
# First Move Timeout: 30000
# Date: Fri Apr 03 02:40:16 EDT 2020
# Player 1: Player-0, '260729805', running on localhost
# Player 2: Player-1, 'Human', running on localhost
START Player-0 260729805
START Player-1 Human
BoardInit:Tile:0,Tile:6,Tile:10,Map,Tile:7,Map,Tile:14,Tile:7,Tile:9,Tile:6,Tile:9,Tile:5,Tile:3,Bonus,Tile:9,Tile:8,Bonus,Tile:0,Malus,Tile:0,Tile:15,Tile:8,Tile:11,Tile:9,Bonus,Destroy,Map,Tile:5,Tile:8,Destroy,Tile:13,Tile:0,Tile:1,Tile:12,Tile:6,Tile:5,Tile:10,Tile:2,Tile:10,Malus,Tile:7-Tile:8,Map,Tile:7,Tile:5,Tile:8,Tile:7,Tile:4-Tile:9,Bonus,Map,Tile:6,Map,Destroy,Tile:6-Tile:nugget,Tile:hidden1,Tile:hidden2
Tile:8 6 5 1
Map 12 3 0
Tile:0 7 5 1
Map 12 3 0
Map 12 5 1
Map 12 3 0
Tile:8 8 5 1
Map 12 3 0
Drop 6 0 1
Tile:9_flip 9 5 0
Tile:9 9 6 1
Tile:6 10 6 0
Tile:7 11 6 1
Tile:6 11 7 0
Drop 6 0 1
Tile:5 10 5 0
Drop 2 0 1
Tile:6_flip 10 7 0
Tile:9 12 6 1
Tile:6 13 5 0
Tile:9 10 8 1
Tile:0 11 5 0
Tile:15 10 9 1
Tile:8 4 5 0
