# Server version 0.08 running on localhost:8123
# Game ID: 1016
# Board class: Saboteur.SaboteurBoard
# Timeout: 2000000000
# First Move Timeout: 30000
# Date: Sat Apr 11 13:31:12 EDT 2020
# Player 1: Player-0, '260729805', running on localhost
# Player 2: Player-1, 'RandomPlayer', running on localhost
START Player-0 260729805
START Player-1 RandomPlayer
BoardInit:Map,Tile:3,Tile:6,Tile:9,Tile:8,Tile:5,Tile:11,Tile:10,Tile:5,Tile:7,Malus,Tile:14,Tile:0,Map,Bonus,Tile:9,Tile:8,Tile:15,Tile:12,Tile:6,Tile:7,Tile:5,Destroy,Tile:0,Tile:5,Bonus,Destroy,Tile:10,Tile:9,Map,Tile:6,Malus,Tile:2,Tile:1,Destroy,Map,Map,Tile:8,Tile:9,Tile:8,Tile:7-Tile:4,Tile:9,Map,Tile:8,Tile:6,Tile:7,Bonus-Tile:10,Bonus,Tile:13,Tile:0,Tile:6,Tile:7,Tile:0-Tile:nugget,Tile:hidden2,Tile:hidden1
Tile:6_flip 6 5 1
Tile:0 7 5 0
Tile:8 8 5 1
Tile:6 9 5 0
Tile:4 9 4 1
Tile:7_flip 8 6 0
Drop 6 0 1
Tile:0 9 6 0
Tile:9_flip 8 4 1
Tile:9_flip 10 6 0
Tile:5_flip 10 7 1
Tile:5 9 7 0
Tile:7 10 5 1
Tile:10 9 8 0
Tile:11_flip 5 6 1
Tile:10 9 9 0
Tile:6_flip 5 4 1
Tile:9 9 10 0
Tile:8 4 4 1
Tile:7 10 10 0
Tile:12_flip 4 6 1
Tile:6 10 11 0
Tile:0 7 4 1
Tile:5_flip 11 11 0
Map 12 7 1
Tile:0 6 4 0
Destroy 9 10 1
Tile:14_flip 11 10 0
Drop 2 0 1
Tile:10 8 3 0
Drop 3 0 1
Tile:13 12 10 0
Tile:5 8 2 1
Malus 0 0 0
Drop 4 0 1
Tile:3 12 9 0
Destroy 8 6 1
Tile:1 11 9 0
Destroy 6 5 1
Tile:8 8 6 0
Drop 1 0 1
Tile:8 9 10 0
Bonus 0 0 1
Tile:15 8 7 0
Tile:9_flip 8 8 1
Drop 4 0 0
Tile:6_flip 7 8 1
Drop 3 0 0
Tile:7_flip 4 5 1
Drop 2 0 0
Tile:2 4 3 1
Drop 1 0 0
Map 12 3 1
Drop 0 0 0
Drop 0 0 1
GAMEOVER DRAW
# Game ended: Sat Apr 11 13:31:12 EDT 2020
