# Server version 0.08 running on localhost:8123
# Game ID: 370
# Board class: Saboteur.SaboteurBoard
# Timeout: 2000000000
# First Move Timeout: 30000
# Date: Sat Apr 04 00:27:47 EDT 2020
# Player 1: Player-0, '260729805', running on localhost
# Player 2: Player-1, 'RandomPlayer', running on localhost
START Player-0 260729805
START Player-1 RandomPlayer
BoardInit:Tile:10,Tile:8,Tile:6,Tile:3,Tile:7,Tile:8,Map,Tile:2,Bonus,Malus,Tile:10,Map,Tile:6,Tile:8,Map,Destroy,Tile:4,Destroy,Tile:7,Destroy,Tile:7,Bonus,Tile:13,Tile:6,Bonus,Tile:10,Tile:6,Tile:15,Tile:0,Tile:5,Tile:9,Tile:0,Tile:0,Tile:7,Tile:6,Map,Tile:7,Tile:0,Tile:9,Tile:9,Tile:8-Bonus,Map,Tile:9,Tile:1,Malus,Tile:14,Tile:5-Tile:5,Tile:8,Tile:12,Tile:9,Map,Tile:11,Tile:5-Tile:hidden1,Tile:hidden2,Tile:nugget
Tile:9_flip 5 6 1
Map 12 3 0
Tile:14 5 7 1
Tile:12 6 5 0
Tile:5 5 4 1
Tile:5 4 5 0
Drop 6 0 1
Tile:5_flip 6 4 0
Tile:6 4 7 1
Tile:11 6 3 0
Drop 1 0 1
Tile:3 7 3 0
Map 12 3 1
Map 12 5 0
Tile:10 7 4 1
Tile:2 6 2 0
Tile:6_flip 3 7 1
Destroy 7 4 0
Map 12 7 1
Destroy 6 5 0
Drop 4 0 1
Tile:8 4 6 0
Tile:4_flip 7 4 1
Tile:9 3 8 0
Tile:1 4 8 1
Tile:8 3 9 0
Tile:7 6 5 1
Tile:10 6 6 0
Drop 5 0 1
Tile:8 3 10 0
Malus 0 0 1
Bonus 0 0 0
Tile:9_flip 4 10 1
Tile:8 4 11 0
Tile:13 5 2 1
Tile:7 5 11 0
Tile:6_flip 4 9 1
Map 12 7 0
Tile:0 4 2 1
Tile:6 5 9 0
Tile:7 5 8 1
Tile:9 6 7 0
Tile:6 4 12 1
Tile:5_flip 7 7 0
Tile:9 2 10 1
Tile:0 6 9 0
Tile:7_flip 2 7 1
Tile:0 7 9 0
Tile:8 3 11 1
Destroy 7 4 0
Tile:0 3 6 1
Tile:15 7 4 0
Drop 1 0 1
Malus 0 0 0
Bonus 0 0 1
GAMEOVER DRAW
# Game ended: Sat Apr 04 00:27:47 EDT 2020
