# Server version 0.08 running on 192.168.1.52:8123
# Game ID: 1064
# Board class: Saboteur.SaboteurBoard
# Timeout: 2000000000
# First Move Timeout: 30000
# Date: Sun Apr 12 20:25:40 EDT 2020
# Player 1: Player-0, '260729805', running on 192.168.1.52
# Player 2: Player-1, 'RandomPlayer', running on 192.168.1.52
START Player-0 260729805
START Player-1 RandomPlayer
BoardInit:Bonus,Tile:7,Tile:8,Tile:1,Tile:9,Tile:5,Tile:6,Tile:11,Map,Tile:5,Map,Destroy,Tile:9,Bonus,Malus,Tile:6,Destroy,Tile:4,Destroy,Tile:7,Bonus,Map,Tile:14,Map,Tile:5,Tile:8,Tile:2,Malus,Tile:12,Tile:10,Tile:7,Map,Tile:6,Tile:8,Tile:10,Tile:9,Tile:10,Tile:13,Bonus,Tile:8,Tile:0-Tile:3,Tile:0,Tile:8,Tile:9,Tile:6,Tile:7,Tile:9-Tile:7,Tile:15,Tile:6,Map,Tile:5,Tile:0,Tile:0-Tile:nugget,Tile:hidden2,Tile:hidden1
Tile:9 4 5 1
Tile:5 5 4 0
Tile:7 6 5 1
Tile:0 6 4 0
Tile:6 4 6 1
Tile:0 7 4 0
Tile:8 3 6 1
Tile:15 6 6 0
Tile:6 3 7 1
Tile:7_flip 2 6 0
Drop 1 0 1
Tile:1 8 4 0
Tile:9_flip 9 4 1
Drop 0 0 0
Map 12 7 1
Destroy 3 6 0
Tile:9 6 7 1
Tile:11_flip 2 5 0
Destroy 6 4 1
Tile:4_flip 9 5 0
Tile:9_flip 2 4 1
Drop 6 0 0
Destroy 8 4 1
Tile:7_flip 1 4 0
Tile:14 5 6 1
Tile:6_flip 4 7 0
Tile:8 2 3 1
Map 12 3 0
Tile:2_flip 6 4 1
Drop 2 0 0
Malus 0 0 1
Map 12 3 0
Tile:7_flip 6 8 1
Map 12 7 0
Tile:5_flip 3 3 1
Malus 0 0 0
Drop 0 0 1
Drop 3 0 0
Map 12 7 1
Drop 2 0 0
Drop 6 0 1
Map 12 5 0
Bonus 0 0 1
Drop 4 0 0
Tile:0 8 4 1
Drop 4 0 0
Drop 1 0 1
Drop 3 0 0
Tile:6_flip 2 7 1
Drop 2 0 0
Tile:10 9 3 1
Drop 1 0 0
Tile:10 4 4 1
Drop 0 0 0
Drop 0 0 1
GAMEOVER DRAW
# Game ended: Sun Apr 12 20:25:40 EDT 2020
