# Server version 0.08 running on macbook-pro-5.local:8123
# Game ID: 747
# Board class: Saboteur.SaboteurBoard
# Timeout: 2000000000
# First Move Timeout: 30000
# Date: Thu Apr 09 01:39:39 EDT 2020
# Player 1: Player-0, '260729805', running on macbook-pro-5.local
# Player 2: Player-1, 'RandomPlayer', running on macbook-pro-5.local
START Player-0 260729805
START Player-1 RandomPlayer
BoardInit:Tile:10,Tile:8,Tile:5,Malus,Tile:7,Tile:7,Tile:10,Tile:14,Destroy,Tile:0,Tile:9,Map,Tile:12,Bonus,Tile:5,Tile:5,Map,Tile:10,Tile:5,Tile:7,Tile:8,Malus,Map,Tile:9,Tile:9,Tile:7,Tile:3,Tile:8,Map,Map,Tile:6,Tile:6,Bonus,Destroy,Tile:4,Tile:6,Tile:1,Tile:6,Tile:11,Tile:0,Tile:9-Destroy,Bonus,Tile:8,Tile:0,Tile:13,Tile:9,Bonus-Tile:2,Tile:15,Tile:7,Tile:8,Tile:6,Tile:0,Map-Tile:nugget,Tile:hidden1,Tile:hidden2
Tile:9 5 6 1
Map 12 3 0
Tile:8 5 7 1
Tile:7 6 5 0
Tile:13 6 6 1
Tile:6_flip 5 4 0
Drop 2 0 1
Tile:0 6 4 0
Tile:10 5 8 1
Tile:7 7 4 0
Tile:10 7 5 1
Tile:8 7 6 0
Tile:5_flip 8 6 1
Tile:8 7 7 0
Destroy 7 5 1
Tile:0 4 4 0
Destroy 6 4 1
Tile:5 4 5 0
Drop 1 0 1
Tile:10 4 6 0
Tile:9 8 5 1
Tile:7_flip 4 7 0
Tile:12 9 5 1
Tile:15 8 4 0
Drop 4 0 1
Tile:9 3 4 0
Tile:9 8 3 1
Tile:7 3 3 0
Tile:8 5 9 1
Tile:8 6 7 0
Tile:5_flip 6 9 1
Tile:2 9 3 0
Map 12 3 1
Tile:6_flip 8 7 0
Tile:3 10 3 1
Destroy 9 3 0
Tile:6_flip 9 3 1
Tile:6 9 7 0
Tile:7_flip 10 4 1
Tile:6 6 4 0
Tile:4_flip 9 4 1
Tile:0 2 3 0
Tile:9_flip 11 4 1
Tile:14_flip 11 3 0
Map 12 7 1
Drop 4 0 0
Tile:11_flip 10 7 1
Drop 3 0 0
Drop 3 0 1
Drop 2 0 0
Map 12 3 1
Drop 1 0 0
Drop 1 0 1
Malus 0 0 0
Bonus 0 0 1
GAMEOVER DRAW
# Game ended: Thu Apr 09 01:39:39 EDT 2020
