# Server version 0.08 running on localhost:8123
# Game ID: 946
# Board class: Saboteur.SaboteurBoard
# Timeout: 2000000000
# First Move Timeout: 30000
# Date: Sat Apr 11 02:16:35 EDT 2020
# Player 1: Player-0, '260729805', running on localhost
# Player 2: Player-1, 'RandomPlayer', running on localhost
START Player-0 260729805
START Player-1 RandomPlayer
BoardInit:Tile:7,Tile:6,Bonus,Tile:3,Map,Malus,Tile:9,Destroy,Tile:9,Tile:6,Tile:14,Tile:5,Tile:5,Tile:6,Malus,Tile:8,Tile:8,Tile:11,Tile:6,Map,Tile:10,Tile:7,Tile:8,Tile:5,Tile:7,Tile:0,Tile:15,Map,Tile:0,Tile:10,Map,Tile:0,Tile:9,Bonus,Tile:4,Bonus,Destroy,Map,Tile:10,Tile:0,Tile:5-Map,Tile:6,Tile:12,Tile:7,Tile:9,Tile:8,Destroy-Tile:8,Tile:7,Tile:13,Tile:9,Bonus,Tile:2,Tile:1-Tile:nugget,Tile:hidden1,Tile:hidden2
Tile:9_flip 5 6 1
Tile:7 6 5 0
Tile:8 4 5 1
Tile:6 5 7 0
Tile:7_flip 3 5 1
Tile:8 6 7 0
Tile:6 7 7 1
Malus 0 0 0
Destroy 6 7 1
Destroy 3 5 0
Map 12 3 1
Tile:6 6 7 0
Drop 6 0 1
Tile:5_flip 8 7 0
Map 12 5 1
Tile:6_flip 8 6 0
Drop 6 0 1
Tile:9_flip 9 6 0
Drop 3 0 1
Tile:8 9 5 0
Drop 2 0 1
Tile:13 10 5 0
Drop 0 0 1
Tile:7_flip 9 7 0
Drop 2 0 1
Tile:5_flip 10 7 0
Drop 0 0 1
Tile:0 8 5 0
Drop 5 0 1
Tile:2 11 5 0
Drop 0 0 1
Tile:10 10 6 0
Map 12 3 1
Tile:3_flip 11 6 0
Drop 3 0 1
Tile:0 12 6 0
Drop 3 0 1
Tile:1 13 6 0
Destroy 7 7 1
Tile:11 10 4 0
Drop 2 0 1
Tile:0 7 7 0
Drop 0 0 1
Drop 5 0 0
Drop 4 0 1
Drop 4 0 0
Drop 2 0 1
Drop 3 0 0
Drop 0 0 1
Drop 2 0 0
Drop 0 0 1
Drop 1 0 0
Drop 1 0 1
Drop 0 0 0
Drop 0 0 1
GAMEOVER DRAW
# Game ended: Sat Apr 11 02:16:36 EDT 2020
