# Server version 0.08 running on localhost:8123
# Game ID: 983
# Board class: Saboteur.SaboteurBoard
# Timeout: 2000000000
# First Move Timeout: 30000
# Date: Sat Apr 11 02:39:09 EDT 2020
# Player 1: Player-0, '260729805', running on localhost
# Player 2: Player-1, 'RandomPlayer', running on localhost
START Player-0 260729805
START Player-1 RandomPlayer
BoardInit:Bonus,Tile:0,Malus,Tile:8,Tile:10,Tile:9,Tile:8,Tile:7,Tile:10,Bonus,Tile:6,Map,Tile:8,Map,Bonus,Tile:11,Tile:6,Tile:7,Tile:12,Tile:7,Tile:10,Tile:7,Map,Bonus,Tile:15,Tile:0,Tile:1,Tile:9,Destroy,Tile:5,Destroy,Tile:8,Tile:6,Malus,Tile:9,Tile:0,Tile:5,Tile:2,Tile:4,Tile:6,Tile:5-Map,Map,Tile:7,Tile:8,Tile:9,Map,Tile:14-Destroy,Tile:13,Tile:9,Tile:3,Tile:0,Tile:5,Tile:6-Tile:nugget,Tile:hidden1,Tile:hidden2
Map 12 7 1
Tile:0 6 5 0
Map 12 3 1
Destroy 6 5 0
Tile:9 5 4 1
Tile:5_flip 6 5 0
Tile:8 5 6 1
Tile:6_flip 6 4 0
Tile:14 7 4 1
Tile:0 6 6 0
Tile:10 7 3 1
Tile:7 7 6 0
Map 12 5 1
Tile:9 7 7 0
Tile:8 5 7 1
Tile:8 8 7 0
Drop 5 0 1
Tile:9_flip 9 7 0
Tile:6 5 8 1
Tile:7 9 6 0
Tile:6 4 8 1
Tile:7_flip 9 8 0
Tile:7_flip 7 8 1
Tile:7 10 8 0
Map 12 7 1
Tile:11 8 6 0
Malus 0 0 1
Bonus 0 0 0
Tile:12 6 7 1
Tile:9 10 9 0
Drop 3 0 1
Tile:0 11 9 0
Drop 6 0 1
Tile:8 10 10 0
Destroy 7 3 1
Malus 0 0 0
Drop 3 0 1
Tile:5_flip 12 9 0
Bonus 0 0 1
Tile:0 11 10 0
Tile:9_flip 7 3 1
Tile:6_flip 12 8 0
Tile:10 7 2 1
Tile:13 8 5 0
Drop 4 0 1
Tile:2_flip 9 5 0
Tile:1 13 8 1
Tile:3 10 5 0
Tile:5 8 4 1
Drop 2 0 0
Tile:6 3 8 1
Drop 1 0 0
Tile:5 3 7 1
Drop 0 0 0
Drop 0 0 1
GAMEOVER DRAW
# Game ended: Sat Apr 11 02:39:09 EDT 2020
