# Server version 0.08 running on macbook-pro-5.local:8123
# Game ID: 945
# Board class: Saboteur.SaboteurBoard
# Timeout: 2000000000
# First Move Timeout: 30000
# Date: Sat Apr 11 02:16:29 EDT 2020
# Player 1: Player-0, '260729805', running on macbook-pro-5.local
# Player 2: Player-1, 'RandomPlayer', running on macbook-pro-5.local
START Player-0 260729805
START Player-1 RandomPlayer
BoardInit:Tile:1,Tile:2,Tile:6,Malus,Tile:0,Bonus,Tile:9,Tile:7,Tile:10,Tile:8,Tile:10,Map,Tile:12,Destroy,Bonus,Tile:0,Malus,Tile:9,Tile:6,Tile:5,Bonus,Tile:8,Tile:7,Tile:6,Tile:5,Map,Tile:10,Tile:6,Tile:13,Tile:11,Tile:7,Tile:9,Destroy,Map,Tile:4,Tile:0,Tile:8,Tile:9,Tile:14,Map,Bonus-Tile:6,Map,Tile:8,Tile:9,Tile:5,Tile:3,Tile:15-Destroy,Tile:7,Tile:8,Tile:7,Tile:0,Map,Tile:5-Tile:hidden2,Tile:hidden1,Tile:nugget
Tile:9_flip 5 4 1
Destroy 5 4 0
Tile:8 5 6 1
Tile:7 6 6 0
Tile:6_flip 5 4 1
Malus 0 0 0
Map 12 5 1
Tile:7_flip 6 7 0
Drop 1 0 1
Tile:0 7 7 0
Drop 4 0 1
Tile:5_flip 8 7 0
Drop 0 0 1
Tile:7 8 6 0
Drop 0 0 1
Destroy 8 7 0
Drop 1 0 1
Tile:8 8 7 0
Drop 2 0 1
Tile:0 9 7 0
Drop 4 0 1
Tile:8 10 7 0
Drop 5 0 1
Tile:8 11 7 0
GAMEOVER WINNER 0
# Game ended: Sat Apr 11 02:16:29 EDT 2020
