# Server version 0.08 running on macbook-pro-5.local:8123
# Game ID: 723
# Board class: Saboteur.SaboteurBoard
# Timeout: 2000000000
# First Move Timeout: 30000
# Date: Thu Apr 09 01:32:39 EDT 2020
# Player 1: Player-0, '260729805', running on macbook-pro-5.local
# Player 2: Player-1, 'RandomPlayer', running on macbook-pro-5.local
START Player-0 260729805
START Player-1 RandomPlayer
BoardInit:Bonus,Tile:7,Tile:7,Tile:9,Tile:8,Tile:7,Tile:10,Tile:10,Tile:7,Tile:11,Tile:8,Tile:5,Map,Map,Bonus,Tile:6,Tile:8,Tile:5,Tile:15,Tile:0,Tile:14,Tile:0,Tile:6,Destroy,Tile:8,Tile:13,Tile:4,Destroy,Bonus,Tile:5,Tile:9,Tile:1,Tile:9,Tile:3,Tile:0,Bonus,Tile:6,Tile:2,Malus,Tile:8,Tile:7-Tile:6,Malus,Map,Tile:9,Tile:12,Destroy,Tile:10-Tile:0,Map,Map,Tile:6,Tile:5,Tile:9,Map-Tile:nugget,Tile:hidden1,Tile:hidden2
Map 12 3 1
Tile:0 6 5 0
Tile:6_flip 7 5 1
Tile:6 8 5 0
Tile:9 5 6 1
Tile:5_flip 9 5 0
Tile:8 8 4 1
Tile:7 9 4 0
Drop 2 0 1
Tile:7_flip 7 6 0
Tile:7 6 6 1
Tile:9 8 3 0
Tile:10 5 7 1
Tile:5_flip 9 3 0
Drop 3 0 1
Tile:9 9 2 0
Tile:7 10 2 1
Tile:11 5 4 0
Drop 1 0 1
Drop 6 0 0
Tile:8 4 5 1
Drop 6 0 0
Drop 5 0 1
Drop 6 0 0
Drop 4 0 1
Destroy 5 4 0
Tile:6 7 4 1
Tile:13 5 4 0
Map 12 3 1
Destroy 6 5 0
Tile:14 5 8 1
Drop 6 0 0
Tile:9 4 8 1
Tile:1 6 5 0
Tile:4_flip 4 9 1
Tile:3 8 6 0
Tile:9 6 7 1
Drop 6 0 0
Tile:8 4 4 1
Tile:2_flip 6 4 0
Tile:0 7 7 1
Drop 6 0 0
Tile:6_flip 3 5 1
Drop 5 0 0
Malus 0 0 1
Drop 4 0 0
Drop 3 0 1
Drop 3 0 0
Tile:7 4 3 1
Drop 2 0 0
Drop 0 0 1
Drop 1 0 0
Drop 1 0 1
Drop 0 0 0
Drop 0 0 1
GAMEOVER DRAW
# Game ended: Thu Apr 09 01:32:41 EDT 2020
