# Server version 0.08 running on 192.168.2.11:8123
# Game ID: 1
# Board class: Saboteur.SaboteurBoard
# Timeout: 20000
# First Move Timeout: 30000
# Date: Tue Mar 24 16:11:42 EDT 2020
# Player 1: Player-0, 'RandomPlayer', running on 192.168.2.11
# Player 2: Player-1, 'RandomPlayer', running on 192.168.2.11
START Player-0 RandomPlayer
START Player-1 RandomPlayer
BoardInit:Tile:1,Map,Tile:2,Tile:0,Destroy,Tile:11,Tile:10,Tile:6,Tile:8,Tile:7,Bonus,Tile:8,Tile:0,Tile:9,Tile:6,Tile:10,Tile:12,Tile:4,Tile:8,Tile:6,Tile:5,Destroy,Tile:7,Tile:5,Tile:5,Tile:8,Tile:7,Map,Tile:0,Tile:13,Bonus,Map,Tile:6,Tile:6,Map,Malus,Tile:9,Tile:3,Tile:9,Tile:9,Tile:9-Tile:7,Tile:15,Tile:14,Map,Tile:5,Tile:7,Tile:10-Map,Malus,Bonus,Tile:8,Bonus,Destroy,Tile:0-Tile:hidden2,Tile:hidden1,Tile:nugget
Map 12 3 1
Tile:8 5 6 0
Tile:7 6 5 1
Map 12 3 0
Tile:2_flip 6 6 1
Drop 2 0 0
Tile:10 5 7 1
Tile:0 4 5 0
Tile:5 4 6 1
Destroy 4 6 0
Drop 1 0 1
Drop 1 0 0
Drop 0 0 1
Tile:11 5 4 0
Tile:1 4 6 1
Tile:9 5 3 0
Tile:7_flip 5 8 1
Tile:0 3 5 0
Drop 1 0 1
Tile:8 2 5 0
Tile:8 1 5 1
Tile:7_flip 0 5 0
Drop 5 0 1
Tile:6 7 6 0
Tile:0 6 4 1
Tile:4 1 4 0
Tile:12_flip 3 6 1
Tile:5_flip 1 6 0
Tile:5 0 6 1
Drop 4 0 0
Destroy 7 6 1
Map 12 7 0
Tile:0 6 3 1
Map 12 3 0
Tile:5_flip 7 4 1
Tile:13 0 7 0
Tile:7 6 8 1
Tile:6 6 9 0
Tile:6_flip 5 2 1
Tile:8 0 8 0
Tile:7_flip 0 9 1
Tile:10 2 6 0
Drop 0 0 1
Tile:9_flip 7 9 0
Tile:9 7 10 1
Map 12 5 0
Tile:6_flip 5 9 1
Tile:3_flip 4 2 0
Tile:9_flip 2 7 1
Tile:6_flip 1 7 0
Drop 1 0 1
Malus 0 0 0
Bonus 0 0 1
Drop 0 0 0
Tile:9_flip 7 3 1
GAMEOVER DRAW
# Game ended: Tue Mar 24 16:11:42 EDT 2020
