# Server version 0.08 running on localhost:8123
# Game ID: 139
# Board class: Saboteur.SaboteurBoard
# Timeout: 20000
# First Move Timeout: 30000
# Date: Tue Mar 31 01:07:02 EDT 2020
# Player 1: Player-0, '260729805', running on localhost
# Player 2: Player-1, 'RandomPlayer', running on localhost
START Player-0 260729805
START Player-1 RandomPlayer
BoardInit:Tile:8,Tile:12,Tile:6,Map,Tile:9,Tile:8,Tile:13,Tile:9,Map,Tile:0,Tile:6,Tile:10,Tile:9,Malus,Tile:7,Tile:4,Tile:7,Tile:14,Tile:8,Tile:0,Tile:9,Bonus,Tile:7,Destroy,Tile:6,Tile:10,Map,Tile:10,Tile:8,Tile:5,Tile:5,Malus,Tile:5,Tile:1,Tile:0,Bonus,Tile:6,Destroy,Tile:7,Tile:0,Destroy-Tile:5,Tile:7,Map,Tile:6,Map,Tile:11,Map-Tile:3,Tile:8,Tile:9,Bonus,Bonus,Tile:15,Tile:2-Tile:nugget,Tile:hidden2,Tile:hidden1
Tile:6_flip 4 5 1
Tile:3 5 4 0
Tile:11 5 6 1
Tile:8 3 5 0
Tile:8 3 4 1
Tile:9 3 3 0
Drop 5 0 1
Tile:15 3 2 0
Tile:13 5 7 1
Tile:2 3 1 0
Map 12 7 1
GAMEOVER TIMEOUT WINNER 1
# Game ended: Tue Mar 31 01:08:17 EDT 2020
