# Server version 0.08 running on localhost:8123
# Game ID: 49
# Board class: Saboteur.SaboteurBoard
# Timeout: 20000
# First Move Timeout: 30000
# Date: Sun Mar 29 22:59:32 EDT 2020
# Player 1: Player-0, '260729805', running on localhost
# Player 2: Player-1, 'RandomPlayer', running on localhost
START Player-0 260729805
START Player-1 RandomPlayer
BoardInit:Tile:6,Tile:5,Tile:13,Tile:8,Tile:0,Bonus,Tile:9,Tile:8,Tile:9,Tile:6,Map,Tile:5,Tile:10,Bonus,Tile:8,Map,Tile:11,Tile:7,Map,Tile:3,Tile:7,Malus,Tile:5,Tile:0,Tile:7,Tile:14,Tile:9,Destroy,Destroy,Bonus,Bonus,Tile:8,Tile:6,Tile:9,Tile:10,Tile:15,Tile:5,Tile:12,Tile:0,Tile:0,Tile:7-Tile:2,Malus,Map,Map,Map,Tile:6,Tile:8-Tile:7,Tile:10,Destroy,Tile:4,Tile:9,Tile:6,Tile:1-Tile:nugget,Tile:hidden2,Tile:hidden1
Tile:6_flip 5 4 1
Tile:6_flip 4 5 0
Drop 1 0 1
Destroy 5 4 0
Drop 2 0 1
Tile:9_flip 4 6 0
Tile:6 3 5 1
Tile:5 3 4 0
Map 12 5 1
Tile:7 6 5 0
Tile:9 2 5 1
Tile:4_flip 5 6 0
Drop 4 0 1
Tile:8 5 4 0
Drop 5 0 1
Tile:1 6 4 0
Map 12 7 1
Tile:5 5 3 0
Tile:9 6 6 1
Drop 1 0 0
Tile:10 2 4 1
Map 12 7 0
Tile:2_flip 6 7 1
Tile:3 7 4 0
Tile:5_flip 7 6 1
Tile:6 6 3 0
Tile:11 7 5 1
Tile:8 4 7 0
Drop 2 0 1
Tile:0 4 4 0
Drop 3 0 1
Destroy 4 5 0
Tile:8 2 3 1
Tile:10 2 6 0
Tile:6 7 3 1
Tile:14_flip 6 2 0
Tile:7 8 3 1
Tile:9_flip 7 2 0
Destroy 3 4 1
Tile:7_flip 8 4 0
Map 12 5 1
Tile:15 2 2 0
Tile:0 8 5 1
Tile:8 2 1 0
Drop 1 0 1
Drop 3 0 0
Tile:7 2 0 1
Tile:0 3 3 0
Tile:5 1 1 1
Malus 0 0 0
Drop 0 0 1
Drop 0 0 0
Bonus 0 0 1
Drop 0 0 0
Tile:10 2 7 1
GAMEOVER DRAW
# Game ended: Sun Mar 29 22:59:33 EDT 2020
