# Server version 0.08 running on localhost:8123
# Game ID: 45
# Board class: Saboteur.SaboteurBoard
# Timeout: 20000
# First Move Timeout: 30000
# Date: Sun Mar 29 22:47:33 EDT 2020
# Player 1: Player-0, '260729805', running on localhost
# Player 2: Player-1, 'RandomPlayer', running on localhost
START Player-0 260729805
START Player-1 RandomPlayer
BoardInit:Tile:7,Tile:6,Tile:0,Destroy,Tile:4,Tile:11,Tile:8,Tile:9,Map,Tile:10,Tile:3,Map,Tile:9,Tile:8,Destroy,Tile:5,Bonus,Tile:5,Tile:6,Tile:8,Tile:8,Bonus,Map,Tile:10,Tile:7,Tile:14,Tile:10,Tile:0,Bonus,Tile:6,Tile:6,Tile:9,Tile:7,Tile:15,Tile:12,Tile:8,Map,Malus,Malus,Tile:7,Tile:5-Tile:7,Tile:1,Tile:2,Tile:13,Tile:9,Tile:0,Tile:6-Map,Map,Tile:0,Tile:9,Bonus,Destroy,Tile:5-Tile:hidden1,Tile:hidden2,Tile:nugget
Tile:2_flip 5 6 1
Map 12 5 0
Tile:7 5 4 1
Tile:9 4 6 0
Tile:9 4 4 1
Destroy 4 4 0
Tile:0 4 4 1
Tile:5 3 4 0
Tile:6_flip 4 5 1
Drop 2 0 0
Drop 1 0 1
Map 12 3 0
Map 12 7 1
Destroy 5 4 0
Tile:8 5 4 1
Tile:6_flip 6 6 0
Drop 5 0 1
Tile:10 6 7 0
Tile:7 7 6 1
Tile:0 6 5 0
Tile:4 5 3 1
Tile:9 3 5 0
Tile:0 7 5 1
Tile:11_flip 6 8 0
Drop 2 0 1
Drop 4 0 0
Tile:6 4 7 1
Tile:5_flip 6 4 0
Tile:7 5 7 1
Map 12 5 0
Drop 2 0 1
Tile:8 3 7 0
Drop 1 0 1
Tile:6 2 7 0
Tile:6 8 5 1
Tile:9 1 7 0
Tile:8 5 8 1
Tile:15 3 6 0
Tile:7_flip 6 9 1
Tile:14 7 9 0
Drop 4 0 1
Tile:10 5 9 0
Tile:10 1 8 1
Tile:8 3 8 0
Drop 4 0 1
Drop 3 0 0
Map 12 7 1
Tile:0 4 8 0
Map 12 5 1
Tile:7 2 6 0
Tile:1 9 5 1
Tile:5 7 8 0
Tile:5 1 6 1
Drop 0 0 0
Drop 0 0 1
GAMEOVER DRAW
# Game ended: Sun Mar 29 22:47:33 EDT 2020
