# Server version 0.08 running on localhost:8123
# Game ID: 386
# Board class: Saboteur.SaboteurBoard
# Timeout: 2000000000
# First Move Timeout: 30000
# Date: Sat Apr 04 00:37:46 EDT 2020
# Player 1: Player-0, '260729805', running on localhost
# Player 2: Player-1, 'RandomPlayer', running on localhost
START Player-0 260729805
START Player-1 RandomPlayer
BoardInit:Tile:9,Tile:9,Tile:8,Tile:7,Bonus,Map,Destroy,Map,Tile:15,Tile:14,Tile:12,Tile:9,Map,Malus,Tile:0,Tile:4,Destroy,Map,Tile:6,Tile:8,Tile:6,Tile:3,Tile:8,Tile:0,Tile:2,Tile:8,Tile:8,Tile:1,Tile:11,Bonus,Tile:5,Tile:5,Tile:13,Tile:6,Tile:7,Tile:9,Destroy,Tile:10,Tile:7,Tile:5,Bonus-Tile:0,Bonus,Tile:10,Tile:6,Map,Tile:5,Tile:0-Map,Tile:7,Tile:10,Tile:9,Tile:7,Malus,Tile:6-Tile:nugget,Tile:hidden2,Tile:hidden1
Tile:10 5 4 1
Map 12 3 0
Tile:0 6 5 1
Tile:7 7 5 0
Drop 4 0 1
Tile:7_flip 7 6 0
Tile:6 4 5 1
Tile:6 8 6 0
Tile:9 5 6 1
Tile:7 9 6 0
Tile:5 5 3 1
Tile:14 9 7 0
Destroy 5 3 1
Drop 6 0 0
Map 12 3 1
Drop 6 0 0
Tile:12_flip 3 5 1
Tile:4 8 5 0
Destroy 6 5 1
Drop 6 0 0
Tile:0 6 5 1
Tile:10 5 3 0
Drop 5 0 1
Tile:9 5 7 0
Tile:6_flip 8 7 1
Tile:9_flip 6 7 0
Tile:8 5 2 1
Tile:8 6 2 0
Tile:2 5 1 1
Tile:8 7 2 0
Tile:8 6 1 1
Tile:0 8 2 0
Tile:15 7 3 1
Tile:5 6 0 0
Tile:13 7 1 1
Drop 6 0 0
Tile:8 5 8 1
Tile:9_flip 9 2 0
Destroy 3 5 1
Tile:10 9 3 0
Tile:7 6 6 1
Tile:5 9 1 0
Tile:11 8 8 1
Tile:3_flip 9 4 0
Map 12 7 1
Tile:1 10 4 0
Tile:5 7 7 1
Drop 3 0 0
Tile:7_flip 3 5 1
Drop 2 0 0
Drop 0 0 1
Drop 1 0 0
Drop 1 0 1
Malus 0 0 0
Bonus 0 0 1
GAMEOVER DRAW
# Game ended: Sat Apr 04 00:37:47 EDT 2020
