# Server version 0.08 running on localhost:8123
# Game ID: 715
# Board class: Saboteur.SaboteurBoard
# Timeout: 2000000000
# First Move Timeout: 30000
# Date: Thu Apr 09 01:28:28 EDT 2020
# Player 1: Player-0, '260729805', running on localhost
# Player 2: Player-1, 'RandomPlayer', running on localhost
START Player-0 260729805
START Player-1 RandomPlayer
BoardInit:Bonus,Tile:8,Tile:15,Map,Tile:7,Tile:6,Malus,Tile:9,Tile:7,Tile:0,Tile:10,Tile:0,Tile:13,Tile:3,Tile:5,Malus,Tile:8,Tile:4,Tile:9,Map,Tile:7,Tile:6,Tile:0,Map,Tile:7,Tile:6,Bonus,Bonus,Map,Tile:6,Tile:2,Bonus,Destroy,Tile:14,Tile:6,Tile:8,Tile:10,Tile:1,Map,Destroy,Tile:12-Tile:5,Tile:5,Tile:8,Tile:8,Map,Tile:10,Tile:9-Tile:11,Tile:9,Tile:0,Tile:5,Destroy,Tile:7,Tile:9-Tile:hidden1,Tile:nugget,Tile:hidden2
Tile:9 5 6 1
Tile:0 6 5 0
Drop 1 0 1
Tile:5_flip 7 5 0
Tile:8 7 4 1
Map 12 3 0
Tile:7_flip 6 4 1
Tile:7 8 4 0
Tile:5 7 3 1
Tile:6 8 3 0
Tile:10 8 5 1
Tile:0 9 3 0
Drop 2 0 1
Tile:9 8 6 0
Tile:10 8 7 1
Tile:0 9 6 0
Map 12 7 1
Tile:9_flip 10 6 0
Tile:8 4 5 1
Tile:8 8 2 0
Tile:13 3 5 1
Map 12 5 0
Tile:7 5 4 1
Tile:6 9 2 0
Tile:5 2 5 1
Tile:9_flip 10 2 0
Tile:8 3 4 1
Tile:6_flip 10 1 0
Tile:7_flip 3 6 1
Destroy 3 5 0
Drop 3 0 1
Tile:6 11 1 0
Drop 1 0 1
Tile:4_flip 8 8 0
Tile:2_flip 5 7 1
Tile:11 9 1 0
Tile:7 11 0 1
Tile:8 4 4 0
Tile:10 6 3 1
Tile:3 10 5 0
Tile:9_flip 10 3 1
Destroy 10 5 0
Tile:6_flip 6 2 1
Tile:14_flip 10 5 0
Destroy 3 6 1
Tile:1 11 5 0
Tile:12_flip 5 2 1
Drop 3 0 0
Drop 3 0 1
Drop 2 0 0
Drop 0 0 1
Drop 1 0 0
Map 12 3 1
Malus 0 0 0
Bonus 0 0 1
GAMEOVER DRAW
# Game ended: Thu Apr 09 01:28:30 EDT 2020
