# Server version 0.08 running on macbook-pro-5.local:8123
# Game ID: 514
# Board class: Saboteur.SaboteurBoard
# Timeout: 2000000000
# First Move Timeout: 30000
# Date: Sun Apr 05 18:30:43 EDT 2020
# Player 1: Player-0, '260729805', running on macbook-pro-5.local
# Player 2: Player-1, 'RandomPlayer', running on macbook-pro-5.local
START Player-0 260729805
START Player-1 RandomPlayer
BoardInit:Tile:7,Tile:10,Tile:5,Bonus,Tile:8,Tile:10,Map,Tile:8,Tile:9,Tile:5,Tile:8,Tile:10,Tile:6,Map,Tile:6,Tile:3,Destroy,Map,Tile:7,Tile:13,Destroy,Map,Tile:7,Tile:8,Tile:15,Tile:6,Tile:7,Tile:6,Tile:14,Map,Tile:0,Tile:0,Tile:5,Tile:0,Tile:8,Tile:6,Tile:2,Tile:9,Tile:4,Bonus,Tile:9-Bonus,Tile:7,Tile:5,Bonus,Malus,Tile:1,Tile:11-Malus,Destroy,Tile:0,Map,Tile:9,Tile:9,Tile:12-Tile:hidden1,Tile:nugget,Tile:hidden2
Tile:5 5 4 1
Map 12 3 0
Drop 1 0 1
Tile:0 6 5 0
Tile:7_flip 4 5 1
Tile:12 7 5 0
Tile:5_flip 6 4 1
Destroy 7 5 0
Map 12 5 1
Drop 6 0 0
Drop 3 0 1
Tile:5_flip 7 5 0
Drop 0 0 1
Drop 6 0 0
Tile:6_flip 6 3 1
Map 12 5 0
Malus 0 0 1
Bonus 0 0 0
Tile:6_flip 7 3 1
Tile:9 5 6 0
Tile:11 7 4 1
Tile:9 5 7 0
Drop 1 0 1
Tile:10 5 8 0
Destroy 6 4 1
Tile:8 6 7 0
Tile:7_flip 5 3 1
Tile:10 6 8 0
Drop 0 0 1
Tile:6 7 7 0
Tile:14 6 4 1
Tile:6 8 7 0
Tile:9 5 2 1
Tile:0 9 7 0
Tile:7 7 6 1
Tile:0 10 7 0
Tile:5_flip 5 9 1
Tile:6 11 7 0
Tile:2 8 3 1
Tile:9 12 6 0
GAMEOVER WINNER 0
# Game ended: Sun Apr 05 18:31:19 EDT 2020
