# Server version 0.08 running on localhost:8123
# Game ID: 483
# Board class: Saboteur.SaboteurBoard
# Timeout: 2000000000
# First Move Timeout: 30000
# Date: Sun Apr 05 17:14:14 EDT 2020
# Player 1: Player-0, '260729805', running on localhost
# Player 2: Player-1, 'RandomPlayer', running on localhost
START Player-0 260729805
START Player-1 RandomPlayer
BoardInit:Bonus,Tile:8,Tile:8,Tile:6,Tile:6,Bonus,Tile:6,Tile:1,Tile:11,Tile:0,Map,Tile:14,Tile:10,Tile:9,Tile:7,Tile:6,Tile:7,Tile:5,Tile:9,Map,Tile:4,Destroy,Map,Tile:8,Map,Tile:9,Map,Tile:7,Tile:8,Tile:2,Tile:5,Tile:0,Malus,Tile:10,Bonus,Tile:0,Tile:15,Malus,Destroy,Tile:7,Tile:6-Tile:0,Tile:9,Tile:9,Tile:7,Tile:5,Map,Tile:5-Destroy,Tile:10,Bonus,Tile:13,Tile:3,Tile:8,Tile:12-Tile:hidden2,Tile:hidden1,Tile:nugget
Tile:7_flip 5 6 1
Tile:12 6 6 0
Tile:5_flip 6 5 1
Destroy 6 6 0
Tile:9 5 4 1
Tile:6_flip 6 6 0
Drop 4 0 1
Tile:13 7 6 0
Tile:6 8 6 1
Tile:3 9 6 0
Drop 1 0 1
Tile:0 4 5 0
Tile:5 5 3 1
Tile:14 9 7 0
Tile:8 6 3 1
Tile:1 8 7 0
Tile:11_flip 6 4 1
Tile:6_flip 8 5 0
Drop 1 0 1
Tile:5_flip 9 5 0
Tile:7 7 3 1
Map 12 3 0
Tile:9 7 5 1
Tile:10 9 4 0
Drop 0 0 1
Tile:8 9 3 0
Tile:10 6 2 1
Tile:8 10 3 0
Map 12 3 1
Tile:9_flip 11 3 0
Tile:6 3 5 1
Tile:8 11 4 0
Tile:7 3 4 1
Tile:9_flip 12 4 0
Tile:8 11 2 1
Tile:10 7 4 0
Tile:5 8 3 1
Tile:7_flip 12 6 0
Map 12 7 1
Tile:0 13 6 0
Tile:4_flip 6 7 1
Tile:0 13 5 0
Destroy 5 6 1
Tile:7_flip 5 6 0
Tile:15 9 2 1
Destroy 9 6 0
Drop 3 0 1
Tile:2 9 6 0
Map 12 7 1
Drop 2 0 0
Tile:6 2 4 1
Drop 1 0 0
Drop 0 0 1
Drop 0 0 0
Malus 0 0 1
GAMEOVER DRAW
# Game ended: Sun Apr 05 17:14:47 EDT 2020
