# Server version 0.08 running on localhost:8123
# Game ID: 431
# Board class: Saboteur.SaboteurBoard
# Timeout: 2000000000
# First Move Timeout: 30000
# Date: Sat Apr 04 22:22:11 EDT 2020
# Player 1: Player-0, '260729805', running on localhost
# Player 2: Player-1, 'Human', running on localhost
START Player-0 260729805
START Player-1 Human
BoardInit:Tile:10,Destroy,Map,Tile:5,Bonus,Destroy,Tile:9,Tile:0,Tile:6,Tile:0,Tile:5,Tile:0,Tile:9,Tile:8,Map,Tile:12,Tile:8,Map,Tile:6,Tile:7,Destroy,Tile:13,Tile:5,Tile:15,Malus,Tile:6,Tile:9,Tile:2,Bonus,Tile:7,Tile:9,Tile:7,Tile:10,Tile:5,Tile:6,Bonus,Bonus,Tile:4,Tile:1,Tile:6,Tile:0-Tile:8,Tile:11,Tile:14,Map,Tile:7,Tile:9,Tile:8-Map,Tile:7,Malus,Tile:8,Tile:3,Map,Tile:10-Tile:hidden1,Tile:hidden2,Tile:nugget
Tile:8 6 5 1
Map 12 3 0
Tile:8 7 5 1
Map 12 5 0
Tile:7 8 5 1
Tile:7 7 4 0
Tile:10 8 6 1
Tile:5 6 4 0
Tile:9 8 7 1
Tile:0 9 7 0
Tile:6 10 7 1
Tile:0 11 7 0
GAMEOVER WINNER 0
# Game ended: Sat Apr 04 22:22:23 EDT 2020
