# Server version 0.08 running on localhost:8123
# Game ID: 707
# Board class: Saboteur.SaboteurBoard
# Timeout: 2000000000
# First Move Timeout: 30000
# Date: Thu Apr 09 01:24:29 EDT 2020
# Player 1: Player-0, '260729805', running on localhost
# Player 2: Player-1, 'RandomPlayer', running on localhost
START Player-0 260729805
START Player-1 RandomPlayer
BoardInit:Tile:7,Tile:6,Map,Tile:8,Tile:13,Tile:5,Tile:5,Tile:7,Tile:15,Tile:3,Tile:1,Tile:14,Tile:10,Tile:5,Malus,Tile:0,Bonus,Map,Tile:0,Tile:9,Tile:8,Tile:12,Tile:7,Tile:8,Tile:8,Tile:5,Destroy,Tile:7,Tile:9,Map,Bonus,Tile:6,Tile:6,Map,Tile:7,Tile:10,Tile:0,Tile:2,Tile:6,Tile:10,Tile:4-Destroy,Tile:6,Tile:11,Tile:0,Bonus,Map,Malus-Tile:9,Tile:9,Tile:9,Bonus,Destroy,Map,Tile:8-Tile:hidden2,Tile:hidden1,Tile:nugget
Drop 2 0 1
Map 12 3 0
Tile:6_flip 6 5 1
Tile:6 7 5 0
Tile:7_flip 5 6 1
Tile:9_flip 8 5 0
Map 12 7 1
Tile:5 8 4 0
Tile:13 5 4 1
Tile:7 7 4 0
Drop 1 0 1
Tile:9_flip 6 6 0
Tile:5_flip 8 6 1
Tile:9_flip 9 4 0
Destroy 7 4 1
Destroy 5 4 0
Drop 6 0 1
Tile:14_flip 7 6 0
Tile:15 9 3 1
Map 12 5 0
Tile:10 7 4 1
Tile:3_flip 9 5 0
Tile:8 7 7 1
Tile:12_flip 4 5 0
Tile:7 10 5 1
Drop 6 0 0
Map 12 5 1
Drop 6 0 0
Tile:8 5 4 1
Tile:5_flip 6 4 0
Destroy 7 6 1
Tile:8 6 7 0
Tile:9_flip 10 6 1
Tile:0 8 7 0
Drop 2 0 1
Tile:8 9 7 0
Tile:6_flip 9 2 1
Tile:9 9 8 0
Tile:0 8 2 1
Tile:2_flip 10 7 0
Tile:0 7 2 1
Drop 6 0 0
Tile:7_flip 4 4 1
Tile:7 11 7 0
Drop 4 0 1
Tile:10 9 9 0
Tile:4_flip 7 8 1
Tile:6_flip 10 8 0
Drop 2 0 1
Drop 2 0 0
Drop 0 0 1
Drop 1 0 0
Malus 0 0 1
Bonus 0 0 0
Drop 0 0 1
GAMEOVER DRAW
# Game ended: Thu Apr 09 01:24:30 EDT 2020
