# Server version 0.08 running on localhost:8123
# Game ID: 668
# Board class: Saboteur.SaboteurBoard
# Timeout: 2000000000
# First Move Timeout: 30000
# Date: Thu Apr 09 00:58:46 EDT 2020
# Player 1: Player-0, '260729805', running on localhost
# Player 2: Player-1, 'RandomPlayer', running on localhost
START Player-0 260729805
START Player-1 RandomPlayer
BoardInit:Tile:8,Tile:8,Tile:7,Tile:10,Tile:0,Destroy,Tile:13,Tile:0,Tile:6,Tile:5,Map,Tile:6,Tile:8,Tile:10,Destroy,Tile:9,Tile:5,Tile:6,Map,Tile:7,Tile:7,Tile:9,Tile:3,Tile:12,Tile:0,Tile:9,Tile:5,Tile:6,Tile:14,Bonus,Tile:10,Tile:7,Destroy,Map,Tile:4,Malus,Map,Malus,Tile:6,Tile:15,Map-Map,Tile:5,Tile:9,Tile:7,Tile:8,Bonus,Tile:9-Tile:0,Tile:1,Bonus,Tile:11,Tile:2,Tile:8,Bonus-Tile:hidden1,Tile:nugget,Tile:hidden2
Tile:9 5 6 1
Tile:0 6 5 0
Tile:9 4 5 1
Tile:8 7 5 0
Tile:5_flip 5 7 1
Tile:10 4 6 0
Tile:8 7 4 1
Tile:8 4 7 0
Tile:0 6 6 1
Tile:0 6 4 0
Drop 1 0 1
Tile:5_flip 7 6 0
Tile:6_flip 4 4 1
Tile:6_flip 5 4 0
Map 12 5 1
Tile:10 7 3 0
Tile:7 8 5 1
Tile:9 8 6 0
Drop 1 0 1
Tile:6 8 4 0
Destroy 4 6 1
Tile:7 9 4 0
Map 12 3 1
Destroy 6 5 0
Drop 2 0 1
Tile:1 6 5 0
Tile:5_flip 8 7 1
Tile:11_flip 4 6 0
Map 12 5 1
Tile:12_flip 7 7 0
Tile:5 3 7 1
Tile:9 9 5 0
Tile:14 4 8 1
Tile:2_flip 9 6 0
Destroy 3 7 1
Map 12 3 0
Tile:13 10 5 1
Tile:9_flip 11 5 0
Tile:4 8 3 1
Drop 6 0 0
Drop 6 0 1
Tile:15 10 4 0
Tile:7 10 3 1
Drop 5 0 0
Tile:10 11 4 1
Drop 4 0 0
Drop 3 0 1
Drop 3 0 0
Tile:3_flip 11 6 1
Tile:6 12 6 0
Tile:0 3 6 1
Drop 1 0 0
Map 12 3 1
Drop 0 0 0
Drop 0 0 1
GAMEOVER DRAW
# Game ended: Thu Apr 09 00:58:48 EDT 2020
