# Server version 0.08 running on localhost:8123
# Game ID: 999
# Board class: Saboteur.SaboteurBoard
# Timeout: 2000000000
# First Move Timeout: 30000
# Date: Sat Apr 11 13:09:01 EDT 2020
# Player 1: Player-0, '260729805', running on localhost
# Player 2: Player-1, 'RandomPlayer', running on localhost
START Player-0 260729805
START Player-1 RandomPlayer
BoardInit:Map,Tile:3,Bonus,Tile:8,Tile:7,Map,Tile:9,Tile:12,Bonus,Tile:6,Map,Tile:9,Malus,Tile:4,Tile:9,Tile:1,Tile:5,Tile:5,Tile:10,Bonus,Destroy,Tile:8,Destroy,Tile:5,Bonus,Malus,Tile:8,Tile:15,Tile:2,Tile:11,Tile:7,Map,Tile:0,Tile:6,Map,Tile:0,Tile:0,Tile:6,Tile:13,Tile:0,Tile:7-Tile:5,Tile:9,Tile:14,Tile:8,Tile:6,Tile:8,Tile:9-Map,Tile:6,Tile:7,Tile:7,Tile:10,Tile:10,Destroy-Tile:nugget,Tile:hidden1,Tile:hidden2
Tile:9 5 4 1
Map 12 3 0
Tile:5 5 3 1
Destroy 5 3 0
Drop 2 0 1
Tile:6 6 4 0
Tile:9_flip 6 3 1
Tile:7 7 4 0
Map 12 5 1
Tile:7_flip 7 5 0
Tile:7_flip 4 5 1
Tile:12 8 5 0
Tile:9_flip 4 4 1
Tile:6_flip 6 2 0
Drop 1 0 1
Tile:8 7 2 0
Drop 1 0 1
Tile:9_flip 8 2 0
Tile:9 5 3 1
Tile:4_flip 8 3 0
Tile:14_flip 5 2 1
Tile:10 8 1 0
Tile:10 4 3 1
Tile:10 8 0 0
Destroy 7 2 1
Tile:8 7 2 0
Destroy 7 4 1
Tile:5_flip 5 6 0
Tile:5 4 6 1
Tile:15 7 3 0
Drop 0 0 1
Drop 6 0 0
Tile:7_flip 4 7 1
Tile:3 7 1 0
Tile:2 5 7 1
Tile:1 6 1 0
Tile:8 5 8 1
Drop 6 0 0
Drop 6 0 1
Drop 6 0 0
Drop 2 0 1
Drop 6 0 0
Tile:13 7 4 1
Tile:5_flip 6 7 0
Drop 4 0 1
Tile:6 5 1 0
Tile:0 6 8 1
Drop 3 0 0
Drop 1 0 1
Drop 2 0 0
Tile:7 4 2 1
Drop 1 0 0
Drop 1 0 1
Drop 0 0 0
Drop 0 0 1
GAMEOVER DRAW
# Game ended: Sat Apr 11 13:09:01 EDT 2020
