# Server version 0.08 running on macbook-pro-5.local:8123
# Game ID: 912
# Board class: Saboteur.SaboteurBoard
# Timeout: 2000000000
# First Move Timeout: 30000
# Date: Sat Apr 11 01:50:38 EDT 2020
# Player 1: Player-0, '260729805', running on localhost
# Player 2: Player-1, 'RandomPlayer', running on localhost
START Player-0 260729805
START Player-1 RandomPlayer
BoardInit:Map,Tile:8,Tile:12,Destroy,Tile:8,Map,Tile:2,Destroy,Destroy,Tile:14,Tile:6,Map,Map,Tile:8,Map,Tile:8,Tile:9,Bonus,Map,Map,Destroy,Tile:7,Map,Tile:0,Tile:10,Tile:10,Bonus,Tile:7,Tile:1,Tile:8,Map,Tile:7,Tile:7,Tile:6,Destroy,Tile:8,Bonus,Tile:10,Tile:0,Tile:5,Map,Tile:0,Destroy,Map,Map,Map,Tile:0,Bonus,Tile:6,Tile:9,Tile:4,Bonus,Map,Map,Tile:8,Map,Destroy,Malus,Tile:5,Tile:6,Map,Tile:5,Tile:5,Tile:6,Bonus,Tile:15,Tile:9,Tile:13,Tile:3,Tile:11,Tile:9,Destroy,Tile:8,Map,Tile:7-Malus,Malus,Map,Tile:8,Destroy,Malus,Map-Map,Map,Malus,Tile:9,Map,Bonus,Tile:8-Tile:hidden2,Tile:hidden1,Tile:nugget
Malus 0 0 1
Malus 0 0 0
Malus 0 0 1
Bonus 0 0 0
Map 12 7 1
Drop 6 0 0
Map 12 5 1
Drop 6 0 0
Map 12 5 1
Drop 6 0 0
Malus 0 0 1
Drop 6 0 0
Drop 0 0 1
Drop 6 0 0
Map 12 7 1
Drop 6 0 0
Map 12 7 1
Drop 6 0 0
Drop 3 0 1
Bonus 0 0 0
Map 12 7 1
Drop 6 0 0
Drop 0 0 1
Drop 6 0 0
Drop 4 0 1
Drop 6 0 0
Drop 3 0 1
Drop 6 0 0
Drop 6 0 1
Drop 6 0 0
Map 12 3 1
Drop 6 0 0
Map 12 3 1
Drop 6 0 0
Drop 3 0 1
Drop 6 0 0
Drop 3 0 1
Drop 6 0 0
Drop 0 0 1
Drop 6 0 0
Drop 4 0 1
Drop 6 0 0
Map 12 7 1
Drop 6 0 0
Drop 4 0 1
Drop 6 0 0
Map 12 7 1
Drop 6 0 0
Drop 2 0 1
Bonus 0 0 0
Drop 5 0 1
Tile:9_flip 6 5 0
Drop 4 0 1
Tile:8 6 4 0
Map 12 3 1
Drop 6 0 0
Drop 4 0 1
Drop 6 0 0
Destroy 6 4 1
Malus 0 0 0
Destroy 6 5 1
Tile:8 6 5 0
Drop 0 0 1
Tile:9_flip 7 5 0
Drop 1 0 1
Tile:6 7 6 0
Drop 6 0 1
Tile:15 7 4 0
Drop 1 0 1
Tile:13 8 6 0
Drop 1 0 1
Tile:11_flip 9 6 0
Drop 5 0 1
Destroy 7 6 0
Map 12 3 1
Drop 6 0 0
Drop 1 0 1
Tile:6 7 6 0
Drop 2 0 1
Drop 4 0 0
Drop 0 0 1
Drop 3 0 0
Drop 3 0 1
Drop 2 0 0
Drop 1 0 1
Drop 1 0 0
Drop 1 0 1
Drop 0 0 0
Drop 0 0 1
GAMEOVER DRAW
# Game ended: Sat Apr 11 01:50:38 EDT 2020
