# Server version 0.08 running on localhost:8123
# Game ID: 102
# Board class: Saboteur.SaboteurBoard
# Timeout: 20000
# First Move Timeout: 30000
# Date: Mon Mar 30 22:51:38 EDT 2020
# Player 1: Player-0, '260729805', running on localhost
# Player 2: Player-1, 'RandomPlayer', running on localhost
START Player-0 260729805
START Player-1 RandomPlayer
BoardInit:Tile:15,Tile:5,Tile:7,Tile:8,Map,Tile:1,Tile:8,Tile:4,Map,Tile:6,Bonus,Tile:9,Tile:6,Tile:11,Tile:9,Tile:6,Bonus,Tile:12,Tile:7,Tile:7,Tile:8,Tile:8,Tile:13,Tile:0,Map,Tile:6,Tile:9,Bonus,Tile:3,Map,Tile:7,Tile:8,Tile:7,Map,Tile:5,Tile:10,Bonus,Tile:9,Malus,Tile:0,Tile:5-Destroy,Tile:6,Tile:9,Tile:10,Map,Destroy,Malus-Tile:2,Destroy,Tile:10,Tile:5,Tile:0,Tile:0,Tile:14-Tile:hidden1,Tile:hidden2,Tile:nugget
Drop 2 0 1
Tile:10 5 6 0
Tile:6_flip 5 4 1
Tile:5 4 4 0
Tile:15 5 7 1
Tile:2_flip 4 5 0
Tile:7 6 5 1
Tile:5_flip 5 8 0
Drop 0 0 1
Tile:0 3 5 0
Map 12 7 1
Tile:14_flip 2 5 0
Drop 0 0 1
Tile:0 6 4 0
Drop 1 0 1
Tile:9_flip 7 4 0
Tile:9_flip 7 3 1
Tile:11 4 8 0
Destroy 4 4 1
Tile:4 4 7 0
Tile:7 7 2 1
Destroy 2 5 0
Tile:6_flip 2 5 1
Tile:6 2 6 0
Map 12 3 1
Tile:8 4 4 0
Tile:8 1 5 1
Tile:0 3 6 0
Tile:9 6 6 1
Tile:12_flip 6 2 0
Map 12 3 1
Tile:6_flip 4 3 0
Tile:7 1 4 1
Drop 6 0 0
Map 12 7 1
Tile:6 5 3 0
Tile:5 0 5 1
Map 12 5 0
Tile:13 3 3 1
Tile:10 6 7 0
Drop 4 0 1
Drop 0 0 0
Tile:3_flip 2 3 1
Tile:7 5 2 0
Tile:8 1 6 1
Tile:8 7 6 0
Tile:5_flip 1 7 1
Tile:0 6 3 0
Drop 2 0 1
Map 12 3 0
Drop 0 0 1
Tile:9 0 6 0
Malus 0 0 1
Drop 0 0 0
Drop 0 0 1
GAMEOVER DRAW
# Game ended: Mon Mar 30 22:51:44 EDT 2020
