# Server version 0.08 running on localhost:8123
# Game ID: 571
# Board class: Saboteur.SaboteurBoard
# Timeout: 2000000000
# First Move Timeout: 30000
# Date: Sun Apr 05 20:45:12 EDT 2020
# Player 1: Player-0, '260729805', running on localhost
# Player 2: Player-1, 'RandomPlayer', running on localhost
START Player-0 260729805
START Player-1 RandomPlayer
BoardInit:Tile:8,Bonus,Tile:5,Tile:8,Tile:6,Tile:7,Tile:15,Tile:8,Tile:1,Tile:9,Tile:9,Tile:6,Tile:0,Bonus,Tile:6,Map,Tile:6,Tile:3,Tile:10,Tile:8,Map,Tile:0,Tile:10,Tile:4,Bonus,Tile:0,Tile:14,Tile:10,Tile:2,Tile:9,Malus,Tile:11,Tile:13,Tile:7,Tile:12,Tile:9,Tile:7,Map,Tile:5,Destroy,Map-Tile:0,Map,Bonus,Tile:7,Tile:6,Tile:7,Tile:5-Destroy,Tile:5,Tile:8,Destroy,Malus,Tile:9,Map-Tile:nugget,Tile:hidden1,Tile:hidden2
Tile:6 6 5 1
Map 12 3 0
Tile:7 5 4 1
Tile:5_flip 7 5 0
Tile:5 4 5 1
Tile:8 7 4 0
Tile:6_flip 8 4 1
Tile:7 9 4 0
Drop 2 0 1
Tile:9 9 5 0
Tile:8 5 6 1
Tile:8 9 6 0
Tile:1 4 4 1
Tile:6 10 6 0
Tile:9_flip 10 5 1
Tile:9 10 4 0
Tile:6_flip 11 6 1
Tile:8 12 6 0
Tile:7_flip 11 5 1
Tile:3 12 4 0
Tile:15 10 3 1
Tile:8 13 5 0
Tile:6 12 8 1
Destroy 12 4 0
Tile:5 11 8 1
Tile:0 13 7 0
Tile:0 13 8 1
Tile:0 8 6 0
Drop 6 0 1
Tile:10 12 4 0
GAMEOVER WINNER 0
# Game ended: Sun Apr 05 20:45:56 EDT 2020
