# Server version 0.08 running on localhost:8123
# Game ID: 50
# Board class: Saboteur.SaboteurBoard
# Timeout: 20000
# First Move Timeout: 30000
# Date: Sun Mar 29 23:01:46 EDT 2020
# Player 1: Player-0, '260729805', running on localhost
# Player 2: Player-1, '260729805', running on localhost
START Player-0 260729805
START Player-1 260729805
BoardInit:Tile:6,Tile:2,Bonus,Tile:4,Tile:10,Tile:7,Tile:5,Tile:3,Bonus,Tile:5,Tile:8,Tile:7,Tile:10,Tile:9,Tile:14,Bonus,Tile:13,Destroy,Tile:0,Malus,Tile:5,Tile:8,Malus,Tile:0,Tile:8,Map,Tile:11,Map,Tile:7,Tile:0,Tile:6,Destroy,Tile:15,Map,Map,Tile:0,Map,Bonus,Tile:8,Tile:9,Tile:9-Tile:7,Tile:6,Tile:5,Tile:1,Tile:10,Tile:6,Destroy-Tile:9,Tile:12,Tile:8,Tile:9,Map,Tile:7,Tile:6-Tile:hidden2,Tile:hidden1,Tile:nugget
Tile:6 4 5 1
Map 12 7 0
Tile:1 3 5 1
Tile:9 2 5 0
Drop 1 0 1
Tile:9_flip 5 4 0
Tile:6 2 6 1
Tile:7_flip 1 6 0
Tile:6 5 6 1
Tile:2 5 3 0
Tile:10 1 5 1
Tile:8 4 3 0
Tile:7 6 3 1
Tile:6 3 3 0
Tile:10 1 4 1
Tile:5 2 4 0
Destroy 4 3 1
Tile:12 3 4 0
Drop 1 0 1
Destroy 6 3 0
Tile:14 6 5 1
Tile:7 3 6 0
Tile:10 6 4 1
Tile:8 3 2 0
Tile:8 4 2 1
Tile:0 2 2 0
Tile:0 5 2 1
Tile:7 4 1 0
Tile:8 6 3 1
Tile:3 1 3 0
Tile:11 4 4 1
Drop 0 0 0
Tile:7 6 2 1
Destroy 2 6 0
Tile:13 3 7 1
Drop 4 0 0
Tile:5 4 6 1
Tile:0 2 7 0
Tile:6 4 7 1
Tile:0 7 3 0
Map 12 5 1
Drop 0 0 0
Tile:9_flip 8 3 1
Map 12 7 0
Drop 1 0 1
Tile:9 0 3 0
Map 12 3 1
Map 12 3 0
Tile:15 0 4 1
Malus 0 0 0
Drop 0 0 1
Drop 0 0 0
Malus 0 0 1
Drop 0 0 0
Drop 0 0 1
GAMEOVER DRAW
# Game ended: Sun Mar 29 23:01:47 EDT 2020
