# Server version 0.08 running on macbook-pro-5.local:8123
# Game ID: 620
# Board class: Saboteur.SaboteurBoard
# Timeout: 2000000000
# First Move Timeout: 30000
# Date: Wed Apr 08 23:38:08 EDT 2020
# Player 1: Player-0, '260729805', running on macbook-pro-5.local
# Player 2: Player-1, 'Human', running on macbook-pro-5.local
START Player-0 260729805
START Player-1 Human
BoardInit:Bonus,Destroy,Map,Tile:6,Map,Bonus,Tile:8,Tile:7,Tile:7,Tile:0,Tile:4,Tile:8,Tile:5,Map,Map,Tile:12,Tile:6,Tile:10,Tile:8,Tile:5,Tile:10,Tile:7,Tile:1,Tile:9,Bonus,Tile:0,Destroy,Malus,Malus,Map,Tile:13,Tile:0,Tile:7,Tile:14,Tile:9,Tile:2,Tile:0,Tile:8,Destroy,Tile:9,Tile:5-Tile:11,Tile:6,Tile:15,Tile:7,Tile:8,Tile:6,Bonus-Tile:3,Tile:10,Tile:9,Map,Tile:5,Tile:9,Tile:6-Tile:hidden2,Tile:hidden1,Tile:nugget
Tile:8 6 5 1
Map 12 3 0
Tile:6 7 5 1
Tile:5_flip 8 5 0
Map 12 3 1
Tile:6_flip 8 4 0
Tile:6 9 4 1
Tile:6 10 4 0
Map 12 5 1
Tile:7 9 3 0
Tile:7 5 4 1
Tile:0 8 3 0
Tile:11 7 4 1
Tile:9 7 3 0
Tile:7 7 2 1
Map 12 5 0
Tile:15 6 6 1
Tile:10 6 4 0
Tile:5 6 2 1
Tile:9_flip 5 6 0
Tile:6 6 7 1
Tile:8 5 7 0
Drop 3 0 1
Tile:5_flip 7 7 0
Tile:1 4 7 1
Tile:10 5 8 0
Tile:10 6 3 1
Tile:9 5 9 0
Drop 1 0 1
Tile:7 6 9 0
Drop 0 0 1
Tile:0 4 6 0
Tile:13 6 10 1
Tile:0 4 5 0
