# Server version 0.08 running on 192.168.1.5:8123
# Game ID: 212
# Board class: Saboteur.SaboteurBoard
# Timeout: 2000000000
# First Move Timeout: 30000
# Date: Wed Apr 01 14:09:54 EDT 2020
# Player 1: Player-0, '260729805', running on 192.168.1.5
# Player 2: Player-1, '260729805', running on 192.168.1.5
START Player-0 260729805
START Player-1 260729805
BoardInit:Tile:1,Tile:4,Tile:15,Tile:8,Tile:6,Tile:5,Tile:9,Destroy,Tile:7,Tile:9,Tile:8,Tile:0,Tile:7,Destroy,Tile:6,Tile:10,Map,Malus,Tile:9,Tile:6,Tile:8,Map,Map,Tile:10,Bonus,Tile:0,Tile:2,Tile:6,Tile:9,Tile:5,Tile:7,Tile:5,Bonus,Malus,Tile:7,Tile:3,Destroy,Tile:10,Tile:5,Tile:13,Tile:0-Tile:12,Tile:14,Tile:8,Tile:7,Map,Map,Tile:9-Tile:8,Map,Tile:11,Tile:0,Tile:6,Bonus,Bonus-Tile:hidden2,Tile:hidden1,Tile:nugget
Tile:8 6 5 1
Tile:8 7 5 0
Tile:9_flip 8 5 1
Tile:6_flip 8 4 0
Tile:7 9 4 1
Tile:4_flip 8 6 0
Tile:6_flip 7 4 1
Tile:5_flip 7 6 0
Tile:9 9 5 1
Tile:0 10 5 0
Tile:7 11 5 1
Tile:8 11 6 0
Tile:8 12 6 1
GAMEOVER WINNER 1
# Game ended: Wed Apr 01 14:10:22 EDT 2020
