# Server version 0.08 running on localhost:8123
# Game ID: 930
# Board class: Saboteur.SaboteurBoard
# Timeout: 2000000000
# First Move Timeout: 30000
# Date: Sat Apr 11 02:04:01 EDT 2020
# Player 1: Player-0, '260729805', running on localhost
# Player 2: Player-1, 'RandomPlayer', running on localhost
START Player-0 260729805
START Player-1 RandomPlayer
BoardInit:Tile:7,Tile:15,Destroy,Tile:8,Bonus,Tile:7,Destroy,Tile:14,Bonus,Tile:7,Tile:0,Bonus,Tile:8,Tile:11,Tile:6,Tile:0,Tile:0,Map,Bonus,Tile:9,Tile:1,Map,Map,Tile:5,Tile:10,Tile:5,Malus,Tile:2,Tile:9,Tile:9,Tile:5,Tile:0,Tile:6,Destroy,Tile:8,Tile:6,Map,Tile:6,Tile:12,Map,Tile:10-Tile:7,Tile:5,Tile:9,Tile:8,Malus,Tile:3,Map-Tile:9,Tile:10,Tile:7,Tile:13,Tile:6,Tile:4,Tile:8-Tile:hidden1,Tile:nugget,Tile:hidden2
Tile:3 5 4 1
Tile:7 6 5 0
Tile:9 5 6 1
Tile:6 6 6 0
Drop 4 0 1
Tile:9_flip 7 6 0
Tile:7_flip 4 5 1
Tile:7_flip 7 7 0
Tile:7 8 7 1
Tile:10 8 8 0
Destroy 6 6 1
Tile:7_flip 5 7 0
Destroy 5 7 1
Tile:8 6 6 0
Tile:8 8 9 1
Tile:4 7 5 0
Malus 0 0 1
Bonus 0 0 0
Tile:0 7 9 1
Map 12 3 0
Tile:6 6 9 1
Tile:8 9 9 0
Drop 5 0 1
Map 12 5 0
Drop 4 0 1
Tile:9 9 8 0
Tile:5_flip 10 9 1
Tile:5 9 7 0
Tile:10 6 7 1
Tile:13 10 8 0
Malus 0 0 1
Drop 5 0 0
Tile:9_flip 8 10 1
Drop 2 0 0
Tile:8 8 11 1
Destroy 8 11 0
Drop 3 0 1
Drop 1 0 0
Tile:5_flip 5 7 1
Drop 6 0 0
Tile:8 5 9 1
Drop 6 0 0
Tile:6 4 9 1
Drop 0 0 0
Tile:1 3 9 1
Drop 4 0 0
Map 12 7 1
Drop 3 0 0
Tile:12 11 8 1
Drop 2 0 0
Tile:10 6 8 1
Drop 1 0 0
Drop 1 0 1
Drop 0 0 0
Drop 0 0 1
GAMEOVER DRAW
# Game ended: Sat Apr 11 02:04:01 EDT 2020
