# Server version 0.08 running on localhost:8123
# Game ID: 333
# Board class: Saboteur.SaboteurBoard
# Timeout: 2000000000
# First Move Timeout: 30000
# Date: Fri Apr 03 23:33:18 EDT 2020
# Player 1: Player-0, '260729805', running on localhost
# Player 2: Player-1, 'Human', running on localhost
START Player-0 260729805
START Player-1 Human
BoardInit:Tile:8,Bonus,Tile:5,Tile:8,Tile:6,Bonus,Tile:11,Tile:10,Tile:6,Destroy,Tile:9,Tile:5,Tile:6,Bonus,Map,Tile:6,Tile:8,Tile:4,Map,Destroy,Tile:7,Tile:3,Map,Tile:15,Tile:10,Tile:10,Tile:5,Tile:0,Tile:8,Tile:9,Map,Tile:7,Tile:7,Map,Tile:9,Tile:8,Tile:2,Tile:12,Tile:0,Tile:7,Tile:13-Tile:9,Tile:6,Tile:14,Tile:9,Bonus,Malus,Map-Tile:0,Tile:5,Tile:0,Malus,Tile:1,Tile:7,Destroy-Tile:nugget,Tile:hidden1,Tile:hidden2
Tile:6 6 5 1
Tile:7 7 5 0
Tile:8 7 6 1
Tile:0 8 6 0
Tile:9 7 7 1
Tile:5_flip 9 6 0
Tile:5 9 5 1
Tile:0 8 7 0
Tile:9 6 4 1
Destroy 9 5 0
Drop 5 0 1
Destroy 9 6 0
Tile:6 9 6 1
Tile:5_flip 10 6 0
Tile:9 10 5 1
Tile:8 11 5 0
Map 12 3 1
Tile:10 12 4 0
GAMEOVER WINNER 0
# Game ended: Fri Apr 03 23:33:53 EDT 2020
