# Server version 0.08 running on macbook-pro-5.local:8123
# Game ID: 677
# Board class: Saboteur.SaboteurBoard
# Timeout: 2000000000
# First Move Timeout: 30000
# Date: Thu Apr 09 01:07:32 EDT 2020
# Player 1: Player-0, '260729805', running on localhost
# Player 2: Player-1, 'RandomPlayer', running on localhost
START Player-0 260729805
START Player-1 RandomPlayer
BoardInit:Bonus,Tile:7,Tile:5,Tile:6,Tile:0,Tile:7,Tile:4,Map,Tile:10,Tile:6,Destroy,Tile:9,Malus,Map,Map,Tile:7,Tile:8,Tile:10,Tile:8,Tile:6,Tile:5,Tile:6,Tile:12,Tile:14,Tile:0,Malus,Tile:11,Tile:6,Tile:8,Map,Destroy,Tile:7,Tile:9,Bonus,Tile:13,Tile:0,Bonus,Tile:9,Tile:15,Tile:2,Tile:1-Tile:5,Tile:10,Tile:9,Tile:8,Tile:3,Tile:0,Tile:7-Map,Destroy,Bonus,Map,Tile:8,Tile:5,Tile:9-Tile:hidden1,Tile:hidden2,Tile:nugget
Tile:3_flip 4 5 1
Map 12 3 0
Tile:5 4 4 1
Map 12 5 0
Tile:7 5 4 1
Tile:5_flip 6 5 0
Tile:8 5 6 1
Tile:7 6 6 0
Tile:5 4 6 1
Tile:9 6 4 0
Drop 1 0 1
Tile:6 7 4 0
Drop 6 0 1
Tile:7 8 4 0
Tile:4_flip 4 7 1
Tile:9 5 7 0
Drop 1 0 1
Tile:6 6 7 0
Tile:10 6 3 1
Tile:10 7 3 0
Tile:8 7 7 1
Tile:8 8 7 0
Tile:10 8 5 1
Tile:7 9 7 0
Tile:8 9 8 1
Destroy 4 5 0
Map 12 3 1
Tile:14_flip 7 6 0
Tile:11 5 8 1
Tile:6 4 5 0
Tile:12_flip 3 5 1
Tile:6 8 8 0
Destroy 4 5 1
Tile:6 4 5 0
Tile:5 7 2 1
Tile:7 10 8 0
Tile:13 8 2 1
Drop 6 0 0
Tile:8 9 2 1
Drop 6 0 0
Tile:9 8 1 1
Tile:2_flip 7 8 0
Tile:1 10 2 1
Drop 5 0 0
Drop 4 0 1
Drop 4 0 0
Tile:15 9 3 1
Drop 3 0 0
Tile:0 6 8 1
Drop 2 0 0
Drop 0 0 1
Drop 1 0 0
Drop 0 0 1
Drop 0 0 0
Tile:0 11 2 1
GAMEOVER DRAW
# Game ended: Thu Apr 09 01:07:33 EDT 2020
