# Server version 0.08 running on localhost:8123
# Game ID: 735
# Board class: Saboteur.SaboteurBoard
# Timeout: 2000000000
# First Move Timeout: 30000
# Date: Thu Apr 09 01:35:18 EDT 2020
# Player 1: Player-0, '260729805', running on localhost
# Player 2: Player-1, 'RandomPlayer', running on localhost
START Player-0 260729805
START Player-1 RandomPlayer
BoardInit:Tile:8,Tile:5,Tile:5,Malus,Tile:15,Tile:9,Map,Tile:0,Map,Tile:9,Tile:8,Tile:9,Tile:9,Malus,Tile:0,Tile:9,Map,Tile:10,Tile:6,Tile:6,Tile:7,Tile:5,Tile:7,Tile:10,Tile:7,Map,Destroy,Tile:2,Tile:4,Tile:13,Tile:1,Tile:5,Tile:10,Tile:12,Bonus,Tile:11,Tile:0,Tile:0,Map,Tile:7,Tile:8-Bonus,Destroy,Bonus,Tile:14,Tile:7,Tile:6,Bonus-Tile:8,Destroy,Tile:3,Tile:6,Tile:8,Tile:6,Map-Tile:hidden2,Tile:nugget,Tile:hidden1
Tile:6 4 5 1
Tile:6 6 5 0
Tile:8 6 4 1
Tile:6 7 5 0
Tile:5 6 3 1
Tile:5_flip 8 5 0
Destroy 6 3 1
Tile:8 8 4 0
Tile:15 5 6 1
Tile:0 9 4 0
Drop 4 0 1
Tile:8 10 4 0
Map 12 3 1
Tile:9 8 3 0
Tile:8 4 4 1
Tile:9 8 2 0
Tile:9 3 4 1
Tile:9_flip 9 2 0
Tile:7 9 1 1
Destroy 5 6 0
Tile:6_flip 3 3 1
Tile:3_flip 5 6 0
Map 12 3 1
Drop 6 0 0
Drop 2 0 1
Drop 6 0 0
Map 12 7 1
Drop 6 0 0
Tile:7 6 3 1
Tile:2 5 4 0
Tile:7_flip 2 3 1
Tile:13 10 5 0
Tile:0 5 3 1
Drop 6 0 0
Destroy 8 4 1
Tile:12 6 6 0
Tile:4 10 3 1
Tile:11 10 6 0
Tile:7 2 2 1
Drop 6 0 0
Tile:0 11 6 1
Drop 6 0 0
Tile:1 11 5 1
Drop 5 0 0
Tile:8 1 2 1
Drop 4 0 0
Drop 3 0 1
Drop 3 0 0
Tile:10 1 1 1
Drop 2 0 0
Map 12 3 1
Drop 1 0 0
Drop 1 0 1
Drop 0 0 0
Drop 0 0 1
GAMEOVER DRAW
# Game ended: Thu Apr 09 01:35:20 EDT 2020
