# Server version 0.08 running on macbook-pro-5.local:8123
# Game ID: 848
# Board class: Saboteur.SaboteurBoard
# Timeout: 2000000000
# First Move Timeout: 30000
# Date: Thu Apr 09 17:09:16 EDT 2020
# Player 1: Player-0, '260729805', running on macbook-pro-5.local
# Player 2: Player-1, 'RandomPlayer', running on macbook-pro-5.local
START Player-0 260729805
START Player-1 RandomPlayer
BoardInit:Malus,Destroy,Tile:9,Tile:9,Bonus,Tile:15,Destroy,Map,Tile:3,Tile:5,Bonus,Tile:7,Tile:5,Tile:11,Malus,Tile:7,Tile:5,Tile:8,Tile:14,Tile:7,Tile:6,Tile:0,Bonus,Map,Tile:9,Tile:6,Tile:12,Tile:0,Tile:8,Tile:6,Tile:0,Tile:7,Tile:10,Destroy,Tile:4,Map,Tile:9,Tile:6,Tile:8,Bonus,Map-Tile:9,Tile:1,Tile:10,Tile:5,Tile:0,Tile:13,Map-Map,Tile:6,Tile:8,Tile:2,Tile:8,Tile:10,Tile:7-Tile:hidden1,Tile:nugget,Tile:hidden2
Tile:5 5 4 1
Map 12 3 0
Map 12 7 1
Tile:6 6 5 0
Tile:9_flip 7 5 1
Tile:7 7 4 0
Drop 6 0 1
Tile:8 7 6 0
Tile:13 5 6 1
Destroy 5 4 0
Tile:9_flip 5 7 1
Map 12 5 0
Tile:0 4 7 1
Tile:5_flip 8 6 0
Tile:3_flip 4 5 1
Tile:10 8 5 0
Destroy 5 7 1
Tile:9 8 4 0
Drop 1 0 1
Tile:7 9 4 0
Tile:1 6 6 1
Tile:7_flip 9 5 0
Tile:5_flip 10 5 1
Tile:8 8 3 0
Drop 2 0 1
Tile:0 9 3 0
Tile:14_flip 10 4 1
Tile:8 11 4 0
Tile:5 11 3 1
Tile:7 12 4 0
Tile:8 5 7 1
Tile:6_flip 8 2 0
Tile:12_flip 7 2 1
Tile:7_flip 11 5 0
Tile:0 4 6 1
Tile:6 3 6 0
Drop 6 0 1
Map 12 7 0
Tile:9_flip 7 7 1
Destroy 12 4 0
Tile:9_flip 12 4 1
Tile:0 9 2 0
Tile:10 4 4 1
Tile:6 10 2 0
Map 12 3 1
Tile:2_flip 11 2 0
Tile:6 5 8 1
Tile:11_flip 12 2 0
Tile:8 4 3 1
Tile:15 12 1 0
Drop 0 0 1
Drop 1 0 0
Drop 1 0 1
Drop 0 0 0
Drop 0 0 1
GAMEOVER DRAW
# Game ended: Thu Apr 09 17:09:19 EDT 2020
