# Server version 0.08 running on localhost:8123
# Game ID: 551
# Board class: Saboteur.SaboteurBoard
# Timeout: 2000000000
# First Move Timeout: 30000
# Date: Sun Apr 05 20:02:41 EDT 2020
# Player 1: Player-0, '260729805', running on localhost
# Player 2: Player-1, 'RandomPlayer', running on localhost
START Player-0 260729805
START Player-1 RandomPlayer
BoardInit:Tile:10,Tile:0,Tile:1,Tile:8,Malus,Bonus,Tile:10,Tile:6,Tile:7,Tile:0,Destroy,Tile:9,Map,Map,Destroy,Tile:7,Destroy,Tile:5,Map,Bonus,Tile:5,Tile:15,Tile:8,Tile:8,Tile:6,Tile:7,Map,Tile:13,Tile:7,Tile:0,Tile:5,Tile:3,Tile:7,Tile:14,Tile:5,Bonus,Tile:12,Tile:0,Map,Tile:6,Map-Bonus,Malus,Tile:2,Tile:11,Tile:6,Tile:9,Tile:8-Tile:9,Tile:6,Tile:9,Tile:9,Tile:10,Tile:4,Tile:8-Tile:hidden1,Tile:hidden2,Tile:nugget
Tile:6_flip 5 4 1
Tile:6 6 5 0
Tile:9 5 6 1
Tile:0 7 5 0
Tile:11_flip 6 4 1
Tile:4_flip 5 7 0
Tile:2 6 6 1
Drop 6 0 0
Tile:1 7 6 1
Tile:6 8 5 0
Drop 2 0 1
Tile:0 9 5 0
Malus 0 0 1
Drop 6 0 0
Drop 3 0 1
Map 12 3 0
Malus 0 0 1
Drop 6 0 0
Tile:10 6 7 1
Drop 6 0 0
Destroy 5 7 1
Bonus 0 0 0
Destroy 7 6 1
Drop 6 0 0
Map 12 5 1
Drop 6 0 0
Tile:8 8 4 1
Drop 6 0 0
Tile:7 7 6 1
Drop 6 0 0
Destroy 5 4 1
Drop 6 0 0
Tile:5_flip 10 5 1
Drop 6 0 0
Tile:7_flip 6 8 1
Drop 6 0 0
Tile:5_flip 5 7 1
Bonus 0 0 0
Tile:12_flip 7 4 1
Tile:9 10 4 0
Tile:7 6 3 1
Tile:9 8 3 0
Map 12 5 1
Tile:9_flip 9 3 0
Drop 4 0 1
Tile:10 9 2 0
Tile:6_flip 11 4 1
Tile:8 12 4 0
Tile:5_flip 9 4 1
Tile:8 12 6 0
GAMEOVER WINNER 0
# Game ended: Sun Apr 05 20:03:15 EDT 2020
