# Server version 0.08 running on localhost:8123
# Game ID: 237
# Board class: Saboteur.SaboteurBoard
# Timeout: 2000000000
# First Move Timeout: 30000
# Date: Wed Apr 01 22:52:30 EDT 2020
# Player 1: Player-0, '260729805', running on localhost
# Player 2: Player-1, 'Human', running on localhost
START Player-0 260729805
START Player-1 Human
BoardInit:Tile:9,Bonus,Tile:5,Map,Tile:10,Tile:9,Malus,Tile:9,Tile:5,Tile:0,Tile:10,Tile:8,Tile:12,Tile:6,Bonus,Destroy,Tile:11,Tile:14,Map,Tile:7,Tile:15,Tile:8,Tile:6,Tile:8,Map,Tile:3,Tile:7,Tile:1,Destroy,Map,Bonus,Tile:10,Tile:6,Tile:7,Tile:9,Tile:5,Tile:7,Tile:8,Tile:0,Tile:0,Tile:6-Map,Bonus,Map,Tile:0,Tile:8,Tile:2,Tile:6-Destroy,Tile:4,Tile:13,Tile:5,Malus,Tile:9,Tile:7-Tile:hidden1,Tile:nugget,Tile:hidden2
Tile:8 6 5 1
Tile:9_flip 7 5 0
Tile:9 7 6 1
Tile:7 8 6 0
Tile:6 8 7 1
Tile:5_flip 9 7 0
Tile:5 9 6 1
Tile:9_flip 10 6 0
Tile:2 4 5 1
Tile:9 10 7 0
Tile:10 7 4 1
Tile:0 11 7 0
Tile:10 12 6 1
GAMEOVER WINNER 1
# Game ended: Wed Apr 01 22:53:22 EDT 2020
