# Server version 0.08 running on macbook-pro-5.local:8123
# Game ID: 703
# Board class: Saboteur.SaboteurBoard
# Timeout: 2000000000
# First Move Timeout: 30000
# Date: Thu Apr 09 01:23:14 EDT 2020
# Player 1: Player-0, '260729805', running on macbook-pro-5.local
# Player 2: Player-1, '260729805', running on macbook-pro-5.local
START Player-0 260729805
START Player-1 260729805
BoardInit:Destroy,Tile:8,Tile:8,Tile:4,Tile:10,Tile:6,Tile:14,Tile:1,Tile:7,Tile:7,Tile:10,Bonus,Map,Tile:8,Tile:12,Map,Map,Tile:7,Map,Tile:5,Tile:9,Tile:6,Tile:0,Tile:5,Tile:6,Tile:0,Tile:9,Tile:0,Tile:8,Tile:13,Tile:6,Tile:9,Bonus,Tile:5,Malus,Tile:15,Tile:3,Map,Map,Tile:10,Destroy-Bonus,Tile:9,Tile:7,Tile:11,Tile:8,Bonus,Tile:6-Tile:5,Tile:7,Tile:2,Tile:9,Destroy,Malus,Tile:0-Tile:nugget,Tile:hidden2,Tile:hidden1
Tile:7 6 5 1
Tile:5_flip 6 6 0
Tile:6 5 6 1
Tile:7 5 4 0
Tile:9 4 5 1
Tile:9 4 4 0
Tile:8 4 6 1
Tile:6 4 7 0
Tile:8 4 3 1
Tile:0 5 3 0
Tile:7 5 7 1
Tile:7 6 3 0
Tile:10 5 8 1
Tile:8 5 9 0
Map 12 3 1
Tile:8 6 9 0
Tile:10 6 8 1
Map 12 5 0
Tile:14_flip 6 7 1
Tile:7_flip 6 4 0
Destroy 6 7 1
Tile:5 6 7 0
Tile:9_flip 7 4 1
Tile:6 7 7 0
Tile:0 8 7 1
Tile:5 7 6 0
Tile:6 8 6 1
Tile:0 9 7 0
Tile:9 7 3 1
Tile:0 9 6 0
Tile:8 10 6 1
Tile:4_flip 7 5 0
Tile:6 8 3 1
Tile:9 8 5 0
Tile:12 9 5 1
Tile:5 8 4 0
Tile:11_flip 9 3 1
Destroy 7 5 0
Tile:3 9 2 1
Tile:2_flip 10 7 0
Drop 6 0 1
Tile:1 11 7 0
Destroy 9 6 1
Tile:10 6 10 0
Drop 5 0 1
Tile:13 7 9 0
Drop 4 0 1
Tile:15 7 10 0
Drop 3 0 1
Drop 2 0 0
Drop 2 0 1
Drop 1 0 0
Drop 1 0 1
Malus 0 0 0
Bonus 0 0 1
GAMEOVER DRAW
# Game ended: Thu Apr 09 01:23:16 EDT 2020
