# Server version 0.08 running on localhost:8123
# Game ID: 464
# Board class: Saboteur.SaboteurBoard
# Timeout: 2000000000
# First Move Timeout: 30000
# Date: Sun Apr 05 15:17:50 EDT 2020
# Player 1: Player-0, '260729805', running on localhost
# Player 2: Player-1, 'RandomPlayer', running on localhost
START Player-0 260729805
START Player-1 RandomPlayer
BoardInit:Bonus,Map,Map,Bonus,Tile:5,Tile:0,Bonus,Tile:7,Map,Tile:6,Malus,Destroy,Tile:0,Map,Tile:11,Tile:1,Tile:4,Tile:7,Tile:2,Tile:5,Tile:12,Tile:5,Tile:7,Tile:8,Tile:9,Tile:7,Tile:10,Tile:14,Tile:9,Tile:9,Tile:8,Destroy,Destroy,Tile:8,Tile:8,Tile:9,Tile:6,Tile:5,Tile:10,Tile:13,Tile:6-Map,Tile:3,Tile:0,Tile:6,Bonus,Tile:0,Tile:9-Tile:8,Tile:6,Tile:10,Tile:7,Tile:15,Map,Malus-Tile:nugget,Tile:hidden2,Tile:hidden1
Tile:6 6 5 1
Map 12 3 0
Tile:9_flip 6 4 1
Tile:6 7 5 0
Map 12 3 1
Tile:7_flip 5 6 0
Tile:3 6 3 1
Tile:0 6 6 0
Drop 0 0 1
Tile:7_flip 5 3 0
Tile:5 5 4 1
Tile:6_flip 7 6 0
Tile:0 4 5 1
Destroy 6 3 0
Drop 3 0 1
Tile:15 7 4 0
Tile:11 7 3 1
Tile:1 8 6 0
Tile:4_flip 7 7 1
Tile:8 9 6 0
Tile:2 8 3 1
Tile:10 9 7 0
Drop 5 0 1
Tile:5_flip 10 6 0
Tile:7 9 5 1
Tile:8 9 3 0
Tile:9 8 4 1
Tile:5_flip 10 3 0
Drop 6 0 1
Tile:7_flip 9 8 0
Drop 2 0 1
Tile:9 10 2 0
Tile:9 5 2 1
Destroy 8 6 0
Tile:8 8 6 1
Tile:8 11 2 0
Destroy 8 4 1
Tile:9 11 3 0
Tile:6_flip 12 2 1
Tile:7_flip 11 4 0
Tile:8 12 4 1
Tile:5_flip 13 2 0
Tile:10 9 2 1
Tile:14 13 4 0
Drop 4 0 1
Tile:13 11 1 0
Tile:6 9 4 1
Drop 3 0 0
Map 12 3 1
Drop 2 0 0
Drop 0 0 1
Drop 1 0 0
Malus 0 0 1
Malus 0 0 0
Bonus 0 0 1
GAMEOVER DRAW
# Game ended: Sun Apr 05 15:17:52 EDT 2020
