# Server version 0.08 running on localhost:8123
# Game ID: 310
# Board class: Saboteur.SaboteurBoard
# Timeout: 2000000000
# First Move Timeout: 30000
# Date: Fri Apr 03 03:37:51 EDT 2020
# Player 1: Player-0, '260729805', running on localhost
# Player 2: Player-1, 'RandomPlayer', running on localhost
START Player-0 260729805
START Player-1 RandomPlayer
BoardInit:Tile:9,Map,Tile:7,Tile:8,Bonus,Tile:5,Tile:15,Tile:9,Bonus,Tile:13,Tile:3,Tile:10,Tile:9,Tile:7,Tile:1,Destroy,Map,Tile:6,Tile:8,Tile:5,Tile:0,Bonus,Malus,Tile:10,Tile:10,Tile:2,Map,Tile:0,Tile:8,Map,Tile:14,Tile:8,Tile:7,Tile:5,Tile:8,Malus,Tile:5,Tile:7,Tile:12,Tile:0,Bonus-Tile:4,Tile:6,Destroy,Tile:0,Tile:6,Map,Tile:9-Tile:9,Tile:6,Map,Destroy,Tile:6,Tile:7,Tile:11-Tile:nugget,Tile:hidden2,Tile:hidden1
Tile:9 5 4 1
Map 12 3 0
Tile:6_flip 4 5 1
Map 12 3 0
Tile:6 5 6 1
Tile:9_flip 6 5 0
Destroy 4 5 1
Tile:6 6 6 0
Tile:7 6 4 1
Tile:6 7 6 0
Drop 3 0 1
Tile:7 8 6 0
Tile:0 4 6 1
Tile:8 8 7 0
Drop 1 0 1
Tile:5_flip 9 7 0
Drop 1 0 1
Tile:9 9 6 0
Tile:9 5 3 1
Tile:7 10 6 0
Tile:4 9 5 1
Tile:10 8 8 0
Map 12 7 1
Tile:5 7 5 0
Drop 0 0 1
Tile:6_flip 7 7 0
Tile:1 4 5 1
Tile:10 8 9 0
Tile:0 3 5 1
Tile:0 6 3 0
Drop 2 0 1
Map 12 3 0
Tile:3 5 2 1
Tile:8 7 3 0
Tile:14_flip 3 6 1
Tile:5_flip 8 5 0
Tile:10 7 8 1
Destroy 10 6 0
Tile:7_flip 7 4 1
Tile:7 10 6 0
Tile:8 8 4 1
Tile:0 9 4 0
Drop 0 0 1
Destroy 10 6 0
Tile:5_flip 10 4 1
Tile:11_flip 10 6 0
Tile:12_flip 4 2 1
Tile:13 8 3 0
Map 12 5 1
Tile:2_flip 9 3 0
Tile:8 9 2 1
Drop 1 0 0
Malus 0 0 1
Bonus 0 0 0
Drop 0 0 1
GAMEOVER DRAW
# Game ended: Fri Apr 03 03:37:52 EDT 2020
