# Server version 0.08 running on localhost:8123
# Game ID: 227
# Board class: Saboteur.SaboteurBoard
# Timeout: 2000000000
# First Move Timeout: 30000
# Date: Wed Apr 01 22:13:20 EDT 2020
# Player 1: Player-0, '260729805', running on localhost
# Player 2: Player-1, 'Human', running on localhost
START Player-0 260729805
START Player-1 Human
BoardInit:Map,Map,Bonus,Tile:9,Tile:4,Tile:6,Tile:9,Tile:10,Tile:8,Bonus,Map,Map,Tile:7,Tile:1,Bonus,Tile:8,Tile:7,Tile:6,Tile:10,Tile:3,Tile:0,Tile:7,Tile:9,Malus,Tile:9,Tile:5,Tile:2,Destroy,Tile:0,Destroy,Tile:8,Tile:11,Destroy,Tile:6,Tile:6,Tile:5,Tile:6,Tile:0,Tile:14,Tile:5,Bonus-Map,Tile:8,Tile:13,Tile:5,Tile:15,Tile:8,Tile:0-Tile:10,Malus,Tile:9,Tile:7,Tile:12,Map,Tile:7-Tile:hidden2,Tile:hidden1,Tile:nugget
Tile:8 6 5 1
Tile:9_flip 7 5 0
Tile:8 7 6 1
Tile:7 8 6 0
Map 12 5 1
Tile:7_flip 8 7 0
Tile:0 9 7 1
Tile:6 10 7 0
Tile:5 10 6 1
Tile:9_flip 11 6 0
Tile:8 11 5 1
Tile:10 11 4 0
Tile:13 11 3 1
Tile:12_flip 10 5 0
Tile:9 12 6 1
GAMEOVER WINNER 1
# Game ended: Wed Apr 01 22:14:31 EDT 2020
