# Server version 0.08 running on localhost:8123
# Game ID: 43
# Board class: Saboteur.SaboteurBoard
# Timeout: 20000
# First Move Timeout: 30000
# Date: Sun Mar 29 22:43:08 EDT 2020
# Player 1: Player-0, '260729805', running on localhost
# Player 2: Player-1, 'RandomPlayer', running on localhost
START Player-0 260729805
START Player-1 RandomPlayer
BoardInit:Tile:8,Bonus,Tile:7,Tile:7,Tile:9,Tile:8,Bonus,Tile:8,Tile:9,Tile:7,Tile:7,Destroy,Tile:6,Map,Map,Bonus,Tile:8,Tile:10,Tile:0,Tile:9,Tile:0,Map,Tile:7,Tile:1,Tile:6,Map,Tile:5,Tile:9,Bonus,Tile:5,Tile:2,Tile:10,Destroy,Tile:6,Tile:10,Tile:13,Map,Destroy,Tile:0,Malus,Tile:0-Tile:15,Map,Tile:8,Tile:14,Tile:12,Malus,Tile:11-Tile:3,Tile:5,Tile:6,Tile:5,Tile:4,Tile:9,Tile:6-Tile:hidden1,Tile:hidden2,Tile:nugget
Tile:15 5 6 1
Tile:6 5 7 0
Tile:11 5 4 1
Drop 5 0 0
Drop 2 0 1
Tile:9 4 5 0
Tile:7 5 3 1
Tile:5_flip 6 4 0
Tile:8 4 7 1
Tile:8 4 3 0
Drop 1 0 1
Tile:4 6 3 0
Tile:7 4 2 1
Tile:3_flip 4 8 0
Tile:9 3 2 1
Tile:8 6 7 0
Tile:8 6 8 1
Drop 5 0 0
Map 12 7 1
Destroy 6 8 0
Tile:6 3 3 1
Tile:5 3 1 0
Tile:0 5 8 1
Tile:7 6 5 0
Tile:7_flip 2 3 1
Tile:10 4 6 0
Tile:8 7 7 1
Tile:9_flip 7 6 0
Tile:5_flip 4 1 1
Map 12 5 0
Malus 0 0 1
Bonus 0 0 0
Tile:9_flip 8 7 1
Map 12 5 0
Destroy 4 3 1
Tile:9_flip 4 4 0
Tile:0 3 7 1
Tile:13 6 8 0
Tile:6_flip 3 4 1
Drop 2 0 0
Tile:10 4 0 1
Tile:5 2 4 0
Tile:2 2 7 1
Destroy 2 4 0
Map 12 5 1
Tile:6_flip 2 4 0
Drop 3 0 1
Tile:7_flip 8 8 0
Drop 2 0 1
Tile:10 7 5 0
Tile:0 1 4 1
Malus 0 0 0
Drop 0 0 1
Drop 0 0 0
Bonus 0 0 1
GAMEOVER DRAW
# Game ended: Sun Mar 29 22:43:09 EDT 2020
