# Server version 0.08 running on 192.168.1.5:8123
# Game ID: 395
# Board class: Saboteur.SaboteurBoard
# Timeout: 2000000000
# First Move Timeout: 30000
# Date: Sat Apr 04 20:09:47 EDT 2020
# Player 1: Player-0, '260729805', running on 192.168.1.5
# Player 2: Player-1, 'Human', running on 192.168.1.5
START Player-0 260729805
START Player-1 Human
BoardInit:Map,Tile:9,Tile:0,Bonus,Tile:6,Tile:11,Tile:1,Malus,Bonus,Map,Tile:12,Tile:10,Tile:6,Map,Tile:6,Tile:6,Tile:9,Tile:5,Tile:0,Tile:14,Tile:9,Tile:10,Malus,Map,Tile:7,Destroy,Tile:9,Tile:7,Tile:8,Tile:5,Tile:3,Tile:7,Destroy,Map,Tile:13,Tile:0,Tile:15,Destroy,Tile:8,Tile:7,Tile:8-Tile:2,Tile:7,Tile:6,Tile:5,Tile:10,Map,Bonus-Tile:9,Tile:8,Tile:5,Bonus,Tile:4,Tile:0,Tile:8-Tile:hidden2,Tile:hidden1,Tile:nugget
Tile:6 6 5 1
Tile:5_flip 7 5 0
Map 12 5 1
Tile:4 7 4 0
Map 12 3 1
Tile:0 4 5 0
Tile:6 5 6 1
Tile:11_flip 6 4 0
Tile:0 6 6 1
Drop 6 0 0
