# Server version 0.08 running on localhost:8123
# Game ID: 663
# Board class: Saboteur.SaboteurBoard
# Timeout: 2000000000
# First Move Timeout: 30000
# Date: Thu Apr 09 00:56:03 EDT 2020
# Player 1: Player-0, '260729805', running on localhost
# Player 2: Player-1, 'RandomPlayer', running on localhost
START Player-0 260729805
START Player-1 RandomPlayer
BoardInit:Tile:0,Bonus,Tile:5,Tile:6,Tile:8,Tile:8,Tile:3,Tile:8,Tile:9,Tile:7,Tile:14,Tile:6,Malus,Tile:13,Map,Tile:10,Destroy,Tile:7,Destroy,Map,Tile:4,Tile:1,Tile:7,Tile:0,Map,Bonus,Tile:5,Tile:2,Map,Tile:9,Bonus,Tile:7,Tile:6,Map,Malus,Tile:10,Tile:0,Tile:5,Tile:9,Tile:9,Tile:0-Tile:7,Tile:5,Destroy,Tile:8,Tile:11,Tile:15,Tile:8-Tile:12,Tile:10,Tile:9,Tile:6,Map,Tile:6,Bonus-Tile:hidden2,Tile:hidden1,Tile:nugget
Tile:8 5 4 1
Tile:6 6 5 0
Drop 1 0 1
Tile:6_flip 6 4 0
Tile:11 5 6 1
Tile:6 7 5 0
Tile:8 5 3 1
Tile:9_flip 7 4 0
Destroy 5 4 1
Tile:8 5 4 0
Tile:5_flip 5 7 1
Tile:7 8 5 0
Tile:14_flip 5 2 1
Tile:6 6 3 0
Tile:7 6 2 1
Tile:8 7 3 0
Tile:0 4 4 1
Tile:10 7 2 0
Tile:3 8 3 1
Tile:7_flip 8 4 0
Tile:8 3 4 1
Tile:10 8 6 0
Tile:9_flip 3 3 1
Tile:12_flip 4 3 0
Drop 3 0 1
Tile:0 4 5 0
Destroy 8 5 1
Tile:1 6 6 0
Tile:7_flip 2 3 1
Tile:2 8 5 0
Map 12 3 1
Tile:9 3 5 0
Map 12 7 1
Tile:7 7 6 0
Map 12 3 1
Tile:13 9 5 0
Drop 3 0 1
Tile:10 9 6 0
Tile:6_flip 9 4 1
Drop 6 0 0
Tile:9 4 7 1
Drop 6 0 0
Tile:15 3 2 1
Drop 5 0 0
Drop 4 0 1
Drop 4 0 0
Drop 1 0 1
Drop 3 0 0
Drop 2 0 1
Drop 2 0 0
Tile:0 10 4 1
Drop 1 0 0
Malus 0 0 1
Drop 0 0 0
Drop 0 0 1
GAMEOVER DRAW
# Game ended: Thu Apr 09 00:56:03 EDT 2020
