# Server version 0.08 running on macbook-pro-5.local:8123
# Game ID: 883
# Board class: Saboteur.SaboteurBoard
# Timeout: 2000000000
# First Move Timeout: 30000
# Date: Sat Apr 11 00:29:40 EDT 2020
# Player 1: Player-0, '260729805', running on localhost
# Player 2: Player-1, 'Human', running on localhost
START Player-0 260729805
START Player-1 Human
BoardInit:Tile:8,Destroy,Map,Tile:8,Tile:8,Map,Map,Tile:8,Tile:10,Tile:5,Tile:5,Bonus,Tile:0,Tile:9,Tile:6,Tile:6,Tile:8,Tile:10,Malus,Tile:3,Map,Tile:8,Tile:13,Tile:1,Map,Tile:6,Malus,Tile:8,Tile:8,Map,Tile:8,Map,Bonus,Tile:0,Tile:8,Tile:9,Tile:8,Tile:8,Tile:2,Malus,Tile:8,Bonus,Tile:10,Tile:7,Tile:15,Tile:0,Tile:7,Tile:8,Tile:9,Bonus,Map,Destroy,Destroy,Map,Tile:8,Map,Malus,Tile:6,Map,Tile:6,Tile:5,Tile:7,Tile:8,Tile:9,Tile:8,Bonus,Malus,Map,Tile:8,Tile:14,Tile:8-Bonus,Tile:8,Tile:7,Tile:11,Map,Bonus,Tile:0-Tile:4,Tile:5,Tile:8,Tile:12,Map,Tile:7,Tile:9-Tile:hidden1,Tile:hidden2,Tile:nugget
Tile:0 6 5 1
Map 12 5 0
Tile:8 7 5 1
Tile:5_flip 8 5 0
Tile:8 8 4 1
Tile:7 9 4 0
Map 12 5 1
Map 12 3 0
Map 12 3 1
Tile:9 9 5 0
Tile:8 10 5 1
Tile:5_flip 10 6 0
Drop 5 0 1
Tile:8 9 6 0
Drop 5 0 1
Tile:9_flip 11 5 0
Drop 1 0 1
Tile:6 9 7 0
Tile:8 11 4 1
Tile:8 11 3 0
