# Server version 0.08 running on localhost:8123
# Game ID: 1034
# Board class: Saboteur.SaboteurBoard
# Timeout: 2000000000
# First Move Timeout: 30000
# Date: Sat Apr 11 13:58:09 EDT 2020
# Player 1: Player-0, '260729805', running on localhost
# Player 2: Player-1, 'RandomPlayer', running on localhost
START Player-0 260729805
START Player-1 RandomPlayer
BoardInit:Tile:10,Tile:0,Tile:9,Tile:3,Tile:7,Map,Tile:2,Tile:5,Tile:8,Tile:7,Bonus,Tile:4,Tile:12,Tile:0,Bonus,Tile:6,Tile:6,Tile:7,Malus,Map,Destroy,Tile:15,Map,Tile:9,Tile:13,Tile:7,Tile:9,Bonus,Bonus,Map,Tile:10,Tile:5,Tile:6,Tile:8,Tile:9,Destroy,Map,Map,Tile:10,Malus,Tile:5-Tile:8,Tile:11,Tile:1,Tile:0,Tile:5,Destroy,Tile:7-Tile:9,Tile:0,Tile:6,Tile:14,Tile:8,Tile:8,Tile:6-Tile:hidden2,Tile:hidden1,Tile:nugget
Tile:8 5 6 1
Tile:0 6 5 0
Tile:1 6 6 1
Tile:6 7 5 0
Tile:11 5 7 1
Tile:6 8 5 0
Tile:9 4 5 1
Map 12 3 0
Tile:5 7 4 1
Tile:9_flip 9 5 0
Tile:2 5 4 1
Tile:8 9 4 0
Tile:7 7 6 1
Tile:8 10 4 0
Tile:7 10 3 1
Tile:7_flip 9 6 0
Destroy 7 6 1
Tile:0 10 6 0
Tile:0 7 6 1
Tile:5 9 3 0
Tile:8 4 4 1
Map 12 5 0
Destroy 6 5 1
Tile:0 11 6 0
Tile:6 4 6 1
Tile:9_flip 12 6 0
Drop 0 0 1
Tile:6 6 5 0
GAMEOVER WINNER 0
# Game ended: Sat Apr 11 13:58:11 EDT 2020
