# Server version 0.08 running on localhost:8123
# Game ID: 781
# Board class: Saboteur.SaboteurBoard
# Timeout: 2000000000
# First Move Timeout: 30000
# Date: Thu Apr 09 02:09:24 EDT 2020
# Player 1: Player-0, '260729805', running on localhost
# Player 2: Player-1, 'RandomPlayer', running on localhost
START Player-0 260729805
START Player-1 RandomPlayer
BoardInit:Tile:6,Tile:6,Destroy,Destroy,Tile:9,Tile:7,Tile:5,Tile:8,Malus,Tile:6,Map,Tile:2,Tile:12,Tile:7,Map,Destroy,Tile:9,Tile:8,Bonus,Tile:13,Tile:14,Tile:9,Tile:9,Tile:10,Tile:6,Tile:0,Tile:6,Tile:10,Map,Bonus,Tile:5,Tile:8,Tile:0,Map,Tile:0,Map,Tile:15,Bonus,Tile:9,Tile:1,Tile:7-Tile:11,Tile:8,Tile:7,Tile:3,Tile:0,Bonus,Tile:5-Tile:4,Malus,Tile:7,Map,Tile:5,Tile:10,Tile:8-Tile:nugget,Tile:hidden2,Tile:hidden1
Tile:5 5 4 1
Map 12 5 0
Tile:0 6 5 1
Tile:7 7 5 0
Tile:8 5 6 1
Tile:5_flip 7 6 0
Tile:9 4 5 1
Tile:6_flip 6 6 0
Tile:5_flip 6 4 1
Tile:7_flip 6 7 0
Tile:3 4 4 1
Tile:6_flip 7 7 0
Destroy 6 5 1
Tile:8 8 7 0
Map 12 3 1
Tile:7 9 7 0
Tile:6 8 8 1
Tile:8 9 8 0
Tile:11_flip 6 3 1
Tile:8 10 8 0
Tile:7_flip 10 9 1
Tile:10 10 7 0
Tile:14_flip 8 6 1
Tile:9_flip 11 8 0
Tile:9_flip 10 6 1
Tile:10 11 7 0
Malus 0 0 1
Destroy 8 6 0
Tile:9 7 8 1
Destroy 6 3 0
Tile:6 11 9 1
Bonus 0 0 0
Tile:12_flip 3 4 1
Tile:10 11 6 0
Tile:6 7 9 1
Tile:8 12 9 0
Drop 3 0 1
Tile:0 13 9 0
Tile:0 8 9 1
Tile:4 12 8 0
Tile:5 10 5 1
Tile:2 11 5 0
Tile:9_flip 5 7 1
Tile:13 12 10 0
Map 12 7 1
Tile:1 9 6 0
Tile:7 6 3 1
Drop 3 0 0
Tile:0 11 10 1
Drop 2 0 0
Drop 0 0 1
Drop 1 0 0
Drop 0 0 1
Malus 0 0 0
Drop 0 0 1
GAMEOVER DRAW
# Game ended: Thu Apr 09 02:09:26 EDT 2020
