# Server version 0.08 running on localhost:8123
# Game ID: 426
# Board class: Saboteur.SaboteurBoard
# Timeout: 2000000000
# First Move Timeout: 30000
# Date: Sat Apr 04 02:15:21 EDT 2020
# Player 1: Player-0, '260729805', running on localhost
# Player 2: Player-1, 'RandomPlayer', running on localhost
START Player-0 260729805
START Player-1 RandomPlayer
BoardInit:Map,Tile:7,Destroy,Tile:0,Tile:8,Tile:5,Tile:15,Tile:9,Tile:9,Tile:13,Tile:9,Bonus,Map,Tile:9,Tile:5,Map,Destroy,Tile:10,Tile:9,Tile:8,Map,Tile:8,Tile:1,Tile:7,Tile:3,Tile:6,Tile:5,Map,Malus,Tile:12,Tile:4,Tile:0,Tile:6,Tile:8,Destroy,Tile:6,Tile:0,Tile:6,Tile:6,Malus,Tile:7-Bonus,Tile:14,Tile:2,Tile:7,Tile:10,Bonus,Map-Bonus,Tile:10,Tile:7,Tile:11,Tile:8,Tile:5,Tile:0-Tile:hidden2,Tile:hidden1,Tile:nugget
Tile:14_flip 5 4 1
Tile:7 6 5 0
Drop 1 0 1
Tile:5_flip 6 6 0
Drop 3 0 1
Tile:7_flip 5 6 0
Drop 4 0 1
Tile:0 4 5 0
Drop 1 0 1
Tile:0 3 5 0
Destroy 5 6 1
Tile:5 2 5 0
Tile:8 5 6 1
Tile:11 5 7 0
Tile:9 5 8 1
Tile:10 2 6 0
Tile:9 2 7 1
Map 12 3 0
Destroy 4 5 1
Tile:8 4 5 0
Tile:5_flip 2 8 1
Tile:9 4 6 0
Map 12 7 1
Tile:9_flip 4 4 0
Tile:10 4 7 1
Tile:10 4 3 0
Tile:9_flip 4 8 1
Tile:8 4 2 0
Drop 2 0 1
Map 12 5 0
Tile:3_flip 4 9 1
Tile:8 5 2 0
Tile:5 5 1 1
Tile:6_flip 6 7 0
Tile:1 3 4 1
Tile:8 6 2 0
Drop 3 0 1
Drop 1 0 0
Destroy 4 6 1
Tile:7 4 1 0
Tile:6 1 8 1
Tile:6_flip 6 1 0
Drop 0 0 1
Tile:12 7 2 0
Tile:6_flip 7 7 1
Tile:6 7 1 0
Tile:4_flip 5 3 1
Drop 3 0 0
Tile:0 6 4 1
Tile:0 8 7 0
Drop 1 0 1
Drop 1 0 0
Tile:7 8 1 1
Drop 0 0 0
Drop 0 0 1
GAMEOVER DRAW
# Game ended: Sat Apr 04 02:15:36 EDT 2020
