# Server version 0.08 running on macbook-pro-5.local:8123
# Game ID: 597
# Board class: Saboteur.SaboteurBoard
# Timeout: 2000000000
# First Move Timeout: 30000
# Date: Wed Apr 08 22:55:22 EDT 2020
# Player 1: Player-0, '260729805', running on macbook-pro-5.local
# Player 2: Player-1, 'RandomPlayer', running on macbook-pro-5.local
START Player-0 260729805
START Player-1 RandomPlayer
BoardInit:Destroy,Tile:8,Bonus,Destroy,Tile:8,Tile:8,Tile:0,Tile:6,Tile:5,Tile:8,Tile:0,Tile:3,Tile:9,Tile:8,Malus,Destroy,Destroy,Tile:1,Map,Destroy,Tile:8,Tile:8,Malus,Bonus,Tile:10,Tile:8,Tile:6,Tile:8,Tile:13,Tile:7,Destroy,Tile:8,Tile:9,Tile:11,Map,Tile:8,Tile:8,Destroy,Tile:10,Destroy,Tile:0,Tile:6,Tile:9,Destroy,Tile:8,Tile:12,Tile:6,Tile:8,Bonus,Tile:10,Tile:14,Tile:5,Map,Tile:8,Tile:4,Map,Destroy,Destroy,Tile:2,Map,Tile:7,Map,Tile:8,Tile:8,Tile:8-Tile:15,Tile:6,Tile:0,Tile:7,Tile:7,Tile:5,Tile:9-Tile:5,Tile:8,Tile:8,Tile:8,Tile:7,Tile:9,Bonus-Tile:hidden2,Tile:hidden1,Tile:nugget
Tile:7 5 4 1
Tile:5_flip 6 5 0
Tile:0 4 5 1
Tile:7_flip 5 6 0
Tile:6_flip 3 5 1
Tile:9 6 4 0
Tile:8 7 4 1
Tile:8 8 4 0
Destroy 6 4 1
Tile:6_flip 6 6 0
Drop 5 0 1
Tile:8 7 6 0
Tile:5 6 4 1
Tile:8 8 6 0
Tile:7 9 4 1
Tile:8 9 6 0
Tile:9_flip 8 5 1
Tile:8 10 6 0
Tile:15 7 7 1
Tile:8 9 7 0
Tile:5_flip 7 8 1
Tile:8 9 8 0
Map 12 3 1
Tile:8 10 8 0
Tile:9 7 5 1
Destroy 7 7 0
Malus 0 0 1
Bonus 0 0 0
Tile:6_flip 11 8 1
Tile:8 12 8 0
GAMEOVER WINNER 0
# Game ended: Wed Apr 08 22:55:22 EDT 2020
