# Server version 0.08 running on macbook-pro-5.local:8123
# Game ID: 776
# Board class: Saboteur.SaboteurBoard
# Timeout: 2000000000
# First Move Timeout: 30000
# Date: Thu Apr 09 02:04:40 EDT 2020
# Player 1: Player-0, '260729805', running on macbook-pro-5.local
# Player 2: Player-1, 'RandomPlayer', running on macbook-pro-5.local
START Player-0 260729805
START Player-1 RandomPlayer
BoardInit:Map,Tile:7,Tile:13,Tile:1,Map,Tile:8,Bonus,Tile:0,Destroy,Tile:5,Tile:11,Tile:7,Tile:10,Tile:3,Tile:8,Tile:8,Tile:10,Tile:14,Destroy,Tile:9,Tile:6,Tile:6,Tile:7,Tile:8,Bonus,Tile:8,Tile:9,Map,Tile:12,Tile:0,Bonus,Tile:9,Map,Tile:9,Tile:9,Tile:2,Map,Malus,Tile:6,Tile:7,Tile:5-Tile:5,Malus,Bonus,Destroy,Tile:15,Tile:7,Tile:6-Tile:0,Map,Tile:6,Tile:4,Tile:5,Tile:10,Tile:0-Tile:nugget,Tile:hidden2,Tile:hidden1
Malus 0 0 1
Drop 3 0 0
Tile:7_flip 5 6 1
Drop 6 0 0
Tile:5_flip 6 5 1
Drop 6 0 0
Tile:6_flip 6 6 1
Drop 6 0 0
Tile:13 6 4 1
Drop 6 0 0
Destroy 6 6 1
Drop 6 0 0
Map 12 7 1
Drop 6 0 0
Tile:11 5 4 1
Drop 6 0 0
Map 12 7 1
Drop 6 0 0
Tile:8 6 3 1
Drop 6 0 0
Destroy 5 6 1
Drop 6 0 0
Destroy 6 3 1
Drop 6 0 0
Tile:6 5 6 1
Drop 6 0 0
Drop 3 0 1
Drop 6 0 0
Tile:9 4 5 1
Drop 6 0 0
Tile:7_flip 4 6 1
Drop 6 0 0
Tile:12 6 6 1
Drop 6 0 0
Tile:10 4 4 1
Drop 6 0 0
Map 12 7 1
Drop 6 0 0
Map 12 5 1
Drop 6 0 0
Drop 2 0 1
Drop 6 0 0
Drop 6 0 1
Drop 5 0 0
Drop 4 0 1
Drop 4 0 0
Tile:6_flip 4 3 1
Drop 3 0 0
Drop 2 0 1
Drop 2 0 0
Drop 0 0 1
Drop 1 0 0
Tile:15 6 3 1
Drop 0 0 0
Drop 0 0 1
GAMEOVER DRAW
# Game ended: Thu Apr 09 02:04:40 EDT 2020
