# Server version 0.08 running on localhost:8123
# Game ID: 185
# Board class: Saboteur.SaboteurBoard
# Timeout: 2000000000
# First Move Timeout: 30000
# Date: Tue Mar 31 22:17:30 EDT 2020
# Player 1: Player-0, '260729805', running on localhost
# Player 2: Player-1, 'Human', running on localhost
START Player-0 260729805
START Player-1 Human
BoardInit:Tile:11,Tile:8,Tile:7,Tile:9,Malus,Tile:15,Tile:7,Tile:14,Tile:8,Tile:12,Map,Destroy,Tile:7,Tile:6,Tile:8,Malus,Tile:13,Tile:6,Tile:2,Tile:7,Tile:0,Tile:10,Tile:9,Tile:6,Bonus,Tile:8,Tile:8,Map,Tile:9,Destroy,Tile:3,Tile:6,Map,Tile:1,Map,Tile:4,Tile:9,Map,Tile:0,Tile:5,Bonus-Tile:5,Tile:9,Tile:5,Bonus,Destroy,Tile:0,Tile:5-Tile:0,Bonus,Tile:6,Tile:10,Map,Tile:10,Tile:7-Tile:hidden1,Tile:hidden2,Tile:nugget
Tile:0 6 5 1
Map 12 5 0
Tile:5 5 4 1
Tile:0 7 5 0
Tile:9 5 6 1
Tile:6 8 5 0
Tile:7 9 5 1
Tile:10 9 6 0
Tile:7 8 4 1
Tile:10 9 7 0
Tile:8 9 8 1
Tile:7 10 8 0
Map 12 7 1
Tile:8 10 9 0
Destroy 9 6 1
Tile:9 9 6 0
Tile:8 10 6 1
Tile:6 11 6 0
Tile:5 11 5 1
GAMEOVER ILLEGAL MOVE: Player 0, CardUsed: (Tile:12), PosOfUse: (12, 6) WINNER 1
# Game ended: Tue Mar 31 22:18:37 EDT 2020
