# Server version 0.08 running on macbook-pro-5.local:8123
# Game ID: 1056
# Board class: Saboteur.SaboteurBoard
# Timeout: 2000000000
# First Move Timeout: 30000
# Date: Sat Apr 11 14:28:09 EDT 2020
# Player 1: Player-0, '260729805', running on macbook-pro-5.local
# Player 2: Player-1, 'RandomPlayer', running on macbook-pro-5.local
START Player-0 260729805
START Player-1 RandomPlayer
BoardInit:Malus,Tile:0,Tile:5,Tile:11,Tile:8,Tile:7,Bonus,Tile:10,Tile:7,Destroy,Tile:8,Tile:1,Tile:2,Tile:5,Map,Map,Tile:0,Map,Tile:6,Tile:12,Map,Tile:9,Tile:0,Malus,Tile:14,Tile:8,Tile:5,Tile:6,Tile:6,Tile:7,Tile:6,Tile:5,Tile:9,Destroy,Tile:3,Tile:0,Tile:8,Tile:9,Bonus,Bonus,Destroy-Tile:9,Tile:8,Tile:6,Tile:7,Map,Tile:13,Map-Tile:7,Bonus,Tile:10,Tile:10,Tile:15,Tile:9,Tile:4-Tile:nugget,Tile:hidden2,Tile:hidden1
Tile:8 4 5 1
Tile:7 6 5 0
Drop 5 0 1
Tile:10 6 6 0
Tile:7_flip 3 5 1
Tile:10 6 7 0
Tile:6_flip 5 4 1
Tile:0 6 4 0
Tile:8 3 4 1
Tile:9_flip 7 4 0
Tile:7_flip 7 5 1
Tile:7 8 5 0
Tile:5 2 4 1
Tile:10 8 6 0
Tile:2 4 4 1
Tile:5 7 3 0
Tile:8 4 6 1
Map 12 3 0
Malus 0 0 1
Bonus 0 0 0
Tile:9 8 7 1
Tile:12 8 3 0
Tile:6 8 8 1
Destroy 8 3 0
Map 12 7 1
Tile:9_flip 8 3 0
Tile:14 2 5 1
Tile:8 8 2 0
Drop 2 0 1
Tile:6 9 2 0
Tile:0 3 6 1
Tile:7 10 2 0
Tile:6_flip 9 8 1
Tile:5 9 1 0
Tile:5_flip 5 6 1
Destroy 2 5 0
Tile:9 3 3 1
Tile:0 10 1 0
Tile:0 7 2 1
Malus 0 0 0
Map 12 7 1
Tile:9 10 3 0
Destroy 8 8 1
Tile:11_flip 11 3 0
Drop 3 0 1
Tile:4_flip 10 4 0
Drop 4 0 1
Tile:15 11 2 0
Drop 2 0 1
Tile:1 9 7 0
Drop 0 0 1
Drop 1 0 0
Bonus 0 0 1
Drop 0 0 0
Tile:8 6 8 1
GAMEOVER DRAW
# Game ended: Sat Apr 11 14:28:14 EDT 2020
