# Server version 0.08 running on macbook-pro-5.local:8123
# Game ID: 693
# Board class: Saboteur.SaboteurBoard
# Timeout: 2000000000
# First Move Timeout: 30000
# Date: Thu Apr 09 01:17:23 EDT 2020
# Player 1: Player-0, '260729805', running on macbook-pro-5.local
# Player 2: Player-1, 'RandomPlayer', running on macbook-pro-5.local
START Player-0 260729805
START Player-1 RandomPlayer
BoardInit:Tile:6,Tile:5,Tile:6,Tile:13,Map,Tile:8,Malus,Destroy,Bonus,Tile:1,Tile:7,Tile:10,Tile:10,Tile:9,Tile:9,Tile:12,Bonus,Tile:6,Malus,Tile:9,Tile:0,Tile:4,Map,Tile:5,Tile:0,Tile:9,Tile:7,Map,Tile:14,Tile:8,Bonus,Destroy,Tile:0,Tile:9,Map,Tile:8,Destroy,Tile:11,Tile:10,Tile:7,Tile:15-Tile:5,Tile:6,Tile:5,Tile:7,Tile:6,Map,Map-Bonus,Tile:8,Tile:3,Tile:0,Tile:2,Tile:7,Tile:8-Tile:nugget,Tile:hidden1,Tile:hidden2
Tile:6_flip 4 5 1
Tile:0 6 5 0
Drop 1 0 1
Tile:7 7 5 0
Drop 1 0 1
Tile:5_flip 7 6 0
Tile:6_flip 6 6 1
Tile:8 6 7 0
Map 12 7 1
Tile:8 5 6 0
Tile:6_flip 7 7 1
Tile:8 5 7 0
Drop 0 0 1
Tile:10 7 8 0
Drop 3 0 1
Tile:9_flip 6 8 0
Tile:9 4 6 1
Destroy 6 6 0
Tile:6 4 7 1
Tile:6_flip 6 6 0
Map 12 7 1
Tile:9 5 8 0
Tile:7_flip 5 9 1
Tile:12 8 7 0
Drop 0 0 1
Tile:5_flip 6 9 0
Drop 5 0 1
Tile:9 7 9 0
Drop 5 0 1
Map 12 3 0
Tile:7 8 9 1
Tile:8 5 4 0
Tile:0 4 4 1
Destroy 8 7 0
Tile:14_flip 3 5 1
Tile:9_flip 8 7 0
Tile:0 3 4 1
Tile:8 5 3 0
Destroy 6 9 1
Tile:3_flip 8 8 0
Drop 1 0 1
Tile:11_flip 6 9 0
Tile:15 8 10 1
Tile:4 8 6 0
Tile:10 8 11 1
Tile:2_flip 6 4 0
Drop 0 0 1
Tile:1 7 4 0
Malus 0 0 1
Bonus 0 0 0
Map 12 3 1
Tile:13 6 3 0
Drop 1 0 1
Tile:7_flip 4 3 0
Drop 0 0 1
GAMEOVER DRAW
# Game ended: Thu Apr 09 01:17:24 EDT 2020
