# Server version 0.08 running on localhost:8123
# Game ID: 420
# Board class: Saboteur.SaboteurBoard
# Timeout: 2000000000
# First Move Timeout: 30000
# Date: Sat Apr 04 02:09:45 EDT 2020
# Player 1: Player-0, '260729805', running on localhost
# Player 2: Player-1, '260729805', running on localhost
START Player-0 260729805
START Player-1 260729805
BoardInit:Tile:12,Tile:0,Tile:6,Tile:10,Tile:7,Tile:9,Tile:0,Bonus,Tile:10,Map,Tile:0,Tile:6,Tile:8,Tile:4,Tile:8,Tile:7,Tile:6,Tile:7,Tile:5,Tile:5,Tile:8,Map,Tile:6,Tile:9,Map,Tile:13,Destroy,Tile:14,Tile:9,Bonus,Tile:5,Tile:15,Tile:8,Tile:11,Tile:0,Tile:7,Destroy,Bonus,Tile:10,Map,Tile:3-Tile:5,Malus,Tile:8,Bonus,Map,Tile:2,Tile:9-Malus,Tile:7,Tile:6,Destroy,Tile:9,Tile:1,Map-Tile:nugget,Tile:hidden2,Tile:hidden1
Tile:9 4 5 1
Tile:9_flip 5 4 0
Tile:2 5 3 1
Tile:6_flip 6 5 0
Drop 1 0 1
Tile:7_flip 5 6 0
Tile:12 6 3 1
Destroy 4 5 0
Tile:8 7 5 1
Tile:9 4 3 0
Tile:7_flip 4 4 1
Map 12 7 0
Map 12 3 1
Tile:6 7 6 0
Drop 2 0 1
Drop 5 0 0
Tile:8 6 6 1
Drop 6 0 0
Drop 0 0 1
Tile:4 7 4 0
Drop 3 0 1
Tile:1 4 5 0
Tile:0 8 6 1
Tile:7 4 2 0
Tile:8 6 7 1
Drop 4 0 0
Drop 2 0 1
Tile:9 6 8 0
Tile:10 6 9 1
Drop 2 0 0
Tile:6 3 5 1
Malus 0 0 0
Bonus 0 0 1
Tile:14 9 6 0
Destroy 4 2 1
Tile:11 9 5 0
Tile:0 7 8 1
Tile:13 10 5 0
Tile:8 10 4 1
Tile:15 10 3 0
Tile:8 11 5 1
Tile:7_flip 11 6 0
Tile:5_flip 8 8 1
Tile:0 12 6 0
Destroy 6 3 1
Map 12 3 0
Tile:9 2 5 1
Drop 2 0 0
Tile:5_flip 13 6 1
Drop 1 0 0
Tile:10 4 2 1
Drop 0 0 0
Drop 1 0 1
Map 12 5 0
Map 12 5 1
GAMEOVER DRAW
# Game ended: Sat Apr 04 02:09:45 EDT 2020
