# Server version 0.08 running on macbook-pro-5.local:8123
# Game ID: 993
# Board class: Saboteur.SaboteurBoard
# Timeout: 2000000000
# First Move Timeout: 30000
# Date: Sat Apr 11 13:05:16 EDT 2020
# Player 1: Player-0, '260729805', running on macbook-pro-5.local
# Player 2: Player-1, 'Human', running on macbook-pro-5.local
START Player-0 260729805
START Player-1 Human
BoardInit:Tile:0,Tile:0,Tile:7,Tile:6,Tile:10,Tile:5,Tile:7,Bonus,Tile:9,Tile:10,Tile:9,Tile:11,Tile:13,Tile:8,Tile:14,Tile:9,Map,Tile:9,Tile:12,Tile:7,Tile:10,Tile:8,Tile:6,Tile:1,Tile:3,Map,Map,Tile:2,Tile:0,Malus,Tile:6,Tile:7,Bonus,Destroy,Tile:6,Tile:15,Tile:8,Destroy,Map,Malus,Map-Tile:0,Tile:5,Tile:5,Bonus,Tile:7,Tile:6,Map-Tile:8,Tile:9,Destroy,Bonus,Tile:4,Tile:8,Tile:5-Tile:nugget,Tile:hidden2,Tile:hidden1
Tile:7 6 5 1
Tile:5_flip 6 6 0
Tile:5 5 4 1
Tile:0 6 4 0
Tile:0 7 4 1
Tile:6 8 4 0
Tile:0 9 4 1
Tile:5_flip 10 4 0
Map 12 3 1
Tile:8 8 3 0
Tile:9 10 3 1
Tile:8 11 3 0
GAMEOVER WINNER 0
# Game ended: Sat Apr 11 13:06:04 EDT 2020
