# Server version 0.08 running on macbook-pro-5.local:8123
# Game ID: 866
# Board class: Saboteur.SaboteurBoard
# Timeout: 2000000000
# First Move Timeout: 30000
# Date: Fri Apr 10 23:42:40 EDT 2020
# Player 1: Player-0, '260729805', running on macbook-pro-5.local
# Player 2: Player-1, 'Human', running on macbook-pro-5.local
START Player-0 260729805
START Player-1 Human
BoardInit:Malus,Tile:6,Bonus,Tile:8,Destroy,Malus,Tile:15,Bonus,Malus,Tile:7,Bonus,Tile:8,Tile:2,Tile:8,Tile:8,Map,Tile:8,Tile:10,Map,Tile:5,Tile:0,Tile:9,Tile:8,Tile:3,Tile:10,Tile:6,Tile:1,Tile:6,Bonus,Tile:8,Tile:8,Tile:6,Tile:12,Tile:9,Tile:0,Map,Tile:11,Tile:13,Tile:0,Tile:9,Tile:8,Map,Tile:6,Tile:8,Tile:8,Tile:8,Map,Tile:7,Tile:8,Tile:8,Map,Tile:8,Tile:5,Tile:8,Tile:0,Tile:7,Bonus,Malus,Tile:7,Malus,Tile:8,Tile:5,Tile:8-Tile:4,Tile:7,Tile:10,Tile:9,Destroy,Tile:8,Tile:9-Tile:5,Bonus,Tile:14,Bonus,Destroy,Tile:8,Tile:8-Tile:hidden2,Tile:hidden1,Tile:nugget
Tile:8 6 5 1
Tile:5_flip 7 5 0
Tile:9 7 4 1
Tile:6 8 4 0
Drop 1 0 1
Tile:8 9 4 0
Tile:9 9 3 1
Malus 0 0 0
Destroy 9 3 1
Tile:8 10 4 0
Bonus 0 0 1
Tile:7_flip 9 5 0
Drop 4 0 1
Tile:8 9 3 0
Drop 6 0 1
Tile:8 9 2 0
Tile:8 11 4 1
Map 12 3 0
Tile:8 12 4 1
Tile:8 12 6 0
GAMEOVER WINNER 0
# Game ended: Fri Apr 10 23:43:26 EDT 2020
