# Server version 0.08 running on localhost:8123
# Game ID: 738
# Board class: Saboteur.SaboteurBoard
# Timeout: 2000000000
# First Move Timeout: 30000
# Date: Thu Apr 09 01:35:59 EDT 2020
# Player 1: Player-0, '260729805', running on localhost
# Player 2: Player-1, 'RandomPlayer', running on localhost
START Player-0 260729805
START Player-1 RandomPlayer
BoardInit:Map,Tile:0,Tile:7,Destroy,Tile:13,Tile:0,Tile:5,Bonus,Tile:0,Map,Tile:1,Tile:5,Malus,Malus,Tile:3,Tile:6,Bonus,Tile:10,Tile:9,Tile:8,Tile:11,Tile:9,Tile:10,Tile:7,Destroy,Tile:8,Tile:0,Tile:9,Tile:5,Tile:6,Tile:6,Tile:6,Map,Map,Bonus,Map,Tile:5,Bonus,Tile:2,Tile:8,Tile:7-Tile:8,Tile:14,Tile:7,Map,Tile:10,Destroy,Tile:4-Tile:7,Tile:9,Tile:12,Tile:8,Tile:15,Tile:9,Tile:6-Tile:hidden1,Tile:hidden2,Tile:nugget
Tile:8 6 5 1
Tile:7 7 5 0
Tile:7_flip 6 6 1
Tile:6 7 6 0
Tile:7 6 4 1
Tile:0 8 6 0
Drop 2 0 1
Tile:0 9 6 0
Map 12 5 1
Tile:9_flip 10 6 0
Tile:4_flip 10 7 1
Tile:8 5 4 0
Drop 4 0 1
Tile:5_flip 5 6 0
Drop 3 0 1
Tile:9 5 3 0
Destroy 10 6 1
Tile:6_flip 10 6 0
Drop 3 0 1
Tile:10 5 2 0
Tile:14 11 6 1
Tile:8 11 5 0
Tile:0 6 3 1
Tile:9_flip 7 3 0
Tile:3_flip 4 4 1
Tile:7_flip 7 4 0
Destroy 11 5 1
Tile:8 11 5 0
Tile:11_flip 5 1 1
Destroy 11 5 0
Drop 3 0 1
Tile:15 11 5 0
Map 12 3 1
Tile:9 11 4 0
Tile:6_flip 12 4 1
Tile:12 13 4 0
Tile:5 4 5 1
Tile:6_flip 11 3 0
Map 12 7 1
Tile:6 10 3 0
Tile:0 4 1 1
Tile:8 10 2 0
Tile:10 4 3 1
Drop 5 0 0
Tile:5 5 0 1
Drop 4 0 0
Tile:2 6 0 1
Drop 3 0 0
Drop 3 0 1
Drop 2 0 0
Drop 0 0 1
Drop 1 0 0
Drop 1 0 1
Drop 0 0 0
Drop 0 0 1
GAMEOVER DRAW
# Game ended: Thu Apr 09 01:36:02 EDT 2020
