# Server version 0.08 running on localhost:8123
# Game ID: 824
# Board class: Saboteur.SaboteurBoard
# Timeout: 2000000000
# First Move Timeout: 30000
# Date: Thu Apr 09 02:36:04 EDT 2020
# Player 1: Player-0, '260729805', running on localhost
# Player 2: Player-1, 'RandomPlayer', running on localhost
START Player-0 260729805
START Player-1 RandomPlayer
BoardInit:Destroy,Tile:12,Tile:4,Tile:10,Bonus,Tile:5,Tile:0,Malus,Tile:10,Tile:8,Map,Tile:9,Bonus,Bonus,Tile:0,Map,Tile:10,Tile:11,Tile:5,Tile:3,Tile:8,Tile:0,Tile:2,Tile:9,Tile:6,Map,Tile:7,Map,Malus,Tile:9,Tile:7,Bonus,Tile:8,Tile:8,Map,Tile:6,Tile:9,Map,Tile:7,Tile:0,Destroy-Tile:14,Destroy,Tile:6,Tile:1,Tile:5,Tile:6,Tile:5-Tile:13,Tile:8,Tile:7,Tile:6,Tile:7,Tile:9,Tile:15-Tile:hidden2,Tile:nugget,Tile:hidden1
Tile:6_flip 5 4 1
Tile:7 6 5 0
Tile:5_flip 5 6 1
Tile:7_flip 6 6 0
Tile:6 6 4 1
Tile:6 7 4 0
Tile:5 6 3 1
Tile:5_flip 8 4 0
Drop 2 0 1
Tile:8 8 3 0
Tile:14 7 6 1
Tile:9_flip 9 3 0
Tile:0 4 4 1
Tile:10 9 4 0
Destroy 8 3 1
Tile:8 8 3 0
Destroy 7 6 1
Map 12 3 0
Drop 5 0 1
Tile:9 9 5 0
Tile:4_flip 9 6 1
Tile:12 10 5 0
Tile:10 8 2 1
Tile:0 7 6 0
Tile:2_flip 3 4 1
Tile:9 9 2 0
Map 12 3 1
Map 12 5 0
Tile:6 2 4 1
Tile:13 10 2 0
Tile:10 2 3 1
Tile:9_flip 8 6 0
Tile:8 9 1 1
Tile:15 10 3 0
Tile:7 9 0 1
Tile:8 8 7 0
Tile:7 11 2 1
Tile:6_flip 9 7 0
Drop 6 0 1
Tile:11 11 3 0
Tile:8 10 7 1
Tile:0 7 7 0
Destroy 6 5 1
Tile:3_flip 11 4 0
Tile:7_flip 8 0 1
Drop 4 0 0
Tile:5 4 6 1
Drop 3 0 0
Malus 0 0 1
Bonus 0 0 0
Map 12 3 1
Drop 1 0 0
Drop 1 0 1
Malus 0 0 0
Bonus 0 0 1
GAMEOVER DRAW
# Game ended: Thu Apr 09 02:36:05 EDT 2020
