# Server version 0.08 running on macbook-pro-5.local:8123
# Game ID: 657
# Board class: Saboteur.SaboteurBoard
# Timeout: 2000000000
# First Move Timeout: 30000
# Date: Thu Apr 09 00:53:36 EDT 2020
# Player 1: Player-0, '260729805', running on macbook-pro-5.local
# Player 2: Player-1, 'RandomPlayer', running on macbook-pro-5.local
START Player-0 260729805
START Player-1 RandomPlayer
BoardInit:Tile:5,Tile:9,Tile:6,Tile:9,Map,Tile:0,Tile:15,Tile:0,Tile:9,Bonus,Tile:0,Tile:7,Tile:1,Tile:6,Map,Tile:8,Tile:3,Tile:7,Destroy,Bonus,Tile:10,Bonus,Tile:9,Tile:9,Map,Tile:2,Malus,Tile:7,Tile:6,Tile:10,Tile:8,Tile:8,Map,Tile:13,Bonus,Tile:7,Tile:11,Tile:14,Map,Tile:6,Tile:10-Tile:5,Tile:6,Tile:4,Tile:8,Map,Tile:12,Destroy-Tile:7,Destroy,Tile:8,Tile:5,Tile:5,Malus,Tile:0-Tile:nugget,Tile:hidden2,Tile:hidden1
Drop 3 0 1
Tile:7_flip 5 6 0
Tile:5 5 4 1
Destroy 5 4 0
Tile:6 6 6 1
Tile:8 4 5 0
Tile:6_flip 7 6 1
Tile:9_flip 4 4 0
Tile:15 4 3 1
Tile:0 3 4 0
Drop 3 0 1
Tile:9 5 4 0
Tile:5 5 3 1
Tile:5_flip 6 3 0
Map 12 7 1
Tile:0 6 4 0
Tile:4_flip 7 7 1
Tile:5_flip 8 6 0
Tile:0 2 4 1
Tile:7 6 5 0
Tile:1 3 5 1
Tile:8 4 2 0
Tile:9 6 2 1
Tile:6 7 4 0
Tile:10 4 1 1
Tile:0 1 4 0
Map 12 3 1
Tile:2 7 2 0
Tile:12 5 2 1
Tile:7 6 1 0
Destroy 5 6 1
Drop 3 0 0
Tile:9 0 4 1
Tile:7 4 0 0
Tile:6 5 6 1
Tile:8 4 6 0
Tile:3 8 4 1
Drop 3 0 0
Tile:11 7 3 1
Tile:14 8 3 0
Map 12 3 1
Tile:7_flip 5 1 0
Tile:10 8 5 1
Tile:6_flip 8 2 0
Drop 4 0 1
Tile:13 3 2 0
Map 12 3 1
Drop 2 0 0
Drop 1 0 1
Malus 0 0 0
Map 12 5 1
Tile:10 0 3 0
Map 12 7 1
Drop 0 0 0
Malus 0 0 1
GAMEOVER DRAW
# Game ended: Thu Apr 09 00:53:37 EDT 2020
