# Server version 0.08 running on localhost:8123
# Game ID: 549
# Board class: Saboteur.SaboteurBoard
# Timeout: 2000000000
# First Move Timeout: 30000
# Date: Sun Apr 05 20:00:15 EDT 2020
# Player 1: Player-0, '260729805', running on localhost
# Player 2: Player-1, 'RandomPlayer', running on localhost
START Player-0 260729805
START Player-1 RandomPlayer
BoardInit:Tile:0,Tile:9,Tile:6,Map,Destroy,Tile:0,Map,Tile:9,Tile:9,Tile:6,Tile:15,Tile:7,Map,Bonus,Map,Destroy,Tile:10,Tile:3,Tile:13,Tile:7,Bonus,Tile:0,Tile:7,Tile:10,Tile:12,Tile:7,Tile:6,Tile:2,Tile:14,Tile:5,Tile:5,Malus,Malus,Tile:4,Bonus,Tile:0,Tile:8,Tile:11,Map,Destroy,Tile:8-Tile:5,Bonus,Tile:1,Tile:5,Map,Tile:8,Tile:6-Tile:8,Tile:6,Tile:9,Tile:10,Tile:7,Tile:9,Tile:8-Tile:nugget,Tile:hidden1,Tile:hidden2
Map 12 3 1
Tile:8 5 4 0
Tile:5 4 4 1
Tile:8 6 5 0
Tile:6_flip 6 4 1
Map 12 3 0
Destroy 4 4 1
Drop 4 0 0
Tile:0 4 5 1
Tile:6 7 4 0
Tile:9 5 3 1
Tile:6_flip 7 3 0
Tile:8 5 2 1
Tile:9_flip 8 3 0
Tile:1 6 2 1
Tile:10 5 1 0
Map 12 5 1
Tile:0 4 4 0
Drop 5 0 1
Tile:7_flip 6 6 0
Tile:6_flip 7 5 1
Drop 0 0 0
Tile:13 4 2 1
Tile:9_flip 5 0 0
Tile:5 3 5 1
Destroy 4 2 0
Map 12 3 1
Tile:10 8 2 0
Drop 6 0 1
Tile:0 8 5 0
Tile:12 7 2 1
Tile:5_flip 9 5 0
Tile:5 9 4 1
Tile:7_flip 4 0 0
Tile:14_flip 4 2 1
Tile:7 8 1 0
Tile:10 5 6 1
Tile:3_flip 3 4 0
Tile:8 3 3 1
Tile:7 3 2 0
Drop 6 0 1
Destroy 9 5 0
Drop 6 0 1
Tile:2_flip 3 6 0
Tile:7 10 4 1
Tile:11_flip 5 7 0
Tile:15 10 5 1
Tile:0 6 3 0
Drop 2 0 1
Drop 0 0 0
Drop 0 0 1
Tile:4_flip 10 6 0
Drop 1 0 1
Drop 0 0 0
Drop 0 0 1
GAMEOVER DRAW
# Game ended: Sun Apr 05 20:01:16 EDT 2020
