# Server version 0.08 running on localhost:8123
# Game ID: 52
# Board class: Saboteur.SaboteurBoard
# Timeout: 20000
# First Move Timeout: 30000
# Date: Sun Mar 29 23:05:36 EDT 2020
# Player 1: Player-0, '260729805', running on localhost
# Player 2: Player-1, 'RandomPlayer', running on localhost
START Player-0 260729805
START Player-1 RandomPlayer
BoardInit:Tile:0,Map,Tile:9,Tile:6,Map,Tile:0,Tile:10,Bonus,Tile:0,Tile:8,Tile:5,Map,Tile:7,Bonus,Tile:7,Tile:3,Map,Tile:9,Tile:1,Tile:12,Tile:15,Tile:7,Tile:10,Malus,Tile:9,Map,Destroy,Tile:8,Tile:0,Tile:5,Tile:10,Destroy,Tile:2,Tile:6,Tile:6,Tile:5,Tile:7,Tile:6,Destroy,Tile:9,Tile:4-Tile:5,Tile:9,Malus,Tile:13,Tile:14,Map,Tile:11-Tile:7,Tile:6,Tile:8,Bonus,Tile:8,Tile:8,Bonus-Tile:hidden1,Tile:nugget,Tile:hidden2
Malus 0 0 1
Drop 5 0 0
Map 12 3 1
Drop 1 0 0
Tile:11 4 5 1
Drop 6 0 0
Tile:13 5 6 1
Bonus 0 0 0
Tile:9_flip 5 4 1
Tile:8 5 7 0
Tile:9 4 6 1
Tile:7 5 3 0
Drop 4 0 1
Tile:8 6 7 0
Drop 5 0 1
Drop 2 0 0
Tile:14 5 8 1
Drop 0 0 0
Tile:7_flip 6 8 1
Map 12 3 0
Tile:0 7 7 1
Tile:8 6 6 0
Map 12 7 1
Tile:7_flip 4 3 0
Tile:5_flip 8 7 1
Drop 4 0 0
Tile:9 4 7 1
Tile:3 7 8 0
Tile:10 8 6 1
Map 12 3 0
Destroy 6 8 1
Tile:12 7 6 0
Tile:7 6 5 1
Map 12 5 0
Map 12 3 1
Tile:5 4 4 0
Tile:2_flip 4 8 1
Destroy 4 3 0
Tile:0 3 8 1
Tile:6 4 3 0
Tile:7_flip 2 8 1
Tile:6_flip 3 3 0
Tile:4_flip 7 9 1
Tile:8 4 2 0
Destroy 8 7 1
Drop 3 0 0
Tile:6 5 2 1
Tile:9_flip 6 2 0
Tile:10 3 4 1
Malus 0 0 0
Drop 0 0 1
Drop 0 0 0
Drop 1 0 1
Drop 0 0 0
Drop 0 0 1
GAMEOVER DRAW
# Game ended: Sun Mar 29 23:05:36 EDT 2020
