# Server version 0.08 running on macbook-pro-5.local:8123
# Game ID: 998
# Board class: Saboteur.SaboteurBoard
# Timeout: 2000000000
# First Move Timeout: 30000
# Date: Sat Apr 11 13:08:53 EDT 2020
# Player 1: Player-0, '260729805', running on localhost
# Player 2: Player-1, 'RandomPlayer', running on localhost
START Player-0 260729805
START Player-1 RandomPlayer
BoardInit:Tile:4,Tile:9,Map,Tile:7,Bonus,Tile:8,Destroy,Tile:15,Tile:10,Tile:1,Tile:7,Tile:14,Tile:6,Map,Map,Tile:10,Tile:9,Tile:8,Tile:12,Destroy,Tile:6,Map,Tile:9,Tile:10,Tile:7,Tile:8,Malus,Tile:5,Tile:6,Tile:5,Tile:7,Bonus,Tile:13,Tile:6,Tile:0,Tile:5,Tile:0,Destroy,Tile:9,Tile:9,Map-Tile:8,Bonus,Tile:0,Bonus,Tile:0,Tile:3,Map-Tile:11,Tile:2,Tile:5,Tile:7,Tile:6,Tile:8,Malus-Tile:hidden1,Tile:nugget,Tile:hidden2
Tile:3 5 4 1
Tile:5_flip 6 5 0
Tile:4 6 4 1
Tile:7_flip 5 6 0
Tile:0 4 5 1
Tile:6_flip 6 6 0
Tile:8 6 7 1
Tile:7 7 6 0
Map 12 7 1
Tile:8 7 7 0
Drop 4 0 1
Tile:9_flip 8 7 0
Map 12 3 1
Tile:8 8 8 0
Destroy 8 8 1
Map 12 3 0
Tile:7_flip 4 4 1
Tile:10 8 6 0
Tile:9 4 3 1
Tile:8 8 5 0
Tile:0 5 7 1
Destroy 8 7 0
Tile:6 4 7 1
Map 12 5 0
Drop 2 0 1
Tile:10 7 8 0
Map 12 3 1
Tile:8 8 7 0
Drop 4 0 1
Tile:5_flip 9 5 0
Tile:6 7 9 1
Tile:5 9 4 0
Tile:7_flip 8 8 1
Tile:11_flip 10 4 0
Tile:6_flip 8 9 1
Tile:6 9 7 0
Drop 6 0 1
Tile:5 9 6 0
Tile:7_flip 7 5 1
Destroy 8 9 0
Tile:13 6 9 1
Tile:9_flip 10 6 0
Tile:12_flip 3 7 1
Tile:15 10 5 0
Drop 4 0 1
Tile:2 10 3 0
Map 12 3 1
Tile:1 11 3 0
Tile:0 9 3 1
Tile:14 10 7 0
Drop 0 0 1
Drop 1 0 0
Malus 0 0 1
Malus 0 0 0
Bonus 0 0 1
GAMEOVER DRAW
# Game ended: Sat Apr 11 13:08:55 EDT 2020
