# Server version 0.08 running on localhost:8123
# Game ID: 284
# Board class: Saboteur.SaboteurBoard
# Timeout: 2000000000
# First Move Timeout: 30000
# Date: Fri Apr 03 02:59:03 EDT 2020
# Player 1: Player-0, '260729805', running on localhost
# Player 2: Player-1, 'Human', running on localhost
START Player-0 260729805
START Player-1 Human
BoardInit:Tile:11,Tile:0,Tile:9,Tile:10,Map,Map,Tile:10,Tile:9,Map,Tile:15,Tile:9,Bonus,Map,Bonus,Tile:9,Tile:7,Tile:5,Tile:5,Bonus,Tile:8,Tile:7,Tile:5,Tile:4,Destroy,Tile:0,Tile:1,Tile:7,Tile:3,Tile:12,Tile:8,Map,Tile:8,Tile:0,Tile:6,Destroy,Bonus,Tile:6,Tile:7,Tile:7,Tile:10,Tile:2-Tile:6,Tile:9,Tile:6,Tile:8,Malus,Destroy,Tile:6-Map,Malus,Tile:0,Tile:8,Tile:14,Tile:13,Tile:5-Tile:hidden1,Tile:hidden2,Tile:nugget
Tile:8 6 5 1
Map 12 3 0
Tile:6 7 5 1
Tile:0 8 5 0
Tile:6 9 5 1
Tile:8 9 4 0
Map 12 5 1
Map 12 3 0
Tile:6 10 4 1
Tile:5 9 3 0
Map 12 7 1
Tile:0 8 4 0
Drop 3 0 1
Tile:9 7 4 0
Drop 1 0 1
Tile:10 7 3 0
Drop 6 0 1
Tile:7 7 2 0
Destroy 9 3 1
Tile:5 9 3 0
Map 12 3 1
Tile:8 6 6 0
Tile:7 10 3 1
Tile:5_flip 6 7 0
GAMEOVER USER CANCEL UNDECIDED
# Game ended: Fri Apr 03 03:00:35 EDT 2020
