# Server version 0.08 running on localhost:8123
# Game ID: 354
# Board class: Saboteur.SaboteurBoard
# Timeout: 2000000000
# First Move Timeout: 30000
# Date: Sat Apr 04 00:14:53 EDT 2020
# Player 1: Player-0, '260729805', running on localhost
# Player 2: Player-1, 'RandomPlayer', running on localhost
START Player-0 260729805
START Player-1 RandomPlayer
BoardInit:Destroy,Tile:10,Tile:7,Map,Tile:8,Tile:8,Tile:7,Destroy,Tile:0,Map,Map,Tile:7,Tile:9,Tile:9,Bonus,Tile:8,Tile:6,Tile:9,Tile:11,Bonus,Tile:5,Tile:2,Malus,Tile:0,Map,Tile:6,Tile:6,Tile:1,Tile:10,Tile:13,Tile:12,Malus,Tile:10,Bonus,Map,Bonus,Map,Tile:5,Tile:9,Tile:4,Tile:8-Tile:8,Tile:0,Tile:7,Destroy,Tile:6,Tile:0,Tile:5-Tile:14,Tile:3,Tile:9,Tile:7,Tile:6,Tile:5,Tile:15-Tile:hidden2,Tile:nugget,Tile:hidden1
Tile:8 5 6 1
Tile:7 6 5 0
Tile:6 5 7 1
Tile:5 5 4 0
Tile:5 4 5 1
Tile:6 6 4 0
Tile:0 4 7 1
Tile:14 7 4 0
Destroy 4 5 1
Destroy 7 4 0
Tile:0 7 4 1
Tile:3 8 4 0
Tile:7_flip 4 6 1
Tile:7 6 7 0
Tile:0 3 7 1
Tile:15 8 5 0
Tile:8 4 5 1
Drop 6 0 0
Destroy 4 5 1
Drop 6 0 0
Map 12 3 1
Tile:9 6 3 0
Tile:9_flip 6 2 1
Tile:10 6 8 0
Tile:6 6 6 1
Tile:8 7 6 0
Tile:11 5 2 1
Tile:9_flip 8 6 0
Drop 6 0 1
Tile:6 8 7 0
Tile:7 5 1 1
Tile:0 9 7 0
Tile:7_flip 4 1 1
Tile:2_flip 7 3 0
Tile:10 7 2 1
Tile:1 8 3 0
Tile:5_flip 6 9 1
Tile:13 9 3 0
Drop 6 0 1
Tile:5 6 1 0
Tile:12_flip 2 7 1
Tile:4 7 5 0
Tile:9 4 5 1
Drop 5 0 0
Malus 0 0 1
Bonus 0 0 0
Drop 3 0 1
Drop 3 0 0
Tile:10 9 4 1
Drop 2 0 0
Map 12 3 1
Drop 1 0 0
Tile:8 10 7 1
Drop 0 0 0
Drop 0 0 1
GAMEOVER DRAW
# Game ended: Sat Apr 04 00:14:54 EDT 2020
