# Server version 0.08 running on localhost:8123
# Game ID: 375
# Board class: Saboteur.SaboteurBoard
# Timeout: 2000000000
# First Move Timeout: 30000
# Date: Sat Apr 04 00:29:53 EDT 2020
# Player 1: Player-0, '260729805', running on localhost
# Player 2: Player-1, 'RandomPlayer', running on localhost
START Player-0 260729805
START Player-1 RandomPlayer
BoardInit:Bonus,Tile:7,Bonus,Tile:3,Tile:8,Tile:9,Tile:4,Tile:7,Tile:8,Map,Tile:9,Tile:6,Tile:8,Tile:13,Map,Tile:0,Bonus,Map,Tile:11,Tile:14,Bonus,Tile:6,Tile:15,Tile:5,Tile:0,Tile:5,Tile:9,Tile:0,Tile:10,Tile:5,Destroy,Tile:2,Tile:12,Tile:6,Malus,Map,Tile:7,Tile:0,Tile:6,Tile:1,Tile:10-Tile:7,Tile:8,Tile:5,Tile:10,Tile:6,Tile:8,Map-Destroy,Tile:7,Tile:9,Malus,Tile:9,Destroy,Map-Tile:hidden2,Tile:nugget,Tile:hidden1
Tile:8 6 5 1
Map 12 3 0
Tile:5_flip 6 6 1
Tile:7 7 5 0
Tile:8 5 6 1
Tile:7 6 4 0
Tile:7_flip 5 7 1
Destroy 7 5 0
Tile:6_flip 6 7 1
Tile:7 7 5 0
Map 12 5 1
Map 12 5 0
Tile:8 7 7 1
Tile:6 8 7 0
Drop 5 0 1
Tile:3 9 7 0
Tile:8 6 8 1
Tile:0 5 8 0
Tile:8 7 8 1
Destroy 9 7 0
Tile:11 6 9 1
Tile:9_flip 9 7 0
Tile:4 8 6 1
Tile:9 9 6 0
Tile:10 9 5 1
Tile:9_flip 10 6 0
Tile:15 7 6 1
Tile:5 9 4 0
Drop 3 0 1
Tile:5 5 4 0
Tile:10 10 5 1
Tile:5 4 5 0
Destroy 5 4 1
Tile:6_flip 10 4 0
Tile:0 11 4 1
Tile:6 12 4 0
Tile:9_flip 13 3 1
Tile:2 12 2 0
Tile:7_flip 11 2 1
Tile:14 7 9 0
Tile:6 4 6 1
Tile:1 11 3 0
Tile:12_flip 10 3 1
Tile:0 8 8 0
Map 12 5 1
Tile:0 4 8 0
Tile:10 10 7 1
Tile:13 10 8 0
Drop 2 0 1
Drop 2 0 0
Drop 0 0 1
Drop 1 0 0
Malus 0 0 1
Malus 0 0 0
Bonus 0 0 1
GAMEOVER DRAW
# Game ended: Sat Apr 04 00:29:54 EDT 2020
