# Server version 0.08 running on localhost:8123
# Game ID: 1066
# Board class: Saboteur.SaboteurBoard
# Timeout: 2000000000
# First Move Timeout: 30000
# Date: Sun Apr 12 20:30:26 EDT 2020
# Player 1: Player-0, '260729805', running on localhost
# Player 2: Player-1, 'RandomPlayer', running on localhost
START Player-0 260729805
START Player-1 RandomPlayer
BoardInit:Tile:7,Map,Malus,Tile:11,Destroy,Tile:7,Tile:8,Tile:6,Tile:5,Bonus,Tile:6,Tile:6,Malus,Tile:6,Tile:8,Destroy,Tile:10,Tile:9,Tile:0,Tile:7,Tile:9,Tile:14,Tile:7,Bonus,Tile:3,Map,Tile:8,Tile:2,Tile:13,Tile:0,Tile:1,Destroy,Tile:9,Map,Tile:9,Tile:6,Map,Tile:0,Tile:0,Tile:10,Tile:8-Map,Tile:10,Tile:5,Tile:4,Bonus,Tile:5,Map-Tile:8,Tile:9,Tile:12,Tile:15,Tile:7,Bonus,Tile:5-Tile:nugget,Tile:hidden2,Tile:hidden1
Drop 2 0 1
Tile:8 5 6 0
Map 12 5 1
Tile:7_flip 5 7 0
Tile:7_flip 4 5 1
Tile:5 4 6 0
Tile:10 4 7 1
Tile:11_flip 4 4 0
Tile:4 5 4 1
Tile:12_flip 3 4 0
Drop 1 0 1
Tile:9_flip 4 8 0
Drop 0 0 1
Tile:6 6 5 0
Tile:5_flip 6 7 1
Drop 2 0 0
Tile:8 7 5 1
Destroy 4 6 0
Destroy 5 6 1
Tile:9 5 6 0
Tile:6_flip 8 5 1
Tile:6_flip 6 6 0
Tile:9_flip 4 3 1
Tile:7 7 4 0
Drop 0 0 1
Tile:6 7 6 0
Tile:7_flip 3 3 1
Drop 0 0 0
Drop 2 0 1
Tile:7 4 6 0
Tile:10 4 2 1
Tile:2_flip 4 9 0
Drop 1 0 1
Destroy 4 7 0
Tile:9 6 4 1
Tile:0 3 9 0
Drop 3 0 1
Map 12 7 0
Tile:1 3 6 1
Drop 2 0 0
Drop 2 0 1
Tile:6_flip 2 6 0
Tile:0 2 9 1
Map 12 7 0
Tile:8 8 6 1
Drop 3 0 0
Tile:0 9 6 1
Tile:10 4 7 0
Tile:13 10 6 1
Drop 2 0 0
Tile:9_flip 3 2 1
Drop 0 0 0
Map 12 7 1
Drop 0 0 0
Malus 0 0 1
GAMEOVER DRAW
# Game ended: Sun Apr 12 20:30:26 EDT 2020
