# Server version 0.08 running on macbook-pro-5.local:8123
# Game ID: 631
# Board class: Saboteur.SaboteurBoard
# Timeout: 2000000000
# First Move Timeout: 30000
# Date: Thu Apr 09 00:09:20 EDT 2020
# Player 1: Player-0, '260729805', running on macbook-pro-5.local
# Player 2: Player-1, 'Human', running on macbook-pro-5.local
START Player-0 260729805
START Player-1 Human
BoardInit:Malus,Tile:9,Map,Tile:6,Tile:5,Tile:10,Tile:0,Malus,Tile:6,Tile:9,Tile:9,Tile:13,Tile:3,Tile:8,Tile:8,Tile:4,Map,Tile:5,Tile:12,Tile:7,Map,Tile:0,Destroy,Tile:0,Tile:7,Tile:7,Tile:10,Tile:5,Map,Tile:6,Tile:6,Tile:8,Tile:0,Map,Tile:15,Destroy,Tile:9,Bonus,Tile:14,Tile:7,Tile:8-Tile:7,Tile:6,Bonus,Bonus,Tile:11,Tile:1,Destroy-Map,Tile:2,Tile:10,Bonus,Tile:8,Tile:9,Tile:5-Tile:nugget,Tile:hidden2,Tile:hidden1
Tile:7 6 5 1
Map 12 3 0
Tile:6 6 6 1
Tile:5_flip 7 6 0
Map 12 5 1
Tile:6_flip 5 4 0
Tile:5 7 5 1
Tile:8 8 5 0
Tile:0 9 5 1
Tile:10 8 4 0
Drop 2 0 1
Tile:9 8 3 0
