# Server version 0.08 running on 192.168.1.5:8123
# Game ID: 421
# Board class: Saboteur.SaboteurBoard
# Timeout: 2000000000
# First Move Timeout: 30000
# Date: Sat Apr 04 21:25:34 EDT 2020
# Player 1: Player-0, '260729805', running on 192.168.1.5
# Player 2: Player-1, 'Human', running on 192.168.1.5
START Player-0 260729805
START Player-1 Human
BoardInit:Tile:7,Tile:9,Tile:8,Tile:3,Tile:12,Destroy,Map,Tile:0,Destroy,Tile:6,Tile:5,Destroy,Malus,Tile:7,Tile:5,Tile:0,Tile:15,Tile:6,Tile:8,Tile:6,Tile:5,Tile:10,Tile:9,Tile:0,Bonus,Tile:13,Tile:7,Tile:1,Tile:8,Tile:7,Tile:10,Tile:5,Map,Bonus,Tile:11,Tile:9,Tile:7,Tile:0,Malus,Bonus,Tile:14-Map,Tile:9,Tile:9,Tile:10,Map,Tile:8,Tile:8-Tile:4,Bonus,Tile:6,Map,Tile:6,Map,Tile:2-Tile:nugget,Tile:hidden1,Tile:hidden2
Tile:8 6 5 1
Map 12 3 0
Tile:8 6 6 1
Tile:6 7 5 0
Map 12 7 1
Tile:4 7 4 0
Tile:8 8 5 1
Tile:6 9 5 0
Tile:7 10 5 1
Tile:0 7 6 0
Tile:9 10 6 1
Tile:6_flip 9 4 0
Destroy 9 4 1
Destroy 10 6 0
Drop 6 0 1
Tile:7 9 4 0
Tile:10 10 6 1
Tile:0 4 5 0
Tile:9 10 7 1
Tile:6 11 7 0
Drop 1 0 1
Tile:9 12 6 0
