# Server version 0.08 running on macbook-pro-5.local:8123
# Game ID: 863
# Board class: Saboteur.SaboteurBoard
# Timeout: 2000000000
# First Move Timeout: 30000
# Date: Fri Apr 10 23:39:57 EDT 2020
# Player 1: Player-0, '260729805', running on macbook-pro-5.local
# Player 2: Player-1, 'RandomPlayer', running on macbook-pro-5.local
START Player-0 260729805
START Player-1 RandomPlayer
BoardInit:Tile:8,Tile:8,Tile:7,Tile:8,Bonus,Malus,Tile:8,Tile:8,Tile:0,Map,Bonus,Tile:9,Map,Tile:8,Tile:4,Tile:7,Malus,Tile:8,Tile:10,Tile:7,Malus,Tile:8,Malus,Tile:10,Tile:8,Tile:14,Tile:10,Map,Tile:5,Tile:9,Tile:6,Tile:5,Malus,Malus,Tile:9,Malus,Bonus,Tile:2,Tile:8,Tile:15,Tile:12,Map,Tile:8,Tile:0,Tile:8,Tile:0,Tile:11,Tile:8,Malus,Tile:5,Tile:6,Tile:0,Tile:8,Malus,Tile:6,Bonus,Destroy,Tile:1,Tile:8,Malus,Map,Tile:8,Tile:8,Malus,Destroy,Tile:3,Malus,Tile:5-Tile:6,Tile:8,Tile:13,Tile:8,Malus,Tile:9,Tile:7-Tile:8,Map,Tile:7,Tile:6,Destroy,Tile:8,Tile:9-Tile:nugget,Tile:hidden2,Tile:hidden1
Tile:8 6 5 1
Map 12 3 0
Tile:9_flip 7 5 1
Tile:7 7 4 0
Tile:6_flip 6 4 1
Tile:6 7 6 0
Tile:8 5 4 1
Malus 0 0 0
Drop 0 0 1
Tile:8 8 6 0
Drop 4 0 1
Tile:8 9 6 0
Drop 3 0 1
Tile:9 9 5 0
Map 12 7 1
Tile:8 10 5 0
Drop 6 0 1
Tile:7 10 4 0
Drop 3 0 1
Tile:9_flip 11 5 0
Malus 0 0 1
Destroy 10 4 0
Malus 0 0 1
Drop 6 0 0
Drop 4 0 1
Drop 6 0 0
Drop 3 0 1
Drop 6 0 0
Drop 2 0 1
Drop 6 0 0
Drop 4 0 1
Drop 6 0 0
Drop 6 0 1
Drop 6 0 0
Drop 3 0 1
Malus 0 0 0
Drop 3 0 1
Malus 0 0 0
Malus 0 0 1
Drop 6 0 0
Drop 4 0 1
Drop 6 0 0
Bonus 0 0 1
Drop 6 0 0
Drop 4 0 1
Drop 6 0 0
Drop 0 0 1
Drop 6 0 0
Malus 0 0 1
Drop 6 0 0
Drop 2 0 1
Drop 6 0 0
Drop 4 0 1
Drop 6 0 0
Drop 1 0 1
Malus 0 0 0
Drop 1 0 1
Bonus 0 0 0
Malus 0 0 1
Drop 6 0 0
Drop 1 0 1
Malus 0 0 0
Destroy 6 5 1
Drop 6 0 0
Drop 1 0 1
Malus 0 0 0
Destroy 6 4 1
Drop 6 0 0
Drop 0 0 1
Drop 6 0 0
Drop 0 0 1
Drop 5 0 0
Drop 2 0 1
Drop 4 0 0
Malus 0 0 1
Drop 3 0 0
Drop 2 0 1
Drop 2 0 0
Drop 0 0 1
Drop 1 0 0
Drop 0 0 1
Drop 0 0 0
GAMEOVER DRAW
# Game ended: Fri Apr 10 23:39:57 EDT 2020
