# Server version 0.08 running on localhost:8123
# Game ID: 18
# Board class: Saboteur.SaboteurBoard
# Timeout: 20000
# First Move Timeout: 30000
# Date: Fri Mar 27 14:46:16 EDT 2020
# Player 1: Player-0, '260729805', running on localhost
# Player 2: Player-1, 'RandomPlayer', running on localhost
START Player-0 260729805
START Player-1 RandomPlayer
BoardInit:Tile:10,Destroy,Tile:0,Tile:13,Bonus,Tile:7,Tile:8,Map,Tile:8,Tile:6,Bonus,Tile:0,Tile:4,Malus,Tile:6,Map,Bonus,Map,Tile:10,Tile:9,Tile:5,Destroy,Tile:7,Tile:7,Tile:9,Tile:0,Tile:9,Tile:5,Tile:7,Map,Malus,Tile:6,Tile:2,Tile:8,Tile:9,Tile:12,Tile:5,Tile:5,Tile:14,Tile:8,Tile:8-Tile:10,Tile:6,Tile:6,Destroy,Bonus,Tile:11,Tile:9-Tile:7,Tile:3,Map,Tile:15,Map,Tile:1,Tile:0-Tile:nugget,Tile:hidden1,Tile:hidden2
Tile:11_flip 6 5 1
Tile:7 6 4 0
Tile:6 6 6 1
Drop 1 0 0
Tile:6_flip 7 6 1
Drop 4 0 0
Drop 6 0 1
Drop 2 0 0
Tile:9_flip 7 7 1
Drop 2 0 0
Destroy 6 6 1
Drop 1 0 0
Tile:10 7 8 1
Tile:13 8 6 0
Tile:4_flip 8 7 1
Destroy 7 8 0
Tile:6_flip 4 5 1
Drop 5 0 0
Tile:8 5 4 1
Tile:0 9 6 0
Tile:8 6 6 1
Tile:7_flip 4 4 0
Drop 1 0 1
Tile:3 10 6 0
Drop 0 0 1
Drop 4 0 0
Tile:7 4 3 1
Destroy 6 6 0
Tile:9_flip 4 6 1
Tile:5_flip 7 8 0
Tile:9 5 3 1
Tile:6 6 8 0
Malus 0 0 1
Map 12 5 0
Tile:7_flip 3 6 1
Map 12 3 0
Drop 3 0 1
Drop 5 0 0
Tile:9 3 3 1
Map 12 7 0
Drop 0 0 1
Drop 6 0 0
Tile:2 5 2 1
Map 12 5 0
Drop 4 0 1
Drop 3 0 0
Tile:5_flip 3 4 1
Drop 0 0 0
Tile:5 3 2 1
Drop 2 0 0
Tile:8 2 4 1
Drop 0 0 0
Drop 1 0 1
Drop 0 0 0
Drop 0 0 1
GAMEOVER DRAW
# Game ended: Fri Mar 27 14:46:16 EDT 2020
