# Server version 0.08 running on localhost:8123
# Game ID: 478
# Board class: Saboteur.SaboteurBoard
# Timeout: 2000000000
# First Move Timeout: 30000
# Date: Sun Apr 05 16:00:50 EDT 2020
# Player 1: Player-0, '260729805', running on localhost
# Player 2: Player-1, 'RandomPlayer', running on localhost
START Player-0 260729805
START Player-1 RandomPlayer
BoardInit:Tile:9,Bonus,Tile:6,Tile:9,Tile:0,Tile:11,Tile:7,Tile:10,Tile:8,Tile:9,Tile:12,Tile:0,Tile:8,Bonus,Tile:10,Tile:14,Map,Destroy,Tile:7,Tile:0,Tile:7,Tile:8,Tile:10,Tile:2,Tile:1,Tile:7,Tile:4,Map,Tile:9,Malus,Tile:6,Tile:8,Map,Tile:9,Tile:5,Tile:0,Tile:5,Bonus,Destroy,Tile:3,Tile:6-Tile:6,Tile:6,Map,Map,Tile:7,Bonus,Tile:8-Tile:13,Tile:15,Destroy,Tile:5,Malus,Tile:5,Map-Tile:nugget,Tile:hidden2,Tile:hidden1
Tile:7 6 5 1
Map 12 3 0
Tile:8 4 5 1
Tile:5_flip 6 6 0
Tile:9 4 4 1
Tile:5_flip 4 6 0
Tile:6_flip 3 6 1
Destroy 6 5 0
Tile:7_flip 3 7 1
Tile:13 5 4 0
Tile:6_flip 4 7 1
Tile:11_flip 6 4 0
Drop 4 0 1
Tile:0 5 7 0
Tile:12 6 7 1
Tile:15 6 3 0
Drop 0 0 1
Tile:14_flip 6 2 0
Tile:6 7 2 1
Destroy 6 4 0
Tile:8 6 5 1
Tile:9_flip 6 4 0
Drop 1 0 1
Tile:9 2 6 0
Map 12 7 1
Tile:8 8 2 0
Tile:10 8 1 1
Tile:10 8 3 0
Tile:10 8 4 1
Tile:7_flip 5 6 0
Tile:7 5 3 1
Tile:0 9 2 0
Tile:6_flip 10 2 1
Tile:8 11 2 0
Tile:7_flip 10 3 1
Tile:9_flip 11 3 0
Tile:5 8 0 1
Tile:0 12 2 0
Tile:9_flip 11 1 1
Tile:2_flip 11 4 0
Drop 6 0 1
Tile:3 12 4 0
Tile:8 11 0 1
Drop 5 0 0
Tile:1 13 2 1
Drop 4 0 0
Tile:6 10 1 1
Drop 3 0 0
Map 12 5 1
Drop 2 0 0
Tile:4 2 5 1
Drop 1 0 0
Tile:5_flip 12 0 1
Malus 0 0 0
Map 12 5 1
GAMEOVER DRAW
# Game ended: Sun Apr 05 16:01:03 EDT 2020
