# Server version 0.08 running on macbook-pro-5.local:8123
# Game ID: 805
# Board class: Saboteur.SaboteurBoard
# Timeout: 2000000000
# First Move Timeout: 30000
# Date: Thu Apr 09 02:18:12 EDT 2020
# Player 1: Player-0, '260729805', running on macbook-pro-5.local
# Player 2: Player-1, 'RandomPlayer', running on macbook-pro-5.local
START Player-0 260729805
START Player-1 RandomPlayer
BoardInit:Tile:8,Tile:6,Destroy,Tile:13,Bonus,Tile:8,Tile:8,Map,Tile:7,Tile:7,Tile:9,Bonus,Tile:15,Tile:7,Tile:5,Tile:5,Tile:9,Map,Tile:8,Tile:14,Tile:3,Tile:6,Bonus,Tile:5,Tile:11,Tile:1,Map,Tile:6,Map,Tile:4,Tile:10,Tile:6,Tile:10,Tile:0,Tile:9,Destroy,Tile:9,Bonus,Tile:10,Tile:0,Tile:6-Map,Tile:2,Tile:7,Map,Tile:5,Tile:8,Tile:0-Destroy,Tile:12,Tile:0,Tile:7,Malus,Malus,Tile:9-Tile:nugget,Tile:hidden1,Tile:hidden2
Tile:5_flip 6 5 1
Tile:7 6 4 0
Map 12 5 1
Tile:6 5 6 0
Destroy 6 5 1
Tile:0 6 6 0
Tile:8 7 6 1
Tile:9_flip 8 6 0
Map 12 7 1
Tile:8 8 7 0
Tile:0 9 7 1
Tile:7 10 7 0
Tile:2 8 5 1
Destroy 8 5 0
Tile:8 7 7 1
Tile:7_flip 10 8 0
Tile:9_flip 8 5 1
Tile:5_flip 11 8 0
Tile:5 8 4 1
Tile:12 9 4 0
Tile:9 4 6 1
Tile:14_flip 11 7 0
Tile:8 7 5 1
Tile:6 8 8 0
Drop 0 0 1
Tile:5 6 7 0
Tile:3_flip 6 8 1
Tile:13 7 8 0
Tile:15 4 7 1
Tile:6 6 5 0
Tile:8 7 9 1
Tile:4 7 4 0
Map 12 7 1
Tile:6_flip 5 4 0
Tile:7_flip 7 10 1
Tile:0 8 9 0
Tile:11_flip 9 9 1
Destroy 11 7 0
Tile:10 11 7 1
Tile:1 8 10 0
Tile:9_flip 9 10 1
Tile:0 6 9 0
Tile:9 4 8 1
Drop 5 0 0
Tile:6 4 4 1
Drop 4 0 0
Tile:10 4 3 1
Drop 3 0 0
Map 12 3 1
Drop 2 0 0
Drop 1 0 1
Drop 1 0 0
Tile:10 11 6 1
Malus 0 0 0
Bonus 0 0 1
GAMEOVER DRAW
# Game ended: Thu Apr 09 02:18:13 EDT 2020
