# Server version 0.08 running on macbook-pro-5.local:8123
# Game ID: 603
# Board class: Saboteur.SaboteurBoard
# Timeout: 2000000000
# First Move Timeout: 30000
# Date: Wed Apr 08 23:08:27 EDT 2020
# Player 1: Player-0, '260729805', running on macbook-pro-5.local
# Player 2: Player-1, 'RandomPlayer', running on macbook-pro-5.local
START Player-0 260729805
START Player-1 RandomPlayer
BoardInit:Tile:8,Tile:8,Tile:9,Destroy,Tile:8,Tile:0,Destroy,Tile:8,Tile:6,Tile:8,Destroy,Tile:9,Tile:7,Destroy,Destroy,Tile:8,Tile:6,Tile:14,Tile:6,Tile:3,Map,Tile:5,Tile:0,Tile:10,Tile:8,Destroy,Tile:8,Tile:5,Tile:7,Tile:10,Tile:8,Tile:13,Tile:7,Tile:1,Tile:9,Tile:11,Map,Tile:6,Tile:10,Tile:8,Tile:8,Tile:4,Tile:2,Tile:7,Malus,Map,Destroy,Tile:7,Tile:8,Tile:8,Bonus,Tile:8,Tile:8,Tile:8,Map,Bonus,Malus,Tile:15,Tile:8,Tile:6,Tile:8,Tile:9,Tile:5,Tile:0,Map-Tile:8,Bonus,Tile:0,Map,Bonus,Tile:9,Destroy-Destroy,Tile:12,Destroy,Tile:5,Destroy,Tile:8,Tile:8-Tile:hidden1,Tile:nugget,Tile:hidden2
Map 12 7 1
Tile:5_flip 6 5 0
Drop 1 0 1
Tile:8 6 4 0
Tile:8 4 5 1
Tile:8 7 4 0
Drop 5 0 1
Tile:0 8 4 0
Tile:8 9 4 1
Tile:8 10 4 0
Tile:9 7 5 1
Tile:8 9 5 0
Destroy 7 5 1
Tile:8 9 6 0
Tile:7 10 3 1
Tile:9_flip 10 6 0
Destroy 6 4 1
Tile:8 6 4 0
Tile:8 9 3 1
Tile:12_flip 8 5 0
Tile:6_flip 3 5 1
Destroy 8 5 0
Destroy 9 4 1
Tile:5 7 3 0
Tile:0 8 3 1
Tile:10 9 2 0
Tile:6 4 6 1
Tile:14 9 7 0
Destroy 10 6 1
Tile:5 9 1 0
Tile:7 10 6 1
Tile:10 7 5 0
Tile:8 3 6 1
Destroy 9 7 0
Tile:8 9 4 1
Tile:3_flip 9 7 0
Tile:7 6 3 1
Destroy 9 7 0
Tile:9 8 6 1
Tile:6 9 7 0
Tile:8 5 4 1
Tile:8 10 1 0
Tile:8 2 5 1
Destroy 10 6 0
Tile:6 8 7 1
Tile:13 4 4 0
Tile:2_flip 10 5 1
Destroy 9 4 0
Map 12 3 1
Tile:4 2 4 0
Destroy 9 1 1
Tile:8 11 5 0
Malus 0 0 1
Destroy 2 4 0
Tile:10 3 7 1
Map 12 3 0
Tile:8 9 1 1
Bonus 0 0 0
Tile:8 5 3 1
Tile:8 2 6 0
Tile:0 7 7 1
Tile:6 3 4 0
Map 12 7 1
Tile:1 10 7 0
Tile:8 6 7 1
Tile:7_flip 5 7 0
Tile:8 9 4 1
Tile:8 3 8 0
Tile:5_flip 11 7 1
Tile:11_flip 3 3 0
Drop 1 0 1
Tile:0 1 6 0
Drop 0 0 1
Tile:9_flip 5 6 0
Map 12 3 1
Tile:7_flip 8 1 0
Drop 1 0 1
Tile:15 2 7 0
Malus 0 0 1
GAMEOVER DRAW
# Game ended: Wed Apr 08 23:09:08 EDT 2020
