# Server version 0.08 running on localhost:8123
# Game ID: 349
# Board class: Saboteur.SaboteurBoard
# Timeout: 2000000000
# First Move Timeout: 30000
# Date: Sat Apr 04 00:08:08 EDT 2020
# Player 1: Player-0, '260729805', running on localhost
# Player 2: Player-1, 'RandomPlayer', running on localhost
START Player-0 260729805
START Player-1 RandomPlayer
BoardInit:Map,Tile:10,Tile:7,Tile:14,Map,Tile:0,Map,Map,Tile:7,Tile:5,Tile:8,Tile:7,Tile:8,Tile:8,Bonus,Tile:13,Bonus,Map,Tile:6,Destroy,Tile:6,Tile:0,Tile:12,Map,Tile:3,Tile:6,Tile:5,Tile:6,Tile:15,Bonus,Tile:9,Destroy,Tile:8,Tile:8,Tile:0,Tile:1,Tile:9,Tile:4,Malus,Destroy,Tile:10-Tile:7,Tile:7,Tile:9,Tile:5,Tile:10,Tile:5,Malus-Tile:9,Tile:0,Tile:2,Bonus,Tile:9,Tile:11,Tile:6-Tile:hidden2,Tile:hidden1,Tile:nugget
Tile:10 5 6 1
Tile:0 6 5 0
Tile:9 4 5 1
Tile:6 7 5 0
Drop 2 0 1
Tile:2 8 5 0
Map 12 3 1
Tile:11_flip 9 5 0
Map 12 5 1
Tile:14 9 6 0
Tile:7_flip 8 6 1
Tile:5 7 4 0
Tile:5_flip 4 6 1
Tile:0 8 4 0
Map 12 3 1
Tile:7 9 4 0
Tile:7_flip 5 7 1
Tile:13 6 7 0
Tile:7_flip 6 8 1
Drop 6 0 0
Tile:8 7 8 1
Tile:9 5 4 0
Tile:8 5 3 1
Tile:9_flip 6 3 0
Tile:7 8 8 1
Tile:10 6 2 0
Tile:12_flip 3 6 1
Tile:8 6 1 0
Tile:3_flip 5 1 1
Tile:0 7 1 0
Tile:6_flip 6 0 1
Tile:6 8 1 0
Tile:9_flip 8 9 1
Drop 6 0 0
Tile:5_flip 6 4 1
Tile:8 9 1 0
Tile:8 7 9 1
Drop 6 0 0
Tile:0 6 9 1
Tile:4_flip 9 2 0
Tile:9 7 10 1
Drop 6 0 0
Tile:6 4 3 1
Tile:6 10 1 0
Tile:15 9 0 1
Destroy 9 5 0
Tile:10 8 0 1
Drop 3 0 0
Drop 0 0 1
Drop 2 0 0
Drop 0 0 1
Drop 1 0 0
Malus 0 0 1
Bonus 0 0 0
Drop 0 0 1
GAMEOVER DRAW
# Game ended: Sat Apr 04 00:08:10 EDT 2020
