# Server version 0.08 running on localhost:8123
# Game ID: 509
# Board class: Saboteur.SaboteurBoard
# Timeout: 2000000000
# First Move Timeout: 30000
# Date: Sun Apr 05 18:23:01 EDT 2020
# Player 1: Player-0, '260729805', running on localhost
# Player 2: Player-1, 'RandomPlayer', running on localhost
START Player-0 260729805
START Player-1 RandomPlayer
BoardInit:Tile:6,Tile:3,Map,Tile:7,Map,Tile:4,Tile:13,Tile:9,Tile:0,Tile:9,Tile:0,Destroy,Tile:5,Map,Tile:9,Destroy,Malus,Tile:8,Tile:2,Tile:7,Tile:6,Tile:6,Tile:5,Tile:15,Map,Tile:10,Tile:5,Tile:10,Tile:10,Tile:12,Tile:9,Tile:1,Map,Tile:8,Tile:7,Tile:11,Bonus,Map,Malus,Tile:14,Tile:6-Destroy,Tile:8,Tile:8,Bonus,Tile:9,Tile:5,Tile:8-Tile:7,Tile:0,Bonus,Tile:6,Bonus,Tile:0,Tile:7-Tile:hidden2,Tile:hidden1,Tile:nugget
Tile:8 5 6 1
Tile:0 6 6 0
Destroy 6 6 1
Tile:6 6 6 0
Tile:6_flip 4 6 1
Tile:0 7 6 0
Tile:5_flip 4 7 1
Tile:7_flip 3 6 0
Drop 2 0 1
Tile:7_flip 5 7 0
Tile:8 8 6 1
Tile:7_flip 8 7 0
Tile:13 9 6 1
Destroy 9 6 0
Tile:5 3 7 1
Map 12 3 0
Tile:0 6 7 1
Tile:3 9 6 0
Tile:9_flip 5 4 1
Destroy 9 6 0
Tile:2_flip 4 5 1
Tile:9_flip 9 6 0
Tile:8 9 5 1
Tile:9_flip 10 5 0
Drop 4 0 1
Tile:8 4 4 0
Tile:5 3 4 1
Tile:10 10 6 0
Map 12 5 1
Tile:10 10 4 0
Map 12 3 1
Tile:7_flip 10 7 0
Drop 6 0 1
Tile:6 11 7 0
GAMEOVER WINNER 0
# Game ended: Sun Apr 05 18:24:16 EDT 2020
