# Server version 0.08 running on localhost:8123
# Game ID: 666
# Board class: Saboteur.SaboteurBoard
# Timeout: 2000000000
# First Move Timeout: 30000
# Date: Thu Apr 09 00:58:02 EDT 2020
# Player 1: Player-0, '260729805', running on localhost
# Player 2: Player-1, 'RandomPlayer', running on localhost
START Player-0 260729805
START Player-1 RandomPlayer
BoardInit:Tile:8,Tile:9,Bonus,Tile:5,Bonus,Tile:10,Tile:9,Tile:8,Destroy,Tile:7,Tile:12,Tile:8,Tile:7,Tile:2,Tile:3,Tile:0,Malus,Tile:8,Tile:10,Tile:6,Tile:9,Tile:1,Tile:13,Tile:0,Tile:5,Map,Map,Map,Tile:7,Bonus,Tile:10,Map,Destroy,Tile:6,Tile:14,Map,Tile:4,Tile:6,Tile:0,Map,Bonus-Destroy,Tile:5,Tile:8,Tile:7,Tile:7,Tile:5,Tile:9-Tile:6,Tile:6,Tile:0,Tile:9,Tile:15,Malus,Tile:11-Tile:hidden1,Tile:hidden2,Tile:nugget
Tile:5_flip 6 5 1
Tile:6_flip 6 4 0
Tile:9 5 4 1
Tile:6 7 4 0
Tile:7 8 4 1
Tile:5_flip 8 5 0
Tile:5 7 5 1
Tile:9 7 6 0
Tile:9 7 3 1
Tile:0 8 6 0
Tile:8 4 5 1
Tile:7 4 4 0
Destroy 8 4 1
Tile:9_flip 8 4 0
Tile:7_flip 5 6 1
Tile:8 8 3 0
Tile:7 9 6 1
Tile:15 4 6 0
Destroy 7 6 1
Tile:2 6 6 0
Tile:8 3 4 1
Tile:8 7 6 0
Tile:9 8 2 1
Tile:11 3 5 0
Tile:3 9 3 1
Tile:1 9 2 0
Tile:10 7 2 1
Map 12 3 0
Tile:13 9 7 1
Map 12 5 0
Drop 3 0 1
Tile:10 9 4 0
Tile:10 7 7 1
Tile:8 7 8 0
Destroy 9 7 1
Tile:6 9 7 0
Tile:5_flip 3 6 1
Tile:0 8 8 0
Tile:14 6 7 1
Drop 6 0 0
Tile:7_flip 9 5 1
Drop 6 0 0
Tile:12_flip 5 7 1
Drop 5 0 0
Tile:0 10 7 1
Tile:0 11 7 0
GAMEOVER WINNER 0
# Game ended: Thu Apr 09 00:58:04 EDT 2020
