# Server version 0.08 running on localhost:8123
# Game ID: 416
# Board class: Saboteur.SaboteurBoard
# Timeout: 2000000000
# First Move Timeout: 30000
# Date: Sat Apr 04 02:09:13 EDT 2020
# Player 1: Player-0, '260729805', running on localhost
# Player 2: Player-1, 'RandomPlayer', running on localhost
START Player-0 260729805
START Player-1 RandomPlayer
BoardInit:Tile:7,Tile:7,Tile:13,Tile:0,Tile:5,Tile:10,Malus,Tile:4,Bonus,Destroy,Map,Tile:0,Tile:2,Tile:8,Bonus,Tile:7,Tile:10,Tile:7,Map,Tile:9,Destroy,Tile:6,Tile:6,Tile:3,Tile:6,Tile:14,Map,Tile:7,Map,Destroy,Map,Tile:0,Map,Tile:9,Tile:1,Tile:0,Tile:8,Tile:11,Malus,Tile:8,Tile:12-Tile:5,Tile:8,Bonus,Tile:6,Tile:5,Tile:5,Tile:6-Tile:10,Tile:9,Tile:8,Tile:15,Tile:9,Bonus,Tile:9-Tile:hidden2,Tile:nugget,Tile:hidden1
Tile:6 4 5 1
Tile:9_flip 6 5 0
Drop 5 0 1
Tile:9 5 4 0
Tile:7 6 4 1
Tile:0 3 5 0
Tile:5 5 3 1
Drop 2 0 0
Malus 0 0 1
Bonus 0 0 0
Tile:5_flip 6 3 1
Destroy 4 5 0
Tile:5 6 2 1
Drop 1 0 0
Tile:8 7 2 1
Tile:4 7 1 0
Tile:13 5 6 1
Tile:9_flip 5 7 0
Drop 3 0 1
Drop 5 0 0
Tile:5 4 7 1
Tile:7_flip 7 3 0
Tile:2_flip 2 5 1
Tile:6_flip 1 5 0
Destroy 6 2 1
Tile:0 4 6 0
Tile:6 6 6 1
Tile:3 8 2 0
Map 12 5 1
Tile:10 5 8 0
Map 12 3 1
Tile:14 8 3 0
Map 12 3 1
Drop 3 0 0
Tile:6 0 5 1
Destroy 3 5 0
Tile:10 4 8 1
Tile:7_flip 4 5 0
Map 12 3 1
Tile:11 4 9 0
Drop 6 0 1
Tile:9 3 6 0
Tile:8 4 10 1
Tile:8 5 9 0
Drop 4 0 1
Tile:10 4 4 0
Tile:12 6 9 1
Tile:8 0 4 0
Map 12 7 1
Tile:0 7 6 0
Drop 0 0 1
Tile:0 8 6 0
Drop 1 0 1
Tile:7 4 3 0
Drop 0 0 1
GAMEOVER DRAW
# Game ended: Sat Apr 04 02:09:13 EDT 2020
