# Server version 0.08 running on localhost:8123
# Game ID: 116
# Board class: Saboteur.SaboteurBoard
# Timeout: 20000
# First Move Timeout: 30000
# Date: Tue Mar 31 00:17:35 EDT 2020
# Player 1: Player-0, '260729805', running on localhost
# Player 2: Player-1, 'RandomPlayer', running on localhost
START Player-0 260729805
START Player-1 RandomPlayer
BoardInit:Tile:3,Tile:9,Tile:9,Bonus,Tile:15,Map,Tile:14,Destroy,Malus,Bonus,Tile:9,Tile:9,Tile:5,Tile:2,Tile:13,Tile:10,Tile:0,Tile:8,Tile:7,Bonus,Tile:10,Map,Map,Tile:0,Tile:6,Tile:4,Tile:8,Map,Tile:0,Map,Tile:6,Tile:5,Tile:0,Bonus,Tile:12,Map,Tile:1,Tile:9,Tile:7,Tile:7,Tile:11-Tile:5,Tile:8,Tile:7,Tile:6,Tile:5,Tile:8,Tile:6-Tile:7,Malus,Tile:6,Destroy,Tile:8,Destroy,Tile:10-Tile:nugget,Tile:hidden1,Tile:hidden2
Tile:6 4 5 1
Tile:8 4 4 0
Tile:5 3 4 1
Tile:7 4 3 0
Tile:7 5 4 1
Tile:6 3 3 0
Tile:9 3 5 1
Tile:10 3 2 0
Tile:15 5 6 1
Malus 0 0 0
Malus 0 0 1
Destroy 3 3 0
Drop 0 0 1
Destroy 3 4 0
Drop 0 0 1
Bonus 0 0 0
Drop 5 0 1
Tile:9 3 1 0
Drop 3 0 1
Map 12 3 0
Drop 2 0 1
Destroy 3 1 0
Drop 0 0 1
Tile:9 3 1 0
Drop 4 0 1
Tile:2 3 0 0
Drop 3 0 1
Tile:10 3 6 0
Drop 4 0 1
Tile:8 4 0 0
Drop 0 0 1
Map 12 3 0
Drop 6 0 1
Tile:0 5 0 0
Drop 3 0 1
Tile:4_flip 3 7 0
Drop 3 0 1
Map 12 3 0
Drop 6 0 1
