# Server version 0.08 running on localhost:8123
# Game ID: 289
# Board class: Saboteur.SaboteurBoard
# Timeout: 2000000000
# First Move Timeout: 30000
# Date: Fri Apr 03 03:08:07 EDT 2020
# Player 1: Player-0, '260729805', running on localhost
# Player 2: Player-1, 'RandomPlayer', running on localhost
START Player-0 260729805
START Player-1 RandomPlayer
BoardInit:Tile:5,Tile:3,Malus,Tile:15,Tile:5,Tile:5,Map,Tile:8,Map,Tile:0,Malus,Tile:0,Tile:5,Bonus,Tile:8,Tile:9,Destroy,Tile:14,Tile:9,Map,Tile:1,Tile:8,Destroy,Tile:2,Map,Bonus,Tile:9,Tile:4,Tile:7,Tile:8,Bonus,Bonus,Tile:11,Tile:0,Map,Tile:9,Tile:10,Tile:6,Tile:13,Tile:12,Tile:6-Tile:7,Tile:10,Destroy,Tile:0,Tile:8,Tile:6,Tile:6-Tile:7,Tile:9,Tile:6,Tile:7,Tile:7,Tile:10,Map-Tile:nugget,Tile:hidden2,Tile:hidden1
Tile:6 4 5 1
Map 12 3 0
Tile:8 6 5 1
Tile:7 7 5 0
Drop 2 0 1
Tile:9 7 6 0
Drop 2 0 1
Tile:6 8 6 0
Tile:6_flip 3 5 1
Tile:7 9 6 0
Tile:7 4 4 1
Tile:7_flip 9 7 0
Map 12 3 1
Tile:10 8 5 0
Tile:5 5 4 1
Tile:5 8 4 0
Malus 0 0 1
Bonus 0 0 0
Drop 1 0 1
Tile:8 9 4 0
Tile:9_flip 7 7 1
Map 12 3 0
Tile:5 2 5 1
Tile:0 10 4 0
Tile:10 5 6 1
Tile:9 9 3 0
Map 12 3 1
Tile:8 9 2 0
Destroy 4 5 1
Tile:4_flip 9 5 0
Tile:7_flip 7 8 1
Tile:0 10 2 0
Tile:1 10 7 1
Tile:8 9 1 0
Destroy 9 6 1
Tile:0 10 1 0
Tile:11 9 0 1
Tile:9_flip 11 1 0
Tile:9_flip 6 4 1
Tile:6_flip 9 6 0
Drop 2 0 1
Tile:12 10 6 0
Tile:6 2 6 1
Tile:3 11 7 0
Tile:13 11 2 1
Tile:15 11 3 0
Tile:8 1 6 1
Tile:14 12 2 0
Tile:10 6 6 1
Tile:2 11 0 0
Drop 1 0 1
Drop 1 0 0
Map 12 7 1
Drop 0 0 0
Malus 0 0 1
GAMEOVER DRAW
# Game ended: Fri Apr 03 03:08:08 EDT 2020
