# Server version 0.08 running on localhost:8123
# Game ID: 720
# Board class: Saboteur.SaboteurBoard
# Timeout: 2000000000
# First Move Timeout: 30000
# Date: Thu Apr 09 01:30:32 EDT 2020
# Player 1: Player-0, '260729805', running on localhost
# Player 2: Player-1, 'RandomPlayer', running on localhost
START Player-0 260729805
START Player-1 RandomPlayer
BoardInit:Map,Tile:10,Map,Destroy,Destroy,Tile:9,Malus,Tile:6,Tile:10,Tile:5,Tile:6,Bonus,Tile:10,Tile:6,Tile:7,Tile:14,Tile:0,Map,Tile:6,Tile:7,Tile:1,Tile:6,Bonus,Tile:8,Tile:8,Tile:9,Tile:15,Malus,Tile:3,Tile:9,Tile:7,Map,Tile:9,Tile:7,Tile:0,Tile:12,Tile:5,Map,Tile:0,Tile:9,Tile:2-Tile:11,Tile:5,Tile:5,Tile:0,Destroy,Tile:8,Tile:13-Map,Bonus,Tile:7,Bonus,Tile:8,Tile:8,Tile:4-Tile:hidden1,Tile:hidden2,Tile:nugget
Tile:13 5 4 1
Map 12 3 0
Tile:8 6 5 1
Tile:7 7 5 0
Tile:11_flip 7 6 1
Tile:8 6 6 0
Destroy 7 5 1
Tile:8 7 5 0
Tile:5_flip 6 7 1
Tile:6 8 5 0
Map 12 3 1
Tile:5_flip 9 5 0
Tile:6_flip 4 4 1
Tile:10 9 4 0
Tile:10 5 3 1
Destroy 5 4 0
Tile:10 7 7 1
Tile:4 6 4 0
Tile:7_flip 5 6 1
Tile:14_flip 7 4 0
Tile:0 5 7 1
Drop 6 0 0
Tile:6_flip 9 3 1
Drop 6 0 0
Map 12 5 1
Drop 6 0 0
Tile:5 3 4 1
Drop 6 0 0
Tile:0 10 3 1
Tile:6 11 3 0
Tile:1 8 3 1
Drop 6 0 0
Destroy 3 4 1
Drop 6 0 0
Tile:9 4 7 1
Drop 6 0 0
Tile:7 8 4 1
Tile:12_flip 7 3 0
Tile:3_flip 7 8 1
Drop 6 0 0
Tile:8 12 4 1
Tile:9_flip 12 6 0
GAMEOVER WINNER 0
# Game ended: Thu Apr 09 01:30:34 EDT 2020
