# Server version 0.08 running on localhost:8123
# Game ID: 446
# Board class: Saboteur.SaboteurBoard
# Timeout: 2000000000
# First Move Timeout: 30000
# Date: Sun Apr 05 14:42:49 EDT 2020
# Player 1: Player-0, '260729805', running on localhost
# Player 2: Player-1, 'RandomPlayer', running on localhost
START Player-0 260729805
START Player-1 RandomPlayer
BoardInit:Tile:8,Map,Tile:6,Destroy,Tile:5,Tile:8,Bonus,Tile:10,Tile:9,Tile:7,Tile:14,Tile:9,Tile:0,Tile:2,Tile:9,Tile:3,Tile:7,Tile:0,Tile:5,Tile:6,Tile:5,Tile:8,Bonus,Tile:1,Bonus,Tile:6,Tile:0,Tile:8,Tile:15,Tile:6,Destroy,Malus,Tile:9,Tile:7,Map,Map,Tile:9,Destroy,Tile:6,Tile:13,Map-Bonus,Tile:12,Tile:7,Tile:8,Tile:0,Map,Malus-Tile:7,Tile:10,Map,Tile:5,Tile:10,Tile:11,Tile:4-Tile:hidden2,Tile:hidden1,Tile:nugget
Tile:0 4 5 1
Map 12 3 0
Tile:7_flip 5 6 1
Map 12 5 0
Map 12 5 1
Tile:5_flip 6 6 0
Tile:6_flip 6 5 1
Tile:7_flip 3 5 0
Drop 0 0 1
Tile:4 5 4 0
Tile:5 3 4 1
Tile:7 7 5 0
Tile:12 4 4 1
Tile:11 7 6 0
Tile:8 8 6 1
Tile:2 9 6 0
Tile:9 8 5 1
Tile:3 10 6 0
Tile:9 8 4 1
Tile:0 9 5 0
Tile:7_flip 9 7 1
Tile:10 8 7 0
Tile:5_flip 9 4 1
Tile:10 8 8 0
Tile:5_flip 7 7 1
Tile:8 8 9 0
Tile:8 7 9 1
Tile:9_flip 9 9 0
Tile:14_flip 6 9 1
Tile:10 9 10 0
Tile:0 10 5 1
Tile:8 11 5 0
Destroy 9 4 1
Tile:8 9 11 0
Drop 0 0 1
Tile:6 9 4 0
Tile:9_flip 8 10 1
Tile:6 10 4 0
Tile:9 11 6 1
Tile:6 11 7 0
Tile:6 10 7 1
Destroy 11 7 0
Tile:0 6 7 1
Tile:1 12 6 0
Map 12 5 1
Destroy 12 6 0
Tile:15 10 3 1
Tile:7 12 6 0
Map 12 7 1
Tile:13 11 7 0
Drop 0 0 1
Drop 1 0 0
Drop 1 0 1
Malus 0 0 0
Bonus 0 0 1
GAMEOVER DRAW
# Game ended: Sun Apr 05 14:42:51 EDT 2020
