# Server version 0.08 running on localhost:8123
# Game ID: 956
# Board class: Saboteur.SaboteurBoard
# Timeout: 2000000000
# First Move Timeout: 30000
# Date: Sat Apr 11 02:23:03 EDT 2020
# Player 1: Player-0, '260729805', running on localhost
# Player 2: Player-1, 'RandomPlayer', running on localhost
START Player-0 260729805
START Player-1 RandomPlayer
BoardInit:Tile:6,Bonus,Tile:8,Bonus,Tile:9,Destroy,Tile:5,Destroy,Tile:3,Tile:15,Tile:5,Tile:8,Tile:0,Map,Tile:7,Map,Destroy,Tile:1,Tile:7,Bonus,Malus,Tile:8,Tile:8,Tile:9,Tile:6,Tile:9,Map,Tile:7,Tile:10,Tile:12,Tile:7,Map,Map,Tile:10,Tile:14,Bonus,Tile:8,Tile:5,Tile:2,Tile:9,Tile:9-Tile:5,Tile:0,Malus,Tile:0,Tile:11,Tile:6,Map-Tile:0,Tile:6,Tile:13,Tile:7,Tile:10,Tile:6,Tile:4-Tile:nugget,Tile:hidden1,Tile:hidden2
Tile:6_flip 4 5 1
Tile:0 6 5 0
Tile:11_flip 5 4 1
Tile:6 7 5 0
Drop 1 0 1
Tile:7 8 5 0
Drop 6 0 1
Destroy 8 5 0
Tile:6 8 5 1
Destroy 8 5 0
Drop 0 0 1
Tile:6 8 5 0
Tile:5 5 3 1
Tile:8 9 5 0
Tile:8 5 6 1
Map 12 3 0
Tile:0 4 4 1
Tile:10 9 4 0
Tile:0 10 5 1
Tile:4 9 3 0
Tile:5 7 4 1
Tile:13 11 5 0
Tile:3 11 4 1
Tile:8 9 6 0
Destroy 7 5 1
Tile:9 5 7 0
Tile:7 8 4 1
Tile:9_flip 6 7 0
Tile:6 7 5 1
Tile:7 10 6 0
Tile:7_flip 10 7 1
Tile:12 11 7 0
Tile:7 6 6 1
Tile:15 9 7 0
Tile:8 3 5 1
Tile:10 6 8 0
Tile:14 6 3 1
Tile:1 8 6 0
Tile:8 6 9 1
Tile:5_flip 7 9 0
Drop 2 0 1
Tile:9 7 8 0
Map 12 7 1
Drop 5 0 0
Tile:10 3 6 1
Drop 4 0 0
Tile:2_flip 3 7 1
Drop 3 0 0
Malus 0 0 1
Bonus 0 0 0
Tile:9 4 6 1
Drop 1 0 0
Map 12 7 1
Drop 0 0 0
Map 12 5 1
GAMEOVER DRAW
# Game ended: Sat Apr 11 02:23:03 EDT 2020
