# Server version 0.08 running on localhost:8123
# Game ID: 515
# Board class: Saboteur.SaboteurBoard
# Timeout: 2000000000
# First Move Timeout: 30000
# Date: Sun Apr 05 18:32:25 EDT 2020
# Player 1: Player-0, '260729805', running on localhost
# Player 2: Player-1, 'Human', running on localhost
START Player-0 260729805
START Player-1 Human
BoardInit:Tile:7,Tile:8,Map,Tile:6,Tile:7,Tile:8,Tile:9,Tile:6,Map,Tile:6,Tile:11,Tile:15,Tile:3,Tile:9,Bonus,Map,Tile:12,Map,Tile:0,Malus,Tile:0,Tile:5,Tile:10,Map,Tile:8,Tile:6,Tile:10,Tile:5,Tile:2,Malus,Tile:13,Tile:10,Bonus,Bonus,Map,Tile:9,Tile:8,Bonus,Tile:6,Tile:7,Tile:8-Destroy,Tile:1,Tile:0,Tile:5,Tile:5,Destroy,Tile:14-Tile:9,Tile:7,Tile:4,Tile:7,Destroy,Tile:0,Tile:9-Tile:hidden2,Tile:nugget,Tile:hidden1
Tile:0 6 5 1
Tile:0 7 5 0
Tile:7 8 5 1
Tile:7_flip 8 6 0
Map 12 7 1
Tile:6 9 6 0
Tile:7 10 6 1
Tile:7_flip 10 7 0
GAMEOVER USER CANCEL UNDECIDED
# Game ended: Sun Apr 05 18:33:00 EDT 2020
