# Server version 0.08 running on localhost:8123
# Game ID: 32
# Board class: Saboteur.SaboteurBoard
# Timeout: 20000
# First Move Timeout: 30000
# Date: Sun Mar 29 21:08:48 EDT 2020
# Player 1: Player-0, '260729805', running on localhost
# Player 2: Player-1, 'RandomPlayer', running on localhost
START Player-0 260729805
START Player-1 RandomPlayer
BoardInit:Tile:14,Tile:7,Tile:0,Tile:10,Tile:5,Map,Destroy,Tile:7,Bonus,Tile:1,Tile:15,Tile:6,Map,Tile:2,Tile:8,Tile:7,Tile:11,Tile:6,Destroy,Destroy,Tile:5,Tile:8,Tile:12,Tile:6,Tile:10,Tile:9,Tile:0,Map,Tile:7,Bonus,Tile:7,Tile:8,Tile:6,Tile:0,Tile:8,Map,Tile:10,Malus,Tile:0,Tile:9,Map-Tile:13,Bonus,Tile:8,Tile:4,Tile:9,Tile:3,Malus-Tile:5,Map,Tile:5,Bonus,Tile:9,Tile:9,Tile:6-Tile:hidden1,Tile:hidden2,Tile:nugget
Drop 3 0 1
Tile:9_flip 6 5 0
Tile:9 5 4 1
Tile:5_flip 6 6 0
Tile:8 5 6 1
Tile:6 4 5 0
Drop 2 0 1
Drop 4 0 0
Tile:5 4 6 1
Tile:7 6 4 0
Tile:13 3 5 1
Tile:9_flip 4 7 0
Tile:14_flip 5 3 1
Drop 2 0 0
Destroy 6 5 1
Tile:2 2 5 0
Tile:15 4 4 1
Tile:7_flip 5 7 0
Map 12 3 1
Tile:6_flip 6 7 0
Tile:11 6 8 1
Destroy 5 7 0
Destroy 4 7 1
Tile:6 6 9 0
Tile:0 6 3 1
Tile:6_flip 1 5 0
Tile:5 5 9 1
Tile:8 4 7 0
Tile:8 2 6 1
