# Server version 0.08 running on 192.168.1.5:8123
# Game ID: 223
# Board class: Saboteur.SaboteurBoard
# Timeout: 2000000000
# First Move Timeout: 30000
# Date: Wed Apr 01 21:46:30 EDT 2020
# Player 1: Player-0, '260729805', running on 192.168.1.5
# Player 2: Player-1, 'RandomPlayer', running on 192.168.1.5
START Player-0 260729805
START Player-1 RandomPlayer
BoardInit:Tile:6,Tile:6,Tile:8,Tile:0,Tile:1,Tile:2,Tile:14,Bonus,Destroy,Tile:0,Tile:6,Tile:9,Tile:9,Tile:8,Tile:10,Tile:7,Tile:6,Tile:7,Tile:8,Tile:9,Tile:4,Map,Destroy,Tile:3,Tile:5,Tile:12,Tile:10,Tile:13,Tile:6,Bonus,Map,Tile:7,Tile:5,Map,Tile:0,Tile:7,Tile:8,Map,Tile:7,Tile:8,Tile:15-Bonus,Tile:11,Bonus,Map,Tile:9,Destroy,Tile:0-Tile:5,Tile:5,Tile:10,Malus,Map,Tile:9,Malus-Tile:hidden1,Tile:nugget,Tile:hidden2
Tile:11_flip 5 6 1
Tile:5_flip 6 5 0
Map 12 5 1
Tile:5 6 4 0
Drop 4 0 1
Tile:6 7 4 0
Tile:8 8 4 1
Tile:0 9 4 0
Tile:6 4 5 1
Tile:9_flip 10 4 0
Destroy 10 4 1
Tile:0 10 4 0
Tile:1 11 4 1
Tile:9 8 5 0
Destroy 10 4 1
Tile:8 10 4 0
Tile:6_flip 10 3 1
Tile:7_flip 10 5 0
Tile:6 11 3 1
Tile:10 11 2 0
Tile:9_flip 11 1 1
Tile:9_flip 12 4 0
GAMEOVER WINNER 0
# Game ended: Wed Apr 01 21:47:30 EDT 2020
