# Server version 0.08 running on localhost:8123
# Game ID: 476
# Board class: Saboteur.SaboteurBoard
# Timeout: 2000000000
# First Move Timeout: 30000
# Date: Sun Apr 05 15:55:12 EDT 2020
# Player 1: Player-0, '260729805', running on localhost
# Player 2: Player-1, 'RandomPlayer', running on localhost
START Player-0 260729805
START Player-1 RandomPlayer
BoardInit:Tile:5,Tile:9,Tile:2,Destroy,Tile:10,Tile:7,Tile:10,Map,Tile:0,Tile:9,Tile:3,Malus,Tile:14,Bonus,Tile:6,Tile:7,Tile:1,Tile:8,Tile:6,Tile:0,Destroy,Tile:6,Tile:6,Tile:9,Destroy,Tile:8,Tile:9,Bonus,Tile:8,Tile:0,Map,Map,Malus,Tile:0,Map,Tile:8,Tile:15,Map,Tile:6,Tile:5,Tile:11-Tile:12,Bonus,Tile:5,Tile:13,Tile:7,Tile:4,Map-Tile:7,Tile:8,Tile:10,Tile:7,Bonus,Tile:9,Tile:5-Tile:hidden1,Tile:nugget,Tile:hidden2
Tile:5 5 4 1
Tile:7 6 5 0
Tile:7_flip 6 6 1
Tile:9_flip 7 6 0
Tile:12_flip 4 5 1
Destroy 5 4 0
Tile:2_flip 7 7 1
Drop 2 0 0
Tile:13 8 7 1
Map 12 3 0
Tile:10 7 5 1
Drop 0 0 0
Drop 2 0 1
Drop 1 0 0
Tile:5_flip 9 7 1
Tile:10 8 6 0
Tile:6 8 8 1
Tile:9 9 6 0
Tile:4 8 5 1
Tile:9 7 4 0
Tile:0 8 4 1
Tile:7 9 4 0
Tile:1 7 8 1
Tile:6_flip 6 7 0
Tile:10 5 6 1
Tile:9 6 8 0
Tile:6_flip 5 4 1
Tile:8 7 3 0
Tile:6 6 3 1
Tile:5 6 2 0
Tile:8 6 9 1
Drop 2 0 0
Tile:9 5 9 1
Map 12 5 0
Destroy 6 5 1
Malus 0 0 0
Destroy 7 3 1
Tile:0 7 9 0
Map 12 5 1
Tile:0 8 9 0
Map 12 5 1
Tile:0 9 8 0
Malus 0 0 1
Bonus 0 0 0
Drop 4 0 1
Tile:8 5 10 0
Drop 3 0 1
Tile:5_flip 10 6 0
Drop 2 0 1
Tile:8 10 5 0
Drop 0 0 1
Drop 0 0 0
Drop 1 0 1
Map 12 3 0
Drop 0 0 1
GAMEOVER DRAW
# Game ended: Sun Apr 05 15:55:27 EDT 2020
