# Server version 0.08 running on localhost:8123
# Game ID: 908
# Board class: Saboteur.SaboteurBoard
# Timeout: 2000000000
# First Move Timeout: 30000
# Date: Sat Apr 11 01:45:47 EDT 2020
# Player 1: Player-0, '260729805', running on localhost
# Player 2: Player-1, 'RandomPlayer', running on localhost
START Player-0 260729805
START Player-1 RandomPlayer
BoardInit:Map,Map,Tile:8,Map,Tile:7,Bonus,Tile:7,Tile:14,Tile:14,Tile:5,Tile:11,Tile:7,Map,Tile:0,Tile:9,Tile:14,Tile:5,Tile:14,Map,Tile:14,Tile:14,Malus,Destroy,Tile:14,Tile:5,Map,Tile:0,Tile:6,Malus,Map,Tile:14,Bonus,Tile:14,Tile:14,Map,Tile:8,Tile:14,Tile:1,Tile:8,Tile:0,Tile:9,Map,Bonus,Tile:8,Map,Tile:14,Tile:14,Tile:8,Tile:14,Map,Tile:6,Tile:14,Tile:9,Tile:9,Map,Map,Map,Tile:12,Tile:8,Destroy,Tile:8,Tile:8,Tile:10,Map,Bonus,Tile:4,Tile:6,Tile:10,Map,Bonus,Bonus,Map,Tile:7,Map,Map,Tile:14,Tile:9,Tile:0,Tile:2,Malus,Tile:14,Malus,Tile:6,Tile:8,Tile:10,Map,Tile:15,Tile:7,Tile:13,Tile:14-Tile:8,Malus,Tile:14,Destroy,Tile:14,Tile:5,Tile:3-Tile:14,Tile:6,Map,Map,Map,Bonus,Destroy-Tile:nugget,Tile:hidden2,Tile:hidden1
Drop 3 0 1
Map 12 3 0
Tile:3 5 4 1
Tile:14 6 5 0
Map 12 7 1
Drop 6 0 0
Tile:5_flip 5 6 1
Destroy 5 6 0
Tile:14_flip 4 4 1
Drop 6 0 0
Drop 3 0 1
Tile:6 5 6 0
Tile:8 4 5 1
Tile:7 6 6 0
Drop 3 0 1
Tile:5_flip 6 7 0
Tile:9 6 4 1
Drop 6 0 0
Tile:11 4 6 1
Drop 6 0 0
Tile:14_flip 5 7 1
Drop 6 0 0
Drop 5 0 1
Malus 0 0 0
Map 12 5 1
Drop 6 0 0
Drop 5 0 1
Drop 6 0 0
Drop 6 0 1
Tile:0 7 4 0
Drop 4 0 1
Drop 6 0 0
Drop 6 0 1
Tile:6 8 4 0
Drop 4 0 1
Tile:14 9 4 0
Drop 0 0 1
Tile:8 9 3 0
Map 12 5 1
Tile:1 10 3 0
Drop 4 0 1
Tile:0 11 3 0
Drop 5 0 1
Drop 6 0 0
Drop 2 0 1
Tile:8 9 2 0
Drop 5 0 1
Tile:14 10 2 0
Malus 0 0 1
Bonus 0 0 0
Map 12 7 1
Drop 6 0 0
Drop 6 0 1
Tile:14_flip 10 1 0
Drop 6 0 1
Tile:8 11 1 0
Drop 5 0 1
Drop 6 0 0
Drop 2 0 1
Tile:12_flip 3 5 0
Drop 1 0 1
Destroy 6 7 0
Map 12 7 1
Tile:9_flip 6 7 0
Drop 1 0 1
Drop 6 0 0
Drop 6 0 1
Tile:4_flip 11 2 0
Drop 1 0 1
Tile:8 6 8 0
Map 12 5 1
Tile:10 6 9 0
Drop 3 0 1
Drop 6 0 0
Map 12 5 1
Drop 6 0 0
Map 12 7 1
Tile:14 12 1 0
Drop 2 0 1
Tile:0 7 8 0
Drop 0 0 1
Malus 0 0 0
Drop 6 0 1
Malus 0 0 0
Bonus 0 0 1
Tile:8 8 8 0
Drop 4 0 1
Drop 6 0 0
Drop 1 0 1
Tile:7 8 7 0
Drop 6 0 1
Tile:14_flip 12 0 0
Drop 2 0 1
Drop 5 0 0
Drop 1 0 1
Drop 4 0 0
Drop 1 0 1
Drop 3 0 0
Drop 1 0 1
Drop 2 0 0
Drop 1 0 1
Drop 1 0 0
Drop 0 0 1
Drop 0 0 0
GAMEOVER DRAW
# Game ended: Sat Apr 11 01:45:48 EDT 2020
