# Server version 0.08 running on localhost:8123
# Game ID: 1031
# Board class: Saboteur.SaboteurBoard
# Timeout: 2000000000
# First Move Timeout: 30000
# Date: Sat Apr 11 13:56:49 EDT 2020
# Player 1: Player-0, '260729805', running on localhost
# Player 2: Player-1, 'RandomPlayer', running on localhost
START Player-0 260729805
START Player-1 RandomPlayer
BoardInit:Tile:5,Tile:1,Malus,Bonus,Tile:7,Tile:8,Map,Tile:9,Tile:6,Map,Tile:6,Tile:8,Tile:6,Map,Tile:9,Tile:13,Tile:14,Tile:9,Tile:7,Bonus,Tile:7,Tile:0,Tile:10,Map,Tile:0,Tile:9,Tile:9,Map,Tile:15,Tile:5,Tile:5,Tile:2,Tile:0,Tile:8,Destroy,Tile:7,Malus,Tile:6,Tile:10,Tile:6,Tile:10-Tile:12,Tile:8,Destroy,Tile:11,Bonus,Tile:4,Tile:8-Tile:7,Bonus,Map,Tile:5,Tile:0,Destroy,Tile:3-Tile:hidden1,Tile:hidden2,Tile:nugget
Drop 2 0 1
Map 12 3 0
Tile:12_flip 4 5 1
Destroy 4 5 0
Tile:4_flip 5 6 1
Tile:7 6 5 0
Drop 6 0 1
Tile:5 5 4 0
Tile:8 4 5 1
Tile:9 6 6 0
Tile:6 6 4 1
Map 12 5 0
Drop 0 0 1
Tile:8 7 6 0
Tile:6 6 7 1
Tile:8 8 6 0
Tile:6 3 5 1
Tile:0 9 6 0
Tile:9_flip 10 6 1
Tile:9 8 7 0
Tile:14_flip 5 7 1
Tile:3_flip 10 7 0
Tile:5 3 4 1
Tile:0 11 7 0
Tile:10 8 8 1
Tile:13 10 5 0
Tile:7 6 3 1
Tile:9 8 5 0
Drop 0 0 1
Tile:1 11 5 0
Tile:7 9 7 1
Tile:5 8 4 0
Tile:0 9 5 1
Tile:2 10 4 0
Tile:5_flip 5 8 1
Tile:8 8 9 0
Destroy 5 6 1
Tile:7_flip 9 8 0
Tile:9 2 5 1
Tile:6_flip 10 8 0
Tile:0 11 4 1
Tile:6 10 9 0
Tile:10 8 10 1
Drop 5 0 0
Tile:10 2 4 1
Drop 4 0 0
Map 12 7 1
Drop 3 0 0
Tile:15 4 6 1
Drop 2 0 0
Drop 1 0 1
Drop 1 0 0
Tile:8 7 9 1
Drop 0 0 0
Malus 0 0 1
GAMEOVER DRAW
# Game ended: Sat Apr 11 13:56:50 EDT 2020
