# Server version 0.08 running on macbook-pro-5.local:8123
# Game ID: 889
# Board class: Saboteur.SaboteurBoard
# Timeout: 2000000000
# First Move Timeout: 30000
# Date: Sat Apr 11 00:39:34 EDT 2020
# Player 1: Player-0, '260729805', running on macbook-pro-5.local
# Player 2: Player-1, 'Human', running on macbook-pro-5.local
START Player-0 260729805
START Player-1 Human
BoardInit:Tile:9,Tile:13,Tile:6,Tile:8,Malus,Tile:10,Tile:8,Tile:10,Tile:0,Tile:8,Tile:0,Tile:8,Tile:6,Tile:15,Tile:8,Tile:9,Map,Tile:5,Tile:6,Bonus,Map,Map,Destroy,Tile:8,Tile:9,Map,Bonus,Tile:7,Tile:7,Map,Tile:8,Tile:5,Tile:5,Tile:8,Tile:8,Tile:8,Tile:8,Tile:6,Tile:8,Map,Bonus,Tile:9,Tile:8,Tile:7,Tile:9,Tile:8,Tile:12,Malus,Tile:0,Bonus,Tile:7,Tile:3,Tile:5,Map,Tile:1,Malus,Tile:4,Bonus,Tile:2,Tile:11,Tile:7,Map,Map,Tile:0,Tile:6,Map,Tile:8,Tile:14,Map,Tile:8,Tile:8-Map,Tile:8,Bonus,Map,Tile:8,Map,Tile:8-Destroy,Bonus,Malus,Tile:8,Malus,Destroy,Tile:10-Tile:hidden2,Tile:nugget,Tile:hidden1
Tile:8 6 5 1
Tile:8 7 5 0
Tile:8 8 5 1
Tile:10 8 4 0
Map 12 5 1
Tile:8 9 5 0
Tile:6 10 5 1
Tile:10 10 4 0
Tile:8 10 3 1
Tile:10 9 4 0
Tile:8 10 2 1
Malus 0 0 0
