# Server version 0.08 running on localhost:8123
# Game ID: 617
# Board class: Saboteur.SaboteurBoard
# Timeout: 2000000000
# First Move Timeout: 30000
# Date: Wed Apr 08 23:37:13 EDT 2020
# Player 1: Player-0, '260729805', running on localhost
# Player 2: Player-1, 'RandomPlayer', running on localhost
START Player-0 260729805
START Player-1 RandomPlayer
BoardInit:Malus,Malus,Map,Tile:13,Tile:7,Tile:5,Destroy,Map,Tile:6,Tile:6,Tile:15,Tile:7,Tile:2,Tile:0,Tile:8,Tile:0,Tile:8,Tile:14,Tile:4,Tile:10,Tile:9,Tile:7,Tile:5,Tile:10,Bonus,Tile:10,Tile:12,Tile:1,Map,Tile:3,Tile:6,Tile:6,Tile:8,Destroy,Tile:8,Map,Tile:8,Bonus,Tile:6,Tile:7,Tile:11-Map,Tile:9,Tile:5,Tile:0,Tile:7,Destroy,Bonus-Tile:0,Tile:5,Bonus,Tile:9,Map,Tile:9,Tile:9-Tile:nugget,Tile:hidden2,Tile:hidden1
Map 12 7 1
Map 12 3 0
Drop 1 0 1
Tile:0 6 5 0
Tile:7_flip 4 5 1
Tile:5_flip 7 5 0
Tile:9_flip 7 4 1
Tile:5 7 3 0
Map 12 7 1
Tile:9_flip 8 3 0
Tile:6 6 4 1
Tile:6_flip 8 2 0
Drop 0 0 1
Tile:7 9 2 0
Tile:7 6 3 1
Tile:9 9 3 0
Tile:8 10 3 1
Tile:0 11 3 0
GAMEOVER WINNER 0
# Game ended: Wed Apr 08 23:37:22 EDT 2020
