# Server version 0.08 running on localhost:8123
# Game ID: 788
# Board class: Saboteur.SaboteurBoard
# Timeout: 2000000000
# First Move Timeout: 30000
# Date: Thu Apr 09 02:10:51 EDT 2020
# Player 1: Player-0, '260729805', running on localhost
# Player 2: Player-1, 'RandomPlayer', running on localhost
START Player-0 260729805
START Player-1 RandomPlayer
BoardInit:Tile:10,Tile:14,Malus,Bonus,Tile:12,Tile:7,Tile:1,Tile:9,Tile:0,Tile:6,Tile:11,Malus,Tile:9,Tile:0,Tile:7,Destroy,Map,Tile:2,Tile:0,Tile:6,Bonus,Map,Tile:7,Tile:9,Map,Destroy,Tile:9,Tile:13,Map,Tile:5,Map,Destroy,Tile:8,Tile:7,Tile:6,Bonus,Tile:0,Map,Tile:8,Tile:8,Tile:6-Tile:15,Tile:7,Tile:5,Tile:3,Tile:4,Tile:6,Tile:5-Tile:5,Tile:8,Tile:9,Tile:10,Tile:10,Tile:8,Bonus-Tile:hidden1,Tile:hidden2,Tile:nugget
Tile:6_flip 5 4 1
Tile:5_flip 6 5 0
Tile:5_flip 5 6 1
Tile:8 6 4 0
Tile:3 7 4 1
Tile:9 6 3 0
Drop 2 0 1
Tile:7 6 2 0
Tile:5 5 2 1
Tile:8 4 5 0
Drop 3 0 1
Tile:6 7 3 0
Tile:7_flip 7 5 1
Tile:9_flip 8 3 0
Tile:10 8 2 1
Tile:10 8 4 0
Tile:11 4 6 1
Tile:10 8 1 0
Tile:9_flip 8 5 1
Tile:0 3 5 0
Tile:12_flip 2 5 1
Tile:6 8 6 0
Tile:1 7 6 1
Map 12 3 0
Drop 2 0 1
Tile:9_flip 9 6 0
Map 12 7 1
Destroy 7 4 0
Tile:7 7 4 1
Destroy 7 6 0
Tile:15 4 7 1
Tile:5 9 5 0
Map 12 3 1
Destroy 4 6 0
Tile:9_flip 10 5 1
Tile:7 10 4 0
Tile:6_flip 8 0 1
Tile:14 9 7 0
Tile:8 4 4 1
Tile:2 8 7 0
Tile:0 9 0 1
Tile:8 10 0 0
Map 12 3 1
Tile:13 10 1 0
Tile:8 7 7 1
Drop 4 0 0
Tile:0 7 0 1
Drop 3 0 0
Map 12 5 1
Drop 2 0 0
Tile:0 3 4 1
Drop 1 0 0
Tile:6_flip 7 6 1
Drop 0 0 0
Drop 0 0 1
GAMEOVER DRAW
# Game ended: Thu Apr 09 02:10:52 EDT 2020
