# Server version 0.08 running on localhost:8123
# Game ID: 1039
# Board class: Saboteur.SaboteurBoard
# Timeout: 2000000000
# First Move Timeout: 30000
# Date: Sat Apr 11 14:02:52 EDT 2020
# Player 1: Player-0, '260729805', running on localhost
# Player 2: Player-1, 'RandomPlayer', running on localhost
START Player-0 260729805
START Player-1 RandomPlayer
BoardInit:Tile:5,Tile:8,Tile:0,Tile:5,Malus,Tile:6,Tile:10,Tile:9,Tile:0,Bonus,Tile:9,Tile:11,Tile:1,Map,Map,Map,Map,Tile:7,Tile:0,Tile:7,Tile:6,Tile:5,Tile:8,Destroy,Destroy,Tile:6,Tile:7,Tile:9,Tile:10,Tile:4,Malus,Tile:7,Bonus,Destroy,Tile:2,Tile:6,Map,Tile:7,Bonus,Tile:12,Tile:8-Tile:14,Tile:6,Map,Tile:13,Tile:5,Tile:8,Tile:10-Tile:9,Tile:3,Tile:0,Tile:15,Tile:8,Tile:9,Bonus-Tile:nugget,Tile:hidden1,Tile:hidden2
Tile:8 5 6 1
Tile:0 6 5 0
Drop 1 0 1
Tile:9_flip 7 5 0
Tile:13 5 7 1
Tile:5 7 4 0
Tile:5_flip 6 7 1
Tile:6 8 4 0
Tile:5_flip 5 8 1
Tile:8 9 4 0
Drop 0 0 1
Tile:9_flip 10 4 0
Tile:10 8 3 1
Tile:8 9 5 0
Tile:0 4 6 1
Map 12 3 0
Drop 5 0 1
Tile:9 9 3 0
Tile:0 4 8 1
Tile:7 9 2 0
Tile:9_flip 10 3 1
Tile:7_flip 9 6 0
Tile:6_flip 6 6 1
Tile:5 10 2 0
Tile:8 11 2 1
Tile:3 12 2 0
Destroy 7 5 1
Tile:6 7 5 0
Drop 6 0 1
Tile:9 11 3 0
GAMEOVER WINNER 0
# Game ended: Sat Apr 11 14:02:54 EDT 2020
