# Server version 0.08 running on localhost:8123
# Game ID: 1000
# Board class: Saboteur.SaboteurBoard
# Timeout: 2000000000
# First Move Timeout: 30000
# Date: Sat Apr 11 13:09:12 EDT 2020
# Player 1: Player-0, '260729805', running on localhost
# Player 2: Player-1, 'Human', running on localhost
START Player-0 260729805
START Player-1 Human
BoardInit:Tile:12,Tile:6,Destroy,Map,Tile:9,Tile:7,Tile:11,Tile:15,Tile:4,Tile:5,Tile:9,Malus,Destroy,Tile:5,Tile:10,Tile:6,Tile:6,Tile:3,Malus,Tile:1,Tile:2,Bonus,Tile:8,Tile:7,Tile:10,Tile:10,Tile:9,Tile:9,Tile:14,Map,Tile:13,Tile:7,Tile:5,Map,Destroy,Tile:0,Tile:0,Map,Tile:8,Tile:8,Tile:7-Map,Tile:6,Bonus,Tile:8,Map,Bonus,Tile:7-Bonus,Tile:5,Tile:6,Tile:0,Tile:8,Tile:0,Tile:9-Tile:nugget,Tile:hidden1,Tile:hidden2
Tile:8 6 5 1
Tile:5_flip 7 5 0
Tile:7 7 4 1
Tile:6 6 6 0
Destroy 7 4 1
Map 12 3 0
Tile:9 7 4 1
Tile:0 8 4 0
Tile:6 9 4 1
Tile:0 10 4 0
Drop 4 0 1
Tile:8 9 3 0
Drop 4 0 1
Malus 0 0 0
Drop 4 0 1
Tile:15 9 2 0
