# Server version 0.08 running on localhost:8123
# Game ID: 364
# Board class: Saboteur.SaboteurBoard
# Timeout: 2000000000
# First Move Timeout: 30000
# Date: Sat Apr 04 00:26:50 EDT 2020
# Player 1: Player-0, '260729805', running on localhost
# Player 2: Player-1, 'RandomPlayer', running on localhost
START Player-0 260729805
START Player-1 RandomPlayer
BoardInit:Tile:10,Destroy,Tile:4,Tile:8,Tile:6,Tile:0,Tile:5,Map,Tile:3,Tile:0,Tile:9,Tile:1,Map,Tile:5,Tile:7,Map,Tile:12,Tile:15,Tile:6,Tile:0,Tile:8,Tile:6,Tile:10,Tile:13,Malus,Tile:6,Bonus,Tile:14,Malus,Bonus,Map,Tile:5,Destroy,Tile:0,Tile:9,Tile:7,Tile:7,Tile:10,Map,Tile:8,Tile:7-Bonus,Tile:5,Tile:9,Tile:8,Tile:7,Tile:9,Map-Tile:11,Bonus,Tile:8,Tile:6,Tile:2,Tile:9,Destroy-Tile:nugget,Tile:hidden1,Tile:hidden2
Tile:9_flip 5 6 1
Tile:6 6 5 0
Tile:8 6 4 1
Tile:11_flip 7 5 0
Tile:7_flip 5 7 1
Destroy 7 5 0
Map 12 7 1
Tile:0 7 5 0
Tile:5 6 3 1
Map 12 3 0
Tile:6_flip 7 3 1
Tile:0 8 5 0
Tile:9_flip 8 3 1
Tile:2 9 5 0
Tile:5 4 6 1
Tile:5_flip 8 4 0
Tile:7_flip 9 6 1
Tile:1 10 6 0
Drop 3 0 1
Destroy 10 6 0
Drop 4 0 1
Tile:8 8 2 0
Tile:9_flip 6 7 1
Tile:9_flip 9 2 0
Drop 5 0 1
Tile:8 9 1 0
Tile:10 4 7 1
Tile:0 10 1 0
Tile:4_flip 6 8 1
Tile:6 11 1 0
Tile:12 10 5 1
Tile:6_flip 11 0 0
Tile:6_flip 12 0 1
Tile:5 8 1 0
Drop 0 0 1
Tile:0 13 0 0
Tile:9 5 4 1
Tile:7 9 0 0
Destroy 9 6 1
Tile:10 9 3 0
Tile:7 5 3 1
Tile:8 4 3 0
Tile:10 4 4 1
Tile:15 9 6 0
Drop 2 0 1
Tile:13 9 7 0
Tile:7_flip 7 2 1
Tile:14 9 8 0
Malus 0 0 1
Bonus 0 0 0
Map 12 3 1
Drop 1 0 0
Map 12 3 1
Drop 0 0 0
Drop 0 0 1
GAMEOVER DRAW
# Game ended: Sat Apr 04 00:26:50 EDT 2020
