# Server version 0.08 running on localhost:8123
# Game ID: 250
# Board class: Saboteur.SaboteurBoard
# Timeout: 2000000000
# First Move Timeout: 30000
# Date: Fri Apr 03 00:34:15 EDT 2020
# Player 1: Player-0, '260729805', running on localhost
# Player 2: Player-1, 'Human', running on localhost
START Player-0 260729805
START Player-1 Human
BoardInit:Tile:10,Tile:6,Malus,Tile:9,Tile:5,Tile:1,Tile:0,Tile:7,Tile:5,Destroy,Tile:6,Tile:8,Tile:8,Tile:13,Tile:8,Bonus,Malus,Destroy,Map,Destroy,Tile:6,Tile:10,Tile:0,Tile:7,Tile:0,Tile:3,Tile:15,Tile:4,Tile:7,Tile:0,Tile:12,Tile:7,Tile:14,Bonus,Tile:11,Tile:8,Map,Tile:9,Bonus,Tile:10,Tile:9-Tile:6,Bonus,Tile:2,Tile:6,Tile:5,Map,Tile:5-Tile:9,Map,Map,Tile:7,Map,Tile:9,Tile:8-Tile:hidden1,Tile:hidden2,Tile:nugget
Tile:6 6 5 1
Tile:9_flip 7 5 0
Tile:5 7 4 1
Tile:7 8 4 0
Tile:2 4 5 1
Tile:9 8 5 0
Tile:6 9 5 1
Tile:9 9 4 0
Tile:5 9 3 1
Tile:8 10 4 0
Map 12 3 1
Tile:7 6 4 0
