# Server version 0.08 running on localhost:8123
# Game ID: 574
# Board class: Saboteur.SaboteurBoard
# Timeout: 2000000000
# First Move Timeout: 30000
# Date: Sun Apr 05 20:48:36 EDT 2020
# Player 1: Player-0, '260729805', running on localhost
# Player 2: Player-1, 'Human', running on localhost
START Player-0 260729805
START Player-1 Human
BoardInit:Malus,Tile:4,Bonus,Tile:5,Tile:7,Tile:11,Tile:3,Tile:10,Tile:7,Tile:0,Destroy,Tile:8,Tile:15,Tile:10,Map,Tile:8,Tile:9,Tile:13,Tile:5,Tile:5,Bonus,Map,Tile:14,Tile:2,Map,Map,Bonus,Tile:5,Destroy,Destroy,Tile:9,Tile:6,Tile:7,Tile:8,Tile:9,Tile:6,Tile:12,Tile:0,Tile:9,Map,Malus-Tile:8,Tile:6,Tile:7,Tile:10,Tile:9,Tile:6,Tile:1-Tile:0,Map,Tile:6,Tile:8,Tile:7,Bonus,Tile:0-Tile:nugget,Tile:hidden2,Tile:hidden1
Tile:7 6 5 1
Map 12 3 0
Tile:6 6 6 1
Tile:0 7 6 0
Tile:6 8 6 1
Tile:6 9 6 0
Tile:8 10 6 1
Tile:7 9 5 0
Tile:7 11 6 1
Tile:8 11 7 0
Tile:1 4 5 1
Tile:10 12 6 0
