# Server version 0.08 running on localhost:8123
# Game ID: 764
# Board class: Saboteur.SaboteurBoard
# Timeout: 2000000000
# First Move Timeout: 30000
# Date: Thu Apr 09 01:49:12 EDT 2020
# Player 1: Player-0, '260729805', running on localhost
# Player 2: Player-1, 'RandomPlayer', running on localhost
START Player-0 260729805
START Player-1 RandomPlayer
BoardInit:Tile:8,Malus,Bonus,Tile:0,Destroy,Tile:5,Map,Tile:7,Tile:7,Tile:14,Tile:7,Tile:5,Tile:3,Tile:6,Tile:13,Tile:8,Tile:6,Tile:6,Tile:1,Malus,Bonus,Bonus,Tile:0,Tile:9,Tile:5,Tile:2,Tile:0,Tile:6,Destroy,Tile:8,Tile:5,Tile:11,Tile:7,Tile:8,Tile:0,Destroy,Tile:9,Tile:15,Tile:10,Tile:10,Tile:9-Map,Map,Tile:10,Map,Map,Tile:6,Tile:12-Tile:9,Bonus,Tile:8,Tile:4,Tile:9,Tile:7,Map-Tile:hidden2,Tile:hidden1,Tile:nugget
Map 12 5 1
Map 12 3 0
Map 12 3 1
Tile:7 6 5 0
Map 12 5 1
Tile:0 4 5 0
Drop 3 0 1
Tile:5_flip 6 6 0
Tile:6_flip 3 5 1
Tile:7 5 4 0
Tile:7_flip 5 6 1
Tile:9 3 6 0
Tile:7 4 6 1
Tile:5_flip 4 7 0
Tile:3_flip 4 4 1
Tile:6 3 7 0
Tile:10 4 3 1
Tile:8 2 5 0
Tile:8 4 2 1
Tile:6_flip 2 4 0
Map 12 7 1
Tile:9_flip 2 6 0
Drop 1 0 1
Tile:8 2 7 0
Tile:13 5 2 1
Tile:9 2 8 0
Tile:5_flip 3 4 1
Tile:4 3 3 0
Drop 2 0 1
Tile:6_flip 3 8 0
Tile:0 3 2 1
Tile:8 3 9 0
Tile:5_flip 3 10 1
Drop 6 0 0
Destroy 2 5 1
Tile:8 4 9 0
Tile:0 5 9 1
Destroy 5 2 0
Tile:9_flip 5 2 1
Drop 6 0 0
Drop 2 0 1
Tile:10 4 10 0
Tile:7_flip 1 7 1
Drop 5 0 0
Drop 4 0 1
Drop 2 0 0
Tile:9 5 1 1
Drop 3 0 0
Drop 0 0 1
Drop 2 0 0
Map 12 5 1
Drop 1 0 0
Drop 1 0 1
Drop 0 0 0
Drop 0 0 1
GAMEOVER DRAW
# Game ended: Thu Apr 09 01:49:24 EDT 2020
