# Server version 0.08 running on macbook-pro-5.local:8123
# Game ID: 740
# Board class: Saboteur.SaboteurBoard
# Timeout: 2000000000
# First Move Timeout: 30000
# Date: Thu Apr 09 01:37:12 EDT 2020
# Player 1: Player-0, '260729805', running on macbook-pro-5.local
# Player 2: Player-1, 'RandomPlayer', running on macbook-pro-5.local
START Player-0 260729805
START Player-1 RandomPlayer
BoardInit:Tile:9,Tile:8,Tile:9,Tile:4,Map,Tile:9,Tile:5,Tile:10,Tile:7,Tile:8,Tile:0,Tile:9,Tile:10,Tile:7,Tile:6,Tile:2,Bonus,Tile:7,Tile:0,Map,Tile:9,Tile:12,Map,Bonus,Tile:3,Tile:10,Tile:5,Tile:6,Tile:13,Tile:8,Destroy,Tile:1,Tile:5,Tile:7,Tile:7,Tile:5,Malus,Tile:0,Malus,Tile:6,Tile:15-Map,Tile:6,Tile:8,Destroy,Destroy,Tile:11,Tile:0-Bonus,Map,Tile:8,Map,Bonus,Tile:6,Tile:14-Tile:hidden2,Tile:nugget,Tile:hidden1
Drop 3 0 1
Map 12 3 0
Tile:11_flip 6 5 1
Map 12 5 0
Drop 1 0 1
Tile:6 5 6 0
Tile:8 6 4 1
Tile:8 6 6 0
Tile:9 4 5 1
Tile:8 7 6 0
Drop 1 0 1
Tile:9_flip 8 6 0
Tile:9 4 6 1
Tile:10 8 5 0
Tile:10 7 5 1
Tile:7 8 4 0
Drop 1 0 1
Tile:8 8 7 0
Tile:7 4 4 1
Tile:7 9 7 0
Tile:5 5 4 1
Tile:9 9 8 0
Tile:9_flip 9 9 1
Tile:12 10 8 0
Tile:6_flip 8 9 1
Tile:4_flip 8 8 0
Drop 3 0 1
Tile:10 9 10 0
Drop 2 0 1
Tile:2 7 4 0
Map 12 3 1
Tile:6 7 7 0
Map 12 7 1
Drop 6 0 0
Tile:13 7 9 1
Tile:7 7 8 0
Tile:5_flip 4 7 1
Tile:14_flip 6 3 0
Destroy 9 9 1
Tile:8 9 9 0
Tile:3_flip 6 9 1
Tile:0 10 9 0
Tile:7_flip 9 11 1
Tile:5_flip 11 9 0
Drop 4 0 1
Tile:6 7 3 0
Tile:15 8 10 1
Drop 3 0 0
Tile:5_flip 8 3 1
Drop 2 0 0
Tile:0 10 11 1
Drop 1 0 0
Malus 0 0 1
Bonus 0 0 0
Map 12 5 1
GAMEOVER DRAW
# Game ended: Thu Apr 09 01:37:14 EDT 2020
