# Server version 0.08 running on macbook-pro-5.local:8123
# Game ID: 985
# Board class: Saboteur.SaboteurBoard
# Timeout: 2000000000
# First Move Timeout: 30000
# Date: Sat Apr 11 02:40:09 EDT 2020
# Player 1: Player-0, '260729805', running on macbook-pro-5.local
# Player 2: Player-1, 'RandomPlayer', running on macbook-pro-5.local
START Player-0 260729805
START Player-1 RandomPlayer
BoardInit:Tile:8,Tile:6,Tile:6,Tile:8,Tile:10,Tile:5,Map,Malus,Tile:8,Map,Tile:12,Tile:10,Tile:0,Tile:7,Bonus,Tile:4,Tile:9,Bonus,Tile:10,Tile:9,Tile:6,Tile:7,Destroy,Map,Tile:3,Tile:9,Tile:6,Tile:5,Tile:0,Map,Tile:0,Map,Destroy,Tile:1,Destroy,Tile:9,Malus,Tile:0,Tile:2,Tile:7,Bonus-Tile:8,Map,Tile:5,Tile:8,Bonus,Tile:7,Tile:9-Tile:14,Tile:5,Tile:6,Tile:11,Tile:13,Tile:7,Tile:15-Tile:hidden2,Tile:nugget,Tile:hidden1
Tile:9 5 4 1
Tile:5_flip 6 5 0
Tile:5 4 5 1
Tile:6_flip 6 4 0
Drop 4 0 1
Tile:7 7 4 0
Tile:10 5 3 1
Tile:6 5 6 0
Drop 0 0 1
Malus 0 0 0
Map 12 3 1
Tile:5 5 2 0
Drop 6 0 1
Tile:10 7 5 0
Map 12 5 1
Tile:7_flip 7 6 0
Drop 6 0 1
Tile:8 8 6 0
Drop 3 0 1
Tile:4 8 5 0
Drop 2 0 1
Tile:9_flip 9 6 0
Drop 3 0 1
Tile:7_flip 9 7 0
Destroy 7 5 1
Tile:14 10 7 0
Drop 0 0 1
Tile:9_flip 6 2 0
Drop 6 0 1
Tile:5 6 1 0
Drop 1 0 1
Tile:11 10 6 0
Drop 4 0 1
Tile:13 11 6 0
Destroy 7 4 1
Tile:1 12 6 0
Destroy 8 5 1
Tile:9_flip 7 4 0
Bonus 0 0 1
Tile:0 7 1 0
Tile:9 11 7 1
Tile:7 7 3 0
Tile:6_flip 9 5 1
Tile:15 11 5 0
Drop 4 0 1
Drop 4 0 0
Tile:10 7 5 1
Drop 3 0 0
Drop 3 0 1
Drop 2 0 0
Tile:0 13 6 1
Drop 1 0 0
Drop 0 0 1
Drop 0 0 0
Malus 0 0 1
GAMEOVER DRAW
# Game ended: Sat Apr 11 02:40:09 EDT 2020
