# Server version 0.08 running on localhost:8123
# Game ID: 931
# Board class: Saboteur.SaboteurBoard
# Timeout: 2000000000
# First Move Timeout: 30000
# Date: Sat Apr 11 02:04:24 EDT 2020
# Player 1: Player-0, '260729805', running on localhost
# Player 2: Player-1, 'RandomPlayer', running on localhost
START Player-0 260729805
START Player-1 RandomPlayer
BoardInit:Tile:15,Tile:9,Destroy,Tile:7,Malus,Tile:14,Tile:12,Tile:6,Tile:6,Tile:10,Map,Tile:7,Tile:0,Tile:4,Tile:5,Tile:0,Malus,Tile:6,Tile:9,Destroy,Map,Map,Tile:5,Map,Tile:13,Bonus,Tile:11,Tile:10,Map,Tile:5,Tile:8,Tile:2,Tile:6,Tile:0,Tile:7,Tile:9,Tile:10,Destroy,Bonus,Tile:9,Tile:9-Tile:5,Tile:8,Map,Tile:7,Tile:7,Tile:1,Tile:8-Bonus,Tile:3,Tile:8,Tile:8,Tile:0,Bonus,Tile:6-Tile:hidden1,Tile:nugget,Tile:hidden2
Tile:1 6 5 1
Tile:6 5 6 0
Tile:7_flip 4 5 1
Tile:0 6 6 0
Tile:8 7 5 1
Tile:8 7 6 0
Tile:7 8 5 1
Tile:7 7 4 0
Destroy 5 6 1
Tile:6 5 6 0
Map 12 7 1
Tile:8 8 6 0
Drop 0 0 1
Tile:7 9 6 0
Drop 3 0 1
Tile:9 9 7 0
Tile:5_flip 7 7 1
Tile:10 9 8 0
Tile:15 8 7 1
Tile:6 9 9 0
Tile:0 4 6 1
Destroy 9 9 0
Tile:6 3 6 1
Map 12 3 0
Map 12 5 1
Map 12 5 0
Tile:9_flip 4 4 1
Tile:0 6 4 0
Map 12 3 1
Tile:10 9 9 0
Tile:8 2 6 1
Tile:5_flip 9 10 0
Tile:13 3 4 1
Tile:4 4 3 0
Tile:11_flip 8 8 1
Tile:0 6 7 0
Tile:8 8 10 1
Tile:9_flip 8 9 0
Malus 0 0 1
Bonus 0 0 0
Tile:7_flip 1 6 1
Destroy 9 10 0
Tile:5_flip 8 11 1
Tile:9_flip 9 10 0
Tile:9_flip 2 5 1
Tile:14_flip 7 8 0
Tile:10 3 5 1
Tile:3_flip 7 9 0
Map 12 5 1
Tile:2 7 10 0
Malus 0 0 1
Bonus 0 0 0
Tile:6 2 7 1
Drop 0 0 0
Drop 0 0 1
GAMEOVER DRAW
# Game ended: Sat Apr 11 02:04:24 EDT 2020
