# Server version 0.08 running on localhost:8123
# Game ID: 344
# Board class: Saboteur.SaboteurBoard
# Timeout: 2000000000
# First Move Timeout: 30000
# Date: Fri Apr 03 23:59:05 EDT 2020
# Player 1: Player-0, '260729805', running on localhost
# Player 2: Player-1, 'RandomPlayer', running on localhost
START Player-0 260729805
START Player-1 RandomPlayer
BoardInit:Tile:6,Tile:7,Tile:9,Destroy,Tile:4,Tile:5,Tile:12,Tile:11,Tile:6,Tile:8,Tile:0,Tile:7,Tile:2,Tile:9,Tile:14,Map,Map,Tile:10,Tile:15,Tile:7,Tile:8,Tile:7,Tile:5,Tile:0,Map,Tile:6,Tile:5,Tile:10,Tile:0,Tile:9,Tile:0,Bonus,Destroy,Tile:10,Tile:7,Tile:13,Tile:5,Bonus,Map,Tile:6,Map-Tile:8,Tile:9,Malus,Tile:1,Bonus,Bonus,Malus-Tile:8,Tile:8,Map,Tile:6,Tile:9,Destroy,Tile:3-Tile:nugget,Tile:hidden1,Tile:hidden2
Malus 0 0 1
Drop 6 0 0
Tile:9_flip 5 6 1
Destroy 5 6 0
Tile:6 5 6 1
Destroy 5 6 0
Drop 2 0 1
Drop 6 0 0
Tile:9_flip 5 6 1
Drop 6 0 0
Tile:6_flip 4 6 1
Drop 6 0 0
Drop 0 0 1
Drop 6 0 0
Drop 1 0 1
Drop 6 0 0
Tile:2_flip 4 5 1
Drop 6 0 0
Tile:12_flip 3 5 1
Drop 6 0 0
Tile:14_flip 3 6 1
Drop 6 0 0
Tile:4_flip 4 7 1
Drop 6 0 0
Tile:15 5 7 1
Drop 6 0 0
Tile:8 4 4 1
Drop 6 0 0
Map 12 3 1
Drop 6 0 0
Tile:1 3 4 1
Drop 6 0 0
Malus 0 0 1
Bonus 0 0 0
Destroy 4 5 1
Drop 6 0 0
Tile:0 2 4 1
Drop 6 0 0
Drop 2 0 1
Bonus 0 0 0
Tile:0 1 4 1
Tile:8 6 5 0
Tile:0 0 4 1
Tile:8 7 5 0
Tile:7_flip 6 6 1
Tile:9_flip 8 5 0
Tile:5 7 4 1
Tile:6 8 6 0
Map 12 3 1
Tile:7 9 6 0
Drop 1 0 1
Tile:6 9 7 0
Tile:5_flip 3 7 1
Drop 0 0 0
Map 12 5 1
GAMEOVER DRAW
# Game ended: Fri Apr 03 23:59:06 EDT 2020
