# Server version 0.08 running on localhost:8123
# Game ID: 550
# Board class: Saboteur.SaboteurBoard
# Timeout: 2000000000
# First Move Timeout: 30000
# Date: Sun Apr 05 20:01:32 EDT 2020
# Player 1: Player-0, '260729805', running on localhost
# Player 2: Player-1, 'RandomPlayer', running on localhost
START Player-0 260729805
START Player-1 RandomPlayer
BoardInit:Tile:6,Tile:6,Tile:7,Tile:0,Tile:12,Map,Tile:9,Tile:3,Tile:10,Tile:6,Tile:10,Tile:9,Tile:0,Tile:0,Tile:6,Destroy,Tile:1,Tile:4,Map,Destroy,Tile:14,Tile:5,Bonus,Tile:5,Tile:9,Tile:7,Map,Tile:8,Tile:9,Tile:8,Tile:9,Tile:5,Malus,Tile:0,Destroy,Map,Tile:8,Tile:5,Map,Tile:15,Tile:7-Tile:8,Bonus,Tile:7,Tile:8,Tile:7,Map,Bonus-Malus,Tile:13,Tile:11,Tile:6,Tile:10,Tile:2,Bonus-Tile:hidden1,Tile:nugget,Tile:hidden2
Tile:8 6 5 1
Tile:11 5 6 0
Map 12 5 1
Malus 0 0 0
Drop 0 0 1
Tile:6 4 5 0
Drop 3 0 1
Map 12 3 0
Drop 1 0 1
Tile:0 7 5 0
Drop 4 0 1
Tile:6_flip 6 4 0
Drop 0 0 1
Drop 1 0 0
Drop 0 0 1
Tile:6_flip 3 5 0
Drop 5 0 1
Tile:13 3 6 0
Drop 3 0 1
Destroy 5 6 0
Map 12 7 1
Tile:0 2 6 0
Drop 0 0 1
Tile:5_flip 5 6 0
Drop 5 0 1
Tile:3_flip 6 6 0
Drop 0 0 1
Tile:9_flip 8 5 0
Drop 6 0 1
Tile:2 7 6 0
Drop 1 0 1
Tile:8 5 4 0
Drop 4 0 1
Tile:5_flip 8 6 0
Drop 4 0 1
Tile:8 3 7 0
Destroy 5 6 1
Map 12 5 0
Bonus 0 0 1
Tile:5_flip 5 6 0
Malus 0 0 1
Bonus 0 0 0
Tile:6 7 4 1
Tile:7 4 7 0
Tile:9 4 4 1
