# Server version 0.08 running on localhost:8123
# Game ID: 1002
# Board class: Saboteur.SaboteurBoard
# Timeout: 2000000000
# First Move Timeout: 30000
# Date: Sat Apr 11 13:11:50 EDT 2020
# Player 1: Player-0, '260729805', running on localhost
# Player 2: Player-1, 'Human', running on localhost
START Player-0 260729805
START Player-1 Human
BoardInit:Map,Tile:0,Tile:4,Destroy,Map,Tile:8,Tile:9,Map,Tile:0,Tile:6,Tile:7,Tile:9,Tile:6,Tile:1,Tile:5,Tile:6,Tile:3,Destroy,Tile:0,Tile:14,Tile:5,Bonus,Tile:7,Tile:9,Bonus,Tile:11,Tile:12,Tile:9,Tile:13,Tile:9,Malus,Destroy,Tile:5,Tile:6,Tile:2,Bonus,Tile:7,Tile:7,Tile:8,Map,Tile:8-Tile:10,Malus,Tile:8,Tile:8,Tile:15,Tile:5,Map-Tile:0,Tile:10,Tile:7,Tile:6,Bonus,Tile:10,Map-Tile:nugget,Tile:hidden1,Tile:hidden2
Tile:8 6 5 1
Map 12 3 0
Tile:8 7 5 1
Tile:0 8 5 0
Map 12 5 1
Destroy 8 5 0
Map 12 7 1
Tile:7 8 5 0
Tile:9 8 6 1
Tile:6 9 6 0
Tile:0 10 6 1
Tile:10 9 5 0
Drop 4 0 1
Tile:6_flip 9 4 0
Drop 3 0 1
Tile:0 10 4 0
Drop 4 0 1
Tile:1 11 4 0
