# Server version 0.08 running on localhost:8123
# Game ID: 222
# Board class: Saboteur.SaboteurBoard
# Timeout: 2000000000
# First Move Timeout: 30000
# Date: Wed Apr 01 16:52:49 EDT 2020
# Player 1: Player-0, '260729805', running on localhost
# Player 2: Player-1, 'Human', running on localhost
START Player-0 260729805
START Player-1 Human
BoardInit:Tile:14,Tile:9,Tile:9,Bonus,Bonus,Tile:5,Tile:13,Tile:0,Malus,Map,Tile:6,Malus,Tile:7,Tile:6,Tile:5,Bonus,Tile:2,Tile:1,Tile:8,Tile:4,Bonus,Map,Tile:8,Tile:5,Tile:7,Tile:0,Tile:8,Destroy,Tile:8,Tile:15,Tile:10,Destroy,Tile:7,Tile:10,Tile:0,Tile:3,Tile:6,Tile:0,Map,Tile:10,Destroy-Tile:6,Tile:6,Tile:11,Tile:9,Map,Tile:7,Tile:8-Tile:7,Map,Map,Tile:5,Tile:12,Tile:9,Tile:9-Tile:nugget,Tile:hidden1,Tile:hidden2
Tile:8 6 5 1
Map 12 5 0
Tile:6 7 5 1
Tile:7 8 5 0
Tile:9 8 6 1
Tile:5_flip 9 6 0
Tile:9 9 5 1
Tile:9_flip 10 5 0
GAMEOVER USER CANCEL UNDECIDED
# Game ended: Wed Apr 01 21:46:27 EDT 2020
