# Server version 0.08 running on localhost:8123
# Game ID: 751
# Board class: Saboteur.SaboteurBoard
# Timeout: 2000000000
# First Move Timeout: 30000
# Date: Thu Apr 09 01:40:04 EDT 2020
# Player 1: Player-0, '260729805', running on localhost
# Player 2: Player-1, 'RandomPlayer', running on localhost
START Player-0 260729805
START Player-1 RandomPlayer
BoardInit:Tile:13,Tile:6,Bonus,Malus,Destroy,Tile:14,Tile:9,Tile:9,Tile:1,Tile:12,Tile:9,Tile:0,Tile:6,Map,Map,Tile:8,Malus,Tile:6,Tile:9,Tile:8,Tile:4,Tile:5,Destroy,Tile:6,Tile:7,Tile:8,Bonus,Destroy,Tile:8,Tile:10,Tile:7,Tile:7,Map,Map,Tile:0,Tile:5,Tile:0,Tile:10,Tile:3,Tile:10,Tile:11-Tile:0,Tile:5,Tile:8,Map,Tile:2,Bonus,Tile:9-Tile:5,Tile:6,Tile:7,Bonus,Map,Tile:7,Tile:15-Tile:hidden1,Tile:nugget,Tile:hidden2
Tile:9 5 4 1
Map 12 3 0
Tile:2 6 5 1
Tile:5_flip 6 4 0
Tile:5_flip 5 6 1
Tile:6_flip 6 3 0
Tile:0 4 6 1
Tile:7 7 3 0
Tile:8 5 3 1
Tile:7_flip 7 4 0
Destroy 7 3 1
Tile:6_flip 7 3 0
Tile:9 6 6 1
Tile:0 8 4 0
Tile:1 4 5 1
Map 12 5 0
Tile:9_flip 7 6 1
Tile:9_flip 9 4 0
Tile:6_flip 3 6 1
Tile:6 9 5 0
Map 12 7 1
Tile:8 9 3 0
Tile:13 10 3 1
Tile:5 8 5 0
Drop 5 0 1
Tile:8 9 2 0
Tile:7 7 5 1
Tile:8 10 2 0
Destroy 10 2 1
Tile:6_flip 10 2 0
Drop 3 0 1
Tile:10 8 6 0
Tile:9 7 7 1
Tile:7 9 1 0
Drop 0 0 1
Destroy 6 5 0
Tile:7_flip 2 6 1
Tile:5_flip 8 7 0
Tile:0 11 3 1
Tile:10 10 4 0
Map 12 5 1
Tile:10 7 8 0
Map 12 7 1
Tile:12_flip 8 2 0
Tile:3 2 5 1
Tile:15 6 7 0
Tile:8 5 2 1
Tile:14 7 9 0
Tile:0 8 3 1
Drop 2 0 0
Drop 0 0 1
Drop 1 0 0
Drop 1 0 1
Drop 0 0 0
Drop 0 0 1
GAMEOVER DRAW
# Game ended: Thu Apr 09 01:40:04 EDT 2020
