# Server version 0.08 running on macbook-pro-5.local:8123
# Game ID: 984
# Board class: Saboteur.SaboteurBoard
# Timeout: 2000000000
# First Move Timeout: 30000
# Date: Sat Apr 11 02:40:02 EDT 2020
# Player 1: Player-0, '260729805', running on macbook-pro-5.local
# Player 2: Player-1, 'RandomPlayer', running on macbook-pro-5.local
START Player-0 260729805
START Player-1 RandomPlayer
BoardInit:Destroy,Tile:8,Tile:12,Bonus,Tile:9,Tile:7,Tile:8,Map,Tile:7,Tile:5,Tile:6,Tile:15,Map,Tile:5,Tile:5,Tile:6,Tile:0,Tile:0,Tile:9,Tile:9,Tile:8,Tile:7,Map,Tile:6,Bonus,Tile:13,Tile:9,Malus,Tile:2,Tile:10,Tile:5,Tile:7,Tile:10,Destroy,Destroy,Bonus,Bonus,Map,Tile:8,Tile:14,Tile:11-Tile:4,Tile:6,Tile:6,Tile:8,Tile:1,Tile:9,Map-Tile:0,Tile:7,Tile:0,Tile:10,Map,Malus,Tile:3-Tile:hidden2,Tile:nugget,Tile:hidden1
Tile:8 6 5 1
Malus 0 0 0
Drop 5 0 1
Tile:0 7 5 0
Drop 0 0 1
Tile:7 8 5 0
Destroy 7 5 1
Tile:0 7 5 0
Drop 1 0 1
Tile:7_flip 8 6 0
Drop 4 0 1
Tile:5_flip 9 6 0
Drop 0 0 1
Tile:10 9 5 0
Map 12 7 1
Tile:5 9 4 0
Drop 5 0 1
Tile:6 10 4 0
Drop 3 0 1
Tile:0 11 4 0
Drop 2 0 1
Tile:8 12 4 0
GAMEOVER WINNER 0
# Game ended: Sat Apr 11 02:40:02 EDT 2020
