# Server version 0.08 running on localhost:8123
# Game ID: 2
# Board class: Saboteur.SaboteurBoard
# Timeout: 20000
# First Move Timeout: 30000
# Date: Tue Mar 24 16:14:31 EDT 2020
# Player 1: Player-0, '260729805', running on localhost
# Player 2: Player-1, 'RandomPlayer', running on localhost
START Player-0 260729805
START Player-1 RandomPlayer
BoardInit:Tile:5,Tile:10,Tile:8,Tile:6,Tile:7,Tile:2,Tile:10,Bonus,Tile:8,Tile:6,Map,Tile:5,Tile:8,Destroy,Tile:9,Tile:6,Tile:11,Bonus,Map,Tile:15,Tile:3,Tile:9,Tile:9,Map,Tile:8,Destroy,Tile:6,Bonus,Tile:9,Tile:0,Tile:1,Bonus,Tile:12,Tile:14,Tile:5,Tile:8,Map,Tile:0,Tile:7,Map,Tile:5-Tile:13,Tile:4,Tile:0,Malus,Tile:6,Tile:9,Tile:7-Tile:10,Destroy,Tile:7,Tile:0,Tile:7,Malus,Map-Tile:nugget,Tile:hidden2,Tile:hidden1
Tile:9_flip 5 6 1
Tile:7_flip 4 6 0
Tile:13 4 5 1
Tile:10 5 4 0
Tile:5 3 5 1
Tile:6 6 5 0
Drop 2 0 1
Tile:2_flip 5 7 0
Tile:6 6 7 1
Destroy 4 5 0
Tile:8 4 5 1
Drop 1 0 0
Tile:7 4 4 1
Tile:6 7 7 0
Tile:10 3 6 1
Tile:5 6 6 0
Tile:7 7 6 1
Destroy 4 4 0
Tile:11 6 4 1
Tile:6_flip 8 7 0
Tile:8 6 3 1
Tile:0 7 3 0
Tile:9_flip 9 7 1
Tile:9 8 8 0
Tile:8 9 8 1
Tile:10 9 6 0
Tile:0 7 4 1
Destroy 7 6 0
Tile:3 7 5 1
Drop 5 0 0
Tile:8 7 6 1
Tile:15 6 2 0
Tile:9_flip 4 4 1
Tile:0 8 3 0
Tile:6_flip 5 3 1
Tile:14_flip 6 1 0
Tile:5_flip 7 1 1
Tile:8 4 3 0
Tile:1 4 7 1
Tile:0 9 3 0
Tile:7 4 2 1
Drop 2 0 0
Drop 0 0 1
Drop 5 0 0
Tile:5_flip 9 9 1
Drop 0 0 0
Map 12 3 1
Drop 3 0 0
Tile:9_flip 7 0 1
Map 12 7 0
Tile:12_flip 3 3 1
Drop 0 0 0
Map 12 7 1
Drop 0 0 0
Map 12 5 1
GAMEOVER DRAW
# Game ended: Tue Mar 24 16:14:32 EDT 2020
