# Server version 0.08 running on localhost:8123
# Game ID: 419
# Board class: Saboteur.SaboteurBoard
# Timeout: 2000000000
# First Move Timeout: 30000
# Date: Sat Apr 04 02:09:38 EDT 2020
# Player 1: Player-0, '260729805', running on localhost
# Player 2: Player-1, '260729805', running on localhost
START Player-0 260729805
START Player-1 260729805
BoardInit:Tile:8,Tile:6,Tile:5,Tile:3,Map,Tile:14,Tile:0,Map,Tile:5,Tile:9,Malus,Tile:9,Tile:8,Tile:10,Destroy,Map,Tile:6,Tile:7,Destroy,Tile:5,Tile:8,Tile:13,Tile:15,Map,Tile:4,Tile:0,Tile:6,Map,Tile:12,Tile:6,Tile:8,Tile:9,Tile:10,Tile:7,Tile:0,Bonus,Tile:7,Malus,Destroy,Tile:9,Tile:7-Tile:9,Tile:11,Tile:2,Bonus,Tile:1,Bonus,Tile:10-Bonus,Map,Tile:7,Tile:0,Tile:6,Tile:8,Tile:5-Tile:nugget,Tile:hidden1,Tile:hidden2
Tile:9 5 6 1
Map 12 3 0
Tile:2 6 6 1
Tile:6 6 7 0
Tile:5_flip 6 5 1
Tile:7_flip 4 5 0
Tile:8 6 4 1
Tile:8 7 4 0
Tile:11_flip 7 6 1
Tile:6_flip 5 4 0
Tile:1 8 4 1
Tile:9_flip 7 7 0
Tile:10 7 8 1
Tile:14 9 4 0
Map 12 3 1
Tile:9 7 3 0
Drop 3 0 1
Tile:10 6 3 0
Tile:0 8 3 1
Tile:3 9 3 0
Destroy 6 6 1
Map 12 7 0
Destroy 6 4 1
Map 12 5 0
Tile:15 6 2 1
Drop 5 0 0
Tile:8 4 4 1
Tile:5 7 2 0
Tile:6 8 2 1
Tile:5 8 1 0
Tile:6_flip 6 6 1
Drop 5 0 0
Tile:8 6 4 1
Tile:6_flip 9 1 0
Tile:4 6 1 1
Tile:9_flip 7 9 0
Tile:8 10 1 1
Tile:7_flip 7 10 0
Tile:0 6 9 1
Tile:7_flip 5 7 0
Destroy 6 5 1
Tile:9_flip 10 2 0
Drop 4 0 1
Drop 3 0 0
Tile:7_flip 10 3 1
Map 12 5 0
Drop 3 0 1
Drop 2 0 0
Tile:7 11 1 1
Tile:0 11 3 0
GAMEOVER WINNER 0
# Game ended: Sat Apr 04 02:09:38 EDT 2020
