# Server version 0.08 running on localhost:8123
# Game ID: 359
# Board class: Saboteur.SaboteurBoard
# Timeout: 2000000000
# First Move Timeout: 30000
# Date: Sat Apr 04 00:18:01 EDT 2020
# Player 1: Player-0, '260729805', running on localhost
# Player 2: Player-1, 'RandomPlayer', running on localhost
START Player-0 260729805
START Player-1 RandomPlayer
BoardInit:Tile:5,Destroy,Tile:6,Destroy,Malus,Tile:14,Map,Tile:6,Bonus,Bonus,Tile:13,Tile:8,Tile:9,Tile:9,Tile:8,Tile:3,Tile:10,Tile:0,Tile:8,Tile:10,Malus,Map,Map,Tile:0,Tile:8,Tile:7,Tile:11,Tile:15,Tile:1,Tile:9,Tile:8,Tile:7,Tile:0,Tile:7,Tile:5,Bonus,Tile:2,Tile:5,Bonus,Map,Tile:6-Tile:0,Tile:6,Tile:5,Tile:7,Tile:9,Tile:4,Map-Tile:6,Tile:10,Map,Tile:7,Destroy,Tile:12,Tile:9-Tile:nugget,Tile:hidden2,Tile:hidden1
Tile:4 5 4 1
Map 12 3 0
Tile:0 6 5 1
Tile:7 7 5 0
Tile:6 5 6 1
Tile:12 6 6 0
Tile:6 4 6 1
Tile:6_flip 4 5 0
Tile:9 3 6 1
Tile:6_flip 3 5 0
Drop 1 0 1
Destroy 7 5 0
Tile:5 2 5 1
Tile:14 7 5 0
Map 12 3 1
Destroy 7 5 0
Tile:13 3 7 1
Tile:3 7 5 0
Tile:8 3 8 1
Destroy 7 5 0
Tile:9_flip 7 5 1
Tile:10 7 6 0
Drop 5 0 1
Tile:9 7 4 0
Map 12 7 1
Tile:8 8 4 0
Malus 0 0 1
Bonus 0 0 0
Tile:11_flip 3 9 1
Tile:9_flip 9 4 0
Tile:8 2 8 1
Tile:10 9 5 0
Tile:1 4 7 1
Tile:9 9 6 0
Tile:8 9 3 1
Tile:7 10 6 0
Tile:5_flip 7 7 1
Tile:7 9 2 0
Tile:2_flip 9 7 1
Tile:5 8 3 0
Map 12 3 1
Tile:7 7 3 0
Tile:6 8 2 1
Tile:0 7 2 0
Tile:5 2 7 1
Tile:0 6 7 0
Tile:10 8 1 1
Tile:15 8 5 0
Tile:0 4 8 1
Drop 2 0 0
Drop 0 0 1
Drop 1 0 0
Malus 0 0 1
Drop 0 0 0
Drop 0 0 1
GAMEOVER DRAW
# Game ended: Sat Apr 04 00:18:01 EDT 2020
