# Server version 0.08 running on localhost:8123
# Game ID: 997
# Board class: Saboteur.SaboteurBoard
# Timeout: 2000000000
# First Move Timeout: 30000
# Date: Sat Apr 11 13:07:09 EDT 2020
# Player 1: Player-0, '260729805', running on localhost
# Player 2: Player-1, 'RandomPlayer', running on localhost
START Player-0 260729805
START Player-1 RandomPlayer
BoardInit:Tile:5,Tile:0,Tile:9,Tile:7,Tile:2,Bonus,Tile:6,Destroy,Tile:10,Tile:6,Tile:9,Malus,Bonus,Tile:9,Destroy,Tile:14,Tile:8,Tile:7,Tile:8,Tile:13,Tile:0,Tile:3,Tile:6,Tile:0,Map,Tile:8,Bonus,Tile:8,Tile:5,Malus,Tile:6,Bonus,Map,Tile:8,Tile:10,Destroy,Tile:4,Tile:12,Tile:15,Tile:5,Map-Tile:9,Tile:6,Map,Tile:7,Tile:9,Map,Tile:1-Tile:7,Tile:10,Tile:7,Tile:0,Map,Tile:11,Tile:5-Tile:nugget,Tile:hidden2,Tile:hidden1
Tile:6_flip 5 4 1
Map 12 3 0
Map 12 5 1
Tile:7 6 4 0
Map 12 3 1
Tile:5_flip 6 5 0
Tile:9 4 5 1
Tile:7_flip 5 6 0
Tile:9_flip 4 6 1
Destroy 4 6 0
Tile:10 4 6 1
Tile:0 6 6 0
Tile:6 4 7 1
Malus 0 0 0
Drop 5 0 1
Tile:0 7 6 0
Destroy 7 6 1
Tile:7 7 6 0
Drop 3 0 1
Tile:6 7 7 0
Drop 2 0 1
Tile:9_flip 8 7 0
Drop 3 0 1
Tile:10 8 6 0
Drop 2 0 1
Tile:7 8 5 0
Drop 3 0 1
Tile:8 8 8 0
Drop 6 0 1
Tile:8 9 8 0
Map 12 3 1
Malus 0 0 0
Drop 6 0 1
Tile:0 10 8 0
Drop 3 0 1
Tile:8 11 8 0
Drop 2 0 1
Destroy 11 8 0
Map 12 5 1
Tile:12 11 8 0
Drop 2 0 1
Tile:5 9 7 0
Drop 4 0 1
Tile:14 10 7 0
Drop 1 0 1
Tile:11 10 6 0
Map 12 5 1
Tile:13 10 5 0
Drop 0 0 1
Tile:3 10 4 0
Drop 0 0 1
Drop 1 0 0
Drop 1 0 1
Drop 0 0 0
Drop 0 0 1
GAMEOVER DRAW
# Game ended: Sat Apr 11 13:07:09 EDT 2020
