# Server version 0.08 running on localhost:8123
# Game ID: 93
# Board class: Saboteur.SaboteurBoard
# Timeout: 20000
# First Move Timeout: 30000
# Date: Mon Mar 30 21:12:40 EDT 2020
# Player 1: Player-0, '260729805', running on localhost
# Player 2: Player-1, 'RandomPlayer', running on localhost
START Player-0 260729805
START Player-1 RandomPlayer
BoardInit:Tile:5,Tile:6,Tile:5,Map,Tile:7,Tile:3,Tile:8,Tile:6,Tile:10,Map,Bonus,Tile:0,Tile:9,Tile:1,Tile:7,Bonus,Tile:6,Tile:12,Tile:6,Tile:7,Tile:0,Map,Tile:8,Tile:8,Destroy,Tile:7,Destroy,Tile:9,Malus,Tile:10,Tile:10,Destroy,Malus,Map,Tile:5,Tile:7,Tile:2,Tile:9,Tile:5,Tile:15,Tile:4-Tile:6,Tile:0,Bonus,Tile:0,Tile:11,Map,Tile:9-Tile:13,Map,Tile:9,Tile:8,Bonus,Tile:14,Tile:8-Tile:nugget,Tile:hidden1,Tile:hidden2
Tile:9 5 4 1
Drop 6 0 0
Tile:11_flip 6 4 1
Drop 6 0 0
Drop 4 0 1
Drop 6 0 0
Tile:5_flip 5 6 1
Drop 6 0 0
Tile:6 4 5 1
