# Server version 0.08 running on localhost:8123
# Game ID: 576
# Board class: Saboteur.SaboteurBoard
# Timeout: 2000000000
# First Move Timeout: 30000
# Date: Sun Apr 05 20:50:32 EDT 2020
# Player 1: Player-0, '260729805', running on localhost
# Player 2: Player-1, 'Human', running on localhost
START Player-0 260729805
START Player-1 Human
BoardInit:Tile:7,Tile:8,Tile:7,Tile:8,Tile:8,Malus,Tile:8,Map,Tile:15,Tile:6,Bonus,Bonus,Map,Tile:11,Map,Tile:5,Tile:10,Tile:14,Tile:5,Tile:13,Bonus,Malus,Tile:0,Tile:10,Tile:7,Tile:9,Tile:5,Tile:6,Map,Tile:9,Tile:0,Bonus,Tile:12,Tile:10,Destroy,Tile:6,Tile:1,Tile:5,Tile:0,Tile:6,Tile:8-Tile:3,Tile:4,Tile:7,Tile:7,Tile:0,Destroy,Tile:9-Tile:9,Tile:6,Tile:9,Map,Tile:2,Map,Destroy-Tile:hidden2,Tile:hidden1,Tile:nugget
Tile:0 6 5 1
Map 12 3 0
Tile:7 7 5 1
Map 12 5 0
Tile:9 7 6 1
Tile:6 8 6 0
Tile:8 9 6 1
Tile:9_flip 10 6 0
Tile:8 10 5 1
Tile:9_flip 11 5 0
Destroy 11 5 1
Tile:6 9 7 0
Drop 5 0 1
Tile:8 9 5 0
Map 12 7 1
Tile:8 10 4 0
Tile:7 11 4 1
Tile:5_flip 11 5 0
GAMEOVER USER CANCEL UNDECIDED
# Game ended: Sun Apr 05 20:53:53 EDT 2020
