# Server version 0.08 running on localhost:8123
# Game ID: 443
# Board class: Saboteur.SaboteurBoard
# Timeout: 2000000000
# First Move Timeout: 30000
# Date: Sun Apr 05 13:30:55 EDT 2020
# Player 1: Player-0, '260729805', running on localhost
# Player 2: Player-1, 'Human', running on localhost
START Player-0 260729805
START Player-1 Human
BoardInit:Tile:6,Destroy,Tile:7,Map,Tile:9,Tile:8,Malus,Tile:11,Tile:6,Tile:8,Bonus,Tile:8,Destroy,Tile:1,Tile:5,Map,Map,Tile:9,Tile:5,Tile:0,Tile:2,Malus,Tile:14,Tile:6,Tile:7,Destroy,Tile:6,Tile:0,Map,Tile:7,Bonus,Tile:7,Tile:9,Tile:8,Tile:5,Map,Tile:13,Tile:0,Tile:5,Tile:9,Tile:6-Tile:9,Tile:4,Tile:10,Tile:10,Tile:0,Tile:3,Bonus-Tile:15,Tile:10,Tile:8,Map,Tile:7,Tile:12,Bonus-Tile:nugget,Tile:hidden1,Tile:hidden2
Tile:0 6 5 1
Map 12 3 0
Tile:6 7 5 1
Tile:7 8 5 0
Drop 4 0 1
Tile:12_flip 4 5 0
Tile:9 8 6 1
Destroy 8 5 0
Tile:7 8 5 1
Tile:11_flip 9 6 0
Drop 0 0 1
Tile:15 9 5 0
Tile:9 8 7 1
Drop 6 0 0
Tile:6 9 7 1
Drop 6 0 0
