# Server version 0.08 running on 192.168.1.5:8123
# Game ID: 26
# Board class: Saboteur.SaboteurBoard
# Timeout: 20000
# First Move Timeout: 30000
# Date: Sat Mar 28 19:39:49 EDT 2020
# Player 1: Player-0, '260729805', running on 192.168.1.5
# Player 2: Player-1, 'RandomPlayer', running on 192.168.1.5
START Player-0 260729805
START Player-1 RandomPlayer
BoardInit:Tile:9,Tile:6,Tile:8,Tile:10,Tile:9,Tile:8,Tile:6,Tile:8,Map,Tile:10,Map,Map,Tile:4,Map,Tile:6,Tile:15,Bonus,Map,Tile:9,Tile:7,Bonus,Tile:7,Tile:13,Map,Tile:0,Tile:0,Tile:1,Tile:6,Tile:2,Destroy,Tile:0,Tile:9,Tile:9,Bonus,Tile:7,Bonus,Tile:7,Tile:5,Malus,Tile:7,Tile:12-Tile:0,Tile:5,Tile:5,Tile:3,Tile:8,Tile:14,Tile:11-Destroy,Tile:6,Destroy,Tile:5,Tile:8,Tile:10,Malus-Tile:hidden1,Tile:nugget,Tile:hidden2
Tile:3 5 4 1
Tile:6 5 6 0
Drop 1 0 1
Tile:8 6 5 0
Tile:9 4 4 1
Tile:10 4 3 0
Tile:14 6 6 1
Tile:6 7 5 0
Tile:6_flip 7 4 1
Tile:8 8 4 0
Drop 4 0 1
Tile:10 8 3 0
Tile:8 8 5 1
Destroy 7 4 0
Tile:11_flip 8 6 1
Tile:8 8 7 0
Tile:5 6 4 1
Destroy 6 4 0
Tile:0 9 4 1
Drop 1 0 0
Drop 3 0 1
Tile:10 8 8 0
Drop 5 0 1
Tile:5 7 7 0
Tile:13 7 4 1
Tile:7 7 3 0
Map 12 7 1
Map 12 3 0
Drop 2 0 1
Tile:6_flip 6 3 0
Tile:9 4 2 1
Map 12 3 0
Drop 1 0 1
Map 12 3 0
Tile:0 5 2 1
Tile:0 10 4 0
Tile:9_flip 7 8 1
Tile:9 6 4 0
Tile:7_flip 4 5 1
Destroy 7 8 0
Tile:1 9 7 1
Tile:5_flip 6 2 0
Tile:2 10 7 1
Tile:15 6 1 0
Drop 4 0 1
Drop 3 0 0
Tile:12 11 4 1
Tile:7_flip 8 9 0
Tile:7 9 5 1
Map 12 3 0
Map 12 5 1
Tile:7_flip 9 6 0
Tile:0 11 7 1
Drop 0 0 0
Drop 0 0 1
GAMEOVER DRAW
# Game ended: Sat Mar 28 19:39:49 EDT 2020
