# Server version 0.08 running on localhost:8123
# Game ID: 425
# Board class: Saboteur.SaboteurBoard
# Timeout: 2000000000
# First Move Timeout: 30000
# Date: Sat Apr 04 21:39:05 EDT 2020
# Player 1: Player-0, '260729805', running on localhost
# Player 2: Player-1, 'Human', running on localhost
START Player-0 260729805
START Player-1 Human
BoardInit:Destroy,Tile:5,Tile:1,Tile:13,Tile:7,Malus,Tile:7,Tile:0,Tile:8,Tile:10,Malus,Tile:8,Tile:6,Bonus,Tile:14,Tile:9,Tile:6,Destroy,Tile:9,Tile:7,Tile:8,Tile:6,Tile:9,Tile:0,Tile:7,Map,Tile:15,Tile:8,Tile:9,Tile:10,Tile:5,Tile:11,Map,Tile:9,Tile:0,Bonus,Map,Tile:5,Bonus,Tile:5,Tile:3-Map,Tile:8,Tile:12,Tile:6,Tile:10,Destroy,Tile:4-Bonus,Map,Tile:0,Tile:6,Tile:7,Tile:2,Map-Tile:nugget,Tile:hidden2,Tile:hidden1
Tile:6 6 5 1
Map 12 3 0
Tile:8 7 5 1
Tile:7 8 5 0
Tile:10 8 6 1
Tile:5 7 4 0
Map 12 7 1
Tile:0 8 4 0
Tile:7 9 4 1
Tile:6 8 7 0
Tile:8 9 7 1
Tile:0 7 7 0
Destroy 7 7 1
Tile:2_flip 9 8 0
Tile:6 10 7 1
Tile:8 11 7 0
Destroy 9 8 1
Tile:10 12 6 0
Drop 5 0 1
Tile:9 12 4 0
GAMEOVER WINNER 0
# Game ended: Sat Apr 04 21:39:38 EDT 2020
