# Server version 0.08 running on macbook-pro-5.local:8123
# Game ID: 989
# Board class: Saboteur.SaboteurBoard
# Timeout: 2000000000
# First Move Timeout: 30000
# Date: Sat Apr 11 12:54:23 EDT 2020
# Player 1: Player-0, '260729805', running on localhost
# Player 2: Player-1, 'Human', running on localhost
START Player-0 260729805
START Player-1 Human
BoardInit:Tile:8,Tile:0,Tile:7,Tile:7,Tile:12,Bonus,Tile:0,Tile:9,Bonus,Tile:5,Tile:5,Tile:0,Tile:15,Tile:8,Tile:9,Map,Tile:7,Map,Tile:10,Tile:9,Tile:0,Tile:9,Tile:3,Tile:13,Tile:2,Tile:8,Malus,Malus,Tile:10,Tile:6,Tile:5,Map,Bonus,Tile:11,Tile:5,Tile:6,Tile:4,Tile:8,Destroy,Destroy,Destroy-Map,Tile:7,Tile:7,Map,Tile:14,Tile:6,Tile:10-Bonus,Tile:6,Tile:8,Map,Tile:1,Tile:9,Tile:6-Tile:hidden1,Tile:hidden2,Tile:nugget
Tile:6 6 5 1
Map 12 3 0
Tile:8 7 5 1
Tile:6 8 5 0
Tile:7 9 5 1
Tile:6 9 6 0
Tile:7 10 6 1
Tile:0 8 6 0
Map 12 7 1
Tile:7 8 4 0
Drop 1 0 1
Tile:5 7 4 0
Tile:7_flip 10 7 1
Tile:0 11 7 0
GAMEOVER WINNER 0
# Game ended: Sat Apr 11 12:54:52 EDT 2020
