# Server version 0.08 running on 192.168.1.5:8123
# Game ID: 103
# Board class: Saboteur.SaboteurBoard
# Timeout: 20000
# First Move Timeout: 30000
# Date: Mon Mar 30 22:59:36 EDT 2020
# Player 1: Player-0, '260729805', running on 192.168.1.5
# Player 2: Player-1, 'RandomPlayer', running on 192.168.1.5
START Player-0 260729805
START Player-1 RandomPlayer
BoardInit:Map,Tile:7,Map,Destroy,Tile:9,Tile:1,Tile:7,Tile:3,Tile:11,Bonus,Tile:7,Tile:6,Tile:5,Tile:9,Map,Malus,Tile:10,Tile:5,Tile:8,Malus,Tile:6,Tile:14,Destroy,Tile:10,Map,Destroy,Tile:9,Bonus,Bonus,Tile:2,Tile:9,Tile:0,Map,Tile:6,Tile:6,Tile:0,Tile:6,Tile:13,Tile:8,Tile:0,Tile:5-Tile:15,Tile:12,Tile:5,Tile:4,Tile:7,Tile:9,Tile:7-Tile:0,Tile:8,Map,Tile:8,Bonus,Tile:10,Tile:8-Tile:nugget,Tile:hidden2,Tile:hidden1
Tile:7 5 4 1
Tile:0 4 5 0
Drop 1 0 1
Map 12 7 0
Tile:5_flip 5 6 1
Drop 2 0 0
Drop 5 0 1
Tile:7_flip 4 4 0
Tile:7 6 5 1
Tile:1 3 5 0
Tile:4_flip 6 6 1
Tile:3_flip 2 5 0
Drop 0 0 1
Tile:10 4 3 0
Tile:5 4 6 1
Tile:8 4 2 0
Tile:9_flip 4 1 1
Destroy 2 5 0
Tile:11 4 0 1
Tile:6 3 1 0
Tile:9 2 1 1
Tile:9_flip 4 7 0
Tile:7 5 0 1
Tile:8 4 8 0
Tile:8 3 7 1
Tile:8 5 8 0
Destroy 3 1 1
Tile:5_flip 4 9 0
Tile:6 3 8 1
Tile:14_flip 2 7 0
Tile:10 5 9 1
Tile:2_flip 2 8 0
Tile:9 2 5 1
Destroy 4 3 0
Tile:9_flip 2 4 1
Tile:6 1 8 0
Tile:7 2 3 1
Tile:0 5 2 0
Tile:6 3 2 1
Tile:0 1 3 0
Tile:6 6 2 1
Tile:13 4 3 0
Map 12 5 1
Malus 0 0 0
Drop 1 0 1
Drop 3 0 0
Drop 3 0 1
Tile:0 5 3 0
Map 12 3 1
Drop 2 0 0
Drop 1 0 1
Malus 0 0 0
Bonus 0 0 1
Drop 0 0 0
Drop 0 0 1
GAMEOVER DRAW
# Game ended: Mon Mar 30 22:59:40 EDT 2020
