# Server version 0.08 running on localhost:8123
# Game ID: 810
# Board class: Saboteur.SaboteurBoard
# Timeout: 2000000000
# First Move Timeout: 30000
# Date: Thu Apr 09 02:24:57 EDT 2020
# Player 1: Player-0, '260729805', running on localhost
# Player 2: Player-1, 'RandomPlayer', running on localhost
START Player-0 260729805
START Player-1 RandomPlayer
BoardInit:Map,Bonus,Tile:9,Map,Tile:7,Tile:10,Tile:8,Tile:9,Tile:9,Tile:4,Tile:8,Map,Tile:5,Tile:7,Tile:0,Destroy,Tile:6,Bonus,Tile:3,Tile:0,Tile:6,Bonus,Tile:14,Tile:8,Malus,Tile:8,Tile:5,Bonus,Tile:10,Tile:5,Map,Tile:9,Tile:2,Tile:10,Tile:7,Tile:8,Tile:1,Tile:6,Destroy,Tile:11,Tile:6-Tile:5,Tile:7,Tile:0,Malus,Tile:0,Tile:13,Tile:6-Tile:7,Tile:12,Tile:9,Map,Map,Destroy,Tile:15-Tile:hidden2,Tile:hidden1,Tile:nugget
Malus 0 0 1
Map 12 3 0
Tile:0 6 5 1
Map 12 5 0
Tile:13 5 6 1
Bonus 0 0 0
Drop 2 0 1
Tile:7 7 5 0
Tile:7_flip 7 6 1
Tile:9_flip 8 6 0
Tile:5 5 4 1
Tile:10 8 7 0
Tile:9 8 8 1
Tile:9_flip 9 8 0
Tile:5_flip 9 9 1
Tile:7_flip 8 9 0
Tile:8 5 7 1
Destroy 5 6 0
Tile:0 4 7 1
Tile:4 9 7 0
Tile:9 5 6 1
Tile:0 6 7 0
Tile:6 4 5 1
Destroy 9 7 0
Tile:14_flip 8 5 1
Tile:8 5 8 0
Tile:7 7 7 1
Tile:8 5 9 0
Tile:6 3 7 1
Tile:12 6 6 0
Map 12 3 1
Tile:5 9 7 0
Tile:8 3 6 1
Tile:9_flip 10 7 0
Tile:5 2 7 1
Tile:10 10 8 0
Tile:10 7 8 1
Tile:8 10 6 0
Tile:3_flip 9 6 1
Tile:6_flip 10 5 0
Tile:2 9 5 1
Tile:11_flip 11 6 0
Tile:7 6 8 1
Tile:15 11 7 0
Destroy 7 6 1
Drop 4 0 0
Tile:6 5 10 1
