# Server version 0.08 running on localhost:8123
# Game ID: 418
# Board class: Saboteur.SaboteurBoard
# Timeout: 2000000000
# First Move Timeout: 30000
# Date: Sat Apr 04 02:09:33 EDT 2020
# Player 1: Player-0, '260729805', running on localhost
# Player 2: Player-1, 'RandomPlayer', running on localhost
START Player-0 260729805
START Player-1 RandomPlayer
BoardInit:Tile:15,Tile:1,Malus,Tile:3,Map,Tile:10,Tile:9,Tile:7,Tile:10,Bonus,Tile:13,Tile:0,Tile:5,Tile:0,Malus,Tile:8,Tile:8,Tile:6,Tile:0,Tile:5,Tile:7,Bonus,Tile:6,Map,Tile:6,Tile:6,Tile:14,Map,Tile:7,Tile:9,Map,Destroy,Tile:2,Tile:5,Tile:4,Destroy,Tile:0,Tile:9,Tile:12,Tile:9,Tile:7-Bonus,Destroy,Map,Tile:11,Tile:10,Tile:5,Map-Tile:6,Bonus,Tile:8,Tile:8,Tile:9,Tile:8,Tile:7-Tile:nugget,Tile:hidden2,Tile:hidden1
Drop 2 0 1
Tile:8 5 4 0
Tile:11 5 3 1
Tile:8 4 5 0
Tile:5 5 2 1
Tile:7 6 3 0
Drop 6 0 1
Tile:1 6 2 0
Drop 0 0 1
Tile:6_flip 7 2 0
Tile:15 4 6 1
Tile:3_flip 5 6 0
Tile:13 6 5 1
Tile:8 6 4 0
Tile:5 4 4 1
Tile:9_flip 6 6 0
Destroy 4 4 1
Tile:0 3 5 0
Map 12 7 1
Tile:8 4 7 0
Tile:9 3 7 1
Tile:6 6 7 0
Tile:7_flip 2 5 1
Tile:0 5 7 0
Tile:10 4 8 1
Tile:7_flip 7 3 0
Tile:6_flip 7 4 1
Map 12 3 0
Tile:14 8 3 1
Tile:5_flip 7 5 0
Tile:7 7 7 1
Tile:9_flip 4 9 0
Tile:10 3 8 1
Destroy 5 7 0
Tile:2 8 4 1
Drop 3 0 0
Tile:6_flip 9 4 1
Destroy 7 2 0
Tile:4_flip 8 5 1
Tile:9_flip 8 2 0
Tile:8 3 9 1
Tile:6 3 10 0
Tile:12 10 4 1
Map 12 5 0
Drop 2 0 1
Drop 3 0 0
Tile:0 5 7 1
Drop 0 0 0
Drop 3 0 1
Tile:10 2 4 0
Map 12 5 1
Tile:9 9 5 0
Drop 0 0 1
Drop 0 0 0
Malus 0 0 1
GAMEOVER DRAW
# Game ended: Sat Apr 04 02:09:33 EDT 2020
