# Server version 0.08 running on localhost:8123
# Game ID: 440
# Board class: Saboteur.SaboteurBoard
# Timeout: 2000000000
# First Move Timeout: 30000
# Date: Sun Apr 05 12:56:26 EDT 2020
# Player 1: Player-0, '260729805', running on localhost
# Player 2: Player-1, 'Human', running on localhost
START Player-0 260729805
START Player-1 Human
BoardInit:Map,Map,Tile:0,Tile:15,Tile:12,Tile:5,Tile:8,Tile:6,Map,Tile:8,Tile:9,Tile:9,Tile:7,Tile:1,Malus,Tile:8,Tile:7,Tile:3,Malus,Tile:6,Destroy,Bonus,Tile:6,Bonus,Tile:6,Destroy,Bonus,Tile:7,Map,Tile:10,Tile:7,Tile:2,Tile:0,Tile:5,Tile:5,Destroy,Tile:11,Tile:9,Tile:10,Tile:9,Bonus-Tile:5,Map,Tile:14,Tile:10,Tile:9,Tile:8,Tile:4-Tile:8,Tile:0,Tile:6,Tile:7,Map,Tile:13,Tile:0-Tile:nugget,Tile:hidden2,Tile:hidden1
Tile:8 6 5 1
Map 12 3 0
Map 12 7 1
Map 12 3 0
Map 12 5 1
Tile:0 7 5 0
Tile:0 8 5 1
Tile:7 9 5 0
Tile:8 9 6 1
Tile:6 10 6 0
Map 12 3 1
Tile:0 8 6 0
Drop 5 0 1
Tile:5_flip 9 7 0
Tile:7 11 6 1
Tile:6 11 7 0
Drop 4 0 1
Tile:9 12 6 0
Drop 6 0 1
Tile:8 12 4 0
GAMEOVER WINNER 0
# Game ended: Sun Apr 05 12:57:20 EDT 2020
