# Server version 0.08 running on localhost:8123
# Game ID: 367
# Board class: Saboteur.SaboteurBoard
# Timeout: 2000000000
# First Move Timeout: 30000
# Date: Sat Apr 04 00:27:25 EDT 2020
# Player 1: Player-0, '260729805', running on localhost
# Player 2: Player-1, 'RandomPlayer', running on localhost
START Player-0 260729805
START Player-1 RandomPlayer
BoardInit:Tile:7,Bonus,Tile:7,Tile:10,Tile:10,Tile:7,Bonus,Tile:0,Tile:9,Map,Tile:7,Tile:8,Tile:6,Tile:9,Tile:8,Bonus,Tile:6,Tile:5,Tile:15,Tile:6,Map,Tile:0,Tile:12,Map,Tile:8,Tile:9,Tile:14,Tile:9,Malus,Tile:10,Destroy,Map,Tile:2,Map,Destroy,Tile:4,Tile:0,Tile:6,Tile:11,Map,Tile:7-Tile:8,Tile:5,Tile:3,Destroy,Tile:5,Tile:13,Tile:0-Tile:8,Tile:6,Malus,Tile:9,Tile:5,Bonus,Tile:1-Tile:nugget,Tile:hidden1,Tile:hidden2
Tile:8 5 6 1
Tile:6 6 5 0
Tile:5 4 6 1
Tile:5_flip 7 5 0
Tile:3_flip 4 5 1
Tile:1 6 6 0
Destroy 7 5 1
Tile:7 7 5 0
Tile:13 6 4 1
Tile:0 7 4 0
Tile:7 6 3 1
Map 12 3 0
Tile:10 5 7 1
Drop 6 0 0
Tile:6 8 4 1
Drop 6 0 0
Tile:8 9 4 1
Drop 6 0 0
Drop 0 0 1
Tile:5_flip 7 6 0
Tile:0 5 3 1
Tile:8 5 8 0
Tile:7 9 3 1
Tile:9_flip 6 8 0
Tile:15 4 4 1
Tile:10 6 9 0
Tile:7_flip 6 10 1
Tile:9_flip 7 10 0
Tile:9 4 3 1
Tile:9 7 9 0
Tile:14_flip 7 8 1
Tile:10 7 11 0
Destroy 8 4 1
Tile:6 8 9 0
Tile:2 4 2 1
Tile:0 9 9 0
Tile:8 9 5 1
Tile:4 6 7 0
Map 12 5 1
Tile:6 10 9 0
Tile:12_flip 4 8 1
Drop 6 0 0
Drop 0 0 1
Drop 5 0 0
Destroy 5 8 1
Drop 4 0 0
Tile:7_flip 8 3 1
Drop 3 0 0
Tile:11_flip 7 12 1
Drop 2 0 0
Tile:0 3 2 1
Drop 1 0 0
Tile:6 7 13 1
Malus 0 0 0
Malus 0 0 1
GAMEOVER DRAW
# Game ended: Sat Apr 04 00:27:25 EDT 2020
