# Server version 0.08 running on localhost:8123
# Game ID: 70
# Board class: Saboteur.SaboteurBoard
# Timeout: 20000
# First Move Timeout: 30000
# Date: Mon Mar 30 00:30:12 EDT 2020
# Player 1: Player-0, '260729805', running on localhost
# Player 2: Player-1, 'RandomPlayer', running on localhost
START Player-0 260729805
START Player-1 RandomPlayer
BoardInit:Tile:10,Tile:3,Tile:8,Destroy,Tile:6,Tile:9,Tile:10,Tile:5,Map,Tile:0,Map,Tile:6,Tile:0,Tile:0,Tile:9,Tile:8,Tile:10,Tile:4,Destroy,Tile:8,Tile:1,Tile:8,Tile:7,Destroy,Bonus,Map,Tile:14,Tile:5,Map,Bonus,Tile:9,Tile:12,Tile:7,Malus,Tile:7,Tile:0,Tile:6,Tile:7,Tile:11,Tile:6,Tile:9-Tile:15,Tile:2,Map,Tile:9,Map,Tile:6,Bonus-Tile:7,Malus,Bonus,Tile:5,Tile:13,Tile:8,Tile:5-Tile:hidden2,Tile:hidden1,Tile:nugget
Map 12 7 1
Drop 3 0 0
Tile:9 4 5 1
Tile:13 5 6 0
Drop 1 0 1
Tile:8 6 5 0
Tile:6 4 6 1
Tile:3 6 4 0
Tile:8 6 6 1
Tile:9 4 4 0
Drop 1 0 1
Tile:5_flip 6 7 0
Drop 0 0 1
Drop 2 0 0
Tile:0 7 6 1
Destroy 4 6 0
Tile:9_flip 8 6 1
Tile:8 4 6 0
Tile:10 8 7 1
Tile:0 3 6 0
Tile:6_flip 4 3 1
Tile:7_flip 2 6 0
Map 12 3 1
Tile:8 5 7 0
Tile:10 8 5 1
Tile:5 3 3 0
Map 12 3 1
Malus 0 0 0
Destroy 6 5 1
Drop 0 0 0
Bonus 0 0 1
Drop 2 0 0
Tile:14 8 8 1
Drop 1 0 0
Tile:9_flip 3 4 1
Destroy 4 4 0
Drop 3 0 1
Tile:5_flip 3 5 0
Tile:6_flip 2 5 1
Map 12 5 0
Tile:11 4 4 1
Tile:12_flip 2 4 0
Tile:10 8 4 1
Tile:6_flip 8 3 0
Tile:7_flip 1 5 1
Drop 0 0 0
Tile:9_flip 9 3 1
Tile:7_flip 9 4 0
Tile:1 7 3 1
Drop 2 0 0
Drop 1 0 1
Malus 0 0 0
Map 12 3 1
Drop 0 0 0
Drop 0 0 1
GAMEOVER DRAW
# Game ended: Mon Mar 30 00:32:04 EDT 2020
