# Server version 0.08 running on localhost:8123
# Game ID: 257
# Board class: Saboteur.SaboteurBoard
# Timeout: 2000000000
# First Move Timeout: 30000
# Date: Fri Apr 03 01:18:28 EDT 2020
# Player 1: Player-0, '260729805', running on localhost
# Player 2: Player-1, 'Human', running on localhost
START Player-0 260729805
START Player-1 Human
BoardInit:Tile:15,Tile:0,Bonus,Tile:9,Tile:6,Tile:6,Tile:5,Tile:6,Bonus,Tile:5,Map,Tile:3,Map,Destroy,Tile:8,Malus,Tile:7,Tile:10,Tile:8,Tile:9,Map,Bonus,Tile:14,Tile:8,Tile:5,Tile:0,Tile:12,Tile:5,Tile:6,Tile:0,Tile:9,Malus,Tile:9,Tile:10,Map,Tile:8,Bonus,Tile:7,Tile:7,Tile:8,Tile:7-Tile:9,Destroy,Tile:11,Tile:2,Tile:4,Tile:6,Tile:0-Map,Tile:10,Tile:13,Tile:1,Tile:7,Destroy,Map-Tile:hidden1,Tile:nugget,Tile:hidden2
Tile:6 6 5 1
Tile:7 7 5 0
Tile:9 7 6 1
Tile:10 7 7 0
Tile:0 8 6 1
Tile:9_flip 9 6 0
Tile:6 9 7 1
Tile:6_flip 9 5 0
Tile:4 6 4 1
Destroy 6 4 0
Drop 2 0 1
Tile:5 8 7 0
Map 12 7 1
Tile:6_flip 6 4 0
Drop 5 0 1
Tile:0 7 4 0
Tile:8 10 7 1
Tile:13 11 7 0
Destroy 11 7 1
Tile:10 10 6 0
Map 12 5 1
Tile:9_flip 11 7 0
Map 12 3 1
Tile:3 8 4 0
Tile:7 10 5 1
Tile:8 10 8 0
Tile:8 11 8 1
Tile:0 12 8 0
Drop 3 0 1
Tile:5 9 8 0
Drop 5 0 1
Tile:0 4 5 0
Drop 1 0 1
Map 12 3 0
Drop 0 0 1
Tile:10 11 9 0
Tile:9 11 6 1
Tile:8 12 6 0
GAMEOVER WINNER 0
# Game ended: Fri Apr 03 01:21:58 EDT 2020
