# Server version 0.08 running on localhost:8123
# Game ID: 952
# Board class: Saboteur.SaboteurBoard
# Timeout: 2000000000
# First Move Timeout: 30000
# Date: Sat Apr 11 02:19:02 EDT 2020
# Player 1: Player-0, '260729805', running on localhost
# Player 2: Player-1, 'RandomPlayer', running on localhost
START Player-0 260729805
START Player-1 RandomPlayer
BoardInit:Tile:5,Tile:2,Tile:8,Map,Tile:5,Bonus,Tile:0,Tile:4,Destroy,Tile:9,Tile:0,Map,Map,Tile:6,Tile:9,Bonus,Map,Tile:10,Tile:10,Tile:8,Tile:6,Tile:8,Tile:5,Destroy,Tile:9,Tile:5,Tile:0,Tile:8,Tile:6,Tile:0,Tile:11,Destroy,Tile:10,Tile:7,Tile:14,Map,Tile:6,Malus,Tile:7,Tile:3,Tile:9-Tile:7,Bonus,Tile:7,Tile:13,Tile:15,Map,Tile:8-Malus,Bonus,Tile:6,Tile:1,Tile:12,Tile:9,Tile:7-Tile:hidden1,Tile:nugget,Tile:hidden2
Drop 3 0 1
Malus 0 0 0
Drop 5 0 1
Tile:6 6 5 0
Map 12 5 1
Tile:7 7 5 0
Drop 3 0 1
Tile:9 7 6 0
Drop 5 0 1
Tile:12 8 6 0
Bonus 0 0 1
Tile:9 7 7 0
Drop 0 0 1
Tile:4_flip 7 8 0
Tile:7_flip 5 6 1
Tile:6_flip 8 7 0
Drop 1 0 1
Tile:1 9 7 0
Tile:9 5 4 1
Tile:10 8 8 0
Tile:0 10 7 1
Tile:8 11 7 0
Tile:6_flip 4 5 1
Tile:8 8 9 0
Destroy 8 9 1
Destroy 8 8 0
Tile:5 3 5 1
Tile:5 11 6 0
Map 12 7 1
Tile:8 12 6 0
Tile:5_flip 11 8 1
Tile:0 13 6 0
Tile:6_flip 6 4 1
Destroy 7 8 0
Tile:9 8 8 1
Tile:7 9 8 0
Tile:11_flip 7 8 1
Tile:2_flip 9 9 0
Tile:10 5 3 1
Malus 0 0 0
Drop 6 0 1
Tile:3 10 9 0
Drop 4 0 1
Drop 5 0 0
Drop 1 0 1
Drop 4 0 0
Drop 2 0 1
Drop 3 0 0
Drop 0 0 1
Drop 2 0 0
Drop 0 0 1
Drop 1 0 0
Drop 1 0 1
Drop 0 0 0
Drop 0 0 1
GAMEOVER DRAW
# Game ended: Sat Apr 11 02:19:03 EDT 2020
