# Server version 0.08 running on localhost:8123
# Game ID: 981
# Board class: Saboteur.SaboteurBoard
# Timeout: 2000000000
# First Move Timeout: 30000
# Date: Sat Apr 11 02:38:37 EDT 2020
# Player 1: Player-0, '260729805', running on localhost
# Player 2: Player-1, 'RandomPlayer', running on localhost
START Player-0 260729805
START Player-1 RandomPlayer
BoardInit:Map,Map,Tile:8,Tile:2,Map,Tile:15,Tile:6,Bonus,Bonus,Tile:6,Map,Tile:5,Destroy,Tile:5,Tile:9,Tile:5,Tile:13,Tile:14,Tile:6,Tile:9,Destroy,Malus,Malus,Tile:0,Tile:7,Tile:7,Tile:10,Tile:8,Tile:8,Tile:0,Tile:7,Tile:8,Map,Tile:11,Tile:10,Bonus,Bonus,Tile:1,Map,Tile:9,Tile:7-Tile:5,Tile:3,Destroy,Tile:10,Tile:4,Tile:7,Tile:6-Tile:12,Tile:6,Tile:8,Tile:9,Tile:9,Tile:0,Tile:0-Tile:hidden1,Tile:nugget,Tile:hidden2
Tile:5 4 5 1
Tile:6 6 5 0
Tile:7_flip 4 6 1
Tile:0 7 5 0
Tile:8 5 4 1
Tile:0 8 5 0
Map 12 7 1
Tile:8 9 5 0
Tile:6 10 5 1
Tile:9_flip 11 5 0
Tile:6_flip 11 4 1
Tile:9_flip 12 4 0
GAMEOVER WINNER 0
# Game ended: Sat Apr 11 02:38:37 EDT 2020
