# Server version 0.08 running on 192.168.1.5:8123
# Game ID: 61
# Board class: Saboteur.SaboteurBoard
# Timeout: 20000
# First Move Timeout: 30000
# Date: Mon Mar 30 00:02:20 EDT 2020
# Player 1: Player-0, '260729805', running on 192.168.1.5
# Player 2: Player-1, 'RandomPlayer', running on 192.168.1.5
START Player-0 260729805
START Player-1 RandomPlayer
BoardInit:Tile:8,Tile:10,Map,Destroy,Tile:13,Tile:0,Malus,Bonus,Tile:6,Tile:14,Tile:12,Tile:8,Tile:10,Tile:7,Malus,Map,Tile:9,Tile:0,Tile:11,Tile:6,Map,Tile:6,Tile:0,Destroy,Map,Tile:4,Bonus,Tile:3,Bonus,Tile:6,Tile:5,Bonus,Tile:8,Tile:15,Tile:7,Tile:6,Tile:5,Tile:2,Tile:10,Tile:8,Tile:5-Tile:5,Tile:7,Tile:7,Tile:9,Tile:9,Map,Tile:9-Tile:0,Tile:7,Tile:8,Tile:9,Tile:1,Map,Destroy-Tile:nugget,Tile:hidden2,Tile:hidden1
Tile:9 4 5 1
Tile:9_flip 6 5 0
Map 12 3 1
Tile:7 4 4 0
Tile:9 3 4 1
Destroy 3 4 0
Tile:7_flip 3 4 1
Map 12 7 0
Tile:7_flip 6 6 1
Tile:10 5 4 0
Tile:9_flip 4 6 1
Tile:8 4 7 0
Tile:6_flip 3 7 1
Tile:8 4 8 0
Tile:5_flip 7 6 1
Tile:14_flip 7 5 0
Tile:8 4 9 1
Tile:0 5 7 0
Tile:10 6 4 1
Tile:7 3 3 0
Map 12 7 1
Tile:6_flip 2 3 0
Tile:13 5 3 1
Destroy 6 5 0
Tile:9 3 8 1
Tile:6 8 5 0
Drop 3 0 1
Tile:4_flip 5 6 0
Tile:12 5 8 1
Tile:3 6 7 0
Drop 3 0 1
Tile:1 1 3 0
Map 12 5 1
Tile:6 3 6 0
Tile:5 2 6 1
Destroy 3 6 0
Tile:8 4 10 1
Drop 6 0 0
Tile:7_flip 6 8 1
Drop 6 0 0
Tile:10 2 4 1
Tile:0 7 8 0
Drop 0 0 1
Map 12 5 0
Drop 4 0 1
Tile:8 6 3 0
Tile:5_flip 7 3 1
Tile:15 6 2 0
Malus 0 0 1
Drop 1 0 0
Map 12 3 1
Bonus 0 0 0
Drop 1 0 1
Drop 0 0 0
Drop 0 0 1
GAMEOVER DRAW
# Game ended: Mon Mar 30 00:02:20 EDT 2020
