# Server version 0.08 running on localhost:8123
# Game ID: 953
# Board class: Saboteur.SaboteurBoard
# Timeout: 2000000000
# First Move Timeout: 30000
# Date: Sat Apr 11 02:19:25 EDT 2020
# Player 1: Player-0, '260729805', running on localhost
# Player 2: Player-1, 'RandomPlayer', running on localhost
START Player-0 260729805
START Player-1 RandomPlayer
BoardInit:Tile:5,Tile:7,Tile:3,Tile:7,Tile:10,Tile:8,Tile:5,Tile:0,Tile:9,Bonus,Tile:7,Destroy,Tile:6,Tile:10,Tile:9,Malus,Tile:7,Tile:8,Tile:6,Map,Map,Destroy,Tile:5,Tile:12,Bonus,Tile:4,Tile:9,Map,Tile:5,Map,Tile:6,Tile:13,Map,Tile:0,Tile:11,Tile:0,Tile:15,Tile:9,Destroy,Tile:2,Tile:0-Tile:7,Tile:8,Tile:10,Tile:1,Tile:8,Tile:6,Map-Tile:9,Tile:8,Tile:6,Malus,Bonus,Bonus,Tile:14-Tile:hidden1,Tile:nugget,Tile:hidden2
Tile:6_flip 5 4 1
Malus 0 0 0
Map 12 3 1
Tile:6 6 5 0
Drop 4 0 1
Tile:7 7 5 0
Drop 5 0 1
Tile:7_flip 7 6 0
Drop 1 0 1
Tile:0 8 6 0
Drop 4 0 1
Tile:9_flip 9 6 0
Drop 0 0 1
Destroy 9 6 0
Drop 0 0 1
Tile:8 9 6 0
Drop 5 0 1
Malus 0 0 0
Drop 3 0 1
Tile:8 10 6 0
Drop 2 0 1
Tile:8 11 6 0
Map 12 7 1
Destroy 11 6 0
Drop 2 0 1
Tile:10 10 7 0
Drop 0 0 1
Tile:12 11 6 0
Drop 6 0 1
Tile:4_flip 10 8 0
Drop 1 0 1
Tile:14_flip 10 5 0
Drop 4 0 1
Drop 6 0 0
Drop 3 0 1
Tile:0 11 5 0
Drop 2 0 1
Tile:0 4 5 0
Map 12 5 1
Tile:9_flip 9 7 0
Destroy 10 6 1
Tile:2 8 7 0
Drop 0 0 1
Drop 5 0 0
Drop 4 0 1
Drop 4 0 0
Drop 2 0 1
Drop 3 0 0
Drop 0 0 1
Drop 2 0 0
Drop 0 0 1
Drop 1 0 0
Drop 1 0 1
Drop 0 0 0
Drop 0 0 1
GAMEOVER DRAW
# Game ended: Sat Apr 11 02:19:25 EDT 2020
