# Server version 0.08 running on localhost:8123
# Game ID: 449
# Board class: Saboteur.SaboteurBoard
# Timeout: 2000000000
# First Move Timeout: 30000
# Date: Sun Apr 05 15:02:09 EDT 2020
# Player 1: Player-0, '260729805', running on localhost
# Player 2: Player-1, 'RandomPlayer', running on localhost
START Player-0 260729805
START Player-1 RandomPlayer
BoardInit:Tile:7,Tile:6,Tile:1,Bonus,Tile:3,Tile:0,Tile:12,Malus,Map,Tile:4,Tile:8,Tile:9,Tile:6,Tile:5,Map,Tile:8,Tile:6,Tile:6,Tile:8,Map,Tile:8,Map,Tile:7,Destroy,Tile:5,Tile:10,Bonus,Tile:7,Destroy,Tile:0,Bonus,Bonus,Tile:8,Tile:5,Tile:9,Tile:9,Map,Tile:0,Tile:0,Tile:2,Tile:14-Tile:15,Tile:10,Destroy,Tile:13,Malus,Tile:6,Tile:7-Map,Tile:10,Tile:9,Tile:7,Tile:11,Tile:5,Tile:9-Tile:hidden1,Tile:nugget,Tile:hidden2
Tile:10 5 4 1
Map 12 3 0
Tile:15 5 6 1
Tile:5_flip 6 5 0
Tile:7_flip 4 5 1
Tile:6_flip 5 3 0
Drop 2 0 1
Tile:0 6 3 0
Destroy 5 3 1
Tile:7_flip 5 7 0
Tile:13 5 3 1
Tile:4 6 4 0
Tile:7 7 3 1
Tile:11 7 4 0
Tile:6 4 3 1
Tile:5_flip 8 4 0
Tile:3_flip 3 3 1
Drop 6 0 0
Map 12 5 1
Tile:6 6 7 0
Map 12 5 1
Tile:9_flip 7 7 0
Tile:8 4 2 1
Tile:10 7 6 0
Tile:7 4 4 1
Tile:9 7 8 0
Tile:1 3 4 1
Tile:9_flip 8 8 0
Tile:6 7 9 1
Tile:10 8 7 0
Tile:8 4 1 1
Tile:7_flip 6 9 0
Tile:8 3 1 1
Drop 5 0 0
Tile:5 2 4 1
Tile:5_flip 8 9 0
Destroy 8 8 1
Tile:9 8 6 0
Tile:12 9 6 1
Malus 0 0 0
Map 12 5 1
Tile:0 5 1 0
Bonus 0 0 1
Destroy 9 6 0
Tile:6_flip 9 6 1
Tile:2 10 6 0
Tile:8 3 2 1
Drop 3 0 0
Tile:9 2 1 1
Drop 2 0 0
Tile:14_flip 3 0 1
Drop 1 0 0
Drop 0 0 1
Drop 0 0 0
Drop 0 0 1
GAMEOVER DRAW
# Game ended: Sun Apr 05 15:02:09 EDT 2020
