# Server version 0.08 running on localhost:8123
# Game ID: 929
# Board class: Saboteur.SaboteurBoard
# Timeout: 2000000000
# First Move Timeout: 30000
# Date: Sat Apr 11 02:03:55 EDT 2020
# Player 1: Player-0, '260729805', running on localhost
# Player 2: Player-1, 'RandomPlayer', running on localhost
START Player-0 260729805
START Player-1 RandomPlayer
BoardInit:Tile:13,Map,Bonus,Tile:0,Tile:6,Tile:9,Tile:10,Tile:5,Tile:6,Tile:7,Tile:10,Tile:6,Bonus,Bonus,Tile:5,Tile:11,Tile:0,Tile:0,Tile:5,Malus,Destroy,Tile:8,Malus,Destroy,Bonus,Tile:8,Tile:3,Tile:8,Tile:8,Tile:9,Map,Tile:7,Tile:2,Tile:12,Tile:10,Tile:1,Tile:7,Tile:9,Destroy,Tile:15,Tile:0-Tile:7,Tile:9,Map,Map,Map,Tile:8,Tile:6-Tile:5,Tile:6,Map,Tile:4,Tile:7,Tile:9,Tile:14-Tile:hidden1,Tile:hidden2,Tile:nugget
Map 12 3 1
Map 12 3 0
Map 12 3 1
Map 12 5 0
Tile:6 4 5 1
Tile:5_flip 6 5 0
Tile:8 6 4 1
Tile:6 7 4 0
Tile:6 8 4 1
Tile:7 9 4 0
Tile:7 4 4 1
Tile:5_flip 9 5 0
Tile:10 5 6 1
Tile:0 8 5 0
Map 12 3 1
Tile:7 8 3 0
Tile:5 7 3 1
Tile:6 5 7 0
Tile:9 3 5 1
Tile:0 6 7 0
Tile:13 3 4 1
Malus 0 0 0
Destroy 5 7 1
Tile:9 5 7 0
Drop 4 0 1
Destroy 9 4 0
Malus 0 0 1
Bonus 0 0 0
Drop 4 0 1
Tile:9_flip 9 4 0
Bonus 0 0 1
Tile:8 7 7 0
Map 12 7 1
Tile:8 8 7 0
Tile:3_flip 3 6 1
Tile:8 9 7 0
Drop 3 0 1
Tile:4 9 6 0
Tile:10 9 3 1
Tile:9 9 8 0
Destroy 6 7 1
Tile:12_flip 7 5 0
Tile:10 6 3 1
Tile:14 10 7 0
Drop 1 0 1
Tile:9 9 2 0
Tile:6_flip 3 3 1
Tile:11 10 6 0
Tile:8 10 2 1
Tile:7 11 6 0
Drop 1 0 1
Tile:15 11 7 0
Tile:0 10 8 1
Tile:1 6 7 0
Tile:2 2 4 1
GAMEOVER DRAW
# Game ended: Sat Apr 11 02:03:56 EDT 2020
