# Server version 0.08 running on localhost:8123
# Game ID: 711
# Board class: Saboteur.SaboteurBoard
# Timeout: 2000000000
# First Move Timeout: 30000
# Date: Thu Apr 09 01:25:13 EDT 2020
# Player 1: Player-0, '260729805', running on localhost
# Player 2: Player-1, 'Human', running on localhost
START Player-0 260729805
START Player-1 Human
BoardInit:Tile:7,Tile:5,Tile:6,Tile:6,Tile:8,Tile:2,Bonus,Tile:7,Tile:9,Map,Tile:8,Tile:8,Tile:13,Destroy,Tile:5,Tile:7,Tile:6,Tile:0,Tile:5,Destroy,Tile:10,Bonus,Tile:3,Tile:5,Tile:9,Tile:9,Tile:7,Map,Tile:0,Tile:6,Tile:8,Tile:11,Tile:10,Destroy,Map,Map,Tile:7,Bonus,Tile:9,Malus,Tile:10-Tile:0,Tile:14,Tile:6,Bonus,Tile:4,Tile:15,Map-Tile:12,Tile:1,Tile:8,Map,Tile:9,Malus,Tile:0-Tile:hidden1,Tile:nugget,Tile:hidden2
Tile:6 6 5 1
Map 12 3 0
Map 12 5 1
Tile:0 7 5 0
Tile:7 8 5 1
Tile:5_flip 8 6 0
Drop 4 0 1
Tile:6_flip 7 6 0
Tile:8 7 7 1
Tile:7 8 7 0
Tile:9 8 8 1
Map 12 5 0
Tile:6 9 8 1
Tile:9 9 7 0
Tile:8 10 7 1
Tile:12_flip 6 6 0
Drop 3 0 1
Destroy 6 6 0
Tile:6 11 7 1
Tile:8 13 7 0
