# Server version 0.08 running on macbook-pro-5.local:8123
# Game ID: 992
# Board class: Saboteur.SaboteurBoard
# Timeout: 2000000000
# First Move Timeout: 30000
# Date: Sat Apr 11 13:04:59 EDT 2020
# Player 1: Player-0, '260729805', running on macbook-pro-5.local
# Player 2: Player-1, 'RandomPlayer', running on macbook-pro-5.local
START Player-0 260729805
START Player-1 RandomPlayer
BoardInit:Bonus,Map,Tile:11,Tile:7,Tile:6,Bonus,Tile:7,Tile:8,Tile:12,Destroy,Tile:5,Destroy,Tile:14,Tile:1,Tile:0,Tile:6,Tile:9,Tile:8,Tile:13,Tile:0,Tile:15,Map,Malus,Tile:9,Tile:6,Tile:9,Tile:5,Tile:10,Bonus,Tile:8,Tile:10,Tile:5,Tile:2,Tile:3,Tile:5,Tile:6,Tile:6,Tile:8,Map,Bonus,Tile:8-Map,Tile:10,Tile:7,Tile:4,Tile:9,Tile:9,Tile:7-Map,Malus,Tile:7,Map,Destroy,Tile:0,Tile:0-Tile:hidden1,Tile:nugget,Tile:hidden2
Tile:9_flip 6 5 1
Map 12 3 0
Tile:7_flip 4 5 1
Map 12 5 0
Tile:9_flip 5 6 1
Tile:7 6 4 0
Tile:6_flip 4 6 1
Tile:7_flip 6 6 0
Tile:7_flip 4 7 1
Tile:0 7 6 0
Tile:11_flip 4 4 1
Destroy 4 4 0
Tile:7 4 4 1
Tile:0 8 6 0
Tile:5_flip 9 6 1
Tile:8 9 5 0
Map 12 3 1
Malus 0 0 0
Drop 3 0 1
Tile:6 10 5 0
Drop 2 0 1
Tile:8 11 5 0
GAMEOVER WINNER 0
# Game ended: Sat Apr 11 13:05:02 EDT 2020
