# Server version 0.08 running on localhost:8123
# Game ID: 62
# Board class: Saboteur.SaboteurBoard
# Timeout: 20000
# First Move Timeout: 30000
# Date: Mon Mar 30 00:09:36 EDT 2020
# Player 1: Player-0, '260729805', running on localhost
# Player 2: Player-1, 'RandomPlayer', running on localhost
START Player-0 260729805
START Player-1 RandomPlayer
BoardInit:Tile:8,Malus,Bonus,Map,Tile:14,Tile:0,Tile:9,Tile:8,Bonus,Tile:7,Tile:11,Map,Tile:7,Tile:0,Tile:2,Tile:6,Destroy,Tile:8,Tile:10,Tile:12,Tile:5,Malus,Tile:6,Tile:8,Tile:7,Tile:5,Map,Destroy,Tile:1,Tile:15,Tile:9,Tile:5,Tile:4,Tile:0,Tile:5,Map,Tile:10,Bonus,Tile:9,Tile:10,Bonus-Tile:7,Tile:3,Map,Destroy,Tile:13,Tile:7,Tile:6-Tile:9,Map,Tile:8,Tile:6,Tile:9,Tile:6,Tile:0-Tile:hidden2,Tile:nugget,Tile:hidden1
Tile:6 5 6 1
Tile:9 4 5 0
Drop 1 0 1
Map 12 5 0
Tile:13 4 4 1
Tile:8 4 6 0
Tile:7 5 4 1
Map 12 3 0
Tile:9 4 7 1
Tile:6 3 6 0
Destroy 5 6 1
Tile:0 6 5 0
Tile:11 3 4 1
Tile:6 5 7 0
Tile:14_flip 2 6 1
Drop 5 0 0
Drop 0 0 1
Tile:8 6 7 0
Tile:7 4 3 1
Tile:6_flip 7 7 0
Destroy 6 7 1
Tile:0 7 5 0
Tile:10 3 5 1
Tile:9_flip 4 8 0
Tile:6_flip 3 3 1
Tile:8 4 9 0
Tile:7_flip 4 10 1
Tile:0 2 3 0
Tile:2 3 8 1
Tile:5_flip 7 8 0
Tile:7_flip 2 7 1
Malus 0 0 0
Drop 3 0 1
Tile:7 5 9 0
Bonus 0 0 1
Drop 3 0 0
Map 12 7 1
Tile:8 5 10 0
Tile:8 8 5 1
Map 12 5 0
Tile:9 3 9 1
Tile:5 2 8 0
Tile:1 8 7 1
Tile:12_flip 1 3 0
Tile:5_flip 9 5 1
Tile:10 8 4 0
Tile:4_flip 3 10 1
Tile:15 5 11 0
Tile:9 8 3 1
Drop 1 0 0
Tile:10 2 9 1
Malus 0 0 0
Drop 0 0 1
Drop 0 0 0
Bonus 0 0 1
GAMEOVER DRAW
# Game ended: Mon Mar 30 00:09:36 EDT 2020
