# Server version 0.08 running on localhost:8123
# Game ID: 822
# Board class: Saboteur.SaboteurBoard
# Timeout: 2000000000
# First Move Timeout: 30000
# Date: Thu Apr 09 02:34:55 EDT 2020
# Player 1: Player-0, '260729805', running on localhost
# Player 2: Player-1, 'RandomPlayer', running on localhost
START Player-0 260729805
START Player-1 RandomPlayer
BoardInit:Bonus,Tile:11,Destroy,Tile:6,Tile:8,Tile:5,Tile:15,Tile:7,Tile:3,Tile:7,Tile:8,Map,Tile:9,Tile:0,Tile:0,Tile:6,Tile:6,Malus,Map,Tile:2,Bonus,Tile:4,Tile:10,Tile:7,Bonus,Tile:12,Tile:8,Malus,Tile:0,Tile:5,Tile:8,Tile:9,Tile:10,Tile:10,Bonus,Tile:0,Tile:14,Tile:7,Map,Tile:5,Destroy-Tile:1,Tile:9,Tile:9,Tile:13,Tile:5,Map,Tile:7-Tile:9,Destroy,Map,Map,Tile:6,Tile:6,Tile:8-Tile:hidden2,Tile:hidden1,Tile:nugget
Tile:13 6 5 1
Tile:8 5 6 0
Tile:9 4 5 1
Tile:11_flip 4 4 0
Tile:9 5 7 1
Tile:9_flip 6 7 0
Tile:7_flip 3 4 1
Destroy 6 7 0
Tile:15 5 8 1
Map 12 3 0
Tile:8 6 4 1
Map 12 5 0
Map 12 7 1
Tile:6 6 7 0
Drop 5 0 1
Tile:6 7 7 0
Tile:3_flip 4 6 1
Tile:6 8 7 0
Drop 3 0 1
Tile:5_flip 9 7 0
Tile:5 3 3 1
Tile:7 9 6 0
Tile:9 8 6 1
Tile:7 8 5 0
Map 12 5 1
Tile:7 7 6 0
Tile:0 7 5 1
Tile:0 7 4 0
Tile:8 6 6 1
Tile:6 8 4 0
Drop 0 0 1
Tile:5 5 4 0
Tile:10 6 3 1
Tile:9_flip 9 4 0
Tile:6_flip 4 3 1
Tile:10 9 3 0
Tile:10 8 3 1
Tile:4_flip 9 5 0
Tile:14_flip 8 2 1
Tile:7 9 2 0
Map 12 5 1
Tile:5 6 2 0
Destroy 7 4 1
Tile:0 7 4 0
Drop 4 0 1
Tile:12 7 2 0
Drop 2 0 1
Tile:2_flip 5 9 0
Drop 0 0 1
Drop 2 0 0
Drop 0 0 1
Drop 1 0 0
Drop 0 0 1
Drop 0 0 0
Drop 0 0 1
GAMEOVER DRAW
# Game ended: Thu Apr 09 02:35:06 EDT 2020
