# Server version 0.08 running on localhost:8123
# Game ID: 291
# Board class: Saboteur.SaboteurBoard
# Timeout: 2000000000
# First Move Timeout: 30000
# Date: Fri Apr 03 03:08:19 EDT 2020
# Player 1: Player-0, '260729805', running on localhost
# Player 2: Player-1, 'Human', running on localhost
START Player-0 260729805
START Player-1 Human
BoardInit:Map,Tile:7,Tile:5,Tile:13,Tile:6,Tile:6,Destroy,Malus,Tile:9,Tile:9,Tile:0,Destroy,Tile:8,Tile:6,Map,Tile:9,Tile:10,Map,Tile:10,Tile:0,Tile:0,Tile:7,Map,Tile:8,Tile:8,Tile:2,Tile:1,Tile:8,Bonus,Tile:15,Tile:6,Tile:5,Map,Tile:0,Tile:14,Tile:11,Tile:10,Bonus,Tile:7,Tile:5,Tile:12-Bonus,Tile:9,Map,Bonus,Tile:9,Tile:4,Destroy-Malus,Tile:8,Tile:6,Tile:3,Tile:7,Tile:5,Tile:7-Tile:hidden1,Tile:nugget,Tile:hidden2
Map 12 5 1
Tile:8 6 5 0
Map 12 3 1
Tile:6 7 5 0
Drop 4 0 1
Tile:7 8 5 0
Tile:6 8 6 1
Tile:5_flip 9 6 0
Tile:9 9 5 1
Tile:7 9 4 0
Destroy 9 4 1
Tile:7 9 4 0
Destroy 9 4 1
Tile:6_flip 9 4 0
Tile:0 10 4 1
Tile:6 8 4 0
Tile:8 11 4 1
Tile:9_flip 12 4 0
GAMEOVER WINNER 0
# Game ended: Fri Apr 03 03:08:51 EDT 2020
