# Server version 0.08 running on localhost:8123
# Game ID: 216
# Board class: Saboteur.SaboteurBoard
# Timeout: 2000000000
# First Move Timeout: 30000
# Date: Wed Apr 01 15:11:22 EDT 2020
# Player 1: Player-0, '260729805', running on localhost
# Player 2: Player-1, 'Human', running on localhost
START Player-0 260729805
START Player-1 Human
BoardInit:Bonus,Tile:7,Destroy,Destroy,Bonus,Tile:6,Map,Tile:13,Tile:7,Tile:8,Tile:8,Tile:3,Tile:10,Tile:14,Tile:2,Tile:0,Malus,Tile:6,Tile:12,Tile:8,Map,Tile:9,Map,Tile:7,Tile:10,Tile:5,Map,Malus,Tile:4,Tile:9,Map,Tile:11,Bonus,Tile:5,Tile:9,Tile:7,Tile:8,Bonus,Tile:6,Tile:9,Tile:1-Tile:15,Tile:7,Destroy,Tile:6,Tile:0,Tile:9,Tile:8-Tile:5,Tile:5,Tile:6,Tile:0,Tile:10,Tile:0,Map-Tile:nugget,Tile:hidden1,Tile:hidden2
Tile:8 6 5 1
Tile:5_flip 7 5 0
Tile:9 7 4 1
Tile:5_flip 8 4 0
Tile:7 7 3 1
Tile:10 8 3 0
Tile:6 6 6 1
Tile:6_flip 8 2 0
Tile:0 7 6 1
Tile:0 9 2 0
Tile:7_flip 7 2 1
Tile:0 10 2 0
Tile:8 8 6 1
Tile:7 11 2 0
GAMEOVER USER CANCEL UNDECIDED
# Game ended: Wed Apr 01 16:14:43 EDT 2020
