# Server version 0.08 running on localhost:8123
# Game ID: 646
# Board class: Saboteur.SaboteurBoard
# Timeout: 2000000000
# First Move Timeout: 30000
# Date: Thu Apr 09 00:39:46 EDT 2020
# Player 1: Player-0, '260729805', running on localhost
# Player 2: Player-1, 'RandomPlayer', running on localhost
START Player-0 260729805
START Player-1 RandomPlayer
BoardInit:Tile:0,Tile:10,Tile:8,Tile:0,Tile:12,Tile:9,Tile:7,Tile:1,Malus,Map,Tile:11,Tile:8,Tile:6,Tile:5,Tile:6,Tile:7,Tile:0,Tile:4,Tile:5,Tile:5,Tile:10,Tile:0,Tile:15,Tile:6,Bonus,Tile:8,Tile:13,Destroy,Tile:8,Tile:5,Map,Tile:9,Tile:9,Bonus,Tile:7,Tile:2,Map,Map,Destroy,Map,Tile:8-Bonus,Destroy,Map,Tile:3,Bonus,Tile:14,Tile:6-Tile:7,Tile:9,Tile:10,Tile:6,Tile:9,Tile:7,Malus-Tile:nugget,Tile:hidden1,Tile:hidden2
Tile:3 6 5 1
Tile:7 5 4 0
Drop 1 0 1
Tile:6 5 6 0
Drop 4 0 1
Tile:7_flip 4 5 0
Tile:8 6 6 1
Tile:0 7 6 0
Tile:0 8 6 1
Tile:9_flip 9 6 0
Malus 0 0 1
Map 12 3 0
Tile:11 6 7 1
Drop 5 0 0
Tile:14_flip 4 4 1
Drop 6 0 0
Drop 0 0 1
Drop 6 0 0
Tile:6_flip 7 7 1
Drop 6 0 0
Map 12 3 1
Drop 6 0 0
Tile:7_flip 6 8 1
Drop 6 0 0
Tile:5_flip 7 8 1
Drop 6 0 0
Tile:15 9 5 1
Drop 6 0 0
Tile:0 8 7 1
Destroy 6 5 0
Tile:8 6 5 1
Drop 6 0 0
Map 12 3 1
Drop 6 0 0
Tile:6 9 7 1
Bonus 0 0 0
Tile:10 6 4 1
Tile:2 4 6 0
Tile:13 4 7 1
Drop 6 0 0
Destroy 6 8 1
Drop 6 0 0
Tile:12 5 7 1
Drop 5 0 0
Tile:8 3 6 1
Drop 4 0 0
Map 12 3 1
Drop 3 0 0
Tile:9 3 7 1
Drop 2 0 0
Tile:7 3 5 1
Drop 1 0 0
Drop 1 0 1
Tile:10 6 3 0
Drop 0 0 1
GAMEOVER DRAW
# Game ended: Thu Apr 09 00:39:47 EDT 2020
