# Server version 0.08 running on macbook-pro-5.local:8123
# Game ID: 779
# Board class: Saboteur.SaboteurBoard
# Timeout: 2000000000
# First Move Timeout: 30000
# Date: Thu Apr 09 02:08:15 EDT 2020
# Player 1: Player-0, '260729805', running on macbook-pro-5.local
# Player 2: Player-1, 'RandomPlayer', running on macbook-pro-5.local
START Player-0 260729805
START Player-1 RandomPlayer
BoardInit:Tile:0,Destroy,Tile:9,Tile:6,Tile:7,Tile:9,Map,Tile:0,Destroy,Malus,Tile:6,Tile:7,Tile:9,Bonus,Tile:10,Tile:5,Tile:2,Tile:8,Tile:3,Tile:10,Map,Tile:5,Tile:6,Tile:13,Tile:11,Tile:10,Tile:14,Tile:12,Tile:15,Tile:4,Destroy,Map,Tile:6,Tile:8,Map,Tile:0,Map,Tile:7,Tile:8,Tile:7,Tile:5-Bonus,Map,Tile:0,Tile:1,Tile:9,Tile:7,Tile:8-Tile:5,Bonus,Bonus,Malus,Tile:9,Tile:6,Tile:8-Tile:hidden2,Tile:hidden1,Tile:nugget
Drop 3 0 1
Tile:5_flip 6 5 0
Tile:8 6 4 1
Tile:6 7 4 0
Tile:0 4 5 1
Tile:6 8 4 0
Tile:9_flip 8 3 1
Tile:9_flip 9 4 0
Tile:9_flip 5 6 1
Tile:8 9 5 0
Destroy 4 5 1
Tile:0 10 5 0
Tile:7 6 3 1
Tile:7 11 5 0
Tile:9 5 7 1
Tile:9 9 6 0
Tile:6_flip 8 2 1
Tile:5_flip 11 6 0
Map 12 5 1
Tile:8 9 7 0
Tile:0 8 5 1
Tile:10 9 3 0
Tile:2 9 2 1
Tile:5_flip 10 7 0
Tile:6_flip 10 2 1
Destroy 9 2 0
Tile:7_flip 10 3 1
Tile:10 9 8 0
Tile:14 11 2 1
Tile:12_flip 8 7 0
Tile:11 9 9 1
Tile:4_flip 5 8 0
Destroy 11 2 1
Map 12 3 0
Drop 5 0 1
Tile:8 9 2 0
Tile:6 10 9 1
Tile:0 11 3 0
Tile:10 12 2 1
Tile:7_flip 12 4 0
Tile:3 13 3 1
Tile:7 12 1 0
Tile:8 6 7 1
Tile:13 13 4 0
Map 12 5 1
Drop 4 0 0
Tile:5 10 8 1
Drop 3 0 0
Drop 2 0 1
Drop 2 0 0
Drop 1 0 1
Drop 1 0 0
Drop 0 0 1
Drop 0 0 0
Drop 0 0 1
GAMEOVER DRAW
# Game ended: Thu Apr 09 02:08:16 EDT 2020
